# JRE version: OpenJDK Runtime Environment (8.0_252-b09) (build 1.8.0_252-b09)
# Java VM: OpenJDK 64-Bit Server VM (25.252-b09 mixed mode linux-amd64 compressed oops)
Heap:
 PSYoungGen      total 2636800K, used 96K [0x000000066ab00000, 0x000000070be00000, 0x00000007c0000000)
  eden space 2632704K, 0% used [0x000000066ab00000,0x000000066ab00000,0x000000070b600000)
  from space 4096K, 2% used [0x000000070b600000,0x000000070b618000,0x000000070ba00000)
  to   space 3072K, 0% used [0x000000070bb00000,0x000000070bb00000,0x000000070be00000)
 ParOldGen       total 283136K, used 156012K [0x00000003c0000000, 0x00000003d1480000, 0x000000066ab00000)
  object space 283136K, 55% used [0x00000003c0000000,0x00000003c985b208,0x00000003d1480000)
 Metaspace       used 100421K, capacity 101789K, committed 101848K, reserved 1138688K
  class space    used 13253K, capacity 13527K, committed 13568K, reserved 1048576K
GC Heap History (250 events):
Event: 541.464 GC heap after
Heap after GC invocations=563 (full 7):
 PSYoungGen      total 1406464K, used 384K [0x000000066ab00000, 0x00000006c0a80000, 0x00000007c0000000)
  eden space 1405440K, 0% used [0x000000066ab00000,0x000000066ab00000,0x00000006c0780000)
  from space 1024K, 37% used [0x00000006c0980000,0x00000006c09e0000,0x00000006c0a80000)
  to   space 1536K, 0% used [0x00000006c0780000,0x00000006c0780000,0x00000006c0900000)
 ParOldGen       total 283136K, used 131515K [0x00000003c0000000, 0x00000003d1480000, 0x000000066ab00000)
  object space 283136K, 46% used [0x00000003c0000000,0x00000003c806ef98,0x00000003d1480000)
 Metaspace       used 100179K, capacity 101429K, committed 101592K, reserved 1136640K
  class space    used 13238K, capacity 13499K, committed 13568K, reserved 1048576K
}
Event: 542.648 GC heap before
{Heap before GC invocations=564 (full 7):
 PSYoungGen      total 1406464K, used 1405824K [0x000000066ab00000, 0x00000006c0a80000, 0x00000007c0000000)
  eden space 1405440K, 100% used [0x000000066ab00000,0x00000006c0780000,0x00000006c0780000)
  from space 1024K, 37% used [0x00000006c0980000,0x00000006c09e0000,0x00000006c0a80000)
  to   space 1536K, 0% used [0x00000006c0780000,0x00000006c0780000,0x00000006c0900000)
 ParOldGen       total 283136K, used 131515K [0x00000003c0000000, 0x00000003d1480000, 0x000000066ab00000)
  object space 283136K, 46% used [0x00000003c0000000,0x00000003c806ef98,0x00000003d1480000)
 Metaspace       used 100179K, capacity 101429K, committed 101592K, reserved 1136640K
  class space    used 13238K, capacity 13499K, committed 13568K, reserved 1048576K
Event: 542.651 GC heap after
Heap after GC invocations=564 (full 7):
 PSYoungGen      total 1406976K, used 448K [0x000000066ab00000, 0x00000006c1a00000, 0x00000007c0000000)
  eden space 1405440K, 0% used [0x000000066ab00000,0x000000066ab00000,0x00000006c0780000)
  from space 1536K, 29% used [0x00000006c0780000,0x00000006c07f0000,0x00000006c0900000)
  to   space 1536K, 0% used [0x00000006c1880000,0x00000006c1880000,0x00000006c1a00000)
 ParOldGen       total 283136K, used 131515K [0x00000003c0000000, 0x00000003d1480000, 0x000000066ab00000)
  object space 283136K, 46% used [0x00000003c0000000,0x00000003c806ef98,0x00000003d1480000)
 Metaspace       used 100179K, capacity 101429K, committed 101592K, reserved 1136640K
  class space    used 13238K, capacity 13499K, committed 13568K, reserved 1048576K
}
Event: 543.826 GC heap before
{Heap before GC invocations=565 (full 7):
 PSYoungGen      total 1406976K, used 1405888K [0x000000066ab00000, 0x00000006c1a00000, 0x00000007c0000000)
  eden space 1405440K, 100% used [0x000000066ab00000,0x00000006c0780000,0x00000006c0780000)
  from space 1536K, 29% used [0x00000006c0780000,0x00000006c07f0000,0x00000006c0900000)
  to   space 1536K, 0% used [0x00000006c1880000,0x00000006c1880000,0x00000006c1a00000)
 ParOldGen       total 283136K, used 131515K [0x00000003c0000000, 0x00000003d1480000, 0x000000066ab00000)
  object space 283136K, 46% used [0x00000003c0000000,0x00000003c806ef98,0x00000003d1480000)
 Metaspace       used 100181K, capacity 101429K, committed 101592K, reserved 1136640K
  class space    used 13238K, capacity 13499K, committed 13568K, reserved 1048576K
Event: 543.829 GC heap after
Heap after GC invocations=565 (full 7):
 PSYoungGen      total 1421824K, used 192K [0x000000066ab00000, 0x00000006c1980000, 0x00000007c0000000)
  eden space 1420800K, 0% used [0x000000066ab00000,0x000000066ab00000,0x00000006c1680000)
  from space 1024K, 18% used [0x00000006c1880000,0x00000006c18b0000,0x00000006c1980000)
  to   space 1536K, 0% used [0x00000006c1680000,0x00000006c1680000,0x00000006c1800000)
 ParOldGen       total 283136K, used 131515K [0x00000003c0000000, 0x00000003d1480000, 0x000000066ab00000)
  object space 283136K, 46% used [0x00000003c0000000,0x00000003c806ef98,0x00000003d1480000)
 Metaspace       used 100181K, capacity 101429K, committed 101592K, reserved 1136640K
  class space    used 13238K, capacity 13499K, committed 13568K, reserved 1048576K
}
Event: 545.047 GC heap before
{Heap before GC invocations=566 (full 7):
 PSYoungGen      total 1421824K, used 1420992K [0x000000066ab00000, 0x00000006c1980000, 0x00000007c0000000)
  eden space 1420800K, 100% used [0x000000066ab00000,0x00000006c1680000,0x00000006c1680000)
  from space 1024K, 18% used [0x00000006c1880000,0x00000006c18b0000,0x00000006c1980000)
  to   space 1536K, 0% used [0x00000006c1680000,0x00000006c1680000,0x00000006c1800000)
 ParOldGen       total 283136K, used 131515K [0x00000003c0000000, 0x00000003d1480000, 0x000000066ab00000)
  object space 283136K, 46% used [0x00000003c0000000,0x00000003c806ef98,0x00000003d1480000)
 Metaspace       used 100181K, capacity 101429K, committed 101592K, reserved 1136640K
  class space    used 13238K, capacity 13499K, committed 13568K, reserved 1048576K
Event: 545.050 GC heap after
Heap after GC invocations=566 (full 7):
 PSYoungGen      total 1422336K, used 224K [0x000000066ab00000, 0x00000006c2780000, 0x00000007c0000000)
  eden space 1420800K, 0% used [0x000000066ab00000,0x000000066ab00000,0x00000006c1680000)
  from space 1536K, 14% used [0x00000006c1680000,0x00000006c16b8000,0x00000006c1800000)
  to   space 1024K, 0% used [0x00000006c2680000,0x00000006c2680000,0x00000006c2780000)
 ParOldGen       total 283136K, used 131515K [0x00000003c0000000, 0x00000003d1480000, 0x000000066ab00000)
  object space 283136K, 46% used [0x00000003c0000000,0x00000003c806ef98,0x00000003d1480000)
 Metaspace       used 100181K, capacity 101429K, committed 101592K, reserved 1136640K
  class space    used 13238K, capacity 13499K, committed 13568K, reserved 1048576K
}
Event: 546.228 GC heap before
{Heap before GC invocations=567 (full 7):
 PSYoungGen      total 1422336K, used 1421024K [0x000000066ab00000, 0x00000006c2780000, 0x00000007c0000000)
  eden space 1420800K, 100% used [0x000000066ab00000,0x00000006c1680000,0x00000006c1680000)
  from space 1536K, 14% used [0x00000006c1680000,0x00000006c16b8000,0x00000006c1800000)
  to   space 1024K, 0% used [0x00000006c2680000,0x00000006c2680000,0x00000006c2780000)
 ParOldGen       total 283136K, used 131515K [0x00000003c0000000, 0x00000003d1480000, 0x000000066ab00000)
  object space 283136K, 46% used [0x00000003c0000000,0x00000003c806ef98,0x00000003d1480000)
 Metaspace       used 100181K, capacity 101429K, committed 101592K, reserved 1136640K
  class space    used 13238K, capacity 13499K, committed 13568K, reserved 1048576K
Event: 546.231 GC heap after
Heap after GC invocations=567 (full 7):
 PSYoungGen      total 1436672K, used 608K [0x000000066ab00000, 0x00000006c2880000, 0x00000007c0000000)
  eden space 1435648K, 0% used [0x000000066ab00000,0x000000066ab00000,0x00000006c2500000)
  from space 1024K, 59% used [0x00000006c2680000,0x00000006c2718000,0x00000006c2780000)
  to   space 1536K, 0% used [0x00000006c2500000,0x00000006c2500000,0x00000006c2680000)
 ParOldGen       total 283136K, used 131515K [0x00000003c0000000, 0x00000003d1480000, 0x000000066ab00000)
  object space 283136K, 46% used [0x00000003c0000000,0x00000003c806ef98,0x00000003d1480000)
 Metaspace       used 100181K, capacity 101429K, committed 101592K, reserved 1136640K
  class space    used 13238K, capacity 13499K, committed 13568K, reserved 1048576K
}
Event: 547.753 GC heap before
{Heap before GC invocations=568 (full 7):
 PSYoungGen      total 1436672K, used 1436256K [0x000000066ab00000, 0x00000006c2880000, 0x00000007c0000000)
  eden space 1435648K, 100% used [0x000000066ab00000,0x00000006c2500000,0x00000006c2500000)
  from space 1024K, 59% used [0x00000006c2680000,0x00000006c2718000,0x00000006c2780000)
  to   space 1536K, 0% used [0x00000006c2500000,0x00000006c2500000,0x00000006c2680000)
 ParOldGen       total 283136K, used 131515K [0x00000003c0000000, 0x00000003d1480000, 0x000000066ab00000)
  object space 283136K, 46% used [0x00000003c0000000,0x00000003c806ef98,0x00000003d1480000)
 Metaspace       used 100277K, capacity 101537K, committed 101592K, reserved 1136640K
  class space    used 13247K, capacity 13517K, committed 13568K, reserved 1048576K
Event: 547.757 GC heap after
Heap after GC invocations=568 (full 7):
 PSYoungGen      total 1437184K, used 1507K [0x000000066ab00000, 0x00000006c3980000, 0x00000007c0000000)
  eden space 1435648K, 0% used [0x000000066ab00000,0x000000066ab00000,0x00000006c2500000)
  from space 1536K, 98% used [0x00000006c2500000,0x00000006c2678d18,0x00000006c2680000)
  to   space 2560K, 0% used [0x00000006c3700000,0x00000006c3700000,0x00000006c3980000)
 ParOldGen       total 283136K, used 134366K [0x00000003c0000000, 0x00000003d1480000, 0x000000066ab00000)
  object space 283136K, 47% used [0x00000003c0000000,0x00000003c8337980,0x00000003d1480000)
 Metaspace       used 100277K, capacity 101537K, committed 101592K, reserved 1136640K
  class space    used 13247K, capacity 13517K, committed 13568K, reserved 1048576K
}
Event: 548.970 GC heap before
{Heap before GC invocations=569 (full 7):
 PSYoungGen      total 1437184K, used 1437155K [0x000000066ab00000, 0x00000006c3980000, 0x00000007c0000000)
  eden space 1435648K, 100% used [0x000000066ab00000,0x00000006c2500000,0x00000006c2500000)
  from space 1536K, 98% used [0x00000006c2500000,0x00000006c2678d18,0x00000006c2680000)
  to   space 2560K, 0% used [0x00000006c3700000,0x00000006c3700000,0x00000006c3980000)
 ParOldGen       total 283136K, used 134366K [0x00000003c0000000, 0x00000003d1480000, 0x000000066ab00000)
  object space 283136K, 47% used [0x00000003c0000000,0x00000003c8337980,0x00000003d1480000)
 Metaspace       used 100277K, capacity 101537K, committed 101592K, reserved 1136640K
  class space    used 13247K, capacity 13517K, committed 13568K, reserved 1048576K
Event: 548.974 GC heap after
Heap after GC invocations=569 (full 7):
 PSYoungGen      total 1453568K, used 1792K [0x000000066ab00000, 0x00000006c3b80000, 0x00000007c0000000)
  eden space 1451008K, 0% used [0x000000066ab00000,0x000000066ab00000,0x00000006c3400000)
  from space 2560K, 70% used [0x00000006c3700000,0x00000006c38c00b0,0x00000006c3980000)
  to   space 3072K, 0% used [0x00000006c3400000,0x00000006c3400000,0x00000006c3700000)
 ParOldGen       total 283136K, used 134374K [0x00000003c0000000, 0x00000003d1480000, 0x000000066ab00000)
  object space 283136K, 47% used [0x00000003c0000000,0x00000003c8339980,0x00000003d1480000)
 Metaspace       used 100277K, capacity 101537K, committed 101592K, reserved 1136640K
  class space    used 13247K, capacity 13517K, committed 13568K, reserved 1048576K
}
Event: 550.163 GC heap before
{Heap before GC invocations=570 (full 7):
 PSYoungGen      total 1453568K, used 1452800K [0x000000066ab00000, 0x00000006c3b80000, 0x00000007c0000000)
  eden space 1451008K, 100% used [0x000000066ab00000,0x00000006c3400000,0x00000006c3400000)
  from space 2560K, 70% used [0x00000006c3700000,0x00000006c38c00b0,0x00000006c3980000)
  to   space 3072K, 0% used [0x00000006c3400000,0x00000006c3400000,0x00000006c3700000)
 ParOldGen       total 283136K, used 134374K [0x00000003c0000000, 0x00000003d1480000, 0x000000066ab00000)
  object space 283136K, 47% used [0x00000003c0000000,0x00000003c8339980,0x00000003d1480000)
 Metaspace       used 100277K, capacity 101537K, committed 101592K, reserved 1136640K
  class space    used 13247K, capacity 13517K, committed 13568K, reserved 1048576K
Event: 550.167 GC heap after
Heap after GC invocations=570 (full 7):
 PSYoungGen      total 1454080K, used 1088K [0x000000066ab00000, 0x00000006c4b00000, 0x00000007c0000000)
  eden space 1451008K, 0% used [0x000000066ab00000,0x000000066ab00000,0x00000006c3400000)
  from space 3072K, 35% used [0x00000006c3400000,0x00000006c35100b0,0x00000006c3700000)
  to   space 3072K, 0% used [0x00000006c4800000,0x00000006c4800000,0x00000006c4b00000)
 ParOldGen       total 283136K, used 134374K [0x00000003c0000000, 0x00000003d1480000, 0x000000066ab00000)
  object space 283136K, 47% used [0x00000003c0000000,0x00000003c8339980,0x00000003d1480000)
 Metaspace       used 100277K, capacity 101537K, committed 101592K, reserved 1136640K
  class space    used 13247K, capacity 13517K, committed 13568K, reserved 1048576K
}
Event: 551.407 GC heap before
{Heap before GC invocations=571 (full 7):
 PSYoungGen      total 1454080K, used 1452096K [0x000000066ab00000, 0x00000006c4b00000, 0x00000007c0000000)
  eden space 1451008K, 100% used [0x000000066ab00000,0x00000006c3400000,0x00000006c3400000)
  from space 3072K, 35% used [0x00000006c3400000,0x00000006c35100b0,0x00000006c3700000)
  to   space 3072K, 0% used [0x00000006c4800000,0x00000006c4800000,0x00000006c4b00000)
 ParOldGen       total 283136K, used 134374K [0x00000003c0000000, 0x00000003d1480000, 0x000000066ab00000)
  object space 283136K, 47% used [0x00000003c0000000,0x00000003c8339980,0x00000003d1480000)
 Metaspace       used 100277K, capacity 101537K, committed 101592K, reserved 1136640K
  class space    used 13247K, capacity 13517K, committed 13568K, reserved 1048576K
Event: 551.410 GC heap after
Heap after GC invocations=571 (full 7):
 PSYoungGen      total 1471488K, used 1280K [0x000000066ab00000, 0x00000006c4b80000, 0x00000007c0000000)
  eden space 1468416K, 0% used [0x000000066ab00000,0x000000066ab00000,0x00000006c4500000)
  from space 3072K, 41% used [0x00000006c4800000,0x00000006c49400b0,0x00000006c4b00000)
  to   space 3072K, 0% used [0x00000006c4500000,0x00000006c4500000,0x00000006c4800000)
 ParOldGen       total 283136K, used 134390K [0x00000003c0000000, 0x00000003d1480000, 0x000000066ab00000)
  object space 283136K, 47% used [0x00000003c0000000,0x00000003c833d980,0x00000003d1480000)
 Metaspace       used 100277K, capacity 101537K, committed 101592K, reserved 1136640K
  class space    used 13247K, capacity 13517K, committed 13568K, reserved 1048576K
}
Event: 552.651 GC heap before
{Heap before GC invocations=572 (full 7):
 PSYoungGen      total 1471488K, used 1469696K [0x000000066ab00000, 0x00000006c4b80000, 0x00000007c0000000)
  eden space 1468416K, 100% used [0x000000066ab00000,0x00000006c4500000,0x00000006c4500000)
  from space 3072K, 41% used [0x00000006c4800000,0x00000006c49400b0,0x00000006c4b00000)
  to   space 3072K, 0% used [0x00000006c4500000,0x00000006c4500000,0x00000006c4800000)
 ParOldGen       total 283136K, used 134390K [0x00000003c0000000, 0x00000003d1480000, 0x000000066ab00000)
  object space 283136K, 47% used [0x00000003c0000000,0x00000003c833d980,0x00000003d1480000)
 Metaspace       used 100277K, capacity 101537K, committed 101592K, reserved 1136640K
  class space    used 13247K, capacity 13517K, committed 13568K, reserved 1048576K
Event: 552.654 GC heap after
Heap after GC invocations=572 (full 7):
 PSYoungGen      total 1471488K, used 1664K [0x000000066ab00000, 0x00000006c5c80000, 0x00000007c0000000)
  eden space 1468416K, 0% used [0x000000066ab00000,0x000000066ab00000,0x00000006c4500000)
  from space 3072K, 54% used [0x00000006c4500000,0x00000006c46a00b0,0x00000006c4800000)
  to   space 3072K, 0% used [0x00000006c5980000,0x00000006c5980000,0x00000006c5c80000)
 ParOldGen       total 283136K, used 134390K [0x00000003c0000000, 0x00000003d1480000, 0x000000066ab00000)
  object space 283136K, 47% used [0x00000003c0000000,0x00000003c833d980,0x00000003d1480000)
 Metaspace       used 100277K, capacity 101537K, committed 101592K, reserved 1136640K
  class space    used 13247K, capacity 13517K, committed 13568K, reserved 1048576K
}
Event: 553.887 GC heap before
{Heap before GC invocations=573 (full 7):
 PSYoungGen      total 1471488K, used 1470080K [0x000000066ab00000, 0x00000006c5c80000, 0x00000007c0000000)
  eden space 1468416K, 100% used [0x000000066ab00000,0x00000006c4500000,0x00000006c4500000)
  from space 3072K, 54% used [0x00000006c4500000,0x00000006c46a00b0,0x00000006c4800000)
  to   space 3072K, 0% used [0x00000006c5980000,0x00000006c5980000,0x00000006c5c80000)
 ParOldGen       total 283136K, used 134390K [0x00000003c0000000, 0x00000003d1480000, 0x000000066ab00000)
  object space 283136K, 47% used [0x00000003c0000000,0x00000003c833d980,0x00000003d1480000)
 Metaspace       used 100279K, capacity 101537K, committed 101592K, reserved 1136640K
  class space    used 13247K, capacity 13517K, committed 13568K, reserved 1048576K
Event: 553.890 GC heap after
Heap after GC invocations=573 (full 7):
 PSYoungGen      total 1489408K, used 1104K [0x000000066ab00000, 0x00000006c5c00000, 0x00000007c0000000)
  eden space 1486848K, 0% used [0x000000066ab00000,0x000000066ab00000,0x00000006c5700000)
  from space 2560K, 43% used [0x00000006c5980000,0x00000006c5a941f0,0x00000006c5c00000)
  to   space 2560K, 0% used [0x00000006c5700000,0x00000006c5700000,0x00000006c5980000)
 ParOldGen       total 283136K, used 134390K [0x00000003c0000000, 0x00000003d1480000, 0x000000066ab00000)
  object space 283136K, 47% used [0x00000003c0000000,0x00000003c833d980,0x00000003d1480000)
 Metaspace       used 100279K, capacity 101537K, committed 101592K, reserved 1136640K
  class space    used 13247K, capacity 13517K, committed 13568K, reserved 1048576K
}
Event: 555.150 GC heap before
{Heap before GC invocations=574 (full 7):
 PSYoungGen      total 1489408K, used 1487952K [0x000000066ab00000, 0x00000006c5c00000, 0x00000007c0000000)
  eden space 1486848K, 100% used [0x000000066ab00000,0x00000006c5700000,0x00000006c5700000)
  from space 2560K, 43% used [0x00000006c5980000,0x00000006c5a941f0,0x00000006c5c00000)
  to   space 2560K, 0% used [0x00000006c5700000,0x00000006c5700000,0x00000006c5980000)
 ParOldGen       total 283136K, used 134390K [0x00000003c0000000, 0x00000003d1480000, 0x000000066ab00000)
  object space 283136K, 47% used [0x00000003c0000000,0x00000003c833d980,0x00000003d1480000)
 Metaspace       used 100279K, capacity 101537K, committed 101592K, reserved 1136640K
  class space    used 13247K, capacity 13517K, committed 13568K, reserved 1048576K
Event: 555.154 GC heap after
Heap after GC invocations=574 (full 7):
 PSYoungGen      total 1489408K, used 1968K [0x000000066ab00000, 0x00000006c6f80000, 0x00000007c0000000)
  eden space 1486848K, 0% used [0x000000066ab00000,0x000000066ab00000,0x00000006c5700000)
  from space 2560K, 76% used [0x00000006c5700000,0x00000006c58ec1f0,0x00000006c5980000)
  to   space 3072K, 0% used [0x00000006c6c80000,0x00000006c6c80000,0x00000006c6f80000)
 ParOldGen       total 283136K, used 134390K [0x00000003c0000000, 0x00000003d1480000, 0x000000066ab00000)
  object space 283136K, 47% used [0x00000003c0000000,0x00000003c833d980,0x00000003d1480000)
 Metaspace       used 100279K, capacity 101537K, committed 101592K, reserved 1136640K
  class space    used 13247K, capacity 13517K, committed 13568K, reserved 1048576K
}
Event: 556.399 GC heap before
{Heap before GC invocations=575 (full 7):
 PSYoungGen      total 1489408K, used 1488816K [0x000000066ab00000, 0x00000006c6f80000, 0x00000007c0000000)
  eden space 1486848K, 100% used [0x000000066ab00000,0x00000006c5700000,0x00000006c5700000)
  from space 2560K, 76% used [0x00000006c5700000,0x00000006c58ec1f0,0x00000006c5980000)
  to   space 3072K, 0% used [0x00000006c6c80000,0x00000006c6c80000,0x00000006c6f80000)
 ParOldGen       total 283136K, used 134390K [0x00000003c0000000, 0x00000003d1480000, 0x000000066ab00000)
  object space 283136K, 47% used [0x00000003c0000000,0x00000003c833d980,0x00000003d1480000)
 Metaspace       used 100279K, capacity 101537K, committed 101592K, reserved 1136640K
  class space    used 13247K, capacity 13517K, committed 13568K, reserved 1048576K
Event: 556.403 GC heap after
Heap after GC invocations=575 (full 7):
 PSYoungGen      total 1507840K, used 1104K [0x000000066ab00000, 0x00000006c6f00000, 0x00000007c0000000)
  eden space 1505280K, 0% used [0x000000066ab00000,0x000000066ab00000,0x00000006c6900000)
  from space 2560K, 43% used [0x00000006c6c80000,0x00000006c6d941f0,0x00000006c6f00000)
  to   space 3072K, 0% used [0x00000006c6900000,0x00000006c6900000,0x00000006c6c00000)
 ParOldGen       total 283136K, used 134390K [0x00000003c0000000, 0x00000003d1480000, 0x000000066ab00000)
  object space 283136K, 47% used [0x00000003c0000000,0x00000003c833d980,0x00000003d1480000)
 Metaspace       used 100279K, capacity 101537K, committed 101592K, reserved 1136640K
  class space    used 13247K, capacity 13517K, committed 13568K, reserved 1048576K
}
Event: 557.666 GC heap before
{Heap before GC invocations=576 (full 7):
 PSYoungGen      total 1507840K, used 1506384K [0x000000066ab00000, 0x00000006c6f00000, 0x00000007c0000000)
  eden space 1505280K, 100% used [0x000000066ab00000,0x00000006c6900000,0x00000006c6900000)
  from space 2560K, 43% used [0x00000006c6c80000,0x00000006c6d941f0,0x00000006c6f00000)
  to   space 3072K, 0% used [0x00000006c6900000,0x00000006c6900000,0x00000006c6c00000)
 ParOldGen       total 283136K, used 134390K [0x00000003c0000000, 0x00000003d1480000, 0x000000066ab00000)
  object space 283136K, 47% used [0x00000003c0000000,0x00000003c833d980,0x00000003d1480000)
 Metaspace       used 100279K, capacity 101537K, committed 101592K, reserved 1136640K
  class space    used 13247K, capacity 13517K, committed 13568K, reserved 1048576K
Event: 557.669 GC heap after
Heap after GC invocations=576 (full 7):
 PSYoungGen      total 1508352K, used 1104K [0x000000066ab00000, 0x00000006c8080000, 0x00000007c0000000)
  eden space 1505280K, 0% used [0x000000066ab00000,0x000000066ab00000,0x00000006c6900000)
  from space 3072K, 35% used [0x00000006c6900000,0x00000006c6a141f0,0x00000006c6c00000)
  to   space 2560K, 0% used [0x00000006c7e00000,0x00000006c7e00000,0x00000006c8080000)
 ParOldGen       total 283136K, used 134390K [0x00000003c0000000, 0x00000003d1480000, 0x000000066ab00000)
  object space 283136K, 47% used [0x00000003c0000000,0x00000003c833d980,0x00000003d1480000)
 Metaspace       used 100279K, capacity 101537K, committed 101592K, reserved 1136640K
  class space    used 13247K, capacity 13517K, committed 13568K, reserved 1048576K
}
Event: 558.928 GC heap before
{Heap before GC invocations=577 (full 7):
 PSYoungGen      total 1508352K, used 1506384K [0x000000066ab00000, 0x00000006c8080000, 0x00000007c0000000)
  eden space 1505280K, 100% used [0x000000066ab00000,0x00000006c6900000,0x00000006c6900000)
  from space 3072K, 35% used [0x00000006c6900000,0x00000006c6a141f0,0x00000006c6c00000)
  to   space 2560K, 0% used [0x00000006c7e00000,0x00000006c7e00000,0x00000006c8080000)
 ParOldGen       total 283136K, used 134390K [0x00000003c0000000, 0x00000003d1480000, 0x000000066ab00000)
  object space 283136K, 47% used [0x00000003c0000000,0x00000003c833d980,0x00000003d1480000)
 Metaspace       used 100279K, capacity 101537K, committed 101592K, reserved 1136640K
  class space    used 13247K, capacity 13517K, committed 13568K, reserved 1048576K
Event: 558.932 GC heap after
Heap after GC invocations=577 (full 7):
 PSYoungGen      total 1526784K, used 1104K [0x000000066ab00000, 0x00000006c8080000, 0x00000007c0000000)
  eden space 1524224K, 0% used [0x000000066ab00000,0x000000066ab00000,0x00000006c7b80000)
  from space 2560K, 43% used [0x00000006c7e00000,0x00000006c7f141f0,0x00000006c8080000)
  to   space 2560K, 0% used [0x00000006c7b80000,0x00000006c7b80000,0x00000006c7e00000)
 ParOldGen       total 283136K, used 134390K [0x00000003c0000000, 0x00000003d1480000, 0x000000066ab00000)
  object space 283136K, 47% used [0x00000003c0000000,0x00000003c833d980,0x00000003d1480000)
 Metaspace       used 100279K, capacity 101537K, committed 101592K, reserved 1136640K
  class space    used 13247K, capacity 13517K, committed 13568K, reserved 1048576K
}
Event: 560.223 GC heap before
{Heap before GC invocations=578 (full 7):
 PSYoungGen      total 1526784K, used 1525328K [0x000000066ab00000, 0x00000006c8080000, 0x00000007c0000000)
  eden space 1524224K, 100% used [0x000000066ab00000,0x00000006c7b80000,0x00000006c7b80000)
  from space 2560K, 43% used [0x00000006c7e00000,0x00000006c7f141f0,0x00000006c8080000)
  to   space 2560K, 0% used [0x00000006c7b80000,0x00000006c7b80000,0x00000006c7e00000)
 ParOldGen       total 283136K, used 134390K [0x00000003c0000000, 0x00000003d1480000, 0x000000066ab00000)
  object space 283136K, 47% used [0x00000003c0000000,0x00000003c833d980,0x00000003d1480000)
 Metaspace       used 100279K, capacity 101537K, committed 101592K, reserved 1136640K
  class space    used 13247K, capacity 13517K, committed 13568K, reserved 1048576K
Event: 560.226 GC heap after
Heap after GC invocations=578 (full 7):
 PSYoungGen      total 1526784K, used 1200K [0x000000066ab00000, 0x00000006c9300000, 0x00000007c0000000)
  eden space 1524224K, 0% used [0x000000066ab00000,0x000000066ab00000,0x00000006c7b80000)
  from space 2560K, 46% used [0x00000006c7b80000,0x00000006c7cac1f0,0x00000006c7e00000)
  to   space 2560K, 0% used [0x00000006c9080000,0x00000006c9080000,0x00000006c9300000)
 ParOldGen       total 283136K, used 134390K [0x00000003c0000000, 0x00000003d1480000, 0x000000066ab00000)
  object space 283136K, 47% used [0x00000003c0000000,0x00000003c833d980,0x00000003d1480000)
 Metaspace       used 100279K, capacity 101537K, committed 101592K, reserved 1136640K
  class space    used 13247K, capacity 13517K, committed 13568K, reserved 1048576K
}
Event: 561.515 GC heap before
{Heap before GC invocations=579 (full 7):
 PSYoungGen      total 1526784K, used 1525424K [0x000000066ab00000, 0x00000006c9300000, 0x00000007c0000000)
  eden space 1524224K, 100% used [0x000000066ab00000,0x00000006c7b80000,0x00000006c7b80000)
  from space 2560K, 46% used [0x00000006c7b80000,0x00000006c7cac1f0,0x00000006c7e00000)
  to   space 2560K, 0% used [0x00000006c9080000,0x00000006c9080000,0x00000006c9300000)
 ParOldGen       total 283136K, used 134390K [0x00000003c0000000, 0x00000003d1480000, 0x000000066ab00000)
  object space 283136K, 47% used [0x00000003c0000000,0x00000003c833d980,0x00000003d1480000)
 Metaspace       used 100279K, capacity 101537K, committed 101592K, reserved 1136640K
  class space    used 13247K, capacity 13517K, committed 13568K, reserved 1048576K
Event: 561.519 GC heap after
Heap after GC invocations=579 (full 7):
 PSYoungGen      total 1545728K, used 1264K [0x000000066ab00000, 0x00000006c9300000, 0x00000007c0000000)
  eden space 1543168K, 0% used [0x000000066ab00000,0x000000066ab00000,0x00000006c8e00000)
  from space 2560K, 49% used [0x00000006c9080000,0x00000006c91bc1f0,0x00000006c9300000)
  to   space 2560K, 0% used [0x00000006c8e00000,0x00000006c8e00000,0x00000006c9080000)
 ParOldGen       total 283136K, used 134390K [0x00000003c0000000, 0x00000003d1480000, 0x000000066ab00000)
  object space 283136K, 47% used [0x00000003c0000000,0x00000003c833d980,0x00000003d1480000)
 Metaspace       used 100279K, capacity 101537K, committed 101592K, reserved 1136640K
  class space    used 13247K, capacity 13517K, committed 13568K, reserved 1048576K
}
Event: 562.797 GC heap before
{Heap before GC invocations=580 (full 7):
 PSYoungGen      total 1545728K, used 1544432K [0x000000066ab00000, 0x00000006c9300000, 0x00000007c0000000)
  eden space 1543168K, 100% used [0x000000066ab00000,0x00000006c8e00000,0x00000006c8e00000)
  from space 2560K, 49% used [0x00000006c9080000,0x00000006c91bc1f0,0x00000006c9300000)
  to   space 2560K, 0% used [0x00000006c8e00000,0x00000006c8e00000,0x00000006c9080000)
 ParOldGen       total 283136K, used 134390K [0x00000003c0000000, 0x00000003d1480000, 0x000000066ab00000)
  object space 283136K, 47% used [0x00000003c0000000,0x00000003c833d980,0x00000003d1480000)
 Metaspace       used 100279K, capacity 101537K, committed 101592K, reserved 1136640K
  class space    used 13247K, capacity 13517K, committed 13568K, reserved 1048576K
Event: 562.800 GC heap after
Heap after GC invocations=580 (full 7):
 PSYoungGen      total 1545728K, used 1072K [0x000000066ab00000, 0x00000006ca580000, 0x00000007c0000000)
  eden space 1543168K, 0% used [0x000000066ab00000,0x000000066ab00000,0x00000006c8e00000)
  from space 2560K, 41% used [0x00000006c8e00000,0x00000006c8f0c1f0,0x00000006c9080000)
  to   space 2560K, 0% used [0x00000006ca300000,0x00000006ca300000,0x00000006ca580000)
 ParOldGen       total 283136K, used 134406K [0x00000003c0000000, 0x00000003d1480000, 0x000000066ab00000)
  object space 283136K, 47% used [0x00000003c0000000,0x00000003c8341980,0x00000003d1480000)
 Metaspace       used 100279K, capacity 101537K, committed 101592K, reserved 1136640K
  class space    used 13247K, capacity 13517K, committed 13568K, reserved 1048576K
}
Event: 564.113 GC heap before
{Heap before GC invocations=581 (full 7):
 PSYoungGen      total 1545728K, used 1544240K [0x000000066ab00000, 0x00000006ca580000, 0x00000007c0000000)
  eden space 1543168K, 100% used [0x000000066ab00000,0x00000006c8e00000,0x00000006c8e00000)
  from space 2560K, 41% used [0x00000006c8e00000,0x00000006c8f0c1f0,0x00000006c9080000)
  to   space 2560K, 0% used [0x00000006ca300000,0x00000006ca300000,0x00000006ca580000)
 ParOldGen       total 283136K, used 134406K [0x00000003c0000000, 0x00000003d1480000, 0x000000066ab00000)
  object space 283136K, 47% used [0x00000003c0000000,0x00000003c8341980,0x00000003d1480000)
 Metaspace       used 100282K, capacity 101601K, committed 101848K, reserved 1138688K
  class space    used 13247K, capacity 13517K, committed 13568K, reserved 1048576K
Event: 564.116 GC heap after
Heap after GC invocations=581 (full 7):
 PSYoungGen      total 1564672K, used 1343K [0x000000066ab00000, 0x00000006ca580000, 0x00000007c0000000)
  eden space 1562112K, 0% used [0x000000066ab00000,0x000000066ab00000,0x00000006ca080000)
  from space 2560K, 52% used [0x00000006ca300000,0x00000006ca44fcf0,0x00000006ca580000)
  to   space 2560K, 0% used [0x00000006ca080000,0x00000006ca080000,0x00000006ca300000)
 ParOldGen       total 283136K, used 134406K [0x00000003c0000000, 0x00000003d1480000, 0x000000066ab00000)
  object space 283136K, 47% used [0x00000003c0000000,0x00000003c8341980,0x00000003d1480000)
 Metaspace       used 100282K, capacity 101601K, committed 101848K, reserved 1138688K
  class space    used 13247K, capacity 13517K, committed 13568K, reserved 1048576K
}
Event: 565.432 GC heap before
{Heap before GC invocations=582 (full 7):
 PSYoungGen      total 1564672K, used 1563455K [0x000000066ab00000, 0x00000006ca580000, 0x00000007c0000000)
  eden space 1562112K, 100% used [0x000000066ab00000,0x00000006ca080000,0x00000006ca080000)
  from space 2560K, 52% used [0x00000006ca300000,0x00000006ca44fcf0,0x00000006ca580000)
  to   space 2560K, 0% used [0x00000006ca080000,0x00000006ca080000,0x00000006ca300000)
 ParOldGen       total 283136K, used 134406K [0x00000003c0000000, 0x00000003d1480000, 0x000000066ab00000)
  object space 283136K, 47% used [0x00000003c0000000,0x00000003c8341980,0x00000003d1480000)
 Metaspace       used 100282K, capacity 101601K, committed 101848K, reserved 1138688K
  class space    used 13247K, capacity 13517K, committed 13568K, reserved 1048576K
Event: 565.435 GC heap after
Heap after GC invocations=582 (full 7):
 PSYoungGen      total 1564672K, used 1410K [0x000000066ab00000, 0x00000006cb800000, 0x00000007c0000000)
  eden space 1562112K, 0% used [0x000000066ab00000,0x000000066ab00000,0x00000006ca080000)
  from space 2560K, 55% used [0x00000006ca080000,0x00000006ca1e0aa0,0x00000006ca300000)
  to   space 2560K, 0% used [0x00000006cb580000,0x00000006cb580000,0x00000006cb800000)
 ParOldGen       total 283136K, used 134414K [0x00000003c0000000, 0x00000003d1480000, 0x000000066ab00000)
  object space 283136K, 47% used [0x00000003c0000000,0x00000003c8343980,0x00000003d1480000)
 Metaspace       used 100282K, capacity 101601K, committed 101848K, reserved 1138688K
  class space    used 13247K, capacity 13517K, committed 13568K, reserved 1048576K
}
Event: 566.728 GC heap before
{Heap before GC invocations=583 (full 7):
 PSYoungGen      total 1564672K, used 1563522K [0x000000066ab00000, 0x00000006cb800000, 0x00000007c0000000)
  eden space 1562112K, 100% used [0x000000066ab00000,0x00000006ca080000,0x00000006ca080000)
  from space 2560K, 55% used [0x00000006ca080000,0x00000006ca1e0aa0,0x00000006ca300000)
  to   space 2560K, 0% used [0x00000006cb580000,0x00000006cb580000,0x00000006cb800000)
 ParOldGen       total 283136K, used 134414K [0x00000003c0000000, 0x00000003d1480000, 0x000000066ab00000)
  object space 283136K, 47% used [0x00000003c0000000,0x00000003c8343980,0x00000003d1480000)
 Metaspace       used 100282K, capacity 101601K, committed 101848K, reserved 1138688K
  class space    used 13247K, capacity 13517K, committed 13568K, reserved 1048576K
Event: 566.734 GC heap after
Heap after GC invocations=583 (full 7):
 PSYoungGen      total 1583104K, used 2532K [0x000000066ab00000, 0x00000006cbc00000, 0x00000007c0000000)
  eden space 1580544K, 0% used [0x000000066ab00000,0x000000066ab00000,0x00000006cb280000)
  from space 2560K, 98% used [0x00000006cb580000,0x00000006cb7f9200,0x00000006cb800000)
  to   space 3072K, 0% used [0x00000006cb280000,0x00000006cb280000,0x00000006cb580000)
 ParOldGen       total 283136K, used 135608K [0x00000003c0000000, 0x00000003d1480000, 0x000000066ab00000)
  object space 283136K, 47% used [0x00000003c0000000,0x00000003c846e3a0,0x00000003d1480000)
 Metaspace       used 100282K, capacity 101601K, committed 101848K, reserved 1138688K
  class space    used 13247K, capacity 13517K, committed 13568K, reserved 1048576K
}
Event: 568.066 GC heap before
{Heap before GC invocations=584 (full 7):
 PSYoungGen      total 1583104K, used 1583076K [0x000000066ab00000, 0x00000006cbc00000, 0x00000007c0000000)
  eden space 1580544K, 100% used [0x000000066ab00000,0x00000006cb280000,0x00000006cb280000)
  from space 2560K, 98% used [0x00000006cb580000,0x00000006cb7f9200,0x00000006cb800000)
  to   space 3072K, 0% used [0x00000006cb280000,0x00000006cb280000,0x00000006cb580000)
 ParOldGen       total 283136K, used 135608K [0x00000003c0000000, 0x00000003d1480000, 0x000000066ab00000)
  object space 283136K, 47% used [0x00000003c0000000,0x00000003c846e3a0,0x00000003d1480000)
 Metaspace       used 100282K, capacity 101601K, committed 101848K, reserved 1138688K
  class space    used 13247K, capacity 13517K, committed 13568K, reserved 1048576K
Event: 568.069 GC heap after
Heap after GC invocations=584 (full 7):
 PSYoungGen      total 1583616K, used 96K [0x000000066ab00000, 0x00000006ccc80000, 0x00000007c0000000)
  eden space 1580544K, 0% used [0x000000066ab00000,0x000000066ab00000,0x00000006cb280000)
  from space 3072K, 3% used [0x00000006cb280000,0x00000006cb298000,0x00000006cb580000)
  to   space 3072K, 0% used [0x00000006cc980000,0x00000006cc980000,0x00000006ccc80000)
 ParOldGen       total 283136K, used 135649K [0x00000003c0000000, 0x00000003d1480000, 0x000000066ab00000)
  object space 283136K, 47% used [0x00000003c0000000,0x00000003c84784e0,0x00000003d1480000)
 Metaspace       used 100282K, capacity 101601K, committed 101848K, reserved 1138688K
  class space    used 13247K, capacity 13517K, committed 13568K, reserved 1048576K
}
Event: 569.387 GC heap before
{Heap before GC invocations=585 (full 7):
 PSYoungGen      total 1583616K, used 1580640K [0x000000066ab00000, 0x00000006ccc80000, 0x00000007c0000000)
  eden space 1580544K, 100% used [0x000000066ab00000,0x00000006cb280000,0x00000006cb280000)
  from space 3072K, 3% used [0x00000006cb280000,0x00000006cb298000,0x00000006cb580000)
  to   space 3072K, 0% used [0x00000006cc980000,0x00000006cc980000,0x00000006ccc80000)
 ParOldGen       total 283136K, used 135649K [0x00000003c0000000, 0x00000003d1480000, 0x000000066ab00000)
  object space 283136K, 47% used [0x00000003c0000000,0x00000003c84784e0,0x00000003d1480000)
 Metaspace       used 100282K, capacity 101601K, committed 101848K, reserved 1138688K
  class space    used 13247K, capacity 13517K, committed 13568K, reserved 1048576K
Event: 569.391 GC heap after
Heap after GC invocations=585 (full 7):
 PSYoungGen      total 1604096K, used 96K [0x000000066ab00000, 0x00000006ccc80000, 0x00000007c0000000)
  eden space 1601024K, 0% used [0x000000066ab00000,0x000000066ab00000,0x00000006cc680000)
  from space 3072K, 3% used [0x00000006cc980000,0x00000006cc998000,0x00000006ccc80000)
  to   space 3072K, 0% used [0x00000006cc680000,0x00000006cc680000,0x00000006cc980000)
 ParOldGen       total 283136K, used 135649K [0x00000003c0000000, 0x00000003d1480000, 0x000000066ab00000)
  object space 283136K, 47% used [0x00000003c0000000,0x00000003c84784e0,0x00000003d1480000)
 Metaspace       used 100282K, capacity 101601K, committed 101848K, reserved 1138688K
  class space    used 13247K, capacity 13517K, committed 13568K, reserved 1048576K
}
Event: 570.749 GC heap before
{Heap before GC invocations=586 (full 7):
 PSYoungGen      total 1604096K, used 1601120K [0x000000066ab00000, 0x00000006ccc80000, 0x00000007c0000000)
  eden space 1601024K, 100% used [0x000000066ab00000,0x00000006cc680000,0x00000006cc680000)
  from space 3072K, 3% used [0x00000006cc980000,0x00000006cc998000,0x00000006ccc80000)
  to   space 3072K, 0% used [0x00000006cc680000,0x00000006cc680000,0x00000006cc980000)
 ParOldGen       total 283136K, used 135649K [0x00000003c0000000, 0x00000003d1480000, 0x000000066ab00000)
  object space 283136K, 47% used [0x00000003c0000000,0x00000003c84784e0,0x00000003d1480000)
 Metaspace       used 100282K, capacity 101601K, committed 101848K, reserved 1138688K
  class space    used 13247K, capacity 13517K, committed 13568K, reserved 1048576K
Event: 570.752 GC heap after
Heap after GC invocations=586 (full 7):
 PSYoungGen      total 1604096K, used 96K [0x000000066ab00000, 0x00000006cdf80000, 0x00000007c0000000)
  eden space 1601024K, 0% used [0x000000066ab00000,0x000000066ab00000,0x00000006cc680000)
  from space 3072K, 3% used [0x00000006cc680000,0x00000006cc698000,0x00000006cc980000)
  to   space 3072K, 0% used [0x00000006cdc80000,0x00000006cdc80000,0x00000006cdf80000)
 ParOldGen       total 283136K, used 135649K [0x00000003c0000000, 0x00000003d1480000, 0x000000066ab00000)
  object space 283136K, 47% used [0x00000003c0000000,0x00000003c84784e0,0x00000003d1480000)
 Metaspace       used 100282K, capacity 101601K, committed 101848K, reserved 1138688K
  class space    used 13247K, capacity 13517K, committed 13568K, reserved 1048576K
}
Event: 572.096 GC heap before
{Heap before GC invocations=587 (full 7):
 PSYoungGen      total 1604096K, used 1601120K [0x000000066ab00000, 0x00000006cdf80000, 0x00000007c0000000)
  eden space 1601024K, 100% used [0x000000066ab00000,0x00000006cc680000,0x00000006cc680000)
  from space 3072K, 3% used [0x00000006cc680000,0x00000006cc698000,0x00000006cc980000)
  to   space 3072K, 0% used [0x00000006cdc80000,0x00000006cdc80000,0x00000006cdf80000)
 ParOldGen       total 283136K, used 135649K [0x00000003c0000000, 0x00000003d1480000, 0x000000066ab00000)
  object space 283136K, 47% used [0x00000003c0000000,0x00000003c84784e0,0x00000003d1480000)
 Metaspace       used 100282K, capacity 101601K, committed 101848K, reserved 1138688K
  class space    used 13247K, capacity 13517K, committed 13568K, reserved 1048576K
Event: 572.099 GC heap after
Heap after GC invocations=587 (full 7):
 PSYoungGen      total 1621504K, used 128K [0x000000066ab00000, 0x00000006cde80000, 0x00000007c0000000)
  eden space 1619456K, 0% used [0x000000066ab00000,0x000000066ab00000,0x00000006cd880000)
  from space 2048K, 6% used [0x00000006cdc80000,0x00000006cdca0000,0x00000006cde80000)
  to   space 3072K, 0% used [0x00000006cd880000,0x00000006cd880000,0x00000006cdb80000)
 ParOldGen       total 283136K, used 135649K [0x00000003c0000000, 0x00000003d1480000, 0x000000066ab00000)
  object space 283136K, 47% used [0x00000003c0000000,0x00000003c84784e0,0x00000003d1480000)
 Metaspace       used 100282K, capacity 101601K, committed 101848K, reserved 1138688K
  class space    used 13247K, capacity 13517K, committed 13568K, reserved 1048576K
}
Event: 573.466 GC heap before
{Heap before GC invocations=588 (full 7):
 PSYoungGen      total 1621504K, used 1619584K [0x000000066ab00000, 0x00000006cde80000, 0x00000007c0000000)
  eden space 1619456K, 100% used [0x000000066ab00000,0x00000006cd880000,0x00000006cd880000)
  from space 2048K, 6% used [0x00000006cdc80000,0x00000006cdca0000,0x00000006cde80000)
  to   space 3072K, 0% used [0x00000006cd880000,0x00000006cd880000,0x00000006cdb80000)
 ParOldGen       total 283136K, used 135649K [0x00000003c0000000, 0x00000003d1480000, 0x000000066ab00000)
  object space 283136K, 47% used [0x00000003c0000000,0x00000003c84784e0,0x00000003d1480000)
 Metaspace       used 100282K, capacity 101601K, committed 101848K, reserved 1138688K
  class space    used 13247K, capacity 13517K, committed 13568K, reserved 1048576K
Event: 573.469 GC heap after
Heap after GC invocations=588 (full 7):
 PSYoungGen      total 1622528K, used 96K [0x000000066ab00000, 0x00000006cf000000, 0x00000007c0000000)
  eden space 1619456K, 0% used [0x000000066ab00000,0x000000066ab00000,0x00000006cd880000)
  from space 3072K, 3% used [0x00000006cd880000,0x00000006cd898000,0x00000006cdb80000)
  to   space 3072K, 0% used [0x00000006ced00000,0x00000006ced00000,0x00000006cf000000)
 ParOldGen       total 283136K, used 135657K [0x00000003c0000000, 0x00000003d1480000, 0x000000066ab00000)
  object space 283136K, 47% used [0x00000003c0000000,0x00000003c847a4e0,0x00000003d1480000)
 Metaspace       used 100282K, capacity 101601K, committed 101848K, reserved 1138688K
  class space    used 13247K, capacity 13517K, committed 13568K, reserved 1048576K
}
Event: 574.817 GC heap before
{Heap before GC invocations=589 (full 7):
 PSYoungGen      total 1622528K, used 1619552K [0x000000066ab00000, 0x00000006cf000000, 0x00000007c0000000)
  eden space 1619456K, 100% used [0x000000066ab00000,0x00000006cd880000,0x00000006cd880000)
  from space 3072K, 3% used [0x00000006cd880000,0x00000006cd898000,0x00000006cdb80000)
  to   space 3072K, 0% used [0x00000006ced00000,0x00000006ced00000,0x00000006cf000000)
 ParOldGen       total 283136K, used 135657K [0x00000003c0000000, 0x00000003d1480000, 0x000000066ab00000)
  object space 283136K, 47% used [0x00000003c0000000,0x00000003c847a4e0,0x00000003d1480000)
 Metaspace       used 100282K, capacity 101601K, committed 101848K, reserved 1138688K
  class space    used 13247K, capacity 13517K, committed 13568K, reserved 1048576K
Event: 574.820 GC heap after
Heap after GC invocations=589 (full 7):
 PSYoungGen      total 1639424K, used 480K [0x000000066ab00000, 0x00000006cef80000, 0x00000007c0000000)
  eden space 1636864K, 0% used [0x000000066ab00000,0x000000066ab00000,0x00000006ce980000)
  from space 2560K, 18% used [0x00000006ced00000,0x00000006ced78000,0x00000006cef80000)
  to   space 3072K, 0% used [0x00000006ce980000,0x00000006ce980000,0x00000006cec80000)
 ParOldGen       total 283136K, used 135657K [0x00000003c0000000, 0x00000003d1480000, 0x000000066ab00000)
  object space 283136K, 47% used [0x00000003c0000000,0x00000003c847a4e0,0x00000003d1480000)
 Metaspace       used 100282K, capacity 101601K, committed 101848K, reserved 1138688K
  class space    used 13247K, capacity 13517K, committed 13568K, reserved 1048576K
}
Event: 576.182 GC heap before
{Heap before GC invocations=590 (full 7):
 PSYoungGen      total 1639424K, used 1637344K [0x000000066ab00000, 0x00000006cef80000, 0x00000007c0000000)
  eden space 1636864K, 100% used [0x000000066ab00000,0x00000006ce980000,0x00000006ce980000)
  from space 2560K, 18% used [0x00000006ced00000,0x00000006ced78000,0x00000006cef80000)
  to   space 3072K, 0% used [0x00000006ce980000,0x00000006ce980000,0x00000006cec80000)
 ParOldGen       total 283136K, used 135657K [0x00000003c0000000, 0x00000003d1480000, 0x000000066ab00000)
  object space 283136K, 47% used [0x00000003c0000000,0x00000003c847a4e0,0x00000003d1480000)
 Metaspace       used 100282K, capacity 101601K, committed 101848K, reserved 1138688K
  class space    used 13247K, capacity 13517K, committed 13568K, reserved 1048576K
Event: 576.185 GC heap after
Heap after GC invocations=590 (full 7):
 PSYoungGen      total 1639936K, used 256K [0x000000066ab00000, 0x00000006d0080000, 0x00000007c0000000)
  eden space 1636864K, 0% used [0x000000066ab00000,0x000000066ab00000,0x00000006ce980000)
  from space 3072K, 8% used [0x00000006ce980000,0x00000006ce9c0000,0x00000006cec80000)
  to   space 3072K, 0% used [0x00000006cfd80000,0x00000006cfd80000,0x00000006d0080000)
 ParOldGen       total 283136K, used 135657K [0x00000003c0000000, 0x00000003d1480000, 0x000000066ab00000)
  object space 283136K, 47% used [0x00000003c0000000,0x00000003c847a4e0,0x00000003d1480000)
 Metaspace       used 100282K, capacity 101601K, committed 101848K, reserved 1138688K
  class space    used 13247K, capacity 13517K, committed 13568K, reserved 1048576K
}
Event: 577.546 GC heap before
{Heap before GC invocations=591 (full 7):
 PSYoungGen      total 1639936K, used 1637120K [0x000000066ab00000, 0x00000006d0080000, 0x00000007c0000000)
  eden space 1636864K, 100% used [0x000000066ab00000,0x00000006ce980000,0x00000006ce980000)
  from space 3072K, 8% used [0x00000006ce980000,0x00000006ce9c0000,0x00000006cec80000)
  to   space 3072K, 0% used [0x00000006cfd80000,0x00000006cfd80000,0x00000006d0080000)
 ParOldGen       total 283136K, used 135657K [0x00000003c0000000, 0x00000003d1480000, 0x000000066ab00000)
  object space 283136K, 47% used [0x00000003c0000000,0x00000003c847a4e0,0x00000003d1480000)
 Metaspace       used 100282K, capacity 101601K, committed 101848K, reserved 1138688K
  class space    used 13247K, capacity 13517K, committed 13568K, reserved 1048576K
Event: 577.549 GC heap after
Heap after GC invocations=591 (full 7):
 PSYoungGen      total 1655296K, used 608K [0x000000066ab00000, 0x00000006cff00000, 0x00000007c0000000)
  eden space 1653760K, 0% used [0x000000066ab00000,0x000000066ab00000,0x00000006cfa00000)
  from space 1536K, 39% used [0x00000006cfd80000,0x00000006cfe18000,0x00000006cff00000)
  to   space 2560K, 0% used [0x00000006cfa00000,0x00000006cfa00000,0x00000006cfc80000)
 ParOldGen       total 283136K, used 135657K [0x00000003c0000000, 0x00000003d1480000, 0x000000066ab00000)
  object space 283136K, 47% used [0x00000003c0000000,0x00000003c847a4e0,0x00000003d1480000)
 Metaspace       used 100282K, capacity 101601K, committed 101848K, reserved 1138688K
  class space    used 13247K, capacity 13517K, committed 13568K, reserved 1048576K
}
Event: 578.945 GC heap before
{Heap before GC invocations=592 (full 7):
 PSYoungGen      total 1655296K, used 1654368K [0x000000066ab00000, 0x00000006cff00000, 0x00000007c0000000)
  eden space 1653760K, 100% used [0x000000066ab00000,0x00000006cfa00000,0x00000006cfa00000)
  from space 1536K, 39% used [0x00000006cfd80000,0x00000006cfe18000,0x00000006cff00000)
  to   space 2560K, 0% used [0x00000006cfa00000,0x00000006cfa00000,0x00000006cfc80000)
 ParOldGen       total 283136K, used 135657K [0x00000003c0000000, 0x00000003d1480000, 0x000000066ab00000)
  object space 283136K, 47% used [0x00000003c0000000,0x00000003c847a4e0,0x00000003d1480000)
 Metaspace       used 100282K, capacity 101601K, committed 101848K, reserved 1138688K
  class space    used 13247K, capacity 13517K, committed 13568K, reserved 1048576K
Event: 578.948 GC heap after
Heap after GC invocations=592 (full 7):
 PSYoungGen      total 1656320K, used 128K [0x000000066ab00000, 0x00000006d0f80000, 0x00000007c0000000)
  eden space 1653760K, 0% used [0x000000066ab00000,0x000000066ab00000,0x00000006cfa00000)
  from space 2560K, 5% used [0x00000006cfa00000,0x00000006cfa20000,0x00000006cfc80000)
  to   space 2560K, 0% used [0x00000006d0d00000,0x00000006d0d00000,0x00000006d0f80000)
 ParOldGen       total 283136K, used 135657K [0x00000003c0000000, 0x00000003d1480000, 0x000000066ab00000)
  object space 283136K, 47% used [0x00000003c0000000,0x00000003c847a4e0,0x00000003d1480000)
 Metaspace       used 100282K, capacity 101601K, committed 101848K, reserved 1138688K
  class space    used 13247K, capacity 13517K, committed 13568K, reserved 1048576K
}
Event: 580.347 GC heap before
{Heap before GC invocations=593 (full 7):
 PSYoungGen      total 1656320K, used 1653888K [0x000000066ab00000, 0x00000006d0f80000, 0x00000007c0000000)
  eden space 1653760K, 100% used [0x000000066ab00000,0x00000006cfa00000,0x00000006cfa00000)
  from space 2560K, 5% used [0x00000006cfa00000,0x00000006cfa20000,0x00000006cfc80000)
  to   space 2560K, 0% used [0x00000006d0d00000,0x00000006d0d00000,0x00000006d0f80000)
 ParOldGen       total 283136K, used 135657K [0x00000003c0000000, 0x00000003d1480000, 0x000000066ab00000)
  object space 283136K, 47% used [0x00000003c0000000,0x00000003c847a4e0,0x00000003d1480000)
 Metaspace       used 100282K, capacity 101601K, committed 101848K, reserved 1138688K
  class space    used 13247K, capacity 13517K, committed 13568K, reserved 1048576K
Event: 580.350 GC heap after
Heap after GC invocations=593 (full 7):
 PSYoungGen      total 1672192K, used 224K [0x000000066ab00000, 0x00000006d0f00000, 0x00000007c0000000)
  eden space 1670144K, 0% used [0x000000066ab00000,0x000000066ab00000,0x00000006d0a00000)
  from space 2048K, 10% used [0x00000006d0d00000,0x00000006d0d38000,0x00000006d0f00000)
  to   space 2560K, 0% used [0x00000006d0a00000,0x00000006d0a00000,0x00000006d0c80000)
 ParOldGen       total 283136K, used 135657K [0x00000003c0000000, 0x00000003d1480000, 0x000000066ab00000)
  object space 283136K, 47% used [0x00000003c0000000,0x00000003c847a4e0,0x00000003d1480000)
 Metaspace       used 100282K, capacity 101601K, committed 101848K, reserved 1138688K
  class space    used 13247K, capacity 13517K, committed 13568K, reserved 1048576K
}
Event: 581.759 GC heap before
{Heap before GC invocations=594 (full 7):
 PSYoungGen      total 1672192K, used 1670368K [0x000000066ab00000, 0x00000006d0f00000, 0x00000007c0000000)
  eden space 1670144K, 100% used [0x000000066ab00000,0x00000006d0a00000,0x00000006d0a00000)
  from space 2048K, 10% used [0x00000006d0d00000,0x00000006d0d38000,0x00000006d0f00000)
  to   space 2560K, 0% used [0x00000006d0a00000,0x00000006d0a00000,0x00000006d0c80000)
 ParOldGen       total 283136K, used 135657K [0x00000003c0000000, 0x00000003d1480000, 0x000000066ab00000)
  object space 283136K, 47% used [0x00000003c0000000,0x00000003c847a4e0,0x00000003d1480000)
 Metaspace       used 100282K, capacity 101601K, committed 101848K, reserved 1138688K
  class space    used 13247K, capacity 13517K, committed 13568K, reserved 1048576K
Event: 581.762 GC heap after
Heap after GC invocations=594 (full 7):
 PSYoungGen      total 1672704K, used 128K [0x000000066ab00000, 0x00000006d1f00000, 0x00000007c0000000)
  eden space 1670144K, 0% used [0x000000066ab00000,0x000000066ab00000,0x00000006d0a00000)
  from space 2560K, 5% used [0x00000006d0a00000,0x00000006d0a20000,0x00000006d0c80000)
  to   space 2560K, 0% used [0x00000006d1c80000,0x00000006d1c80000,0x00000006d1f00000)
 ParOldGen       total 283136K, used 135657K [0x00000003c0000000, 0x00000003d1480000, 0x000000066ab00000)
  object space 283136K, 47% used [0x00000003c0000000,0x00000003c847a4e0,0x00000003d1480000)
 Metaspace       used 100282K, capacity 101601K, committed 101848K, reserved 1138688K
  class space    used 13247K, capacity 13517K, committed 13568K, reserved 1048576K
}
Event: 583.158 GC heap before
{Heap before GC invocations=595 (full 7):
 PSYoungGen      total 1672704K, used 1670272K [0x000000066ab00000, 0x00000006d1f00000, 0x00000007c0000000)
  eden space 1670144K, 100% used [0x000000066ab00000,0x00000006d0a00000,0x00000006d0a00000)
  from space 2560K, 5% used [0x00000006d0a00000,0x00000006d0a20000,0x00000006d0c80000)
  to   space 2560K, 0% used [0x00000006d1c80000,0x00000006d1c80000,0x00000006d1f00000)
 ParOldGen       total 283136K, used 135657K [0x00000003c0000000, 0x00000003d1480000, 0x000000066ab00000)
  object space 283136K, 47% used [0x00000003c0000000,0x00000003c847a4e0,0x00000003d1480000)
 Metaspace       used 100282K, capacity 101601K, committed 101848K, reserved 1138688K
  class space    used 13247K, capacity 13517K, committed 13568K, reserved 1048576K
Event: 583.161 GC heap after
Heap after GC invocations=595 (full 7):
 PSYoungGen      total 1689088K, used 64K [0x000000066ab00000, 0x00000006d1f00000, 0x00000007c0000000)
  eden space 1686528K, 0% used [0x000000066ab00000,0x000000066ab00000,0x00000006d1a00000)
  from space 2560K, 2% used [0x00000006d1c80000,0x00000006d1c90000,0x00000006d1f00000)
  to   space 2560K, 0% used [0x00000006d1a00000,0x00000006d1a00000,0x00000006d1c80000)
 ParOldGen       total 283136K, used 135657K [0x00000003c0000000, 0x00000003d1480000, 0x000000066ab00000)
  object space 283136K, 47% used [0x00000003c0000000,0x00000003c847a4e0,0x00000003d1480000)
 Metaspace       used 100282K, capacity 101601K, committed 101848K, reserved 1138688K
  class space    used 13247K, capacity 13517K, committed 13568K, reserved 1048576K
}
Event: 584.583 GC heap before
{Heap before GC invocations=596 (full 7):
 PSYoungGen      total 1689088K, used 1686592K [0x000000066ab00000, 0x00000006d1f00000, 0x00000007c0000000)
  eden space 1686528K, 100% used [0x000000066ab00000,0x00000006d1a00000,0x00000006d1a00000)
  from space 2560K, 2% used [0x00000006d1c80000,0x00000006d1c90000,0x00000006d1f00000)
  to   space 2560K, 0% used [0x00000006d1a00000,0x00000006d1a00000,0x00000006d1c80000)
 ParOldGen       total 283136K, used 135657K [0x00000003c0000000, 0x00000003d1480000, 0x000000066ab00000)
  object space 283136K, 47% used [0x00000003c0000000,0x00000003c847a4e0,0x00000003d1480000)
 Metaspace       used 100282K, capacity 101601K, committed 101848K, reserved 1138688K
  class space    used 13247K, capacity 13517K, committed 13568K, reserved 1048576K
Event: 584.586 GC heap after
Heap after GC invocations=596 (full 7):
 PSYoungGen      total 1689088K, used 256K [0x000000066ab00000, 0x00000006d2f00000, 0x00000007c0000000)
  eden space 1686528K, 0% used [0x000000066ab00000,0x000000066ab00000,0x00000006d1a00000)
  from space 2560K, 10% used [0x00000006d1a00000,0x00000006d1a40000,0x00000006d1c80000)
  to   space 2560K, 0% used [0x00000006d2c80000,0x00000006d2c80000,0x00000006d2f00000)
 ParOldGen       total 283136K, used 135665K [0x00000003c0000000, 0x00000003d1480000, 0x000000066ab00000)
  object space 283136K, 47% used [0x00000003c0000000,0x00000003c847c4e0,0x00000003d1480000)
 Metaspace       used 100282K, capacity 101601K, committed 101848K, reserved 1138688K
  class space    used 13247K, capacity 13517K, committed 13568K, reserved 1048576K
}
Event: 586.010 GC heap before
{Heap before GC invocations=597 (full 7):
 PSYoungGen      total 1689088K, used 1686784K [0x000000066ab00000, 0x00000006d2f00000, 0x00000007c0000000)
  eden space 1686528K, 100% used [0x000000066ab00000,0x00000006d1a00000,0x00000006d1a00000)
  from space 2560K, 10% used [0x00000006d1a00000,0x00000006d1a40000,0x00000006d1c80000)
  to   space 2560K, 0% used [0x00000006d2c80000,0x00000006d2c80000,0x00000006d2f00000)
 ParOldGen       total 283136K, used 135665K [0x00000003c0000000, 0x00000003d1480000, 0x000000066ab00000)
  object space 283136K, 47% used [0x00000003c0000000,0x00000003c847c4e0,0x00000003d1480000)
 Metaspace       used 100282K, capacity 101601K, committed 101848K, reserved 1138688K
  class space    used 13247K, capacity 13517K, committed 13568K, reserved 1048576K
Event: 586.013 GC heap after
Heap after GC invocations=597 (full 7):
 PSYoungGen      total 1703424K, used 64K [0x000000066ab00000, 0x00000006d2d80000, 0x00000007c0000000)
  eden space 1702400K, 0% used [0x000000066ab00000,0x000000066ab00000,0x00000006d2980000)
  from space 1024K, 6% used [0x00000006d2c80000,0x00000006d2c90000,0x00000006d2d80000)
  to   space 2048K, 0% used [0x00000006d2980000,0x00000006d2980000,0x00000006d2b80000)
 ParOldGen       total 283136K, used 135665K [0x00000003c0000000, 0x00000003d1480000, 0x000000066ab00000)
  object space 283136K, 47% used [0x00000003c0000000,0x00000003c847c4e0,0x00000003d1480000)
 Metaspace       used 100282K, capacity 101601K, committed 101848K, reserved 1138688K
  class space    used 13247K, capacity 13517K, committed 13568K, reserved 1048576K
}
Event: 587.447 GC heap before
{Heap before GC invocations=598 (full 7):
 PSYoungGen      total 1703424K, used 1702464K [0x000000066ab00000, 0x00000006d2d80000, 0x00000007c0000000)
  eden space 1702400K, 100% used [0x000000066ab00000,0x00000006d2980000,0x00000006d2980000)
  from space 1024K, 6% used [0x00000006d2c80000,0x00000006d2c90000,0x00000006d2d80000)
  to   space 2048K, 0% used [0x00000006d2980000,0x00000006d2980000,0x00000006d2b80000)
 ParOldGen       total 283136K, used 135665K [0x00000003c0000000, 0x00000003d1480000, 0x000000066ab00000)
  object space 283136K, 47% used [0x00000003c0000000,0x00000003c847c4e0,0x00000003d1480000)
 Metaspace       used 100282K, capacity 101601K, committed 101848K, reserved 1138688K
  class space    used 13247K, capacity 13517K, committed 13568K, reserved 1048576K
Event: 587.450 GC heap after
Heap after GC invocations=598 (full 7):
 PSYoungGen      total 1704448K, used 152K [0x000000066ab00000, 0x00000006d3d00000, 0x00000007c0000000)
  eden space 1702400K, 0% used [0x000000066ab00000,0x000000066ab00000,0x00000006d2980000)
  from space 2048K, 7% used [0x00000006d2980000,0x00000006d29a6358,0x00000006d2b80000)
  to   space 2048K, 0% used [0x00000006d3b00000,0x00000006d3b00000,0x00000006d3d00000)
 ParOldGen       total 283136K, used 135665K [0x00000003c0000000, 0x00000003d1480000, 0x000000066ab00000)
  object space 283136K, 47% used [0x00000003c0000000,0x00000003c847c4e0,0x00000003d1480000)
 Metaspace       used 100282K, capacity 101601K, committed 101848K, reserved 1138688K
  class space    used 13247K, capacity 13517K, committed 13568K, reserved 1048576K
}
Event: 588.877 GC heap before
{Heap before GC invocations=599 (full 7):
 PSYoungGen      total 1704448K, used 1702552K [0x000000066ab00000, 0x00000006d3d00000, 0x00000007c0000000)
  eden space 1702400K, 100% used [0x000000066ab00000,0x00000006d2980000,0x00000006d2980000)
  from space 2048K, 7% used [0x00000006d2980000,0x00000006d29a6358,0x00000006d2b80000)
  to   space 2048K, 0% used [0x00000006d3b00000,0x00000006d3b00000,0x00000006d3d00000)
 ParOldGen       total 283136K, used 135665K [0x00000003c0000000, 0x00000003d1480000, 0x000000066ab00000)
  object space 283136K, 47% used [0x00000003c0000000,0x00000003c847c4e0,0x00000003d1480000)
 Metaspace       used 100282K, capacity 101601K, committed 101848K, reserved 1138688K
  class space    used 13247K, capacity 13517K, committed 13568K, reserved 1048576K
Event: 588.880 GC heap after
Heap after GC invocations=599 (full 7):
 PSYoungGen      total 1720320K, used 96K [0x000000066ab00000, 0x00000006d3d00000, 0x00000007c0000000)
  eden space 1718272K, 0% used [0x000000066ab00000,0x000000066ab00000,0x00000006d3900000)
  from space 2048K, 4% used [0x00000006d3b00000,0x00000006d3b18000,0x00000006d3d00000)
  to   space 2048K, 0% used [0x00000006d3900000,0x00000006d3900000,0x00000006d3b00000)
 ParOldGen       total 283136K, used 135665K [0x00000003c0000000, 0x00000003d1480000, 0x000000066ab00000)
  object space 283136K, 47% used [0x00000003c0000000,0x00000003c847c4e0,0x00000003d1480000)
 Metaspace       used 100282K, capacity 101601K, committed 101848K, reserved 1138688K
  class space    used 13247K, capacity 13517K, committed 13568K, reserved 1048576K
}
Event: 590.328 GC heap before
{Heap before GC invocations=600 (full 7):
 PSYoungGen      total 1720320K, used 1718368K [0x000000066ab00000, 0x00000006d3d00000, 0x00000007c0000000)
  eden space 1718272K, 100% used [0x000000066ab00000,0x00000006d3900000,0x00000006d3900000)
  from space 2048K, 4% used [0x00000006d3b00000,0x00000006d3b18000,0x00000006d3d00000)
  to   space 2048K, 0% used [0x00000006d3900000,0x00000006d3900000,0x00000006d3b00000)
 ParOldGen       total 283136K, used 135665K [0x00000003c0000000, 0x00000003d1480000, 0x000000066ab00000)
  object space 283136K, 47% used [0x00000003c0000000,0x00000003c847c4e0,0x00000003d1480000)
 Metaspace       used 100282K, capacity 101601K, committed 101848K, reserved 1138688K
  class space    used 13247K, capacity 13517K, committed 13568K, reserved 1048576K
Event: 590.331 GC heap after
Heap after GC invocations=600 (full 7):
 PSYoungGen      total 1720320K, used 128K [0x000000066ab00000, 0x00000006d4c80000, 0x00000007c0000000)
  eden space 1718272K, 0% used [0x000000066ab00000,0x000000066ab00000,0x00000006d3900000)
  from space 2048K, 6% used [0x00000006d3900000,0x00000006d3920000,0x00000006d3b00000)
  to   space 2048K, 0% used [0x00000006d4a80000,0x00000006d4a80000,0x00000006d4c80000)
 ParOldGen       total 283136K, used 135665K [0x00000003c0000000, 0x00000003d1480000, 0x000000066ab00000)
  object space 283136K, 47% used [0x00000003c0000000,0x00000003c847c4e0,0x00000003d1480000)
 Metaspace       used 100282K, capacity 101601K, committed 101848K, reserved 1138688K
  class space    used 13247K, capacity 13517K, committed 13568K, reserved 1048576K
}
Event: 591.757 GC heap before
{Heap before GC invocations=601 (full 7):
 PSYoungGen      total 1720320K, used 1718400K [0x000000066ab00000, 0x00000006d4c80000, 0x00000007c0000000)
  eden space 1718272K, 100% used [0x000000066ab00000,0x00000006d3900000,0x00000006d3900000)
  from space 2048K, 6% used [0x00000006d3900000,0x00000006d3920000,0x00000006d3b00000)
  to   space 2048K, 0% used [0x00000006d4a80000,0x00000006d4a80000,0x00000006d4c80000)
 ParOldGen       total 283136K, used 135665K [0x00000003c0000000, 0x00000003d1480000, 0x000000066ab00000)
  object space 283136K, 47% used [0x00000003c0000000,0x00000003c847c4e0,0x00000003d1480000)
 Metaspace       used 100282K, capacity 101601K, committed 101848K, reserved 1138688K
  class space    used 13247K, capacity 13517K, committed 13568K, reserved 1048576K
Event: 591.760 GC heap after
Heap after GC invocations=601 (full 7):
 PSYoungGen      total 1736192K, used 96K [0x000000066ab00000, 0x00000006d4c80000, 0x00000007c0000000)
  eden space 1734144K, 0% used [0x000000066ab00000,0x000000066ab00000,0x00000006d4880000)
  from space 2048K, 4% used [0x00000006d4a80000,0x00000006d4a98000,0x00000006d4c80000)
  to   space 2048K, 0% used [0x00000006d4880000,0x00000006d4880000,0x00000006d4a80000)
 ParOldGen       total 283136K, used 135665K [0x00000003c0000000, 0x00000003d1480000, 0x000000066ab00000)
  object space 283136K, 47% used [0x00000003c0000000,0x00000003c847c4e0,0x00000003d1480000)
 Metaspace       used 100282K, capacity 101601K, committed 101848K, reserved 1138688K
  class space    used 13247K, capacity 13517K, committed 13568K, reserved 1048576K
}
Event: 593.207 GC heap before
{Heap before GC invocations=602 (full 7):
 PSYoungGen      total 1736192K, used 1734240K [0x000000066ab00000, 0x00000006d4c80000, 0x00000007c0000000)
  eden space 1734144K, 100% used [0x000000066ab00000,0x00000006d4880000,0x00000006d4880000)
  from space 2048K, 4% used [0x00000006d4a80000,0x00000006d4a98000,0x00000006d4c80000)
  to   space 2048K, 0% used [0x00000006d4880000,0x00000006d4880000,0x00000006d4a80000)
 ParOldGen       total 283136K, used 135665K [0x00000003c0000000, 0x00000003d1480000, 0x000000066ab00000)
  object space 283136K, 47% used [0x00000003c0000000,0x00000003c847c4e0,0x00000003d1480000)
 Metaspace       used 100283K, capacity 101601K, committed 101848K, reserved 1138688K
  class space    used 13247K, capacity 13517K, committed 13568K, reserved 1048576K
Event: 593.210 GC heap after
Heap after GC invocations=602 (full 7):
 PSYoungGen      total 1736192K, used 96K [0x000000066ab00000, 0x00000006d5c80000, 0x00000007c0000000)
  eden space 1734144K, 0% used [0x000000066ab00000,0x000000066ab00000,0x00000006d4880000)
  from space 2048K, 4% used [0x00000006d4880000,0x00000006d4898000,0x00000006d4a80000)
  to   space 2048K, 0% used [0x00000006d5a80000,0x00000006d5a80000,0x00000006d5c80000)
 ParOldGen       total 283136K, used 135665K [0x00000003c0000000, 0x00000003d1480000, 0x000000066ab00000)
  object space 283136K, 47% used [0x00000003c0000000,0x00000003c847c4e0,0x00000003d1480000)
 Metaspace       used 100283K, capacity 101601K, committed 101848K, reserved 1138688K
  class space    used 13247K, capacity 13517K, committed 13568K, reserved 1048576K
}
Event: 594.666 GC heap before
{Heap before GC invocations=603 (full 7):
 PSYoungGen      total 1736192K, used 1734240K [0x000000066ab00000, 0x00000006d5c80000, 0x00000007c0000000)
  eden space 1734144K, 100% used [0x000000066ab00000,0x00000006d4880000,0x00000006d4880000)
  from space 2048K, 4% used [0x00000006d4880000,0x00000006d4898000,0x00000006d4a80000)
  to   space 2048K, 0% used [0x00000006d5a80000,0x00000006d5a80000,0x00000006d5c80000)
 ParOldGen       total 283136K, used 135665K [0x00000003c0000000, 0x00000003d1480000, 0x000000066ab00000)
  object space 283136K, 47% used [0x00000003c0000000,0x00000003c847c4e0,0x00000003d1480000)
 Metaspace       used 100283K, capacity 101601K, committed 101848K, reserved 1138688K
  class space    used 13247K, capacity 13517K, committed 13568K, reserved 1048576K
Event: 594.669 GC heap after
Heap after GC invocations=603 (full 7):
 PSYoungGen      total 1751552K, used 288K [0x000000066ab00000, 0x00000006d5b80000, 0x00000007c0000000)
  eden space 1750528K, 0% used [0x000000066ab00000,0x000000066ab00000,0x00000006d5880000)
  from space 1024K, 28% used [0x00000006d5a80000,0x00000006d5ac8000,0x00000006d5b80000)
  to   space 1536K, 0% used [0x00000006d5880000,0x00000006d5880000,0x00000006d5a00000)
 ParOldGen       total 283136K, used 135673K [0x00000003c0000000, 0x00000003d1480000, 0x000000066ab00000)
  object space 283136K, 47% used [0x00000003c0000000,0x00000003c847e4e0,0x00000003d1480000)
 Metaspace       used 100283K, capacity 101601K, committed 101848K, reserved 1138688K
  class space    used 13247K, capacity 13517K, committed 13568K, reserved 1048576K
}
Event: 596.144 GC heap before
{Heap before GC invocations=604 (full 7):
 PSYoungGen      total 1751552K, used 1750816K [0x000000066ab00000, 0x00000006d5b80000, 0x00000007c0000000)
  eden space 1750528K, 100% used [0x000000066ab00000,0x00000006d5880000,0x00000006d5880000)
  from space 1024K, 28% used [0x00000006d5a80000,0x00000006d5ac8000,0x00000006d5b80000)
  to   space 1536K, 0% used [0x00000006d5880000,0x00000006d5880000,0x00000006d5a00000)
 ParOldGen       total 283136K, used 135673K [0x00000003c0000000, 0x00000003d1480000, 0x000000066ab00000)
  object space 283136K, 47% used [0x00000003c0000000,0x00000003c847e4e0,0x00000003d1480000)
 Metaspace       used 100283K, capacity 101601K, committed 101848K, reserved 1138688K
  class space    used 13247K, capacity 13517K, committed 13568K, reserved 1048576K
Event: 596.147 GC heap after
Heap after GC invocations=604 (full 7):
 PSYoungGen      total 1752064K, used 128K [0x000000066ab00000, 0x00000006d6b00000, 0x00000007c0000000)
  eden space 1750528K, 0% used [0x000000066ab00000,0x000000066ab00000,0x00000006d5880000)
  from space 1536K, 8% used [0x00000006d5880000,0x00000006d58a0000,0x00000006d5a00000)
  to   space 1536K, 0% used [0x00000006d6980000,0x00000006d6980000,0x00000006d6b00000)
 ParOldGen       total 283136K, used 135681K [0x00000003c0000000, 0x00000003d1480000, 0x000000066ab00000)
  object space 283136K, 47% used [0x00000003c0000000,0x00000003c84804e0,0x00000003d1480000)
 Metaspace       used 100283K, capacity 101601K, committed 101848K, reserved 1138688K
  class space    used 13247K, capacity 13517K, committed 13568K, reserved 1048576K
}
Event: 597.617 GC heap before
{Heap before GC invocations=605 (full 7):
 PSYoungGen      total 1752064K, used 1750656K [0x000000066ab00000, 0x00000006d6b00000, 0x00000007c0000000)
  eden space 1750528K, 100% used [0x000000066ab00000,0x00000006d5880000,0x00000006d5880000)
  from space 1536K, 8% used [0x00000006d5880000,0x00000006d58a0000,0x00000006d5a00000)
  to   space 1536K, 0% used [0x00000006d6980000,0x00000006d6980000,0x00000006d6b00000)
 ParOldGen       total 283136K, used 135681K [0x00000003c0000000, 0x00000003d1480000, 0x000000066ab00000)
  object space 283136K, 47% used [0x00000003c0000000,0x00000003c84804e0,0x00000003d1480000)
 Metaspace       used 100283K, capacity 101601K, committed 101848K, reserved 1138688K
  class space    used 13247K, capacity 13517K, committed 13568K, reserved 1048576K
Event: 597.620 GC heap after
Heap after GC invocations=605 (full 7):
 PSYoungGen      total 1767936K, used 384K [0x000000066ab00000, 0x00000006d6b00000, 0x00000007c0000000)
  eden space 1766400K, 0% used [0x000000066ab00000,0x000000066ab00000,0x00000006d6800000)
  from space 1536K, 25% used [0x00000006d6980000,0x00000006d69e0000,0x00000006d6b00000)
  to   space 1536K, 0% used [0x00000006d6800000,0x00000006d6800000,0x00000006d6980000)
 ParOldGen       total 283136K, used 135681K [0x00000003c0000000, 0x00000003d1480000, 0x000000066ab00000)
  object space 283136K, 47% used [0x00000003c0000000,0x00000003c84804e0,0x00000003d1480000)
 Metaspace       used 100283K, capacity 101601K, committed 101848K, reserved 1138688K
  class space    used 13247K, capacity 13517K, committed 13568K, reserved 1048576K
}
Event: 599.102 GC heap before
{Heap before GC invocations=606 (full 7):
 PSYoungGen      total 1767936K, used 1766784K [0x000000066ab00000, 0x00000006d6b00000, 0x00000007c0000000)
  eden space 1766400K, 100% used [0x000000066ab00000,0x00000006d6800000,0x00000006d6800000)
  from space 1536K, 25% used [0x00000006d6980000,0x00000006d69e0000,0x00000006d6b00000)
  to   space 1536K, 0% used [0x00000006d6800000,0x00000006d6800000,0x00000006d6980000)
 ParOldGen       total 283136K, used 135681K [0x00000003c0000000, 0x00000003d1480000, 0x000000066ab00000)
  object space 283136K, 47% used [0x00000003c0000000,0x00000003c84804e0,0x00000003d1480000)
 Metaspace       used 100283K, capacity 101601K, committed 101848K, reserved 1138688K
  class space    used 13247K, capacity 13517K, committed 13568K, reserved 1048576K
Event: 599.105 GC heap after
Heap after GC invocations=606 (full 7):
 PSYoungGen      total 1767936K, used 128K [0x000000066ab00000, 0x00000006d7a80000, 0x00000007c0000000)
  eden space 1766400K, 0% used [0x000000066ab00000,0x000000066ab00000,0x00000006d6800000)
  from space 1536K, 8% used [0x00000006d6800000,0x00000006d6820000,0x00000006d6980000)
  to   space 1536K, 0% used [0x00000006d7900000,0x00000006d7900000,0x00000006d7a80000)
 ParOldGen       total 283136K, used 135681K [0x00000003c0000000, 0x00000003d1480000, 0x000000066ab00000)
  object space 283136K, 47% used [0x00000003c0000000,0x00000003c84804e0,0x00000003d1480000)
 Metaspace       used 100283K, capacity 101601K, committed 101848K, reserved 1138688K
  class space    used 13247K, capacity 13517K, committed 13568K, reserved 1048576K
}
Event: 600.583 GC heap before
{Heap before GC invocations=607 (full 7):
 PSYoungGen      total 1767936K, used 1766528K [0x000000066ab00000, 0x00000006d7a80000, 0x00000007c0000000)
  eden space 1766400K, 100% used [0x000000066ab00000,0x00000006d6800000,0x00000006d6800000)
  from space 1536K, 8% used [0x00000006d6800000,0x00000006d6820000,0x00000006d6980000)
  to   space 1536K, 0% used [0x00000006d7900000,0x00000006d7900000,0x00000006d7a80000)
 ParOldGen       total 283136K, used 135681K [0x00000003c0000000, 0x00000003d1480000, 0x000000066ab00000)
  object space 283136K, 47% used [0x00000003c0000000,0x00000003c84804e0,0x00000003d1480000)
 Metaspace       used 100283K, capacity 101601K, committed 101848K, reserved 1138688K
  class space    used 13247K, capacity 13517K, committed 13568K, reserved 1048576K
Event: 600.586 GC heap after
Heap after GC invocations=607 (full 7):
 PSYoungGen      total 1783808K, used 160K [0x000000066ab00000, 0x00000006d7a80000, 0x00000007c0000000)
  eden space 1782272K, 0% used [0x000000066ab00000,0x000000066ab00000,0x00000006d7780000)
  from space 1536K, 10% used [0x00000006d7900000,0x00000006d7928000,0x00000006d7a80000)
  to   space 1536K, 0% used [0x00000006d7780000,0x00000006d7780000,0x00000006d7900000)
 ParOldGen       total 283136K, used 135681K [0x00000003c0000000, 0x00000003d1480000, 0x000000066ab00000)
  object space 283136K, 47% used [0x00000003c0000000,0x00000003c84804e0,0x00000003d1480000)
 Metaspace       used 100283K, capacity 101601K, committed 101848K, reserved 1138688K
  class space    used 13247K, capacity 13517K, committed 13568K, reserved 1048576K
}
Event: 602.078 GC heap before
{Heap before GC invocations=608 (full 7):
 PSYoungGen      total 1783808K, used 1782432K [0x000000066ab00000, 0x00000006d7a80000, 0x00000007c0000000)
  eden space 1782272K, 100% used [0x000000066ab00000,0x00000006d7780000,0x00000006d7780000)
  from space 1536K, 10% used [0x00000006d7900000,0x00000006d7928000,0x00000006d7a80000)
  to   space 1536K, 0% used [0x00000006d7780000,0x00000006d7780000,0x00000006d7900000)
 ParOldGen       total 283136K, used 135681K [0x00000003c0000000, 0x00000003d1480000, 0x000000066ab00000)
  object space 283136K, 47% used [0x00000003c0000000,0x00000003c84804e0,0x00000003d1480000)
 Metaspace       used 100283K, capacity 101601K, committed 101848K, reserved 1138688K
  class space    used 13247K, capacity 13517K, committed 13568K, reserved 1048576K
Event: 602.081 GC heap after
Heap after GC invocations=608 (full 7):
 PSYoungGen      total 1783808K, used 256K [0x000000066ab00000, 0x00000006d8a00000, 0x00000007c0000000)
  eden space 1782272K, 0% used [0x000000066ab00000,0x000000066ab00000,0x00000006d7780000)
  from space 1536K, 16% used [0x00000006d7780000,0x00000006d77c0000,0x00000006d7900000)
  to   space 1536K, 0% used [0x00000006d8880000,0x00000006d8880000,0x00000006d8a00000)
 ParOldGen       total 283136K, used 135681K [0x00000003c0000000, 0x00000003d1480000, 0x000000066ab00000)
  object space 283136K, 47% used [0x00000003c0000000,0x00000003c84804e0,0x00000003d1480000)
 Metaspace       used 100283K, capacity 101601K, committed 101848K, reserved 1138688K
  class space    used 13247K, capacity 13517K, committed 13568K, reserved 1048576K
}
Event: 603.572 GC heap before
{Heap before GC invocations=609 (full 7):
 PSYoungGen      total 1783808K, used 1782528K [0x000000066ab00000, 0x00000006d8a00000, 0x00000007c0000000)
  eden space 1782272K, 100% used [0x000000066ab00000,0x00000006d7780000,0x00000006d7780000)
  from space 1536K, 16% used [0x00000006d7780000,0x00000006d77c0000,0x00000006d7900000)
  to   space 1536K, 0% used [0x00000006d8880000,0x00000006d8880000,0x00000006d8a00000)
 ParOldGen       total 283136K, used 135681K [0x00000003c0000000, 0x00000003d1480000, 0x000000066ab00000)
  object space 283136K, 47% used [0x00000003c0000000,0x00000003c84804e0,0x00000003d1480000)
 Metaspace       used 100283K, capacity 101601K, committed 101848K, reserved 1138688K
  class space    used 13247K, capacity 13517K, committed 13568K, reserved 1048576K
Event: 603.575 GC heap after
Heap after GC invocations=609 (full 7):
 PSYoungGen      total 1798656K, used 96K [0x000000066ab00000, 0x00000006d8900000, 0x00000007c0000000)
  eden space 1798144K, 0% used [0x000000066ab00000,0x000000066ab00000,0x00000006d8700000)
  from space 512K, 18% used [0x00000006d8880000,0x00000006d8898000,0x00000006d8900000)
  to   space 1024K, 0% used [0x00000006d8700000,0x00000006d8700000,0x00000006d8800000)
 ParOldGen       total 283136K, used 135681K [0x00000003c0000000, 0x00000003d1480000, 0x000000066ab00000)
  object space 283136K, 47% used [0x00000003c0000000,0x00000003c84804e0,0x00000003d1480000)
 Metaspace       used 100283K, capacity 101601K, committed 101848K, reserved 1138688K
  class space    used 13247K, capacity 13517K, committed 13568K, reserved 1048576K
}
Event: 605.064 GC heap before
{Heap before GC invocations=610 (full 7):
 PSYoungGen      total 1798656K, used 1798240K [0x000000066ab00000, 0x00000006d8900000, 0x00000007c0000000)
  eden space 1798144K, 100% used [0x000000066ab00000,0x00000006d8700000,0x00000006d8700000)
  from space 512K, 18% used [0x00000006d8880000,0x00000006d8898000,0x00000006d8900000)
  to   space 1024K, 0% used [0x00000006d8700000,0x00000006d8700000,0x00000006d8800000)
 ParOldGen       total 283136K, used 135681K [0x00000003c0000000, 0x00000003d1480000, 0x000000066ab00000)
  object space 283136K, 47% used [0x00000003c0000000,0x00000003c84804e0,0x00000003d1480000)
 Metaspace       used 100283K, capacity 101601K, committed 101848K, reserved 1138688K
  class space    used 13247K, capacity 13517K, committed 13568K, reserved 1048576K
Event: 605.067 GC heap after
Heap after GC invocations=610 (full 7):
 PSYoungGen      total 1799168K, used 207K [0x000000066ab00000, 0x00000006d9880000, 0x00000007c0000000)
  eden space 1798144K, 0% used [0x000000066ab00000,0x000000066ab00000,0x00000006d8700000)
  from space 1024K, 20% used [0x00000006d8700000,0x00000006d8733f90,0x00000006d8800000)
  to   space 1024K, 0% used [0x00000006d9780000,0x00000006d9780000,0x00000006d9880000)
 ParOldGen       total 283136K, used 135689K [0x00000003c0000000, 0x00000003d1480000, 0x000000066ab00000)
  object space 283136K, 47% used [0x00000003c0000000,0x00000003c84824e0,0x00000003d1480000)
 Metaspace       used 100283K, capacity 101601K, committed 101848K, reserved 1138688K
  class space    used 13247K, capacity 13517K, committed 13568K, reserved 1048576K
}
Event: 606.549 GC heap before
{Heap before GC invocations=611 (full 7):
 PSYoungGen      total 1799168K, used 1798351K [0x000000066ab00000, 0x00000006d9880000, 0x00000007c0000000)
  eden space 1798144K, 100% used [0x000000066ab00000,0x00000006d8700000,0x00000006d8700000)
  from space 1024K, 20% used [0x00000006d8700000,0x00000006d8733f90,0x00000006d8800000)
  to   space 1024K, 0% used [0x00000006d9780000,0x00000006d9780000,0x00000006d9880000)
 ParOldGen       total 283136K, used 135689K [0x00000003c0000000, 0x00000003d1480000, 0x000000066ab00000)
  object space 283136K, 47% used [0x00000003c0000000,0x00000003c84824e0,0x00000003d1480000)
 Metaspace       used 100284K, capacity 101601K, committed 101848K, reserved 1138688K
  class space    used 13247K, capacity 13517K, committed 13568K, reserved 1048576K
Event: 606.552 GC heap after
Heap after GC invocations=611 (full 7):
 PSYoungGen      total 1815040K, used 64K [0x000000066ab00000, 0x00000006d9900000, 0x00000007c0000000)
  eden space 1814016K, 0% used [0x000000066ab00000,0x000000066ab00000,0x00000006d9680000)
  from space 1024K, 6% used [0x00000006d9780000,0x00000006d9790000,0x00000006d9880000)
  to   space 1024K, 0% used [0x00000006d9680000,0x00000006d9680000,0x00000006d9780000)
 ParOldGen       total 283136K, used 135689K [0x00000003c0000000, 0x00000003d1480000, 0x000000066ab00000)
  object space 283136K, 47% used [0x00000003c0000000,0x00000003c84824e0,0x00000003d1480000)
 Metaspace       used 100284K, capacity 101601K, committed 101848K, reserved 1138688K
  class space    used 13247K, capacity 13517K, committed 13568K, reserved 1048576K
}
Event: 608.101 GC heap before
{Heap before GC invocations=612 (full 7):
 PSYoungGen      total 1815040K, used 1814080K [0x000000066ab00000, 0x00000006d9900000, 0x00000007c0000000)
  eden space 1814016K, 100% used [0x000000066ab00000,0x00000006d9680000,0x00000006d9680000)
  from space 1024K, 6% used [0x00000006d9780000,0x00000006d9790000,0x00000006d9880000)
  to   space 1024K, 0% used [0x00000006d9680000,0x00000006d9680000,0x00000006d9780000)
 ParOldGen       total 283136K, used 135689K [0x00000003c0000000, 0x00000003d1480000, 0x000000066ab00000)
  object space 283136K, 47% used [0x00000003c0000000,0x00000003c84824e0,0x00000003d1480000)
 Metaspace       used 100284K, capacity 101601K, committed 101848K, reserved 1138688K
  class space    used 13247K, capacity 13517K, committed 13568K, reserved 1048576K
Event: 608.104 GC heap after
Heap after GC invocations=612 (full 7):
 PSYoungGen      total 1815040K, used 224K [0x000000066ab00000, 0x00000006da800000, 0x00000007c0000000)
  eden space 1814016K, 0% used [0x000000066ab00000,0x000000066ab00000,0x00000006d9680000)
  from space 1024K, 21% used [0x00000006d9680000,0x00000006d96b8000,0x00000006d9780000)
  to   space 1024K, 0% used [0x00000006da700000,0x00000006da700000,0x00000006da800000)
 ParOldGen       total 283136K, used 135689K [0x00000003c0000000, 0x00000003d1480000, 0x000000066ab00000)
  object space 283136K, 47% used [0x00000003c0000000,0x00000003c84824e0,0x00000003d1480000)
 Metaspace       used 100284K, capacity 101601K, committed 101848K, reserved 1138688K
  class space    used 13247K, capacity 13517K, committed 13568K, reserved 1048576K
}
Event: 609.619 GC heap before
{Heap before GC invocations=613 (full 7):
 PSYoungGen      total 1815040K, used 1814240K [0x000000066ab00000, 0x00000006da800000, 0x00000007c0000000)
  eden space 1814016K, 100% used [0x000000066ab00000,0x00000006d9680000,0x00000006d9680000)
  from space 1024K, 21% used [0x00000006d9680000,0x00000006d96b8000,0x00000006d9780000)
  to   space 1024K, 0% used [0x00000006da700000,0x00000006da700000,0x00000006da800000)
 ParOldGen       total 283136K, used 135689K [0x00000003c0000000, 0x00000003d1480000, 0x000000066ab00000)
  object space 283136K, 47% used [0x00000003c0000000,0x00000003c84824e0,0x00000003d1480000)
 Metaspace       used 100288K, capacity 101601K, committed 101848K, reserved 1138688K
  class space    used 13247K, capacity 13517K, committed 13568K, reserved 1048576K
Event: 609.622 GC heap after
Heap after GC invocations=613 (full 7):
 PSYoungGen      total 1830912K, used 128K [0x000000066ab00000, 0x00000006da800000, 0x00000007c0000000)
  eden space 1829888K, 0% used [0x000000066ab00000,0x000000066ab00000,0x00000006da600000)
  from space 1024K, 12% used [0x00000006da700000,0x00000006da720000,0x00000006da800000)
  to   space 1024K, 0% used [0x00000006da600000,0x00000006da600000,0x00000006da700000)
 ParOldGen       total 283136K, used 135689K [0x00000003c0000000, 0x00000003d1480000, 0x000000066ab00000)
  object space 283136K, 47% used [0x00000003c0000000,0x00000003c84824e0,0x00000003d1480000)
 Metaspace       used 100288K, capacity 101601K, committed 101848K, reserved 1138688K
  class space    used 13247K, capacity 13517K, committed 13568K, reserved 1048576K
}
Event: 611.167 GC heap before
{Heap before GC invocations=614 (full 7):
 PSYoungGen      total 1830912K, used 1830016K [0x000000066ab00000, 0x00000006da800000, 0x00000007c0000000)
  eden space 1829888K, 100% used [0x000000066ab00000,0x00000006da600000,0x00000006da600000)
  from space 1024K, 12% used [0x00000006da700000,0x00000006da720000,0x00000006da800000)
  to   space 1024K, 0% used [0x00000006da600000,0x00000006da600000,0x00000006da700000)
 ParOldGen       total 283136K, used 135689K [0x00000003c0000000, 0x00000003d1480000, 0x000000066ab00000)
  object space 283136K, 47% used [0x00000003c0000000,0x00000003c84824e0,0x00000003d1480000)
 Metaspace       used 100288K, capacity 101601K, committed 101848K, reserved 1138688K
  class space    used 13247K, capacity 13517K, committed 13568K, reserved 1048576K
Event: 611.170 GC heap after
Heap after GC invocations=614 (full 7):
 PSYoungGen      total 1830912K, used 64K [0x000000066ab00000, 0x00000006db780000, 0x00000007c0000000)
  eden space 1829888K, 0% used [0x000000066ab00000,0x000000066ab00000,0x00000006da600000)
  from space 1024K, 6% used [0x00000006da600000,0x00000006da610000,0x00000006da700000)
  to   space 1024K, 0% used [0x00000006db680000,0x00000006db680000,0x00000006db780000)
 ParOldGen       total 283136K, used 135689K [0x00000003c0000000, 0x00000003d1480000, 0x000000066ab00000)
  object space 283136K, 47% used [0x00000003c0000000,0x00000003c84824e0,0x00000003d1480000)
 Metaspace       used 100288K, capacity 101601K, committed 101848K, reserved 1138688K
  class space    used 13247K, capacity 13517K, committed 13568K, reserved 1048576K
}
Event: 612.698 GC heap before
{Heap before GC invocations=615 (full 7):
 PSYoungGen      total 1830912K, used 1829952K [0x000000066ab00000, 0x00000006db780000, 0x00000007c0000000)
  eden space 1829888K, 100% used [0x000000066ab00000,0x00000006da600000,0x00000006da600000)
  from space 1024K, 6% used [0x00000006da600000,0x00000006da610000,0x00000006da700000)
  to   space 1024K, 0% used [0x00000006db680000,0x00000006db680000,0x00000006db780000)
 ParOldGen       total 283136K, used 135689K [0x00000003c0000000, 0x00000003d1480000, 0x000000066ab00000)
  object space 283136K, 47% used [0x00000003c0000000,0x00000003c84824e0,0x00000003d1480000)
 Metaspace       used 100288K, capacity 101601K, committed 101848K, reserved 1138688K
  class space    used 13247K, capacity 13517K, committed 13568K, reserved 1048576K
Event: 612.701 GC heap after
Heap after GC invocations=615 (full 7):
 PSYoungGen      total 1846784K, used 64K [0x000000066ab00000, 0x00000006db780000, 0x00000007c0000000)
  eden space 1845760K, 0% used [0x000000066ab00000,0x000000066ab00000,0x00000006db580000)
  from space 1024K, 6% used [0x00000006db680000,0x00000006db690000,0x00000006db780000)
  to   space 1024K, 0% used [0x00000006db580000,0x00000006db580000,0x00000006db680000)
 ParOldGen       total 283136K, used 135689K [0x00000003c0000000, 0x00000003d1480000, 0x000000066ab00000)
  object space 283136K, 47% used [0x00000003c0000000,0x00000003c84824e0,0x00000003d1480000)
 Metaspace       used 100288K, capacity 101601K, committed 101848K, reserved 1138688K
  class space    used 13247K, capacity 13517K, committed 13568K, reserved 1048576K
}
Event: 614.236 GC heap before
{Heap before GC invocations=616 (full 7):
 PSYoungGen      total 1846784K, used 1845824K [0x000000066ab00000, 0x00000006db780000, 0x00000007c0000000)
  eden space 1845760K, 100% used [0x000000066ab00000,0x00000006db580000,0x00000006db580000)
  from space 1024K, 6% used [0x00000006db680000,0x00000006db690000,0x00000006db780000)
  to   space 1024K, 0% used [0x00000006db580000,0x00000006db580000,0x00000006db680000)
 ParOldGen       total 283136K, used 135689K [0x00000003c0000000, 0x00000003d1480000, 0x000000066ab00000)
  object space 283136K, 47% used [0x00000003c0000000,0x00000003c84824e0,0x00000003d1480000)
 Metaspace       used 100288K, capacity 101601K, committed 101848K, reserved 1138688K
  class space    used 13247K, capacity 13517K, committed 13568K, reserved 1048576K
Event: 614.240 GC heap after
Heap after GC invocations=616 (full 7):
 PSYoungGen      total 1846784K, used 192K [0x000000066ab00000, 0x00000006dc780000, 0x00000007c0000000)
  eden space 1845760K, 0% used [0x000000066ab00000,0x000000066ab00000,0x00000006db580000)
  from space 1024K, 18% used [0x00000006db580000,0x00000006db5b0000,0x00000006db680000)
  to   space 1024K, 0% used [0x00000006dc680000,0x00000006dc680000,0x00000006dc780000)
 ParOldGen       total 283136K, used 135689K [0x00000003c0000000, 0x00000003d1480000, 0x000000066ab00000)
  object space 283136K, 47% used [0x00000003c0000000,0x00000003c84824e0,0x00000003d1480000)
 Metaspace       used 100288K, capacity 101601K, committed 101848K, reserved 1138688K
  class space    used 13247K, capacity 13517K, committed 13568K, reserved 1048576K
}
Event: 615.790 GC heap before
{Heap before GC invocations=617 (full 7):
 PSYoungGen      total 1846784K, used 1845952K [0x000000066ab00000, 0x00000006dc780000, 0x00000007c0000000)
  eden space 1845760K, 100% used [0x000000066ab00000,0x00000006db580000,0x00000006db580000)
  from space 1024K, 18% used [0x00000006db580000,0x00000006db5b0000,0x00000006db680000)
  to   space 1024K, 0% used [0x00000006dc680000,0x00000006dc680000,0x00000006dc780000)
 ParOldGen       total 283136K, used 135689K [0x00000003c0000000, 0x00000003d1480000, 0x000000066ab00000)
  object space 283136K, 47% used [0x00000003c0000000,0x00000003c84824e0,0x00000003d1480000)
 Metaspace       used 100288K, capacity 101601K, committed 101848K, reserved 1138688K
  class space    used 13247K, capacity 13517K, committed 13568K, reserved 1048576K
Event: 615.793 GC heap after
Heap after GC invocations=617 (full 7):
 PSYoungGen      total 1862144K, used 224K [0x000000066ab00000, 0x00000006dc700000, 0x00000007c0000000)
  eden space 1861632K, 0% used [0x000000066ab00000,0x000000066ab00000,0x00000006dc500000)
  from space 512K, 43% used [0x00000006dc680000,0x00000006dc6b8000,0x00000006dc700000)
  to   space 1024K, 0% used [0x00000006dc500000,0x00000006dc500000,0x00000006dc600000)
 ParOldGen       total 283136K, used 135697K [0x00000003c0000000, 0x00000003d1480000, 0x000000066ab00000)
  object space 283136K, 47% used [0x00000003c0000000,0x00000003c84844e0,0x00000003d1480000)
 Metaspace       used 100288K, capacity 101601K, committed 101848K, reserved 1138688K
  class space    used 13247K, capacity 13517K, committed 13568K, reserved 1048576K
}
Event: 617.689 GC heap before
{Heap before GC invocations=618 (full 7):
 PSYoungGen      total 1862144K, used 1861856K [0x000000066ab00000, 0x00000006dc700000, 0x00000007c0000000)
  eden space 1861632K, 100% used [0x000000066ab00000,0x00000006dc500000,0x00000006dc500000)
  from space 512K, 43% used [0x00000006dc680000,0x00000006dc6b8000,0x00000006dc700000)
  to   space 1024K, 0% used [0x00000006dc500000,0x00000006dc500000,0x00000006dc600000)
 ParOldGen       total 283136K, used 135697K [0x00000003c0000000, 0x00000003d1480000, 0x000000066ab00000)
  object space 283136K, 47% used [0x00000003c0000000,0x00000003c84844e0,0x00000003d1480000)
 Metaspace       used 100358K, capacity 101643K, committed 101848K, reserved 1138688K
  class space    used 13251K, capacity 13524K, committed 13568K, reserved 1048576K
Event: 617.693 GC heap after
Heap after GC invocations=618 (full 7):
 PSYoungGen      total 1862656K, used 1000K [0x000000066ab00000, 0x00000006dd900000, 0x00000007c0000000)
  eden space 1861632K, 0% used [0x000000066ab00000,0x000000066ab00000,0x00000006dc500000)
  from space 1024K, 97% used [0x00000006dc500000,0x00000006dc5fa030,0x00000006dc600000)
  to   space 2048K, 0% used [0x00000006dd700000,0x00000006dd700000,0x00000006dd900000)
 ParOldGen       total 283136K, used 138563K [0x00000003c0000000, 0x00000003d1480000, 0x000000066ab00000)
  object space 283136K, 48% used [0x00000003c0000000,0x00000003c8750d88,0x00000003d1480000)
 Metaspace       used 100358K, capacity 101643K, committed 101848K, reserved 1138688K
  class space    used 13251K, capacity 13524K, committed 13568K, reserved 1048576K
}
Event: 619.248 GC heap before
{Heap before GC invocations=619 (full 7):
 PSYoungGen      total 1862656K, used 1862632K [0x000000066ab00000, 0x00000006dd900000, 0x00000007c0000000)
  eden space 1861632K, 100% used [0x000000066ab00000,0x00000006dc500000,0x00000006dc500000)
  from space 1024K, 97% used [0x00000006dc500000,0x00000006dc5fa030,0x00000006dc600000)
  to   space 2048K, 0% used [0x00000006dd700000,0x00000006dd700000,0x00000006dd900000)
 ParOldGen       total 283136K, used 138563K [0x00000003c0000000, 0x00000003d1480000, 0x000000066ab00000)
  object space 283136K, 48% used [0x00000003c0000000,0x00000003c8750d88,0x00000003d1480000)
 Metaspace       used 100367K, capacity 101643K, committed 101848K, reserved 1138688K
  class space    used 13251K, capacity 13524K, committed 13568K, reserved 1048576K
Event: 619.252 GC heap after
Heap after GC invocations=619 (full 7):
 PSYoungGen      total 1879552K, used 1374K [0x000000066ab00000, 0x00000006dda80000, 0x00000007c0000000)
  eden space 1877504K, 0% used [0x000000066ab00000,0x000000066ab00000,0x00000006dd480000)
  from space 2048K, 67% used [0x00000006dd700000,0x00000006dd857840,0x00000006dd900000)
  to   space 2560K, 0% used [0x00000006dd480000,0x00000006dd480000,0x00000006dd700000)
 ParOldGen       total 283136K, used 138571K [0x00000003c0000000, 0x00000003d1480000, 0x000000066ab00000)
  object space 283136K, 48% used [0x00000003c0000000,0x00000003c8752d88,0x00000003d1480000)
 Metaspace       used 100367K, capacity 101643K, committed 101848K, reserved 1138688K
  class space    used 13251K, capacity 13524K, committed 13568K, reserved 1048576K
}
Event: 620.819 GC heap before
{Heap before GC invocations=620 (full 7):
 PSYoungGen      total 1879552K, used 1878878K [0x000000066ab00000, 0x00000006dda80000, 0x00000007c0000000)
  eden space 1877504K, 100% used [0x000000066ab00000,0x00000006dd480000,0x00000006dd480000)
  from space 2048K, 67% used [0x00000006dd700000,0x00000006dd857840,0x00000006dd900000)
  to   space 2560K, 0% used [0x00000006dd480000,0x00000006dd480000,0x00000006dd700000)
 ParOldGen       total 283136K, used 138571K [0x00000003c0000000, 0x00000003d1480000, 0x000000066ab00000)
  object space 283136K, 48% used [0x00000003c0000000,0x00000003c8752d88,0x00000003d1480000)
 Metaspace       used 100367K, capacity 101643K, committed 101848K, reserved 1138688K
  class space    used 13251K, capacity 13524K, committed 13568K, reserved 1048576K
Event: 620.822 GC heap after
Heap after GC invocations=620 (full 7):
 PSYoungGen      total 1880064K, used 1342K [0x000000066ab00000, 0x00000006dea80000, 0x00000007c0000000)
  eden space 1877504K, 0% used [0x000000066ab00000,0x000000066ab00000,0x00000006dd480000)
  from space 2560K, 52% used [0x00000006dd480000,0x00000006dd5cf840,0x00000006dd700000)
  to   space 2560K, 0% used [0x00000006de800000,0x00000006de800000,0x00000006dea80000)
 ParOldGen       total 283136K, used 138571K [0x00000003c0000000, 0x00000003d1480000, 0x000000066ab00000)
  object space 283136K, 48% used [0x00000003c0000000,0x00000003c8752d88,0x00000003d1480000)
 Metaspace       used 100367K, capacity 101643K, committed 101848K, reserved 1138688K
  class space    used 13251K, capacity 13524K, committed 13568K, reserved 1048576K
}
Event: 622.402 GC heap before
{Heap before GC invocations=621 (full 7):
 PSYoungGen      total 1880064K, used 1878846K [0x000000066ab00000, 0x00000006dea80000, 0x00000007c0000000)
  eden space 1877504K, 100% used [0x000000066ab00000,0x00000006dd480000,0x00000006dd480000)
  from space 2560K, 52% used [0x00000006dd480000,0x00000006dd5cf840,0x00000006dd700000)
  to   space 2560K, 0% used [0x00000006de800000,0x00000006de800000,0x00000006dea80000)
 ParOldGen       total 283136K, used 138571K [0x00000003c0000000, 0x00000003d1480000, 0x000000066ab00000)
  object space 283136K, 48% used [0x00000003c0000000,0x00000003c8752d88,0x00000003d1480000)
 Metaspace       used 100367K, capacity 101643K, committed 101848K, reserved 1138688K
  class space    used 13251K, capacity 13524K, committed 13568K, reserved 1048576K
Event: 622.406 GC heap after
Heap after GC invocations=621 (full 7):
 PSYoungGen      total 1897472K, used 1647K [0x000000066ab00000, 0x00000006deb00000, 0x00000007c0000000)
  eden space 1894912K, 0% used [0x000000066ab00000,0x000000066ab00000,0x00000006de580000)
  from space 2560K, 64% used [0x00000006de800000,0x00000006de99bc10,0x00000006dea80000)
  to   space 2560K, 0% used [0x00000006de580000,0x00000006de580000,0x00000006de800000)
 ParOldGen       total 283136K, used 138571K [0x00000003c0000000, 0x00000003d1480000, 0x000000066ab00000)
  object space 283136K, 48% used [0x00000003c0000000,0x00000003c8752d88,0x00000003d1480000)
 Metaspace       used 100367K, capacity 101643K, committed 101848K, reserved 1138688K
  class space    used 13251K, capacity 13524K, committed 13568K, reserved 1048576K
}
Event: 623.995 GC heap before
{Heap before GC invocations=622 (full 7):
 PSYoungGen      total 1897472K, used 1896559K [0x000000066ab00000, 0x00000006deb00000, 0x00000007c0000000)
  eden space 1894912K, 100% used [0x000000066ab00000,0x00000006de580000,0x00000006de580000)
  from space 2560K, 64% used [0x00000006de800000,0x00000006de99bc10,0x00000006dea80000)
  to   space 2560K, 0% used [0x00000006de580000,0x00000006de580000,0x00000006de800000)
 ParOldGen       total 283136K, used 138571K [0x00000003c0000000, 0x00000003d1480000, 0x000000066ab00000)
  object space 283136K, 48% used [0x00000003c0000000,0x00000003c8752d88,0x00000003d1480000)
 Metaspace       used 100367K, capacity 101643K, committed 101848K, reserved 1138688K
  class space    used 13251K, capacity 13524K, committed 13568K, reserved 1048576K
Event: 623.999 GC heap after
Heap after GC invocations=622 (full 7):
 PSYoungGen      total 1897472K, used 1087K [0x000000066ab00000, 0x00000006dfc80000, 0x00000007c0000000)
  eden space 1894912K, 0% used [0x000000066ab00000,0x000000066ab00000,0x00000006de580000)
  from space 2560K, 42% used [0x00000006de580000,0x00000006de68fe00,0x00000006de800000)
  to   space 2560K, 0% used [0x00000006dfa00000,0x00000006dfa00000,0x00000006dfc80000)
 ParOldGen       total 283136K, used 138571K [0x00000003c0000000, 0x00000003d1480000, 0x000000066ab00000)
  object space 283136K, 48% used [0x00000003c0000000,0x00000003c8752d88,0x00000003d1480000)
 Metaspace       used 100367K, capacity 101643K, committed 101848K, reserved 1138688K
  class space    used 13251K, capacity 13524K, committed 13568K, reserved 1048576K
}
Event: 625.566 GC heap before
{Heap before GC invocations=623 (full 7):
 PSYoungGen      total 1897472K, used 1895999K [0x000000066ab00000, 0x00000006dfc80000, 0x00000007c0000000)
  eden space 1894912K, 100% used [0x000000066ab00000,0x00000006de580000,0x00000006de580000)
  from space 2560K, 42% used [0x00000006de580000,0x00000006de68fe00,0x00000006de800000)
  to   space 2560K, 0% used [0x00000006dfa00000,0x00000006dfa00000,0x00000006dfc80000)
 ParOldGen       total 283136K, used 138571K [0x00000003c0000000, 0x00000003d1480000, 0x000000066ab00000)
  object space 283136K, 48% used [0x00000003c0000000,0x00000003c8752d88,0x00000003d1480000)
 Metaspace       used 100367K, capacity 101643K, committed 101848K, reserved 1138688K
  class space    used 13251K, capacity 13524K, committed 13568K, reserved 1048576K
Event: 625.570 GC heap after
Heap after GC invocations=623 (full 7):
 PSYoungGen      total 1915904K, used 1566K [0x000000066ab00000, 0x00000006dfc80000, 0x00000007c0000000)
  eden space 1913344K, 0% used [0x000000066ab00000,0x000000066ab00000,0x00000006df780000)
  from space 2560K, 61% used [0x00000006dfa00000,0x00000006dfb87840,0x00000006dfc80000)
  to   space 2560K, 0% used [0x00000006df780000,0x00000006df780000,0x00000006dfa00000)
 ParOldGen       total 283136K, used 138571K [0x00000003c0000000, 0x00000003d1480000, 0x000000066ab00000)
  object space 283136K, 48% used [0x00000003c0000000,0x00000003c8752d88,0x00000003d1480000)
 Metaspace       used 100367K, capacity 101643K, committed 101848K, reserved 1138688K
  class space    used 13251K, capacity 13524K, committed 13568K, reserved 1048576K
}
Event: 627.166 GC heap before
{Heap before GC invocations=624 (full 7):
 PSYoungGen      total 1915904K, used 1914910K [0x000000066ab00000, 0x00000006dfc80000, 0x00000007c0000000)
  eden space 1913344K, 100% used [0x000000066ab00000,0x00000006df780000,0x00000006df780000)
  from space 2560K, 61% used [0x00000006dfa00000,0x00000006dfb87840,0x00000006dfc80000)
  to   space 2560K, 0% used [0x00000006df780000,0x00000006df780000,0x00000006dfa00000)
 ParOldGen       total 283136K, used 138571K [0x00000003c0000000, 0x00000003d1480000, 0x000000066ab00000)
  object space 283136K, 48% used [0x00000003c0000000,0x00000003c8752d88,0x00000003d1480000)
 Metaspace       used 100367K, capacity 101643K, committed 101848K, reserved 1138688K
  class space    used 13251K, capacity 13524K, committed 13568K, reserved 1048576K
Event: 627.172 GC heap after
Heap after GC invocations=624 (full 7):
 PSYoungGen      total 1915904K, used 959K [0x000000066ab00000, 0x00000006e1200000, 0x00000007c0000000)
  eden space 1913344K, 0% used [0x000000066ab00000,0x000000066ab00000,0x00000006df780000)
  from space 2560K, 37% used [0x00000006df780000,0x00000006df86fe00,0x00000006dfa00000)
  to   space 2560K, 0% used [0x00000006e0f80000,0x00000006e0f80000,0x00000006e1200000)
 ParOldGen       total 283136K, used 138587K [0x00000003c0000000, 0x00000003d1480000, 0x000000066ab00000)
  object space 283136K, 48% used [0x00000003c0000000,0x00000003c8756d88,0x00000003d1480000)
 Metaspace       used 100367K, capacity 101643K, committed 101848K, reserved 1138688K
  class space    used 13251K, capacity 13524K, committed 13568K, reserved 1048576K
}
Event: 628.783 GC heap before
{Heap before GC invocations=625 (full 7):
 PSYoungGen      total 1915904K, used 1914303K [0x000000066ab00000, 0x00000006e1200000, 0x00000007c0000000)
  eden space 1913344K, 100% used [0x000000066ab00000,0x00000006df780000,0x00000006df780000)
  from space 2560K, 37% used [0x00000006df780000,0x00000006df86fe00,0x00000006dfa00000)
  to   space 2560K, 0% used [0x00000006e0f80000,0x00000006e0f80000,0x00000006e1200000)
 ParOldGen       total 283136K, used 138587K [0x00000003c0000000, 0x00000003d1480000, 0x000000066ab00000)
  object space 283136K, 48% used [0x00000003c0000000,0x00000003c8756d88,0x00000003d1480000)
 Metaspace       used 100367K, capacity 101643K, committed 101848K, reserved 1138688K
  class space    used 13251K, capacity 13524K, committed 13568K, reserved 1048576K
Event: 628.787 GC heap after
Heap after GC invocations=625 (full 7):
 PSYoungGen      total 1935872K, used 1087K [0x000000066ab00000, 0x00000006e1100000, 0x00000007c0000000)
  eden space 1934336K, 0% used [0x000000066ab00000,0x000000066ab00000,0x00000006e0c00000)
  from space 1536K, 70% used [0x00000006e0f80000,0x00000006e108fe00,0x00000006e1100000)
  to   space 2560K, 0% used [0x00000006e0c00000,0x00000006e0c00000,0x00000006e0e80000)
 ParOldGen       total 283136K, used 138587K [0x00000003c0000000, 0x00000003d1480000, 0x000000066ab00000)
  object space 283136K, 48% used [0x00000003c0000000,0x00000003c8756d88,0x00000003d1480000)
 Metaspace       used 100367K, capacity 101643K, committed 101848K, reserved 1138688K
  class space    used 13251K, capacity 13524K, committed 13568K, reserved 1048576K
}
Event: 630.406 GC heap before
{Heap before GC invocations=626 (full 7):
 PSYoungGen      total 1935872K, used 1935423K [0x000000066ab00000, 0x00000006e1100000, 0x00000007c0000000)
  eden space 1934336K, 100% used [0x000000066ab00000,0x00000006e0c00000,0x00000006e0c00000)
  from space 1536K, 70% used [0x00000006e0f80000,0x00000006e108fe00,0x00000006e1100000)
  to   space 2560K, 0% used [0x00000006e0c00000,0x00000006e0c00000,0x00000006e0e80000)
 ParOldGen       total 283136K, used 138587K [0x00000003c0000000, 0x00000003d1480000, 0x000000066ab00000)
  object space 283136K, 48% used [0x00000003c0000000,0x00000003c8756d88,0x00000003d1480000)
 Metaspace       used 100367K, capacity 101643K, committed 101848K, reserved 1138688K
  class space    used 13251K, capacity 13524K, committed 13568K, reserved 1048576K
Event: 630.410 GC heap after
Heap after GC invocations=626 (full 7):
 PSYoungGen      total 1936896K, used 959K [0x000000066ab00000, 0x00000006e2500000, 0x00000007c0000000)
  eden space 1934336K, 0% used [0x000000066ab00000,0x000000066ab00000,0x00000006e0c00000)
  from space 2560K, 37% used [0x00000006e0c00000,0x00000006e0cefe00,0x00000006e0e80000)
  to   space 2560K, 0% used [0x00000006e2280000,0x00000006e2280000,0x00000006e2500000)
 ParOldGen       total 283136K, used 138595K [0x00000003c0000000, 0x00000003d1480000, 0x000000066ab00000)
  object space 283136K, 48% used [0x00000003c0000000,0x00000003c8758d88,0x00000003d1480000)
 Metaspace       used 100367K, capacity 101643K, committed 101848K, reserved 1138688K
  class space    used 13251K, capacity 13524K, committed 13568K, reserved 1048576K
}
Event: 632.016 GC heap before
{Heap before GC invocations=627 (full 7):
 PSYoungGen      total 1936896K, used 1935295K [0x000000066ab00000, 0x00000006e2500000, 0x00000007c0000000)
  eden space 1934336K, 100% used [0x000000066ab00000,0x00000006e0c00000,0x00000006e0c00000)
  from space 2560K, 37% used [0x00000006e0c00000,0x00000006e0cefe00,0x00000006e0e80000)
  to   space 2560K, 0% used [0x00000006e2280000,0x00000006e2280000,0x00000006e2500000)
 ParOldGen       total 283136K, used 138595K [0x00000003c0000000, 0x00000003d1480000, 0x000000066ab00000)
  object space 283136K, 48% used [0x00000003c0000000,0x00000003c8758d88,0x00000003d1480000)
 Metaspace       used 100367K, capacity 101643K, committed 101848K, reserved 1138688K
  class space    used 13251K, capacity 13524K, committed 13568K, reserved 1048576K
Event: 632.019 GC heap after
Heap after GC invocations=627 (full 7):
 PSYoungGen      total 1957376K, used 1151K [0x000000066ab00000, 0x00000006e2500000, 0x00000007c0000000)
  eden space 1954816K, 0% used [0x000000066ab00000,0x000000066ab00000,0x00000006e2000000)
  from space 2560K, 44% used [0x00000006e2280000,0x00000006e239fe00,0x00000006e2500000)
  to   space 2560K, 0% used [0x00000006e2000000,0x00000006e2000000,0x00000006e2280000)
 ParOldGen       total 283136K, used 138595K [0x00000003c0000000, 0x00000003d1480000, 0x000000066ab00000)
  object space 283136K, 48% used [0x00000003c0000000,0x00000003c8758d88,0x00000003d1480000)
 Metaspace       used 100367K, capacity 101643K, committed 101848K, reserved 1138688K
  class space    used 13251K, capacity 13524K, committed 13568K, reserved 1048576K
}
Event: 633.662 GC heap before
{Heap before GC invocations=628 (full 7):
 PSYoungGen      total 1957376K, used 1955967K [0x000000066ab00000, 0x00000006e2500000, 0x00000007c0000000)
  eden space 1954816K, 100% used [0x000000066ab00000,0x00000006e2000000,0x00000006e2000000)
  from space 2560K, 44% used [0x00000006e2280000,0x00000006e239fe00,0x00000006e2500000)
  to   space 2560K, 0% used [0x00000006e2000000,0x00000006e2000000,0x00000006e2280000)
 ParOldGen       total 283136K, used 138595K [0x00000003c0000000, 0x00000003d1480000, 0x000000066ab00000)
  object space 283136K, 48% used [0x00000003c0000000,0x00000003c8758d88,0x00000003d1480000)
 Metaspace       used 100368K, capacity 101643K, committed 101848K, reserved 1138688K
  class space    used 13251K, capacity 13524K, committed 13568K, reserved 1048576K
Event: 633.666 GC heap after
Heap after GC invocations=628 (full 7):
 PSYoungGen      total 1957376K, used 1023K [0x000000066ab00000, 0x00000006e3780000, 0x00000007c0000000)
  eden space 1954816K, 0% used [0x000000066ab00000,0x000000066ab00000,0x00000006e2000000)
  from space 2560K, 39% used [0x00000006e2000000,0x00000006e20ffe00,0x00000006e2280000)
  to   space 2048K, 0% used [0x00000006e3580000,0x00000006e3580000,0x00000006e3780000)
 ParOldGen       total 283136K, used 138595K [0x00000003c0000000, 0x00000003d1480000, 0x000000066ab00000)
  object space 283136K, 48% used [0x00000003c0000000,0x00000003c8758d88,0x00000003d1480000)
 Metaspace       used 100368K, capacity 101643K, committed 101848K, reserved 1138688K
  class space    used 13251K, capacity 13524K, committed 13568K, reserved 1048576K
}
Event: 635.295 GC heap before
{Heap before GC invocations=629 (full 7):
 PSYoungGen      total 1957376K, used 1955839K [0x000000066ab00000, 0x00000006e3780000, 0x00000007c0000000)
  eden space 1954816K, 100% used [0x000000066ab00000,0x00000006e2000000,0x00000006e2000000)
  from space 2560K, 39% used [0x00000006e2000000,0x00000006e20ffe00,0x00000006e2280000)
  to   space 2048K, 0% used [0x00000006e3580000,0x00000006e3580000,0x00000006e3780000)
 ParOldGen       total 283136K, used 138595K [0x00000003c0000000, 0x00000003d1480000, 0x000000066ab00000)
  object space 283136K, 48% used [0x00000003c0000000,0x00000003c8758d88,0x00000003d1480000)
 Metaspace       used 100368K, capacity 101643K, committed 101848K, reserved 1138688K
  class space    used 13251K, capacity 13524K, committed 13568K, reserved 1048576K
Event: 635.298 GC heap after
Heap after GC invocations=629 (full 7):
 PSYoungGen      total 1976320K, used 1406K [0x000000066ab00000, 0x00000006e3800000, 0x00000007c0000000)
  eden space 1974272K, 0% used [0x000000066ab00000,0x000000066ab00000,0x00000006e3300000)
  from space 2048K, 68% used [0x00000006e3580000,0x00000006e36df840,0x00000006e3780000)
  to   space 2560K, 0% used [0x00000006e3300000,0x00000006e3300000,0x00000006e3580000)
 ParOldGen       total 283136K, used 138595K [0x00000003c0000000, 0x00000003d1480000, 0x000000066ab00000)
  object space 283136K, 48% used [0x00000003c0000000,0x00000003c8758d88,0x00000003d1480000)
 Metaspace       used 100368K, capacity 101643K, committed 101848K, reserved 1138688K
  class space    used 13251K, capacity 13524K, committed 13568K, reserved 1048576K
}
Event: 636.968 GC heap before
{Heap before GC invocations=630 (full 7):
 PSYoungGen      total 1976320K, used 1975678K [0x000000066ab00000, 0x00000006e3800000, 0x00000007c0000000)
  eden space 1974272K, 100% used [0x000000066ab00000,0x00000006e3300000,0x00000006e3300000)
  from space 2048K, 68% used [0x00000006e3580000,0x00000006e36df840,0x00000006e3780000)
  to   space 2560K, 0% used [0x00000006e3300000,0x00000006e3300000,0x00000006e3580000)
 ParOldGen       total 283136K, used 138595K [0x00000003c0000000, 0x00000003d1480000, 0x000000066ab00000)
  object space 283136K, 48% used [0x00000003c0000000,0x00000003c8758d88,0x00000003d1480000)
 Metaspace       used 100368K, capacity 101643K, committed 101848K, reserved 1138688K
  class space    used 13251K, capacity 13524K, committed 13568K, reserved 1048576K
Event: 636.980 GC heap after
Heap after GC invocations=630 (full 7):
 PSYoungGen      total 1976832K, used 2557K [0x000000066ab00000, 0x00000006e5800000, 0x00000007c0000000)
  eden space 1974272K, 0% used [0x000000066ab00000,0x000000066ab00000,0x00000006e3300000)
  from space 2560K, 99% used [0x00000006e3300000,0x00000006e357f660,0x00000006e3580000)
  to   space 4096K, 0% used [0x00000006e5400000,0x00000006e5400000,0x00000006e5800000)
 ParOldGen       total 283136K, used 142075K [0x00000003c0000000, 0x00000003d1480000, 0x000000066ab00000)
  object space 283136K, 50% used [0x00000003c0000000,0x00000003c8abed88,0x00000003d1480000)
 Metaspace       used 100368K, capacity 101643K, committed 101848K, reserved 1138688K
  class space    used 13251K, capacity 13524K, committed 13568K, reserved 1048576K
}
Event: 638.611 GC heap before
{Heap before GC invocations=631 (full 7):
 PSYoungGen      total 1976832K, used 1976829K [0x000000066ab00000, 0x00000006e5800000, 0x00000007c0000000)
  eden space 1974272K, 100% used [0x000000066ab00000,0x00000006e3300000,0x00000006e3300000)
  from space 2560K, 99% used [0x00000006e3300000,0x00000006e357f660,0x00000006e3580000)
  to   space 4096K, 0% used [0x00000006e5400000,0x00000006e5400000,0x00000006e5800000)
 ParOldGen       total 283136K, used 142075K [0x00000003c0000000, 0x00000003d1480000, 0x000000066ab00000)
  object space 283136K, 50% used [0x00000003c0000000,0x00000003c8abed88,0x00000003d1480000)
 Metaspace       used 100368K, capacity 101643K, committed 101848K, reserved 1138688K
  class space    used 13251K, capacity 13524K, committed 13568K, reserved 1048576K
Event: 638.617 GC heap after
Heap after GC invocations=631 (full 7):
 PSYoungGen      total 2008064K, used 991K [0x000000066ab00000, 0x00000006e5900000, 0x00000007c0000000)
  eden space 2003968K, 0% used [0x000000066ab00000,0x000000066ab00000,0x00000006e5000000)
  from space 4096K, 24% used [0x00000006e5400000,0x00000006e54f7e00,0x00000006e5800000)
  to   space 4096K, 0% used [0x00000006e5000000,0x00000006e5000000,0x00000006e5400000)
 ParOldGen       total 283136K, used 142091K [0x00000003c0000000, 0x00000003d1480000, 0x000000066ab00000)
  object space 283136K, 50% used [0x00000003c0000000,0x00000003c8ac2d88,0x00000003d1480000)
 Metaspace       used 100368K, capacity 101643K, committed 101848K, reserved 1138688K
  class space    used 13251K, capacity 13524K, committed 13568K, reserved 1048576K
}
Event: 640.300 GC heap before
{Heap before GC invocations=632 (full 7):
 PSYoungGen      total 2008064K, used 2004959K [0x000000066ab00000, 0x00000006e5900000, 0x00000007c0000000)
  eden space 2003968K, 100% used [0x000000066ab00000,0x00000006e5000000,0x00000006e5000000)
  from space 4096K, 24% used [0x00000006e5400000,0x00000006e54f7e00,0x00000006e5800000)
  to   space 4096K, 0% used [0x00000006e5000000,0x00000006e5000000,0x00000006e5400000)
 ParOldGen       total 283136K, used 142091K [0x00000003c0000000, 0x00000003d1480000, 0x000000066ab00000)
  object space 283136K, 50% used [0x00000003c0000000,0x00000003c8ac2d88,0x00000003d1480000)
 Metaspace       used 100368K, capacity 101643K, committed 101848K, reserved 1138688K
  class space    used 13251K, capacity 13524K, committed 13568K, reserved 1048576K
Event: 640.303 GC heap after
Heap after GC invocations=632 (full 7):
 PSYoungGen      total 2008064K, used 991K [0x000000066ab00000, 0x00000006e7200000, 0x00000007c0000000)
  eden space 2003968K, 0% used [0x000000066ab00000,0x000000066ab00000,0x00000006e5000000)
  from space 4096K, 24% used [0x00000006e5000000,0x00000006e50f7e00,0x00000006e5400000)
  to   space 3584K, 0% used [0x00000006e6e80000,0x00000006e6e80000,0x00000006e7200000)
 ParOldGen       total 283136K, used 142091K [0x00000003c0000000, 0x00000003d1480000, 0x000000066ab00000)
  object space 283136K, 50% used [0x00000003c0000000,0x00000003c8ac2d88,0x00000003d1480000)
 Metaspace       used 100368K, capacity 101643K, committed 101848K, reserved 1138688K
  class space    used 13251K, capacity 13524K, committed 13568K, reserved 1048576K
}
Event: 641.998 GC heap before
{Heap before GC invocations=633 (full 7):
 PSYoungGen      total 2008064K, used 2004959K [0x000000066ab00000, 0x00000006e7200000, 0x00000007c0000000)
  eden space 2003968K, 100% used [0x000000066ab00000,0x00000006e5000000,0x00000006e5000000)
  from space 4096K, 24% used [0x00000006e5000000,0x00000006e50f7e00,0x00000006e5400000)
  to   space 3584K, 0% used [0x00000006e6e80000,0x00000006e6e80000,0x00000006e7200000)
 ParOldGen       total 283136K, used 142091K [0x00000003c0000000, 0x00000003d1480000, 0x000000066ab00000)
  object space 283136K, 50% used [0x00000003c0000000,0x00000003c8ac2d88,0x00000003d1480000)
 Metaspace       used 100368K, capacity 101643K, committed 101848K, reserved 1138688K
  class space    used 13251K, capacity 13524K, committed 13568K, reserved 1048576K
Event: 642.003 GC heap after
Heap after GC invocations=633 (full 7):
 PSYoungGen      total 2034176K, used 1552K [0x000000066ab00000, 0x00000006e7180000, 0x00000007c0000000)
  eden space 2031104K, 0% used [0x000000066ab00000,0x000000066ab00000,0x00000006e6a80000)
  from space 3072K, 50% used [0x00000006e6e80000,0x00000006e70042f8,0x00000006e7180000)
  to   space 3584K, 0% used [0x00000006e6a80000,0x00000006e6a80000,0x00000006e6e00000)
 ParOldGen       total 283136K, used 142967K [0x00000003c0000000, 0x00000003d1480000, 0x000000066ab00000)
  object space 283136K, 50% used [0x00000003c0000000,0x00000003c8b9dc00,0x00000003d1480000)
 Metaspace       used 100368K, capacity 101643K, committed 101848K, reserved 1138688K
  class space    used 13251K, capacity 13524K, committed 13568K, reserved 1048576K
}
Event: 643.691 GC heap before
{Heap before GC invocations=634 (full 7):
 PSYoungGen      total 2034176K, used 2032656K [0x000000066ab00000, 0x00000006e7180000, 0x00000007c0000000)
  eden space 2031104K, 100% used [0x000000066ab00000,0x00000006e6a80000,0x00000006e6a80000)
  from space 3072K, 50% used [0x00000006e6e80000,0x00000006e70042f8,0x00000006e7180000)
  to   space 3584K, 0% used [0x00000006e6a80000,0x00000006e6a80000,0x00000006e6e00000)
 ParOldGen       total 283136K, used 142967K [0x00000003c0000000, 0x00000003d1480000, 0x000000066ab00000)
  object space 283136K, 50% used [0x00000003c0000000,0x00000003c8b9dc00,0x00000003d1480000)
 Metaspace       used 100368K, capacity 101643K, committed 101848K, reserved 1138688K
  class space    used 13251K, capacity 13524K, committed 13568K, reserved 1048576K
Event: 643.694 GC heap after
Heap after GC invocations=634 (full 7):
 PSYoungGen      total 2034688K, used 432K [0x000000066ab00000, 0x00000006e8a00000, 0x00000007c0000000)
  eden space 2031104K, 0% used [0x000000066ab00000,0x000000066ab00000,0x00000006e6a80000)
  from space 3584K, 12% used [0x00000006e6a80000,0x00000006e6aec140,0x00000006e6e00000)
  to   space 3584K, 0% used [0x00000006e8680000,0x00000006e8680000,0x00000006e8a00000)
 ParOldGen       total 283136K, used 142991K [0x00000003c0000000, 0x00000003d1480000, 0x000000066ab00000)
  object space 283136K, 50% used [0x00000003c0000000,0x00000003c8ba3c00,0x00000003d1480000)
 Metaspace       used 100368K, capacity 101643K, committed 101848K, reserved 1138688K
  class space    used 13251K, capacity 13524K, committed 13568K, reserved 1048576K
}
Event: 645.381 GC heap before
{Heap before GC invocations=635 (full 7):
 PSYoungGen      total 2034688K, used 2031536K [0x000000066ab00000, 0x00000006e8a00000, 0x00000007c0000000)
  eden space 2031104K, 100% used [0x000000066ab00000,0x00000006e6a80000,0x00000006e6a80000)
  from space 3584K, 12% used [0x00000006e6a80000,0x00000006e6aec140,0x00000006e6e00000)
  to   space 3584K, 0% used [0x00000006e8680000,0x00000006e8680000,0x00000006e8a00000)
 ParOldGen       total 283136K, used 142991K [0x00000003c0000000, 0x00000003d1480000, 0x000000066ab00000)
  object space 283136K, 50% used [0x00000003c0000000,0x00000003c8ba3c00,0x00000003d1480000)
 Metaspace       used 100368K, capacity 101643K, committed 101848K, reserved 1138688K
  class space    used 13251K, capacity 13524K, committed 13568K, reserved 1048576K
Event: 645.384 GC heap after
Heap after GC invocations=635 (full 7):
 PSYoungGen      total 2054656K, used 128K [0x000000066ab00000, 0x00000006e8780000, 0x00000007c0000000)
  eden space 2053632K, 0% used [0x000000066ab00000,0x000000066ab00000,0x00000006e8080000)
  from space 1024K, 12% used [0x00000006e8680000,0x00000006e86a0000,0x00000006e8780000)
  to   space 3584K, 0% used [0x00000006e8080000,0x00000006e8080000,0x00000006e8400000)
 ParOldGen       total 283136K, used 143007K [0x00000003c0000000, 0x00000003d1480000, 0x000000066ab00000)
  object space 283136K, 50% used [0x00000003c0000000,0x00000003c8ba7d40,0x00000003d1480000)
 Metaspace       used 100368K, capacity 101643K, committed 101848K, reserved 1138688K
  class space    used 13251K, capacity 13524K, committed 13568K, reserved 1048576K
}
Event: 647.126 GC heap before
{Heap before GC invocations=636 (full 7):
 PSYoungGen      total 2054656K, used 2053760K [0x000000066ab00000, 0x00000006e8780000, 0x00000007c0000000)
  eden space 2053632K, 100% used [0x000000066ab00000,0x00000006e8080000,0x00000006e8080000)
  from space 1024K, 12% used [0x00000006e8680000,0x00000006e86a0000,0x00000006e8780000)
  to   space 3584K, 0% used [0x00000006e8080000,0x00000006e8080000,0x00000006e8400000)
 ParOldGen       total 283136K, used 143007K [0x00000003c0000000, 0x00000003d1480000, 0x000000066ab00000)
  object space 283136K, 50% used [0x00000003c0000000,0x00000003c8ba7d40,0x00000003d1480000)
 Metaspace       used 100368K, capacity 101643K, committed 101848K, reserved 1138688K
  class space    used 13251K, capacity 13524K, committed 13568K, reserved 1048576K
Event: 647.154 GC heap after
Heap after GC invocations=636 (full 7):
 PSYoungGen      total 2057216K, used 3559K [0x000000066ab00000, 0x00000006ebe80000, 0x00000007c0000000)
  eden space 2053632K, 0% used [0x000000066ab00000,0x000000066ab00000,0x00000006e8080000)
  from space 3584K, 99% used [0x00000006e8080000,0x00000006e83f9f80,0x00000006e8400000)
  to   space 6656K, 0% used [0x00000006eb800000,0x00000006eb800000,0x00000006ebe80000)
 ParOldGen       total 283136K, used 149279K [0x00000003c0000000, 0x00000003d1480000, 0x000000066ab00000)
  object space 283136K, 52% used [0x00000003c0000000,0x00000003c91c7d40,0x00000003d1480000)
 Metaspace       used 100368K, capacity 101643K, committed 101848K, reserved 1138688K
  class space    used 13251K, capacity 13524K, committed 13568K, reserved 1048576K
}
Event: 648.860 GC heap before
{Heap before GC invocations=637 (full 7):
 PSYoungGen      total 2057216K, used 2057191K [0x000000066ab00000, 0x00000006ebe80000, 0x00000007c0000000)
  eden space 2053632K, 100% used [0x000000066ab00000,0x00000006e8080000,0x00000006e8080000)
  from space 3584K, 99% used [0x00000006e8080000,0x00000006e83f9f80,0x00000006e8400000)
  to   space 6656K, 0% used [0x00000006eb800000,0x00000006eb800000,0x00000006ebe80000)
 ParOldGen       total 283136K, used 149279K [0x00000003c0000000, 0x00000003d1480000, 0x000000066ab00000)
  object space 283136K, 52% used [0x00000003c0000000,0x00000003c91c7d40,0x00000003d1480000)
 Metaspace       used 100368K, capacity 101643K, committed 101848K, reserved 1138688K
  class space    used 13251K, capacity 13524K, committed 13568K, reserved 1048576K
Event: 648.863 GC heap after
Heap after GC invocations=637 (full 7):
 PSYoungGen      total 2096640K, used 224K [0x000000066ab00000, 0x00000006eb880000, 0x00000007c0000000)
  eden space 2096128K, 0% used [0x000000066ab00000,0x000000066ab00000,0x00000006eaa00000)
  from space 512K, 43% used [0x00000006eb800000,0x00000006eb838000,0x00000006eb880000)
  to   space 6656K, 0% used [0x00000006eab80000,0x00000006eab80000,0x00000006eb200000)
 ParOldGen       total 283136K, used 149287K [0x00000003c0000000, 0x00000003d1480000, 0x000000066ab00000)
  object space 283136K, 52% used [0x00000003c0000000,0x00000003c91c9d40,0x00000003d1480000)
 Metaspace       used 100368K, capacity 101643K, committed 101848K, reserved 1138688K
  class space    used 13251K, capacity 13524K, committed 13568K, reserved 1048576K
}
Event: 650.647 GC heap before
{Heap before GC invocations=638 (full 7):
 PSYoungGen      total 2096640K, used 2096352K [0x000000066ab00000, 0x00000006eb880000, 0x00000007c0000000)
  eden space 2096128K, 100% used [0x000000066ab00000,0x00000006eaa00000,0x00000006eaa00000)
  from space 512K, 43% used [0x00000006eb800000,0x00000006eb838000,0x00000006eb880000)
  to   space 6656K, 0% used [0x00000006eab80000,0x00000006eab80000,0x00000006eb200000)
 ParOldGen       total 283136K, used 149287K [0x00000003c0000000, 0x00000003d1480000, 0x000000066ab00000)
  object space 283136K, 52% used [0x00000003c0000000,0x00000003c91c9d40,0x00000003d1480000)
 Metaspace       used 100368K, capacity 101643K, committed 101848K, reserved 1138688K
  class space    used 13251K, capacity 13524K, committed 13568K, reserved 1048576K
Event: 650.650 GC heap after
Heap after GC invocations=638 (full 7):
 PSYoungGen      total 2104320K, used 192K [0x000000066ab00000, 0x00000006eda00000, 0x00000007c0000000)
  eden space 2097664K, 0% used [0x000000066ab00000,0x000000066ab00000,0x00000006eab80000)
  from space 6656K, 2% used [0x00000006eab80000,0x00000006eabb0000,0x00000006eb200000)
  to   space 6144K, 0% used [0x00000006ed400000,0x00000006ed400000,0x00000006eda00000)
 ParOldGen       total 283136K, used 149287K [0x00000003c0000000, 0x00000003d1480000, 0x000000066ab00000)
  object space 283136K, 52% used [0x00000003c0000000,0x00000003c91c9d40,0x00000003d1480000)
 Metaspace       used 100368K, capacity 101643K, committed 101848K, reserved 1138688K
  class space    used 13251K, capacity 13524K, committed 13568K, reserved 1048576K
}
Event: 652.415 GC heap before
{Heap before GC invocations=639 (full 7):
 PSYoungGen      total 2104320K, used 2097856K [0x000000066ab00000, 0x00000006eda00000, 0x00000007c0000000)
  eden space 2097664K, 100% used [0x000000066ab00000,0x00000006eab80000,0x00000006eab80000)
  from space 6656K, 2% used [0x00000006eab80000,0x00000006eabb0000,0x00000006eb200000)
  to   space 6144K, 0% used [0x00000006ed400000,0x00000006ed400000,0x00000006eda00000)
 ParOldGen       total 283136K, used 149287K [0x00000003c0000000, 0x00000003d1480000, 0x000000066ab00000)
  object space 283136K, 52% used [0x00000003c0000000,0x00000003c91c9d40,0x00000003d1480000)
 Metaspace       used 100368K, capacity 101643K, committed 101848K, reserved 1138688K
  class space    used 13251K, capacity 13524K, committed 13568K, reserved 1048576K
Event: 652.418 GC heap after
Heap after GC invocations=639 (full 7):
 PSYoungGen      total 2132992K, used 160K [0x000000066ab00000, 0x00000006ed700000, 0x00000007c0000000)
  eden space 2129920K, 0% used [0x000000066ab00000,0x000000066ab00000,0x00000006ecb00000)
  from space 3072K, 5% used [0x00000006ed400000,0x00000006ed428000,0x00000006ed700000)
  to   space 6144K, 0% used [0x00000006ecb00000,0x00000006ecb00000,0x00000006ed100000)
 ParOldGen       total 283136K, used 149287K [0x00000003c0000000, 0x00000003d1480000, 0x000000066ab00000)
  object space 283136K, 52% used [0x00000003c0000000,0x00000003c91c9d40,0x00000003d1480000)
 Metaspace       used 100368K, capacity 101643K, committed 101848K, reserved 1138688K
  class space    used 13251K, capacity 13524K, committed 13568K, reserved 1048576K
}
Event: 654.236 GC heap before
{Heap before GC invocations=640 (full 7):
 PSYoungGen      total 2132992K, used 2130080K [0x000000066ab00000, 0x00000006ed700000, 0x00000007c0000000)
  eden space 2129920K, 100% used [0x000000066ab00000,0x00000006ecb00000,0x00000006ecb00000)
  from space 3072K, 5% used [0x00000006ed400000,0x00000006ed428000,0x00000006ed700000)
  to   space 6144K, 0% used [0x00000006ecb00000,0x00000006ecb00000,0x00000006ed100000)
 ParOldGen       total 283136K, used 149287K [0x00000003c0000000, 0x00000003d1480000, 0x000000066ab00000)
  object space 283136K, 52% used [0x00000003c0000000,0x00000003c91c9d40,0x00000003d1480000)
 Metaspace       used 100372K, capacity 101643K, committed 101848K, reserved 1138688K
  class space    used 13251K, capacity 13524K, committed 13568K, reserved 1048576K
Event: 654.241 GC heap after
Heap after GC invocations=640 (full 7):
 PSYoungGen      total 2136064K, used 448K [0x000000066ab00000, 0x00000006ef480000, 0x00000007c0000000)
  eden space 2129920K, 0% used [0x000000066ab00000,0x000000066ab00000,0x00000006ecb00000)
  from space 6144K, 7% used [0x00000006ecb00000,0x00000006ecb70000,0x00000006ed100000)
  to   space 6144K, 0% used [0x00000006eee80000,0x00000006eee80000,0x00000006ef480000)
 ParOldGen       total 283136K, used 149287K [0x00000003c0000000, 0x00000003d1480000, 0x000000066ab00000)
  object space 283136K, 52% used [0x00000003c0000000,0x00000003c91c9d40,0x00000003d1480000)
 Metaspace       used 100372K, capacity 101643K, committed 101848K, reserved 1138688K
  class space    used 13251K, capacity 13524K, committed 13568K, reserved 1048576K
}
Event: 656.022 GC heap before
{Heap before GC invocations=641 (full 7):
 PSYoungGen      total 2136064K, used 2130368K [0x000000066ab00000, 0x00000006ef480000, 0x00000007c0000000)
  eden space 2129920K, 100% used [0x000000066ab00000,0x00000006ecb00000,0x00000006ecb00000)
  from space 6144K, 7% used [0x00000006ecb00000,0x00000006ecb70000,0x00000006ed100000)
  to   space 6144K, 0% used [0x00000006eee80000,0x00000006eee80000,0x00000006ef480000)
 ParOldGen       total 283136K, used 149287K [0x00000003c0000000, 0x00000003d1480000, 0x000000066ab00000)
  object space 283136K, 52% used [0x00000003c0000000,0x00000003c91c9d40,0x00000003d1480000)
 Metaspace       used 100372K, capacity 101643K, committed 101848K, reserved 1138688K
  class space    used 13251K, capacity 13524K, committed 13568K, reserved 1048576K
Event: 656.026 GC heap after
Heap after GC invocations=641 (full 7):
 PSYoungGen      total 2160128K, used 64K [0x000000066ab00000, 0x00000006ef100000, 0x00000007c0000000)
  eden space 2157568K, 0% used [0x000000066ab00000,0x000000066ab00000,0x00000006ee600000)
  from space 2560K, 2% used [0x00000006eee80000,0x00000006eee90000,0x00000006ef100000)
  to   space 5632K, 0% used [0x00000006ee600000,0x00000006ee600000,0x00000006eeb80000)
 ParOldGen       total 283136K, used 149287K [0x00000003c0000000, 0x00000003d1480000, 0x000000066ab00000)
  object space 283136K, 52% used [0x00000003c0000000,0x00000003c91c9d40,0x00000003d1480000)
 Metaspace       used 100372K, capacity 101643K, committed 101848K, reserved 1138688K
  class space    used 13251K, capacity 13524K, committed 13568K, reserved 1048576K
}
Event: 657.858 GC heap before
{Heap before GC invocations=642 (full 7):
 PSYoungGen      total 2160128K, used 2157632K [0x000000066ab00000, 0x00000006ef100000, 0x00000007c0000000)
  eden space 2157568K, 100% used [0x000000066ab00000,0x00000006ee600000,0x00000006ee600000)
  from space 2560K, 2% used [0x00000006eee80000,0x00000006eee90000,0x00000006ef100000)
  to   space 5632K, 0% used [0x00000006ee600000,0x00000006ee600000,0x00000006eeb80000)
 ParOldGen       total 283136K, used 149287K [0x00000003c0000000, 0x00000003d1480000, 0x000000066ab00000)
  object space 283136K, 52% used [0x00000003c0000000,0x00000003c91c9d40,0x00000003d1480000)
 Metaspace       used 100372K, capacity 101643K, committed 101848K, reserved 1138688K
  class space    used 13251K, capacity 13524K, committed 13568K, reserved 1048576K
Event: 657.862 GC heap after
Heap after GC invocations=642 (full 7):
 PSYoungGen      total 2163200K, used 896K [0x000000066ab00000, 0x00000006f0a00000, 0x00000007c0000000)
  eden space 2157568K, 0% used [0x000000066ab00000,0x000000066ab00000,0x00000006ee600000)
  from space 5632K, 15% used [0x00000006ee600000,0x00000006ee6e0000,0x00000006eeb80000)
  to   space 5632K, 0% used [0x00000006f0480000,0x00000006f0480000,0x00000006f0a00000)
 ParOldGen       total 283136K, used 149287K [0x00000003c0000000, 0x00000003d1480000, 0x000000066ab00000)
  object space 283136K, 52% used [0x00000003c0000000,0x00000003c91c9d40,0x00000003d1480000)
 Metaspace       used 100372K, capacity 101643K, committed 101848K, reserved 1138688K
  class space    used 13251K, capacity 13524K, committed 13568K, reserved 1048576K
}
Event: 659.656 GC heap before
{Heap before GC invocations=643 (full 7):
 PSYoungGen      total 2163200K, used 2158464K [0x000000066ab00000, 0x00000006f0a00000, 0x00000007c0000000)
  eden space 2157568K, 100% used [0x000000066ab00000,0x00000006ee600000,0x00000006ee600000)
  from space 5632K, 15% used [0x00000006ee600000,0x00000006ee6e0000,0x00000006eeb80000)
  to   space 5632K, 0% used [0x00000006f0480000,0x00000006f0480000,0x00000006f0a00000)
 ParOldGen       total 283136K, used 149287K [0x00000003c0000000, 0x00000003d1480000, 0x000000066ab00000)
  object space 283136K, 52% used [0x00000003c0000000,0x00000003c91c9d40,0x00000003d1480000)
 Metaspace       used 100372K, capacity 101643K, committed 101848K, reserved 1138688K
  class space    used 13251K, capacity 13524K, committed 13568K, reserved 1048576K
Event: 659.659 GC heap after
Heap after GC invocations=643 (full 7):
 PSYoungGen      total 2183680K, used 96K [0x000000066ab00000, 0x00000006f0700000, 0x00000007c0000000)
  eden space 2181120K, 0% used [0x000000066ab00000,0x000000066ab00000,0x00000006efd00000)
  from space 2560K, 3% used [0x00000006f0480000,0x00000006f0498000,0x00000006f0700000)
  to   space 5120K, 0% used [0x00000006efd00000,0x00000006efd00000,0x00000006f0200000)
 ParOldGen       total 283136K, used 149303K [0x00000003c0000000, 0x00000003d1480000, 0x000000066ab00000)
  object space 283136K, 52% used [0x00000003c0000000,0x00000003c91cdd40,0x00000003d1480000)
 Metaspace       used 100372K, capacity 101643K, committed 101848K, reserved 1138688K
  class space    used 13251K, capacity 13524K, committed 13568K, reserved 1048576K
}
Event: 661.490 GC heap before
{Heap before GC invocations=644 (full 7):
 PSYoungGen      total 2183680K, used 2181216K [0x000000066ab00000, 0x00000006f0700000, 0x00000007c0000000)
  eden space 2181120K, 100% used [0x000000066ab00000,0x00000006efd00000,0x00000006efd00000)
  from space 2560K, 3% used [0x00000006f0480000,0x00000006f0498000,0x00000006f0700000)
  to   space 5120K, 0% used [0x00000006efd00000,0x00000006efd00000,0x00000006f0200000)
 ParOldGen       total 283136K, used 149303K [0x00000003c0000000, 0x00000003d1480000, 0x000000066ab00000)
  object space 283136K, 52% used [0x00000003c0000000,0x00000003c91cdd40,0x00000003d1480000)
 Metaspace       used 100372K, capacity 101643K, committed 101848K, reserved 1138688K
  class space    used 13251K, capacity 13524K, committed 13568K, reserved 1048576K
Event: 661.496 GC heap after
Heap after GC invocations=644 (full 7):
 PSYoungGen      total 2186240K, used 513K [0x000000066ab00000, 0x00000006f1f00000, 0x00000007c0000000)
  eden space 2181120K, 0% used [0x000000066ab00000,0x000000066ab00000,0x00000006efd00000)
  from space 5120K, 10% used [0x00000006efd00000,0x00000006efd80540,0x00000006f0200000)
  to   space 5120K, 0% used [0x00000006f1a00000,0x00000006f1a00000,0x00000006f1f00000)
 ParOldGen       total 283136K, used 149311K [0x00000003c0000000, 0x00000003d1480000, 0x000000066ab00000)
  object space 283136K, 52% used [0x00000003c0000000,0x00000003c91cfd40,0x00000003d1480000)
 Metaspace       used 100372K, capacity 101643K, committed 101848K, reserved 1138688K
  class space    used 13251K, capacity 13524K, committed 13568K, reserved 1048576K
}
Event: 663.281 GC heap before
{Heap before GC invocations=645 (full 7):
 PSYoungGen      total 2186240K, used 2181633K [0x000000066ab00000, 0x00000006f1f00000, 0x00000007c0000000)
  eden space 2181120K, 100% used [0x000000066ab00000,0x00000006efd00000,0x00000006efd00000)
  from space 5120K, 10% used [0x00000006efd00000,0x00000006efd80540,0x00000006f0200000)
  to   space 5120K, 0% used [0x00000006f1a00000,0x00000006f1a00000,0x00000006f1f00000)
 ParOldGen       total 283136K, used 149311K [0x00000003c0000000, 0x00000003d1480000, 0x000000066ab00000)
  object space 283136K, 52% used [0x00000003c0000000,0x00000003c91cfd40,0x00000003d1480000)
 Metaspace       used 100372K, capacity 101643K, committed 101848K, reserved 1138688K
  class space    used 13251K, capacity 13524K, committed 13568K, reserved 1048576K
Event: 663.284 GC heap after
Heap after GC invocations=645 (full 7):
 PSYoungGen      total 2205696K, used 160K [0x000000066ab00000, 0x00000006f1c00000, 0x00000007c0000000)
  eden space 2203648K, 0% used [0x000000066ab00000,0x000000066ab00000,0x00000006f1300000)
  from space 2048K, 7% used [0x00000006f1a00000,0x00000006f1a28000,0x00000006f1c00000)
  to   space 4608K, 0% used [0x00000006f1300000,0x00000006f1300000,0x00000006f1780000)
 ParOldGen       total 283136K, used 149343K [0x00000003c0000000, 0x00000003d1480000, 0x000000066ab00000)
  object space 283136K, 52% used [0x00000003c0000000,0x00000003c91d7d40,0x00000003d1480000)
 Metaspace       used 100372K, capacity 101643K, committed 101848K, reserved 1138688K
  class space    used 13251K, capacity 13524K, committed 13568K, reserved 1048576K
}
Event: 665.131 GC heap before
{Heap before GC invocations=646 (full 7):
 PSYoungGen      total 2205696K, used 2203808K [0x000000066ab00000, 0x00000006f1c00000, 0x00000007c0000000)
  eden space 2203648K, 100% used [0x000000066ab00000,0x00000006f1300000,0x00000006f1300000)
  from space 2048K, 7% used [0x00000006f1a00000,0x00000006f1a28000,0x00000006f1c00000)
  to   space 4608K, 0% used [0x00000006f1300000,0x00000006f1300000,0x00000006f1780000)
 ParOldGen       total 283136K, used 149343K [0x00000003c0000000, 0x00000003d1480000, 0x000000066ab00000)
  object space 283136K, 52% used [0x00000003c0000000,0x00000003c91d7d40,0x00000003d1480000)
 Metaspace       used 100372K, capacity 101643K, committed 101848K, reserved 1138688K
  class space    used 13251K, capacity 13524K, committed 13568K, reserved 1048576K
Event: 665.134 GC heap after
Heap after GC invocations=646 (full 7):
 PSYoungGen      total 2208256K, used 96K [0x000000066ab00000, 0x00000006f3100000, 0x00000007c0000000)
  eden space 2203648K, 0% used [0x000000066ab00000,0x000000066ab00000,0x00000006f1300000)
  from space 4608K, 2% used [0x00000006f1300000,0x00000006f1318000,0x00000006f1780000)
  to   space 4608K, 0% used [0x00000006f2c80000,0x00000006f2c80000,0x00000006f3100000)
 ParOldGen       total 283136K, used 149343K [0x00000003c0000000, 0x00000003d1480000, 0x000000066ab00000)
  object space 283136K, 52% used [0x00000003c0000000,0x00000003c91d7d40,0x00000003d1480000)
 Metaspace       used 100372K, capacity 101643K, committed 101848K, reserved 1138688K
  class space    used 13251K, capacity 13524K, committed 13568K, reserved 1048576K
}
Event: 666.959 GC heap before
{Heap before GC invocations=647 (full 7):
 PSYoungGen      total 2208256K, used 2203744K [0x000000066ab00000, 0x00000006f3100000, 0x00000007c0000000)
  eden space 2203648K, 100% used [0x000000066ab00000,0x00000006f1300000,0x00000006f1300000)
  from space 4608K, 2% used [0x00000006f1300000,0x00000006f1318000,0x00000006f1780000)
  to   space 4608K, 0% used [0x00000006f2c80000,0x00000006f2c80000,0x00000006f3100000)
 ParOldGen       total 283136K, used 149343K [0x00000003c0000000, 0x00000003d1480000, 0x000000066ab00000)
  object space 283136K, 52% used [0x00000003c0000000,0x00000003c91d7d40,0x00000003d1480000)
 Metaspace       used 100372K, capacity 101643K, committed 101848K, reserved 1138688K
  class space    used 13251K, capacity 13524K, committed 13568K, reserved 1048576K
Event: 666.963 GC heap after
Heap after GC invocations=647 (full 7):
 PSYoungGen      total 2227712K, used 96K [0x000000066ab00000, 0x00000006f2f80000, 0x00000007c0000000)
  eden space 2224640K, 0% used [0x000000066ab00000,0x000000066ab00000,0x00000006f2780000)
  from space 3072K, 3% used [0x00000006f2c80000,0x00000006f2c98000,0x00000006f2f80000)
  to   space 4096K, 0% used [0x00000006f2780000,0x00000006f2780000,0x00000006f2b80000)
 ParOldGen       total 283136K, used 149343K [0x00000003c0000000, 0x00000003d1480000, 0x000000066ab00000)
  object space 283136K, 52% used [0x00000003c0000000,0x00000003c91d7d40,0x00000003d1480000)
 Metaspace       used 100372K, capacity 101643K, committed 101848K, reserved 1138688K
  class space    used 13251K, capacity 13524K, committed 13568K, reserved 1048576K
}
Event: 668.827 GC heap before
{Heap before GC invocations=648 (full 7):
 PSYoungGen      total 2227712K, used 2224736K [0x000000066ab00000, 0x00000006f2f80000, 0x00000007c0000000)
  eden space 2224640K, 100% used [0x000000066ab00000,0x00000006f2780000,0x00000006f2780000)
  from space 3072K, 3% used [0x00000006f2c80000,0x00000006f2c98000,0x00000006f2f80000)
  to   space 4096K, 0% used [0x00000006f2780000,0x00000006f2780000,0x00000006f2b80000)
 ParOldGen       total 283136K, used 149343K [0x00000003c0000000, 0x00000003d1480000, 0x000000066ab00000)
  object space 283136K, 52% used [0x00000003c0000000,0x00000003c91d7d40,0x00000003d1480000)
 Metaspace       used 100372K, capacity 101643K, committed 101848K, reserved 1138688K
  class space    used 13251K, capacity 13524K, committed 13568K, reserved 1048576K
Event: 668.830 GC heap after
Heap after GC invocations=648 (full 7):
 PSYoungGen      total 2228736K, used 96K [0x000000066ab00000, 0x00000006f4300000, 0x00000007c0000000)
  eden space 2224640K, 0% used [0x000000066ab00000,0x000000066ab00000,0x00000006f2780000)
  from space 4096K, 2% used [0x00000006f2780000,0x00000006f2798000,0x00000006f2b80000)
  to   space 4096K, 0% used [0x00000006f3f00000,0x00000006f3f00000,0x00000006f4300000)
 ParOldGen       total 283136K, used 149343K [0x00000003c0000000, 0x00000003d1480000, 0x000000066ab00000)
  object space 283136K, 52% used [0x00000003c0000000,0x00000003c91d7d40,0x00000003d1480000)
 Metaspace       used 100372K, capacity 101643K, committed 101848K, reserved 1138688K
  class space    used 13251K, capacity 13524K, committed 13568K, reserved 1048576K
}
Event: 670.672 GC heap before
{Heap before GC invocations=649 (full 7):
 PSYoungGen      total 2228736K, used 2224736K [0x000000066ab00000, 0x00000006f4300000, 0x00000007c0000000)
  eden space 2224640K, 100% used [0x000000066ab00000,0x00000006f2780000,0x00000006f2780000)
  from space 4096K, 2% used [0x00000006f2780000,0x00000006f2798000,0x00000006f2b80000)
  to   space 4096K, 0% used [0x00000006f3f00000,0x00000006f3f00000,0x00000006f4300000)
 ParOldGen       total 283136K, used 149343K [0x00000003c0000000, 0x00000003d1480000, 0x000000066ab00000)
  object space 283136K, 52% used [0x00000003c0000000,0x00000003c91d7d40,0x00000003d1480000)
 Metaspace       used 100372K, capacity 101643K, committed 101848K, reserved 1138688K
  class space    used 13251K, capacity 13524K, committed 13568K, reserved 1048576K
Event: 670.675 GC heap after
Heap after GC invocations=649 (full 7):
 PSYoungGen      total 2246656K, used 224K [0x000000066ab00000, 0x00000006f4200000, 0x00000007c0000000)
  eden space 2243584K, 0% used [0x000000066ab00000,0x000000066ab00000,0x00000006f3a00000)
  from space 3072K, 7% used [0x00000006f3f00000,0x00000006f3f38000,0x00000006f4200000)
  to   space 4096K, 0% used [0x00000006f3a00000,0x00000006f3a00000,0x00000006f3e00000)
 ParOldGen       total 283136K, used 149351K [0x00000003c0000000, 0x00000003d1480000, 0x000000066ab00000)
  object space 283136K, 52% used [0x00000003c0000000,0x00000003c91d9d40,0x00000003d1480000)
 Metaspace       used 100372K, capacity 101643K, committed 101848K, reserved 1138688K
  class space    used 13251K, capacity 13524K, committed 13568K, reserved 1048576K
}
Event: 672.566 GC heap before
{Heap before GC invocations=650 (full 7):
 PSYoungGen      total 2246656K, used 2243808K [0x000000066ab00000, 0x00000006f4200000, 0x00000007c0000000)
  eden space 2243584K, 100% used [0x000000066ab00000,0x00000006f3a00000,0x00000006f3a00000)
  from space 3072K, 7% used [0x00000006f3f00000,0x00000006f3f38000,0x00000006f4200000)
  to   space 4096K, 0% used [0x00000006f3a00000,0x00000006f3a00000,0x00000006f3e00000)
 ParOldGen       total 283136K, used 149351K [0x00000003c0000000, 0x00000003d1480000, 0x000000066ab00000)
  object space 283136K, 52% used [0x00000003c0000000,0x00000003c91d9d40,0x00000003d1480000)
 Metaspace       used 100372K, capacity 101643K, committed 101848K, reserved 1138688K
  class space    used 13251K, capacity 13524K, committed 13568K, reserved 1048576K
Event: 672.569 GC heap after
Heap after GC invocations=650 (full 7):
 PSYoungGen      total 2247680K, used 128K [0x000000066ab00000, 0x00000006f5300000, 0x00000007c0000000)
  eden space 2243584K, 0% used [0x000000066ab00000,0x000000066ab00000,0x00000006f3a00000)
  from space 4096K, 3% used [0x00000006f3a00000,0x00000006f3a20000,0x00000006f3e00000)
  to   space 3584K, 0% used [0x00000006f4f80000,0x00000006f4f80000,0x00000006f5300000)
 ParOldGen       total 283136K, used 149351K [0x00000003c0000000, 0x00000003d1480000, 0x000000066ab00000)
  object space 283136K, 52% used [0x00000003c0000000,0x00000003c91d9d40,0x00000003d1480000)
 Metaspace       used 100372K, capacity 101643K, committed 101848K, reserved 1138688K
  class space    used 13251K, capacity 13524K, committed 13568K, reserved 1048576K
}
Event: 674.462 GC heap before
{Heap before GC invocations=651 (full 7):
 PSYoungGen      total 2247680K, used 2243712K [0x000000066ab00000, 0x00000006f5300000, 0x00000007c0000000)
  eden space 2243584K, 100% used [0x000000066ab00000,0x00000006f3a00000,0x00000006f3a00000)
  from space 4096K, 3% used [0x00000006f3a00000,0x00000006f3a20000,0x00000006f3e00000)
  to   space 3584K, 0% used [0x00000006f4f80000,0x00000006f4f80000,0x00000006f5300000)
 ParOldGen       total 283136K, used 149351K [0x00000003c0000000, 0x00000003d1480000, 0x000000066ab00000)
  object space 283136K, 52% used [0x00000003c0000000,0x00000003c91d9d40,0x00000003d1480000)
 Metaspace       used 100372K, capacity 101643K, committed 101848K, reserved 1138688K
  class space    used 13251K, capacity 13524K, committed 13568K, reserved 1048576K
Event: 674.465 GC heap after
Heap after GC invocations=651 (full 7):
 PSYoungGen      total 2264576K, used 160K [0x000000066ab00000, 0x00000006f5280000, 0x00000007c0000000)
  eden space 2261504K, 0% used [0x000000066ab00000,0x000000066ab00000,0x00000006f4b80000)
  from space 3072K, 5% used [0x00000006f4f80000,0x00000006f4fa8000,0x00000006f5280000)
  to   space 3584K, 0% used [0x00000006f4b80000,0x00000006f4b80000,0x00000006f4f00000)
 ParOldGen       total 283136K, used 149351K [0x00000003c0000000, 0x00000003d1480000, 0x000000066ab00000)
  object space 283136K, 52% used [0x00000003c0000000,0x00000003c91d9d40,0x00000003d1480000)
 Metaspace       used 100372K, capacity 101643K, committed 101848K, reserved 1138688K
  class space    used 13251K, capacity 13524K, committed 13568K, reserved 1048576K
}
Event: 676.345 GC heap before
{Heap before GC invocations=652 (full 7):
 PSYoungGen      total 2264576K, used 2261664K [0x000000066ab00000, 0x00000006f5280000, 0x00000007c0000000)
  eden space 2261504K, 100% used [0x000000066ab00000,0x00000006f4b80000,0x00000006f4b80000)
  from space 3072K, 5% used [0x00000006f4f80000,0x00000006f4fa8000,0x00000006f5280000)
  to   space 3584K, 0% used [0x00000006f4b80000,0x00000006f4b80000,0x00000006f4f00000)
 ParOldGen       total 283136K, used 149351K [0x00000003c0000000, 0x00000003d1480000, 0x000000066ab00000)
  object space 283136K, 52% used [0x00000003c0000000,0x00000003c91d9d40,0x00000003d1480000)
 Metaspace       used 100372K, capacity 101643K, committed 101848K, reserved 1138688K
  class space    used 13251K, capacity 13524K, committed 13568K, reserved 1048576K
Event: 676.348 GC heap after
Heap after GC invocations=652 (full 7):
 PSYoungGen      total 2265088K, used 64K [0x000000066ab00000, 0x00000006f6380000, 0x00000007c0000000)
  eden space 2261504K, 0% used [0x000000066ab00000,0x000000066ab00000,0x00000006f4b80000)
  from space 3584K, 1% used [0x00000006f4b80000,0x00000006f4b90000,0x00000006f4f00000)
  to   space 3584K, 0% used [0x00000006f6000000,0x00000006f6000000,0x00000006f6380000)
 ParOldGen       total 283136K, used 149351K [0x00000003c0000000, 0x00000003d1480000, 0x000000066ab00000)
  object space 283136K, 52% used [0x00000003c0000000,0x00000003c91d9d40,0x00000003d1480000)
 Metaspace       used 100372K, capacity 101643K, committed 101848K, reserved 1138688K
  class space    used 13251K, capacity 13524K, committed 13568K, reserved 1048576K
}
Event: 678.236 GC heap before
{Heap before GC invocations=653 (full 7):
 PSYoungGen      total 2265088K, used 2261568K [0x000000066ab00000, 0x00000006f6380000, 0x00000007c0000000)
  eden space 2261504K, 100% used [0x000000066ab00000,0x00000006f4b80000,0x00000006f4b80000)
  from space 3584K, 1% used [0x00000006f4b80000,0x00000006f4b90000,0x00000006f4f00000)
  to   space 3584K, 0% used [0x00000006f6000000,0x00000006f6000000,0x00000006f6380000)
 ParOldGen       total 283136K, used 149351K [0x00000003c0000000, 0x00000003d1480000, 0x000000066ab00000)
  object space 283136K, 52% used [0x00000003c0000000,0x00000003c91d9d40,0x00000003d1480000)
 Metaspace       used 100372K, capacity 101643K, committed 101848K, reserved 1138688K
  class space    used 13251K, capacity 13524K, committed 13568K, reserved 1048576K
Event: 678.239 GC heap after
Heap after GC invocations=653 (full 7):
 PSYoungGen      total 2281472K, used 736K [0x000000066ab00000, 0x00000006f6280000, 0x00000007c0000000)
  eden space 2278912K, 0% used [0x000000066ab00000,0x000000066ab00000,0x00000006f5c80000)
  from space 2560K, 28% used [0x00000006f6000000,0x00000006f60b8000,0x00000006f6280000)
  to   space 3072K, 0% used [0x00000006f5c80000,0x00000006f5c80000,0x00000006f5f80000)
 ParOldGen       total 283136K, used 149351K [0x00000003c0000000, 0x00000003d1480000, 0x000000066ab00000)
  object space 283136K, 52% used [0x00000003c0000000,0x00000003c91d9d40,0x00000003d1480000)
 Metaspace       used 100372K, capacity 101643K, committed 101848K, reserved 1138688K
  class space    used 13251K, capacity 13524K, committed 13568K, reserved 1048576K
}
Event: 680.164 GC heap before
{Heap before GC invocations=654 (full 7):
 PSYoungGen      total 2281472K, used 2279648K [0x000000066ab00000, 0x00000006f6280000, 0x00000007c0000000)
  eden space 2278912K, 100% used [0x000000066ab00000,0x00000006f5c80000,0x00000006f5c80000)
  from space 2560K, 28% used [0x00000006f6000000,0x00000006f60b8000,0x00000006f6280000)
  to   space 3072K, 0% used [0x00000006f5c80000,0x00000006f5c80000,0x00000006f5f80000)
 ParOldGen       total 283136K, used 149351K [0x00000003c0000000, 0x00000003d1480000, 0x000000066ab00000)
  object space 283136K, 52% used [0x00000003c0000000,0x00000003c91d9d40,0x00000003d1480000)
 Metaspace       used 100372K, capacity 101643K, committed 101848K, reserved 1138688K
  class space    used 13251K, capacity 13524K, committed 13568K, reserved 1048576K
Event: 680.167 GC heap after
Heap after GC invocations=654 (full 7):
 PSYoungGen      total 2281984K, used 64K [0x000000066ab00000, 0x00000006f7380000, 0x00000007c0000000)
  eden space 2278912K, 0% used [0x000000066ab00000,0x000000066ab00000,0x00000006f5c80000)
  from space 3072K, 2% used [0x00000006f5c80000,0x00000006f5c90000,0x00000006f5f80000)
  to   space 3072K, 0% used [0x00000006f7080000,0x00000006f7080000,0x00000006f7380000)
 ParOldGen       total 283136K, used 149351K [0x00000003c0000000, 0x00000003d1480000, 0x000000066ab00000)
  object space 283136K, 52% used [0x00000003c0000000,0x00000003c91d9d40,0x00000003d1480000)
 Metaspace       used 100372K, capacity 101643K, committed 101848K, reserved 1138688K
  class space    used 13251K, capacity 13524K, committed 13568K, reserved 1048576K
}
Event: 682.087 GC heap before
{Heap before GC invocations=655 (full 7):
 PSYoungGen      total 2281984K, used 2278976K [0x000000066ab00000, 0x00000006f7380000, 0x00000007c0000000)
  eden space 2278912K, 100% used [0x000000066ab00000,0x00000006f5c80000,0x00000006f5c80000)
  from space 3072K, 2% used [0x00000006f5c80000,0x00000006f5c90000,0x00000006f5f80000)
  to   space 3072K, 0% used [0x00000006f7080000,0x00000006f7080000,0x00000006f7380000)
 ParOldGen       total 283136K, used 149351K [0x00000003c0000000, 0x00000003d1480000, 0x000000066ab00000)
  object space 283136K, 52% used [0x00000003c0000000,0x00000003c91d9d40,0x00000003d1480000)
 Metaspace       used 100372K, capacity 101643K, committed 101848K, reserved 1138688K
  class space    used 13251K, capacity 13524K, committed 13568K, reserved 1048576K
Event: 682.089 GC heap after
Heap after GC invocations=655 (full 7):
 PSYoungGen      total 2298368K, used 256K [0x000000066ab00000, 0x00000006f7300000, 0x00000007c0000000)
  eden space 2295808K, 0% used [0x000000066ab00000,0x000000066ab00000,0x00000006f6d00000)
  from space 2560K, 10% used [0x00000006f7080000,0x00000006f70c0000,0x00000006f7300000)
  to   space 3072K, 0% used [0x00000006f6d00000,0x00000006f6d00000,0x00000006f7000000)
 ParOldGen       total 283136K, used 149359K [0x00000003c0000000, 0x00000003d1480000, 0x000000066ab00000)
  object space 283136K, 52% used [0x00000003c0000000,0x00000003c91dbd40,0x00000003d1480000)
 Metaspace       used 100372K, capacity 101643K, committed 101848K, reserved 1138688K
  class space    used 13251K, capacity 13524K, committed 13568K, reserved 1048576K
}
Event: 684.010 GC heap before
{Heap before GC invocations=656 (full 7):
 PSYoungGen      total 2298368K, used 2296064K [0x000000066ab00000, 0x00000006f7300000, 0x00000007c0000000)
  eden space 2295808K, 100% used [0x000000066ab00000,0x00000006f6d00000,0x00000006f6d00000)
  from space 2560K, 10% used [0x00000006f7080000,0x00000006f70c0000,0x00000006f7300000)
  to   space 3072K, 0% used [0x00000006f6d00000,0x00000006f6d00000,0x00000006f7000000)
 ParOldGen       total 283136K, used 149359K [0x00000003c0000000, 0x00000003d1480000, 0x000000066ab00000)
  object space 283136K, 52% used [0x00000003c0000000,0x00000003c91dbd40,0x00000003d1480000)
 Metaspace       used 100372K, capacity 101643K, committed 101848K, reserved 1138688K
  class space    used 13251K, capacity 13524K, committed 13568K, reserved 1048576K
Event: 684.013 GC heap after
Heap after GC invocations=656 (full 7):
 PSYoungGen      total 2298880K, used 64K [0x000000066ab00000, 0x00000006f8280000, 0x00000007c0000000)
  eden space 2295808K, 0% used [0x000000066ab00000,0x000000066ab00000,0x00000006f6d00000)
  from space 3072K, 2% used [0x00000006f6d00000,0x00000006f6d10000,0x00000006f7000000)
  to   space 2560K, 0% used [0x00000006f8000000,0x00000006f8000000,0x00000006f8280000)
 ParOldGen       total 283136K, used 149359K [0x00000003c0000000, 0x00000003d1480000, 0x000000066ab00000)
  object space 283136K, 52% used [0x00000003c0000000,0x00000003c91dbd40,0x00000003d1480000)
 Metaspace       used 100372K, capacity 101643K, committed 101848K, reserved 1138688K
  class space    used 13251K, capacity 13524K, committed 13568K, reserved 1048576K
}
Event: 685.937 GC heap before
{Heap before GC invocations=657 (full 7):
 PSYoungGen      total 2298880K, used 2295872K [0x000000066ab00000, 0x00000006f8280000, 0x00000007c0000000)
  eden space 2295808K, 100% used [0x000000066ab00000,0x00000006f6d00000,0x00000006f6d00000)
  from space 3072K, 2% used [0x00000006f6d00000,0x00000006f6d10000,0x00000006f7000000)
  to   space 2560K, 0% used [0x00000006f8000000,0x00000006f8000000,0x00000006f8280000)
 ParOldGen       total 283136K, used 149359K [0x00000003c0000000, 0x00000003d1480000, 0x000000066ab00000)
  object space 283136K, 52% used [0x00000003c0000000,0x00000003c91dbd40,0x00000003d1480000)
 Metaspace       used 100372K, capacity 101643K, committed 101848K, reserved 1138688K
  class space    used 13251K, capacity 13524K, committed 13568K, reserved 1048576K
Event: 685.940 GC heap after
Heap after GC invocations=657 (full 7):
 PSYoungGen      total 2314240K, used 64K [0x000000066ab00000, 0x00000006f8200000, 0x00000007c0000000)
  eden space 2312192K, 0% used [0x000000066ab00000,0x000000066ab00000,0x00000006f7d00000)
  from space 2048K, 3% used [0x00000006f8000000,0x00000006f8010000,0x00000006f8200000)
  to   space 2560K, 0% used [0x00000006f7d00000,0x00000006f7d00000,0x00000006f7f80000)
 ParOldGen       total 283136K, used 149359K [0x00000003c0000000, 0x00000003d1480000, 0x000000066ab00000)
  object space 283136K, 52% used [0x00000003c0000000,0x00000003c91dbd40,0x00000003d1480000)
 Metaspace       used 100372K, capacity 101643K, committed 101848K, reserved 1138688K
  class space    used 13251K, capacity 13524K, committed 13568K, reserved 1048576K
}
Event: 688.327 GC heap before
{Heap before GC invocations=658 (full 7):
 PSYoungGen      total 2314240K, used 2312256K [0x000000066ab00000, 0x00000006f8200000, 0x00000007c0000000)
  eden space 2312192K, 100% used [0x000000066ab00000,0x00000006f7d00000,0x00000006f7d00000)
  from space 2048K, 3% used [0x00000006f8000000,0x00000006f8010000,0x00000006f8200000)
  to   space 2560K, 0% used [0x00000006f7d00000,0x00000006f7d00000,0x00000006f7f80000)
 ParOldGen       total 283136K, used 149359K [0x00000003c0000000, 0x00000003d1480000, 0x000000066ab00000)
  object space 283136K, 52% used [0x00000003c0000000,0x00000003c91dbd40,0x00000003d1480000)
 Metaspace       used 100410K, capacity 101789K, committed 101848K, reserved 1138688K
  class space    used 13253K, capacity 13527K, committed 13568K, reserved 1048576K
Event: 688.331 GC heap after
Heap after GC invocations=658 (full 7):
 PSYoungGen      total 2314752K, used 2528K [0x000000066ab00000, 0x00000006f9480000, 0x00000007c0000000)
  eden space 2312192K, 0% used [0x000000066ab00000,0x000000066ab00000,0x00000006f7d00000)
  from space 2560K, 98% used [0x00000006f7d00000,0x00000006f7f78330,0x00000006f7f80000)
  to   space 3584K, 0% used [0x00000006f9100000,0x00000006f9100000,0x00000006f9480000)
 ParOldGen       total 283136K, used 150759K [0x00000003c0000000, 0x00000003d1480000, 0x000000066ab00000)
  object space 283136K, 53% used [0x00000003c0000000,0x00000003c9339ff0,0x00000003d1480000)
 Metaspace       used 100410K, capacity 101789K, committed 101848K, reserved 1138688K
  class space    used 13253K, capacity 13527K, committed 13568K, reserved 1048576K
}
Event: 690.286 GC heap before
{Heap before GC invocations=659 (full 7):
 PSYoungGen      total 2314752K, used 2314720K [0x000000066ab00000, 0x00000006f9480000, 0x00000007c0000000)
  eden space 2312192K, 100% used [0x000000066ab00000,0x00000006f7d00000,0x00000006f7d00000)
  from space 2560K, 98% used [0x00000006f7d00000,0x00000006f7f78330,0x00000006f7f80000)
  to   space 3584K, 0% used [0x00000006f9100000,0x00000006f9100000,0x00000006f9480000)
 ParOldGen       total 283136K, used 150759K [0x00000003c0000000, 0x00000003d1480000, 0x000000066ab00000)
  object space 283136K, 53% used [0x00000003c0000000,0x00000003c9339ff0,0x00000003d1480000)
 Metaspace       used 100412K, capacity 101789K, committed 101848K, reserved 1138688K
  class space    used 13253K, capacity 13527K, committed 13568K, reserved 1048576K
Event: 690.294 GC heap after
Heap after GC invocations=659 (full 7):
 PSYoungGen      total 2331136K, used 3561K [0x000000066ab00000, 0x00000006f9e00000, 0x00000007c0000000)
  eden space 2327552K, 0% used [0x000000066ab00000,0x000000066ab00000,0x00000006f8c00000)
  from space 3584K, 99% used [0x00000006f9100000,0x00000006f947a440,0x00000006f9480000)
  to   space 5120K, 0% used [0x00000006f8c00000,0x00000006f8c00000,0x00000006f9100000)
 ParOldGen       total 283136K, used 153007K [0x00000003c0000000, 0x00000003d1480000, 0x000000066ab00000)
  object space 283136K, 54% used [0x00000003c0000000,0x00000003c956bff0,0x00000003d1480000)
 Metaspace       used 100412K, capacity 101789K, committed 101848K, reserved 1138688K
  class space    used 13253K, capacity 13527K, committed 13568K, reserved 1048576K
}
Event: 692.241 GC heap before
{Heap before GC invocations=660 (full 7):
 PSYoungGen      total 2331136K, used 2331113K [0x000000066ab00000, 0x00000006f9e00000, 0x00000007c0000000)
  eden space 2327552K, 100% used [0x000000066ab00000,0x00000006f8c00000,0x00000006f8c00000)
  from space 3584K, 99% used [0x00000006f9100000,0x00000006f947a440,0x00000006f9480000)
  to   space 5120K, 0% used [0x00000006f8c00000,0x00000006f8c00000,0x00000006f9100000)
 ParOldGen       total 283136K, used 153007K [0x00000003c0000000, 0x00000003d1480000, 0x000000066ab00000)
  object space 283136K, 54% used [0x00000003c0000000,0x00000003c956bff0,0x00000003d1480000)
 Metaspace       used 100412K, capacity 101789K, committed 101848K, reserved 1138688K
  class space    used 13253K, capacity 13527K, committed 13568K, reserved 1048576K
Event: 692.245 GC heap after
Heap after GC invocations=660 (full 7):
 PSYoungGen      total 2332672K, used 2956K [0x000000066ab00000, 0x00000006fad80000, 0x00000007c0000000)
  eden space 2327552K, 0% used [0x000000066ab00000,0x000000066ab00000,0x00000006f8c00000)
  from space 5120K, 57% used [0x00000006f8c00000,0x00000006f8ee33f8,0x00000006f9100000)
  to   space 5632K, 0% used [0x00000006fa800000,0x00000006fa800000,0x00000006fad80000)
 ParOldGen       total 283136K, used 153015K [0x00000003c0000000, 0x00000003d1480000, 0x000000066ab00000)
  object space 283136K, 54% used [0x00000003c0000000,0x00000003c956dff0,0x00000003d1480000)
 Metaspace       used 100412K, capacity 101789K, committed 101848K, reserved 1138688K
  class space    used 13253K, capacity 13527K, committed 13568K, reserved 1048576K
}
Event: 694.193 GC heap before
{Heap before GC invocations=661 (full 7):
 PSYoungGen      total 2332672K, used 2330508K [0x000000066ab00000, 0x00000006fad80000, 0x00000007c0000000)
  eden space 2327552K, 100% used [0x000000066ab00000,0x00000006f8c00000,0x00000006f8c00000)
  from space 5120K, 57% used [0x00000006f8c00000,0x00000006f8ee33f8,0x00000006f9100000)
  to   space 5632K, 0% used [0x00000006fa800000,0x00000006fa800000,0x00000006fad80000)
 ParOldGen       total 283136K, used 153015K [0x00000003c0000000, 0x00000003d1480000, 0x000000066ab00000)
  object space 283136K, 54% used [0x00000003c0000000,0x00000003c956dff0,0x00000003d1480000)
 Metaspace       used 100419K, capacity 101789K, committed 101848K, reserved 1138688K
  class space    used 13253K, capacity 13527K, committed 13568K, reserved 1048576K
Event: 694.198 GC heap after
Heap after GC invocations=661 (full 7):
 PSYoungGen      total 2356224K, used 3047K [0x000000066ab00000, 0x00000006faf00000, 0x00000007c0000000)
  eden space 2350592K, 0% used [0x000000066ab00000,0x000000066ab00000,0x00000006fa280000)
  from space 5632K, 54% used [0x00000006fa800000,0x00000006faaf9fd0,0x00000006fad80000)
  to   space 5632K, 0% used [0x00000006fa280000,0x00000006fa280000,0x00000006fa800000)
 ParOldGen       total 283136K, used 153023K [0x00000003c0000000, 0x00000003d1480000, 0x000000066ab00000)
  object space 283136K, 54% used [0x00000003c0000000,0x00000003c956fff0,0x00000003d1480000)
 Metaspace       used 100419K, capacity 101789K, committed 101848K, reserved 1138688K
  class space    used 13253K, capacity 13527K, committed 13568K, reserved 1048576K
}
Event: 696.152 GC heap before
{Heap before GC invocations=662 (full 7):
 PSYoungGen      total 2356224K, used 2353639K [0x000000066ab00000, 0x00000006faf00000, 0x00000007c0000000)
  eden space 2350592K, 100% used [0x000000066ab00000,0x00000006fa280000,0x00000006fa280000)
  from space 5632K, 54% used [0x00000006fa800000,0x00000006faaf9fd0,0x00000006fad80000)
  to   space 5632K, 0% used [0x00000006fa280000,0x00000006fa280000,0x00000006fa800000)
 ParOldGen       total 283136K, used 153023K [0x00000003c0000000, 0x00000003d1480000, 0x000000066ab00000)
  object space 283136K, 54% used [0x00000003c0000000,0x00000003c956fff0,0x00000003d1480000)
 Metaspace       used 100419K, capacity 101789K, committed 101848K, reserved 1138688K
  class space    used 13253K, capacity 13527K, committed 13568K, reserved 1048576K
Event: 696.156 GC heap after
Heap after GC invocations=662 (full 7):
 PSYoungGen      total 2356224K, used 2983K [0x000000066ab00000, 0x00000006fc500000, 0x00000007c0000000)
  eden space 2350592K, 0% used [0x000000066ab00000,0x000000066ab00000,0x00000006fa280000)
  from space 5632K, 52% used [0x00000006fa280000,0x00000006fa569fd0,0x00000006fa800000)
  to   space 5632K, 0% used [0x00000006fbf80000,0x00000006fbf80000,0x00000006fc500000)
 ParOldGen       total 283136K, used 153023K [0x00000003c0000000, 0x00000003d1480000, 0x000000066ab00000)
  object space 283136K, 54% used [0x00000003c0000000,0x00000003c956fff0,0x00000003d1480000)
 Metaspace       used 100419K, capacity 101789K, committed 101848K, reserved 1138688K
  class space    used 13253K, capacity 13527K, committed 13568K, reserved 1048576K
}
Event: 698.110 GC heap before
{Heap before GC invocations=663 (full 7):
 PSYoungGen      total 2356224K, used 2353575K [0x000000066ab00000, 0x00000006fc500000, 0x00000007c0000000)
  eden space 2350592K, 100% used [0x000000066ab00000,0x00000006fa280000,0x00000006fa280000)
  from space 5632K, 52% used [0x00000006fa280000,0x00000006fa569fd0,0x00000006fa800000)
  to   space 5632K, 0% used [0x00000006fbf80000,0x00000006fbf80000,0x00000006fc500000)
 ParOldGen       total 283136K, used 153023K [0x00000003c0000000, 0x00000003d1480000, 0x000000066ab00000)
  object space 283136K, 54% used [0x00000003c0000000,0x00000003c956fff0,0x00000003d1480000)
 Metaspace       used 100419K, capacity 101789K, committed 101848K, reserved 1138688K
  class space    used 13253K, capacity 13527K, committed 13568K, reserved 1048576K
Event: 698.114 GC heap after
Heap after GC invocations=663 (full 7):
 PSYoungGen      total 2379776K, used 3079K [0x000000066ab00000, 0x00000006fc580000, 0x00000007c0000000)
  eden space 2374144K, 0% used [0x000000066ab00000,0x000000066ab00000,0x00000006fb980000)
  from space 5632K, 54% used [0x00000006fbf80000,0x00000006fc281fd0,0x00000006fc500000)
  to   space 6144K, 0% used [0x00000006fb980000,0x00000006fb980000,0x00000006fbf80000)
 ParOldGen       total 283136K, used 153023K [0x00000003c0000000, 0x00000003d1480000, 0x000000066ab00000)
  object space 283136K, 54% used [0x00000003c0000000,0x00000003c956fff0,0x00000003d1480000)
 Metaspace       used 100419K, capacity 101789K, committed 101848K, reserved 1138688K
  class space    used 13253K, capacity 13527K, committed 13568K, reserved 1048576K
}
Event: 700.112 GC heap before
{Heap before GC invocations=664 (full 7):
 PSYoungGen      total 2379776K, used 2377223K [0x000000066ab00000, 0x00000006fc580000, 0x00000007c0000000)
  eden space 2374144K, 100% used [0x000000066ab00000,0x00000006fb980000,0x00000006fb980000)
  from space 5632K, 54% used [0x00000006fbf80000,0x00000006fc281fd0,0x00000006fc500000)
  to   space 6144K, 0% used [0x00000006fb980000,0x00000006fb980000,0x00000006fbf80000)
 ParOldGen       total 283136K, used 153023K [0x00000003c0000000, 0x00000003d1480000, 0x000000066ab00000)
  object space 283136K, 54% used [0x00000003c0000000,0x00000003c956fff0,0x00000003d1480000)
 Metaspace       used 100419K, capacity 101789K, committed 101848K, reserved 1138688K
  class space    used 13253K, capacity 13527K, committed 13568K, reserved 1048576K
Event: 700.116 GC heap after
Heap after GC invocations=664 (full 7):
 PSYoungGen      total 2380288K, used 3527K [0x000000066ab00000, 0x00000006fdc80000, 0x00000007c0000000)
  eden space 2374144K, 0% used [0x000000066ab00000,0x000000066ab00000,0x00000006fb980000)
  from space 6144K, 57% used [0x00000006fb980000,0x00000006fbcf1fd0,0x00000006fbf80000)
  to   space 6144K, 0% used [0x00000006fd680000,0x00000006fd680000,0x00000006fdc80000)
 ParOldGen       total 283136K, used 153023K [0x00000003c0000000, 0x00000003d1480000, 0x000000066ab00000)
  object space 283136K, 54% used [0x00000003c0000000,0x00000003c956fff0,0x00000003d1480000)
 Metaspace       used 100419K, capacity 101789K, committed 101848K, reserved 1138688K
  class space    used 13253K, capacity 13527K, committed 13568K, reserved 1048576K
}
Event: 702.106 GC heap before
{Heap before GC invocations=665 (full 7):
 PSYoungGen      total 2380288K, used 2377671K [0x000000066ab00000, 0x00000006fdc80000, 0x00000007c0000000)
  eden space 2374144K, 100% used [0x000000066ab00000,0x00000006fb980000,0x00000006fb980000)
  from space 6144K, 57% used [0x00000006fb980000,0x00000006fbcf1fd0,0x00000006fbf80000)
  to   space 6144K, 0% used [0x00000006fd680000,0x00000006fd680000,0x00000006fdc80000)
 ParOldGen       total 283136K, used 153023K [0x00000003c0000000, 0x00000003d1480000, 0x000000066ab00000)
  object space 283136K, 54% used [0x00000003c0000000,0x00000003c956fff0,0x00000003d1480000)
 Metaspace       used 100419K, capacity 101789K, committed 101848K, reserved 1138688K
  class space    used 13253K, capacity 13527K, committed 13568K, reserved 1048576K
Event: 702.110 GC heap after
Heap after GC invocations=665 (full 7):
 PSYoungGen      total 2402816K, used 2983K [0x000000066ab00000, 0x00000006fdc00000, 0x00000007c0000000)
  eden space 2397184K, 0% used [0x000000066ab00000,0x000000066ab00000,0x00000006fd000000)
  from space 5632K, 52% used [0x00000006fd680000,0x00000006fd969fd0,0x00000006fdc00000)
  to   space 6144K, 0% used [0x00000006fd000000,0x00000006fd000000,0x00000006fd600000)
 ParOldGen       total 283136K, used 153023K [0x00000003c0000000, 0x00000003d1480000, 0x000000066ab00000)
  object space 283136K, 54% used [0x00000003c0000000,0x00000003c956fff0,0x00000003d1480000)
 Metaspace       used 100419K, capacity 101789K, committed 101848K, reserved 1138688K
  class space    used 13253K, capacity 13527K, committed 13568K, reserved 1048576K
}
Event: 704.146 GC heap before
{Heap before GC invocations=666 (full 7):
 PSYoungGen      total 2402816K, used 2400167K [0x000000066ab00000, 0x00000006fdc00000, 0x00000007c0000000)
  eden space 2397184K, 100% used [0x000000066ab00000,0x00000006fd000000,0x00000006fd000000)
  from space 5632K, 52% used [0x00000006fd680000,0x00000006fd969fd0,0x00000006fdc00000)
  to   space 6144K, 0% used [0x00000006fd000000,0x00000006fd000000,0x00000006fd600000)
 ParOldGen       total 283136K, used 153023K [0x00000003c0000000, 0x00000003d1480000, 0x000000066ab00000)
  object space 283136K, 54% used [0x00000003c0000000,0x00000003c956fff0,0x00000003d1480000)
 Metaspace       used 100420K, capacity 101789K, committed 101848K, reserved 1138688K
  class space    used 13253K, capacity 13527K, committed 13568K, reserved 1048576K
Event: 704.151 GC heap after
Heap after GC invocations=666 (full 7):
 PSYoungGen      total 2403328K, used 2983K [0x000000066ab00000, 0x00000006ff280000, 0x00000007c0000000)
  eden space 2397184K, 0% used [0x000000066ab00000,0x000000066ab00000,0x00000006fd000000)
  from space 6144K, 48% used [0x00000006fd000000,0x00000006fd2e9fd0,0x00000006fd600000)
  to   space 6144K, 0% used [0x00000006fec80000,0x00000006fec80000,0x00000006ff280000)
 ParOldGen       total 283136K, used 153039K [0x00000003c0000000, 0x00000003d1480000, 0x000000066ab00000)
  object space 283136K, 54% used [0x00000003c0000000,0x00000003c9573ff0,0x00000003d1480000)
 Metaspace       used 100420K, capacity 101789K, committed 101848K, reserved 1138688K
  class space    used 13253K, capacity 13527K, committed 13568K, reserved 1048576K
}
Event: 706.151 GC heap before
{Heap before GC invocations=667 (full 7):
 PSYoungGen      total 2403328K, used 2400167K [0x000000066ab00000, 0x00000006ff280000, 0x00000007c0000000)
  eden space 2397184K, 100% used [0x000000066ab00000,0x00000006fd000000,0x00000006fd000000)
  from space 6144K, 48% used [0x00000006fd000000,0x00000006fd2e9fd0,0x00000006fd600000)
  to   space 6144K, 0% used [0x00000006fec80000,0x00000006fec80000,0x00000006ff280000)
 ParOldGen       total 283136K, used 153039K [0x00000003c0000000, 0x00000003d1480000, 0x000000066ab00000)
  object space 283136K, 54% used [0x00000003c0000000,0x00000003c9573ff0,0x00000003d1480000)
 Metaspace       used 100420K, capacity 101789K, committed 101848K, reserved 1138688K
  class space    used 13253K, capacity 13527K, committed 13568K, reserved 1048576K
Event: 706.155 GC heap after
Heap after GC invocations=667 (full 7):
 PSYoungGen      total 2426368K, used 3016K [0x000000066ab00000, 0x00000006ff280000, 0x00000007c0000000)
  eden space 2420224K, 0% used [0x000000066ab00000,0x000000066ab00000,0x00000006fe680000)
  from space 6144K, 49% used [0x00000006fec80000,0x00000006fef720a0,0x00000006ff280000)
  to   space 6144K, 0% used [0x00000006fe680000,0x00000006fe680000,0x00000006fec80000)
 ParOldGen       total 283136K, used 153039K [0x00000003c0000000, 0x00000003d1480000, 0x000000066ab00000)
  object space 283136K, 54% used [0x00000003c0000000,0x00000003c9573ff0,0x00000003d1480000)
 Metaspace       used 100420K, capacity 101789K, committed 101848K, reserved 1138688K
  class space    used 13253K, capacity 13527K, committed 13568K, reserved 1048576K
}
Event: 708.206 GC heap before
{Heap before GC invocations=668 (full 7):
 PSYoungGen      total 2426368K, used 2423240K [0x000000066ab00000, 0x00000006ff280000, 0x00000007c0000000)
  eden space 2420224K, 100% used [0x000000066ab00000,0x00000006fe680000,0x00000006fe680000)
  from space 6144K, 49% used [0x00000006fec80000,0x00000006fef720a0,0x00000006ff280000)
  to   space 6144K, 0% used [0x00000006fe680000,0x00000006fe680000,0x00000006fec80000)
 ParOldGen       total 283136K, used 153039K [0x00000003c0000000, 0x00000003d1480000, 0x000000066ab00000)
  object space 283136K, 54% used [0x00000003c0000000,0x00000003c9573ff0,0x00000003d1480000)
 Metaspace       used 100420K, capacity 101789K, committed 101848K, reserved 1138688K
  class space    used 13253K, capacity 13527K, committed 13568K, reserved 1048576K
Event: 708.214 GC heap after
Heap after GC invocations=668 (full 7):
 PSYoungGen      total 2426368K, used 5919K [0x000000066ab00000, 0x0000000700f80000, 0x00000007c0000000)
  eden space 2420224K, 0% used [0x000000066ab00000,0x000000066ab00000,0x00000006fe680000)
  from space 6144K, 96% used [0x00000006fe680000,0x00000006fec47f18,0x00000006fec80000)
  to   space 7168K, 0% used [0x0000000700880000,0x0000000700880000,0x0000000700f80000)
 ParOldGen       total 283136K, used 153039K [0x00000003c0000000, 0x00000003d1480000, 0x000000066ab00000)
  object space 283136K, 54% used [0x00000003c0000000,0x00000003c9573ff0,0x00000003d1480000)
 Metaspace       used 100420K, capacity 101789K, committed 101848K, reserved 1138688K
  class space    used 13253K, capacity 13527K, committed 13568K, reserved 1048576K
}
Event: 710.205 GC heap before
{Heap before GC invocations=669 (full 7):
 PSYoungGen      total 2426368K, used 2426143K [0x000000066ab00000, 0x0000000700f80000, 0x00000007c0000000)
  eden space 2420224K, 100% used [0x000000066ab00000,0x00000006fe680000,0x00000006fe680000)
  from space 6144K, 96% used [0x00000006fe680000,0x00000006fec47f18,0x00000006fec80000)
  to   space 7168K, 0% used [0x0000000700880000,0x0000000700880000,0x0000000700f80000)
 ParOldGen       total 283136K, used 153039K [0x00000003c0000000, 0x00000003d1480000, 0x000000066ab00000)
  object space 283136K, 54% used [0x00000003c0000000,0x00000003c9573ff0,0x00000003d1480000)
 Metaspace       used 100420K, capacity 101789K, committed 101848K, reserved 1138688K
  class space    used 13253K, capacity 13527K, committed 13568K, reserved 1048576K
Event: 710.210 GC heap after
Heap after GC invocations=669 (full 7):
 PSYoungGen      total 2451968K, used 2951K [0x000000066ab00000, 0x0000000700d80000, 0x00000007c0000000)
  eden space 2446848K, 0% used [0x000000066ab00000,0x000000066ab00000,0x0000000700080000)
  from space 5120K, 57% used [0x0000000700880000,0x0000000700b61fd0,0x0000000700d80000)
  to   space 6656K, 0% used [0x0000000700080000,0x0000000700080000,0x0000000700700000)
 ParOldGen       total 283136K, used 153039K [0x00000003c0000000, 0x00000003d1480000, 0x000000066ab00000)
  object space 283136K, 54% used [0x00000003c0000000,0x00000003c9573ff0,0x00000003d1480000)
 Metaspace       used 100420K, capacity 101789K, committed 101848K, reserved 1138688K
  class space    used 13253K, capacity 13527K, committed 13568K, reserved 1048576K
}
Event: 712.276 GC heap before
{Heap before GC invocations=670 (full 7):
 PSYoungGen      total 2451968K, used 2449799K [0x000000066ab00000, 0x0000000700d80000, 0x00000007c0000000)
  eden space 2446848K, 100% used [0x000000066ab00000,0x0000000700080000,0x0000000700080000)
  from space 5120K, 57% used [0x0000000700880000,0x0000000700b61fd0,0x0000000700d80000)
  to   space 6656K, 0% used [0x0000000700080000,0x0000000700080000,0x0000000700700000)
 ParOldGen       total 283136K, used 153039K [0x00000003c0000000, 0x00000003d1480000, 0x000000066ab00000)
  object space 283136K, 54% used [0x00000003c0000000,0x00000003c9573ff0,0x00000003d1480000)
 Metaspace       used 100420K, capacity 101789K, committed 101848K, reserved 1138688K
  class space    used 13253K, capacity 13527K, committed 13568K, reserved 1048576K
Event: 712.280 GC heap after
Heap after GC invocations=670 (full 7):
 PSYoungGen      total 2453504K, used 3399K [0x000000066ab00000, 0x0000000702680000, 0x00000007c0000000)
  eden space 2446848K, 0% used [0x000000066ab00000,0x000000066ab00000,0x0000000700080000)
  from space 6656K, 51% used [0x0000000700080000,0x00000007003d1fd0,0x0000000700700000)
  to   space 6656K, 0% used [0x0000000702000000,0x0000000702000000,0x0000000702680000)
 ParOldGen       total 283136K, used 153039K [0x00000003c0000000, 0x00000003d1480000, 0x000000066ab00000)
  object space 283136K, 54% used [0x00000003c0000000,0x00000003c9573ff0,0x00000003d1480000)
 Metaspace       used 100420K, capacity 101789K, committed 101848K, reserved 1138688K
  class space    used 13253K, capacity 13527K, committed 13568K, reserved 1048576K
}
Event: 714.342 GC heap before
{Heap before GC invocations=671 (full 7):
 PSYoungGen      total 2453504K, used 2450247K [0x000000066ab00000, 0x0000000702680000, 0x00000007c0000000)
  eden space 2446848K, 100% used [0x000000066ab00000,0x0000000700080000,0x0000000700080000)
  from space 6656K, 51% used [0x0000000700080000,0x00000007003d1fd0,0x0000000700700000)
  to   space 6656K, 0% used [0x0000000702000000,0x0000000702000000,0x0000000702680000)
 ParOldGen       total 283136K, used 153039K [0x00000003c0000000, 0x00000003d1480000, 0x000000066ab00000)
  object space 283136K, 54% used [0x00000003c0000000,0x00000003c9573ff0,0x00000003d1480000)
 Metaspace       used 100420K, capacity 101789K, committed 101848K, reserved 1138688K
  class space    used 13253K, capacity 13527K, committed 13568K, reserved 1048576K
Event: 714.346 GC heap after
Heap after GC invocations=671 (full 7):
 PSYoungGen      total 2478080K, used 3239K [0x000000066ab00000, 0x0000000702600000, 0x00000007c0000000)
  eden space 2471936K, 0% used [0x000000066ab00000,0x000000066ab00000,0x0000000701900000)
  from space 6144K, 52% used [0x0000000702000000,0x0000000702329fd0,0x0000000702600000)
  to   space 6656K, 0% used [0x0000000701900000,0x0000000701900000,0x0000000701f80000)
 ParOldGen       total 283136K, used 153055K [0x00000003c0000000, 0x00000003d1480000, 0x000000066ab00000)
  object space 283136K, 54% used [0x00000003c0000000,0x00000003c9577ff0,0x00000003d1480000)
 Metaspace       used 100420K, capacity 101789K, committed 101848K, reserved 1138688K
  class space    used 13253K, capacity 13527K, committed 13568K, reserved 1048576K
}
Event: 716.421 GC heap before
{Heap before GC invocations=672 (full 7):
 PSYoungGen      total 2478080K, used 2475175K [0x000000066ab00000, 0x0000000702600000, 0x00000007c0000000)
  eden space 2471936K, 100% used [0x000000066ab00000,0x0000000701900000,0x0000000701900000)
  from space 6144K, 52% used [0x0000000702000000,0x0000000702329fd0,0x0000000702600000)
  to   space 6656K, 0% used [0x0000000701900000,0x0000000701900000,0x0000000701f80000)
 ParOldGen       total 283136K, used 153055K [0x00000003c0000000, 0x00000003d1480000, 0x000000066ab00000)
  object space 283136K, 54% used [0x00000003c0000000,0x00000003c9577ff0,0x00000003d1480000)
 Metaspace       used 100420K, capacity 101789K, committed 101848K, reserved 1138688K
  class space    used 13253K, capacity 13527K, committed 13568K, reserved 1048576K
Event: 716.425 GC heap after
Heap after GC invocations=672 (full 7):
 PSYoungGen      total 2478592K, used 3175K [0x000000066ab00000, 0x0000000703d00000, 0x00000007c0000000)
  eden space 2471936K, 0% used [0x000000066ab00000,0x000000066ab00000,0x0000000701900000)
  from space 6656K, 47% used [0x0000000701900000,0x0000000701c19fd0,0x0000000701f80000)
  to   space 6144K, 0% used [0x0000000703700000,0x0000000703700000,0x0000000703d00000)
 ParOldGen       total 283136K, used 153055K [0x00000003c0000000, 0x00000003d1480000, 0x000000066ab00000)
  object space 283136K, 54% used [0x00000003c0000000,0x00000003c9577ff0,0x00000003d1480000)
 Metaspace       used 100420K, capacity 101789K, committed 101848K, reserved 1138688K
  class space    used 13253K, capacity 13527K, committed 13568K, reserved 1048576K
}
Event: 718.503 GC heap before
{Heap before GC invocations=673 (full 7):
 PSYoungGen      total 2478592K, used 2475111K [0x000000066ab00000, 0x0000000703d00000, 0x00000007c0000000)
  eden space 2471936K, 100% used [0x000000066ab00000,0x0000000701900000,0x0000000701900000)
  from space 6656K, 47% used [0x0000000701900000,0x0000000701c19fd0,0x0000000701f80000)
  to   space 6144K, 0% used [0x0000000703700000,0x0000000703700000,0x0000000703d00000)
 ParOldGen       total 283136K, used 153055K [0x00000003c0000000, 0x00000003d1480000, 0x000000066ab00000)
  object space 283136K, 54% used [0x00000003c0000000,0x00000003c9577ff0,0x00000003d1480000)
 Metaspace       used 100420K, capacity 101789K, committed 101848K, reserved 1138688K
  class space    used 13253K, capacity 13527K, committed 13568K, reserved 1048576K
Event: 718.507 GC heap after
Heap after GC invocations=673 (full 7):
 PSYoungGen      total 2499584K, used 160K [0x000000066ab00000, 0x0000000703b80000, 0x00000007c0000000)
  eden space 2494976K, 0% used [0x000000066ab00000,0x000000066ab00000,0x0000000702f80000)
  from space 4608K, 3% used [0x0000000703700000,0x0000000703728000,0x0000000703b80000)
  to   space 6144K, 0% used [0x0000000702f80000,0x0000000702f80000,0x0000000703580000)
 ParOldGen       total 283136K, used 155940K [0x00000003c0000000, 0x00000003d1480000, 0x000000066ab00000)
  object space 283136K, 55% used [0x00000003c0000000,0x00000003c98490c8,0x00000003d1480000)
 Metaspace       used 100420K, capacity 101789K, committed 101848K, reserved 1138688K
  class space    used 13253K, capacity 13527K, committed 13568K, reserved 1048576K
}
Event: 720.605 GC heap before
{Heap before GC invocations=674 (full 7):
 PSYoungGen      total 2499584K, used 2495136K [0x000000066ab00000, 0x0000000703b80000, 0x00000007c0000000)
  eden space 2494976K, 100% used [0x000000066ab00000,0x0000000702f80000,0x0000000702f80000)
  from space 4608K, 3% used [0x0000000703700000,0x0000000703728000,0x0000000703b80000)
  to   space 6144K, 0% used [0x0000000702f80000,0x0000000702f80000,0x0000000703580000)
 ParOldGen       total 283136K, used 155940K [0x00000003c0000000, 0x00000003d1480000, 0x000000066ab00000)
  object space 283136K, 55% used [0x00000003c0000000,0x00000003c98490c8,0x00000003d1480000)
 Metaspace       used 100420K, capacity 101789K, committed 101848K, reserved 1138688K
  class space    used 13253K, capacity 13527K, committed 13568K, reserved 1048576K
Event: 720.609 GC heap after
Heap after GC invocations=674 (full 7):
 PSYoungGen      total 2501120K, used 96K [0x000000066ab00000, 0x0000000705180000, 0x00000007c0000000)
  eden space 2494976K, 0% used [0x000000066ab00000,0x000000066ab00000,0x0000000702f80000)
  from space 6144K, 1% used [0x0000000702f80000,0x0000000702f98000,0x0000000703580000)
  to   space 6656K, 0% used [0x0000000704b00000,0x0000000704b00000,0x0000000705180000)
 ParOldGen       total 283136K, used 155964K [0x00000003c0000000, 0x00000003d1480000, 0x000000066ab00000)
  object space 283136K, 55% used [0x00000003c0000000,0x00000003c984f0c8,0x00000003d1480000)
 Metaspace       used 100420K, capacity 101789K, committed 101848K, reserved 1138688K
  class space    used 13253K, capacity 13527K, committed 13568K, reserved 1048576K
}
Event: 722.713 GC heap before
{Heap before GC invocations=675 (full 7):
 PSYoungGen      total 2501120K, used 2495072K [0x000000066ab00000, 0x0000000705180000, 0x00000007c0000000)
  eden space 2494976K, 100% used [0x000000066ab00000,0x0000000702f80000,0x0000000702f80000)
  from space 6144K, 1% used [0x0000000702f80000,0x0000000702f98000,0x0000000703580000)
  to   space 6656K, 0% used [0x0000000704b00000,0x0000000704b00000,0x0000000705180000)
 ParOldGen       total 283136K, used 155964K [0x00000003c0000000, 0x00000003d1480000, 0x000000066ab00000)
  object space 283136K, 55% used [0x00000003c0000000,0x00000003c984f0c8,0x00000003d1480000)
 Metaspace       used 100420K, capacity 101789K, committed 101848K, reserved 1138688K
  class space    used 13253K, capacity 13527K, committed 13568K, reserved 1048576K
Event: 722.716 GC heap after
Heap after GC invocations=675 (full 7):
 PSYoungGen      total 2521088K, used 64K [0x000000066ab00000, 0x0000000705080000, 0x00000007c0000000)
  eden space 2515456K, 0% used [0x000000066ab00000,0x000000066ab00000,0x0000000704380000)
  from space 5632K, 1% used [0x0000000704b00000,0x0000000704b10000,0x0000000705080000)
  to   space 6656K, 0% used [0x0000000704380000,0x0000000704380000,0x0000000704a00000)
 ParOldGen       total 283136K, used 155980K [0x00000003c0000000, 0x00000003d1480000, 0x000000066ab00000)
  object space 283136K, 55% used [0x00000003c0000000,0x00000003c9853208,0x00000003d1480000)
 Metaspace       used 100420K, capacity 101789K, committed 101848K, reserved 1138688K
  class space    used 13253K, capacity 13527K, committed 13568K, reserved 1048576K
}
Event: 724.835 GC heap before
{Heap before GC invocations=676 (full 7):
 PSYoungGen      total 2521088K, used 2515520K [0x000000066ab00000, 0x0000000705080000, 0x00000007c0000000)
  eden space 2515456K, 100% used [0x000000066ab00000,0x0000000704380000,0x0000000704380000)
  from space 5632K, 1% used [0x0000000704b00000,0x0000000704b10000,0x0000000705080000)
  to   space 6656K, 0% used [0x0000000704380000,0x0000000704380000,0x0000000704a00000)
 ParOldGen       total 283136K, used 155980K [0x00000003c0000000, 0x00000003d1480000, 0x000000066ab00000)
  object space 283136K, 55% used [0x00000003c0000000,0x00000003c9853208,0x00000003d1480000)
 Metaspace       used 100420K, capacity 101789K, committed 101848K, reserved 1138688K
  class space    used 13253K, capacity 13527K, committed 13568K, reserved 1048576K
Event: 724.838 GC heap after
Heap after GC invocations=676 (full 7):
 PSYoungGen      total 2522112K, used 96K [0x000000066ab00000, 0x0000000706280000, 0x00000007c0000000)
  eden space 2515456K, 0% used [0x000000066ab00000,0x000000066ab00000,0x0000000704380000)
  from space 6656K, 1% used [0x0000000704380000,0x0000000704398000,0x0000000704a00000)
  to   space 6144K, 0% used [0x0000000705c80000,0x0000000705c80000,0x0000000706280000)
 ParOldGen       total 283136K, used 155988K [0x00000003c0000000, 0x00000003d1480000, 0x000000066ab00000)
  object space 283136K, 55% used [0x00000003c0000000,0x00000003c9855208,0x00000003d1480000)
 Metaspace       used 100420K, capacity 101789K, committed 101848K, reserved 1138688K
  class space    used 13253K, capacity 13527K, committed 13568K, reserved 1048576K
}
Event: 726.907 GC heap before
{Heap before GC invocations=677 (full 7):
 PSYoungGen      total 2522112K, used 2515552K [0x000000066ab00000, 0x0000000706280000, 0x00000007c0000000)
  eden space 2515456K, 100% used [0x000000066ab00000,0x0000000704380000,0x0000000704380000)
  from space 6656K, 1% used [0x0000000704380000,0x0000000704398000,0x0000000704a00000)
  to   space 6144K, 0% used [0x0000000705c80000,0x0000000705c80000,0x0000000706280000)
 ParOldGen       total 283136K, used 155988K [0x00000003c0000000, 0x00000003d1480000, 0x000000066ab00000)
  object space 283136K, 55% used [0x00000003c0000000,0x00000003c9855208,0x00000003d1480000)
 Metaspace       used 100420K, capacity 101789K, committed 101848K, reserved 1138688K
  class space    used 13253K, capacity 13527K, committed 13568K, reserved 1048576K
Event: 726.910 GC heap after
Heap after GC invocations=677 (full 7):
 PSYoungGen      total 2540032K, used 64K [0x000000066ab00000, 0x0000000706200000, 0x00000007c0000000)
  eden space 2534400K, 0% used [0x000000066ab00000,0x000000066ab00000,0x0000000705600000)
  from space 5632K, 1% used [0x0000000705c80000,0x0000000705c90000,0x0000000706200000)
  to   space 6144K, 0% used [0x0000000705600000,0x0000000705600000,0x0000000705c00000)
 ParOldGen       total 283136K, used 155996K [0x00000003c0000000, 0x00000003d1480000, 0x000000066ab00000)
  object space 283136K, 55% used [0x00000003c0000000,0x00000003c9857208,0x00000003d1480000)
 Metaspace       used 100420K, capacity 101789K, committed 101848K, reserved 1138688K
  class space    used 13253K, capacity 13527K, committed 13568K, reserved 1048576K
}
Event: 729.014 GC heap before
{Heap before GC invocations=678 (full 7):
 PSYoungGen      total 2540032K, used 2534464K [0x000000066ab00000, 0x0000000706200000, 0x00000007c0000000)
  eden space 2534400K, 100% used [0x000000066ab00000,0x0000000705600000,0x0000000705600000)
  from space 5632K, 1% used [0x0000000705c80000,0x0000000705c90000,0x0000000706200000)
  to   space 6144K, 0% used [0x0000000705600000,0x0000000705600000,0x0000000705c00000)
 ParOldGen       total 283136K, used 155996K [0x00000003c0000000, 0x00000003d1480000, 0x000000066ab00000)
  object space 283136K, 55% used [0x00000003c0000000,0x00000003c9857208,0x00000003d1480000)
 Metaspace       used 100420K, capacity 101789K, committed 101848K, reserved 1138688K
  class space    used 13253K, capacity 13527K, committed 13568K, reserved 1048576K
Event: 729.018 GC heap after
Heap after GC invocations=678 (full 7):
 PSYoungGen      total 2540544K, used 64K [0x000000066ab00000, 0x0000000707500000, 0x00000007c0000000)
  eden space 2534400K, 0% used [0x000000066ab00000,0x000000066ab00000,0x0000000705600000)
  from space 6144K, 1% used [0x0000000705600000,0x0000000705610000,0x0000000705c00000)
  to   space 6144K, 0% used [0x0000000706f00000,0x0000000706f00000,0x0000000707500000)
 ParOldGen       total 283136K, used 155996K [0x00000003c0000000, 0x00000003d1480000, 0x000000066ab00000)
  object space 283136K, 55% used [0x00000003c0000000,0x00000003c9857208,0x00000003d1480000)
 Metaspace       used 100420K, capacity 101789K, committed 101848K, reserved 1138688K
  class space    used 13253K, capacity 13527K, committed 13568K, reserved 1048576K
}
Event: 731.133 GC heap before
{Heap before GC invocations=679 (full 7):
 PSYoungGen      total 2540544K, used 2534464K [0x000000066ab00000, 0x0000000707500000, 0x00000007c0000000)
  eden space 2534400K, 100% used [0x000000066ab00000,0x0000000705600000,0x0000000705600000)
  from space 6144K, 1% used [0x0000000705600000,0x0000000705610000,0x0000000705c00000)
  to   space 6144K, 0% used [0x0000000706f00000,0x0000000706f00000,0x0000000707500000)
 ParOldGen       total 283136K, used 155996K [0x00000003c0000000, 0x00000003d1480000, 0x000000066ab00000)
  object space 283136K, 55% used [0x00000003c0000000,0x00000003c9857208,0x00000003d1480000)
 Metaspace       used 100420K, capacity 101789K, committed 101848K, reserved 1138688K
  class space    used 13253K, capacity 13527K, committed 13568K, reserved 1048576K
Event: 731.136 GC heap after
Heap after GC invocations=679 (full 7):
 PSYoungGen      total 2558976K, used 192K [0x000000066ab00000, 0x0000000707480000, 0x00000007c0000000)
  eden space 2553344K, 0% used [0x000000066ab00000,0x000000066ab00000,0x0000000706880000)
  from space 5632K, 3% used [0x0000000706f00000,0x0000000706f30000,0x0000000707480000)
  to   space 6144K, 0% used [0x0000000706880000,0x0000000706880000,0x0000000706e80000)
 ParOldGen       total 283136K, used 155996K [0x00000003c0000000, 0x00000003d1480000, 0x000000066ab00000)
  object space 283136K, 55% used [0x00000003c0000000,0x00000003c9857208,0x00000003d1480000)
 Metaspace       used 100420K, capacity 101789K, committed 101848K, reserved 1138688K
  class space    used 13253K, capacity 13527K, committed 13568K, reserved 1048576K
}
Event: 733.266 GC heap before
{Heap before GC invocations=680 (full 7):
 PSYoungGen      total 2558976K, used 2553536K [0x000000066ab00000, 0x0000000707480000, 0x00000007c0000000)
  eden space 2553344K, 100% used [0x000000066ab00000,0x0000000706880000,0x0000000706880000)
  from space 5632K, 3% used [0x0000000706f00000,0x0000000706f30000,0x0000000707480000)
  to   space 6144K, 0% used [0x0000000706880000,0x0000000706880000,0x0000000706e80000)
 ParOldGen       total 283136K, used 155996K [0x00000003c0000000, 0x00000003d1480000, 0x000000066ab00000)
  object space 283136K, 55% used [0x00000003c0000000,0x00000003c9857208,0x00000003d1480000)
 Metaspace       used 100421K, capacity 101789K, committed 101848K, reserved 1138688K
  class space    used 13253K, capacity 13527K, committed 13568K, reserved 1048576K
Event: 733.270 GC heap after
Heap after GC invocations=680 (full 7):
 PSYoungGen      total 2559488K, used 1696K [0x000000066ab00000, 0x0000000708700000, 0x00000007c0000000)
  eden space 2553344K, 0% used [0x000000066ab00000,0x000000066ab00000,0x0000000706880000)
  from space 6144K, 27% used [0x0000000706880000,0x0000000706a28000,0x0000000706e80000)
  to   space 5632K, 0% used [0x0000000708180000,0x0000000708180000,0x0000000708700000)
 ParOldGen       total 283136K, used 155996K [0x00000003c0000000, 0x00000003d1480000, 0x000000066ab00000)
  object space 283136K, 55% used [0x00000003c0000000,0x00000003c9857208,0x00000003d1480000)
 Metaspace       used 100421K, capacity 101789K, committed 101848K, reserved 1138688K
  class space    used 13253K, capacity 13527K, committed 13568K, reserved 1048576K
}
Event: 735.403 GC heap before
{Heap before GC invocations=681 (full 7):
 PSYoungGen      total 2559488K, used 2555040K [0x000000066ab00000, 0x0000000708700000, 0x00000007c0000000)
  eden space 2553344K, 100% used [0x000000066ab00000,0x0000000706880000,0x0000000706880000)
  from space 6144K, 27% used [0x0000000706880000,0x0000000706a28000,0x0000000706e80000)
  to   space 5632K, 0% used [0x0000000708180000,0x0000000708180000,0x0000000708700000)
 ParOldGen       total 283136K, used 155996K [0x00000003c0000000, 0x00000003d1480000, 0x000000066ab00000)
  object space 283136K, 55% used [0x00000003c0000000,0x00000003c9857208,0x00000003d1480000)
 Metaspace       used 100421K, capacity 101789K, committed 101848K, reserved 1138688K
  class space    used 13253K, capacity 13527K, committed 13568K, reserved 1048576K
Event: 735.408 GC heap after
Heap after GC invocations=681 (full 7):
 PSYoungGen      total 2579456K, used 448K [0x000000066ab00000, 0x0000000708700000, 0x00000007c0000000)
  eden space 2573824K, 0% used [0x000000066ab00000,0x000000066ab00000,0x0000000707c80000)
  from space 5632K, 7% used [0x0000000708180000,0x00000007081f0000,0x0000000708700000)
  to   space 5120K, 0% used [0x0000000707c80000,0x0000000707c80000,0x0000000708180000)
 ParOldGen       total 283136K, used 156004K [0x00000003c0000000, 0x00000003d1480000, 0x000000066ab00000)
  object space 283136K, 55% used [0x00000003c0000000,0x00000003c9859208,0x00000003d1480000)
 Metaspace       used 100421K, capacity 101789K, committed 101848K, reserved 1138688K
  class space    used 13253K, capacity 13527K, committed 13568K, reserved 1048576K
}
Event: 737.548 GC heap before
{Heap before GC invocations=682 (full 7):
 PSYoungGen      total 2579456K, used 2574272K [0x000000066ab00000, 0x0000000708700000, 0x00000007c0000000)
  eden space 2573824K, 100% used [0x000000066ab00000,0x0000000707c80000,0x0000000707c80000)
  from space 5632K, 7% used [0x0000000708180000,0x00000007081f0000,0x0000000708700000)
  to   space 5120K, 0% used [0x0000000707c80000,0x0000000707c80000,0x0000000708180000)
 ParOldGen       total 283136K, used 156004K [0x00000003c0000000, 0x00000003d1480000, 0x000000066ab00000)
  object space 283136K, 55% used [0x00000003c0000000,0x00000003c9859208,0x00000003d1480000)
 Metaspace       used 100421K, capacity 101789K, committed 101848K, reserved 1138688K
  class space    used 13253K, capacity 13527K, committed 13568K, reserved 1048576K
Event: 737.551 GC heap after
Heap after GC invocations=682 (full 7):
 PSYoungGen      total 2578944K, used 128K [0x000000066ab00000, 0x0000000709a80000, 0x00000007c0000000)
  eden space 2573824K, 0% used [0x000000066ab00000,0x000000066ab00000,0x0000000707c80000)
  from space 5120K, 2% used [0x0000000707c80000,0x0000000707ca0000,0x0000000708180000)
  to   space 5120K, 0% used [0x0000000709580000,0x0000000709580000,0x0000000709a80000)
 ParOldGen       total 283136K, used 156004K [0x00000003c0000000, 0x00000003d1480000, 0x000000066ab00000)
  object space 283136K, 55% used [0x00000003c0000000,0x00000003c9859208,0x00000003d1480000)
 Metaspace       used 100421K, capacity 101789K, committed 101848K, reserved 1138688K
  class space    used 13253K, capacity 13527K, committed 13568K, reserved 1048576K
}
Event: 739.717 GC heap before
{Heap before GC invocations=683 (full 7):
 PSYoungGen      total 2578944K, used 2573952K [0x000000066ab00000, 0x0000000709a80000, 0x00000007c0000000)
  eden space 2573824K, 100% used [0x000000066ab00000,0x0000000707c80000,0x0000000707c80000)
  from space 5120K, 2% used [0x0000000707c80000,0x0000000707ca0000,0x0000000708180000)
  to   space 5120K, 0% used [0x0000000709580000,0x0000000709580000,0x0000000709a80000)
 ParOldGen       total 283136K, used 156004K [0x00000003c0000000, 0x00000003d1480000, 0x000000066ab00000)
  object space 283136K, 55% used [0x00000003c0000000,0x00000003c9859208,0x00000003d1480000)
 Metaspace       used 100421K, capacity 101789K, committed 101848K, reserved 1138688K
  class space    used 13253K, capacity 13527K, committed 13568K, reserved 1048576K
Event: 739.721 GC heap after
Heap after GC invocations=683 (full 7):
 PSYoungGen      total 2599424K, used 1376K [0x000000066ab00000, 0x0000000709a80000, 0x00000007c0000000)
  eden space 2594304K, 0% used [0x000000066ab00000,0x000000066ab00000,0x0000000709080000)
  from space 5120K, 26% used [0x0000000709580000,0x00000007096d8010,0x0000000709a80000)
  to   space 5120K, 0% used [0x0000000709080000,0x0000000709080000,0x0000000709580000)
 ParOldGen       total 283136K, used 156004K [0x00000003c0000000, 0x00000003d1480000, 0x000000066ab00000)
  object space 283136K, 55% used [0x00000003c0000000,0x00000003c9859208,0x00000003d1480000)
 Metaspace       used 100421K, capacity 101789K, committed 101848K, reserved 1138688K
  class space    used 13253K, capacity 13527K, committed 13568K, reserved 1048576K
}
Event: 741.873 GC heap before
{Heap before GC invocations=684 (full 7):
 PSYoungGen      total 2599424K, used 2595680K [0x000000066ab00000, 0x0000000709a80000, 0x00000007c0000000)
  eden space 2594304K, 100% used [0x000000066ab00000,0x0000000709080000,0x0000000709080000)
  from space 5120K, 26% used [0x0000000709580000,0x00000007096d8010,0x0000000709a80000)
  to   space 5120K, 0% used [0x0000000709080000,0x0000000709080000,0x0000000709580000)
 ParOldGen       total 283136K, used 156004K [0x00000003c0000000, 0x00000003d1480000, 0x000000066ab00000)
  object space 283136K, 55% used [0x00000003c0000000,0x00000003c9859208,0x00000003d1480000)
 Metaspace       used 100421K, capacity 101789K, committed 101848K, reserved 1138688K
  class space    used 13253K, capacity 13527K, committed 13568K, reserved 1048576K
Event: 741.878 GC heap after
Heap after GC invocations=684 (full 7):
 PSYoungGen      total 2599424K, used 96K [0x000000066ab00000, 0x000000070ae00000, 0x00000007c0000000)
  eden space 2594304K, 0% used [0x000000066ab00000,0x000000066ab00000,0x0000000709080000)
  from space 5120K, 1% used [0x0000000709080000,0x0000000709098000,0x0000000709580000)
  to   space 4608K, 0% used [0x000000070a980000,0x000000070a980000,0x000000070ae00000)
 ParOldGen       total 283136K, used 156004K [0x00000003c0000000, 0x00000003d1480000, 0x000000066ab00000)
  object space 283136K, 55% used [0x00000003c0000000,0x00000003c9859208,0x00000003d1480000)
 Metaspace       used 100421K, capacity 101789K, committed 101848K, reserved 1138688K
  class space    used 13253K, capacity 13527K, committed 13568K, reserved 1048576K
}
Event: 744.033 GC heap before
{Heap before GC invocations=685 (full 7):
 PSYoungGen      total 2599424K, used 2594400K [0x000000066ab00000, 0x000000070ae00000, 0x00000007c0000000)
  eden space 2594304K, 100% used [0x000000066ab00000,0x0000000709080000,0x0000000709080000)
  from space 5120K, 1% used [0x0000000709080000,0x0000000709098000,0x0000000709580000)
  to   space 4608K, 0% used [0x000000070a980000,0x000000070a980000,0x000000070ae00000)
 ParOldGen       total 283136K, used 156004K [0x00000003c0000000, 0x00000003d1480000, 0x000000066ab00000)
  object space 283136K, 55% used [0x00000003c0000000,0x00000003c9859208,0x00000003d1480000)
 Metaspace       used 100421K, capacity 101789K, committed 101848K, reserved 1138688K
  class space    used 13253K, capacity 13527K, committed 13568K, reserved 1048576K
Event: 744.036 GC heap after
Heap after GC invocations=685 (full 7):
 PSYoungGen      total 2617856K, used 96K [0x000000066ab00000, 0x000000070ad00000, 0x00000007c0000000)
  eden space 2614272K, 0% used [0x000000066ab00000,0x000000066ab00000,0x000000070a400000)
  from space 3584K, 2% used [0x000000070a980000,0x000000070a998000,0x000000070ad00000)
  to   space 4608K, 0% used [0x000000070a400000,0x000000070a400000,0x000000070a880000)
 ParOldGen       total 283136K, used 156004K [0x00000003c0000000, 0x00000003d1480000, 0x000000066ab00000)
  object space 283136K, 55% used [0x00000003c0000000,0x00000003c9859208,0x00000003d1480000)
 Metaspace       used 100421K, capacity 101789K, committed 101848K, reserved 1138688K
  class space    used 13253K, capacity 13527K, committed 13568K, reserved 1048576K
}
Event: 746.197 GC heap before
{Heap before GC invocations=686 (full 7):
 PSYoungGen      total 2617856K, used 2614368K [0x000000066ab00000, 0x000000070ad00000, 0x00000007c0000000)
  eden space 2614272K, 100% used [0x000000066ab00000,0x000000070a400000,0x000000070a400000)
  from space 3584K, 2% used [0x000000070a980000,0x000000070a998000,0x000000070ad00000)
  to   space 4608K, 0% used [0x000000070a400000,0x000000070a400000,0x000000070a880000)
 ParOldGen       total 283136K, used 156004K [0x00000003c0000000, 0x00000003d1480000, 0x000000066ab00000)
  object space 283136K, 55% used [0x00000003c0000000,0x00000003c9859208,0x00000003d1480000)
 Metaspace       used 100421K, capacity 101789K, committed 101848K, reserved 1138688K
  class space    used 13253K, capacity 13527K, committed 13568K, reserved 1048576K
Event: 746.200 GC heap after
Heap after GC invocations=686 (full 7):
 PSYoungGen      total 2618880K, used 160K [0x000000066ab00000, 0x000000070bf80000, 0x00000007c0000000)
  eden space 2614272K, 0% used [0x000000066ab00000,0x000000066ab00000,0x000000070a400000)
  from space 4608K, 3% used [0x000000070a400000,0x000000070a428000,0x000000070a880000)
  to   space 4608K, 0% used [0x000000070bb00000,0x000000070bb00000,0x000000070bf80000)
 ParOldGen       total 283136K, used 156012K [0x00000003c0000000, 0x00000003d1480000, 0x000000066ab00000)
  object space 283136K, 55% used [0x00000003c0000000,0x00000003c985b208,0x00000003d1480000)
 Metaspace       used 100421K, capacity 101789K, committed 101848K, reserved 1138688K
  class space    used 13253K, capacity 13527K, committed 13568K, reserved 1048576K
}
Event: 748.360 GC heap before
{Heap before GC invocations=687 (full 7):
 PSYoungGen      total 2618880K, used 2614432K [0x000000066ab00000, 0x000000070bf80000, 0x00000007c0000000)
  eden space 2614272K, 100% used [0x000000066ab00000,0x000000070a400000,0x000000070a400000)
  from space 4608K, 3% used [0x000000070a400000,0x000000070a428000,0x000000070a880000)
  to   space 4608K, 0% used [0x000000070bb00000,0x000000070bb00000,0x000000070bf80000)
 ParOldGen       total 283136K, used 156012K [0x00000003c0000000, 0x00000003d1480000, 0x000000066ab00000)
  object space 283136K, 55% used [0x00000003c0000000,0x00000003c985b208,0x00000003d1480000)
 Metaspace       used 100421K, capacity 101789K, committed 101848K, reserved 1138688K
  class space    used 13253K, capacity 13527K, committed 13568K, reserved 1048576K
Event: 748.363 GC heap after
Heap after GC invocations=687 (full 7):
 PSYoungGen      total 2635776K, used 128K [0x000000066ab00000, 0x000000070be00000, 0x00000007c0000000)
  eden space 2632704K, 0% used [0x000000066ab00000,0x000000066ab00000,0x000000070b600000)
  from space 3072K, 4% used [0x000000070bb00000,0x000000070bb20000,0x000000070be00000)
  to   space 4096K, 0% used [0x000000070b600000,0x000000070b600000,0x000000070ba00000)
 ParOldGen       total 283136K, used 156012K [0x00000003c0000000, 0x00000003d1480000, 0x000000066ab00000)
  object space 283136K, 55% used [0x00000003c0000000,0x00000003c985b208,0x00000003d1480000)
 Metaspace       used 100421K, capacity 101789K, committed 101848K, reserved 1138688K
  class space    used 13253K, capacity 13527K, committed 13568K, reserved 1048576K
}
Event: 750.565 GC heap before
{Heap before GC invocations=688 (full 7):
 PSYoungGen      total 2635776K, used 2632832K [0x000000066ab00000, 0x000000070be00000, 0x00000007c0000000)
  eden space 2632704K, 100% used [0x000000066ab00000,0x000000070b600000,0x000000070b600000)
  from space 3072K, 4% used [0x000000070bb00000,0x000000070bb20000,0x000000070be00000)
  to   space 4096K, 0% used [0x000000070b600000,0x000000070b600000,0x000000070ba00000)
 ParOldGen       total 283136K, used 156012K [0x00000003c0000000, 0x00000003d1480000, 0x000000066ab00000)
  object space 283136K, 55% used [0x00000003c0000000,0x00000003c985b208,0x00000003d1480000)
 Metaspace       used 100421K, capacity 101789K, committed 101848K, reserved 1138688K
  class space    used 13253K, capacity 13527K, committed 13568K, reserved 1048576K

