# JRE version: OpenJDK Runtime Environment (8.0_252-b09) (build 1.8.0_252-b09)
# Java VM: OpenJDK 64-Bit Server VM (25.252-b09 mixed mode linux-amd64 compressed oops)
Heap:
 PSYoungGen      total 2480128K, used 5446K [0x000000066ab00000, 0x0000000705500000, 0x00000007c0000000)
  eden space 2426880K, 0% used [0x000000066ab00000,0x000000066ab00000,0x00000006fed00000)
  from space 53248K, 10% used [0x00000006fed00000,0x00000006ff251ab0,0x0000000702100000)
  to   space 52224K, 0% used [0x0000000702200000,0x0000000702200000,0x0000000705500000)
 ParOldGen       total 385024K, used 268826K [0x00000003c0000000, 0x00000003d7800000, 0x000000066ab00000)
  object space 385024K, 69% used [0x00000003c0000000,0x00000003d06869d8,0x00000003d7800000)
 Metaspace       used 98713K, capacity 99903K, committed 100184K, reserved 1136640K
  class space    used 13036K, capacity 13298K, committed 13400K, reserved 1048576K
GC Heap History (175 events):
Event: 0.483 GC heap before
{Heap before GC invocations=1 (full 0):
 PSYoungGen      total 18432K, used 15872K [0x000000066ab00000, 0x000000066bf80000, 0x00000007c0000000)
  eden space 15872K, 100% used [0x000000066ab00000,0x000000066ba80000,0x000000066ba80000)
  from space 2560K, 0% used [0x000000066bd00000,0x000000066bd00000,0x000000066bf80000)
  to   space 2560K, 0% used [0x000000066ba80000,0x000000066ba80000,0x000000066bd00000)
 ParOldGen       total 42496K, used 0K [0x00000003c0000000, 0x00000003c2980000, 0x000000066ab00000)
  object space 42496K, 0% used [0x00000003c0000000,0x00000003c0000000,0x00000003c2980000)
 Metaspace       used 4969K, capacity 5944K, committed 6016K, reserved 1056768K
  class space    used 542K, capacity 616K, committed 640K, reserved 1048576K
Event: 0.486 GC heap after
Heap after GC invocations=1 (full 0):
 PSYoungGen      total 18432K, used 2536K [0x000000066ab00000, 0x000000066bf80000, 0x00000007c0000000)
  eden space 15872K, 0% used [0x000000066ab00000,0x000000066ab00000,0x000000066ba80000)
  from space 2560K, 99% used [0x000000066ba80000,0x000000066bcfa320,0x000000066bd00000)
  to   space 2560K, 0% used [0x000000066bd00000,0x000000066bd00000,0x000000066bf80000)
 ParOldGen       total 42496K, used 498K [0x00000003c0000000, 0x00000003c2980000, 0x000000066ab00000)
  object space 42496K, 1% used [0x00000003c0000000,0x00000003c007ca30,0x00000003c2980000)
 Metaspace       used 4969K, capacity 5944K, committed 6016K, reserved 1056768K
  class space    used 542K, capacity 616K, committed 640K, reserved 1048576K
}
Event: 1.039 GC heap before
{Heap before GC invocations=2 (full 0):
 PSYoungGen      total 18432K, used 18408K [0x000000066ab00000, 0x000000066bf80000, 0x00000007c0000000)
  eden space 15872K, 100% used [0x000000066ab00000,0x000000066ba80000,0x000000066ba80000)
  from space 2560K, 99% used [0x000000066ba80000,0x000000066bcfa320,0x000000066bd00000)
  to   space 2560K, 0% used [0x000000066bd00000,0x000000066bd00000,0x000000066bf80000)
 ParOldGen       total 42496K, used 498K [0x00000003c0000000, 0x00000003c2980000, 0x000000066ab00000)
  object space 42496K, 1% used [0x00000003c0000000,0x00000003c007ca30,0x00000003c2980000)
 Metaspace       used 9294K, capacity 9376K, committed 9472K, reserved 1056768K
  class space    used 1221K, capacity 1232K, committed 1280K, reserved 1048576K
Event: 1.045 GC heap after
Heap after GC invocations=2 (full 0):
 PSYoungGen      total 18432K, used 2552K [0x000000066ab00000, 0x000000066bf80000, 0x00000007c0000000)
  eden space 15872K, 0% used [0x000000066ab00000,0x000000066ab00000,0x000000066ba80000)
  from space 2560K, 99% used [0x000000066bd00000,0x000000066bf7e158,0x000000066bf80000)
  to   space 2560K, 0% used [0x000000066ba80000,0x000000066ba80000,0x000000066bd00000)
 ParOldGen       total 42496K, used 1600K [0x00000003c0000000, 0x00000003c2980000, 0x000000066ab00000)
  object space 42496K, 3% used [0x00000003c0000000,0x00000003c0190198,0x00000003c2980000)
 Metaspace       used 9294K, capacity 9376K, committed 9472K, reserved 1056768K
  class space    used 1221K, capacity 1232K, committed 1280K, reserved 1048576K
}
Event: 1.368 GC heap before
{Heap before GC invocations=3 (full 0):
 PSYoungGen      total 18432K, used 18424K [0x000000066ab00000, 0x000000066bf80000, 0x00000007c0000000)
  eden space 15872K, 100% used [0x000000066ab00000,0x000000066ba80000,0x000000066ba80000)
  from space 2560K, 99% used [0x000000066bd00000,0x000000066bf7e158,0x000000066bf80000)
  to   space 2560K, 0% used [0x000000066ba80000,0x000000066ba80000,0x000000066bd00000)
 ParOldGen       total 42496K, used 1600K [0x00000003c0000000, 0x00000003c2980000, 0x000000066ab00000)
  object space 42496K, 3% used [0x00000003c0000000,0x00000003c0190198,0x00000003c2980000)
 Metaspace       used 11365K, capacity 11424K, committed 11648K, reserved 1058816K
  class space    used 1531K, capacity 1552K, committed 1664K, reserved 1048576K
Event: 1.372 GC heap after
Heap after GC invocations=3 (full 0):
 PSYoungGen      total 18432K, used 2531K [0x000000066ab00000, 0x000000066bf80000, 0x00000007c0000000)
  eden space 15872K, 0% used [0x000000066ab00000,0x000000066ab00000,0x000000066ba80000)
  from space 2560K, 98% used [0x000000066ba80000,0x000000066bcf8da0,0x000000066bd00000)
  to   space 2560K, 0% used [0x000000066bd00000,0x000000066bd00000,0x000000066bf80000)
 ParOldGen       total 42496K, used 2794K [0x00000003c0000000, 0x00000003c2980000, 0x000000066ab00000)
  object space 42496K, 6% used [0x00000003c0000000,0x00000003c02baa38,0x00000003c2980000)
 Metaspace       used 11365K, capacity 11424K, committed 11648K, reserved 1058816K
  class space    used 1531K, capacity 1552K, committed 1664K, reserved 1048576K
}
Event: 1.573 GC heap before
{Heap before GC invocations=4 (full 0):
 PSYoungGen      total 18432K, used 18403K [0x000000066ab00000, 0x000000066bf80000, 0x00000007c0000000)
  eden space 15872K, 100% used [0x000000066ab00000,0x000000066ba80000,0x000000066ba80000)
  from space 2560K, 98% used [0x000000066ba80000,0x000000066bcf8da0,0x000000066bd00000)
  to   space 2560K, 0% used [0x000000066bd00000,0x000000066bd00000,0x000000066bf80000)
 ParOldGen       total 42496K, used 2794K [0x00000003c0000000, 0x00000003c2980000, 0x000000066ab00000)
  object space 42496K, 6% used [0x00000003c0000000,0x00000003c02baa38,0x00000003c2980000)
 Metaspace       used 12936K, capacity 13056K, committed 13312K, reserved 1060864K
  class space    used 1728K, capacity 1776K, committed 1792K, reserved 1048576K
Event: 1.578 GC heap after
Heap after GC invocations=4 (full 0):
 PSYoungGen      total 18432K, used 2558K [0x000000066ab00000, 0x000000066cf00000, 0x00000007c0000000)
  eden space 15872K, 0% used [0x000000066ab00000,0x000000066ab00000,0x000000066ba80000)
  from space 2560K, 99% used [0x000000066bd00000,0x000000066bf7fa18,0x000000066bf80000)
  to   space 2560K, 0% used [0x000000066ba80000,0x000000066ba80000,0x000000066bd00000)
 ParOldGen       total 42496K, used 3817K [0x00000003c0000000, 0x00000003c2980000, 0x000000066ab00000)
  object space 42496K, 8% used [0x00000003c0000000,0x00000003c03ba4d0,0x00000003c2980000)
 Metaspace       used 12936K, capacity 13056K, committed 13312K, reserved 1060864K
  class space    used 1728K, capacity 1776K, committed 1792K, reserved 1048576K
}
Event: 1.731 GC heap before
{Heap before GC invocations=5 (full 0):
 PSYoungGen      total 18432K, used 18430K [0x000000066ab00000, 0x000000066cf00000, 0x00000007c0000000)
  eden space 15872K, 100% used [0x000000066ab00000,0x000000066ba80000,0x000000066ba80000)
  from space 2560K, 99% used [0x000000066bd00000,0x000000066bf7fa18,0x000000066bf80000)
  to   space 2560K, 0% used [0x000000066ba80000,0x000000066ba80000,0x000000066bd00000)
 ParOldGen       total 42496K, used 3817K [0x00000003c0000000, 0x00000003c2980000, 0x000000066ab00000)
  object space 42496K, 8% used [0x00000003c0000000,0x00000003c03ba4d0,0x00000003c2980000)
 Metaspace       used 14348K, capacity 14432K, committed 14592K, reserved 1062912K
  class space    used 1899K, capacity 1936K, committed 2048K, reserved 1048576K
Event: 1.735 GC heap after
Heap after GC invocations=5 (full 0):
 PSYoungGen      total 18432K, used 2558K [0x000000066ab00000, 0x000000066d300000, 0x00000007c0000000)
  eden space 15872K, 0% used [0x000000066ab00000,0x000000066ab00000,0x000000066ba80000)
  from space 2560K, 99% used [0x000000066ba80000,0x000000066bcffa38,0x000000066bd00000)
  to   space 4608K, 0% used [0x000000066ce80000,0x000000066ce80000,0x000000066d300000)
 ParOldGen       total 42496K, used 5137K [0x00000003c0000000, 0x00000003c2980000, 0x000000066ab00000)
  object space 42496K, 12% used [0x00000003c0000000,0x00000003c0504438,0x00000003c2980000)
 Metaspace       used 14348K, capacity 14432K, committed 14592K, reserved 1062912K
  class space    used 1899K, capacity 1936K, committed 2048K, reserved 1048576K
}
Event: 2.095 GC heap before
{Heap before GC invocations=6 (full 0):
 PSYoungGen      total 18432K, used 18430K [0x000000066ab00000, 0x000000066d300000, 0x00000007c0000000)
  eden space 15872K, 100% used [0x000000066ab00000,0x000000066ba80000,0x000000066ba80000)
  from space 2560K, 99% used [0x000000066ba80000,0x000000066bcffa38,0x000000066bd00000)
  to   space 4608K, 0% used [0x000000066ce80000,0x000000066ce80000,0x000000066d300000)
 ParOldGen       total 42496K, used 5137K [0x00000003c0000000, 0x00000003c2980000, 0x000000066ab00000)
  object space 42496K, 12% used [0x00000003c0000000,0x00000003c0504438,0x00000003c2980000)
 Metaspace       used 15326K, capacity 15462K, committed 15616K, reserved 1062912K
  class space    used 1979K, capacity 2001K, committed 2048K, reserved 1048576K
Event: 2.108 GC heap after
Heap after GC invocations=6 (full 0):
 PSYoungGen      total 35840K, used 3635K [0x000000066ab00000, 0x000000066d280000, 0x00000007c0000000)
  eden space 31744K, 0% used [0x000000066ab00000,0x000000066ab00000,0x000000066ca00000)
  from space 4096K, 88% used [0x000000066ce80000,0x000000066d20cfc0,0x000000066d280000)
  to   space 4096K, 0% used [0x000000066ca80000,0x000000066ca80000,0x000000066ce80000)
 ParOldGen       total 42496K, used 5137K [0x00000003c0000000, 0x00000003c2980000, 0x000000066ab00000)
  object space 42496K, 12% used [0x00000003c0000000,0x00000003c0504438,0x00000003c2980000)
 Metaspace       used 15326K, capacity 15462K, committed 15616K, reserved 1062912K
  class space    used 1979K, capacity 2001K, committed 2048K, reserved 1048576K
}
Event: 2.465 GC heap before
{Heap before GC invocations=7 (full 0):
 PSYoungGen      total 35840K, used 35379K [0x000000066ab00000, 0x000000066d280000, 0x00000007c0000000)
  eden space 31744K, 100% used [0x000000066ab00000,0x000000066ca00000,0x000000066ca00000)
  from space 4096K, 88% used [0x000000066ce80000,0x000000066d20cfc0,0x000000066d280000)
  to   space 4096K, 0% used [0x000000066ca80000,0x000000066ca80000,0x000000066ce80000)
 ParOldGen       total 42496K, used 5137K [0x00000003c0000000, 0x00000003c2980000, 0x000000066ab00000)
  object space 42496K, 12% used [0x00000003c0000000,0x00000003c0504438,0x00000003c2980000)
 Metaspace       used 15749K, capacity 15864K, committed 16128K, reserved 1062912K
  class space    used 1983K, capacity 2004K, committed 2048K, reserved 1048576K
Event: 2.475 GC heap after
Heap after GC invocations=7 (full 0):
 PSYoungGen      total 36352K, used 2800K [0x000000066ab00000, 0x000000066f200000, 0x00000007c0000000)
  eden space 32256K, 0% used [0x000000066ab00000,0x000000066ab00000,0x000000066ca80000)
  from space 4096K, 68% used [0x000000066ca80000,0x000000066cd3c030,0x000000066ce80000)
  to   space 4608K, 0% used [0x000000066ed80000,0x000000066ed80000,0x000000066f200000)
 ParOldGen       total 42496K, used 6697K [0x00000003c0000000, 0x00000003c2980000, 0x000000066ab00000)
  object space 42496K, 15% used [0x00000003c0000000,0x00000003c068a780,0x00000003c2980000)
 Metaspace       used 15749K, capacity 15864K, committed 16128K, reserved 1062912K
  class space    used 1983K, capacity 2004K, committed 2048K, reserved 1048576K
}
Event: 2.713 GC heap before
{Heap before GC invocations=8 (full 0):
 PSYoungGen      total 36352K, used 35056K [0x000000066ab00000, 0x000000066f200000, 0x00000007c0000000)
  eden space 32256K, 100% used [0x000000066ab00000,0x000000066ca80000,0x000000066ca80000)
  from space 4096K, 68% used [0x000000066ca80000,0x000000066cd3c030,0x000000066ce80000)
  to   space 4608K, 0% used [0x000000066ed80000,0x000000066ed80000,0x000000066f200000)
 ParOldGen       total 42496K, used 6697K [0x00000003c0000000, 0x00000003c2980000, 0x000000066ab00000)
  object space 42496K, 15% used [0x00000003c0000000,0x00000003c068a780,0x00000003c2980000)
 Metaspace       used 15915K, capacity 16056K, committed 16384K, reserved 1062912K
  class space    used 1983K, capacity 2004K, committed 2048K, reserved 1048576K
Event: 2.718 GC heap after
Heap after GC invocations=8 (full 0):
 PSYoungGen      total 68096K, used 2688K [0x000000066ab00000, 0x000000066f300000, 0x00000007c0000000)
  eden space 63488K, 0% used [0x000000066ab00000,0x000000066ab00000,0x000000066e900000)
  from space 4608K, 58% used [0x000000066ed80000,0x000000066f020020,0x000000066f200000)
  to   space 4608K, 0% used [0x000000066e900000,0x000000066e900000,0x000000066ed80000)
 ParOldGen       total 42496K, used 7343K [0x00000003c0000000, 0x00000003c2980000, 0x000000066ab00000)
  object space 42496K, 17% used [0x00000003c0000000,0x00000003c072bf10,0x00000003c2980000)
 Metaspace       used 15915K, capacity 16056K, committed 16384K, reserved 1062912K
  class space    used 1983K, capacity 2004K, committed 2048K, reserved 1048576K
}
Event: 3.611 GC heap before
{Heap before GC invocations=9 (full 0):
 PSYoungGen      total 68096K, used 66176K [0x000000066ab00000, 0x000000066f300000, 0x00000007c0000000)
  eden space 63488K, 100% used [0x000000066ab00000,0x000000066e900000,0x000000066e900000)
  from space 4608K, 58% used [0x000000066ed80000,0x000000066f020020,0x000000066f200000)
  to   space 4608K, 0% used [0x000000066e900000,0x000000066e900000,0x000000066ed80000)
 ParOldGen       total 42496K, used 7343K [0x00000003c0000000, 0x00000003c2980000, 0x000000066ab00000)
  object space 42496K, 17% used [0x00000003c0000000,0x00000003c072bf10,0x00000003c2980000)
 Metaspace       used 20391K, capacity 20600K, committed 20864K, reserved 1067008K
  class space    used 2591K, capacity 2664K, committed 2688K, reserved 1048576K
Event: 3.618 GC heap after
Heap after GC invocations=9 (full 0):
 PSYoungGen      total 68096K, used 4594K [0x000000066ab00000, 0x0000000671980000, 0x00000007c0000000)
  eden space 63488K, 0% used [0x000000066ab00000,0x000000066ab00000,0x000000066e900000)
  from space 4608K, 99% used [0x000000066e900000,0x000000066ed7c9a0,0x000000066ed80000)
  to   space 5632K, 0% used [0x0000000671400000,0x0000000671400000,0x0000000671980000)
 ParOldGen       total 42496K, used 8510K [0x00000003c0000000, 0x00000003c2980000, 0x000000066ab00000)
  object space 42496K, 20% used [0x00000003c0000000,0x00000003c084fa18,0x00000003c2980000)
 Metaspace       used 20391K, capacity 20600K, committed 20864K, reserved 1067008K
  class space    used 2591K, capacity 2664K, committed 2688K, reserved 1048576K
}
Event: 3.725 GC heap before
{Heap before GC invocations=10 (full 0):
 PSYoungGen      total 68096K, used 16592K [0x000000066ab00000, 0x0000000671980000, 0x00000007c0000000)
  eden space 63488K, 18% used [0x000000066ab00000,0x000000066b6b7730,0x000000066e900000)
  from space 4608K, 99% used [0x000000066e900000,0x000000066ed7c9a0,0x000000066ed80000)
  to   space 5632K, 0% used [0x0000000671400000,0x0000000671400000,0x0000000671980000)
 ParOldGen       total 42496K, used 8510K [0x00000003c0000000, 0x00000003c2980000, 0x000000066ab00000)
  object space 42496K, 20% used [0x00000003c0000000,0x00000003c084fa18,0x00000003c2980000)
 Metaspace       used 20923K, capacity 21080K, committed 21248K, reserved 1067008K
  class space    used 2666K, capacity 2760K, committed 2816K, reserved 1048576K
Event: 3.729 GC heap after
Heap after GC invocations=10 (full 0):
 PSYoungGen      total 107520K, used 1811K [0x000000066ab00000, 0x0000000671980000, 0x00000007c0000000)
  eden space 101888K, 0% used [0x000000066ab00000,0x000000066ab00000,0x0000000670e80000)
  from space 5632K, 32% used [0x0000000671400000,0x00000006715c4d98,0x0000000671980000)
  to   space 5632K, 0% used [0x0000000670e80000,0x0000000670e80000,0x0000000671400000)
 ParOldGen       total 42496K, used 9135K [0x00000003c0000000, 0x00000003c2980000, 0x000000066ab00000)
  object space 42496K, 21% used [0x00000003c0000000,0x00000003c08ebf98,0x00000003c2980000)
 Metaspace       used 20923K, capacity 21080K, committed 21248K, reserved 1067008K
  class space    used 2666K, capacity 2760K, committed 2816K, reserved 1048576K
}
Event: 3.729 GC heap before
{Heap before GC invocations=11 (full 1):
 PSYoungGen      total 107520K, used 1811K [0x000000066ab00000, 0x0000000671980000, 0x00000007c0000000)
  eden space 101888K, 0% used [0x000000066ab00000,0x000000066ab00000,0x0000000670e80000)
  from space 5632K, 32% used [0x0000000671400000,0x00000006715c4d98,0x0000000671980000)
  to   space 5632K, 0% used [0x0000000670e80000,0x0000000670e80000,0x0000000671400000)
 ParOldGen       total 42496K, used 9135K [0x00000003c0000000, 0x00000003c2980000, 0x000000066ab00000)
  object space 42496K, 21% used [0x00000003c0000000,0x00000003c08ebf98,0x00000003c2980000)
 Metaspace       used 20923K, capacity 21080K, committed 21248K, reserved 1067008K
  class space    used 2666K, capacity 2760K, committed 2816K, reserved 1048576K
Event: 3.758 GC heap after
Heap after GC invocations=11 (full 1):
 PSYoungGen      total 107520K, used 0K [0x000000066ab00000, 0x0000000671980000, 0x00000007c0000000)
  eden space 101888K, 0% used [0x000000066ab00000,0x000000066ab00000,0x0000000670e80000)
  from space 5632K, 0% used [0x0000000671400000,0x0000000671400000,0x0000000671980000)
  to   space 5632K, 0% used [0x0000000670e80000,0x0000000670e80000,0x0000000671400000)
 ParOldGen       total 26112K, used 4403K [0x00000003c0000000, 0x00000003c1980000, 0x000000066ab00000)
  object space 26112K, 16% used [0x00000003c0000000,0x00000003c044cc40,0x00000003c1980000)
 Metaspace       used 20923K, capacity 21080K, committed 21248K, reserved 1067008K
  class space    used 2666K, capacity 2760K, committed 2816K, reserved 1048576K
}
Event: 5.377 GC heap before
{Heap before GC invocations=12 (full 1):
 PSYoungGen      total 107520K, used 101888K [0x000000066ab00000, 0x0000000671980000, 0x00000007c0000000)
  eden space 101888K, 100% used [0x000000066ab00000,0x0000000670e80000,0x0000000670e80000)
  from space 5632K, 0% used [0x0000000671400000,0x0000000671400000,0x0000000671980000)
  to   space 5632K, 0% used [0x0000000670e80000,0x0000000670e80000,0x0000000671400000)
 ParOldGen       total 26112K, used 4403K [0x00000003c0000000, 0x00000003c1980000, 0x000000066ab00000)
  object space 26112K, 16% used [0x00000003c0000000,0x00000003c044cc40,0x00000003c1980000)
 Metaspace       used 31100K, capacity 31306K, committed 31616K, reserved 1077248K
  class space    used 4061K, capacity 4139K, committed 4224K, reserved 1048576K
Event: 5.386 GC heap after
Heap after GC invocations=12 (full 1):
 PSYoungGen      total 107520K, used 5625K [0x000000066ab00000, 0x0000000674800000, 0x00000007c0000000)
  eden space 101888K, 0% used [0x000000066ab00000,0x000000066ab00000,0x0000000670e80000)
  from space 5632K, 99% used [0x0000000670e80000,0x00000006713fe4a8,0x0000000671400000)
  to   space 7680K, 0% used [0x0000000674080000,0x0000000674080000,0x0000000674800000)
 ParOldGen       total 26112K, used 8941K [0x00000003c0000000, 0x00000003c1980000, 0x000000066ab00000)
  object space 26112K, 34% used [0x00000003c0000000,0x00000003c08bb5a0,0x00000003c1980000)
 Metaspace       used 31100K, capacity 31306K, committed 31616K, reserved 1077248K
  class space    used 4061K, capacity 4139K, committed 4224K, reserved 1048576K
}
Event: 8.589 GC heap before
{Heap before GC invocations=13 (full 1):
 PSYoungGen      total 107520K, used 86203K [0x000000066ab00000, 0x0000000674800000, 0x00000007c0000000)
  eden space 101888K, 79% used [0x000000066ab00000,0x000000066f9b0760,0x0000000670e80000)
  from space 5632K, 99% used [0x0000000670e80000,0x00000006713fe4a8,0x0000000671400000)
  to   space 7680K, 0% used [0x0000000674080000,0x0000000674080000,0x0000000674800000)
 ParOldGen       total 26112K, used 8941K [0x00000003c0000000, 0x00000003c1980000, 0x000000066ab00000)
  object space 26112K, 34% used [0x00000003c0000000,0x00000003c08bb5a0,0x00000003c1980000)
 Metaspace       used 34974K, capacity 35154K, committed 35416K, reserved 1079296K
  class space    used 4568K, capacity 4629K, committed 4696K, reserved 1048576K
Event: 8.597 GC heap after
Heap after GC invocations=13 (full 1):
 PSYoungGen      total 147456K, used 5228K [0x000000066ab00000, 0x0000000674600000, 0x00000007c0000000)
  eden space 141824K, 0% used [0x000000066ab00000,0x000000066ab00000,0x0000000673580000)
  from space 5632K, 92% used [0x0000000674080000,0x000000067459b1a0,0x0000000674600000)
  to   space 7680K, 0% used [0x0000000673700000,0x0000000673700000,0x0000000673e80000)
 ParOldGen       total 26112K, used 10776K [0x00000003c0000000, 0x00000003c1980000, 0x000000066ab00000)
  object space 26112K, 41% used [0x00000003c0000000,0x00000003c0a86338,0x00000003c1980000)
 Metaspace       used 34974K, capacity 35154K, committed 35416K, reserved 1079296K
  class space    used 4568K, capacity 4629K, committed 4696K, reserved 1048576K
}
Event: 8.597 GC heap before
{Heap before GC invocations=14 (full 2):
 PSYoungGen      total 147456K, used 5228K [0x000000066ab00000, 0x0000000674600000, 0x00000007c0000000)
  eden space 141824K, 0% used [0x000000066ab00000,0x000000066ab00000,0x0000000673580000)
  from space 5632K, 92% used [0x0000000674080000,0x000000067459b1a0,0x0000000674600000)
  to   space 7680K, 0% used [0x0000000673700000,0x0000000673700000,0x0000000673e80000)
 ParOldGen       total 26112K, used 10776K [0x00000003c0000000, 0x00000003c1980000, 0x000000066ab00000)
  object space 26112K, 41% used [0x00000003c0000000,0x00000003c0a86338,0x00000003c1980000)
 Metaspace       used 34974K, capacity 35154K, committed 35416K, reserved 1079296K
  class space    used 4568K, capacity 4629K, committed 4696K, reserved 1048576K
Event: 8.630 GC heap after
Heap after GC invocations=14 (full 2):
 PSYoungGen      total 147456K, used 0K [0x000000066ab00000, 0x0000000674600000, 0x00000007c0000000)
  eden space 141824K, 0% used [0x000000066ab00000,0x000000066ab00000,0x0000000673580000)
  from space 5632K, 0% used [0x0000000674080000,0x0000000674080000,0x0000000674600000)
  to   space 7680K, 0% used [0x0000000673700000,0x0000000673700000,0x0000000673e80000)
 ParOldGen       total 40960K, used 10555K [0x00000003c0000000, 0x00000003c2800000, 0x000000066ab00000)
  object space 40960K, 25% used [0x00000003c0000000,0x00000003c0a4efa0,0x00000003c2800000)
 Metaspace       used 34974K, capacity 35154K, committed 35416K, reserved 1079296K
  class space    used 4568K, capacity 4629K, committed 4696K, reserved 1048576K
}
Event: 10.595 GC heap before
{Heap before GC invocations=15 (full 2):
 PSYoungGen      total 147456K, used 141824K [0x000000066ab00000, 0x0000000674600000, 0x00000007c0000000)
  eden space 141824K, 100% used [0x000000066ab00000,0x0000000673580000,0x0000000673580000)
  from space 5632K, 0% used [0x0000000674080000,0x0000000674080000,0x0000000674600000)
  to   space 7680K, 0% used [0x0000000673700000,0x0000000673700000,0x0000000673e80000)
 ParOldGen       total 40960K, used 10555K [0x00000003c0000000, 0x00000003c2800000, 0x000000066ab00000)
  object space 40960K, 25% used [0x00000003c0000000,0x00000003c0a4efa0,0x00000003c2800000)
 Metaspace       used 48791K, capacity 49102K, committed 49368K, reserved 1091584K
  class space    used 6715K, capacity 6814K, committed 6872K, reserved 1048576K
Event: 10.614 GC heap after
Heap after GC invocations=15 (full 2):
 PSYoungGen      total 151040K, used 7672K [0x000000066ab00000, 0x0000000678380000, 0x00000007c0000000)
  eden space 143360K, 0% used [0x000000066ab00000,0x000000066ab00000,0x0000000673700000)
  from space 7680K, 99% used [0x0000000673700000,0x0000000673e7e040,0x0000000673e80000)
  to   space 12288K, 0% used [0x0000000677780000,0x0000000677780000,0x0000000678380000)
 ParOldGen       total 40960K, used 20514K [0x00000003c0000000, 0x00000003c2800000, 0x000000066ab00000)
  object space 40960K, 50% used [0x00000003c0000000,0x00000003c1408bf8,0x00000003c2800000)
 Metaspace       used 48791K, capacity 49102K, committed 49368K, reserved 1091584K
  class space    used 6715K, capacity 6814K, committed 6872K, reserved 1048576K
}
Event: 15.963 GC heap before
{Heap before GC invocations=16 (full 2):
 PSYoungGen      total 151040K, used 151032K [0x000000066ab00000, 0x0000000678380000, 0x00000007c0000000)
  eden space 143360K, 100% used [0x000000066ab00000,0x0000000673700000,0x0000000673700000)
  from space 7680K, 99% used [0x0000000673700000,0x0000000673e7e040,0x0000000673e80000)
  to   space 12288K, 0% used [0x0000000677780000,0x0000000677780000,0x0000000678380000)
 ParOldGen       total 40960K, used 20514K [0x00000003c0000000, 0x00000003c2800000, 0x000000066ab00000)
  object space 40960K, 50% used [0x00000003c0000000,0x00000003c1408bf8,0x00000003c2800000)
 Metaspace       used 56138K, capacity 56540K, committed 56920K, reserved 1097728K
  class space    used 7851K, capacity 7979K, committed 8024K, reserved 1048576K
Event: 15.988 GC heap after
Heap after GC invocations=16 (full 2):
 PSYoungGen      total 206336K, used 8497K [0x000000066ab00000, 0x0000000678280000, 0x00000007c0000000)
  eden space 195072K, 0% used [0x000000066ab00000,0x000000066ab00000,0x0000000676980000)
  from space 11264K, 75% used [0x0000000677780000,0x0000000677fcc400,0x0000000678280000)
  to   space 12800K, 0% used [0x0000000676980000,0x0000000676980000,0x0000000677600000)
 ParOldGen       total 58368K, used 58193K [0x00000003c0000000, 0x00000003c3900000, 0x000000066ab00000)
  object space 58368K, 99% used [0x00000003c0000000,0x00000003c38d45b0,0x00000003c3900000)
 Metaspace       used 56138K, capacity 56540K, committed 56920K, reserved 1097728K
  class space    used 7851K, capacity 7979K, committed 8024K, reserved 1048576K
}
Event: 15.988 GC heap before
{Heap before GC invocations=17 (full 3):
 PSYoungGen      total 206336K, used 8497K [0x000000066ab00000, 0x0000000678280000, 0x00000007c0000000)
  eden space 195072K, 0% used [0x000000066ab00000,0x000000066ab00000,0x0000000676980000)
  from space 11264K, 75% used [0x0000000677780000,0x0000000677fcc400,0x0000000678280000)
  to   space 12800K, 0% used [0x0000000676980000,0x0000000676980000,0x0000000677600000)
 ParOldGen       total 58368K, used 58193K [0x00000003c0000000, 0x00000003c3900000, 0x000000066ab00000)
  object space 58368K, 99% used [0x00000003c0000000,0x00000003c38d45b0,0x00000003c3900000)
 Metaspace       used 56138K, capacity 56540K, committed 56920K, reserved 1097728K
  class space    used 7851K, capacity 7979K, committed 8024K, reserved 1048576K
Event: 16.069 GC heap after
Heap after GC invocations=17 (full 3):
 PSYoungGen      total 206336K, used 0K [0x000000066ab00000, 0x0000000678280000, 0x00000007c0000000)
  eden space 195072K, 0% used [0x000000066ab00000,0x000000066ab00000,0x0000000676980000)
  from space 11264K, 0% used [0x0000000677780000,0x0000000677780000,0x0000000678280000)
  to   space 12800K, 0% used [0x0000000676980000,0x0000000676980000,0x0000000677600000)
 ParOldGen       total 105472K, used 51925K [0x00000003c0000000, 0x00000003c6700000, 0x000000066ab00000)
  object space 105472K, 49% used [0x00000003c0000000,0x00000003c32b5610,0x00000003c6700000)
 Metaspace       used 56134K, capacity 56534K, committed 56920K, reserved 1097728K
  class space    used 7850K, capacity 7978K, committed 8024K, reserved 1048576K
}
Event: 18.559 GC heap before
{Heap before GC invocations=18 (full 3):
 PSYoungGen      total 206336K, used 195072K [0x000000066ab00000, 0x0000000678280000, 0x00000007c0000000)
  eden space 195072K, 100% used [0x000000066ab00000,0x0000000676980000,0x0000000676980000)
  from space 11264K, 0% used [0x0000000677780000,0x0000000677780000,0x0000000678280000)
  to   space 12800K, 0% used [0x0000000676980000,0x0000000676980000,0x0000000677600000)
 ParOldGen       total 105472K, used 51925K [0x00000003c0000000, 0x00000003c6700000, 0x000000066ab00000)
  object space 105472K, 49% used [0x00000003c0000000,0x00000003c32b5610,0x00000003c6700000)
 Metaspace       used 75030K, capacity 75550K, committed 75736K, reserved 1114112K
  class space    used 10802K, capacity 10940K, committed 10968K, reserved 1048576K
Event: 18.584 GC heap after
Heap after GC invocations=18 (full 3):
 PSYoungGen      total 207872K, used 12798K [0x000000066ab00000, 0x000000067cd80000, 0x00000007c0000000)
  eden space 195072K, 0% used [0x000000066ab00000,0x000000066ab00000,0x0000000676980000)
  from space 12800K, 99% used [0x0000000676980000,0x00000006775ff9e0,0x0000000677600000)
  to   space 18432K, 0% used [0x000000067bb80000,0x000000067bb80000,0x000000067cd80000)
 ParOldGen       total 105472K, used 61392K [0x00000003c0000000, 0x00000003c6700000, 0x000000066ab00000)
  object space 105472K, 58% used [0x00000003c0000000,0x00000003c3bf4240,0x00000003c6700000)
 Metaspace       used 75030K, capacity 75550K, committed 75736K, reserved 1114112K
  class space    used 10802K, capacity 10940K, committed 10968K, reserved 1048576K
}
Event: 20.954 GC heap before
{Heap before GC invocations=19 (full 3):
 PSYoungGen      total 207872K, used 203823K [0x000000066ab00000, 0x000000067cd80000, 0x00000007c0000000)
  eden space 195072K, 97% used [0x000000066ab00000,0x000000067658c4d8,0x0000000676980000)
  from space 12800K, 99% used [0x0000000676980000,0x00000006775ff9e0,0x0000000677600000)
  to   space 18432K, 0% used [0x000000067bb80000,0x000000067bb80000,0x000000067cd80000)
 ParOldGen       total 105472K, used 61392K [0x00000003c0000000, 0x00000003c6700000, 0x000000066ab00000)
  object space 105472K, 58% used [0x00000003c0000000,0x00000003c3bf4240,0x00000003c6700000)
 Metaspace       used 77236K, capacity 77858K, committed 78040K, reserved 1116160K
  class space    used 11044K, capacity 11183K, committed 11224K, reserved 1048576K
Event: 20.966 GC heap after
Heap after GC invocations=19 (full 3):
 PSYoungGen      total 269824K, used 3250K [0x000000066ab00000, 0x000000067c880000, 0x00000007c0000000)
  eden space 256512K, 0% used [0x000000066ab00000,0x000000066ab00000,0x000000067a580000)
  from space 13312K, 24% used [0x000000067bb80000,0x000000067beaca70,0x000000067c880000)
  to   space 17920K, 0% used [0x000000067a580000,0x000000067a580000,0x000000067b700000)
 ParOldGen       total 105472K, used 67676K [0x00000003c0000000, 0x00000003c6700000, 0x000000066ab00000)
  object space 105472K, 64% used [0x00000003c0000000,0x00000003c4217008,0x00000003c6700000)
 Metaspace       used 77236K, capacity 77858K, committed 78040K, reserved 1116160K
  class space    used 11044K, capacity 11183K, committed 11224K, reserved 1048576K
}
Event: 22.317 GC heap before
{Heap before GC invocations=20 (full 3):
 PSYoungGen      total 269824K, used 215989K [0x000000066ab00000, 0x000000067c880000, 0x00000007c0000000)
  eden space 256512K, 82% used [0x000000066ab00000,0x0000000677ac0c08,0x000000067a580000)
  from space 13312K, 24% used [0x000000067bb80000,0x000000067beaca70,0x000000067c880000)
  to   space 17920K, 0% used [0x000000067a580000,0x000000067a580000,0x000000067b700000)
 ParOldGen       total 105472K, used 67676K [0x00000003c0000000, 0x00000003c6700000, 0x000000066ab00000)
  object space 105472K, 64% used [0x00000003c0000000,0x00000003c4217008,0x00000003c6700000)
 Metaspace       used 78640K, capacity 79372K, committed 79576K, reserved 1118208K
  class space    used 11252K, capacity 11428K, committed 11480K, reserved 1048576K
Event: 22.339 GC heap after
Heap after GC invocations=20 (full 3):
 PSYoungGen      total 274432K, used 17903K [0x000000066ab00000, 0x0000000681580000, 0x00000007c0000000)
  eden space 256512K, 0% used [0x000000066ab00000,0x000000066ab00000,0x000000067a580000)
  from space 17920K, 99% used [0x000000067a580000,0x000000067b6fbe88,0x000000067b700000)
  to   space 28160K, 0% used [0x000000067fa00000,0x000000067fa00000,0x0000000681580000)
 ParOldGen       total 105472K, used 87780K [0x00000003c0000000, 0x00000003c6700000, 0x000000066ab00000)
  object space 105472K, 83% used [0x00000003c0000000,0x00000003c55b9118,0x00000003c6700000)
 Metaspace       used 78640K, capacity 79372K, committed 79576K, reserved 1118208K
  class space    used 11252K, capacity 11428K, committed 11480K, reserved 1048576K
}
Event: 22.339 GC heap before
{Heap before GC invocations=21 (full 4):
 PSYoungGen      total 274432K, used 17903K [0x000000066ab00000, 0x0000000681580000, 0x00000007c0000000)
  eden space 256512K, 0% used [0x000000066ab00000,0x000000066ab00000,0x000000067a580000)
  from space 17920K, 99% used [0x000000067a580000,0x000000067b6fbe88,0x000000067b700000)
  to   space 28160K, 0% used [0x000000067fa00000,0x000000067fa00000,0x0000000681580000)
 ParOldGen       total 105472K, used 87780K [0x00000003c0000000, 0x00000003c6700000, 0x000000066ab00000)
  object space 105472K, 83% used [0x00000003c0000000,0x00000003c55b9118,0x00000003c6700000)
 Metaspace       used 78640K, capacity 79372K, committed 79576K, reserved 1118208K
  class space    used 11252K, capacity 11428K, committed 11480K, reserved 1048576K
Event: 22.431 GC heap after
Heap after GC invocations=21 (full 4):
 PSYoungGen      total 274432K, used 0K [0x000000066ab00000, 0x0000000681580000, 0x00000007c0000000)
  eden space 256512K, 0% used [0x000000066ab00000,0x000000066ab00000,0x000000067a580000)
  from space 17920K, 0% used [0x000000067a580000,0x000000067a580000,0x000000067b700000)
  to   space 28160K, 0% used [0x000000067fa00000,0x000000067fa00000,0x0000000681580000)
 ParOldGen       total 140800K, used 74604K [0x00000003c0000000, 0x00000003c8980000, 0x000000066ab00000)
  object space 140800K, 52% used [0x00000003c0000000,0x00000003c48db060,0x00000003c8980000)
 Metaspace       used 78628K, capacity 79354K, committed 79576K, reserved 1118208K
  class space    used 11251K, capacity 11425K, committed 11480K, reserved 1048576K
}
Event: 23.544 GC heap before
{Heap before GC invocations=22 (full 4):
 PSYoungGen      total 274432K, used 255640K [0x000000066ab00000, 0x0000000681580000, 0x00000007c0000000)
  eden space 256512K, 99% used [0x000000066ab00000,0x000000067a4a6040,0x000000067a580000)
  from space 17920K, 0% used [0x000000067a580000,0x000000067a580000,0x000000067b700000)
  to   space 28160K, 0% used [0x000000067fa00000,0x000000067fa00000,0x0000000681580000)
 ParOldGen       total 140800K, used 74604K [0x00000003c0000000, 0x00000003c8980000, 0x000000066ab00000)
  object space 140800K, 52% used [0x00000003c0000000,0x00000003c48db060,0x00000003c8980000)
 Metaspace       used 80514K, capacity 81280K, committed 81368K, reserved 1118208K
  class space    used 11502K, capacity 11680K, committed 11736K, reserved 1048576K
Event: 23.625 GC heap after
Heap after GC invocations=22 (full 4):
 PSYoungGen      total 342016K, used 16978K [0x000000066ab00000, 0x0000000682580000, 0x00000007c0000000)
  eden space 313856K, 0% used [0x000000066ab00000,0x000000066ab00000,0x000000067dd80000)
  from space 28160K, 60% used [0x000000067fa00000,0x0000000680a94978,0x0000000681580000)
  to   space 29184K, 0% used [0x000000067dd80000,0x000000067dd80000,0x000000067fa00000)
 ParOldGen       total 272896K, used 240772K [0x00000003c0000000, 0x00000003d0a80000, 0x000000066ab00000)
  object space 272896K, 88% used [0x00000003c0000000,0x00000003ceb21280,0x00000003d0a80000)
 Metaspace       used 80514K, capacity 81280K, committed 81368K, reserved 1118208K
  class space    used 11502K, capacity 11680K, committed 11736K, reserved 1048576K
}
Event: 23.625 GC heap before
{Heap before GC invocations=23 (full 5):
 PSYoungGen      total 342016K, used 16978K [0x000000066ab00000, 0x0000000682580000, 0x00000007c0000000)
  eden space 313856K, 0% used [0x000000066ab00000,0x000000066ab00000,0x000000067dd80000)
  from space 28160K, 60% used [0x000000067fa00000,0x0000000680a94978,0x0000000681580000)
  to   space 29184K, 0% used [0x000000067dd80000,0x000000067dd80000,0x000000067fa00000)
 ParOldGen       total 272896K, used 240772K [0x00000003c0000000, 0x00000003d0a80000, 0x000000066ab00000)
  object space 272896K, 88% used [0x00000003c0000000,0x00000003ceb21280,0x00000003d0a80000)
 Metaspace       used 80514K, capacity 81280K, committed 81368K, reserved 1118208K
  class space    used 11502K, capacity 11680K, committed 11736K, reserved 1048576K
Event: 23.709 GC heap after
Heap after GC invocations=23 (full 5):
 PSYoungGen      total 342016K, used 0K [0x000000066ab00000, 0x0000000682580000, 0x00000007c0000000)
  eden space 313856K, 0% used [0x000000066ab00000,0x000000066ab00000,0x000000067dd80000)
  from space 28160K, 0% used [0x000000067fa00000,0x000000067fa00000,0x0000000681580000)
  to   space 29184K, 0% used [0x000000067dd80000,0x000000067dd80000,0x000000067fa00000)
 ParOldGen       total 324096K, used 191125K [0x00000003c0000000, 0x00000003d3c80000, 0x000000066ab00000)
  object space 324096K, 58% used [0x00000003c0000000,0x00000003cbaa5570,0x00000003d3c80000)
 Metaspace       used 80514K, capacity 81280K, committed 81368K, reserved 1118208K
  class space    used 11502K, capacity 11680K, committed 11736K, reserved 1048576K
}
Event: 24.315 GC heap before
{Heap before GC invocations=24 (full 5):
 PSYoungGen      total 342016K, used 313856K [0x000000066ab00000, 0x0000000682580000, 0x00000007c0000000)
  eden space 313856K, 100% used [0x000000066ab00000,0x000000067dd80000,0x000000067dd80000)
  from space 28160K, 0% used [0x000000067fa00000,0x000000067fa00000,0x0000000681580000)
  to   space 29184K, 0% used [0x000000067dd80000,0x000000067dd80000,0x000000067fa00000)
 ParOldGen       total 324096K, used 191125K [0x00000003c0000000, 0x00000003d3c80000, 0x000000066ab00000)
  object space 324096K, 58% used [0x00000003c0000000,0x00000003cbaa5570,0x00000003d3c80000)
 Metaspace       used 81034K, capacity 81840K, committed 82008K, reserved 1120256K
  class space    used 11561K, capacity 11762K, committed 11864K, reserved 1048576K
Event: 24.443 GC heap after
Heap after GC invocations=24 (full 5):
 PSYoungGen      total 343040K, used 27001K [0x000000066ab00000, 0x0000000687580000, 0x00000007c0000000)
  eden space 313856K, 0% used [0x000000066ab00000,0x000000066ab00000,0x000000067dd80000)
  from space 29184K, 92% used [0x000000067dd80000,0x000000067f7de608,0x000000067fa00000)
  to   space 33280K, 0% used [0x0000000685500000,0x0000000685500000,0x0000000687580000)
 ParOldGen       total 324096K, used 322197K [0x00000003c0000000, 0x00000003d3c80000, 0x000000066ab00000)
  object space 324096K, 99% used [0x00000003c0000000,0x00000003d3aa5590,0x00000003d3c80000)
 Metaspace       used 81034K, capacity 81840K, committed 82008K, reserved 1120256K
  class space    used 11561K, capacity 11762K, committed 11864K, reserved 1048576K
}
Event: 24.443 GC heap before
{Heap before GC invocations=25 (full 6):
 PSYoungGen      total 343040K, used 27001K [0x000000066ab00000, 0x0000000687580000, 0x00000007c0000000)
  eden space 313856K, 0% used [0x000000066ab00000,0x000000066ab00000,0x000000067dd80000)
  from space 29184K, 92% used [0x000000067dd80000,0x000000067f7de608,0x000000067fa00000)
  to   space 33280K, 0% used [0x0000000685500000,0x0000000685500000,0x0000000687580000)
 ParOldGen       total 324096K, used 322197K [0x00000003c0000000, 0x00000003d3c80000, 0x000000066ab00000)
  object space 324096K, 99% used [0x00000003c0000000,0x00000003d3aa5590,0x00000003d3c80000)
 Metaspace       used 81034K, capacity 81840K, committed 82008K, reserved 1120256K
  class space    used 11561K, capacity 11762K, committed 11864K, reserved 1048576K
Event: 24.633 GC heap after
Heap after GC invocations=25 (full 6):
 PSYoungGen      total 343040K, used 0K [0x000000066ab00000, 0x0000000687580000, 0x00000007c0000000)
  eden space 313856K, 0% used [0x000000066ab00000,0x000000066ab00000,0x000000067dd80000)
  from space 29184K, 0% used [0x000000067dd80000,0x000000067dd80000,0x000000067fa00000)
  to   space 33280K, 0% used [0x0000000685500000,0x0000000685500000,0x0000000687580000)
 ParOldGen       total 392704K, used 213247K [0x00000003c0000000, 0x00000003d7f80000, 0x000000066ab00000)
  object space 392704K, 54% used [0x00000003c0000000,0x00000003cd03fdb0,0x00000003d7f80000)
 Metaspace       used 81034K, capacity 81840K, committed 82008K, reserved 1120256K
  class space    used 11561K, capacity 11762K, committed 11864K, reserved 1048576K
}
Event: 25.286 GC heap before
{Heap before GC invocations=26 (full 6):
 PSYoungGen      total 343040K, used 313856K [0x000000066ab00000, 0x0000000687580000, 0x00000007c0000000)
  eden space 313856K, 100% used [0x000000066ab00000,0x000000067dd80000,0x000000067dd80000)
  from space 29184K, 0% used [0x000000067dd80000,0x000000067dd80000,0x000000067fa00000)
  to   space 33280K, 0% used [0x0000000685500000,0x0000000685500000,0x0000000687580000)
 ParOldGen       total 392704K, used 213247K [0x00000003c0000000, 0x00000003d7f80000, 0x000000066ab00000)
  object space 392704K, 54% used [0x00000003c0000000,0x00000003cd03fdb0,0x00000003d7f80000)
 Metaspace       used 81140K, capacity 81908K, committed 82264K, reserved 1120256K
  class space    used 11561K, capacity 11762K, committed 11864K, reserved 1048576K
Event: 25.307 GC heap after
Heap after GC invocations=26 (full 6):
 PSYoungGen      total 373760K, used 7369K [0x000000066ab00000, 0x0000000685c80000, 0x00000007c0000000)
  eden space 366080K, 0% used [0x000000066ab00000,0x000000066ab00000,0x0000000681080000)
  from space 7680K, 95% used [0x0000000685500000,0x0000000685c32598,0x0000000685c80000)
  to   space 32256K, 0% used [0x0000000681d80000,0x0000000681d80000,0x0000000683d00000)
 ParOldGen       total 392704K, used 213255K [0x00000003c0000000, 0x00000003d7f80000, 0x000000066ab00000)
  object space 392704K, 54% used [0x00000003c0000000,0x00000003cd041db0,0x00000003d7f80000)
 Metaspace       used 81140K, capacity 81908K, committed 82264K, reserved 1120256K
  class space    used 11561K, capacity 11762K, committed 11864K, reserved 1048576K
}
Event: 26.011 GC heap before
{Heap before GC invocations=27 (full 6):
 PSYoungGen      total 373760K, used 373449K [0x000000066ab00000, 0x0000000685c80000, 0x00000007c0000000)
  eden space 366080K, 100% used [0x000000066ab00000,0x0000000681080000,0x0000000681080000)
  from space 7680K, 95% used [0x0000000685500000,0x0000000685c32598,0x0000000685c80000)
  to   space 32256K, 0% used [0x0000000681d80000,0x0000000681d80000,0x0000000683d00000)
 ParOldGen       total 392704K, used 213255K [0x00000003c0000000, 0x00000003d7f80000, 0x000000066ab00000)
  object space 392704K, 54% used [0x00000003c0000000,0x00000003cd041db0,0x00000003d7f80000)
 Metaspace       used 81155K, capacity 81972K, committed 82264K, reserved 1120256K
  class space    used 11561K, capacity 11762K, committed 11864K, reserved 1048576K
Event: 26.049 GC heap after
Heap after GC invocations=27 (full 6):
 PSYoungGen      total 411648K, used 10737K [0x000000066ab00000, 0x0000000688780000, 0x00000007c0000000)
  eden space 379392K, 0% used [0x000000066ab00000,0x000000066ab00000,0x0000000681d80000)
  from space 32256K, 33% used [0x0000000681d80000,0x00000006827fc410,0x0000000683d00000)
  to   space 30208K, 0% used [0x0000000686a00000,0x0000000686a00000,0x0000000688780000)
 ParOldGen       total 392704K, used 213255K [0x00000003c0000000, 0x00000003d7f80000, 0x000000066ab00000)
  object space 392704K, 54% used [0x00000003c0000000,0x00000003cd041db0,0x00000003d7f80000)
 Metaspace       used 81155K, capacity 81972K, committed 82264K, reserved 1120256K
  class space    used 11561K, capacity 11762K, committed 11864K, reserved 1048576K
}
Event: 26.827 GC heap before
{Heap before GC invocations=28 (full 6):
 PSYoungGen      total 411648K, used 390129K [0x000000066ab00000, 0x0000000688780000, 0x00000007c0000000)
  eden space 379392K, 100% used [0x000000066ab00000,0x0000000681d80000,0x0000000681d80000)
  from space 32256K, 33% used [0x0000000681d80000,0x00000006827fc410,0x0000000683d00000)
  to   space 30208K, 0% used [0x0000000686a00000,0x0000000686a00000,0x0000000688780000)
 ParOldGen       total 392704K, used 213255K [0x00000003c0000000, 0x00000003d7f80000, 0x000000066ab00000)
  object space 392704K, 54% used [0x00000003c0000000,0x00000003cd041db0,0x00000003d7f80000)
 Metaspace       used 81157K, capacity 81972K, committed 82264K, reserved 1120256K
  class space    used 11561K, capacity 11762K, committed 11864K, reserved 1048576K
Event: 26.871 GC heap after
Heap after GC invocations=28 (full 6):
 PSYoungGen      total 459264K, used 12467K [0x000000066ab00000, 0x0000000689480000, 0x00000007c0000000)
  eden space 429056K, 0% used [0x000000066ab00000,0x000000066ab00000,0x0000000684e00000)
  from space 30208K, 41% used [0x0000000686a00000,0x000000068762cde8,0x0000000688780000)
  to   space 28672K, 0% used [0x0000000684e00000,0x0000000684e00000,0x0000000686a00000)
 ParOldGen       total 392704K, used 213255K [0x00000003c0000000, 0x00000003d7f80000, 0x000000066ab00000)
  object space 392704K, 54% used [0x00000003c0000000,0x00000003cd041db0,0x00000003d7f80000)
 Metaspace       used 81157K, capacity 81972K, committed 82264K, reserved 1120256K
  class space    used 11561K, capacity 11762K, committed 11864K, reserved 1048576K
}
Event: 27.692 GC heap before
{Heap before GC invocations=29 (full 6):
 PSYoungGen      total 459264K, used 441523K [0x000000066ab00000, 0x0000000689480000, 0x00000007c0000000)
  eden space 429056K, 100% used [0x000000066ab00000,0x0000000684e00000,0x0000000684e00000)
  from space 30208K, 41% used [0x0000000686a00000,0x000000068762cde8,0x0000000688780000)
  to   space 28672K, 0% used [0x0000000684e00000,0x0000000684e00000,0x0000000686a00000)
 ParOldGen       total 392704K, used 213255K [0x00000003c0000000, 0x00000003d7f80000, 0x000000066ab00000)
  object space 392704K, 54% used [0x00000003c0000000,0x00000003cd041db0,0x00000003d7f80000)
 Metaspace       used 81161K, capacity 81972K, committed 82264K, reserved 1120256K
  class space    used 11561K, capacity 11762K, committed 11864K, reserved 1048576K
Event: 27.743 GC heap after
Heap after GC invocations=29 (full 6):
 PSYoungGen      total 457728K, used 14482K [0x000000066ab00000, 0x000000068ce00000, 0x00000007c0000000)
  eden space 429056K, 0% used [0x000000066ab00000,0x000000066ab00000,0x0000000684e00000)
  from space 28672K, 50% used [0x0000000684e00000,0x0000000685c24850,0x0000000686a00000)
  to   space 28160K, 0% used [0x000000068b280000,0x000000068b280000,0x000000068ce00000)
 ParOldGen       total 392704K, used 213255K [0x00000003c0000000, 0x00000003d7f80000, 0x000000066ab00000)
  object space 392704K, 54% used [0x00000003c0000000,0x00000003cd041db0,0x00000003d7f80000)
 Metaspace       used 81161K, capacity 81972K, committed 82264K, reserved 1120256K
  class space    used 11561K, capacity 11762K, committed 11864K, reserved 1048576K
}
Event: 28.386 GC heap before
{Heap before GC invocations=30 (full 6):
 PSYoungGen      total 457728K, used 443538K [0x000000066ab00000, 0x000000068ce00000, 0x00000007c0000000)
  eden space 429056K, 100% used [0x000000066ab00000,0x0000000684e00000,0x0000000684e00000)
  from space 28672K, 50% used [0x0000000684e00000,0x0000000685c24850,0x0000000686a00000)
  to   space 28160K, 0% used [0x000000068b280000,0x000000068b280000,0x000000068ce00000)
 ParOldGen       total 392704K, used 213255K [0x00000003c0000000, 0x00000003d7f80000, 0x000000066ab00000)
  object space 392704K, 54% used [0x00000003c0000000,0x00000003cd041db0,0x00000003d7f80000)
 Metaspace       used 81276K, capacity 82072K, committed 82264K, reserved 1120256K
  class space    used 11582K, capacity 11794K, committed 11864K, reserved 1048576K
Event: 28.411 GC heap after
Heap after GC invocations=30 (full 6):
 PSYoungGen      total 523776K, used 15648K [0x000000066ab00000, 0x000000068c980000, 0x00000007c0000000)
  eden space 500224K, 0% used [0x000000066ab00000,0x000000066ab00000,0x0000000689380000)
  from space 23552K, 66% used [0x000000068b280000,0x000000068c1c8088,0x000000068c980000)
  to   space 27648K, 0% used [0x0000000689380000,0x0000000689380000,0x000000068ae80000)
 ParOldGen       total 392704K, used 213255K [0x00000003c0000000, 0x00000003d7f80000, 0x000000066ab00000)
  object space 392704K, 54% used [0x00000003c0000000,0x00000003cd041db0,0x00000003d7f80000)
 Metaspace       used 81276K, capacity 82072K, committed 82264K, reserved 1120256K
  class space    used 11582K, capacity 11794K, committed 11864K, reserved 1048576K
}
Event: 30.239 GC heap before
{Heap before GC invocations=31 (full 6):
 PSYoungGen      total 523776K, used 514856K [0x000000066ab00000, 0x000000068c980000, 0x00000007c0000000)
  eden space 500224K, 99% used [0x000000066ab00000,0x00000006892821c0,0x0000000689380000)
  from space 23552K, 66% used [0x000000068b280000,0x000000068c1c8088,0x000000068c980000)
  to   space 27648K, 0% used [0x0000000689380000,0x0000000689380000,0x000000068ae80000)
 ParOldGen       total 392704K, used 213255K [0x00000003c0000000, 0x00000003d7f80000, 0x000000066ab00000)
  object space 392704K, 54% used [0x00000003c0000000,0x00000003cd041db0,0x00000003d7f80000)
 Metaspace       used 83241K, capacity 84178K, committed 84312K, reserved 1122304K
  class space    used 11837K, capacity 12050K, committed 12120K, reserved 1048576K
Event: 30.274 GC heap after
Heap after GC invocations=31 (full 6):
 PSYoungGen      total 527872K, used 27626K [0x000000066ab00000, 0x0000000692280000, 0x00000007c0000000)
  eden space 500224K, 0% used [0x000000066ab00000,0x000000066ab00000,0x0000000689380000)
  from space 27648K, 99% used [0x0000000689380000,0x000000068ae7aa20,0x000000068ae80000)
  to   space 45056K, 0% used [0x000000068f680000,0x000000068f680000,0x0000000692280000)
 ParOldGen       total 392704K, used 249588K [0x00000003c0000000, 0x00000003d7f80000, 0x000000066ab00000)
  object space 392704K, 63% used [0x00000003c0000000,0x00000003cf3bd398,0x00000003d7f80000)
 Metaspace       used 83241K, capacity 84178K, committed 84312K, reserved 1122304K
  class space    used 11837K, capacity 12050K, committed 12120K, reserved 1048576K
}
Event: 31.449 GC heap before
{Heap before GC invocations=32 (full 6):
 PSYoungGen      total 527872K, used 527850K [0x000000066ab00000, 0x0000000692280000, 0x00000007c0000000)
  eden space 500224K, 100% used [0x000000066ab00000,0x0000000689380000,0x0000000689380000)
  from space 27648K, 99% used [0x0000000689380000,0x000000068ae7aa20,0x000000068ae80000)
  to   space 45056K, 0% used [0x000000068f680000,0x000000068f680000,0x0000000692280000)
 ParOldGen       total 392704K, used 249588K [0x00000003c0000000, 0x00000003d7f80000, 0x000000066ab00000)
  object space 392704K, 63% used [0x00000003c0000000,0x00000003cf3bd398,0x00000003d7f80000)
 Metaspace       used 88504K, capacity 89410K, committed 89560K, reserved 1126400K
  class space    used 12237K, capacity 12469K, committed 12504K, reserved 1048576K
Event: 31.526 GC heap after
Heap after GC invocations=32 (full 6):
 PSYoungGen      total 591872K, used 45053K [0x000000066ab00000, 0x0000000693980000, 0x00000007c0000000)
  eden space 546816K, 0% used [0x000000066ab00000,0x000000066ab00000,0x000000068c100000)
  from space 45056K, 99% used [0x000000068f680000,0x000000069227f440,0x0000000692280000)
  to   space 54784K, 0% used [0x000000068c100000,0x000000068c100000,0x000000068f680000)
 ParOldGen       total 392704K, used 255744K [0x00000003c0000000, 0x00000003d7f80000, 0x000000066ab00000)
  object space 392704K, 65% used [0x00000003c0000000,0x00000003cf9c0210,0x00000003d7f80000)
 Metaspace       used 88504K, capacity 89410K, committed 89560K, reserved 1126400K
  class space    used 12237K, capacity 12469K, committed 12504K, reserved 1048576K
}
Event: 32.873 GC heap before
{Heap before GC invocations=33 (full 6):
 PSYoungGen      total 591872K, used 591869K [0x000000066ab00000, 0x0000000693980000, 0x00000007c0000000)
  eden space 546816K, 100% used [0x000000066ab00000,0x000000068c100000,0x000000068c100000)
  from space 45056K, 99% used [0x000000068f680000,0x000000069227f440,0x0000000692280000)
  to   space 54784K, 0% used [0x000000068c100000,0x000000068c100000,0x000000068f680000)
 ParOldGen       total 392704K, used 255744K [0x00000003c0000000, 0x00000003d7f80000, 0x000000066ab00000)
  object space 392704K, 65% used [0x00000003c0000000,0x00000003cf9c0210,0x00000003d7f80000)
 Metaspace       used 89593K, capacity 90542K, committed 90712K, reserved 1128448K
  class space    used 12332K, capacity 12565K, committed 12632K, reserved 1048576K
Event: 32.909 GC heap after
Heap after GC invocations=33 (full 6):
 PSYoungGen      total 601600K, used 20668K [0x000000066ab00000, 0x0000000696200000, 0x00000007c0000000)
  eden space 546816K, 0% used [0x000000066ab00000,0x000000066ab00000,0x000000068c100000)
  from space 54784K, 37% used [0x000000068c100000,0x000000068d52f3c8,0x000000068f680000)
  to   space 51712K, 0% used [0x0000000692f80000,0x0000000692f80000,0x0000000696200000)
 ParOldGen       total 392704K, used 260280K [0x00000003c0000000, 0x00000003d7f80000, 0x000000066ab00000)
  object space 392704K, 66% used [0x00000003c0000000,0x00000003cfe2e230,0x00000003d7f80000)
 Metaspace       used 89593K, capacity 90542K, committed 90712K, reserved 1128448K
  class space    used 12332K, capacity 12565K, committed 12632K, reserved 1048576K
}
Event: 33.835 GC heap before
{Heap before GC invocations=34 (full 6):
 PSYoungGen      total 601600K, used 567484K [0x000000066ab00000, 0x0000000696200000, 0x00000007c0000000)
  eden space 546816K, 100% used [0x000000066ab00000,0x000000068c100000,0x000000068c100000)
  from space 54784K, 37% used [0x000000068c100000,0x000000068d52f3c8,0x000000068f680000)
  to   space 51712K, 0% used [0x0000000692f80000,0x0000000692f80000,0x0000000696200000)
 ParOldGen       total 392704K, used 260280K [0x00000003c0000000, 0x00000003d7f80000, 0x000000066ab00000)
  object space 392704K, 66% used [0x00000003c0000000,0x00000003cfe2e230,0x00000003d7f80000)
 Metaspace       used 89593K, capacity 90542K, committed 90712K, reserved 1128448K
  class space    used 12332K, capacity 12565K, committed 12632K, reserved 1048576K
Event: 33.883 GC heap after
Heap after GC invocations=34 (full 6):
 PSYoungGen      total 657920K, used 20047K [0x000000066ab00000, 0x0000000695e00000, 0x00000007c0000000)
  eden space 610304K, 0% used [0x000000066ab00000,0x000000066ab00000,0x000000068ff00000)
  from space 47616K, 42% used [0x0000000692f80000,0x0000000694313d38,0x0000000695e00000)
  to   space 48640K, 0% used [0x000000068ff00000,0x000000068ff00000,0x0000000692e80000)
 ParOldGen       total 392704K, used 260280K [0x00000003c0000000, 0x00000003d7f80000, 0x000000066ab00000)
  object space 392704K, 66% used [0x00000003c0000000,0x00000003cfe2e230,0x00000003d7f80000)
 Metaspace       used 89593K, capacity 90542K, committed 90712K, reserved 1128448K
  class space    used 12332K, capacity 12565K, committed 12632K, reserved 1048576K
}
Event: 34.839 GC heap before
{Heap before GC invocations=35 (full 6):
 PSYoungGen      total 657920K, used 630351K [0x000000066ab00000, 0x0000000695e00000, 0x00000007c0000000)
  eden space 610304K, 100% used [0x000000066ab00000,0x000000068ff00000,0x000000068ff00000)
  from space 47616K, 42% used [0x0000000692f80000,0x0000000694313d38,0x0000000695e00000)
  to   space 48640K, 0% used [0x000000068ff00000,0x000000068ff00000,0x0000000692e80000)
 ParOldGen       total 392704K, used 260280K [0x00000003c0000000, 0x00000003d7f80000, 0x000000066ab00000)
  object space 392704K, 66% used [0x00000003c0000000,0x00000003cfe2e230,0x00000003d7f80000)
 Metaspace       used 89593K, capacity 90542K, committed 90712K, reserved 1128448K
  class space    used 12332K, capacity 12565K, committed 12632K, reserved 1048576K
Event: 34.858 GC heap after
Heap after GC invocations=35 (full 6):
 PSYoungGen      total 658944K, used 20118K [0x000000066ab00000, 0x0000000699800000, 0x00000007c0000000)
  eden space 610304K, 0% used [0x000000066ab00000,0x000000066ab00000,0x000000068ff00000)
  from space 48640K, 41% used [0x000000068ff00000,0x00000006912a5898,0x0000000692e80000)
  to   space 46080K, 0% used [0x0000000696b00000,0x0000000696b00000,0x0000000699800000)
 ParOldGen       total 392704K, used 260280K [0x00000003c0000000, 0x00000003d7f80000, 0x000000066ab00000)
  object space 392704K, 66% used [0x00000003c0000000,0x00000003cfe2e230,0x00000003d7f80000)
 Metaspace       used 89593K, capacity 90542K, committed 90712K, reserved 1128448K
  class space    used 12332K, capacity 12565K, committed 12632K, reserved 1048576K
}
Event: 35.881 GC heap before
{Heap before GC invocations=36 (full 6):
 PSYoungGen      total 658944K, used 630422K [0x000000066ab00000, 0x0000000699800000, 0x00000007c0000000)
  eden space 610304K, 100% used [0x000000066ab00000,0x000000068ff00000,0x000000068ff00000)
  from space 48640K, 41% used [0x000000068ff00000,0x00000006912a5898,0x0000000692e80000)
  to   space 46080K, 0% used [0x0000000696b00000,0x0000000696b00000,0x0000000699800000)
 ParOldGen       total 392704K, used 260280K [0x00000003c0000000, 0x00000003d7f80000, 0x000000066ab00000)
  object space 392704K, 66% used [0x00000003c0000000,0x00000003cfe2e230,0x00000003d7f80000)
 Metaspace       used 89805K, capacity 90804K, committed 90968K, reserved 1128448K
  class space    used 12351K, capacity 12578K, committed 12632K, reserved 1048576K
Event: 35.918 GC heap after
Heap after GC invocations=36 (full 6):
 PSYoungGen      total 716288K, used 39815K [0x000000066ab00000, 0x000000069a080000, 0x00000007c0000000)
  eden space 670208K, 0% used [0x000000066ab00000,0x000000066ab00000,0x0000000693980000)
  from space 46080K, 86% used [0x0000000696b00000,0x00000006991e1cb0,0x0000000699800000)
  to   space 50688K, 0% used [0x0000000693980000,0x0000000693980000,0x0000000696b00000)
 ParOldGen       total 392704K, used 260288K [0x00000003c0000000, 0x00000003d7f80000, 0x000000066ab00000)
  object space 392704K, 66% used [0x00000003c0000000,0x00000003cfe30230,0x00000003d7f80000)
 Metaspace       used 89805K, capacity 90804K, committed 90968K, reserved 1128448K
  class space    used 12351K, capacity 12578K, committed 12632K, reserved 1048576K
}
Event: 37.417 GC heap before
{Heap before GC invocations=37 (full 6):
 PSYoungGen      total 716288K, used 710023K [0x000000066ab00000, 0x000000069a080000, 0x00000007c0000000)
  eden space 670208K, 100% used [0x000000066ab00000,0x0000000693980000,0x0000000693980000)
  from space 46080K, 86% used [0x0000000696b00000,0x00000006991e1cb0,0x0000000699800000)
  to   space 50688K, 0% used [0x0000000693980000,0x0000000693980000,0x0000000696b00000)
 ParOldGen       total 392704K, used 260288K [0x00000003c0000000, 0x00000003d7f80000, 0x000000066ab00000)
  object space 392704K, 66% used [0x00000003c0000000,0x00000003cfe30230,0x00000003d7f80000)
 Metaspace       used 89827K, capacity 90804K, committed 90968K, reserved 1128448K
  class space    used 12351K, capacity 12578K, committed 12632K, reserved 1048576K
Event: 37.466 GC heap after
Heap after GC invocations=37 (full 6):
 PSYoungGen      total 720896K, used 20836K [0x000000066ab00000, 0x000000069da80000, 0x00000007c0000000)
  eden space 670208K, 0% used [0x000000066ab00000,0x000000066ab00000,0x0000000693980000)
  from space 50688K, 41% used [0x0000000693980000,0x0000000694dd9268,0x0000000696b00000)
  to   space 48128K, 0% used [0x000000069ab80000,0x000000069ab80000,0x000000069da80000)
 ParOldGen       total 392704K, used 260288K [0x00000003c0000000, 0x00000003d7f80000, 0x000000066ab00000)
  object space 392704K, 66% used [0x00000003c0000000,0x00000003cfe30230,0x00000003d7f80000)
 Metaspace       used 89827K, capacity 90804K, committed 90968K, reserved 1128448K
  class space    used 12351K, capacity 12578K, committed 12632K, reserved 1048576K
}
Event: 39.051 GC heap before
{Heap before GC invocations=38 (full 6):
 PSYoungGen      total 720896K, used 666629K [0x000000066ab00000, 0x000000069da80000, 0x00000007c0000000)
  eden space 670208K, 96% used [0x000000066ab00000,0x00000006921a84d0,0x0000000693980000)
  from space 50688K, 41% used [0x0000000693980000,0x0000000694dd9268,0x0000000696b00000)
  to   space 48128K, 0% used [0x000000069ab80000,0x000000069ab80000,0x000000069da80000)
 ParOldGen       total 392704K, used 260288K [0x00000003c0000000, 0x00000003d7f80000, 0x000000066ab00000)
  object space 392704K, 66% used [0x00000003c0000000,0x00000003cfe30230,0x00000003d7f80000)
 Metaspace       used 90598K, capacity 91640K, committed 91864K, reserved 1128448K
  class space    used 12414K, capacity 12666K, committed 12760K, reserved 1048576K
Event: 39.100 GC heap after
Heap after GC invocations=38 (full 6):
 PSYoungGen      total 774656K, used 48110K [0x000000066ab00000, 0x000000069f080000, 0x00000007c0000000)
  eden space 726528K, 0% used [0x000000066ab00000,0x000000066ab00000,0x0000000697080000)
  from space 48128K, 99% used [0x000000069ab80000,0x000000069da7b8c8,0x000000069da80000)
  to   space 60416K, 0% used [0x0000000697080000,0x0000000697080000,0x000000069ab80000)
 ParOldGen       total 392704K, used 274260K [0x00000003c0000000, 0x00000003d7f80000, 0x000000066ab00000)
  object space 392704K, 69% used [0x00000003c0000000,0x00000003d0bd51e0,0x00000003d7f80000)
 Metaspace       used 90598K, capacity 91640K, committed 91864K, reserved 1128448K
  class space    used 12414K, capacity 12666K, committed 12760K, reserved 1048576K
}
Event: 40.399 GC heap before
{Heap before GC invocations=39 (full 6):
 PSYoungGen      total 774656K, used 774638K [0x000000066ab00000, 0x000000069f080000, 0x00000007c0000000)
  eden space 726528K, 100% used [0x000000066ab00000,0x0000000697080000,0x0000000697080000)
  from space 48128K, 99% used [0x000000069ab80000,0x000000069da7b8c8,0x000000069da80000)
  to   space 60416K, 0% used [0x0000000697080000,0x0000000697080000,0x000000069ab80000)
 ParOldGen       total 392704K, used 274260K [0x00000003c0000000, 0x00000003d7f80000, 0x000000066ab00000)
  object space 392704K, 69% used [0x00000003c0000000,0x00000003d0bd51e0,0x00000003d7f80000)
 Metaspace       used 90672K, capacity 91738K, committed 91864K, reserved 1128448K
  class space    used 12417K, capacity 12670K, committed 12760K, reserved 1048576K
Event: 40.468 GC heap after
Heap after GC invocations=39 (full 6):
 PSYoungGen      total 786944K, used 51038K [0x000000066ab00000, 0x00000006a3100000, 0x00000007c0000000)
  eden space 726528K, 0% used [0x000000066ab00000,0x000000066ab00000,0x0000000697080000)
  from space 60416K, 84% used [0x0000000697080000,0x000000069a2578c8,0x000000069ab80000)
  to   space 66048K, 0% used [0x000000069f080000,0x000000069f080000,0x00000006a3100000)
 ParOldGen       total 392704K, used 284507K [0x00000003c0000000, 0x00000003d7f80000, 0x000000066ab00000)
  object space 392704K, 72% used [0x00000003c0000000,0x00000003d15d6cd0,0x00000003d7f80000)
 Metaspace       used 90672K, capacity 91738K, committed 91864K, reserved 1128448K
  class space    used 12417K, capacity 12670K, committed 12760K, reserved 1048576K
}
Event: 41.525 GC heap before
{Heap before GC invocations=40 (full 6):
 PSYoungGen      total 786944K, used 777566K [0x000000066ab00000, 0x00000006a3100000, 0x00000007c0000000)
  eden space 726528K, 100% used [0x000000066ab00000,0x0000000697080000,0x0000000697080000)
  from space 60416K, 84% used [0x0000000697080000,0x000000069a2578c8,0x000000069ab80000)
  to   space 66048K, 0% used [0x000000069f080000,0x000000069f080000,0x00000006a3100000)
 ParOldGen       total 392704K, used 284507K [0x00000003c0000000, 0x00000003d7f80000, 0x000000066ab00000)
  object space 392704K, 72% used [0x00000003c0000000,0x00000003d15d6cd0,0x00000003d7f80000)
 Metaspace       used 90673K, capacity 91738K, committed 91864K, reserved 1128448K
  class space    used 12417K, capacity 12670K, committed 12760K, reserved 1048576K
Event: 41.575 GC heap after
Heap after GC invocations=40 (full 6):
 PSYoungGen      total 855552K, used 32686K [0x000000066ab00000, 0x00000006a2d80000, 0x00000007c0000000)
  eden space 793088K, 0% used [0x000000066ab00000,0x000000066ab00000,0x000000069b180000)
  from space 62464K, 52% used [0x000000069f080000,0x00000006a106bb80,0x00000006a2d80000)
  to   space 63488K, 0% used [0x000000069b180000,0x000000069b180000,0x000000069ef80000)
 ParOldGen       total 392704K, used 284515K [0x00000003c0000000, 0x00000003d7f80000, 0x000000066ab00000)
  object space 392704K, 72% used [0x00000003c0000000,0x00000003d15d8cd0,0x00000003d7f80000)
 Metaspace       used 90673K, capacity 91738K, committed 91864K, reserved 1128448K
  class space    used 12417K, capacity 12670K, committed 12760K, reserved 1048576K
}
Event: 42.743 GC heap before
{Heap before GC invocations=41 (full 6):
 PSYoungGen      total 855552K, used 825774K [0x000000066ab00000, 0x00000006a2d80000, 0x00000007c0000000)
  eden space 793088K, 100% used [0x000000066ab00000,0x000000069b180000,0x000000069b180000)
  from space 62464K, 52% used [0x000000069f080000,0x00000006a106bb80,0x00000006a2d80000)
  to   space 63488K, 0% used [0x000000069b180000,0x000000069b180000,0x000000069ef80000)
 ParOldGen       total 392704K, used 284515K [0x00000003c0000000, 0x00000003d7f80000, 0x000000066ab00000)
  object space 392704K, 72% used [0x00000003c0000000,0x00000003d15d8cd0,0x00000003d7f80000)
 Metaspace       used 90673K, capacity 91738K, committed 91864K, reserved 1128448K
  class space    used 12417K, capacity 12670K, committed 12760K, reserved 1048576K
Event: 42.775 GC heap after
Heap after GC invocations=41 (full 6):
 PSYoungGen      total 856576K, used 31827K [0x000000066ab00000, 0x00000006a6d00000, 0x00000007c0000000)
  eden space 793088K, 0% used [0x000000066ab00000,0x000000066ab00000,0x000000069b180000)
  from space 63488K, 50% used [0x000000069b180000,0x000000069d094f88,0x000000069ef80000)
  to   space 61440K, 0% used [0x00000006a3100000,0x00000006a3100000,0x00000006a6d00000)
 ParOldGen       total 392704K, used 284515K [0x00000003c0000000, 0x00000003d7f80000, 0x000000066ab00000)
  object space 392704K, 72% used [0x00000003c0000000,0x00000003d15d8cd0,0x00000003d7f80000)
 Metaspace       used 90673K, capacity 91738K, committed 91864K, reserved 1128448K
  class space    used 12417K, capacity 12670K, committed 12760K, reserved 1048576K
}
Event: 44.368 GC heap before
{Heap before GC invocations=42 (full 6):
 PSYoungGen      total 856576K, used 824915K [0x000000066ab00000, 0x00000006a6d00000, 0x00000007c0000000)
  eden space 793088K, 100% used [0x000000066ab00000,0x000000069b180000,0x000000069b180000)
  from space 63488K, 50% used [0x000000069b180000,0x000000069d094f88,0x000000069ef80000)
  to   space 61440K, 0% used [0x00000006a3100000,0x00000006a3100000,0x00000006a6d00000)
 ParOldGen       total 392704K, used 284515K [0x00000003c0000000, 0x00000003d7f80000, 0x000000066ab00000)
  object space 392704K, 72% used [0x00000003c0000000,0x00000003d15d8cd0,0x00000003d7f80000)
 Metaspace       used 96506K, capacity 97579K, committed 97624K, reserved 1134592K
  class space    used 12857K, capacity 13108K, committed 13144K, reserved 1048576K
Event: 44.405 GC heap after
Heap after GC invocations=42 (full 6):
 PSYoungGen      total 909824K, used 61415K [0x000000066ab00000, 0x00000006a8380000, 0x00000007c0000000)
  eden space 848384K, 0% used [0x000000066ab00000,0x000000066ab00000,0x000000069e780000)
  from space 61440K, 99% used [0x00000006a3100000,0x00000006a6cf9ca0,0x00000006a6d00000)
  to   space 75264K, 0% used [0x000000069e780000,0x000000069e780000,0x00000006a3100000)
 ParOldGen       total 392704K, used 299195K [0x00000003c0000000, 0x00000003d7f80000, 0x000000066ab00000)
  object space 392704K, 76% used [0x00000003c0000000,0x00000003d242ec58,0x00000003d7f80000)
 Metaspace       used 96506K, capacity 97579K, committed 97624K, reserved 1134592K
  class space    used 12857K, capacity 13108K, committed 13144K, reserved 1048576K
}
Event: 45.993 GC heap before
{Heap before GC invocations=43 (full 6):
 PSYoungGen      total 909824K, used 909799K [0x000000066ab00000, 0x00000006a8380000, 0x00000007c0000000)
  eden space 848384K, 100% used [0x000000066ab00000,0x000000069e780000,0x000000069e780000)
  from space 61440K, 99% used [0x00000006a3100000,0x00000006a6cf9ca0,0x00000006a6d00000)
  to   space 75264K, 0% used [0x000000069e780000,0x000000069e780000,0x00000006a3100000)
 ParOldGen       total 392704K, used 299195K [0x00000003c0000000, 0x00000003d7f80000, 0x000000066ab00000)
  object space 392704K, 76% used [0x00000003c0000000,0x00000003d242ec58,0x00000003d7f80000)
 Metaspace       used 97188K, capacity 98267K, committed 98520K, reserved 1134592K
  class space    used 12919K, capacity 13180K, committed 13272K, reserved 1048576K
Event: 46.041 GC heap after
Heap after GC invocations=43 (full 6):
 PSYoungGen      total 923648K, used 75252K [0x000000066ab00000, 0x00000006ae580000, 0x00000007c0000000)
  eden space 848384K, 0% used [0x000000066ab00000,0x000000066ab00000,0x000000069e780000)
  from space 75264K, 99% used [0x000000069e780000,0x00000006a30fd2b0,0x00000006a3100000)
  to   space 96256K, 0% used [0x00000006a8780000,0x00000006a8780000,0x00000006ae580000)
 ParOldGen       total 392704K, used 325272K [0x00000003c0000000, 0x00000003d7f80000, 0x000000066ab00000)
  object space 392704K, 82% used [0x00000003c0000000,0x00000003d3da63c8,0x00000003d7f80000)
 Metaspace       used 97188K, capacity 98267K, committed 98520K, reserved 1134592K
  class space    used 12919K, capacity 13180K, committed 13272K, reserved 1048576K
}
Event: 47.223 GC heap before
{Heap before GC invocations=44 (full 6):
 PSYoungGen      total 923648K, used 923636K [0x000000066ab00000, 0x00000006ae580000, 0x00000007c0000000)
  eden space 848384K, 100% used [0x000000066ab00000,0x000000069e780000,0x000000069e780000)
  from space 75264K, 99% used [0x000000069e780000,0x00000006a30fd2b0,0x00000006a3100000)
  to   space 96256K, 0% used [0x00000006a8780000,0x00000006a8780000,0x00000006ae580000)
 ParOldGen       total 392704K, used 325272K [0x00000003c0000000, 0x00000003d7f80000, 0x000000066ab00000)
  object space 392704K, 82% used [0x00000003c0000000,0x00000003d3da63c8,0x00000003d7f80000)
 Metaspace       used 97205K, capacity 98331K, committed 98520K, reserved 1134592K
  class space    used 12919K, capacity 13180K, committed 13272K, reserved 1048576K
Event: 47.274 GC heap after
Heap after GC invocations=44 (full 6):
 PSYoungGen      total 1011712K, used 57402K [0x000000066ab00000, 0x00000006aea00000, 0x00000007c0000000)
  eden space 915456K, 0% used [0x000000066ab00000,0x000000066ab00000,0x00000006a2900000)
  from space 96256K, 59% used [0x00000006a8780000,0x00000006abf8e810,0x00000006ae580000)
  to   space 96768K, 0% used [0x00000006a2900000,0x00000006a2900000,0x00000006a8780000)
 ParOldGen       total 392704K, used 327723K [0x00000003c0000000, 0x00000003d7f80000, 0x000000066ab00000)
  object space 392704K, 83% used [0x00000003c0000000,0x00000003d400ae28,0x00000003d7f80000)
 Metaspace       used 97205K, capacity 98331K, committed 98520K, reserved 1134592K
  class space    used 12919K, capacity 13180K, committed 13272K, reserved 1048576K
}
Event: 48.456 GC heap before
{Heap before GC invocations=45 (full 6):
 PSYoungGen      total 1011712K, used 972858K [0x000000066ab00000, 0x00000006aea00000, 0x00000007c0000000)
  eden space 915456K, 100% used [0x000000066ab00000,0x00000006a2900000,0x00000006a2900000)
  from space 96256K, 59% used [0x00000006a8780000,0x00000006abf8e810,0x00000006ae580000)
  to   space 96768K, 0% used [0x00000006a2900000,0x00000006a2900000,0x00000006a8780000)
 ParOldGen       total 392704K, used 327723K [0x00000003c0000000, 0x00000003d7f80000, 0x000000066ab00000)
  object space 392704K, 83% used [0x00000003c0000000,0x00000003d400ae28,0x00000003d7f80000)
 Metaspace       used 97210K, capacity 98331K, committed 98520K, reserved 1134592K
  class space    used 12919K, capacity 13180K, committed 13272K, reserved 1048576K
Event: 48.493 GC heap after
Heap after GC invocations=45 (full 6):
 PSYoungGen      total 1012224K, used 57559K [0x000000066ab00000, 0x00000006b2f00000, 0x00000007c0000000)
  eden space 915456K, 0% used [0x000000066ab00000,0x000000066ab00000,0x00000006a2900000)
  from space 96768K, 59% used [0x00000006a2900000,0x00000006a6135f58,0x00000006a8780000)
  to   space 96768K, 0% used [0x00000006ad080000,0x00000006ad080000,0x00000006b2f00000)
 ParOldGen       total 392704K, used 327723K [0x00000003c0000000, 0x00000003d7f80000, 0x000000066ab00000)
  object space 392704K, 83% used [0x00000003c0000000,0x00000003d400ae28,0x00000003d7f80000)
 Metaspace       used 97210K, capacity 98331K, committed 98520K, reserved 1134592K
  class space    used 12919K, capacity 13180K, committed 13272K, reserved 1048576K
}
Event: 49.967 GC heap before
{Heap before GC invocations=46 (full 6):
 PSYoungGen      total 1012224K, used 973015K [0x000000066ab00000, 0x00000006b2f00000, 0x00000007c0000000)
  eden space 915456K, 100% used [0x000000066ab00000,0x00000006a2900000,0x00000006a2900000)
  from space 96768K, 59% used [0x00000006a2900000,0x00000006a6135f58,0x00000006a8780000)
  to   space 96768K, 0% used [0x00000006ad080000,0x00000006ad080000,0x00000006b2f00000)
 ParOldGen       total 392704K, used 327723K [0x00000003c0000000, 0x00000003d7f80000, 0x000000066ab00000)
  object space 392704K, 83% used [0x00000003c0000000,0x00000003d400ae28,0x00000003d7f80000)
 Metaspace       used 97234K, capacity 98331K, committed 98520K, reserved 1134592K
  class space    used 12919K, capacity 13180K, committed 13272K, reserved 1048576K
Event: 50.026 GC heap after
Heap after GC invocations=46 (full 6):
 PSYoungGen      total 1087488K, used 56965K [0x000000066ab00000, 0x00000006b3000000, 0x00000007c0000000)
  eden space 990720K, 0% used [0x000000066ab00000,0x000000066ab00000,0x00000006a7280000)
  from space 96768K, 58% used [0x00000006ad080000,0x00000006b08217c8,0x00000006b2f00000)
  to   space 96256K, 0% used [0x00000006a7280000,0x00000006a7280000,0x00000006ad080000)
 ParOldGen       total 392704K, used 327723K [0x00000003c0000000, 0x00000003d7f80000, 0x000000066ab00000)
  object space 392704K, 83% used [0x00000003c0000000,0x00000003d400ae28,0x00000003d7f80000)
 Metaspace       used 97234K, capacity 98331K, committed 98520K, reserved 1134592K
  class space    used 12919K, capacity 13180K, committed 13272K, reserved 1048576K
}
Event: 51.447 GC heap before
{Heap before GC invocations=47 (full 6):
 PSYoungGen      total 1087488K, used 1047685K [0x000000066ab00000, 0x00000006b3000000, 0x00000007c0000000)
  eden space 990720K, 100% used [0x000000066ab00000,0x00000006a7280000,0x00000006a7280000)
  from space 96768K, 58% used [0x00000006ad080000,0x00000006b08217c8,0x00000006b2f00000)
  to   space 96256K, 0% used [0x00000006a7280000,0x00000006a7280000,0x00000006ad080000)
 ParOldGen       total 392704K, used 327723K [0x00000003c0000000, 0x00000003d7f80000, 0x000000066ab00000)
  object space 392704K, 83% used [0x00000003c0000000,0x00000003d400ae28,0x00000003d7f80000)
 Metaspace       used 97251K, capacity 98331K, committed 98520K, reserved 1134592K
  class space    used 12919K, capacity 13180K, committed 13272K, reserved 1048576K
Event: 51.470 GC heap after
Heap after GC invocations=47 (full 6):
 PSYoungGen      total 1086976K, used 56908K [0x000000066ab00000, 0x00000006b6e80000, 0x00000007c0000000)
  eden space 990720K, 0% used [0x000000066ab00000,0x000000066ab00000,0x00000006a7280000)
  from space 96256K, 59% used [0x00000006a7280000,0x00000006aaa132b8,0x00000006ad080000)
  to   space 95744K, 0% used [0x00000006b1100000,0x00000006b1100000,0x00000006b6e80000)
 ParOldGen       total 392704K, used 327723K [0x00000003c0000000, 0x00000003d7f80000, 0x000000066ab00000)
  object space 392704K, 83% used [0x00000003c0000000,0x00000003d400ae28,0x00000003d7f80000)
 Metaspace       used 97251K, capacity 98331K, committed 98520K, reserved 1134592K
  class space    used 12919K, capacity 13180K, committed 13272K, reserved 1048576K
}
Event: 52.724 GC heap before
{Heap before GC invocations=48 (full 6):
 PSYoungGen      total 1086976K, used 1047628K [0x000000066ab00000, 0x00000006b6e80000, 0x00000007c0000000)
  eden space 990720K, 100% used [0x000000066ab00000,0x00000006a7280000,0x00000006a7280000)
  from space 96256K, 59% used [0x00000006a7280000,0x00000006aaa132b8,0x00000006ad080000)
  to   space 95744K, 0% used [0x00000006b1100000,0x00000006b1100000,0x00000006b6e80000)
 ParOldGen       total 392704K, used 327723K [0x00000003c0000000, 0x00000003d7f80000, 0x000000066ab00000)
  object space 392704K, 83% used [0x00000003c0000000,0x00000003d400ae28,0x00000003d7f80000)
 Metaspace       used 97692K, capacity 98823K, committed 99032K, reserved 1134592K
  class space    used 12949K, capacity 13214K, committed 13272K, reserved 1048576K
Event: 52.817 GC heap after
Heap after GC invocations=48 (full 6):
 PSYoungGen      total 1133568K, used 95734K [0x000000066ab00000, 0x00000006ba180000, 0x00000007c0000000)
  eden space 1037824K, 0% used [0x000000066ab00000,0x000000066ab00000,0x00000006aa080000)
  from space 95744K, 99% used [0x00000006b1100000,0x00000006b6e7db40,0x00000006b6e80000)
  to   space 115200K, 0% used [0x00000006aa080000,0x00000006aa080000,0x00000006b1100000)
 ParOldGen       total 392704K, used 344915K [0x00000003c0000000, 0x00000003d7f80000, 0x000000066ab00000)
  object space 392704K, 87% used [0x00000003c0000000,0x00000003d50d4fe8,0x00000003d7f80000)
 Metaspace       used 97692K, capacity 98823K, committed 99032K, reserved 1134592K
  class space    used 12949K, capacity 13214K, committed 13272K, reserved 1048576K
}
Event: 52.817 GC heap before
{Heap before GC invocations=49 (full 7):
 PSYoungGen      total 1133568K, used 95734K [0x000000066ab00000, 0x00000006ba180000, 0x00000007c0000000)
  eden space 1037824K, 0% used [0x000000066ab00000,0x000000066ab00000,0x00000006aa080000)
  from space 95744K, 99% used [0x00000006b1100000,0x00000006b6e7db40,0x00000006b6e80000)
  to   space 115200K, 0% used [0x00000006aa080000,0x00000006aa080000,0x00000006b1100000)
 ParOldGen       total 392704K, used 344915K [0x00000003c0000000, 0x00000003d7f80000, 0x000000066ab00000)
  object space 392704K, 87% used [0x00000003c0000000,0x00000003d50d4fe8,0x00000003d7f80000)
 Metaspace       used 97692K, capacity 98823K, committed 99032K, reserved 1134592K
  class space    used 12949K, capacity 13214K, committed 13272K, reserved 1048576K
Event: 53.058 GC heap after
Heap after GC invocations=49 (full 7):
 PSYoungGen      total 1133568K, used 0K [0x000000066ab00000, 0x00000006ba180000, 0x00000007c0000000)
  eden space 1037824K, 0% used [0x000000066ab00000,0x000000066ab00000,0x00000006aa080000)
  from space 95744K, 0% used [0x00000006b1100000,0x00000006b1100000,0x00000006b6e80000)
  to   space 115200K, 0% used [0x00000006aa080000,0x00000006aa080000,0x00000006b1100000)
 ParOldGen       total 385024K, used 254194K [0x00000003c0000000, 0x00000003d7800000, 0x000000066ab00000)
  object space 385024K, 66% used [0x00000003c0000000,0x00000003cf83c928,0x00000003d7800000)
 Metaspace       used 97673K, capacity 98793K, committed 99032K, reserved 1134592K
  class space    used 12946K, capacity 13209K, committed 13272K, reserved 1048576K
}
Event: 54.622 GC heap before
{Heap before GC invocations=50 (full 7):
 PSYoungGen      total 1133568K, used 1037824K [0x000000066ab00000, 0x00000006ba180000, 0x00000007c0000000)
  eden space 1037824K, 100% used [0x000000066ab00000,0x00000006aa080000,0x00000006aa080000)
  from space 95744K, 0% used [0x00000006b1100000,0x00000006b1100000,0x00000006b6e80000)
  to   space 115200K, 0% used [0x00000006aa080000,0x00000006aa080000,0x00000006b1100000)
 ParOldGen       total 385024K, used 254194K [0x00000003c0000000, 0x00000003d7800000, 0x000000066ab00000)
  object space 385024K, 66% used [0x00000003c0000000,0x00000003cf83c928,0x00000003d7800000)
 Metaspace       used 97811K, capacity 98889K, committed 99032K, reserved 1134592K
  class space    used 12978K, capacity 13241K, committed 13272K, reserved 1048576K
Event: 54.635 GC heap after
Heap after GC invocations=50 (full 7):
 PSYoungGen      total 1153024K, used 6592K [0x000000066ab00000, 0x00000006bd700000, 0x00000007c0000000)
  eden space 1037824K, 0% used [0x000000066ab00000,0x000000066ab00000,0x00000006aa080000)
  from space 115200K, 5% used [0x00000006aa080000,0x00000006aa6f03a0,0x00000006b1100000)
  to   space 116736K, 0% used [0x00000006b6500000,0x00000006b6500000,0x00000006bd700000)
 ParOldGen       total 385024K, used 254194K [0x00000003c0000000, 0x00000003d7800000, 0x000000066ab00000)
  object space 385024K, 66% used [0x00000003c0000000,0x00000003cf83c928,0x00000003d7800000)
 Metaspace       used 97811K, capacity 98889K, committed 99032K, reserved 1134592K
  class space    used 12978K, capacity 13241K, committed 13272K, reserved 1048576K
}
Event: 56.182 GC heap before
{Heap before GC invocations=51 (full 7):
 PSYoungGen      total 1153024K, used 1044416K [0x000000066ab00000, 0x00000006bd700000, 0x00000007c0000000)
  eden space 1037824K, 100% used [0x000000066ab00000,0x00000006aa080000,0x00000006aa080000)
  from space 115200K, 5% used [0x00000006aa080000,0x00000006aa6f03a0,0x00000006b1100000)
  to   space 116736K, 0% used [0x00000006b6500000,0x00000006b6500000,0x00000006bd700000)
 ParOldGen       total 385024K, used 254194K [0x00000003c0000000, 0x00000003d7800000, 0x000000066ab00000)
  object space 385024K, 66% used [0x00000003c0000000,0x00000003cf83c928,0x00000003d7800000)
 Metaspace       used 97812K, capacity 98889K, committed 99032K, reserved 1134592K
  class space    used 12978K, capacity 13241K, committed 13272K, reserved 1048576K
Event: 56.199 GC heap after
Heap after GC invocations=51 (full 7):
 PSYoungGen      total 1222656K, used 6833K [0x000000066ab00000, 0x00000006bcf80000, 0x00000007c0000000)
  eden space 1113600K, 0% used [0x000000066ab00000,0x000000066ab00000,0x00000006aea80000)
  from space 109056K, 6% used [0x00000006b6500000,0x00000006b6bac598,0x00000006bcf80000)
  to   space 117248K, 0% used [0x00000006aea80000,0x00000006aea80000,0x00000006b5d00000)
 ParOldGen       total 385024K, used 254194K [0x00000003c0000000, 0x00000003d7800000, 0x000000066ab00000)
  object space 385024K, 66% used [0x00000003c0000000,0x00000003cf83c928,0x00000003d7800000)
 Metaspace       used 97812K, capacity 98889K, committed 99032K, reserved 1134592K
  class space    used 12978K, capacity 13241K, committed 13272K, reserved 1048576K
}
Event: 57.707 GC heap before
{Heap before GC invocations=52 (full 7):
 PSYoungGen      total 1222656K, used 1120433K [0x000000066ab00000, 0x00000006bcf80000, 0x00000007c0000000)
  eden space 1113600K, 100% used [0x000000066ab00000,0x00000006aea80000,0x00000006aea80000)
  from space 109056K, 6% used [0x00000006b6500000,0x00000006b6bac598,0x00000006bcf80000)
  to   space 117248K, 0% used [0x00000006aea80000,0x00000006aea80000,0x00000006b5d00000)
 ParOldGen       total 385024K, used 254194K [0x00000003c0000000, 0x00000003d7800000, 0x000000066ab00000)
  object space 385024K, 66% used [0x00000003c0000000,0x00000003cf83c928,0x00000003d7800000)
 Metaspace       used 97850K, capacity 98971K, committed 99032K, reserved 1134592K
  class space    used 12980K, capacity 13244K, committed 13272K, reserved 1048576K
Event: 57.779 GC heap after
Heap after GC invocations=52 (full 7):
 PSYoungGen      total 1230848K, used 65971K [0x000000066ab00000, 0x00000006c2880000, 0x00000007c0000000)
  eden space 1113600K, 0% used [0x000000066ab00000,0x000000066ab00000,0x00000006aea80000)
  from space 117248K, 56% used [0x00000006aea80000,0x00000006b2aecf50,0x00000006b5d00000)
  to   space 117760K, 0% used [0x00000006bb580000,0x00000006bb580000,0x00000006c2880000)
 ParOldGen       total 385024K, used 254202K [0x00000003c0000000, 0x00000003d7800000, 0x000000066ab00000)
  object space 385024K, 66% used [0x00000003c0000000,0x00000003cf83e928,0x00000003d7800000)
 Metaspace       used 97850K, capacity 98971K, committed 99032K, reserved 1134592K
  class space    used 12980K, capacity 13244K, committed 13272K, reserved 1048576K
}
Event: 59.619 GC heap before
{Heap before GC invocations=53 (full 7):
 PSYoungGen      total 1230848K, used 1179571K [0x000000066ab00000, 0x00000006c2880000, 0x00000007c0000000)
  eden space 1113600K, 100% used [0x000000066ab00000,0x00000006aea80000,0x00000006aea80000)
  from space 117248K, 56% used [0x00000006aea80000,0x00000006b2aecf50,0x00000006b5d00000)
  to   space 117760K, 0% used [0x00000006bb580000,0x00000006bb580000,0x00000006c2880000)
 ParOldGen       total 385024K, used 254202K [0x00000003c0000000, 0x00000003d7800000, 0x000000066ab00000)
  object space 385024K, 66% used [0x00000003c0000000,0x00000003cf83e928,0x00000003d7800000)
 Metaspace       used 97851K, capacity 98971K, committed 99032K, reserved 1134592K
  class space    used 12980K, capacity 13244K, committed 13272K, reserved 1048576K
Event: 59.675 GC heap after
Heap after GC invocations=53 (full 7):
 PSYoungGen      total 1314304K, used 23983K [0x000000066ab00000, 0x00000006c2200000, 0x00000007c0000000)
  eden space 1203200K, 0% used [0x000000066ab00000,0x000000066ab00000,0x00000006b4200000)
  from space 111104K, 21% used [0x00000006bb580000,0x00000006bccebd48,0x00000006c2200000)
  to   space 114688K, 0% used [0x00000006b4200000,0x00000006b4200000,0x00000006bb200000)
 ParOldGen       total 385024K, used 254202K [0x00000003c0000000, 0x00000003d7800000, 0x000000066ab00000)
  object space 385024K, 66% used [0x00000003c0000000,0x00000003cf83e928,0x00000003d7800000)
 Metaspace       used 97851K, capacity 98971K, committed 99032K, reserved 1134592K
  class space    used 12980K, capacity 13244K, committed 13272K, reserved 1048576K
}
Event: 61.331 GC heap before
{Heap before GC invocations=54 (full 7):
 PSYoungGen      total 1314304K, used 1227183K [0x000000066ab00000, 0x00000006c2200000, 0x00000007c0000000)
  eden space 1203200K, 100% used [0x000000066ab00000,0x00000006b4200000,0x00000006b4200000)
  from space 111104K, 21% used [0x00000006bb580000,0x00000006bccebd48,0x00000006c2200000)
  to   space 114688K, 0% used [0x00000006b4200000,0x00000006b4200000,0x00000006bb200000)
 ParOldGen       total 385024K, used 254202K [0x00000003c0000000, 0x00000003d7800000, 0x000000066ab00000)
  object space 385024K, 66% used [0x00000003c0000000,0x00000003cf83e928,0x00000003d7800000)
 Metaspace       used 97851K, capacity 98971K, committed 99032K, reserved 1134592K
  class space    used 12980K, capacity 13244K, committed 13272K, reserved 1048576K
Event: 61.369 GC heap after
Heap after GC invocations=54 (full 7):
 PSYoungGen      total 1317888K, used 24473K [0x000000066ab00000, 0x00000006c7500000, 0x00000007c0000000)
  eden space 1203200K, 0% used [0x000000066ab00000,0x000000066ab00000,0x00000006b4200000)
  from space 114688K, 21% used [0x00000006b4200000,0x00000006b59e66e0,0x00000006bb200000)
  to   space 111104K, 0% used [0x00000006c0880000,0x00000006c0880000,0x00000006c7500000)
 ParOldGen       total 385024K, used 254202K [0x00000003c0000000, 0x00000003d7800000, 0x000000066ab00000)
  object space 385024K, 66% used [0x00000003c0000000,0x00000003cf83e928,0x00000003d7800000)
 Metaspace       used 97851K, capacity 98971K, committed 99032K, reserved 1134592K
  class space    used 12980K, capacity 13244K, committed 13272K, reserved 1048576K
}
Event: 62.749 GC heap before
{Heap before GC invocations=55 (full 7):
 PSYoungGen      total 1317888K, used 1227673K [0x000000066ab00000, 0x00000006c7500000, 0x00000007c0000000)
  eden space 1203200K, 100% used [0x000000066ab00000,0x00000006b4200000,0x00000006b4200000)
  from space 114688K, 21% used [0x00000006b4200000,0x00000006b59e66e0,0x00000006bb200000)
  to   space 111104K, 0% used [0x00000006c0880000,0x00000006c0880000,0x00000006c7500000)
 ParOldGen       total 385024K, used 254202K [0x00000003c0000000, 0x00000003d7800000, 0x000000066ab00000)
  object space 385024K, 66% used [0x00000003c0000000,0x00000003cf83e928,0x00000003d7800000)
 Metaspace       used 97876K, capacity 98977K, committed 99032K, reserved 1134592K
  class space    used 12980K, capacity 13245K, committed 13272K, reserved 1048576K
Event: 62.803 GC heap after
Heap after GC invocations=55 (full 7):
 PSYoungGen      total 1401856K, used 73515K [0x000000066ab00000, 0x00000006c8200000, 0x00000007c0000000)
  eden space 1290752K, 0% used [0x000000066ab00000,0x000000066ab00000,0x00000006b9780000)
  from space 111104K, 66% used [0x00000006c0880000,0x00000006c504af18,0x00000006c7500000)
  to   space 115712K, 0% used [0x00000006b9780000,0x00000006b9780000,0x00000006c0880000)
 ParOldGen       total 385024K, used 254210K [0x00000003c0000000, 0x00000003d7800000, 0x000000066ab00000)
  object space 385024K, 66% used [0x00000003c0000000,0x00000003cf840928,0x00000003d7800000)
 Metaspace       used 97876K, capacity 98977K, committed 99032K, reserved 1134592K
  class space    used 12980K, capacity 13245K, committed 13272K, reserved 1048576K
}
Event: 64.500 GC heap before
{Heap before GC invocations=56 (full 7):
 PSYoungGen      total 1401856K, used 1364267K [0x000000066ab00000, 0x00000006c8200000, 0x00000007c0000000)
  eden space 1290752K, 100% used [0x000000066ab00000,0x00000006b9780000,0x00000006b9780000)
  from space 111104K, 66% used [0x00000006c0880000,0x00000006c504af18,0x00000006c7500000)
  to   space 115712K, 0% used [0x00000006b9780000,0x00000006b9780000,0x00000006c0880000)
 ParOldGen       total 385024K, used 254210K [0x00000003c0000000, 0x00000003d7800000, 0x000000066ab00000)
  object space 385024K, 66% used [0x00000003c0000000,0x00000003cf840928,0x00000003d7800000)
 Metaspace       used 97876K, capacity 98977K, committed 99032K, reserved 1134592K
  class space    used 12980K, capacity 13245K, committed 13272K, reserved 1048576K
Event: 64.540 GC heap after
Heap after GC invocations=56 (full 7):
 PSYoungGen      total 1406464K, used 24818K [0x000000066ab00000, 0x00000006ccf00000, 0x00000007c0000000)
  eden space 1290752K, 0% used [0x000000066ab00000,0x000000066ab00000,0x00000006b9780000)
  from space 115712K, 21% used [0x00000006b9780000,0x00000006bafbc858,0x00000006c0880000)
  to   space 112128K, 0% used [0x00000006c6180000,0x00000006c6180000,0x00000006ccf00000)
 ParOldGen       total 385024K, used 254210K [0x00000003c0000000, 0x00000003d7800000, 0x000000066ab00000)
  object space 385024K, 66% used [0x00000003c0000000,0x00000003cf840928,0x00000003d7800000)
 Metaspace       used 97876K, capacity 98977K, committed 99032K, reserved 1134592K
  class space    used 12980K, capacity 13245K, committed 13272K, reserved 1048576K
}
Event: 66.127 GC heap before
{Heap before GC invocations=57 (full 7):
 PSYoungGen      total 1406464K, used 1315570K [0x000000066ab00000, 0x00000006ccf00000, 0x00000007c0000000)
  eden space 1290752K, 100% used [0x000000066ab00000,0x00000006b9780000,0x00000006b9780000)
  from space 115712K, 21% used [0x00000006b9780000,0x00000006bafbc858,0x00000006c0880000)
  to   space 112128K, 0% used [0x00000006c6180000,0x00000006c6180000,0x00000006ccf00000)
 ParOldGen       total 385024K, used 254210K [0x00000003c0000000, 0x00000003d7800000, 0x000000066ab00000)
  object space 385024K, 66% used [0x00000003c0000000,0x00000003cf840928,0x00000003d7800000)
 Metaspace       used 97930K, capacity 99065K, committed 99288K, reserved 1134592K
  class space    used 12982K, capacity 13249K, committed 13272K, reserved 1048576K
Event: 66.171 GC heap after
Heap after GC invocations=57 (full 7):
 PSYoungGen      total 1494528K, used 59787K [0x000000066ab00000, 0x00000006ccd00000, 0x00000007c0000000)
  eden space 1384448K, 0% used [0x000000066ab00000,0x000000066ab00000,0x00000006bf300000)
  from space 110080K, 54% used [0x00000006c6180000,0x00000006c9be2eb0,0x00000006ccd00000)
  to   space 111616K, 0% used [0x00000006bf300000,0x00000006bf300000,0x00000006c6000000)
 ParOldGen       total 385024K, used 254210K [0x00000003c0000000, 0x00000003d7800000, 0x000000066ab00000)
  object space 385024K, 66% used [0x00000003c0000000,0x00000003cf840928,0x00000003d7800000)
 Metaspace       used 97930K, capacity 99065K, committed 99288K, reserved 1134592K
  class space    used 12982K, capacity 13249K, committed 13272K, reserved 1048576K
}
Event: 67.847 GC heap before
{Heap before GC invocations=58 (full 7):
 PSYoungGen      total 1494528K, used 1444235K [0x000000066ab00000, 0x00000006ccd00000, 0x00000007c0000000)
  eden space 1384448K, 100% used [0x000000066ab00000,0x00000006bf300000,0x00000006bf300000)
  from space 110080K, 54% used [0x00000006c6180000,0x00000006c9be2eb0,0x00000006ccd00000)
  to   space 111616K, 0% used [0x00000006bf300000,0x00000006bf300000,0x00000006c6000000)
 ParOldGen       total 385024K, used 254210K [0x00000003c0000000, 0x00000003d7800000, 0x000000066ab00000)
  object space 385024K, 66% used [0x00000003c0000000,0x00000003cf840928,0x00000003d7800000)
 Metaspace       used 97934K, capacity 99065K, committed 99288K, reserved 1134592K
  class space    used 12982K, capacity 13249K, committed 13272K, reserved 1048576K
Event: 67.898 GC heap after
Heap after GC invocations=58 (full 7):
 PSYoungGen      total 1496064K, used 67779K [0x000000066ab00000, 0x00000006d3280000, 0x00000007c0000000)
  eden space 1384448K, 0% used [0x000000066ab00000,0x000000066ab00000,0x00000006bf300000)
  from space 111616K, 60% used [0x00000006bf300000,0x00000006c3530f80,0x00000006c6000000)
  to   space 113152K, 0% used [0x00000006cc400000,0x00000006cc400000,0x00000006d3280000)
 ParOldGen       total 385024K, used 254218K [0x00000003c0000000, 0x00000003d7800000, 0x000000066ab00000)
  object space 385024K, 66% used [0x00000003c0000000,0x00000003cf842928,0x00000003d7800000)
 Metaspace       used 97934K, capacity 99065K, committed 99288K, reserved 1134592K
  class space    used 12982K, capacity 13249K, committed 13272K, reserved 1048576K
}
Event: 69.770 GC heap before
{Heap before GC invocations=59 (full 7):
 PSYoungGen      total 1496064K, used 1452227K [0x000000066ab00000, 0x00000006d3280000, 0x00000007c0000000)
  eden space 1384448K, 100% used [0x000000066ab00000,0x00000006bf300000,0x00000006bf300000)
  from space 111616K, 60% used [0x00000006bf300000,0x00000006c3530f80,0x00000006c6000000)
  to   space 113152K, 0% used [0x00000006cc400000,0x00000006cc400000,0x00000006d3280000)
 ParOldGen       total 385024K, used 254218K [0x00000003c0000000, 0x00000003d7800000, 0x000000066ab00000)
  object space 385024K, 66% used [0x00000003c0000000,0x00000003cf842928,0x00000003d7800000)
 Metaspace       used 97938K, capacity 99065K, committed 99288K, reserved 1134592K
  class space    used 12982K, capacity 13249K, committed 13272K, reserved 1048576K
Event: 69.791 GC heap after
Heap after GC invocations=59 (full 7):
 PSYoungGen      total 1572864K, used 25097K [0x000000066ab00000, 0x00000006d2380000, 0x00000007c0000000)
  eden space 1475072K, 0% used [0x000000066ab00000,0x000000066ab00000,0x00000006c4b80000)
  from space 97792K, 25% used [0x00000006cc400000,0x00000006cdc82638,0x00000006d2380000)
  to   space 110592K, 0% used [0x00000006c4b80000,0x00000006c4b80000,0x00000006cb780000)
 ParOldGen       total 385024K, used 254218K [0x00000003c0000000, 0x00000003d7800000, 0x000000066ab00000)
  object space 385024K, 66% used [0x00000003c0000000,0x00000003cf842928,0x00000003d7800000)
 Metaspace       used 97938K, capacity 99065K, committed 99288K, reserved 1134592K
  class space    used 12982K, capacity 13249K, committed 13272K, reserved 1048576K
}
Event: 71.543 GC heap before
{Heap before GC invocations=60 (full 7):
 PSYoungGen      total 1572864K, used 1500169K [0x000000066ab00000, 0x00000006d2380000, 0x00000007c0000000)
  eden space 1475072K, 100% used [0x000000066ab00000,0x00000006c4b80000,0x00000006c4b80000)
  from space 97792K, 25% used [0x00000006cc400000,0x00000006cdc82638,0x00000006d2380000)
  to   space 110592K, 0% used [0x00000006c4b80000,0x00000006c4b80000,0x00000006cb780000)
 ParOldGen       total 385024K, used 254218K [0x00000003c0000000, 0x00000003d7800000, 0x000000066ab00000)
  object space 385024K, 66% used [0x00000003c0000000,0x00000003cf842928,0x00000003d7800000)
 Metaspace       used 97972K, capacity 99089K, committed 99288K, reserved 1134592K
  class space    used 12984K, capacity 13253K, committed 13272K, reserved 1048576K
Event: 71.620 GC heap after
Heap after GC invocations=60 (full 7):
 PSYoungGen      total 1585664K, used 68842K [0x000000066ab00000, 0x00000006d9080000, 0x00000007c0000000)
  eden space 1475072K, 0% used [0x000000066ab00000,0x000000066ab00000,0x00000006c4b80000)
  from space 110592K, 62% used [0x00000006c4b80000,0x00000006c8ebaa48,0x00000006cb780000)
  to   space 112640K, 0% used [0x00000006d2280000,0x00000006d2280000,0x00000006d9080000)
 ParOldGen       total 385024K, used 254218K [0x00000003c0000000, 0x00000003d7800000, 0x000000066ab00000)
  object space 385024K, 66% used [0x00000003c0000000,0x00000003cf842928,0x00000003d7800000)
 Metaspace       used 97972K, capacity 99089K, committed 99288K, reserved 1134592K
  class space    used 12984K, capacity 13253K, committed 13272K, reserved 1048576K
}
Event: 73.594 GC heap before
{Heap before GC invocations=61 (full 7):
 PSYoungGen      total 1585664K, used 1543914K [0x000000066ab00000, 0x00000006d9080000, 0x00000007c0000000)
  eden space 1475072K, 100% used [0x000000066ab00000,0x00000006c4b80000,0x00000006c4b80000)
  from space 110592K, 62% used [0x00000006c4b80000,0x00000006c8ebaa48,0x00000006cb780000)
  to   space 112640K, 0% used [0x00000006d2280000,0x00000006d2280000,0x00000006d9080000)
 ParOldGen       total 385024K, used 254218K [0x00000003c0000000, 0x00000003d7800000, 0x000000066ab00000)
  object space 385024K, 66% used [0x00000003c0000000,0x00000003cf842928,0x00000003d7800000)
 Metaspace       used 97974K, capacity 99089K, committed 99288K, reserved 1134592K
  class space    used 12984K, capacity 13253K, committed 13272K, reserved 1048576K
Event: 73.639 GC heap after
Heap after GC invocations=61 (full 7):
 PSYoungGen      total 1682944K, used 24037K [0x000000066ab00000, 0x00000006d8800000, 0x00000007c0000000)
  eden space 1579008K, 0% used [0x000000066ab00000,0x000000066ab00000,0x00000006cb100000)
  from space 103936K, 23% used [0x00000006d2280000,0x00000006d39f9410,0x00000006d8800000)
  to   space 110080K, 0% used [0x00000006cb100000,0x00000006cb100000,0x00000006d1c80000)
 ParOldGen       total 385024K, used 254218K [0x00000003c0000000, 0x00000003d7800000, 0x000000066ab00000)
  object space 385024K, 66% used [0x00000003c0000000,0x00000003cf842928,0x00000003d7800000)
 Metaspace       used 97974K, capacity 99089K, committed 99288K, reserved 1134592K
  class space    used 12984K, capacity 13253K, committed 13272K, reserved 1048576K
}
Event: 75.579 GC heap before
{Heap before GC invocations=62 (full 7):
 PSYoungGen      total 1682944K, used 1603045K [0x000000066ab00000, 0x00000006d8800000, 0x00000007c0000000)
  eden space 1579008K, 100% used [0x000000066ab00000,0x00000006cb100000,0x00000006cb100000)
  from space 103936K, 23% used [0x00000006d2280000,0x00000006d39f9410,0x00000006d8800000)
  to   space 110080K, 0% used [0x00000006cb100000,0x00000006cb100000,0x00000006d1c80000)
 ParOldGen       total 385024K, used 254218K [0x00000003c0000000, 0x00000003d7800000, 0x000000066ab00000)
  object space 385024K, 66% used [0x00000003c0000000,0x00000003cf842928,0x00000003d7800000)
 Metaspace       used 98008K, capacity 99159K, committed 99288K, reserved 1134592K
  class space    used 12985K, capacity 13254K, committed 13272K, reserved 1048576K
Event: 75.636 GC heap after
Heap after GC invocations=62 (full 7):
 PSYoungGen      total 1689088K, used 68232K [0x000000066ab00000, 0x00000006df980000, 0x00000007c0000000)
  eden space 1579008K, 0% used [0x000000066ab00000,0x000000066ab00000,0x00000006cb100000)
  from space 110080K, 61% used [0x00000006cb100000,0x00000006cf3a2008,0x00000006d1c80000)
  to   space 112128K, 0% used [0x00000006d8c00000,0x00000006d8c00000,0x00000006df980000)
 ParOldGen       total 385024K, used 254226K [0x00000003c0000000, 0x00000003d7800000, 0x000000066ab00000)
  object space 385024K, 66% used [0x00000003c0000000,0x00000003cf844928,0x00000003d7800000)
 Metaspace       used 98008K, capacity 99159K, committed 99288K, reserved 1134592K
  class space    used 12985K, capacity 13254K, committed 13272K, reserved 1048576K
}
Event: 77.899 GC heap before
{Heap before GC invocations=63 (full 7):
 PSYoungGen      total 1689088K, used 1647240K [0x000000066ab00000, 0x00000006df980000, 0x00000007c0000000)
  eden space 1579008K, 100% used [0x000000066ab00000,0x00000006cb100000,0x00000006cb100000)
  from space 110080K, 61% used [0x00000006cb100000,0x00000006cf3a2008,0x00000006d1c80000)
  to   space 112128K, 0% used [0x00000006d8c00000,0x00000006d8c00000,0x00000006df980000)
 ParOldGen       total 385024K, used 254226K [0x00000003c0000000, 0x00000003d7800000, 0x000000066ab00000)
  object space 385024K, 66% used [0x00000003c0000000,0x00000003cf844928,0x00000003d7800000)
 Metaspace       used 98020K, capacity 99223K, committed 99288K, reserved 1134592K
  class space    used 12985K, capacity 13254K, committed 13272K, reserved 1048576K
Event: 77.922 GC heap after
Heap after GC invocations=63 (full 7):
 PSYoungGen      total 1772544K, used 24837K [0x000000066ab00000, 0x00000006de800000, 0x00000007c0000000)
  eden space 1678336K, 0% used [0x000000066ab00000,0x000000066ab00000,0x00000006d1200000)
  from space 94208K, 26% used [0x00000006d8c00000,0x00000006da441590,0x00000006de800000)
  to   space 109568K, 0% used [0x00000006d1200000,0x00000006d1200000,0x00000006d7d00000)
 ParOldGen       total 385024K, used 254226K [0x00000003c0000000, 0x00000003d7800000, 0x000000066ab00000)
  object space 385024K, 66% used [0x00000003c0000000,0x00000003cf844928,0x00000003d7800000)
 Metaspace       used 98020K, capacity 99223K, committed 99288K, reserved 1134592K
  class space    used 12985K, capacity 13254K, committed 13272K, reserved 1048576K
}
Event: 79.929 GC heap before
{Heap before GC invocations=64 (full 7):
 PSYoungGen      total 1772544K, used 1703173K [0x000000066ab00000, 0x00000006de800000, 0x00000007c0000000)
  eden space 1678336K, 100% used [0x000000066ab00000,0x00000006d1200000,0x00000006d1200000)
  from space 94208K, 26% used [0x00000006d8c00000,0x00000006da441590,0x00000006de800000)
  to   space 109568K, 0% used [0x00000006d1200000,0x00000006d1200000,0x00000006d7d00000)
 ParOldGen       total 385024K, used 254226K [0x00000003c0000000, 0x00000003d7800000, 0x000000066ab00000)
  object space 385024K, 66% used [0x00000003c0000000,0x00000003cf844928,0x00000003d7800000)
 Metaspace       used 98065K, capacity 99235K, committed 99288K, reserved 1134592K
  class space    used 12986K, capacity 13256K, committed 13272K, reserved 1048576K
Event: 80.027 GC heap after
Heap after GC invocations=64 (full 7):
 PSYoungGen      total 1787904K, used 73408K [0x000000066ab00000, 0x00000006e6280000, 0x00000007c0000000)
  eden space 1678336K, 0% used [0x000000066ab00000,0x000000066ab00000,0x00000006d1200000)
  from space 109568K, 66% used [0x00000006d1200000,0x00000006d59b0120,0x00000006d7d00000)
  to   space 113664K, 0% used [0x00000006df380000,0x00000006df380000,0x00000006e6280000)
 ParOldGen       total 385024K, used 254226K [0x00000003c0000000, 0x00000003d7800000, 0x000000066ab00000)
  object space 385024K, 66% used [0x00000003c0000000,0x00000003cf844928,0x00000003d7800000)
 Metaspace       used 98065K, capacity 99235K, committed 99288K, reserved 1134592K
  class space    used 12986K, capacity 13256K, committed 13272K, reserved 1048576K
}
Event: 82.148 GC heap before
{Heap before GC invocations=65 (full 7):
 PSYoungGen      total 1787904K, used 1751744K [0x000000066ab00000, 0x00000006e6280000, 0x00000007c0000000)
  eden space 1678336K, 100% used [0x000000066ab00000,0x00000006d1200000,0x00000006d1200000)
  from space 109568K, 66% used [0x00000006d1200000,0x00000006d59b0120,0x00000006d7d00000)
  to   space 113664K, 0% used [0x00000006df380000,0x00000006df380000,0x00000006e6280000)
 ParOldGen       total 385024K, used 254226K [0x00000003c0000000, 0x00000003d7800000, 0x000000066ab00000)
  object space 385024K, 66% used [0x00000003c0000000,0x00000003cf844928,0x00000003d7800000)
 Metaspace       used 98067K, capacity 99235K, committed 99288K, reserved 1134592K
  class space    used 12986K, capacity 13256K, committed 13272K, reserved 1048576K
Event: 82.170 GC heap after
Heap after GC invocations=65 (full 7):
 PSYoungGen      total 1879552K, used 22369K [0x000000066ab00000, 0x00000006e5200000, 0x00000007c0000000)
  eden space 1782784K, 0% used [0x000000066ab00000,0x000000066ab00000,0x00000006d7800000)
  from space 96768K, 23% used [0x00000006df380000,0x00000006e09585d0,0x00000006e5200000)
  to   space 111616K, 0% used [0x00000006d7800000,0x00000006d7800000,0x00000006de500000)
 ParOldGen       total 385024K, used 256017K [0x00000003c0000000, 0x00000003d7800000, 0x000000066ab00000)
  object space 385024K, 66% used [0x00000003c0000000,0x00000003cfa04470,0x00000003d7800000)
 Metaspace       used 98067K, capacity 99235K, committed 99288K, reserved 1134592K
  class space    used 12986K, capacity 13256K, committed 13272K, reserved 1048576K
}
Event: 84.356 GC heap before
{Heap before GC invocations=66 (full 7):
 PSYoungGen      total 1879552K, used 1805153K [0x000000066ab00000, 0x00000006e5200000, 0x00000007c0000000)
  eden space 1782784K, 100% used [0x000000066ab00000,0x00000006d7800000,0x00000006d7800000)
  from space 96768K, 23% used [0x00000006df380000,0x00000006e09585d0,0x00000006e5200000)
  to   space 111616K, 0% used [0x00000006d7800000,0x00000006d7800000,0x00000006de500000)
 ParOldGen       total 385024K, used 256017K [0x00000003c0000000, 0x00000003d7800000, 0x000000066ab00000)
  object space 385024K, 66% used [0x00000003c0000000,0x00000003cfa04470,0x00000003d7800000)
 Metaspace       used 98121K, capacity 99305K, committed 99544K, reserved 1136640K
  class space    used 12987K, capacity 13257K, committed 13272K, reserved 1048576K
Event: 84.395 GC heap after
Heap after GC invocations=66 (full 7):
 PSYoungGen      total 1894400K, used 23601K [0x000000066ab00000, 0x00000006eb300000, 0x00000007c0000000)
  eden space 1782784K, 0% used [0x000000066ab00000,0x000000066ab00000,0x00000006d7800000)
  from space 111616K, 21% used [0x00000006d7800000,0x00000006d8f0c618,0x00000006de500000)
  to   space 108544K, 0% used [0x00000006e4900000,0x00000006e4900000,0x00000006eb300000)
 ParOldGen       total 385024K, used 257011K [0x00000003c0000000, 0x00000003d7800000, 0x000000066ab00000)
  object space 385024K, 66% used [0x00000003c0000000,0x00000003cfafcc80,0x00000003d7800000)
 Metaspace       used 98121K, capacity 99305K, committed 99544K, reserved 1136640K
  class space    used 12987K, capacity 13257K, committed 13272K, reserved 1048576K
}
Event: 86.415 GC heap before
{Heap before GC invocations=67 (full 7):
 PSYoungGen      total 1894400K, used 1806385K [0x000000066ab00000, 0x00000006eb300000, 0x00000007c0000000)
  eden space 1782784K, 100% used [0x000000066ab00000,0x00000006d7800000,0x00000006d7800000)
  from space 111616K, 21% used [0x00000006d7800000,0x00000006d8f0c618,0x00000006de500000)
  to   space 108544K, 0% used [0x00000006e4900000,0x00000006e4900000,0x00000006eb300000)
 ParOldGen       total 385024K, used 257011K [0x00000003c0000000, 0x00000003d7800000, 0x000000066ab00000)
  object space 385024K, 66% used [0x00000003c0000000,0x00000003cfafcc80,0x00000003d7800000)
 Metaspace       used 98143K, capacity 99311K, committed 99544K, reserved 1136640K
  class space    used 12988K, capacity 13258K, committed 13272K, reserved 1048576K
Event: 86.503 GC heap after
Heap after GC invocations=67 (full 7):
 PSYoungGen      total 1995264K, used 64480K [0x000000066ab00000, 0x00000006ec480000, 0x00000007c0000000)
  eden space 1886720K, 0% used [0x000000066ab00000,0x000000066ab00000,0x00000006ddd80000)
  from space 108544K, 59% used [0x00000006e4900000,0x00000006e87f8250,0x00000006eb300000)
  to   space 110080K, 0% used [0x00000006ddd80000,0x00000006ddd80000,0x00000006e4900000)
 ParOldGen       total 385024K, used 260812K [0x00000003c0000000, 0x00000003d7800000, 0x000000066ab00000)
  object space 385024K, 67% used [0x00000003c0000000,0x00000003cfeb32d8,0x00000003d7800000)
 Metaspace       used 98143K, capacity 99311K, committed 99544K, reserved 1136640K
  class space    used 12988K, capacity 13258K, committed 13272K, reserved 1048576K
}
Event: 88.867 GC heap before
{Heap before GC invocations=68 (full 7):
 PSYoungGen      total 1995264K, used 1951200K [0x000000066ab00000, 0x00000006ec480000, 0x00000007c0000000)
  eden space 1886720K, 100% used [0x000000066ab00000,0x00000006ddd80000,0x00000006ddd80000)
  from space 108544K, 59% used [0x00000006e4900000,0x00000006e87f8250,0x00000006eb300000)
  to   space 110080K, 0% used [0x00000006ddd80000,0x00000006ddd80000,0x00000006e4900000)
 ParOldGen       total 385024K, used 260812K [0x00000003c0000000, 0x00000003d7800000, 0x000000066ab00000)
  object space 385024K, 67% used [0x00000003c0000000,0x00000003cfeb32d8,0x00000003d7800000)
 Metaspace       used 98148K, capacity 99311K, committed 99544K, reserved 1136640K
  class space    used 12988K, capacity 13258K, committed 13272K, reserved 1048576K
Event: 88.907 GC heap after
Heap after GC invocations=68 (full 7):
 PSYoungGen      total 1996800K, used 19234K [0x000000066ab00000, 0x00000006f2480000, 0x00000007c0000000)
  eden space 1886720K, 0% used [0x000000066ab00000,0x000000066ab00000,0x00000006ddd80000)
  from space 110080K, 17% used [0x00000006ddd80000,0x00000006df048ba0,0x00000006e4900000)
  to   space 108032K, 0% used [0x00000006ebb00000,0x00000006ebb00000,0x00000006f2480000)
 ParOldGen       total 385024K, used 260828K [0x00000003c0000000, 0x00000003d7800000, 0x000000066ab00000)
  object space 385024K, 67% used [0x00000003c0000000,0x00000003cfeb72d8,0x00000003d7800000)
 Metaspace       used 98148K, capacity 99311K, committed 99544K, reserved 1136640K
  class space    used 12988K, capacity 13258K, committed 13272K, reserved 1048576K
}
Event: 91.547 GC heap before
{Heap before GC invocations=69 (full 7):
 PSYoungGen      total 1996800K, used 1905954K [0x000000066ab00000, 0x00000006f2480000, 0x00000007c0000000)
  eden space 1886720K, 100% used [0x000000066ab00000,0x00000006ddd80000,0x00000006ddd80000)
  from space 110080K, 17% used [0x00000006ddd80000,0x00000006df048ba0,0x00000006e4900000)
  to   space 108032K, 0% used [0x00000006ebb00000,0x00000006ebb00000,0x00000006f2480000)
 ParOldGen       total 385024K, used 260828K [0x00000003c0000000, 0x00000003d7800000, 0x000000066ab00000)
  object space 385024K, 67% used [0x00000003c0000000,0x00000003cfeb72d8,0x00000003d7800000)
 Metaspace       used 98670K, capacity 99839K, committed 100184K, reserved 1136640K
  class space    used 13032K, capacity 13298K, committed 13400K, reserved 1048576K
Event: 91.592 GC heap after
Heap after GC invocations=69 (full 7):
 PSYoungGen      total 2089984K, used 34910K [0x000000066ab00000, 0x00000006f1400000, 0x00000007c0000000)
  eden space 1998848K, 0% used [0x000000066ab00000,0x000000066ab00000,0x00000006e4b00000)
  from space 91136K, 38% used [0x00000006ebb00000,0x00000006edd17938,0x00000006f1400000)
  to   space 102912K, 0% used [0x00000006e4b00000,0x00000006e4b00000,0x00000006eaf80000)
 ParOldGen       total 385024K, used 260836K [0x00000003c0000000, 0x00000003d7800000, 0x000000066ab00000)
  object space 385024K, 67% used [0x00000003c0000000,0x00000003cfeb92d8,0x00000003d7800000)
 Metaspace       used 98670K, capacity 99839K, committed 100184K, reserved 1136640K
  class space    used 13032K, capacity 13298K, committed 13400K, reserved 1048576K
}
Event: 93.991 GC heap before
{Heap before GC invocations=70 (full 7):
 PSYoungGen      total 2089984K, used 2033758K [0x000000066ab00000, 0x00000006f1400000, 0x00000007c0000000)
  eden space 1998848K, 100% used [0x000000066ab00000,0x00000006e4b00000,0x00000006e4b00000)
  from space 91136K, 38% used [0x00000006ebb00000,0x00000006edd17938,0x00000006f1400000)
  to   space 102912K, 0% used [0x00000006e4b00000,0x00000006e4b00000,0x00000006eaf80000)
 ParOldGen       total 385024K, used 260836K [0x00000003c0000000, 0x00000003d7800000, 0x000000066ab00000)
  object space 385024K, 67% used [0x00000003c0000000,0x00000003cfeb92d8,0x00000003d7800000)
 Metaspace       used 98683K, capacity 99839K, committed 100184K, reserved 1136640K
  class space    used 13032K, capacity 13298K, committed 13400K, reserved 1048576K
Event: 94.000 GC heap after
Heap after GC invocations=70 (full 7):
 PSYoungGen      total 2101760K, used 12331K [0x000000066ab00000, 0x00000006f7400000, 0x00000007c0000000)
  eden space 1998848K, 0% used [0x000000066ab00000,0x000000066ab00000,0x00000006e4b00000)
  from space 102912K, 11% used [0x00000006e4b00000,0x00000006e570af68,0x00000006eaf80000)
  to   space 101888K, 0% used [0x00000006f1080000,0x00000006f1080000,0x00000006f7400000)
 ParOldGen       total 385024K, used 260876K [0x00000003c0000000, 0x00000003d7800000, 0x000000066ab00000)
  object space 385024K, 67% used [0x00000003c0000000,0x00000003cfec32d8,0x00000003d7800000)
 Metaspace       used 98683K, capacity 99839K, committed 100184K, reserved 1136640K
  class space    used 13032K, capacity 13298K, committed 13400K, reserved 1048576K
}
Event: 96.808 GC heap before
{Heap before GC invocations=71 (full 7):
 PSYoungGen      total 2101760K, used 2011179K [0x000000066ab00000, 0x00000006f7400000, 0x00000007c0000000)
  eden space 1998848K, 100% used [0x000000066ab00000,0x00000006e4b00000,0x00000006e4b00000)
  from space 102912K, 11% used [0x00000006e4b00000,0x00000006e570af68,0x00000006eaf80000)
  to   space 101888K, 0% used [0x00000006f1080000,0x00000006f1080000,0x00000006f7400000)
 ParOldGen       total 385024K, used 260876K [0x00000003c0000000, 0x00000003d7800000, 0x000000066ab00000)
  object space 385024K, 67% used [0x00000003c0000000,0x00000003cfec32d8,0x00000003d7800000)
 Metaspace       used 98684K, capacity 99839K, committed 100184K, reserved 1136640K
  class space    used 13032K, capacity 13298K, committed 13400K, reserved 1048576K
Event: 96.821 GC heap after
Heap after GC invocations=71 (full 7):
 PSYoungGen      total 2167296K, used 12740K [0x000000066ab00000, 0x00000006f6180000, 0x00000007c0000000)
  eden space 2084352K, 0% used [0x000000066ab00000,0x000000066ab00000,0x00000006e9e80000)
  from space 82944K, 15% used [0x00000006f1080000,0x00000006f1cf1328,0x00000006f6180000)
  to   space 99840K, 0% used [0x00000006e9e80000,0x00000006e9e80000,0x00000006f0000000)
 ParOldGen       total 385024K, used 260892K [0x00000003c0000000, 0x00000003d7800000, 0x000000066ab00000)
  object space 385024K, 67% used [0x00000003c0000000,0x00000003cfec72d8,0x00000003d7800000)
 Metaspace       used 98684K, capacity 99839K, committed 100184K, reserved 1136640K
  class space    used 13032K, capacity 13298K, committed 13400K, reserved 1048576K
}
Event: 99.767 GC heap before
{Heap before GC invocations=72 (full 7):
 PSYoungGen      total 2167296K, used 2097092K [0x000000066ab00000, 0x00000006f6180000, 0x00000007c0000000)
  eden space 2084352K, 100% used [0x000000066ab00000,0x00000006e9e80000,0x00000006e9e80000)
  from space 82944K, 15% used [0x00000006f1080000,0x00000006f1cf1328,0x00000006f6180000)
  to   space 99840K, 0% used [0x00000006e9e80000,0x00000006e9e80000,0x00000006f0000000)
 ParOldGen       total 385024K, used 260892K [0x00000003c0000000, 0x00000003d7800000, 0x000000066ab00000)
  object space 385024K, 67% used [0x00000003c0000000,0x00000003cfec72d8,0x00000003d7800000)
 Metaspace       used 98684K, capacity 99839K, committed 100184K, reserved 1136640K
  class space    used 13032K, capacity 13298K, committed 13400K, reserved 1048576K
Event: 99.780 GC heap after
Heap after GC invocations=72 (full 7):
 PSYoungGen      total 2184192K, used 12782K [0x000000066ab00000, 0x00000006fa880000, 0x00000007c0000000)
  eden space 2084352K, 0% used [0x000000066ab00000,0x000000066ab00000,0x00000006e9e80000)
  from space 99840K, 12% used [0x00000006e9e80000,0x00000006eaafbb18,0x00000006f0000000)
  to   space 97792K, 0% used [0x00000006f4900000,0x00000006f4900000,0x00000006fa880000)
 ParOldGen       total 385024K, used 260932K [0x00000003c0000000, 0x00000003d7800000, 0x000000066ab00000)
  object space 385024K, 67% used [0x00000003c0000000,0x00000003cfed12d8,0x00000003d7800000)
 Metaspace       used 98684K, capacity 99839K, committed 100184K, reserved 1136640K
  class space    used 13032K, capacity 13298K, committed 13400K, reserved 1048576K
}
Event: 102.687 GC heap before
{Heap before GC invocations=73 (full 7):
 PSYoungGen      total 2184192K, used 2097134K [0x000000066ab00000, 0x00000006fa880000, 0x00000007c0000000)
  eden space 2084352K, 100% used [0x000000066ab00000,0x00000006e9e80000,0x00000006e9e80000)
  from space 99840K, 12% used [0x00000006e9e80000,0x00000006eaafbb18,0x00000006f0000000)
  to   space 97792K, 0% used [0x00000006f4900000,0x00000006f4900000,0x00000006fa880000)
 ParOldGen       total 385024K, used 260932K [0x00000003c0000000, 0x00000003d7800000, 0x000000066ab00000)
  object space 385024K, 67% used [0x00000003c0000000,0x00000003cfed12d8,0x00000003d7800000)
 Metaspace       used 98684K, capacity 99839K, committed 100184K, reserved 1136640K
  class space    used 13032K, capacity 13298K, committed 13400K, reserved 1048576K
Event: 102.701 GC heap after
Heap after GC invocations=73 (full 7):
 PSYoungGen      total 2233344K, used 13142K [0x000000066ab00000, 0x00000006f9900000, 0x00000007c0000000)
  eden space 2151424K, 0% used [0x000000066ab00000,0x000000066ab00000,0x00000006ee000000)
  from space 81920K, 16% used [0x00000006f4900000,0x00000006f55d5948,0x00000006f9900000)
  to   space 94720K, 0% used [0x00000006ee000000,0x00000006ee000000,0x00000006f3c80000)
 ParOldGen       total 385024K, used 260948K [0x00000003c0000000, 0x00000003d7800000, 0x000000066ab00000)
  object space 385024K, 67% used [0x00000003c0000000,0x00000003cfed52d8,0x00000003d7800000)
 Metaspace       used 98684K, capacity 99839K, committed 100184K, reserved 1136640K
  class space    used 13032K, capacity 13298K, committed 13400K, reserved 1048576K
}
Event: 105.785 GC heap before
{Heap before GC invocations=74 (full 7):
 PSYoungGen      total 2233344K, used 2164566K [0x000000066ab00000, 0x00000006f9900000, 0x00000007c0000000)
  eden space 2151424K, 100% used [0x000000066ab00000,0x00000006ee000000,0x00000006ee000000)
  from space 81920K, 16% used [0x00000006f4900000,0x00000006f55d5948,0x00000006f9900000)
  to   space 94720K, 0% used [0x00000006ee000000,0x00000006ee000000,0x00000006f3c80000)
 ParOldGen       total 385024K, used 260948K [0x00000003c0000000, 0x00000003d7800000, 0x000000066ab00000)
  object space 385024K, 67% used [0x00000003c0000000,0x00000003cfed52d8,0x00000003d7800000)
 Metaspace       used 98684K, capacity 99839K, committed 100184K, reserved 1136640K
  class space    used 13032K, capacity 13298K, committed 13400K, reserved 1048576K
Event: 105.799 GC heap after
Heap after GC invocations=74 (full 7):
 PSYoungGen      total 2246144K, used 12285K [0x000000066ab00000, 0x00000006fcf80000, 0x00000007c0000000)
  eden space 2151424K, 0% used [0x000000066ab00000,0x000000066ab00000,0x00000006ee000000)
  from space 94720K, 12% used [0x00000006ee000000,0x00000006eebff6d8,0x00000006f3c80000)
  to   space 92160K, 0% used [0x00000006f7580000,0x00000006f7580000,0x00000006fcf80000)
 ParOldGen       total 385024K, used 260964K [0x00000003c0000000, 0x00000003d7800000, 0x000000066ab00000)
  object space 385024K, 67% used [0x00000003c0000000,0x00000003cfed92d8,0x00000003d7800000)
 Metaspace       used 98684K, capacity 99839K, committed 100184K, reserved 1136640K
  class space    used 13032K, capacity 13298K, committed 13400K, reserved 1048576K
}
Event: 108.775 GC heap before
{Heap before GC invocations=75 (full 7):
 PSYoungGen      total 2246144K, used 2163709K [0x000000066ab00000, 0x00000006fcf80000, 0x00000007c0000000)
  eden space 2151424K, 100% used [0x000000066ab00000,0x00000006ee000000,0x00000006ee000000)
  from space 94720K, 12% used [0x00000006ee000000,0x00000006eebff6d8,0x00000006f3c80000)
  to   space 92160K, 0% used [0x00000006f7580000,0x00000006f7580000,0x00000006fcf80000)
 ParOldGen       total 385024K, used 260964K [0x00000003c0000000, 0x00000003d7800000, 0x000000066ab00000)
  object space 385024K, 67% used [0x00000003c0000000,0x00000003cfed92d8,0x00000003d7800000)
 Metaspace       used 98685K, capacity 99839K, committed 100184K, reserved 1136640K
  class space    used 13032K, capacity 13298K, committed 13400K, reserved 1048576K
Event: 108.788 GC heap after
Heap after GC invocations=75 (full 7):
 PSYoungGen      total 2284032K, used 12711K [0x000000066ab00000, 0x00000006fc200000, 0x00000007c0000000)
  eden space 2205696K, 0% used [0x000000066ab00000,0x000000066ab00000,0x00000006f1500000)
  from space 78336K, 16% used [0x00000006f7580000,0x00000006f81e9e10,0x00000006fc200000)
  to   space 88576K, 0% used [0x00000006f1500000,0x00000006f1500000,0x00000006f6b80000)
 ParOldGen       total 385024K, used 261004K [0x00000003c0000000, 0x00000003d7800000, 0x000000066ab00000)
  object space 385024K, 67% used [0x00000003c0000000,0x00000003cfee32d8,0x00000003d7800000)
 Metaspace       used 98685K, capacity 99839K, committed 100184K, reserved 1136640K
  class space    used 13032K, capacity 13298K, committed 13400K, reserved 1048576K
}
Event: 111.898 GC heap before
{Heap before GC invocations=76 (full 7):
 PSYoungGen      total 2284032K, used 2218407K [0x000000066ab00000, 0x00000006fc200000, 0x00000007c0000000)
  eden space 2205696K, 100% used [0x000000066ab00000,0x00000006f1500000,0x00000006f1500000)
  from space 78336K, 16% used [0x00000006f7580000,0x00000006f81e9e10,0x00000006fc200000)
  to   space 88576K, 0% used [0x00000006f1500000,0x00000006f1500000,0x00000006f6b80000)
 ParOldGen       total 385024K, used 261004K [0x00000003c0000000, 0x00000003d7800000, 0x000000066ab00000)
  object space 385024K, 67% used [0x00000003c0000000,0x00000003cfee32d8,0x00000003d7800000)
 Metaspace       used 98688K, capacity 99839K, committed 100184K, reserved 1136640K
  class space    used 13032K, capacity 13298K, committed 13400K, reserved 1048576K
Event: 111.909 GC heap after
Heap after GC invocations=76 (full 7):
 PSYoungGen      total 2294272K, used 12559K [0x000000066ab00000, 0x00000006fec00000, 0x00000007c0000000)
  eden space 2205696K, 0% used [0x000000066ab00000,0x000000066ab00000,0x00000006f1500000)
  from space 88576K, 14% used [0x00000006f1500000,0x00000006f2143c40,0x00000006f6b80000)
  to   space 85504K, 0% used [0x00000006f9880000,0x00000006f9880000,0x00000006fec00000)
 ParOldGen       total 385024K, used 261020K [0x00000003c0000000, 0x00000003d7800000, 0x000000066ab00000)
  object space 385024K, 67% used [0x00000003c0000000,0x00000003cfee72d8,0x00000003d7800000)
 Metaspace       used 98688K, capacity 99839K, committed 100184K, reserved 1136640K
  class space    used 13032K, capacity 13298K, committed 13400K, reserved 1048576K
}
Event: 115.019 GC heap before
{Heap before GC invocations=77 (full 7):
 PSYoungGen      total 2294272K, used 2218255K [0x000000066ab00000, 0x00000006fec00000, 0x00000007c0000000)
  eden space 2205696K, 100% used [0x000000066ab00000,0x00000006f1500000,0x00000006f1500000)
  from space 88576K, 14% used [0x00000006f1500000,0x00000006f2143c40,0x00000006f6b80000)
  to   space 85504K, 0% used [0x00000006f9880000,0x00000006f9880000,0x00000006fec00000)
 ParOldGen       total 385024K, used 261020K [0x00000003c0000000, 0x00000003d7800000, 0x000000066ab00000)
  object space 385024K, 67% used [0x00000003c0000000,0x00000003cfee72d8,0x00000003d7800000)
 Metaspace       used 98688K, capacity 99839K, committed 100184K, reserved 1136640K
  class space    used 13032K, capacity 13298K, committed 13400K, reserved 1048576K
Event: 115.031 GC heap after
Heap after GC invocations=77 (full 7):
 PSYoungGen      total 2323968K, used 12842K [0x000000066ab00000, 0x00000006fe080000, 0x00000007c0000000)
  eden space 2250240K, 0% used [0x000000066ab00000,0x000000066ab00000,0x00000006f4080000)
  from space 73728K, 17% used [0x00000006f9880000,0x00000006fa50a930,0x00000006fe080000)
  to   space 81920K, 0% used [0x00000006f4080000,0x00000006f4080000,0x00000006f9080000)
 ParOldGen       total 385024K, used 261060K [0x00000003c0000000, 0x00000003d7800000, 0x000000066ab00000)
  object space 385024K, 67% used [0x00000003c0000000,0x00000003cfef12d8,0x00000003d7800000)
 Metaspace       used 98688K, capacity 99839K, committed 100184K, reserved 1136640K
  class space    used 13032K, capacity 13298K, committed 13400K, reserved 1048576K
}
Event: 118.251 GC heap before
{Heap before GC invocations=78 (full 7):
 PSYoungGen      total 2323968K, used 2263082K [0x000000066ab00000, 0x00000006fe080000, 0x00000007c0000000)
  eden space 2250240K, 100% used [0x000000066ab00000,0x00000006f4080000,0x00000006f4080000)
  from space 73728K, 17% used [0x00000006f9880000,0x00000006fa50a930,0x00000006fe080000)
  to   space 81920K, 0% used [0x00000006f4080000,0x00000006f4080000,0x00000006f9080000)
 ParOldGen       total 385024K, used 261060K [0x00000003c0000000, 0x00000003d7800000, 0x000000066ab00000)
  object space 385024K, 67% used [0x00000003c0000000,0x00000003cfef12d8,0x00000003d7800000)
 Metaspace       used 98688K, capacity 99839K, committed 100184K, reserved 1136640K
  class space    used 13032K, capacity 13298K, committed 13400K, reserved 1048576K
Event: 118.265 GC heap after
Heap after GC invocations=78 (full 7):
 PSYoungGen      total 2332160K, used 12055K [0x000000066ab00000, 0x0000000700300000, 0x00000007c0000000)
  eden space 2250240K, 0% used [0x000000066ab00000,0x000000066ab00000,0x00000006f4080000)
  from space 81920K, 14% used [0x00000006f4080000,0x00000006f4c45d48,0x00000006f9080000)
  to   space 78336K, 0% used [0x00000006fb680000,0x00000006fb680000,0x0000000700300000)
 ParOldGen       total 385024K, used 261076K [0x00000003c0000000, 0x00000003d7800000, 0x000000066ab00000)
  object space 385024K, 67% used [0x00000003c0000000,0x00000003cfef52d8,0x00000003d7800000)
 Metaspace       used 98688K, capacity 99839K, committed 100184K, reserved 1136640K
  class space    used 13032K, capacity 13298K, committed 13400K, reserved 1048576K
}
Event: 121.470 GC heap before
{Heap before GC invocations=79 (full 7):
 PSYoungGen      total 2332160K, used 2262295K [0x000000066ab00000, 0x0000000700300000, 0x00000007c0000000)
  eden space 2250240K, 100% used [0x000000066ab00000,0x00000006f4080000,0x00000006f4080000)
  from space 81920K, 14% used [0x00000006f4080000,0x00000006f4c45d48,0x00000006f9080000)
  to   space 78336K, 0% used [0x00000006fb680000,0x00000006fb680000,0x0000000700300000)
 ParOldGen       total 385024K, used 261076K [0x00000003c0000000, 0x00000003d7800000, 0x000000066ab00000)
  object space 385024K, 67% used [0x00000003c0000000,0x00000003cfef52d8,0x00000003d7800000)
 Metaspace       used 98688K, capacity 99839K, committed 100184K, reserved 1136640K
  class space    used 13032K, capacity 13298K, committed 13400K, reserved 1048576K
Event: 121.483 GC heap after
Heap after GC invocations=79 (full 7):
 PSYoungGen      total 2358784K, used 12753K [0x000000066ab00000, 0x00000006ff980000, 0x00000007c0000000)
  eden space 2290176K, 0% used [0x000000066ab00000,0x000000066ab00000,0x00000006f6780000)
  from space 68608K, 18% used [0x00000006fb680000,0x00000006fc2f46c8,0x00000006ff980000)
  to   space 74752K, 0% used [0x00000006f6780000,0x00000006f6780000,0x00000006fb080000)
 ParOldGen       total 385024K, used 261116K [0x00000003c0000000, 0x00000003d7800000, 0x000000066ab00000)
  object space 385024K, 67% used [0x00000003c0000000,0x00000003cfeff2d8,0x00000003d7800000)
 Metaspace       used 98688K, capacity 99839K, committed 100184K, reserved 1136640K
  class space    used 13032K, capacity 13298K, committed 13400K, reserved 1048576K
}
Event: 124.688 GC heap before
{Heap before GC invocations=80 (full 7):
 PSYoungGen      total 2358784K, used 2302929K [0x000000066ab00000, 0x00000006ff980000, 0x00000007c0000000)
  eden space 2290176K, 100% used [0x000000066ab00000,0x00000006f6780000,0x00000006f6780000)
  from space 68608K, 18% used [0x00000006fb680000,0x00000006fc2f46c8,0x00000006ff980000)
  to   space 74752K, 0% used [0x00000006f6780000,0x00000006f6780000,0x00000006fb080000)
 ParOldGen       total 385024K, used 261116K [0x00000003c0000000, 0x00000003d7800000, 0x000000066ab00000)
  object space 385024K, 67% used [0x00000003c0000000,0x00000003cfeff2d8,0x00000003d7800000)
 Metaspace       used 98688K, capacity 99839K, committed 100184K, reserved 1136640K
  class space    used 13032K, capacity 13298K, committed 13400K, reserved 1048576K
Event: 124.701 GC heap after
Heap after GC invocations=80 (full 7):
 PSYoungGen      total 2364928K, used 12926K [0x000000066ab00000, 0x0000000701900000, 0x00000007c0000000)
  eden space 2290176K, 0% used [0x000000066ab00000,0x000000066ab00000,0x00000006f6780000)
  from space 74752K, 17% used [0x00000006f6780000,0x00000006f741f8e0,0x00000006fb080000)
  to   space 71680K, 0% used [0x00000006fd300000,0x00000006fd300000,0x0000000701900000)
 ParOldGen       total 385024K, used 261132K [0x00000003c0000000, 0x00000003d7800000, 0x000000066ab00000)
  object space 385024K, 67% used [0x00000003c0000000,0x00000003cff032d8,0x00000003d7800000)
 Metaspace       used 98688K, capacity 99839K, committed 100184K, reserved 1136640K
  class space    used 13032K, capacity 13298K, committed 13400K, reserved 1048576K
}
Event: 127.919 GC heap before
{Heap before GC invocations=81 (full 7):
 PSYoungGen      total 2364928K, used 2303102K [0x000000066ab00000, 0x0000000701900000, 0x00000007c0000000)
  eden space 2290176K, 100% used [0x000000066ab00000,0x00000006f6780000,0x00000006f6780000)
  from space 74752K, 17% used [0x00000006f6780000,0x00000006f741f8e0,0x00000006fb080000)
  to   space 71680K, 0% used [0x00000006fd300000,0x00000006fd300000,0x0000000701900000)
 ParOldGen       total 385024K, used 261132K [0x00000003c0000000, 0x00000003d7800000, 0x000000066ab00000)
  object space 385024K, 67% used [0x00000003c0000000,0x00000003cff032d8,0x00000003d7800000)
 Metaspace       used 98688K, capacity 99839K, committed 100184K, reserved 1136640K
  class space    used 13032K, capacity 13298K, committed 13400K, reserved 1048576K
Event: 127.932 GC heap after
Heap after GC invocations=81 (full 7):
 PSYoungGen      total 2390016K, used 12748K [0x000000066ab00000, 0x0000000701080000, 0x00000007c0000000)
  eden space 2327040K, 0% used [0x000000066ab00000,0x000000066ab00000,0x00000006f8b80000)
  from space 62976K, 20% used [0x00000006fd300000,0x00000006fdf73388,0x0000000701080000)
  to   space 68096K, 0% used [0x00000006f8b80000,0x00000006f8b80000,0x00000006fce00000)
 ParOldGen       total 385024K, used 261172K [0x00000003c0000000, 0x00000003d7800000, 0x000000066ab00000)
  object space 385024K, 67% used [0x00000003c0000000,0x00000003cff0d2d8,0x00000003d7800000)
 Metaspace       used 98688K, capacity 99839K, committed 100184K, reserved 1136640K
  class space    used 13032K, capacity 13298K, committed 13400K, reserved 1048576K
}
Event: 131.211 GC heap before
{Heap before GC invocations=82 (full 7):
 PSYoungGen      total 2390016K, used 2339788K [0x000000066ab00000, 0x0000000701080000, 0x00000007c0000000)
  eden space 2327040K, 100% used [0x000000066ab00000,0x00000006f8b80000,0x00000006f8b80000)
  from space 62976K, 20% used [0x00000006fd300000,0x00000006fdf73388,0x0000000701080000)
  to   space 68096K, 0% used [0x00000006f8b80000,0x00000006f8b80000,0x00000006fce00000)
 ParOldGen       total 385024K, used 261172K [0x00000003c0000000, 0x00000003d7800000, 0x000000066ab00000)
  object space 385024K, 67% used [0x00000003c0000000,0x00000003cff0d2d8,0x00000003d7800000)
 Metaspace       used 98689K, capacity 99839K, committed 100184K, reserved 1136640K
  class space    used 13032K, capacity 13298K, committed 13400K, reserved 1048576K
Event: 131.224 GC heap after
Heap after GC invocations=82 (full 7):
 PSYoungGen      total 2395136K, used 12293K [0x000000066ab00000, 0x0000000702d80000, 0x00000007c0000000)
  eden space 2327040K, 0% used [0x000000066ab00000,0x000000066ab00000,0x00000006f8b80000)
  from space 68096K, 18% used [0x00000006f8b80000,0x00000006f9781488,0x00000006fce00000)
  to   space 65024K, 0% used [0x00000006fee00000,0x00000006fee00000,0x0000000702d80000)
 ParOldGen       total 385024K, used 261220K [0x00000003c0000000, 0x00000003d7800000, 0x000000066ab00000)
  object space 385024K, 67% used [0x00000003c0000000,0x00000003cff192d8,0x00000003d7800000)
 Metaspace       used 98689K, capacity 99839K, committed 100184K, reserved 1136640K
  class space    used 13032K, capacity 13298K, committed 13400K, reserved 1048576K
}
Event: 134.531 GC heap before
{Heap before GC invocations=83 (full 7):
 PSYoungGen      total 2395136K, used 2339333K [0x000000066ab00000, 0x0000000702d80000, 0x00000007c0000000)
  eden space 2327040K, 100% used [0x000000066ab00000,0x00000006f8b80000,0x00000006f8b80000)
  from space 68096K, 18% used [0x00000006f8b80000,0x00000006f9781488,0x00000006fce00000)
  to   space 65024K, 0% used [0x00000006fee00000,0x00000006fee00000,0x0000000702d80000)
 ParOldGen       total 385024K, used 261220K [0x00000003c0000000, 0x00000003d7800000, 0x000000066ab00000)
  object space 385024K, 67% used [0x00000003c0000000,0x00000003cff192d8,0x00000003d7800000)
 Metaspace       used 98690K, capacity 99839K, committed 100184K, reserved 1136640K
  class space    used 13032K, capacity 13298K, committed 13400K, reserved 1048576K
Event: 134.546 GC heap after
Heap after GC invocations=83 (full 7):
 PSYoungGen      total 2420736K, used 13074K [0x000000066ab00000, 0x0000000702680000, 0x00000007c0000000)
  eden space 2362880K, 0% used [0x000000066ab00000,0x000000066ab00000,0x00000006fae80000)
  from space 57856K, 22% used [0x00000006fee00000,0x00000006ffac4a08,0x0000000702680000)
  to   space 61440K, 0% used [0x00000006fae80000,0x00000006fae80000,0x00000006fea80000)
 ParOldGen       total 385024K, used 261236K [0x00000003c0000000, 0x00000003d7800000, 0x000000066ab00000)
  object space 385024K, 67% used [0x00000003c0000000,0x00000003cff1d2d8,0x00000003d7800000)
 Metaspace       used 98690K, capacity 99839K, committed 100184K, reserved 1136640K
  class space    used 13032K, capacity 13298K, committed 13400K, reserved 1048576K
}
Event: 137.901 GC heap before
{Heap before GC invocations=84 (full 7):
 PSYoungGen      total 2420736K, used 2375954K [0x000000066ab00000, 0x0000000702680000, 0x00000007c0000000)
  eden space 2362880K, 100% used [0x000000066ab00000,0x00000006fae80000,0x00000006fae80000)
  from space 57856K, 22% used [0x00000006fee00000,0x00000006ffac4a08,0x0000000702680000)
  to   space 61440K, 0% used [0x00000006fae80000,0x00000006fae80000,0x00000006fea80000)
 ParOldGen       total 385024K, used 261236K [0x00000003c0000000, 0x00000003d7800000, 0x000000066ab00000)
  object space 385024K, 67% used [0x00000003c0000000,0x00000003cff1d2d8,0x00000003d7800000)
 Metaspace       used 98709K, capacity 99903K, committed 100184K, reserved 1136640K
  class space    used 13036K, capacity 13298K, committed 13400K, reserved 1048576K
Event: 137.916 GC heap after
Heap after GC invocations=84 (full 7):
 PSYoungGen      total 2424320K, used 6658K [0x000000066ab00000, 0x0000000704580000, 0x00000007c0000000)
  eden space 2362880K, 0% used [0x000000066ab00000,0x000000066ab00000,0x00000006fae80000)
  from space 61440K, 10% used [0x00000006fae80000,0x00000006fb500a68,0x00000006fea80000)
  to   space 59392K, 0% used [0x0000000700b80000,0x0000000700b80000,0x0000000704580000)
 ParOldGen       total 385024K, used 266930K [0x00000003c0000000, 0x00000003d7800000, 0x000000066ab00000)
  object space 385024K, 69% used [0x00000003c0000000,0x00000003d04acab0,0x00000003d7800000)
 Metaspace       used 98709K, capacity 99903K, committed 100184K, reserved 1136640K
  class space    used 13036K, capacity 13298K, committed 13400K, reserved 1048576K
}
Event: 141.256 GC heap before
{Heap before GC invocations=85 (full 7):
 PSYoungGen      total 2424320K, used 2369538K [0x000000066ab00000, 0x0000000704580000, 0x00000007c0000000)
  eden space 2362880K, 100% used [0x000000066ab00000,0x00000006fae80000,0x00000006fae80000)
  from space 61440K, 10% used [0x00000006fae80000,0x00000006fb500a68,0x00000006fea80000)
  to   space 59392K, 0% used [0x0000000700b80000,0x0000000700b80000,0x0000000704580000)
 ParOldGen       total 385024K, used 266930K [0x00000003c0000000, 0x00000003d7800000, 0x000000066ab00000)
  object space 385024K, 69% used [0x00000003c0000000,0x00000003d04acab0,0x00000003d7800000)
 Metaspace       used 98713K, capacity 99903K, committed 100184K, reserved 1136640K
  class space    used 13036K, capacity 13298K, committed 13400K, reserved 1048576K
Event: 141.265 GC heap after
Heap after GC invocations=85 (full 7):
 PSYoungGen      total 2447872K, used 5976K [0x000000066ab00000, 0x0000000703e80000, 0x00000007c0000000)
  eden space 2395648K, 0% used [0x000000066ab00000,0x000000066ab00000,0x00000006fce80000)
  from space 52224K, 11% used [0x0000000700b80000,0x00000007011563a8,0x0000000703e80000)
  to   space 57344K, 0% used [0x00000006fce80000,0x00000006fce80000,0x0000000700680000)
 ParOldGen       total 385024K, used 268241K [0x00000003c0000000, 0x00000003d7800000, 0x000000066ab00000)
  object space 385024K, 69% used [0x00000003c0000000,0x00000003d05f47c8,0x00000003d7800000)
 Metaspace       used 98713K, capacity 99903K, committed 100184K, reserved 1136640K
  class space    used 13036K, capacity 13298K, committed 13400K, reserved 1048576K
}
Event: 144.671 GC heap before
{Heap before GC invocations=86 (full 7):
 PSYoungGen      total 2447872K, used 2401624K [0x000000066ab00000, 0x0000000703e80000, 0x00000007c0000000)
  eden space 2395648K, 100% used [0x000000066ab00000,0x00000006fce80000,0x00000006fce80000)
  from space 52224K, 11% used [0x0000000700b80000,0x00000007011563a8,0x0000000703e80000)
  to   space 57344K, 0% used [0x00000006fce80000,0x00000006fce80000,0x0000000700680000)
 ParOldGen       total 385024K, used 268241K [0x00000003c0000000, 0x00000003d7800000, 0x000000066ab00000)
  object space 385024K, 69% used [0x00000003c0000000,0x00000003d05f47c8,0x00000003d7800000)
 Metaspace       used 98713K, capacity 99903K, committed 100184K, reserved 1136640K
  class space    used 13036K, capacity 13298K, committed 13400K, reserved 1048576K
Event: 144.680 GC heap after
Heap after GC invocations=86 (full 7):
 PSYoungGen      total 2452992K, used 5560K [0x000000066ab00000, 0x0000000705800000, 0x00000007c0000000)
  eden space 2395648K, 0% used [0x000000066ab00000,0x000000066ab00000,0x00000006fce80000)
  from space 57344K, 9% used [0x00000006fce80000,0x00000006fd3ee248,0x0000000700680000)
  to   space 55296K, 0% used [0x0000000702200000,0x0000000702200000,0x0000000705800000)
 ParOldGen       total 385024K, used 268714K [0x00000003c0000000, 0x00000003d7800000, 0x000000066ab00000)
  object space 385024K, 69% used [0x00000003c0000000,0x00000003d066a9d8,0x00000003d7800000)
 Metaspace       used 98713K, capacity 99903K, committed 100184K, reserved 1136640K
  class space    used 13036K, capacity 13298K, committed 13400K, reserved 1048576K
}
Event: 148.085 GC heap before
{Heap before GC invocations=87 (full 7):
 PSYoungGen      total 2452992K, used 2401208K [0x000000066ab00000, 0x0000000705800000, 0x00000007c0000000)
  eden space 2395648K, 100% used [0x000000066ab00000,0x00000006fce80000,0x00000006fce80000)
  from space 57344K, 9% used [0x00000006fce80000,0x00000006fd3ee248,0x0000000700680000)
  to   space 55296K, 0% used [0x0000000702200000,0x0000000702200000,0x0000000705800000)
 ParOldGen       total 385024K, used 268714K [0x00000003c0000000, 0x00000003d7800000, 0x000000066ab00000)
  object space 385024K, 69% used [0x00000003c0000000,0x00000003d066a9d8,0x00000003d7800000)
 Metaspace       used 98713K, capacity 99903K, committed 100184K, reserved 1136640K
  class space    used 13036K, capacity 13298K, committed 13400K, reserved 1048576K
Event: 148.100 GC heap after
Heap after GC invocations=87 (full 7):
 PSYoungGen      total 2479104K, used 5574K [0x000000066ab00000, 0x0000000705500000, 0x00000007c0000000)
  eden space 2426880K, 0% used [0x000000066ab00000,0x000000066ab00000,0x00000006fed00000)
  from space 52224K, 10% used [0x0000000702200000,0x0000000702771968,0x0000000705500000)
  to   space 53248K, 0% used [0x00000006fed00000,0x00000006fed00000,0x0000000702100000)
 ParOldGen       total 385024K, used 268722K [0x00000003c0000000, 0x00000003d7800000, 0x000000066ab00000)
  object space 385024K, 69% used [0x00000003c0000000,0x00000003d066c9d8,0x00000003d7800000)
 Metaspace       used 98713K, capacity 99903K, committed 100184K, reserved 1136640K
  class space    used 13036K, capacity 13298K, committed 13400K, reserved 1048576K
}
Event: 151.562 GC heap before
{Heap before GC invocations=88 (full 7):
 PSYoungGen      total 2479104K, used 2432454K [0x000000066ab00000, 0x0000000705500000, 0x00000007c0000000)
  eden space 2426880K, 100% used [0x000000066ab00000,0x00000006fed00000,0x00000006fed00000)
  from space 52224K, 10% used [0x0000000702200000,0x0000000702771968,0x0000000705500000)
  to   space 53248K, 0% used [0x00000006fed00000,0x00000006fed00000,0x0000000702100000)
 ParOldGen       total 385024K, used 268722K [0x00000003c0000000, 0x00000003d7800000, 0x000000066ab00000)
  object space 385024K, 69% used [0x00000003c0000000,0x00000003d066c9d8,0x00000003d7800000)
 Metaspace       used 98713K, capacity 99903K, committed 100184K, reserved 1136640K
  class space    used 13036K, capacity 13298K, committed 13400K, reserved 1048576K

