# JRE version: OpenJDK Runtime Environment (8.0_252-b09) (build 1.8.0_252-b09)
# Java VM: OpenJDK 64-Bit Server VM (25.252-b09 mixed mode linux-amd64 compressed oops)
Heap:
 PSYoungGen      total 2533376K, used 13094K [0x000000066ab00000, 0x0000000709780000, 0x00000007c0000000)
  eden space 2465280K, 0% used [0x000000066ab00000,0x000000066ab00000,0x0000000701280000)
  from space 68096K, 19% used [0x0000000701280000,0x0000000701f49a18,0x0000000705500000)
  to   space 62976K, 0% used [0x0000000705a00000,0x0000000705a00000,0x0000000709780000)
 ParOldGen       total 366592K, used 262672K [0x00000003c0000000, 0x00000003d6600000, 0x000000066ab00000)
  object space 366592K, 71% used [0x00000003c0000000,0x00000003d0084218,0x00000003d6600000)
 Metaspace       used 98740K, capacity 99903K, committed 100184K, reserved 1136640K
  class space    used 13034K, capacity 13298K, committed 13400K, reserved 1048576K
GC Heap History (157 events):
Event: 0.456 GC heap before
{Heap before GC invocations=1 (full 0):
 PSYoungGen      total 18432K, used 15872K [0x000000066ab00000, 0x000000066bf80000, 0x00000007c0000000)
  eden space 15872K, 100% used [0x000000066ab00000,0x000000066ba80000,0x000000066ba80000)
  from space 2560K, 0% used [0x000000066bd00000,0x000000066bd00000,0x000000066bf80000)
  to   space 2560K, 0% used [0x000000066ba80000,0x000000066ba80000,0x000000066bd00000)
 ParOldGen       total 42496K, used 0K [0x00000003c0000000, 0x00000003c2980000, 0x000000066ab00000)
  object space 42496K, 0% used [0x00000003c0000000,0x00000003c0000000,0x00000003c2980000)
 Metaspace       used 4973K, capacity 5944K, committed 6016K, reserved 1056768K
  class space    used 542K, capacity 616K, committed 640K, reserved 1048576K
Event: 0.459 GC heap after
Heap after GC invocations=1 (full 0):
 PSYoungGen      total 18432K, used 2555K [0x000000066ab00000, 0x000000066bf80000, 0x00000007c0000000)
  eden space 15872K, 0% used [0x000000066ab00000,0x000000066ab00000,0x000000066ba80000)
  from space 2560K, 99% used [0x000000066ba80000,0x000000066bcfeca0,0x000000066bd00000)
  to   space 2560K, 0% used [0x000000066bd00000,0x000000066bd00000,0x000000066bf80000)
 ParOldGen       total 42496K, used 474K [0x00000003c0000000, 0x00000003c2980000, 0x000000066ab00000)
  object space 42496K, 1% used [0x00000003c0000000,0x00000003c0076a60,0x00000003c2980000)
 Metaspace       used 4973K, capacity 5944K, committed 6016K, reserved 1056768K
  class space    used 542K, capacity 616K, committed 640K, reserved 1048576K
}
Event: 0.937 GC heap before
{Heap before GC invocations=2 (full 0):
 PSYoungGen      total 18432K, used 18427K [0x000000066ab00000, 0x000000066bf80000, 0x00000007c0000000)
  eden space 15872K, 100% used [0x000000066ab00000,0x000000066ba80000,0x000000066ba80000)
  from space 2560K, 99% used [0x000000066ba80000,0x000000066bcfeca0,0x000000066bd00000)
  to   space 2560K, 0% used [0x000000066bd00000,0x000000066bd00000,0x000000066bf80000)
 ParOldGen       total 42496K, used 474K [0x00000003c0000000, 0x00000003c2980000, 0x000000066ab00000)
  object space 42496K, 1% used [0x00000003c0000000,0x00000003c0076a60,0x00000003c2980000)
 Metaspace       used 9301K, capacity 9376K, committed 9472K, reserved 1056768K
  class space    used 1221K, capacity 1232K, committed 1280K, reserved 1048576K
Event: 0.941 GC heap after
Heap after GC invocations=2 (full 0):
 PSYoungGen      total 18432K, used 2540K [0x000000066ab00000, 0x000000066bf80000, 0x00000007c0000000)
  eden space 15872K, 0% used [0x000000066ab00000,0x000000066ab00000,0x000000066ba80000)
  from space 2560K, 99% used [0x000000066bd00000,0x000000066bf7b300,0x000000066bf80000)
  to   space 2560K, 0% used [0x000000066ba80000,0x000000066ba80000,0x000000066bd00000)
 ParOldGen       total 42496K, used 1620K [0x00000003c0000000, 0x00000003c2980000, 0x000000066ab00000)
  object space 42496K, 3% used [0x00000003c0000000,0x00000003c0195020,0x00000003c2980000)
 Metaspace       used 9301K, capacity 9376K, committed 9472K, reserved 1056768K
  class space    used 1221K, capacity 1232K, committed 1280K, reserved 1048576K
}
Event: 1.230 GC heap before
{Heap before GC invocations=3 (full 0):
 PSYoungGen      total 18432K, used 18412K [0x000000066ab00000, 0x000000066bf80000, 0x00000007c0000000)
  eden space 15872K, 100% used [0x000000066ab00000,0x000000066ba80000,0x000000066ba80000)
  from space 2560K, 99% used [0x000000066bd00000,0x000000066bf7b300,0x000000066bf80000)
  to   space 2560K, 0% used [0x000000066ba80000,0x000000066ba80000,0x000000066bd00000)
 ParOldGen       total 42496K, used 1620K [0x00000003c0000000, 0x00000003c2980000, 0x000000066ab00000)
  object space 42496K, 3% used [0x00000003c0000000,0x00000003c0195020,0x00000003c2980000)
 Metaspace       used 11367K, capacity 11424K, committed 11648K, reserved 1058816K
  class space    used 1531K, capacity 1552K, committed 1664K, reserved 1048576K
Event: 1.233 GC heap after
Heap after GC invocations=3 (full 0):
 PSYoungGen      total 18432K, used 2547K [0x000000066ab00000, 0x000000066bf80000, 0x00000007c0000000)
  eden space 15872K, 0% used [0x000000066ab00000,0x000000066ab00000,0x000000066ba80000)
  from space 2560K, 99% used [0x000000066ba80000,0x000000066bcfcd90,0x000000066bd00000)
  to   space 2560K, 0% used [0x000000066bd00000,0x000000066bd00000,0x000000066bf80000)
 ParOldGen       total 42496K, used 2799K [0x00000003c0000000, 0x00000003c2980000, 0x000000066ab00000)
  object space 42496K, 6% used [0x00000003c0000000,0x00000003c02bbd28,0x00000003c2980000)
 Metaspace       used 11367K, capacity 11424K, committed 11648K, reserved 1058816K
  class space    used 1531K, capacity 1552K, committed 1664K, reserved 1048576K
}
Event: 1.409 GC heap before
{Heap before GC invocations=4 (full 0):
 PSYoungGen      total 18432K, used 18419K [0x000000066ab00000, 0x000000066bf80000, 0x00000007c0000000)
  eden space 15872K, 100% used [0x000000066ab00000,0x000000066ba80000,0x000000066ba80000)
  from space 2560K, 99% used [0x000000066ba80000,0x000000066bcfcd90,0x000000066bd00000)
  to   space 2560K, 0% used [0x000000066bd00000,0x000000066bd00000,0x000000066bf80000)
 ParOldGen       total 42496K, used 2799K [0x00000003c0000000, 0x00000003c2980000, 0x000000066ab00000)
  object space 42496K, 6% used [0x00000003c0000000,0x00000003c02bbd28,0x00000003c2980000)
 Metaspace       used 12940K, capacity 13056K, committed 13312K, reserved 1060864K
  class space    used 1728K, capacity 1776K, committed 1792K, reserved 1048576K
Event: 1.413 GC heap after
Heap after GC invocations=4 (full 0):
 PSYoungGen      total 18432K, used 2558K [0x000000066ab00000, 0x000000066cf00000, 0x00000007c0000000)
  eden space 15872K, 0% used [0x000000066ab00000,0x000000066ab00000,0x000000066ba80000)
  from space 2560K, 99% used [0x000000066bd00000,0x000000066bf7fa18,0x000000066bf80000)
  to   space 2560K, 0% used [0x000000066ba80000,0x000000066ba80000,0x000000066bd00000)
 ParOldGen       total 42496K, used 3858K [0x00000003c0000000, 0x00000003c2980000, 0x000000066ab00000)
  object space 42496K, 9% used [0x00000003c0000000,0x00000003c03c4aa8,0x00000003c2980000)
 Metaspace       used 12940K, capacity 13056K, committed 13312K, reserved 1060864K
  class space    used 1728K, capacity 1776K, committed 1792K, reserved 1048576K
}
Event: 1.564 GC heap before
{Heap before GC invocations=5 (full 0):
 PSYoungGen      total 18432K, used 18430K [0x000000066ab00000, 0x000000066cf00000, 0x00000007c0000000)
  eden space 15872K, 100% used [0x000000066ab00000,0x000000066ba80000,0x000000066ba80000)
  from space 2560K, 99% used [0x000000066bd00000,0x000000066bf7fa18,0x000000066bf80000)
  to   space 2560K, 0% used [0x000000066ba80000,0x000000066ba80000,0x000000066bd00000)
 ParOldGen       total 42496K, used 3858K [0x00000003c0000000, 0x00000003c2980000, 0x000000066ab00000)
  object space 42496K, 9% used [0x00000003c0000000,0x00000003c03c4aa8,0x00000003c2980000)
 Metaspace       used 14362K, capacity 14496K, committed 14848K, reserved 1062912K
  class space    used 1899K, capacity 1936K, committed 2048K, reserved 1048576K
Event: 1.568 GC heap after
Heap after GC invocations=5 (full 0):
 PSYoungGen      total 18432K, used 2542K [0x000000066ab00000, 0x000000066d300000, 0x00000007c0000000)
  eden space 15872K, 0% used [0x000000066ab00000,0x000000066ab00000,0x000000066ba80000)
  from space 2560K, 99% used [0x000000066ba80000,0x000000066bcfba28,0x000000066bd00000)
  to   space 4608K, 0% used [0x000000066ce80000,0x000000066ce80000,0x000000066d300000)
 ParOldGen       total 42496K, used 5194K [0x00000003c0000000, 0x00000003c2980000, 0x000000066ab00000)
  object space 42496K, 12% used [0x00000003c0000000,0x00000003c0512a10,0x00000003c2980000)
 Metaspace       used 14362K, capacity 14496K, committed 14848K, reserved 1062912K
  class space    used 1899K, capacity 1936K, committed 2048K, reserved 1048576K
}
Event: 1.913 GC heap before
{Heap before GC invocations=6 (full 0):
 PSYoungGen      total 18432K, used 18414K [0x000000066ab00000, 0x000000066d300000, 0x00000007c0000000)
  eden space 15872K, 100% used [0x000000066ab00000,0x000000066ba80000,0x000000066ba80000)
  from space 2560K, 99% used [0x000000066ba80000,0x000000066bcfba28,0x000000066bd00000)
  to   space 4608K, 0% used [0x000000066ce80000,0x000000066ce80000,0x000000066d300000)
 ParOldGen       total 42496K, used 5194K [0x00000003c0000000, 0x00000003c2980000, 0x000000066ab00000)
  object space 42496K, 12% used [0x00000003c0000000,0x00000003c0512a10,0x00000003c2980000)
 Metaspace       used 15351K, capacity 15462K, committed 15616K, reserved 1062912K
  class space    used 1979K, capacity 2001K, committed 2048K, reserved 1048576K
Event: 1.918 GC heap after
Heap after GC invocations=6 (full 0):
 PSYoungGen      total 35840K, used 3619K [0x000000066ab00000, 0x000000066d280000, 0x00000007c0000000)
  eden space 31744K, 0% used [0x000000066ab00000,0x000000066ab00000,0x000000066ca00000)
  from space 4096K, 88% used [0x000000066ce80000,0x000000066d208fb0,0x000000066d280000)
  to   space 4096K, 0% used [0x000000066ca80000,0x000000066ca80000,0x000000066ce80000)
 ParOldGen       total 42496K, used 5202K [0x00000003c0000000, 0x00000003c2980000, 0x000000066ab00000)
  object space 42496K, 12% used [0x00000003c0000000,0x00000003c0514a10,0x00000003c2980000)
 Metaspace       used 15351K, capacity 15462K, committed 15616K, reserved 1062912K
  class space    used 1979K, capacity 2001K, committed 2048K, reserved 1048576K
}
Event: 2.240 GC heap before
{Heap before GC invocations=7 (full 0):
 PSYoungGen      total 35840K, used 35363K [0x000000066ab00000, 0x000000066d280000, 0x00000007c0000000)
  eden space 31744K, 100% used [0x000000066ab00000,0x000000066ca00000,0x000000066ca00000)
  from space 4096K, 88% used [0x000000066ce80000,0x000000066d208fb0,0x000000066d280000)
  to   space 4096K, 0% used [0x000000066ca80000,0x000000066ca80000,0x000000066ce80000)
 ParOldGen       total 42496K, used 5202K [0x00000003c0000000, 0x00000003c2980000, 0x000000066ab00000)
  object space 42496K, 12% used [0x00000003c0000000,0x00000003c0514a10,0x00000003c2980000)
 Metaspace       used 15692K, capacity 15800K, committed 16128K, reserved 1062912K
  class space    used 1982K, capacity 2004K, committed 2048K, reserved 1048576K
Event: 2.251 GC heap after
Heap after GC invocations=7 (full 0):
 PSYoungGen      total 36352K, used 2784K [0x000000066ab00000, 0x000000066f200000, 0x00000007c0000000)
  eden space 32256K, 0% used [0x000000066ab00000,0x000000066ab00000,0x000000066ca80000)
  from space 4096K, 67% used [0x000000066ca80000,0x000000066cd38010,0x000000066ce80000)
  to   space 4608K, 0% used [0x000000066ed80000,0x000000066ed80000,0x000000066f200000)
 ParOldGen       total 42496K, used 6747K [0x00000003c0000000, 0x00000003c2980000, 0x000000066ab00000)
  object space 42496K, 15% used [0x00000003c0000000,0x00000003c0696ca8,0x00000003c2980000)
 Metaspace       used 15692K, capacity 15800K, committed 16128K, reserved 1062912K
  class space    used 1982K, capacity 2004K, committed 2048K, reserved 1048576K
}
Event: 2.502 GC heap before
{Heap before GC invocations=8 (full 0):
 PSYoungGen      total 36352K, used 35040K [0x000000066ab00000, 0x000000066f200000, 0x00000007c0000000)
  eden space 32256K, 100% used [0x000000066ab00000,0x000000066ca80000,0x000000066ca80000)
  from space 4096K, 67% used [0x000000066ca80000,0x000000066cd38010,0x000000066ce80000)
  to   space 4608K, 0% used [0x000000066ed80000,0x000000066ed80000,0x000000066f200000)
 ParOldGen       total 42496K, used 6747K [0x00000003c0000000, 0x00000003c2980000, 0x000000066ab00000)
  object space 42496K, 15% used [0x00000003c0000000,0x00000003c0696ca8,0x00000003c2980000)
 Metaspace       used 15919K, capacity 16056K, committed 16384K, reserved 1062912K
  class space    used 1983K, capacity 2004K, committed 2048K, reserved 1048576K
Event: 2.506 GC heap after
Heap after GC invocations=8 (full 0):
 PSYoungGen      total 68096K, used 2624K [0x000000066ab00000, 0x000000066f300000, 0x00000007c0000000)
  eden space 63488K, 0% used [0x000000066ab00000,0x000000066ab00000,0x000000066e900000)
  from space 4608K, 56% used [0x000000066ed80000,0x000000066f010020,0x000000066f200000)
  to   space 4608K, 0% used [0x000000066e900000,0x000000066e900000,0x000000066ed80000)
 ParOldGen       total 42496K, used 7374K [0x00000003c0000000, 0x00000003c2980000, 0x000000066ab00000)
  object space 42496K, 17% used [0x00000003c0000000,0x00000003c0733a18,0x00000003c2980000)
 Metaspace       used 15919K, capacity 16056K, committed 16384K, reserved 1062912K
  class space    used 1983K, capacity 2004K, committed 2048K, reserved 1048576K
}
Event: 3.285 GC heap before
{Heap before GC invocations=9 (full 0):
 PSYoungGen      total 68096K, used 66112K [0x000000066ab00000, 0x000000066f300000, 0x00000007c0000000)
  eden space 63488K, 100% used [0x000000066ab00000,0x000000066e900000,0x000000066e900000)
  from space 4608K, 56% used [0x000000066ed80000,0x000000066f010020,0x000000066f200000)
  to   space 4608K, 0% used [0x000000066e900000,0x000000066e900000,0x000000066ed80000)
 ParOldGen       total 42496K, used 7374K [0x00000003c0000000, 0x00000003c2980000, 0x000000066ab00000)
  object space 42496K, 17% used [0x00000003c0000000,0x00000003c0733a18,0x00000003c2980000)
 Metaspace       used 20374K, capacity 20536K, committed 20864K, reserved 1067008K
  class space    used 2591K, capacity 2664K, committed 2688K, reserved 1048576K
Event: 3.292 GC heap after
Heap after GC invocations=9 (full 0):
 PSYoungGen      total 68096K, used 4596K [0x000000066ab00000, 0x0000000671980000, 0x00000007c0000000)
  eden space 63488K, 0% used [0x000000066ab00000,0x000000066ab00000,0x000000066e900000)
  from space 4608K, 99% used [0x000000066e900000,0x000000066ed7d1d8,0x000000066ed80000)
  to   space 5632K, 0% used [0x0000000671400000,0x0000000671400000,0x0000000671980000)
 ParOldGen       total 42496K, used 8778K [0x00000003c0000000, 0x00000003c2980000, 0x000000066ab00000)
  object space 42496K, 20% used [0x00000003c0000000,0x00000003c0892918,0x00000003c2980000)
 Metaspace       used 20374K, capacity 20536K, committed 20864K, reserved 1067008K
  class space    used 2591K, capacity 2664K, committed 2688K, reserved 1048576K
}
Event: 3.384 GC heap before
{Heap before GC invocations=10 (full 0):
 PSYoungGen      total 68096K, used 15335K [0x000000066ab00000, 0x0000000671980000, 0x00000007c0000000)
  eden space 63488K, 16% used [0x000000066ab00000,0x000000066b57cbc8,0x000000066e900000)
  from space 4608K, 99% used [0x000000066e900000,0x000000066ed7d1d8,0x000000066ed80000)
  to   space 5632K, 0% used [0x0000000671400000,0x0000000671400000,0x0000000671980000)
 ParOldGen       total 42496K, used 8778K [0x00000003c0000000, 0x00000003c2980000, 0x000000066ab00000)
  object space 42496K, 20% used [0x00000003c0000000,0x00000003c0892918,0x00000003c2980000)
 Metaspace       used 20883K, capacity 21080K, committed 21248K, reserved 1067008K
  class space    used 2664K, capacity 2760K, committed 2816K, reserved 1048576K
Event: 3.387 GC heap after
Heap after GC invocations=10 (full 0):
 PSYoungGen      total 107520K, used 1733K [0x000000066ab00000, 0x0000000671980000, 0x00000007c0000000)
  eden space 101888K, 0% used [0x000000066ab00000,0x000000066ab00000,0x0000000670e80000)
  from space 5632K, 30% used [0x0000000671400000,0x00000006715b1560,0x0000000671980000)
  to   space 5632K, 0% used [0x0000000670e80000,0x0000000670e80000,0x0000000671400000)
 ParOldGen       total 42496K, used 9419K [0x00000003c0000000, 0x00000003c2980000, 0x000000066ab00000)
  object space 42496K, 22% used [0x00000003c0000000,0x00000003c0932eb0,0x00000003c2980000)
 Metaspace       used 20883K, capacity 21080K, committed 21248K, reserved 1067008K
  class space    used 2664K, capacity 2760K, committed 2816K, reserved 1048576K
}
Event: 3.387 GC heap before
{Heap before GC invocations=11 (full 1):
 PSYoungGen      total 107520K, used 1733K [0x000000066ab00000, 0x0000000671980000, 0x00000007c0000000)
  eden space 101888K, 0% used [0x000000066ab00000,0x000000066ab00000,0x0000000670e80000)
  from space 5632K, 30% used [0x0000000671400000,0x00000006715b1560,0x0000000671980000)
  to   space 5632K, 0% used [0x0000000670e80000,0x0000000670e80000,0x0000000671400000)
 ParOldGen       total 42496K, used 9419K [0x00000003c0000000, 0x00000003c2980000, 0x000000066ab00000)
  object space 42496K, 22% used [0x00000003c0000000,0x00000003c0932eb0,0x00000003c2980000)
 Metaspace       used 20883K, capacity 21080K, committed 21248K, reserved 1067008K
  class space    used 2664K, capacity 2760K, committed 2816K, reserved 1048576K
Event: 3.416 GC heap after
Heap after GC invocations=11 (full 1):
 PSYoungGen      total 107520K, used 0K [0x000000066ab00000, 0x0000000671980000, 0x00000007c0000000)
  eden space 101888K, 0% used [0x000000066ab00000,0x000000066ab00000,0x0000000670e80000)
  from space 5632K, 0% used [0x0000000671400000,0x0000000671400000,0x0000000671980000)
  to   space 5632K, 0% used [0x0000000670e80000,0x0000000670e80000,0x0000000671400000)
 ParOldGen       total 27136K, used 4379K [0x00000003c0000000, 0x00000003c1a80000, 0x000000066ab00000)
  object space 27136K, 16% used [0x00000003c0000000,0x00000003c0446da0,0x00000003c1a80000)
 Metaspace       used 20883K, capacity 21080K, committed 21248K, reserved 1067008K
  class space    used 2664K, capacity 2760K, committed 2816K, reserved 1048576K
}
Event: 5.026 GC heap before
{Heap before GC invocations=12 (full 1):
 PSYoungGen      total 107520K, used 101888K [0x000000066ab00000, 0x0000000671980000, 0x00000007c0000000)
  eden space 101888K, 100% used [0x000000066ab00000,0x0000000670e80000,0x0000000670e80000)
  from space 5632K, 0% used [0x0000000671400000,0x0000000671400000,0x0000000671980000)
  to   space 5632K, 0% used [0x0000000670e80000,0x0000000670e80000,0x0000000671400000)
 ParOldGen       total 27136K, used 4379K [0x00000003c0000000, 0x00000003c1a80000, 0x000000066ab00000)
  object space 27136K, 16% used [0x00000003c0000000,0x00000003c0446da0,0x00000003c1a80000)
 Metaspace       used 31109K, capacity 31306K, committed 31616K, reserved 1077248K
  class space    used 4061K, capacity 4139K, committed 4224K, reserved 1048576K
Event: 5.035 GC heap after
Heap after GC invocations=12 (full 1):
 PSYoungGen      total 107520K, used 5614K [0x000000066ab00000, 0x0000000674680000, 0x00000007c0000000)
  eden space 101888K, 0% used [0x000000066ab00000,0x000000066ab00000,0x0000000670e80000)
  from space 5632K, 99% used [0x0000000670e80000,0x00000006713fb850,0x0000000671400000)
  to   space 7680K, 0% used [0x0000000673f00000,0x0000000673f00000,0x0000000674680000)
 ParOldGen       total 27136K, used 8845K [0x00000003c0000000, 0x00000003c1a80000, 0x000000066ab00000)
  object space 27136K, 32% used [0x00000003c0000000,0x00000003c08a34f8,0x00000003c1a80000)
 Metaspace       used 31109K, capacity 31306K, committed 31616K, reserved 1077248K
  class space    used 4061K, capacity 4139K, committed 4224K, reserved 1048576K
}
Event: 8.382 GC heap before
{Heap before GC invocations=13 (full 1):
 PSYoungGen      total 107520K, used 86232K [0x000000066ab00000, 0x0000000674680000, 0x00000007c0000000)
  eden space 101888K, 79% used [0x000000066ab00000,0x000000066f9bab90,0x0000000670e80000)
  from space 5632K, 99% used [0x0000000670e80000,0x00000006713fb850,0x0000000671400000)
  to   space 7680K, 0% used [0x0000000673f00000,0x0000000673f00000,0x0000000674680000)
 ParOldGen       total 27136K, used 8845K [0x00000003c0000000, 0x00000003c1a80000, 0x000000066ab00000)
  object space 27136K, 32% used [0x00000003c0000000,0x00000003c08a34f8,0x00000003c1a80000)
 Metaspace       used 34952K, capacity 35186K, committed 35416K, reserved 1079296K
  class space    used 4566K, capacity 4661K, committed 4696K, reserved 1048576K
Event: 8.396 GC heap after
Heap after GC invocations=13 (full 1):
 PSYoungGen      total 147456K, used 5130K [0x000000066ab00000, 0x0000000674500000, 0x00000007c0000000)
  eden space 141312K, 0% used [0x000000066ab00000,0x000000066ab00000,0x0000000673500000)
  from space 6144K, 83% used [0x0000000673f00000,0x0000000674402a00,0x0000000674500000)
  to   space 8192K, 0% used [0x0000000673500000,0x0000000673500000,0x0000000673d00000)
 ParOldGen       total 27136K, used 10655K [0x00000003c0000000, 0x00000003c1a80000, 0x000000066ab00000)
  object space 27136K, 39% used [0x00000003c0000000,0x00000003c0a67f78,0x00000003c1a80000)
 Metaspace       used 34952K, capacity 35186K, committed 35416K, reserved 1079296K
  class space    used 4566K, capacity 4661K, committed 4696K, reserved 1048576K
}
Event: 8.396 GC heap before
{Heap before GC invocations=14 (full 2):
 PSYoungGen      total 147456K, used 5130K [0x000000066ab00000, 0x0000000674500000, 0x00000007c0000000)
  eden space 141312K, 0% used [0x000000066ab00000,0x000000066ab00000,0x0000000673500000)
  from space 6144K, 83% used [0x0000000673f00000,0x0000000674402a00,0x0000000674500000)
  to   space 8192K, 0% used [0x0000000673500000,0x0000000673500000,0x0000000673d00000)
 ParOldGen       total 27136K, used 10655K [0x00000003c0000000, 0x00000003c1a80000, 0x000000066ab00000)
  object space 27136K, 39% used [0x00000003c0000000,0x00000003c0a67f78,0x00000003c1a80000)
 Metaspace       used 34952K, capacity 35186K, committed 35416K, reserved 1079296K
  class space    used 4566K, capacity 4661K, committed 4696K, reserved 1048576K
Event: 8.428 GC heap after
Heap after GC invocations=14 (full 2):
 PSYoungGen      total 147456K, used 0K [0x000000066ab00000, 0x0000000674500000, 0x00000007c0000000)
  eden space 141312K, 0% used [0x000000066ab00000,0x000000066ab00000,0x0000000673500000)
  from space 6144K, 0% used [0x0000000673f00000,0x0000000673f00000,0x0000000674500000)
  to   space 8192K, 0% used [0x0000000673500000,0x0000000673500000,0x0000000673d00000)
 ParOldGen       total 41472K, used 10523K [0x00000003c0000000, 0x00000003c2880000, 0x000000066ab00000)
  object space 41472K, 25% used [0x00000003c0000000,0x00000003c0a46f50,0x00000003c2880000)
 Metaspace       used 34952K, capacity 35186K, committed 35416K, reserved 1079296K
  class space    used 4566K, capacity 4661K, committed 4696K, reserved 1048576K
}
Event: 10.340 GC heap before
{Heap before GC invocations=15 (full 2):
 PSYoungGen      total 147456K, used 141312K [0x000000066ab00000, 0x0000000674500000, 0x00000007c0000000)
  eden space 141312K, 100% used [0x000000066ab00000,0x0000000673500000,0x0000000673500000)
  from space 6144K, 0% used [0x0000000673f00000,0x0000000673f00000,0x0000000674500000)
  to   space 8192K, 0% used [0x0000000673500000,0x0000000673500000,0x0000000673d00000)
 ParOldGen       total 41472K, used 10523K [0x00000003c0000000, 0x00000003c2880000, 0x000000066ab00000)
  object space 41472K, 25% used [0x00000003c0000000,0x00000003c0a46f50,0x00000003c2880000)
 Metaspace       used 48641K, capacity 49006K, committed 49368K, reserved 1091584K
  class space    used 6686K, capacity 6782K, committed 6872K, reserved 1048576K
Event: 10.366 GC heap after
Heap after GC invocations=15 (full 2):
 PSYoungGen      total 149504K, used 8162K [0x000000066ab00000, 0x0000000678380000, 0x00000007c0000000)
  eden space 141312K, 0% used [0x000000066ab00000,0x000000066ab00000,0x0000000673500000)
  from space 8192K, 99% used [0x0000000673500000,0x0000000673cf8908,0x0000000673d00000)
  to   space 12288K, 0% used [0x0000000677780000,0x0000000677780000,0x0000000678380000)
 ParOldGen       total 41472K, used 19778K [0x00000003c0000000, 0x00000003c2880000, 0x000000066ab00000)
  object space 41472K, 47% used [0x00000003c0000000,0x00000003c1350978,0x00000003c2880000)
 Metaspace       used 48641K, capacity 49006K, committed 49368K, reserved 1091584K
  class space    used 6686K, capacity 6782K, committed 6872K, reserved 1048576K
}
Event: 14.971 GC heap before
{Heap before GC invocations=16 (full 2):
 PSYoungGen      total 149504K, used 149474K [0x000000066ab00000, 0x0000000678380000, 0x00000007c0000000)
  eden space 141312K, 100% used [0x000000066ab00000,0x0000000673500000,0x0000000673500000)
  from space 8192K, 99% used [0x0000000673500000,0x0000000673cf8908,0x0000000673d00000)
  to   space 12288K, 0% used [0x0000000677780000,0x0000000677780000,0x0000000678380000)
 ParOldGen       total 41472K, used 19778K [0x00000003c0000000, 0x00000003c2880000, 0x000000066ab00000)
  object space 41472K, 47% used [0x00000003c0000000,0x00000003c1350978,0x00000003c2880000)
 Metaspace       used 55137K, capacity 55580K, committed 55768K, reserved 1097728K
  class space    used 7712K, capacity 7851K, committed 7896K, reserved 1048576K
Event: 14.996 GC heap after
Heap after GC invocations=16 (full 2):
 PSYoungGen      total 204288K, used 7670K [0x000000066ab00000, 0x0000000678180000, 0x00000007c0000000)
  eden space 194048K, 0% used [0x000000066ab00000,0x000000066ab00000,0x0000000676880000)
  from space 10240K, 74% used [0x0000000677780000,0x0000000677efd968,0x0000000678180000)
  to   space 12800K, 0% used [0x0000000676880000,0x0000000676880000,0x0000000677500000)
 ParOldGen       total 58368K, used 57429K [0x00000003c0000000, 0x00000003c3900000, 0x000000066ab00000)
  object space 58368K, 98% used [0x00000003c0000000,0x00000003c38154d0,0x00000003c3900000)
 Metaspace       used 55137K, capacity 55580K, committed 55768K, reserved 1097728K
  class space    used 7712K, capacity 7851K, committed 7896K, reserved 1048576K
}
Event: 14.996 GC heap before
{Heap before GC invocations=17 (full 3):
 PSYoungGen      total 204288K, used 7670K [0x000000066ab00000, 0x0000000678180000, 0x00000007c0000000)
  eden space 194048K, 0% used [0x000000066ab00000,0x000000066ab00000,0x0000000676880000)
  from space 10240K, 74% used [0x0000000677780000,0x0000000677efd968,0x0000000678180000)
  to   space 12800K, 0% used [0x0000000676880000,0x0000000676880000,0x0000000677500000)
 ParOldGen       total 58368K, used 57429K [0x00000003c0000000, 0x00000003c3900000, 0x000000066ab00000)
  object space 58368K, 98% used [0x00000003c0000000,0x00000003c38154d0,0x00000003c3900000)
 Metaspace       used 55137K, capacity 55580K, committed 55768K, reserved 1097728K
  class space    used 7712K, capacity 7851K, committed 7896K, reserved 1048576K
Event: 15.084 GC heap after
Heap after GC invocations=17 (full 3):
 PSYoungGen      total 204288K, used 0K [0x000000066ab00000, 0x0000000678180000, 0x00000007c0000000)
  eden space 194048K, 0% used [0x000000066ab00000,0x000000066ab00000,0x0000000676880000)
  from space 10240K, 0% used [0x0000000677780000,0x0000000677780000,0x0000000678180000)
  to   space 12800K, 0% used [0x0000000676880000,0x0000000676880000,0x0000000677500000)
 ParOldGen       total 105472K, used 51120K [0x00000003c0000000, 0x00000003c6700000, 0x000000066ab00000)
  object space 105472K, 48% used [0x00000003c0000000,0x00000003c31ec2b0,0x00000003c6700000)
 Metaspace       used 55133K, capacity 55574K, committed 55768K, reserved 1097728K
  class space    used 7712K, capacity 7850K, committed 7896K, reserved 1048576K
}
Event: 17.610 GC heap before
{Heap before GC invocations=18 (full 3):
 PSYoungGen      total 204288K, used 194048K [0x000000066ab00000, 0x0000000678180000, 0x00000007c0000000)
  eden space 194048K, 100% used [0x000000066ab00000,0x0000000676880000,0x0000000676880000)
  from space 10240K, 0% used [0x0000000677780000,0x0000000677780000,0x0000000678180000)
  to   space 12800K, 0% used [0x0000000676880000,0x0000000676880000,0x0000000677500000)
 ParOldGen       total 105472K, used 51120K [0x00000003c0000000, 0x00000003c6700000, 0x000000066ab00000)
  object space 105472K, 48% used [0x00000003c0000000,0x00000003c31ec2b0,0x00000003c6700000)
 Metaspace       used 74639K, capacity 75166K, committed 75480K, reserved 1114112K
  class space    used 10736K, capacity 10876K, committed 10968K, reserved 1048576K
Event: 17.633 GC heap after
Heap after GC invocations=18 (full 3):
 PSYoungGen      total 206848K, used 12791K [0x000000066ab00000, 0x000000067ca80000, 0x00000007c0000000)
  eden space 194048K, 0% used [0x000000066ab00000,0x000000066ab00000,0x0000000676880000)
  from space 12800K, 99% used [0x0000000676880000,0x00000006774fdc20,0x0000000677500000)
  to   space 18432K, 0% used [0x000000067b880000,0x000000067b880000,0x000000067ca80000)
 ParOldGen       total 105472K, used 61399K [0x00000003c0000000, 0x00000003c6700000, 0x000000066ab00000)
  object space 105472K, 58% used [0x00000003c0000000,0x00000003c3bf5de0,0x00000003c6700000)
 Metaspace       used 74639K, capacity 75166K, committed 75480K, reserved 1114112K
  class space    used 10736K, capacity 10876K, committed 10968K, reserved 1048576K
}
Event: 19.854 GC heap before
{Heap before GC invocations=19 (full 3):
 PSYoungGen      total 206848K, used 206839K [0x000000066ab00000, 0x000000067ca80000, 0x00000007c0000000)
  eden space 194048K, 100% used [0x000000066ab00000,0x0000000676880000,0x0000000676880000)
  from space 12800K, 99% used [0x0000000676880000,0x00000006774fdc20,0x0000000677500000)
  to   space 18432K, 0% used [0x000000067b880000,0x000000067b880000,0x000000067ca80000)
 ParOldGen       total 105472K, used 61399K [0x00000003c0000000, 0x00000003c6700000, 0x000000066ab00000)
  object space 105472K, 58% used [0x00000003c0000000,0x00000003c3bf5de0,0x00000003c6700000)
 Metaspace       used 77240K, capacity 77852K, committed 78040K, reserved 1116160K
  class space    used 11036K, capacity 11182K, committed 11224K, reserved 1048576K
Event: 19.867 GC heap after
Heap after GC invocations=19 (full 3):
 PSYoungGen      total 266752K, used 3354K [0x000000066ab00000, 0x000000067c580000, 0x00000007c0000000)
  eden space 253440K, 0% used [0x000000066ab00000,0x000000066ab00000,0x000000067a280000)
  from space 13312K, 25% used [0x000000067b880000,0x000000067bbc6b78,0x000000067c580000)
  to   space 17920K, 0% used [0x000000067a280000,0x000000067a280000,0x000000067b400000)
 ParOldGen       total 105472K, used 67730K [0x00000003c0000000, 0x00000003c6700000, 0x000000066ab00000)
  object space 105472K, 64% used [0x00000003c0000000,0x00000003c42248a8,0x00000003c6700000)
 Metaspace       used 77240K, capacity 77852K, committed 78040K, reserved 1116160K
  class space    used 11036K, capacity 11182K, committed 11224K, reserved 1048576K
}
Event: 21.179 GC heap before
{Heap before GC invocations=20 (full 3):
 PSYoungGen      total 266752K, used 220794K [0x000000066ab00000, 0x000000067c580000, 0x00000007c0000000)
  eden space 253440K, 85% used [0x000000066ab00000,0x0000000677f57df0,0x000000067a280000)
  from space 13312K, 25% used [0x000000067b880000,0x000000067bbc6b78,0x000000067c580000)
  to   space 17920K, 0% used [0x000000067a280000,0x000000067a280000,0x000000067b400000)
 ParOldGen       total 105472K, used 67730K [0x00000003c0000000, 0x00000003c6700000, 0x000000066ab00000)
  object space 105472K, 64% used [0x00000003c0000000,0x00000003c42248a8,0x00000003c6700000)
 Metaspace       used 78654K, capacity 79354K, committed 79576K, reserved 1118208K
  class space    used 11254K, capacity 11425K, committed 11480K, reserved 1048576K
Event: 21.200 GC heap after
Heap after GC invocations=20 (full 3):
 PSYoungGen      total 271360K, used 17892K [0x000000066ab00000, 0x0000000680d80000, 0x00000007c0000000)
  eden space 253440K, 0% used [0x000000066ab00000,0x000000066ab00000,0x000000067a280000)
  from space 17920K, 99% used [0x000000067a280000,0x000000067b3f9280,0x000000067b400000)
  to   space 27136K, 0% used [0x000000067f300000,0x000000067f300000,0x0000000680d80000)
 ParOldGen       total 105472K, used 84227K [0x00000003c0000000, 0x00000003c6700000, 0x000000066ab00000)
  object space 105472K, 79% used [0x00000003c0000000,0x00000003c5240ee0,0x00000003c6700000)
 Metaspace       used 78654K, capacity 79354K, committed 79576K, reserved 1118208K
  class space    used 11254K, capacity 11425K, committed 11480K, reserved 1048576K
}
Event: 22.322 GC heap before
{Heap before GC invocations=21 (full 3):
 PSYoungGen      total 271360K, used 267387K [0x000000066ab00000, 0x0000000680d80000, 0x00000007c0000000)
  eden space 253440K, 98% used [0x000000066ab00000,0x0000000679ea5ce8,0x000000067a280000)
  from space 17920K, 99% used [0x000000067a280000,0x000000067b3f9280,0x000000067b400000)
  to   space 27136K, 0% used [0x000000067f300000,0x000000067f300000,0x0000000680d80000)
 ParOldGen       total 105472K, used 84227K [0x00000003c0000000, 0x00000003c6700000, 0x000000066ab00000)
  object space 105472K, 79% used [0x00000003c0000000,0x00000003c5240ee0,0x00000003c6700000)
 Metaspace       used 80490K, capacity 81234K, committed 81368K, reserved 1118208K
  class space    used 11506K, capacity 11683K, committed 11736K, reserved 1048576K
Event: 22.418 GC heap after
Heap after GC invocations=21 (full 3):
 PSYoungGen      total 335360K, used 16119K [0x000000066ab00000, 0x0000000682300000, 0x00000007c0000000)
  eden space 308224K, 0% used [0x000000066ab00000,0x000000066ab00000,0x000000067d800000)
  from space 27136K, 59% used [0x000000067f300000,0x00000006802bdd20,0x0000000680d80000)
  to   space 27648K, 0% used [0x000000067d800000,0x000000067d800000,0x000000067f300000)
 ParOldGen       total 272896K, used 263974K [0x00000003c0000000, 0x00000003d0a80000, 0x000000066ab00000)
  object space 272896K, 96% used [0x00000003c0000000,0x00000003d01c9990,0x00000003d0a80000)
 Metaspace       used 80490K, capacity 81234K, committed 81368K, reserved 1118208K
  class space    used 11506K, capacity 11683K, committed 11736K, reserved 1048576K
}
Event: 22.418 GC heap before
{Heap before GC invocations=22 (full 4):
 PSYoungGen      total 335360K, used 16119K [0x000000066ab00000, 0x0000000682300000, 0x00000007c0000000)
  eden space 308224K, 0% used [0x000000066ab00000,0x000000066ab00000,0x000000067d800000)
  from space 27136K, 59% used [0x000000067f300000,0x00000006802bdd20,0x0000000680d80000)
  to   space 27648K, 0% used [0x000000067d800000,0x000000067d800000,0x000000067f300000)
 ParOldGen       total 272896K, used 263974K [0x00000003c0000000, 0x00000003d0a80000, 0x000000066ab00000)
  object space 272896K, 96% used [0x00000003c0000000,0x00000003d01c9990,0x00000003d0a80000)
 Metaspace       used 80490K, capacity 81234K, committed 81368K, reserved 1118208K
  class space    used 11506K, capacity 11683K, committed 11736K, reserved 1048576K
Event: 22.535 GC heap after
Heap after GC invocations=22 (full 4):
 PSYoungGen      total 335360K, used 0K [0x000000066ab00000, 0x0000000682300000, 0x00000007c0000000)
  eden space 308224K, 0% used [0x000000066ab00000,0x000000066ab00000,0x000000067d800000)
  from space 27136K, 0% used [0x000000067f300000,0x000000067f300000,0x0000000680d80000)
  to   space 27648K, 0% used [0x000000067d800000,0x000000067d800000,0x000000067f300000)
 ParOldGen       total 313856K, used 189045K [0x00000003c0000000, 0x00000003d3280000, 0x000000066ab00000)
  object space 313856K, 60% used [0x00000003c0000000,0x00000003cb89d718,0x00000003d3280000)
 Metaspace       used 80481K, capacity 81216K, committed 81368K, reserved 1118208K
  class space    used 11504K, capacity 11680K, committed 11736K, reserved 1048576K
}
Event: 23.176 GC heap before
{Heap before GC invocations=23 (full 4):
 PSYoungGen      total 335360K, used 308224K [0x000000066ab00000, 0x0000000682300000, 0x00000007c0000000)
  eden space 308224K, 100% used [0x000000066ab00000,0x000000067d800000,0x000000067d800000)
  from space 27136K, 0% used [0x000000067f300000,0x000000067f300000,0x0000000680d80000)
  to   space 27648K, 0% used [0x000000067d800000,0x000000067d800000,0x000000067f300000)
 ParOldGen       total 313856K, used 189045K [0x00000003c0000000, 0x00000003d3280000, 0x000000066ab00000)
  object space 313856K, 60% used [0x00000003c0000000,0x00000003cb89d718,0x00000003d3280000)
 Metaspace       used 81086K, capacity 81908K, committed 82264K, reserved 1120256K
  class space    used 11570K, capacity 11762K, committed 11864K, reserved 1048576K
Event: 23.224 GC heap after
Heap after GC invocations=23 (full 4):
 PSYoungGen      total 335872K, used 27372K [0x000000066ab00000, 0x0000000687380000, 0x00000007c0000000)
  eden space 308224K, 0% used [0x000000066ab00000,0x000000066ab00000,0x000000067d800000)
  from space 27648K, 99% used [0x000000067d800000,0x000000067f2bb3d0,0x000000067f300000)
  to   space 32256K, 0% used [0x0000000685400000,0x0000000685400000,0x0000000687380000)
 ParOldGen       total 313856K, used 254589K [0x00000003c0000000, 0x00000003d3280000, 0x000000066ab00000)
  object space 313856K, 81% used [0x00000003c0000000,0x00000003cf89f728,0x00000003d3280000)
 Metaspace       used 81086K, capacity 81908K, committed 82264K, reserved 1120256K
  class space    used 11570K, capacity 11762K, committed 11864K, reserved 1048576K
}
Event: 23.224 GC heap before
{Heap before GC invocations=24 (full 5):
 PSYoungGen      total 335872K, used 27372K [0x000000066ab00000, 0x0000000687380000, 0x00000007c0000000)
  eden space 308224K, 0% used [0x000000066ab00000,0x000000066ab00000,0x000000067d800000)
  from space 27648K, 99% used [0x000000067d800000,0x000000067f2bb3d0,0x000000067f300000)
  to   space 32256K, 0% used [0x0000000685400000,0x0000000685400000,0x0000000687380000)
 ParOldGen       total 313856K, used 254589K [0x00000003c0000000, 0x00000003d3280000, 0x000000066ab00000)
  object space 313856K, 81% used [0x00000003c0000000,0x00000003cf89f728,0x00000003d3280000)
 Metaspace       used 81086K, capacity 81908K, committed 82264K, reserved 1120256K
  class space    used 11570K, capacity 11762K, committed 11864K, reserved 1048576K
Event: 23.412 GC heap after
Heap after GC invocations=24 (full 5):
 PSYoungGen      total 335872K, used 0K [0x000000066ab00000, 0x0000000687380000, 0x00000007c0000000)
  eden space 308224K, 0% used [0x000000066ab00000,0x000000066ab00000,0x000000067d800000)
  from space 27648K, 0% used [0x000000067d800000,0x000000067d800000,0x000000067f300000)
  to   space 32256K, 0% used [0x0000000685400000,0x0000000685400000,0x0000000687380000)
 ParOldGen       total 358400K, used 213677K [0x00000003c0000000, 0x00000003d5e00000, 0x000000066ab00000)
  object space 358400K, 59% used [0x00000003c0000000,0x00000003cd0ab708,0x00000003d5e00000)
 Metaspace       used 81086K, capacity 81908K, committed 82264K, reserved 1120256K
  class space    used 11570K, capacity 11762K, committed 11864K, reserved 1048576K
}
Event: 24.267 GC heap before
{Heap before GC invocations=25 (full 5):
 PSYoungGen      total 335872K, used 307844K [0x000000066ab00000, 0x0000000687380000, 0x00000007c0000000)
  eden space 308224K, 99% used [0x000000066ab00000,0x000000067d7a1280,0x000000067d800000)
  from space 27648K, 0% used [0x000000067d800000,0x000000067d800000,0x000000067f300000)
  to   space 32256K, 0% used [0x0000000685400000,0x0000000685400000,0x0000000687380000)
 ParOldGen       total 358400K, used 213677K [0x00000003c0000000, 0x00000003d5e00000, 0x000000066ab00000)
  object space 358400K, 59% used [0x00000003c0000000,0x00000003cd0ab708,0x00000003d5e00000)
 Metaspace       used 81174K, capacity 81976K, committed 82264K, reserved 1120256K
  class space    used 11570K, capacity 11762K, committed 11864K, reserved 1048576K
Event: 24.301 GC heap after
Heap after GC invocations=25 (full 5):
 PSYoungGen      total 360960K, used 7949K [0x000000066ab00000, 0x0000000685c00000, 0x00000007c0000000)
  eden space 352768K, 0% used [0x000000066ab00000,0x000000066ab00000,0x0000000680380000)
  from space 8192K, 97% used [0x0000000685400000,0x0000000685bc3708,0x0000000685c00000)
  to   space 30720K, 0% used [0x0000000682000000,0x0000000682000000,0x0000000683e00000)
 ParOldGen       total 358400K, used 213685K [0x00000003c0000000, 0x00000003d5e00000, 0x000000066ab00000)
  object space 358400K, 59% used [0x00000003c0000000,0x00000003cd0ad708,0x00000003d5e00000)
 Metaspace       used 81174K, capacity 81976K, committed 82264K, reserved 1120256K
  class space    used 11570K, capacity 11762K, committed 11864K, reserved 1048576K
}
Event: 24.983 GC heap before
{Heap before GC invocations=26 (full 5):
 PSYoungGen      total 360960K, used 360717K [0x000000066ab00000, 0x0000000685c00000, 0x00000007c0000000)
  eden space 352768K, 100% used [0x000000066ab00000,0x0000000680380000,0x0000000680380000)
  from space 8192K, 97% used [0x0000000685400000,0x0000000685bc3708,0x0000000685c00000)
  to   space 30720K, 0% used [0x0000000682000000,0x0000000682000000,0x0000000683e00000)
 ParOldGen       total 358400K, used 213685K [0x00000003c0000000, 0x00000003d5e00000, 0x000000066ab00000)
  object space 358400K, 59% used [0x00000003c0000000,0x00000003cd0ad708,0x00000003d5e00000)
 Metaspace       used 81182K, capacity 81976K, committed 82264K, reserved 1120256K
  class space    used 11571K, capacity 11762K, committed 11864K, reserved 1048576K
Event: 25.002 GC heap after
Heap after GC invocations=26 (full 5):
 PSYoungGen      total 412672K, used 10613K [0x000000066ab00000, 0x0000000686c80000, 0x00000007c0000000)
  eden space 381952K, 0% used [0x000000066ab00000,0x000000066ab00000,0x0000000682000000)
  from space 30720K, 34% used [0x0000000682000000,0x0000000682a5d4b0,0x0000000683e00000)
  to   space 29184K, 0% used [0x0000000685000000,0x0000000685000000,0x0000000686c80000)
 ParOldGen       total 358400K, used 213685K [0x00000003c0000000, 0x00000003d5e00000, 0x000000066ab00000)
  object space 358400K, 59% used [0x00000003c0000000,0x00000003cd0ad708,0x00000003d5e00000)
 Metaspace       used 81182K, capacity 81976K, committed 82264K, reserved 1120256K
  class space    used 11571K, capacity 11762K, committed 11864K, reserved 1048576K
}
Event: 25.817 GC heap before
{Heap before GC invocations=27 (full 5):
 PSYoungGen      total 412672K, used 392565K [0x000000066ab00000, 0x0000000686c80000, 0x00000007c0000000)
  eden space 381952K, 100% used [0x000000066ab00000,0x0000000682000000,0x0000000682000000)
  from space 30720K, 34% used [0x0000000682000000,0x0000000682a5d4b0,0x0000000683e00000)
  to   space 29184K, 0% used [0x0000000685000000,0x0000000685000000,0x0000000686c80000)
 ParOldGen       total 358400K, used 213685K [0x00000003c0000000, 0x00000003d5e00000, 0x000000066ab00000)
  object space 358400K, 59% used [0x00000003c0000000,0x00000003cd0ad708,0x00000003d5e00000)
 Metaspace       used 81189K, capacity 81976K, committed 82264K, reserved 1120256K
  class space    used 11571K, capacity 11762K, committed 11864K, reserved 1048576K
Event: 25.847 GC heap after
Heap after GC invocations=27 (full 5):
 PSYoungGen      total 432640K, used 12239K [0x000000066ab00000, 0x0000000688a80000, 0x00000007c0000000)
  eden space 403456K, 0% used [0x000000066ab00000,0x000000066ab00000,0x0000000683500000)
  from space 29184K, 41% used [0x0000000685000000,0x0000000685bf3d60,0x0000000686c80000)
  to   space 27648K, 0% used [0x0000000683500000,0x0000000683500000,0x0000000685000000)
 ParOldGen       total 358400K, used 213685K [0x00000003c0000000, 0x00000003d5e00000, 0x000000066ab00000)
  object space 358400K, 59% used [0x00000003c0000000,0x00000003cd0ad708,0x00000003d5e00000)
 Metaspace       used 81189K, capacity 81976K, committed 82264K, reserved 1120256K
  class space    used 11571K, capacity 11762K, committed 11864K, reserved 1048576K
}
Event: 26.451 GC heap before
{Heap before GC invocations=28 (full 5):
 PSYoungGen      total 432640K, used 415695K [0x000000066ab00000, 0x0000000688a80000, 0x00000007c0000000)
  eden space 403456K, 100% used [0x000000066ab00000,0x0000000683500000,0x0000000683500000)
  from space 29184K, 41% used [0x0000000685000000,0x0000000685bf3d60,0x0000000686c80000)
  to   space 27648K, 0% used [0x0000000683500000,0x0000000683500000,0x0000000685000000)
 ParOldGen       total 358400K, used 213685K [0x00000003c0000000, 0x00000003d5e00000, 0x000000066ab00000)
  object space 358400K, 59% used [0x00000003c0000000,0x00000003cd0ad708,0x00000003d5e00000)
 Metaspace       used 81191K, capacity 81976K, committed 82264K, reserved 1120256K
  class space    used 11571K, capacity 11762K, committed 11864K, reserved 1048576K
Event: 26.517 GC heap after
Heap after GC invocations=28 (full 5):
 PSYoungGen      total 431104K, used 14480K [0x000000066ab00000, 0x000000068b080000, 0x00000007c0000000)
  eden space 403456K, 0% used [0x000000066ab00000,0x000000066ab00000,0x0000000683500000)
  from space 27648K, 52% used [0x0000000683500000,0x0000000684324310,0x0000000685000000)
  to   space 27136K, 0% used [0x0000000689600000,0x0000000689600000,0x000000068b080000)
 ParOldGen       total 358400K, used 213685K [0x00000003c0000000, 0x00000003d5e00000, 0x000000066ab00000)
  object space 358400K, 59% used [0x00000003c0000000,0x00000003cd0ad708,0x00000003d5e00000)
 Metaspace       used 81191K, capacity 81976K, committed 82264K, reserved 1120256K
  class space    used 11571K, capacity 11762K, committed 11864K, reserved 1048576K
}
Event: 27.119 GC heap before
{Heap before GC invocations=29 (full 5):
 PSYoungGen      total 431104K, used 417936K [0x000000066ab00000, 0x000000068b080000, 0x00000007c0000000)
  eden space 403456K, 100% used [0x000000066ab00000,0x0000000683500000,0x0000000683500000)
  from space 27648K, 52% used [0x0000000683500000,0x0000000684324310,0x0000000685000000)
  to   space 27136K, 0% used [0x0000000689600000,0x0000000689600000,0x000000068b080000)
 ParOldGen       total 358400K, used 213685K [0x00000003c0000000, 0x00000003d5e00000, 0x000000066ab00000)
  object space 358400K, 59% used [0x00000003c0000000,0x00000003cd0ad708,0x00000003d5e00000)
 Metaspace       used 81196K, capacity 81976K, committed 82264K, reserved 1120256K
  class space    used 11571K, capacity 11762K, committed 11864K, reserved 1048576K
Event: 27.165 GC heap after
Heap after GC invocations=29 (full 5):
 PSYoungGen      total 503296K, used 14924K [0x000000066ab00000, 0x000000068b300000, 0x00000007c0000000)
  eden space 476160K, 0% used [0x000000066ab00000,0x000000066ab00000,0x0000000687c00000)
  from space 27136K, 54% used [0x0000000689600000,0x000000068a493310,0x000000068b080000)
  to   space 26624K, 0% used [0x0000000687c00000,0x0000000687c00000,0x0000000689600000)
 ParOldGen       total 358400K, used 213685K [0x00000003c0000000, 0x00000003d5e00000, 0x000000066ab00000)
  object space 358400K, 59% used [0x00000003c0000000,0x00000003cd0ad708,0x00000003d5e00000)
 Metaspace       used 81196K, capacity 81976K, committed 82264K, reserved 1120256K
  class space    used 11571K, capacity 11762K, committed 11864K, reserved 1048576K
}
Event: 29.104 GC heap before
{Heap before GC invocations=30 (full 5):
 PSYoungGen      total 503296K, used 477879K [0x000000066ab00000, 0x000000068b300000, 0x00000007c0000000)
  eden space 476160K, 97% used [0x000000066ab00000,0x0000000686f1ac58,0x0000000687c00000)
  from space 27136K, 54% used [0x0000000689600000,0x000000068a493310,0x000000068b080000)
  to   space 26624K, 0% used [0x0000000687c00000,0x0000000687c00000,0x0000000689600000)
 ParOldGen       total 358400K, used 213685K [0x00000003c0000000, 0x00000003d5e00000, 0x000000066ab00000)
  object space 358400K, 59% used [0x00000003c0000000,0x00000003cd0ad708,0x00000003d5e00000)
 Metaspace       used 83113K, capacity 84050K, committed 84312K, reserved 1122304K
  class space    used 11830K, capacity 12050K, committed 12120K, reserved 1048576K
Event: 29.145 GC heap after
Heap after GC invocations=30 (full 5):
 PSYoungGen      total 502784K, used 22319K [0x000000066ab00000, 0x000000068f100000, 0x00000007c0000000)
  eden space 476160K, 0% used [0x000000066ab00000,0x000000066ab00000,0x0000000687c00000)
  from space 26624K, 83% used [0x0000000687c00000,0x00000006891cbef8,0x0000000689600000)
  to   space 29184K, 0% used [0x000000068d480000,0x000000068d480000,0x000000068f100000)
 ParOldGen       total 358400K, used 213693K [0x00000003c0000000, 0x00000003d5e00000, 0x000000066ab00000)
  object space 358400K, 59% used [0x00000003c0000000,0x00000003cd0af708,0x00000003d5e00000)
 Metaspace       used 83113K, capacity 84050K, committed 84312K, reserved 1122304K
  class space    used 11830K, capacity 12050K, committed 12120K, reserved 1048576K
}
Event: 30.149 GC heap before
{Heap before GC invocations=31 (full 5):
 PSYoungGen      total 502784K, used 498479K [0x000000066ab00000, 0x000000068f100000, 0x00000007c0000000)
  eden space 476160K, 100% used [0x000000066ab00000,0x0000000687c00000,0x0000000687c00000)
  from space 26624K, 83% used [0x0000000687c00000,0x00000006891cbef8,0x0000000689600000)
  to   space 29184K, 0% used [0x000000068d480000,0x000000068d480000,0x000000068f100000)
 ParOldGen       total 358400K, used 213693K [0x00000003c0000000, 0x00000003d5e00000, 0x000000066ab00000)
  object space 358400K, 59% used [0x00000003c0000000,0x00000003cd0af708,0x00000003d5e00000)
 Metaspace       used 85960K, capacity 86914K, committed 87128K, reserved 1124352K
  class space    used 12054K, capacity 12277K, committed 12376K, reserved 1048576K
Event: 30.217 GC heap after
Heap after GC invocations=31 (full 5):
 PSYoungGen      total 555520K, used 29154K [0x000000066ab00000, 0x0000000690a00000, 0x00000007c0000000)
  eden space 526336K, 0% used [0x000000066ab00000,0x000000066ab00000,0x000000068ad00000)
  from space 29184K, 99% used [0x000000068d480000,0x000000068f0f89e0,0x000000068f100000)
  to   space 40448K, 0% used [0x000000068ad00000,0x000000068ad00000,0x000000068d480000)
 ParOldGen       total 358400K, used 233163K [0x00000003c0000000, 0x00000003d5e00000, 0x000000066ab00000)
  object space 358400K, 65% used [0x00000003c0000000,0x00000003ce3b2da8,0x00000003d5e00000)
 Metaspace       used 85960K, capacity 86914K, committed 87128K, reserved 1124352K
  class space    used 12054K, capacity 12277K, committed 12376K, reserved 1048576K
}
Event: 31.735 GC heap before
{Heap before GC invocations=32 (full 5):
 PSYoungGen      total 555520K, used 555490K [0x000000066ab00000, 0x0000000690a00000, 0x00000007c0000000)
  eden space 526336K, 100% used [0x000000066ab00000,0x000000068ad00000,0x000000068ad00000)
  from space 29184K, 99% used [0x000000068d480000,0x000000068f0f89e0,0x000000068f100000)
  to   space 40448K, 0% used [0x000000068ad00000,0x000000068ad00000,0x000000068d480000)
 ParOldGen       total 358400K, used 233163K [0x00000003c0000000, 0x00000003d5e00000, 0x000000066ab00000)
  object space 358400K, 65% used [0x00000003c0000000,0x00000003ce3b2da8,0x00000003d5e00000)
 Metaspace       used 89499K, capacity 90478K, committed 90712K, reserved 1128448K
  class space    used 12333K, capacity 12565K, committed 12632K, reserved 1048576K
Event: 31.773 GC heap after
Heap after GC invocations=32 (full 5):
 PSYoungGen      total 566784K, used 17311K [0x000000066ab00000, 0x0000000693880000, 0x00000007c0000000)
  eden space 526336K, 0% used [0x000000066ab00000,0x000000066ab00000,0x000000068ad00000)
  from space 40448K, 42% used [0x000000068ad00000,0x000000068bde7d68,0x000000068d480000)
  to   space 38400K, 0% used [0x0000000691300000,0x0000000691300000,0x0000000693880000)
 ParOldGen       total 358400K, used 233966K [0x00000003c0000000, 0x00000003d5e00000, 0x000000066ab00000)
  object space 358400K, 65% used [0x00000003c0000000,0x00000003ce47b908,0x00000003d5e00000)
 Metaspace       used 89499K, capacity 90478K, committed 90712K, reserved 1128448K
  class space    used 12333K, capacity 12565K, committed 12632K, reserved 1048576K
}
Event: 33.123 GC heap before
{Heap before GC invocations=33 (full 5):
 PSYoungGen      total 566784K, used 543647K [0x000000066ab00000, 0x0000000693880000, 0x00000007c0000000)
  eden space 526336K, 100% used [0x000000066ab00000,0x000000068ad00000,0x000000068ad00000)
  from space 40448K, 42% used [0x000000068ad00000,0x000000068bde7d68,0x000000068d480000)
  to   space 38400K, 0% used [0x0000000691300000,0x0000000691300000,0x0000000693880000)
 ParOldGen       total 358400K, used 233966K [0x00000003c0000000, 0x00000003d5e00000, 0x000000066ab00000)
  object space 358400K, 65% used [0x00000003c0000000,0x00000003ce47b908,0x00000003d5e00000)
 Metaspace       used 89506K, capacity 90478K, committed 90712K, reserved 1128448K
  class space    used 12333K, capacity 12565K, committed 12632K, reserved 1048576K
Event: 33.172 GC heap after
Heap after GC invocations=33 (full 5):
 PSYoungGen      total 623616K, used 14684K [0x000000066ab00000, 0x0000000693380000, 0x00000007c0000000)
  eden space 590336K, 0% used [0x000000066ab00000,0x000000066ab00000,0x000000068eb80000)
  from space 33280K, 44% used [0x0000000691300000,0x0000000692157178,0x0000000693380000)
  to   space 36864K, 0% used [0x000000068eb80000,0x000000068eb80000,0x0000000690f80000)
 ParOldGen       total 358400K, used 233974K [0x00000003c0000000, 0x00000003d5e00000, 0x000000066ab00000)
  object space 358400K, 65% used [0x00000003c0000000,0x00000003ce47d908,0x00000003d5e00000)
 Metaspace       used 89506K, capacity 90478K, committed 90712K, reserved 1128448K
  class space    used 12333K, capacity 12565K, committed 12632K, reserved 1048576K
}
Event: 34.103 GC heap before
{Heap before GC invocations=34 (full 5):
 PSYoungGen      total 623616K, used 605020K [0x000000066ab00000, 0x0000000693380000, 0x00000007c0000000)
  eden space 590336K, 100% used [0x000000066ab00000,0x000000068eb80000,0x000000068eb80000)
  from space 33280K, 44% used [0x0000000691300000,0x0000000692157178,0x0000000693380000)
  to   space 36864K, 0% used [0x000000068eb80000,0x000000068eb80000,0x0000000690f80000)
 ParOldGen       total 358400K, used 233974K [0x00000003c0000000, 0x00000003d5e00000, 0x000000066ab00000)
  object space 358400K, 65% used [0x00000003c0000000,0x00000003ce47d908,0x00000003d5e00000)
 Metaspace       used 89506K, capacity 90478K, committed 90712K, reserved 1128448K
  class space    used 12333K, capacity 12565K, committed 12632K, reserved 1048576K
Event: 34.138 GC heap after
Heap after GC invocations=34 (full 5):
 PSYoungGen      total 627200K, used 14649K [0x000000066ab00000, 0x0000000697400000, 0x00000007c0000000)
  eden space 590336K, 0% used [0x000000066ab00000,0x000000066ab00000,0x000000068eb80000)
  from space 36864K, 39% used [0x000000068eb80000,0x000000068f9ce630,0x0000000690f80000)
  to   space 34816K, 0% used [0x0000000695200000,0x0000000695200000,0x0000000697400000)
 ParOldGen       total 358400K, used 233974K [0x00000003c0000000, 0x00000003d5e00000, 0x000000066ab00000)
  object space 358400K, 65% used [0x00000003c0000000,0x00000003ce47d908,0x00000003d5e00000)
 Metaspace       used 89506K, capacity 90478K, committed 90712K, reserved 1128448K
  class space    used 12333K, capacity 12565K, committed 12632K, reserved 1048576K
}
Event: 35.095 GC heap before
{Heap before GC invocations=35 (full 5):
 PSYoungGen      total 627200K, used 594546K [0x000000066ab00000, 0x0000000697400000, 0x00000007c0000000)
  eden space 590336K, 98% used [0x000000066ab00000,0x000000068e14e1f8,0x000000068eb80000)
  from space 36864K, 39% used [0x000000068eb80000,0x000000068f9ce630,0x0000000690f80000)
  to   space 34816K, 0% used [0x0000000695200000,0x0000000695200000,0x0000000697400000)
 ParOldGen       total 358400K, used 233974K [0x00000003c0000000, 0x00000003d5e00000, 0x000000066ab00000)
  object space 358400K, 65% used [0x00000003c0000000,0x00000003ce47d908,0x00000003d5e00000)
 Metaspace       used 89746K, capacity 90736K, committed 90968K, reserved 1128448K
  class space    used 12350K, capacity 12578K, committed 12632K, reserved 1048576K
Event: 35.117 GC heap after
Heap after GC invocations=35 (full 5):
 PSYoungGen      total 681984K, used 17062K [0x000000066ab00000, 0x0000000696c00000, 0x00000007c0000000)
  eden space 655360K, 0% used [0x000000066ab00000,0x000000066ab00000,0x0000000692b00000)
  from space 26624K, 64% used [0x0000000695200000,0x00000006962a9bc8,0x0000000696c00000)
  to   space 33280K, 0% used [0x0000000692b00000,0x0000000692b00000,0x0000000694b80000)
 ParOldGen       total 358400K, used 233982K [0x00000003c0000000, 0x00000003d5e00000, 0x000000066ab00000)
  object space 358400K, 65% used [0x00000003c0000000,0x00000003ce47f908,0x00000003d5e00000)
 Metaspace       used 89746K, capacity 90736K, committed 90968K, reserved 1128448K
  class space    used 12350K, capacity 12578K, committed 12632K, reserved 1048576K
}
Event: 36.470 GC heap before
{Heap before GC invocations=36 (full 5):
 PSYoungGen      total 681984K, used 672422K [0x000000066ab00000, 0x0000000696c00000, 0x00000007c0000000)
  eden space 655360K, 100% used [0x000000066ab00000,0x0000000692b00000,0x0000000692b00000)
  from space 26624K, 64% used [0x0000000695200000,0x00000006962a9bc8,0x0000000696c00000)
  to   space 33280K, 0% used [0x0000000692b00000,0x0000000692b00000,0x0000000694b80000)
 ParOldGen       total 358400K, used 233982K [0x00000003c0000000, 0x00000003d5e00000, 0x000000066ab00000)
  object space 358400K, 65% used [0x00000003c0000000,0x00000003ce47f908,0x00000003d5e00000)
 Metaspace       used 89773K, capacity 90740K, committed 90968K, reserved 1128448K
  class space    used 12351K, capacity 12578K, committed 12632K, reserved 1048576K
Event: 36.512 GC heap after
Heap after GC invocations=36 (full 5):
 PSYoungGen      total 688640K, used 33263K [0x000000066ab00000, 0x000000069bf00000, 0x00000007c0000000)
  eden space 655360K, 0% used [0x000000066ab00000,0x000000066ab00000,0x0000000692b00000)
  from space 33280K, 99% used [0x0000000692b00000,0x0000000694b7bc80,0x0000000694b80000)
  to   space 40448K, 0% used [0x0000000699780000,0x0000000699780000,0x000000069bf00000)
 ParOldGen       total 358400K, used 240088K [0x00000003c0000000, 0x00000003d5e00000, 0x000000066ab00000)
  object space 358400K, 66% used [0x00000003c0000000,0x00000003cea76170,0x00000003d5e00000)
 Metaspace       used 89773K, capacity 90740K, committed 90968K, reserved 1128448K
  class space    used 12351K, capacity 12578K, committed 12632K, reserved 1048576K
}
Event: 38.410 GC heap before
{Heap before GC invocations=37 (full 5):
 PSYoungGen      total 688640K, used 688623K [0x000000066ab00000, 0x000000069bf00000, 0x00000007c0000000)
  eden space 655360K, 100% used [0x000000066ab00000,0x0000000692b00000,0x0000000692b00000)
  from space 33280K, 99% used [0x0000000692b00000,0x0000000694b7bc80,0x0000000694b80000)
  to   space 40448K, 0% used [0x0000000699780000,0x0000000699780000,0x000000069bf00000)
 ParOldGen       total 358400K, used 240088K [0x00000003c0000000, 0x00000003d5e00000, 0x000000066ab00000)
  object space 358400K, 66% used [0x00000003c0000000,0x00000003cea76170,0x00000003d5e00000)
 Metaspace       used 90025K, capacity 91030K, committed 91224K, reserved 1128448K
  class space    used 12360K, capacity 12595K, committed 12632K, reserved 1048576K
Event: 38.450 GC heap after
Heap after GC invocations=37 (full 5):
 PSYoungGen      total 760320K, used 40439K [0x000000066ab00000, 0x000000069c680000, 0x00000007c0000000)
  eden space 719872K, 0% used [0x000000066ab00000,0x000000066ab00000,0x0000000696a00000)
  from space 40448K, 99% used [0x0000000699780000,0x000000069befdd80,0x000000069bf00000)
  to   space 46592K, 0% used [0x0000000696a00000,0x0000000696a00000,0x0000000699780000)
 ParOldGen       total 358400K, used 241575K [0x00000003c0000000, 0x00000003d5e00000, 0x000000066ab00000)
  object space 358400K, 67% used [0x00000003c0000000,0x00000003cebe9e48,0x00000003d5e00000)
 Metaspace       used 90025K, capacity 91030K, committed 91224K, reserved 1128448K
  class space    used 12360K, capacity 12595K, committed 12632K, reserved 1048576K
}
Event: 39.888 GC heap before
{Heap before GC invocations=38 (full 5):
 PSYoungGen      total 760320K, used 760311K [0x000000066ab00000, 0x000000069c680000, 0x00000007c0000000)
  eden space 719872K, 100% used [0x000000066ab00000,0x0000000696a00000,0x0000000696a00000)
  from space 40448K, 99% used [0x0000000699780000,0x000000069befdd80,0x000000069bf00000)
  to   space 46592K, 0% used [0x0000000696a00000,0x0000000696a00000,0x0000000699780000)
 ParOldGen       total 358400K, used 241575K [0x00000003c0000000, 0x00000003d5e00000, 0x000000066ab00000)
  object space 358400K, 67% used [0x00000003c0000000,0x00000003cebe9e48,0x00000003d5e00000)
 Metaspace       used 90723K, capacity 91738K, committed 91864K, reserved 1128448K
  class space    used 12419K, capacity 12670K, committed 12760K, reserved 1048576K
Event: 39.984 GC heap after
Heap after GC invocations=38 (full 5):
 PSYoungGen      total 766464K, used 46574K [0x000000066ab00000, 0x00000006a2a00000, 0x00000007c0000000)
  eden space 719872K, 0% used [0x000000066ab00000,0x000000066ab00000,0x0000000696a00000)
  from space 46592K, 99% used [0x0000000696a00000,0x000000069977b818,0x0000000699780000)
  to   space 63488K, 0% used [0x000000069ec00000,0x000000069ec00000,0x00000006a2a00000)
 ParOldGen       total 358400K, used 268233K [0x00000003c0000000, 0x00000003d5e00000, 0x000000066ab00000)
  object space 358400K, 74% used [0x00000003c0000000,0x00000003d05f26a0,0x00000003d5e00000)
 Metaspace       used 90723K, capacity 91738K, committed 91864K, reserved 1128448K
  class space    used 12419K, capacity 12670K, committed 12760K, reserved 1048576K
}
Event: 41.074 GC heap before
{Heap before GC invocations=39 (full 5):
 PSYoungGen      total 766464K, used 766446K [0x000000066ab00000, 0x00000006a2a00000, 0x00000007c0000000)
  eden space 719872K, 100% used [0x000000066ab00000,0x0000000696a00000,0x0000000696a00000)
  from space 46592K, 99% used [0x0000000696a00000,0x000000069977b818,0x0000000699780000)
  to   space 63488K, 0% used [0x000000069ec00000,0x000000069ec00000,0x00000006a2a00000)
 ParOldGen       total 358400K, used 268233K [0x00000003c0000000, 0x00000003d5e00000, 0x000000066ab00000)
  object space 358400K, 74% used [0x00000003c0000000,0x00000003d05f26a0,0x00000003d5e00000)
 Metaspace       used 90733K, capacity 91738K, committed 91864K, reserved 1128448K
  class space    used 12419K, capacity 12670K, committed 12760K, reserved 1048576K
Event: 41.133 GC heap after
Heap after GC invocations=39 (full 5):
 PSYoungGen      total 849408K, used 46455K [0x000000066ab00000, 0x00000006a3480000, 0x00000007c0000000)
  eden space 785920K, 0% used [0x000000066ab00000,0x000000066ab00000,0x000000069aa80000)
  from space 63488K, 73% used [0x000000069ec00000,0x00000006a195dd80,0x00000006a2a00000)
  to   space 67072K, 0% used [0x000000069aa80000,0x000000069aa80000,0x000000069ec00000)
 ParOldGen       total 358400K, used 270383K [0x00000003c0000000, 0x00000003d5e00000, 0x000000066ab00000)
  object space 358400K, 75% used [0x00000003c0000000,0x00000003d080bea0,0x00000003d5e00000)
 Metaspace       used 90733K, capacity 91738K, committed 91864K, reserved 1128448K
  class space    used 12419K, capacity 12670K, committed 12760K, reserved 1048576K
}
Event: 42.238 GC heap before
{Heap before GC invocations=40 (full 5):
 PSYoungGen      total 849408K, used 832375K [0x000000066ab00000, 0x00000006a3480000, 0x00000007c0000000)
  eden space 785920K, 100% used [0x000000066ab00000,0x000000069aa80000,0x000000069aa80000)
  from space 63488K, 73% used [0x000000069ec00000,0x00000006a195dd80,0x00000006a2a00000)
  to   space 67072K, 0% used [0x000000069aa80000,0x000000069aa80000,0x000000069ec00000)
 ParOldGen       total 358400K, used 270383K [0x00000003c0000000, 0x00000003d5e00000, 0x000000066ab00000)
  object space 358400K, 75% used [0x00000003c0000000,0x00000003d080bea0,0x00000003d5e00000)
 Metaspace       used 90733K, capacity 91802K, committed 92120K, reserved 1128448K
  class space    used 12419K, capacity 12670K, committed 12760K, reserved 1048576K
Event: 42.289 GC heap after
Heap after GC invocations=40 (full 5):
 PSYoungGen      total 852992K, used 27414K [0x000000066ab00000, 0x00000006a7500000, 0x00000007c0000000)
  eden space 785920K, 0% used [0x000000066ab00000,0x000000066ab00000,0x000000069aa80000)
  from space 67072K, 40% used [0x000000069aa80000,0x000000069c5458a8,0x000000069ec00000)
  to   space 63488K, 0% used [0x00000006a3700000,0x00000006a3700000,0x00000006a7500000)
 ParOldGen       total 358400K, used 270383K [0x00000003c0000000, 0x00000003d5e00000, 0x000000066ab00000)
  object space 358400K, 75% used [0x00000003c0000000,0x00000003d080bea0,0x00000003d5e00000)
 Metaspace       used 90733K, capacity 91802K, committed 92120K, reserved 1128448K
  class space    used 12419K, capacity 12670K, committed 12760K, reserved 1048576K
}
Event: 43.333 GC heap before
{Heap before GC invocations=41 (full 5):
 PSYoungGen      total 852992K, used 813307K [0x000000066ab00000, 0x00000006a7500000, 0x00000007c0000000)
  eden space 785920K, 99% used [0x000000066ab00000,0x000000069aa794c0,0x000000069aa80000)
  from space 67072K, 40% used [0x000000069aa80000,0x000000069c5458a8,0x000000069ec00000)
  to   space 63488K, 0% used [0x00000006a3700000,0x00000006a3700000,0x00000006a7500000)
 ParOldGen       total 358400K, used 270383K [0x00000003c0000000, 0x00000003d5e00000, 0x000000066ab00000)
  object space 358400K, 75% used [0x00000003c0000000,0x00000003d080bea0,0x00000003d5e00000)
 Metaspace       used 90785K, capacity 91884K, committed 92120K, reserved 1128448K
  class space    used 12426K, capacity 12673K, committed 12760K, reserved 1048576K
Event: 43.381 GC heap after
Heap after GC invocations=41 (full 5):
 PSYoungGen      total 924672K, used 51002K [0x000000066ab00000, 0x00000006a7f80000, 0x00000007c0000000)
  eden space 861184K, 0% used [0x000000066ab00000,0x000000066ab00000,0x000000069f400000)
  from space 63488K, 80% used [0x00000006a3700000,0x00000006a68ce898,0x00000006a7500000)
  to   space 68608K, 0% used [0x000000069f400000,0x000000069f400000,0x00000006a3700000)
 ParOldGen       total 358400K, used 270391K [0x00000003c0000000, 0x00000003d5e00000, 0x000000066ab00000)
  object space 358400K, 75% used [0x00000003c0000000,0x00000003d080dea0,0x00000003d5e00000)
 Metaspace       used 90785K, capacity 91884K, committed 92120K, reserved 1128448K
  class space    used 12426K, capacity 12673K, committed 12760K, reserved 1048576K
}
Event: 45.402 GC heap before
{Heap before GC invocations=42 (full 5):
 PSYoungGen      total 924672K, used 912186K [0x000000066ab00000, 0x00000006a7f80000, 0x00000007c0000000)
  eden space 861184K, 100% used [0x000000066ab00000,0x000000069f400000,0x000000069f400000)
  from space 63488K, 80% used [0x00000006a3700000,0x00000006a68ce898,0x00000006a7500000)
  to   space 68608K, 0% used [0x000000069f400000,0x000000069f400000,0x00000006a3700000)
 ParOldGen       total 358400K, used 270391K [0x00000003c0000000, 0x00000003d5e00000, 0x000000066ab00000)
  object space 358400K, 75% used [0x00000003c0000000,0x00000003d080dea0,0x00000003d5e00000)
 Metaspace       used 97232K, capacity 98331K, committed 98520K, reserved 1134592K
  class space    used 12921K, capacity 13180K, committed 13272K, reserved 1048576K
Event: 45.473 GC heap after
Heap after GC invocations=42 (full 5):
 PSYoungGen      total 929792K, used 68598K [0x000000066ab00000, 0x00000006af400000, 0x00000007c0000000)
  eden space 861184K, 0% used [0x000000066ab00000,0x000000066ab00000,0x000000069f400000)
  from space 68608K, 99% used [0x000000069f400000,0x00000006a36fdb60,0x00000006a3700000)
  to   space 88064K, 0% used [0x00000006a9e00000,0x00000006a9e00000,0x00000006af400000)
 ParOldGen       total 358400K, used 295424K [0x00000003c0000000, 0x00000003d5e00000, 0x000000066ab00000)
  object space 358400K, 82% used [0x00000003c0000000,0x00000003d20803f8,0x00000003d5e00000)
 Metaspace       used 97232K, capacity 98331K, committed 98520K, reserved 1134592K
  class space    used 12921K, capacity 13180K, committed 13272K, reserved 1048576K
}
Event: 46.848 GC heap before
{Heap before GC invocations=43 (full 5):
 PSYoungGen      total 929792K, used 929782K [0x000000066ab00000, 0x00000006af400000, 0x00000007c0000000)
  eden space 861184K, 100% used [0x000000066ab00000,0x000000069f400000,0x000000069f400000)
  from space 68608K, 99% used [0x000000069f400000,0x00000006a36fdb60,0x00000006a3700000)
  to   space 88064K, 0% used [0x00000006a9e00000,0x00000006a9e00000,0x00000006af400000)
 ParOldGen       total 358400K, used 295424K [0x00000003c0000000, 0x00000003d5e00000, 0x000000066ab00000)
  object space 358400K, 82% used [0x00000003c0000000,0x00000003d20803f8,0x00000003d5e00000)
 Metaspace       used 97247K, capacity 98331K, committed 98520K, reserved 1134592K
  class space    used 12921K, capacity 13180K, committed 13272K, reserved 1048576K
Event: 46.933 GC heap after
Heap after GC invocations=43 (full 5):
 PSYoungGen      total 1034752K, used 51668K [0x000000066ab00000, 0x00000006afa00000, 0x00000007c0000000)
  eden space 946688K, 0% used [0x000000066ab00000,0x000000066ab00000,0x00000006a4780000)
  from space 88064K, 58% used [0x00000006a9e00000,0x00000006ad075168,0x00000006af400000)
  to   space 88576K, 0% used [0x00000006a4780000,0x00000006a4780000,0x00000006a9e00000)
 ParOldGen       total 358400K, used 297067K [0x00000003c0000000, 0x00000003d5e00000, 0x000000066ab00000)
  object space 358400K, 82% used [0x00000003c0000000,0x00000003d221ae78,0x00000003d5e00000)
 Metaspace       used 97247K, capacity 98331K, committed 98520K, reserved 1134592K
  class space    used 12921K, capacity 13180K, committed 13272K, reserved 1048576K
}
Event: 48.178 GC heap before
{Heap before GC invocations=44 (full 5):
 PSYoungGen      total 1034752K, used 998356K [0x000000066ab00000, 0x00000006afa00000, 0x00000007c0000000)
  eden space 946688K, 100% used [0x000000066ab00000,0x00000006a4780000,0x00000006a4780000)
  from space 88064K, 58% used [0x00000006a9e00000,0x00000006ad075168,0x00000006af400000)
  to   space 88576K, 0% used [0x00000006a4780000,0x00000006a4780000,0x00000006a9e00000)
 ParOldGen       total 358400K, used 297067K [0x00000003c0000000, 0x00000003d5e00000, 0x000000066ab00000)
  object space 358400K, 82% used [0x00000003c0000000,0x00000003d221ae78,0x00000003d5e00000)
 Metaspace       used 97268K, capacity 98331K, committed 98520K, reserved 1134592K
  class space    used 12921K, capacity 13180K, committed 13272K, reserved 1048576K
Event: 48.214 GC heap after
Heap after GC invocations=44 (full 5):
 PSYoungGen      total 1035264K, used 50721K [0x000000066ab00000, 0x00000006b4f80000, 0x00000007c0000000)
  eden space 946688K, 0% used [0x000000066ab00000,0x000000066ab00000,0x00000006a4780000)
  from space 88576K, 57% used [0x00000006a4780000,0x00000006a7908728,0x00000006a9e00000)
  to   space 88064K, 0% used [0x00000006af980000,0x00000006af980000,0x00000006b4f80000)
 ParOldGen       total 358400K, used 297067K [0x00000003c0000000, 0x00000003d5e00000, 0x000000066ab00000)
  object space 358400K, 82% used [0x00000003c0000000,0x00000003d221ae78,0x00000003d5e00000)
 Metaspace       used 97268K, capacity 98331K, committed 98520K, reserved 1134592K
  class space    used 12921K, capacity 13180K, committed 13272K, reserved 1048576K
}
Event: 49.696 GC heap before
{Heap before GC invocations=45 (full 5):
 PSYoungGen      total 1035264K, used 997409K [0x000000066ab00000, 0x00000006b4f80000, 0x00000007c0000000)
  eden space 946688K, 100% used [0x000000066ab00000,0x00000006a4780000,0x00000006a4780000)
  from space 88576K, 57% used [0x00000006a4780000,0x00000006a7908728,0x00000006a9e00000)
  to   space 88064K, 0% used [0x00000006af980000,0x00000006af980000,0x00000006b4f80000)
 ParOldGen       total 358400K, used 297067K [0x00000003c0000000, 0x00000003d5e00000, 0x000000066ab00000)
  object space 358400K, 82% used [0x00000003c0000000,0x00000003d221ae78,0x00000003d5e00000)
 Metaspace       used 97289K, capacity 98395K, committed 98520K, reserved 1134592K
  class space    used 12921K, capacity 13180K, committed 13272K, reserved 1048576K
Event: 49.736 GC heap after
Heap after GC invocations=45 (full 5):
 PSYoungGen      total 1116672K, used 50593K [0x000000066ab00000, 0x00000006b4880000, 0x00000007c0000000)
  eden space 1035776K, 0% used [0x000000066ab00000,0x000000066ab00000,0x00000006a9e80000)
  from space 80896K, 62% used [0x00000006af980000,0x00000006b2ae8410,0x00000006b4880000)
  to   space 87040K, 0% used [0x00000006a9e80000,0x00000006a9e80000,0x00000006af380000)
 ParOldGen       total 358400K, used 297067K [0x00000003c0000000, 0x00000003d5e00000, 0x000000066ab00000)
  object space 358400K, 82% used [0x00000003c0000000,0x00000003d221ae78,0x00000003d5e00000)
 Metaspace       used 97289K, capacity 98395K, committed 98520K, reserved 1134592K
  class space    used 12921K, capacity 13180K, committed 13272K, reserved 1048576K
}
Event: 51.219 GC heap before
{Heap before GC invocations=46 (full 5):
 PSYoungGen      total 1116672K, used 1086369K [0x000000066ab00000, 0x00000006b4880000, 0x00000007c0000000)
  eden space 1035776K, 100% used [0x000000066ab00000,0x00000006a9e80000,0x00000006a9e80000)
  from space 80896K, 62% used [0x00000006af980000,0x00000006b2ae8410,0x00000006b4880000)
  to   space 87040K, 0% used [0x00000006a9e80000,0x00000006a9e80000,0x00000006af380000)
 ParOldGen       total 358400K, used 297067K [0x00000003c0000000, 0x00000003d5e00000, 0x000000066ab00000)
  object space 358400K, 82% used [0x00000003c0000000,0x00000003d221ae78,0x00000003d5e00000)
 Metaspace       used 97301K, capacity 98395K, committed 98520K, reserved 1134592K
  class space    used 12921K, capacity 13180K, committed 13272K, reserved 1048576K
Event: 51.242 GC heap after
Heap after GC invocations=46 (full 5):
 PSYoungGen      total 1122816K, used 50547K [0x000000066ab00000, 0x00000006b9300000, 0x00000007c0000000)
  eden space 1035776K, 0% used [0x000000066ab00000,0x000000066ab00000,0x00000006a9e80000)
  from space 87040K, 58% used [0x00000006a9e80000,0x00000006acfdcc90,0x00000006af380000)
  to   space 86528K, 0% used [0x00000006b3e80000,0x00000006b3e80000,0x00000006b9300000)
 ParOldGen       total 358400K, used 297067K [0x00000003c0000000, 0x00000003d5e00000, 0x000000066ab00000)
  object space 358400K, 82% used [0x00000003c0000000,0x00000003d221ae78,0x00000003d5e00000)
 Metaspace       used 97301K, capacity 98395K, committed 98520K, reserved 1134592K
  class space    used 12921K, capacity 13180K, committed 13272K, reserved 1048576K
}
Event: 52.562 GC heap before
{Heap before GC invocations=47 (full 5):
 PSYoungGen      total 1122816K, used 1086323K [0x000000066ab00000, 0x00000006b9300000, 0x00000007c0000000)
  eden space 1035776K, 100% used [0x000000066ab00000,0x00000006a9e80000,0x00000006a9e80000)
  from space 87040K, 58% used [0x00000006a9e80000,0x00000006acfdcc90,0x00000006af380000)
  to   space 86528K, 0% used [0x00000006b3e80000,0x00000006b3e80000,0x00000006b9300000)
 ParOldGen       total 358400K, used 297067K [0x00000003c0000000, 0x00000003d5e00000, 0x000000066ab00000)
  object space 358400K, 82% used [0x00000003c0000000,0x00000003d221ae78,0x00000003d5e00000)
 Metaspace       used 97734K, capacity 98887K, committed 99032K, reserved 1134592K
  class space    used 12951K, capacity 13214K, committed 13272K, reserved 1048576K
Event: 52.698 GC heap after
Heap after GC invocations=47 (full 5):
 PSYoungGen      total 1180160K, used 86521K [0x000000066ab00000, 0x00000006bce00000, 0x00000007c0000000)
  eden space 1093632K, 0% used [0x000000066ab00000,0x000000066ab00000,0x00000006ad700000)
  from space 86528K, 99% used [0x00000006b3e80000,0x00000006b92fe420,0x00000006b9300000)
  to   space 105984K, 0% used [0x00000006ad700000,0x00000006ad700000,0x00000006b3e80000)
 ParOldGen       total 358400K, used 317767K [0x00000003c0000000, 0x00000003d5e00000, 0x000000066ab00000)
  object space 358400K, 88% used [0x00000003c0000000,0x00000003d3651d10,0x00000003d5e00000)
 Metaspace       used 97734K, capacity 98887K, committed 99032K, reserved 1134592K
  class space    used 12951K, capacity 13214K, committed 13272K, reserved 1048576K
}
Event: 52.698 GC heap before
{Heap before GC invocations=48 (full 6):
 PSYoungGen      total 1180160K, used 86521K [0x000000066ab00000, 0x00000006bce00000, 0x00000007c0000000)
  eden space 1093632K, 0% used [0x000000066ab00000,0x000000066ab00000,0x00000006ad700000)
  from space 86528K, 99% used [0x00000006b3e80000,0x00000006b92fe420,0x00000006b9300000)
  to   space 105984K, 0% used [0x00000006ad700000,0x00000006ad700000,0x00000006b3e80000)
 ParOldGen       total 358400K, used 317767K [0x00000003c0000000, 0x00000003d5e00000, 0x000000066ab00000)
  object space 358400K, 88% used [0x00000003c0000000,0x00000003d3651d10,0x00000003d5e00000)
 Metaspace       used 97734K, capacity 98887K, committed 99032K, reserved 1134592K
  class space    used 12951K, capacity 13214K, committed 13272K, reserved 1048576K
Event: 52.896 GC heap after
Heap after GC invocations=48 (full 6):
 PSYoungGen      total 1180160K, used 0K [0x000000066ab00000, 0x00000006bce00000, 0x00000007c0000000)
  eden space 1093632K, 0% used [0x000000066ab00000,0x000000066ab00000,0x00000006ad700000)
  from space 86528K, 0% used [0x00000006b3e80000,0x00000006b3e80000,0x00000006b9300000)
  to   space 105984K, 0% used [0x00000006ad700000,0x00000006ad700000,0x00000006b3e80000)
 ParOldGen       total 366592K, used 255594K [0x00000003c0000000, 0x00000003d6600000, 0x000000066ab00000)
  object space 366592K, 69% used [0x00000003c0000000,0x00000003cf99a9e8,0x00000003d6600000)
 Metaspace       used 97715K, capacity 98857K, committed 99032K, reserved 1134592K
  class space    used 12948K, capacity 13209K, committed 13272K, reserved 1048576K
}
Event: 54.372 GC heap before
{Heap before GC invocations=49 (full 6):
 PSYoungGen      total 1180160K, used 1093632K [0x000000066ab00000, 0x00000006bce00000, 0x00000007c0000000)
  eden space 1093632K, 100% used [0x000000066ab00000,0x00000006ad700000,0x00000006ad700000)
  from space 86528K, 0% used [0x00000006b3e80000,0x00000006b3e80000,0x00000006b9300000)
  to   space 105984K, 0% used [0x00000006ad700000,0x00000006ad700000,0x00000006b3e80000)
 ParOldGen       total 366592K, used 255594K [0x00000003c0000000, 0x00000003d6600000, 0x000000066ab00000)
  object space 366592K, 69% used [0x00000003c0000000,0x00000003cf99a9e8,0x00000003d6600000)
 Metaspace       used 97861K, capacity 99017K, committed 99288K, reserved 1134592K
  class space    used 12980K, capacity 13241K, committed 13272K, reserved 1048576K
Event: 54.393 GC heap after
Heap after GC invocations=49 (full 6):
 PSYoungGen      total 1199616K, used 6916K [0x000000066ab00000, 0x00000006c1180000, 0x00000007c0000000)
  eden space 1093632K, 0% used [0x000000066ab00000,0x000000066ab00000,0x00000006ad700000)
  from space 105984K, 6% used [0x00000006ad700000,0x00000006addc1058,0x00000006b3e80000)
  to   space 107520K, 0% used [0x00000006ba880000,0x00000006ba880000,0x00000006c1180000)
 ParOldGen       total 366592K, used 255602K [0x00000003c0000000, 0x00000003d6600000, 0x000000066ab00000)
  object space 366592K, 69% used [0x00000003c0000000,0x00000003cf99c9e8,0x00000003d6600000)
 Metaspace       used 97861K, capacity 99017K, committed 99288K, reserved 1134592K
  class space    used 12980K, capacity 13241K, committed 13272K, reserved 1048576K
}
Event: 55.898 GC heap before
{Heap before GC invocations=50 (full 6):
 PSYoungGen      total 1199616K, used 1100548K [0x000000066ab00000, 0x00000006c1180000, 0x00000007c0000000)
  eden space 1093632K, 100% used [0x000000066ab00000,0x00000006ad700000,0x00000006ad700000)
  from space 105984K, 6% used [0x00000006ad700000,0x00000006addc1058,0x00000006b3e80000)
  to   space 107520K, 0% used [0x00000006ba880000,0x00000006ba880000,0x00000006c1180000)
 ParOldGen       total 366592K, used 255602K [0x00000003c0000000, 0x00000003d6600000, 0x000000066ab00000)
  object space 366592K, 69% used [0x00000003c0000000,0x00000003cf99c9e8,0x00000003d6600000)
 Metaspace       used 97863K, capacity 99017K, committed 99288K, reserved 1134592K
  class space    used 12980K, capacity 13241K, committed 13272K, reserved 1048576K
Event: 55.907 GC heap after
Heap after GC invocations=50 (full 6):
 PSYoungGen      total 1280512K, used 6376K [0x000000066ab00000, 0x00000006c0400000, 0x00000007c0000000)
  eden space 1186816K, 0% used [0x000000066ab00000,0x000000066ab00000,0x00000006b3200000)
  from space 93696K, 6% used [0x00000006ba880000,0x00000006baeba3f0,0x00000006c0400000)
  to   space 107520K, 0% used [0x00000006b3200000,0x00000006b3200000,0x00000006b9b00000)
 ParOldGen       total 366592K, used 255610K [0x00000003c0000000, 0x00000003d6600000, 0x000000066ab00000)
  object space 366592K, 69% used [0x00000003c0000000,0x00000003cf99e9e8,0x00000003d6600000)
 Metaspace       used 97863K, capacity 99017K, committed 99288K, reserved 1134592K
  class space    used 12980K, capacity 13241K, committed 13272K, reserved 1048576K
}
Event: 57.334 GC heap before
{Heap before GC invocations=51 (full 6):
 PSYoungGen      total 1280512K, used 1193192K [0x000000066ab00000, 0x00000006c0400000, 0x00000007c0000000)
  eden space 1186816K, 100% used [0x000000066ab00000,0x00000006b3200000,0x00000006b3200000)
  from space 93696K, 6% used [0x00000006ba880000,0x00000006baeba3f0,0x00000006c0400000)
  to   space 107520K, 0% used [0x00000006b3200000,0x00000006b3200000,0x00000006b9b00000)
 ParOldGen       total 366592K, used 255610K [0x00000003c0000000, 0x00000003d6600000, 0x000000066ab00000)
  object space 366592K, 69% used [0x00000003c0000000,0x00000003cf99e9e8,0x00000003d6600000)
 Metaspace       used 97895K, capacity 99035K, committed 99288K, reserved 1134592K
  class space    used 12981K, capacity 13244K, committed 13272K, reserved 1048576K
Event: 57.380 GC heap after
Heap after GC invocations=51 (full 6):
 PSYoungGen      total 1294336K, used 66051K [0x000000066ab00000, 0x00000006c6c00000, 0x00000007c0000000)
  eden space 1186816K, 0% used [0x000000066ab00000,0x000000066ab00000,0x00000006b3200000)
  from space 107520K, 61% used [0x00000006b3200000,0x00000006b7280f30,0x00000006b9b00000)
  to   space 110080K, 0% used [0x00000006c0080000,0x00000006c0080000,0x00000006c6c00000)
 ParOldGen       total 366592K, used 255618K [0x00000003c0000000, 0x00000003d6600000, 0x000000066ab00000)
  object space 366592K, 69% used [0x00000003c0000000,0x00000003cf9a09e8,0x00000003d6600000)
 Metaspace       used 97895K, capacity 99035K, committed 99288K, reserved 1134592K
  class space    used 12981K, capacity 13244K, committed 13272K, reserved 1048576K
}
Event: 58.869 GC heap before
{Heap before GC invocations=52 (full 6):
 PSYoungGen      total 1294336K, used 1252867K [0x000000066ab00000, 0x00000006c6c00000, 0x00000007c0000000)
  eden space 1186816K, 100% used [0x000000066ab00000,0x00000006b3200000,0x00000006b3200000)
  from space 107520K, 61% used [0x00000006b3200000,0x00000006b7280f30,0x00000006b9b00000)
  to   space 110080K, 0% used [0x00000006c0080000,0x00000006c0080000,0x00000006c6c00000)
 ParOldGen       total 366592K, used 255618K [0x00000003c0000000, 0x00000003d6600000, 0x000000066ab00000)
  object space 366592K, 69% used [0x00000003c0000000,0x00000003cf9a09e8,0x00000003d6600000)
 Metaspace       used 97895K, capacity 99035K, committed 99288K, reserved 1134592K
  class space    used 12981K, capacity 13244K, committed 13272K, reserved 1048576K
Event: 58.898 GC heap after
Heap after GC invocations=52 (full 6):
 PSYoungGen      total 1379840K, used 24405K [0x000000066ab00000, 0x00000006c5f80000, 0x00000007c0000000)
  eden space 1282560K, 0% used [0x000000066ab00000,0x000000066ab00000,0x00000006b8f80000)
  from space 97280K, 25% used [0x00000006c0080000,0x00000006c1855540,0x00000006c5f80000)
  to   space 106496K, 0% used [0x00000006b8f80000,0x00000006b8f80000,0x00000006bf780000)
 ParOldGen       total 366592K, used 255618K [0x00000003c0000000, 0x00000003d6600000, 0x000000066ab00000)
  object space 366592K, 69% used [0x00000003c0000000,0x00000003cf9a09e8,0x00000003d6600000)
 Metaspace       used 97895K, capacity 99035K, committed 99288K, reserved 1134592K
  class space    used 12981K, capacity 13244K, committed 13272K, reserved 1048576K
}
Event: 60.515 GC heap before
{Heap before GC invocations=53 (full 6):
 PSYoungGen      total 1379840K, used 1306891K [0x000000066ab00000, 0x00000006c5f80000, 0x00000007c0000000)
  eden space 1282560K, 99% used [0x000000066ab00000,0x00000006b8f6d708,0x00000006b8f80000)
  from space 97280K, 25% used [0x00000006c0080000,0x00000006c1855540,0x00000006c5f80000)
  to   space 106496K, 0% used [0x00000006b8f80000,0x00000006b8f80000,0x00000006bf780000)
 ParOldGen       total 366592K, used 255618K [0x00000003c0000000, 0x00000003d6600000, 0x000000066ab00000)
  object space 366592K, 69% used [0x00000003c0000000,0x00000003cf9a09e8,0x00000003d6600000)
 Metaspace       used 97910K, capacity 99041K, committed 99288K, reserved 1134592K
  class space    used 12982K, capacity 13245K, committed 13272K, reserved 1048576K
Event: 60.554 GC heap after
Heap after GC invocations=53 (full 6):
 PSYoungGen      total 1389056K, used 34253K [0x000000066ab00000, 0x00000006cb800000, 0x00000007c0000000)
  eden space 1282560K, 0% used [0x000000066ab00000,0x000000066ab00000,0x00000006b8f80000)
  from space 106496K, 32% used [0x00000006b8f80000,0x00000006bb0f37d8,0x00000006bf780000)
  to   space 101376K, 0% used [0x00000006c5500000,0x00000006c5500000,0x00000006cb800000)
 ParOldGen       total 366592K, used 255626K [0x00000003c0000000, 0x00000003d6600000, 0x000000066ab00000)
  object space 366592K, 69% used [0x00000003c0000000,0x00000003cf9a29e8,0x00000003d6600000)
 Metaspace       used 97910K, capacity 99041K, committed 99288K, reserved 1134592K
  class space    used 12982K, capacity 13245K, committed 13272K, reserved 1048576K
}
Event: 62.004 GC heap before
{Heap before GC invocations=54 (full 6):
 PSYoungGen      total 1389056K, used 1316813K [0x000000066ab00000, 0x00000006cb800000, 0x00000007c0000000)
  eden space 1282560K, 100% used [0x000000066ab00000,0x00000006b8f80000,0x00000006b8f80000)
  from space 106496K, 32% used [0x00000006b8f80000,0x00000006bb0f37d8,0x00000006bf780000)
  to   space 101376K, 0% used [0x00000006c5500000,0x00000006c5500000,0x00000006cb800000)
 ParOldGen       total 366592K, used 255626K [0x00000003c0000000, 0x00000003d6600000, 0x000000066ab00000)
  object space 366592K, 69% used [0x00000003c0000000,0x00000003cf9a29e8,0x00000003d6600000)
 Metaspace       used 97927K, capacity 99041K, committed 99288K, reserved 1134592K
  class space    used 12982K, capacity 13245K, committed 13272K, reserved 1048576K
Event: 62.093 GC heap after
Heap after GC invocations=54 (full 6):
 PSYoungGen      total 1481216K, used 66694K [0x000000066ab00000, 0x00000006cd000000, 0x00000007c0000000)
  eden space 1379840K, 0% used [0x000000066ab00000,0x000000066ab00000,0x00000006bee80000)
  from space 101376K, 65% used [0x00000006c5500000,0x00000006c9621a00,0x00000006cb800000)
  to   space 104960K, 0% used [0x00000006bee80000,0x00000006bee80000,0x00000006c5500000)
 ParOldGen       total 366592K, used 255634K [0x00000003c0000000, 0x00000003d6600000, 0x000000066ab00000)
  object space 366592K, 69% used [0x00000003c0000000,0x00000003cf9a49e8,0x00000003d6600000)
 Metaspace       used 97927K, capacity 99041K, committed 99288K, reserved 1134592K
  class space    used 12982K, capacity 13245K, committed 13272K, reserved 1048576K
}
Event: 63.941 GC heap before
{Heap before GC invocations=55 (full 6):
 PSYoungGen      total 1481216K, used 1446534K [0x000000066ab00000, 0x00000006cd000000, 0x00000007c0000000)
  eden space 1379840K, 100% used [0x000000066ab00000,0x00000006bee80000,0x00000006bee80000)
  from space 101376K, 65% used [0x00000006c5500000,0x00000006c9621a00,0x00000006cb800000)
  to   space 104960K, 0% used [0x00000006bee80000,0x00000006bee80000,0x00000006c5500000)
 ParOldGen       total 366592K, used 255634K [0x00000003c0000000, 0x00000003d6600000, 0x000000066ab00000)
  object space 366592K, 69% used [0x00000003c0000000,0x00000003cf9a49e8,0x00000003d6600000)
 Metaspace       used 97927K, capacity 99041K, committed 99288K, reserved 1134592K
  class space    used 12982K, capacity 13245K, committed 13272K, reserved 1048576K
Event: 63.980 GC heap after
Heap after GC invocations=55 (full 6):
 PSYoungGen      total 1484800K, used 24537K [0x000000066ab00000, 0x00000006d2480000, 0x00000007c0000000)
  eden space 1379840K, 0% used [0x000000066ab00000,0x000000066ab00000,0x00000006bee80000)
  from space 104960K, 23% used [0x00000006bee80000,0x00000006c06764e8,0x00000006c5500000)
  to   space 101888K, 0% used [0x00000006cc100000,0x00000006cc100000,0x00000006d2480000)
 ParOldGen       total 366592K, used 255634K [0x00000003c0000000, 0x00000003d6600000, 0x000000066ab00000)
  object space 366592K, 69% used [0x00000003c0000000,0x00000003cf9a49e8,0x00000003d6600000)
 Metaspace       used 97927K, capacity 99041K, committed 99288K, reserved 1134592K
  class space    used 12982K, capacity 13245K, committed 13272K, reserved 1048576K
}
Event: 65.462 GC heap before
{Heap before GC invocations=56 (full 6):
 PSYoungGen      total 1484800K, used 1404377K [0x000000066ab00000, 0x00000006d2480000, 0x00000007c0000000)
  eden space 1379840K, 100% used [0x000000066ab00000,0x00000006bee80000,0x00000006bee80000)
  from space 104960K, 23% used [0x00000006bee80000,0x00000006c06764e8,0x00000006c5500000)
  to   space 101888K, 0% used [0x00000006cc100000,0x00000006cc100000,0x00000006d2480000)
 ParOldGen       total 366592K, used 255634K [0x00000003c0000000, 0x00000003d6600000, 0x000000066ab00000)
  object space 366592K, 69% used [0x00000003c0000000,0x00000003cf9a49e8,0x00000003d6600000)
 Metaspace       used 97971K, capacity 99129K, committed 99288K, reserved 1134592K
  class space    used 12984K, capacity 13249K, committed 13272K, reserved 1048576K
Event: 65.521 GC heap after
Heap after GC invocations=56 (full 6):
 PSYoungGen      total 1590784K, used 69283K [0x000000066ab00000, 0x00000006d3100000, 0x00000007c0000000)
  eden space 1488896K, 0% used [0x000000066ab00000,0x000000066ab00000,0x00000006c5900000)
  from space 101888K, 67% used [0x00000006cc100000,0x00000006d04a8ce8,0x00000006d2480000)
  to   space 106496K, 0% used [0x00000006c5900000,0x00000006c5900000,0x00000006cc100000)
 ParOldGen       total 366592K, used 255642K [0x00000003c0000000, 0x00000003d6600000, 0x000000066ab00000)
  object space 366592K, 69% used [0x00000003c0000000,0x00000003cf9a69e8,0x00000003d6600000)
 Metaspace       used 97971K, capacity 99129K, committed 99288K, reserved 1134592K
  class space    used 12984K, capacity 13249K, committed 13272K, reserved 1048576K
}
Event: 67.462 GC heap before
{Heap before GC invocations=57 (full 6):
 PSYoungGen      total 1590784K, used 1558179K [0x000000066ab00000, 0x00000006d3100000, 0x00000007c0000000)
  eden space 1488896K, 100% used [0x000000066ab00000,0x00000006c5900000,0x00000006c5900000)
  from space 101888K, 67% used [0x00000006cc100000,0x00000006d04a8ce8,0x00000006d2480000)
  to   space 106496K, 0% used [0x00000006c5900000,0x00000006c5900000,0x00000006cc100000)
 ParOldGen       total 366592K, used 255642K [0x00000003c0000000, 0x00000003d6600000, 0x000000066ab00000)
  object space 366592K, 69% used [0x00000003c0000000,0x00000003cf9a69e8,0x00000003d6600000)
 Metaspace       used 97979K, capacity 99129K, committed 99288K, reserved 1134592K
  class space    used 12984K, capacity 13249K, committed 13272K, reserved 1048576K
Event: 67.497 GC heap after
Heap after GC invocations=57 (full 6):
 PSYoungGen      total 1595392K, used 24459K [0x000000066ab00000, 0x00000006d9600000, 0x00000007c0000000)
  eden space 1488896K, 0% used [0x000000066ab00000,0x000000066ab00000,0x00000006c5900000)
  from space 106496K, 22% used [0x00000006c5900000,0x00000006c70e2f28,0x00000006cc100000)
  to   space 103424K, 0% used [0x00000006d3100000,0x00000006d3100000,0x00000006d9600000)
 ParOldGen       total 366592K, used 255642K [0x00000003c0000000, 0x00000003d6600000, 0x000000066ab00000)
  object space 366592K, 69% used [0x00000003c0000000,0x00000003cf9a69e8,0x00000003d6600000)
 Metaspace       used 97979K, capacity 99129K, committed 99288K, reserved 1134592K
  class space    used 12984K, capacity 13249K, committed 13272K, reserved 1048576K
}
Event: 69.298 GC heap before
{Heap before GC invocations=58 (full 6):
 PSYoungGen      total 1595392K, used 1513355K [0x000000066ab00000, 0x00000006d9600000, 0x00000007c0000000)
  eden space 1488896K, 100% used [0x000000066ab00000,0x00000006c5900000,0x00000006c5900000)
  from space 106496K, 22% used [0x00000006c5900000,0x00000006c70e2f28,0x00000006cc100000)
  to   space 103424K, 0% used [0x00000006d3100000,0x00000006d3100000,0x00000006d9600000)
 ParOldGen       total 366592K, used 255642K [0x00000003c0000000, 0x00000003d6600000, 0x000000066ab00000)
  object space 366592K, 69% used [0x00000003c0000000,0x00000003cf9a69e8,0x00000003d6600000)
 Metaspace       used 98015K, capacity 99153K, committed 99288K, reserved 1134592K
  class space    used 12986K, capacity 13253K, committed 13272K, reserved 1048576K
Event: 69.368 GC heap after
Heap after GC invocations=58 (full 6):
 PSYoungGen      total 1706496K, used 68518K [0x000000066ab00000, 0x00000006da200000, 0x00000007c0000000)
  eden space 1603072K, 0% used [0x000000066ab00000,0x000000066ab00000,0x00000006cc880000)
  from space 103424K, 66% used [0x00000006d3100000,0x00000006d73e9828,0x00000006d9600000)
  to   space 107008K, 0% used [0x00000006cc880000,0x00000006cc880000,0x00000006d3100000)
 ParOldGen       total 366592K, used 255642K [0x00000003c0000000, 0x00000003d6600000, 0x000000066ab00000)
  object space 366592K, 69% used [0x00000003c0000000,0x00000003cf9a69e8,0x00000003d6600000)
 Metaspace       used 98015K, capacity 99153K, committed 99288K, reserved 1134592K
  class space    used 12986K, capacity 13253K, committed 13272K, reserved 1048576K
}
Event: 71.466 GC heap before
{Heap before GC invocations=59 (full 6):
 PSYoungGen      total 1706496K, used 1671590K [0x000000066ab00000, 0x00000006da200000, 0x00000007c0000000)
  eden space 1603072K, 100% used [0x000000066ab00000,0x00000006cc880000,0x00000006cc880000)
  from space 103424K, 66% used [0x00000006d3100000,0x00000006d73e9828,0x00000006d9600000)
  to   space 107008K, 0% used [0x00000006cc880000,0x00000006cc880000,0x00000006d3100000)
 ParOldGen       total 366592K, used 255642K [0x00000003c0000000, 0x00000003d6600000, 0x000000066ab00000)
  object space 366592K, 69% used [0x00000003c0000000,0x00000003cf9a69e8,0x00000003d6600000)
 Metaspace       used 98019K, capacity 99153K, committed 99288K, reserved 1134592K
  class space    used 12986K, capacity 13253K, committed 13272K, reserved 1048576K
Event: 71.509 GC heap after
Heap after GC invocations=59 (full 6):
 PSYoungGen      total 1710080K, used 24568K [0x000000066ab00000, 0x00000006e0e80000, 0x00000007c0000000)
  eden space 1603072K, 0% used [0x000000066ab00000,0x000000066ab00000,0x00000006cc880000)
  from space 107008K, 22% used [0x00000006cc880000,0x00000006ce07e1a8,0x00000006d3100000)
  to   space 104448K, 0% used [0x00000006da880000,0x00000006da880000,0x00000006e0e80000)
 ParOldGen       total 366592K, used 255642K [0x00000003c0000000, 0x00000003d6600000, 0x000000066ab00000)
  object space 366592K, 69% used [0x00000003c0000000,0x00000003cf9a69e8,0x00000003d6600000)
 Metaspace       used 98019K, capacity 99153K, committed 99288K, reserved 1134592K
  class space    used 12986K, capacity 13253K, committed 13272K, reserved 1048576K
}
Event: 73.468 GC heap before
{Heap before GC invocations=60 (full 6):
 PSYoungGen      total 1710080K, used 1627640K [0x000000066ab00000, 0x00000006e0e80000, 0x00000007c0000000)
  eden space 1603072K, 100% used [0x000000066ab00000,0x00000006cc880000,0x00000006cc880000)
  from space 107008K, 22% used [0x00000006cc880000,0x00000006ce07e1a8,0x00000006d3100000)
  to   space 104448K, 0% used [0x00000006da880000,0x00000006da880000,0x00000006e0e80000)
 ParOldGen       total 366592K, used 255642K [0x00000003c0000000, 0x00000003d6600000, 0x000000066ab00000)
  object space 366592K, 69% used [0x00000003c0000000,0x00000003cf9a69e8,0x00000003d6600000)
 Metaspace       used 98057K, capacity 99223K, committed 99288K, reserved 1134592K
  class space    used 12987K, capacity 13254K, committed 13272K, reserved 1048576K
Event: 73.543 GC heap after
Heap after GC invocations=60 (full 6):
 PSYoungGen      total 1829376K, used 68425K [0x000000066ab00000, 0x00000006e1a00000, 0x00000007c0000000)
  eden space 1724928K, 0% used [0x000000066ab00000,0x000000066ab00000,0x00000006d3f80000)
  from space 104448K, 65% used [0x00000006da880000,0x00000006deb52790,0x00000006e0e80000)
  to   space 107520K, 0% used [0x00000006d3f80000,0x00000006d3f80000,0x00000006da880000)
 ParOldGen       total 366592K, used 255650K [0x00000003c0000000, 0x00000003d6600000, 0x000000066ab00000)
  object space 366592K, 69% used [0x00000003c0000000,0x00000003cf9a89e8,0x00000003d6600000)
 Metaspace       used 98057K, capacity 99223K, committed 99288K, reserved 1134592K
  class space    used 12987K, capacity 13254K, committed 13272K, reserved 1048576K
}
Event: 75.876 GC heap before
{Heap before GC invocations=61 (full 6):
 PSYoungGen      total 1829376K, used 1793353K [0x000000066ab00000, 0x00000006e1a00000, 0x00000007c0000000)
  eden space 1724928K, 100% used [0x000000066ab00000,0x00000006d3f80000,0x00000006d3f80000)
  from space 104448K, 65% used [0x00000006da880000,0x00000006deb52790,0x00000006e0e80000)
  to   space 107520K, 0% used [0x00000006d3f80000,0x00000006d3f80000,0x00000006da880000)
 ParOldGen       total 366592K, used 255650K [0x00000003c0000000, 0x00000003d6600000, 0x000000066ab00000)
  object space 366592K, 69% used [0x00000003c0000000,0x00000003cf9a89e8,0x00000003d6600000)
 Metaspace       used 98064K, capacity 99223K, committed 99288K, reserved 1134592K
  class space    used 12987K, capacity 13254K, committed 13272K, reserved 1048576K
Event: 75.907 GC heap after
Heap after GC invocations=61 (full 6):
 PSYoungGen      total 1832448K, used 23923K [0x000000066ab00000, 0x00000006e8900000, 0x00000007c0000000)
  eden space 1724928K, 0% used [0x000000066ab00000,0x000000066ab00000,0x00000006d3f80000)
  from space 107520K, 22% used [0x00000006d3f80000,0x00000006d56dcec8,0x00000006da880000)
  to   space 104960K, 0% used [0x00000006e2280000,0x00000006e2280000,0x00000006e8900000)
 ParOldGen       total 366592K, used 255650K [0x00000003c0000000, 0x00000003d6600000, 0x000000066ab00000)
  object space 366592K, 69% used [0x00000003c0000000,0x00000003cf9a89e8,0x00000003d6600000)
 Metaspace       used 98064K, capacity 99223K, committed 99288K, reserved 1134592K
  class space    used 12987K, capacity 13254K, committed 13272K, reserved 1048576K
}
Event: 77.846 GC heap before
{Heap before GC invocations=62 (full 6):
 PSYoungGen      total 1832448K, used 1748851K [0x000000066ab00000, 0x00000006e8900000, 0x00000007c0000000)
  eden space 1724928K, 100% used [0x000000066ab00000,0x00000006d3f80000,0x00000006d3f80000)
  from space 107520K, 22% used [0x00000006d3f80000,0x00000006d56dcec8,0x00000006da880000)
  to   space 104960K, 0% used [0x00000006e2280000,0x00000006e2280000,0x00000006e8900000)
 ParOldGen       total 366592K, used 255650K [0x00000003c0000000, 0x00000003d6600000, 0x000000066ab00000)
  object space 366592K, 69% used [0x00000003c0000000,0x00000003cf9a89e8,0x00000003d6600000)
 Metaspace       used 98114K, capacity 99235K, committed 99288K, reserved 1134592K
  class space    used 12988K, capacity 13256K, committed 13272K, reserved 1048576K
Event: 77.906 GC heap after
Heap after GC invocations=62 (full 6):
 PSYoungGen      total 1954304K, used 67781K [0x000000066ab00000, 0x00000006e9200000, 0x00000007c0000000)
  eden space 1849344K, 0% used [0x000000066ab00000,0x000000066ab00000,0x00000006db900000)
  from space 104960K, 64% used [0x00000006e2280000,0x00000006e64b1430,0x00000006e8900000)
  to   space 108032K, 0% used [0x00000006db900000,0x00000006db900000,0x00000006e2280000)
 ParOldGen       total 366592K, used 255658K [0x00000003c0000000, 0x00000003d6600000, 0x000000066ab00000)
  object space 366592K, 69% used [0x00000003c0000000,0x00000003cf9aa9e8,0x00000003d6600000)
 Metaspace       used 98114K, capacity 99235K, committed 99288K, reserved 1134592K
  class space    used 12988K, capacity 13256K, committed 13272K, reserved 1048576K
}
Event: 80.500 GC heap before
{Heap before GC invocations=63 (full 6):
 PSYoungGen      total 1954304K, used 1917125K [0x000000066ab00000, 0x00000006e9200000, 0x00000007c0000000)
  eden space 1849344K, 100% used [0x000000066ab00000,0x00000006db900000,0x00000006db900000)
  from space 104960K, 64% used [0x00000006e2280000,0x00000006e64b1430,0x00000006e8900000)
  to   space 108032K, 0% used [0x00000006db900000,0x00000006db900000,0x00000006e2280000)
 ParOldGen       total 366592K, used 255658K [0x00000003c0000000, 0x00000003d6600000, 0x000000066ab00000)
  object space 366592K, 69% used [0x00000003c0000000,0x00000003cf9aa9e8,0x00000003d6600000)
 Metaspace       used 98118K, capacity 99235K, committed 99288K, reserved 1134592K
  class space    used 12988K, capacity 13256K, committed 13272K, reserved 1048576K
Event: 80.514 GC heap after
Heap after GC invocations=63 (full 6):
 PSYoungGen      total 1957376K, used 24149K [0x000000066ab00000, 0x00000006ef780000, 0x00000007c0000000)
  eden space 1849344K, 0% used [0x000000066ab00000,0x000000066ab00000,0x00000006db900000)
  from space 108032K, 22% used [0x00000006db900000,0x00000006dd095628,0x00000006e2280000)
  to   space 105472K, 0% used [0x00000006e9080000,0x00000006e9080000,0x00000006ef780000)
 ParOldGen       total 366592K, used 255658K [0x00000003c0000000, 0x00000003d6600000, 0x000000066ab00000)
  object space 366592K, 69% used [0x00000003c0000000,0x00000003cf9aa9e8,0x00000003d6600000)
 Metaspace       used 98118K, capacity 99235K, committed 99288K, reserved 1134592K
  class space    used 12988K, capacity 13256K, committed 13272K, reserved 1048576K
}
Event: 82.847 GC heap before
{Heap before GC invocations=64 (full 6):
 PSYoungGen      total 1957376K, used 1873493K [0x000000066ab00000, 0x00000006ef780000, 0x00000007c0000000)
  eden space 1849344K, 100% used [0x000000066ab00000,0x00000006db900000,0x00000006db900000)
  from space 108032K, 22% used [0x00000006db900000,0x00000006dd095628,0x00000006e2280000)
  to   space 105472K, 0% used [0x00000006e9080000,0x00000006e9080000,0x00000006ef780000)
 ParOldGen       total 366592K, used 255658K [0x00000003c0000000, 0x00000003d6600000, 0x000000066ab00000)
  object space 366592K, 69% used [0x00000003c0000000,0x00000003cf9aa9e8,0x00000003d6600000)
 Metaspace       used 98156K, capacity 99305K, committed 99544K, reserved 1136640K
  class space    used 12988K, capacity 13257K, committed 13272K, reserved 1048576K
Event: 82.919 GC heap after
Heap after GC invocations=64 (full 6):
 PSYoungGen      total 2073088K, used 25479K [0x000000066ab00000, 0x00000006ef880000, 0x00000007c0000000)
  eden space 1967616K, 0% used [0x000000066ab00000,0x000000066ab00000,0x00000006e2c80000)
  from space 105472K, 24% used [0x00000006e9080000,0x00000006ea961c28,0x00000006ef780000)
  to   space 102400K, 0% used [0x00000006e2c80000,0x00000006e2c80000,0x00000006e9080000)
 ParOldGen       total 366592K, used 257531K [0x00000003c0000000, 0x00000003d6600000, 0x000000066ab00000)
  object space 366592K, 70% used [0x00000003c0000000,0x00000003cfb7ecb0,0x00000003d6600000)
 Metaspace       used 98156K, capacity 99305K, committed 99544K, reserved 1136640K
  class space    used 12988K, capacity 13257K, committed 13272K, reserved 1048576K
}
Event: 85.192 GC heap before
{Heap before GC invocations=65 (full 6):
 PSYoungGen      total 2073088K, used 1993095K [0x000000066ab00000, 0x00000006ef880000, 0x00000007c0000000)
  eden space 1967616K, 100% used [0x000000066ab00000,0x00000006e2c80000,0x00000006e2c80000)
  from space 105472K, 24% used [0x00000006e9080000,0x00000006ea961c28,0x00000006ef780000)
  to   space 102400K, 0% used [0x00000006e2c80000,0x00000006e2c80000,0x00000006e9080000)
 ParOldGen       total 366592K, used 257531K [0x00000003c0000000, 0x00000003d6600000, 0x000000066ab00000)
  object space 366592K, 70% used [0x00000003c0000000,0x00000003cfb7ecb0,0x00000003d6600000)
 Metaspace       used 98183K, capacity 99311K, committed 99544K, reserved 1136640K
  class space    used 12989K, capacity 13258K, committed 13272K, reserved 1048576K
Event: 85.241 GC heap after
Heap after GC invocations=65 (full 6):
 PSYoungGen      total 2070016K, used 62561K [0x000000066ab00000, 0x00000006f7400000, 0x00000007c0000000)
  eden space 1967616K, 0% used [0x000000066ab00000,0x000000066ab00000,0x00000006e2c80000)
  from space 102400K, 61% used [0x00000006e2c80000,0x00000006e6998690,0x00000006e9080000)
  to   space 103936K, 0% used [0x00000006f0e80000,0x00000006f0e80000,0x00000006f7400000)
 ParOldGen       total 366592K, used 260337K [0x00000003c0000000, 0x00000003d6600000, 0x000000066ab00000)
  object space 366592K, 71% used [0x00000003c0000000,0x00000003cfe3c580,0x00000003d6600000)
 Metaspace       used 98183K, capacity 99311K, committed 99544K, reserved 1136640K
  class space    used 12989K, capacity 13258K, committed 13272K, reserved 1048576K
}
Event: 87.774 GC heap before
{Heap before GC invocations=66 (full 6):
 PSYoungGen      total 2070016K, used 2030177K [0x000000066ab00000, 0x00000006f7400000, 0x00000007c0000000)
  eden space 1967616K, 100% used [0x000000066ab00000,0x00000006e2c80000,0x00000006e2c80000)
  from space 102400K, 61% used [0x00000006e2c80000,0x00000006e6998690,0x00000006e9080000)
  to   space 103936K, 0% used [0x00000006f0e80000,0x00000006f0e80000,0x00000006f7400000)
 ParOldGen       total 366592K, used 260337K [0x00000003c0000000, 0x00000003d6600000, 0x000000066ab00000)
  object space 366592K, 71% used [0x00000003c0000000,0x00000003cfe3c580,0x00000003d6600000)
 Metaspace       used 98186K, capacity 99311K, committed 99544K, reserved 1136640K
  class space    used 12989K, capacity 13258K, committed 13272K, reserved 1048576K
Event: 87.809 GC heap after
Heap after GC invocations=66 (full 6):
 PSYoungGen      total 2177536K, used 18649K [0x000000066ab00000, 0x00000006f6800000, 0x00000007c0000000)
  eden space 2085888K, 0% used [0x000000066ab00000,0x000000066ab00000,0x00000006ea000000)
  from space 91648K, 20% used [0x00000006f0e80000,0x00000006f20b6688,0x00000006f6800000)
  to   space 102400K, 0% used [0x00000006ea000000,0x00000006ea000000,0x00000006f0400000)
 ParOldGen       total 366592K, used 262328K [0x00000003c0000000, 0x00000003d6600000, 0x000000066ab00000)
  object space 366592K, 71% used [0x00000003c0000000,0x00000003d002e218,0x00000003d6600000)
 Metaspace       used 98186K, capacity 99311K, committed 99544K, reserved 1136640K
  class space    used 12989K, capacity 13258K, committed 13272K, reserved 1048576K
}
Event: 90.766 GC heap before
{Heap before GC invocations=67 (full 6):
 PSYoungGen      total 2177536K, used 2104537K [0x000000066ab00000, 0x00000006f6800000, 0x00000007c0000000)
  eden space 2085888K, 100% used [0x000000066ab00000,0x00000006ea000000,0x00000006ea000000)
  from space 91648K, 20% used [0x00000006f0e80000,0x00000006f20b6688,0x00000006f6800000)
  to   space 102400K, 0% used [0x00000006ea000000,0x00000006ea000000,0x00000006f0400000)
 ParOldGen       total 366592K, used 262328K [0x00000003c0000000, 0x00000003d6600000, 0x000000066ab00000)
  object space 366592K, 71% used [0x00000003c0000000,0x00000003d002e218,0x00000003d6600000)
 Metaspace       used 98723K, capacity 99839K, committed 100184K, reserved 1136640K
  class space    used 13034K, capacity 13298K, committed 13400K, reserved 1048576K
Event: 90.791 GC heap after
Heap after GC invocations=67 (full 6):
 PSYoungGen      total 2188288K, used 35959K [0x000000066ab00000, 0x00000006fcb80000, 0x00000007c0000000)
  eden space 2085888K, 0% used [0x000000066ab00000,0x000000066ab00000,0x00000006ea000000)
  from space 102400K, 35% used [0x00000006ea000000,0x00000006ec31dda8,0x00000006f0400000)
  to   space 97280K, 0% used [0x00000006f6c80000,0x00000006f6c80000,0x00000006fcb80000)
 ParOldGen       total 366592K, used 262336K [0x00000003c0000000, 0x00000003d6600000, 0x000000066ab00000)
  object space 366592K, 71% used [0x00000003c0000000,0x00000003d0030218,0x00000003d6600000)
 Metaspace       used 98723K, capacity 99839K, committed 100184K, reserved 1136640K
  class space    used 13034K, capacity 13298K, committed 13400K, reserved 1048576K
}
Event: 93.584 GC heap before
{Heap before GC invocations=68 (full 6):
 PSYoungGen      total 2188288K, used 2121847K [0x000000066ab00000, 0x00000006fcb80000, 0x00000007c0000000)
  eden space 2085888K, 100% used [0x000000066ab00000,0x00000006ea000000,0x00000006ea000000)
  from space 102400K, 35% used [0x00000006ea000000,0x00000006ec31dda8,0x00000006f0400000)
  to   space 97280K, 0% used [0x00000006f6c80000,0x00000006f6c80000,0x00000006fcb80000)
 ParOldGen       total 366592K, used 262336K [0x00000003c0000000, 0x00000003d6600000, 0x000000066ab00000)
  object space 366592K, 71% used [0x00000003c0000000,0x00000003d0030218,0x00000003d6600000)
 Metaspace       used 98734K, capacity 99903K, committed 100184K, reserved 1136640K
  class space    used 13034K, capacity 13298K, committed 13400K, reserved 1048576K
Event: 93.596 GC heap after
Heap after GC invocations=68 (full 6):
 PSYoungGen      total 2260480K, used 11297K [0x000000066ab00000, 0x00000006fb980000, 0x00000007c0000000)
  eden space 2181632K, 0% used [0x000000066ab00000,0x000000066ab00000,0x00000006efd80000)
  from space 78848K, 14% used [0x00000006f6c80000,0x00000006f7788468,0x00000006fb980000)
  to   space 96256K, 0% used [0x00000006efd80000,0x00000006efd80000,0x00000006f5b80000)
 ParOldGen       total 366592K, used 262360K [0x00000003c0000000, 0x00000003d6600000, 0x000000066ab00000)
  object space 366592K, 71% used [0x00000003c0000000,0x00000003d0036218,0x00000003d6600000)
 Metaspace       used 98734K, capacity 99903K, committed 100184K, reserved 1136640K
  class space    used 13034K, capacity 13298K, committed 13400K, reserved 1048576K
}
Event: 96.676 GC heap before
{Heap before GC invocations=69 (full 6):
 PSYoungGen      total 2260480K, used 2192929K [0x000000066ab00000, 0x00000006fb980000, 0x00000007c0000000)
  eden space 2181632K, 100% used [0x000000066ab00000,0x00000006efd80000,0x00000006efd80000)
  from space 78848K, 14% used [0x00000006f6c80000,0x00000006f7788468,0x00000006fb980000)
  to   space 96256K, 0% used [0x00000006efd80000,0x00000006efd80000,0x00000006f5b80000)
 ParOldGen       total 366592K, used 262360K [0x00000003c0000000, 0x00000003d6600000, 0x000000066ab00000)
  object space 366592K, 71% used [0x00000003c0000000,0x00000003d0036218,0x00000003d6600000)
 Metaspace       used 98734K, capacity 99903K, committed 100184K, reserved 1136640K
  class space    used 13034K, capacity 13298K, committed 13400K, reserved 1048576K
Event: 96.693 GC heap after
Heap after GC invocations=69 (full 6):
 PSYoungGen      total 2277888K, used 12928K [0x000000066ab00000, 0x0000000700c00000, 0x00000007c0000000)
  eden space 2181632K, 0% used [0x000000066ab00000,0x000000066ab00000,0x00000006efd80000)
  from space 96256K, 13% used [0x00000006efd80000,0x00000006f0a201d8,0x00000006f5b80000)
  to   space 94720K, 0% used [0x00000006faf80000,0x00000006faf80000,0x0000000700c00000)
 ParOldGen       total 366592K, used 262384K [0x00000003c0000000, 0x00000003d6600000, 0x000000066ab00000)
  object space 366592K, 71% used [0x00000003c0000000,0x00000003d003c218,0x00000003d6600000)
 Metaspace       used 98734K, capacity 99903K, committed 100184K, reserved 1136640K
  class space    used 13034K, capacity 13298K, committed 13400K, reserved 1048576K
}
Event: 99.738 GC heap before
{Heap before GC invocations=70 (full 6):
 PSYoungGen      total 2277888K, used 2194560K [0x000000066ab00000, 0x0000000700c00000, 0x00000007c0000000)
  eden space 2181632K, 100% used [0x000000066ab00000,0x00000006efd80000,0x00000006efd80000)
  from space 96256K, 13% used [0x00000006efd80000,0x00000006f0a201d8,0x00000006f5b80000)
  to   space 94720K, 0% used [0x00000006faf80000,0x00000006faf80000,0x0000000700c00000)
 ParOldGen       total 366592K, used 262384K [0x00000003c0000000, 0x00000003d6600000, 0x000000066ab00000)
  object space 366592K, 71% used [0x00000003c0000000,0x00000003d003c218,0x00000003d6600000)
 Metaspace       used 98734K, capacity 99903K, committed 100184K, reserved 1136640K
  class space    used 13034K, capacity 13298K, committed 13400K, reserved 1048576K
Event: 99.752 GC heap after
Heap after GC invocations=70 (full 6):
 PSYoungGen      total 2337280K, used 13070K [0x000000066ab00000, 0x00000006ffd00000, 0x00000007c0000000)
  eden space 2257920K, 0% used [0x000000066ab00000,0x000000066ab00000,0x00000006f4800000)
  from space 79360K, 16% used [0x00000006faf80000,0x00000006fbc43a90,0x00000006ffd00000)
  to   space 92672K, 0% used [0x00000006f4800000,0x00000006f4800000,0x00000006fa280000)
 ParOldGen       total 366592K, used 262400K [0x00000003c0000000, 0x00000003d6600000, 0x000000066ab00000)
  object space 366592K, 71% used [0x00000003c0000000,0x00000003d0040218,0x00000003d6600000)
 Metaspace       used 98734K, capacity 99903K, committed 100184K, reserved 1136640K
  class space    used 13034K, capacity 13298K, committed 13400K, reserved 1048576K
}
Event: 102.921 GC heap before
{Heap before GC invocations=71 (full 6):
 PSYoungGen      total 2337280K, used 2270990K [0x000000066ab00000, 0x00000006ffd00000, 0x00000007c0000000)
  eden space 2257920K, 100% used [0x000000066ab00000,0x00000006f4800000,0x00000006f4800000)
  from space 79360K, 16% used [0x00000006faf80000,0x00000006fbc43a90,0x00000006ffd00000)
  to   space 92672K, 0% used [0x00000006f4800000,0x00000006f4800000,0x00000006fa280000)
 ParOldGen       total 366592K, used 262400K [0x00000003c0000000, 0x00000003d6600000, 0x000000066ab00000)
  object space 366592K, 71% used [0x00000003c0000000,0x00000003d0040218,0x00000003d6600000)
 Metaspace       used 98735K, capacity 99903K, committed 100184K, reserved 1136640K
  class space    used 13034K, capacity 13298K, committed 13400K, reserved 1048576K
Event: 102.934 GC heap after
Heap after GC invocations=71 (full 6):
 PSYoungGen      total 2350592K, used 13069K [0x000000066ab00000, 0x0000000703b80000, 0x00000007c0000000)
  eden space 2257920K, 0% used [0x000000066ab00000,0x000000066ab00000,0x00000006f4800000)
  from space 92672K, 14% used [0x00000006f4800000,0x00000006f54c3718,0x00000006fa280000)
  to   space 90112K, 0% used [0x00000006fe380000,0x00000006fe380000,0x0000000703b80000)
 ParOldGen       total 366592K, used 262448K [0x00000003c0000000, 0x00000003d6600000, 0x000000066ab00000)
  object space 366592K, 71% used [0x00000003c0000000,0x00000003d004c218,0x00000003d6600000)
 Metaspace       used 98735K, capacity 99903K, committed 100184K, reserved 1136640K
  class space    used 13034K, capacity 13298K, committed 13400K, reserved 1048576K
}
Event: 106.083 GC heap before
{Heap before GC invocations=72 (full 6):
 PSYoungGen      total 2350592K, used 2270989K [0x000000066ab00000, 0x0000000703b80000, 0x00000007c0000000)
  eden space 2257920K, 100% used [0x000000066ab00000,0x00000006f4800000,0x00000006f4800000)
  from space 92672K, 14% used [0x00000006f4800000,0x00000006f54c3718,0x00000006fa280000)
  to   space 90112K, 0% used [0x00000006fe380000,0x00000006fe380000,0x0000000703b80000)
 ParOldGen       total 366592K, used 262448K [0x00000003c0000000, 0x00000003d6600000, 0x000000066ab00000)
  object space 366592K, 71% used [0x00000003c0000000,0x00000003d004c218,0x00000003d6600000)
 Metaspace       used 98735K, capacity 99903K, committed 100184K, reserved 1136640K
  class space    used 13034K, capacity 13298K, committed 13400K, reserved 1048576K
Event: 106.097 GC heap after
Heap after GC invocations=72 (full 6):
 PSYoungGen      total 2396672K, used 13741K [0x000000066ab00000, 0x0000000702e80000, 0x00000007c0000000)
  eden space 2319872K, 0% used [0x000000066ab00000,0x000000066ab00000,0x00000006f8480000)
  from space 76800K, 17% used [0x00000006fe380000,0x00000006ff0eb500,0x0000000702e80000)
  to   space 87040K, 0% used [0x00000006f8480000,0x00000006f8480000,0x00000006fd980000)
 ParOldGen       total 366592K, used 262464K [0x00000003c0000000, 0x00000003d6600000, 0x000000066ab00000)
  object space 366592K, 71% used [0x00000003c0000000,0x00000003d0050218,0x00000003d6600000)
 Metaspace       used 98735K, capacity 99903K, committed 100184K, reserved 1136640K
  class space    used 13034K, capacity 13298K, committed 13400K, reserved 1048576K
}
Event: 109.345 GC heap before
{Heap before GC invocations=73 (full 6):
 PSYoungGen      total 2396672K, used 2333613K [0x000000066ab00000, 0x0000000702e80000, 0x00000007c0000000)
  eden space 2319872K, 100% used [0x000000066ab00000,0x00000006f8480000,0x00000006f8480000)
  from space 76800K, 17% used [0x00000006fe380000,0x00000006ff0eb500,0x0000000702e80000)
  to   space 87040K, 0% used [0x00000006f8480000,0x00000006f8480000,0x00000006fd980000)
 ParOldGen       total 366592K, used 262464K [0x00000003c0000000, 0x00000003d6600000, 0x000000066ab00000)
  object space 366592K, 71% used [0x00000003c0000000,0x00000003d0050218,0x00000003d6600000)
 Metaspace       used 98735K, capacity 99903K, committed 100184K, reserved 1136640K
  class space    used 13034K, capacity 13298K, committed 13400K, reserved 1048576K
Event: 109.359 GC heap after
Heap after GC invocations=73 (full 6):
 PSYoungGen      total 2406912K, used 13427K [0x000000066ab00000, 0x0000000706080000, 0x00000007c0000000)
  eden space 2319872K, 0% used [0x000000066ab00000,0x000000066ab00000,0x00000006f8480000)
  from space 87040K, 15% used [0x00000006f8480000,0x00000006f919cf10,0x00000006fd980000)
  to   space 83968K, 0% used [0x0000000700e80000,0x0000000700e80000,0x0000000706080000)
 ParOldGen       total 366592K, used 262504K [0x00000003c0000000, 0x00000003d6600000, 0x000000066ab00000)
  object space 366592K, 71% used [0x00000003c0000000,0x00000003d005a218,0x00000003d6600000)
 Metaspace       used 98735K, capacity 99903K, committed 100184K, reserved 1136640K
  class space    used 13034K, capacity 13298K, committed 13400K, reserved 1048576K
}
Event: 112.665 GC heap before
{Heap before GC invocations=74 (full 6):
 PSYoungGen      total 2406912K, used 2333299K [0x000000066ab00000, 0x0000000706080000, 0x00000007c0000000)
  eden space 2319872K, 100% used [0x000000066ab00000,0x00000006f8480000,0x00000006f8480000)
  from space 87040K, 15% used [0x00000006f8480000,0x00000006f919cf10,0x00000006fd980000)
  to   space 83968K, 0% used [0x0000000700e80000,0x0000000700e80000,0x0000000706080000)
 ParOldGen       total 366592K, used 262504K [0x00000003c0000000, 0x00000003d6600000, 0x000000066ab00000)
  object space 366592K, 71% used [0x00000003c0000000,0x00000003d005a218,0x00000003d6600000)
 Metaspace       used 98739K, capacity 99903K, committed 100184K, reserved 1136640K
  class space    used 13034K, capacity 13298K, committed 13400K, reserved 1048576K
Event: 112.683 GC heap after
Heap after GC invocations=74 (full 6):
 PSYoungGen      total 2449920K, used 13003K [0x000000066ab00000, 0x0000000705800000, 0x00000007c0000000)
  eden space 2374656K, 0% used [0x000000066ab00000,0x000000066ab00000,0x00000006fba00000)
  from space 75264K, 17% used [0x0000000700e80000,0x0000000701b32ee0,0x0000000705800000)
  to   space 80896K, 0% used [0x00000006fba00000,0x00000006fba00000,0x0000000700900000)
 ParOldGen       total 366592K, used 262520K [0x00000003c0000000, 0x00000003d6600000, 0x000000066ab00000)
  object space 366592K, 71% used [0x00000003c0000000,0x00000003d005e218,0x00000003d6600000)
 Metaspace       used 98739K, capacity 99903K, committed 100184K, reserved 1136640K
  class space    used 13034K, capacity 13298K, committed 13400K, reserved 1048576K
}
Event: 116.028 GC heap before
{Heap before GC invocations=75 (full 6):
 PSYoungGen      total 2449920K, used 2387659K [0x000000066ab00000, 0x0000000705800000, 0x00000007c0000000)
  eden space 2374656K, 100% used [0x000000066ab00000,0x00000006fba00000,0x00000006fba00000)
  from space 75264K, 17% used [0x0000000700e80000,0x0000000701b32ee0,0x0000000705800000)
  to   space 80896K, 0% used [0x00000006fba00000,0x00000006fba00000,0x0000000700900000)
 ParOldGen       total 366592K, used 262520K [0x00000003c0000000, 0x00000003d6600000, 0x000000066ab00000)
  object space 366592K, 71% used [0x00000003c0000000,0x00000003d005e218,0x00000003d6600000)
 Metaspace       used 98739K, capacity 99903K, committed 100184K, reserved 1136640K
  class space    used 13034K, capacity 13298K, committed 13400K, reserved 1048576K
Event: 116.042 GC heap after
Heap after GC invocations=75 (full 6):
 PSYoungGen      total 2455552K, used 12820K [0x000000066ab00000, 0x0000000708400000, 0x00000007c0000000)
  eden space 2374656K, 0% used [0x000000066ab00000,0x000000066ab00000,0x00000006fba00000)
  from space 80896K, 15% used [0x00000006fba00000,0x00000006fc6851b0,0x0000000700900000)
  to   space 77824K, 0% used [0x0000000703800000,0x0000000703800000,0x0000000708400000)
 ParOldGen       total 366592K, used 262560K [0x00000003c0000000, 0x00000003d6600000, 0x000000066ab00000)
  object space 366592K, 71% used [0x00000003c0000000,0x00000003d0068218,0x00000003d6600000)
 Metaspace       used 98739K, capacity 99903K, committed 100184K, reserved 1136640K
  class space    used 13034K, capacity 13298K, committed 13400K, reserved 1048576K
}
Event: 119.453 GC heap before
{Heap before GC invocations=76 (full 6):
 PSYoungGen      total 2455552K, used 2387476K [0x000000066ab00000, 0x0000000708400000, 0x00000007c0000000)
  eden space 2374656K, 100% used [0x000000066ab00000,0x00000006fba00000,0x00000006fba00000)
  from space 80896K, 15% used [0x00000006fba00000,0x00000006fc6851b0,0x0000000700900000)
  to   space 77824K, 0% used [0x0000000703800000,0x0000000703800000,0x0000000708400000)
 ParOldGen       total 366592K, used 262560K [0x00000003c0000000, 0x00000003d6600000, 0x000000066ab00000)
  object space 366592K, 71% used [0x00000003c0000000,0x00000003d0068218,0x00000003d6600000)
 Metaspace       used 98739K, capacity 99903K, committed 100184K, reserved 1136640K
  class space    used 13034K, capacity 13298K, committed 13400K, reserved 1048576K
Event: 119.467 GC heap after
Heap after GC invocations=76 (full 6):
 PSYoungGen      total 2491392K, used 12951K [0x000000066ab00000, 0x0000000707b00000, 0x00000007c0000000)
  eden space 2422784K, 0% used [0x000000066ab00000,0x000000066ab00000,0x00000006fe900000)
  from space 68608K, 18% used [0x0000000703800000,0x00000007044a5f00,0x0000000707b00000)
  to   space 74752K, 0% used [0x00000006fe900000,0x00000006fe900000,0x0000000703200000)
 ParOldGen       total 366592K, used 262576K [0x00000003c0000000, 0x00000003d6600000, 0x000000066ab00000)
  object space 366592K, 71% used [0x00000003c0000000,0x00000003d006c218,0x00000003d6600000)
 Metaspace       used 98739K, capacity 99903K, committed 100184K, reserved 1136640K
  class space    used 13034K, capacity 13298K, committed 13400K, reserved 1048576K
}
Event: 122.941 GC heap before
{Heap before GC invocations=77 (full 6):
 PSYoungGen      total 2491392K, used 2435735K [0x000000066ab00000, 0x0000000707b00000, 0x00000007c0000000)
  eden space 2422784K, 100% used [0x000000066ab00000,0x00000006fe900000,0x00000006fe900000)
  from space 68608K, 18% used [0x0000000703800000,0x00000007044a5f00,0x0000000707b00000)
  to   space 74752K, 0% used [0x00000006fe900000,0x00000006fe900000,0x0000000703200000)
 ParOldGen       total 366592K, used 262576K [0x00000003c0000000, 0x00000003d6600000, 0x000000066ab00000)
  object space 366592K, 71% used [0x00000003c0000000,0x00000003d006c218,0x00000003d6600000)
 Metaspace       used 98740K, capacity 99903K, committed 100184K, reserved 1136640K
  class space    used 13034K, capacity 13298K, committed 13400K, reserved 1048576K
Event: 122.952 GC heap after
Heap after GC invocations=77 (full 6):
 PSYoungGen      total 2497536K, used 12844K [0x000000066ab00000, 0x0000000709f80000, 0x00000007c0000000)
  eden space 2422784K, 0% used [0x000000066ab00000,0x000000066ab00000,0x00000006fe900000)
  from space 74752K, 17% used [0x00000006fe900000,0x00000006ff58b398,0x0000000703200000)
  to   space 71168K, 0% used [0x0000000705a00000,0x0000000705a00000,0x0000000709f80000)
 ParOldGen       total 366592K, used 262616K [0x00000003c0000000, 0x00000003d6600000, 0x000000066ab00000)
  object space 366592K, 71% used [0x00000003c0000000,0x00000003d0076218,0x00000003d6600000)
 Metaspace       used 98740K, capacity 99903K, committed 100184K, reserved 1136640K
  class space    used 13034K, capacity 13298K, committed 13400K, reserved 1048576K
}
Event: 126.305 GC heap before
{Heap before GC invocations=78 (full 6):
 PSYoungGen      total 2497536K, used 2435628K [0x000000066ab00000, 0x0000000709f80000, 0x00000007c0000000)
  eden space 2422784K, 100% used [0x000000066ab00000,0x00000006fe900000,0x00000006fe900000)
  from space 74752K, 17% used [0x00000006fe900000,0x00000006ff58b398,0x0000000703200000)
  to   space 71168K, 0% used [0x0000000705a00000,0x0000000705a00000,0x0000000709f80000)
 ParOldGen       total 366592K, used 262616K [0x00000003c0000000, 0x00000003d6600000, 0x000000066ab00000)
  object space 366592K, 71% used [0x00000003c0000000,0x00000003d0076218,0x00000003d6600000)
 Metaspace       used 98740K, capacity 99903K, committed 100184K, reserved 1136640K
  class space    used 13034K, capacity 13298K, committed 13400K, reserved 1048576K
Event: 126.318 GC heap after
Heap after GC invocations=78 (full 6):
 PSYoungGen      total 2528256K, used 12755K [0x000000066ab00000, 0x0000000709780000, 0x00000007c0000000)
  eden space 2465280K, 0% used [0x000000066ab00000,0x000000066ab00000,0x0000000701280000)
  from space 62976K, 20% used [0x0000000705a00000,0x0000000706674de0,0x0000000709780000)
  to   space 68096K, 0% used [0x0000000701280000,0x0000000701280000,0x0000000705500000)
 ParOldGen       total 366592K, used 262632K [0x00000003c0000000, 0x00000003d6600000, 0x000000066ab00000)
  object space 366592K, 71% used [0x00000003c0000000,0x00000003d007a218,0x00000003d6600000)
 Metaspace       used 98740K, capacity 99903K, committed 100184K, reserved 1136640K
  class space    used 13034K, capacity 13298K, committed 13400K, reserved 1048576K
}
Event: 129.848 GC heap before
{Heap before GC invocations=79 (full 6):
 PSYoungGen      total 2528256K, used 2478035K [0x000000066ab00000, 0x0000000709780000, 0x00000007c0000000)
  eden space 2465280K, 100% used [0x000000066ab00000,0x0000000701280000,0x0000000701280000)
  from space 62976K, 20% used [0x0000000705a00000,0x0000000706674de0,0x0000000709780000)
  to   space 68096K, 0% used [0x0000000701280000,0x0000000701280000,0x0000000705500000)
 ParOldGen       total 366592K, used 262632K [0x00000003c0000000, 0x00000003d6600000, 0x000000066ab00000)
  object space 366592K, 71% used [0x00000003c0000000,0x00000003d007a218,0x00000003d6600000)
 Metaspace       used 98740K, capacity 99903K, committed 100184K, reserved 1136640K
  class space    used 13034K, capacity 13298K, committed 13400K, reserved 1048576K

