# JRE version: OpenJDK Runtime Environment (8.0_252-b09) (build 1.8.0_252-b09)
# Java VM: OpenJDK 64-Bit Server VM (25.252-b09 mixed mode linux-amd64 compressed oops)
Heap:
 PSYoungGen      total 313856K, used 7948K [0x000000066ab00000, 0x0000000681000000, 0x00000007c0000000)
  eden space 266240K, 0% used [0x000000066ab00000,0x000000066ab00000,0x000000067af00000)
  from space 47616K, 16% used [0x000000067e180000,0x000000067e943318,0x0000000681000000)
  to   space 18432K, 0% used [0x000000067af00000,0x000000067af00000,0x000000067c100000)
 ParOldGen       total 266752K, used 236780K [0x00000003c0000000, 0x00000003d0480000, 0x000000066ab00000)
  object space 266752K, 88% used [0x00000003c0000000,0x00000003ce73b108,0x00000003d0480000)
 Metaspace       used 91675K, capacity 92560K, committed 92760K, reserved 1128448K
  class space    used 12634K, capacity 12848K, committed 12888K, reserved 1048576K
GC Heap History (39 events):
Event: 0.439 GC heap before
{Heap before GC invocations=1 (full 0):
 PSYoungGen      total 18432K, used 15872K [0x000000066ab00000, 0x000000066bf80000, 0x00000007c0000000)
  eden space 15872K, 100% used [0x000000066ab00000,0x000000066ba80000,0x000000066ba80000)
  from space 2560K, 0% used [0x000000066bd00000,0x000000066bd00000,0x000000066bf80000)
  to   space 2560K, 0% used [0x000000066ba80000,0x000000066ba80000,0x000000066bd00000)
 ParOldGen       total 42496K, used 0K [0x00000003c0000000, 0x00000003c2980000, 0x000000066ab00000)
  object space 42496K, 0% used [0x00000003c0000000,0x00000003c0000000,0x00000003c2980000)
 Metaspace       used 4980K, capacity 5944K, committed 6016K, reserved 1056768K
  class space    used 542K, capacity 616K, committed 640K, reserved 1048576K
Event: 0.443 GC heap after
Heap after GC invocations=1 (full 0):
 PSYoungGen      total 18432K, used 2555K [0x000000066ab00000, 0x000000066bf80000, 0x00000007c0000000)
  eden space 15872K, 0% used [0x000000066ab00000,0x000000066ab00000,0x000000066ba80000)
  from space 2560K, 99% used [0x000000066ba80000,0x000000066bcfeca0,0x000000066bd00000)
  to   space 2560K, 0% used [0x000000066bd00000,0x000000066bd00000,0x000000066bf80000)
 ParOldGen       total 42496K, used 474K [0x00000003c0000000, 0x00000003c2980000, 0x000000066ab00000)
  object space 42496K, 1% used [0x00000003c0000000,0x00000003c0076a60,0x00000003c2980000)
 Metaspace       used 4980K, capacity 5944K, committed 6016K, reserved 1056768K
  class space    used 542K, capacity 616K, committed 640K, reserved 1048576K
}
Event: 0.743 GC heap before
{Heap before GC invocations=2 (full 0):
 PSYoungGen      total 18432K, used 18427K [0x000000066ab00000, 0x000000066bf80000, 0x00000007c0000000)
  eden space 15872K, 100% used [0x000000066ab00000,0x000000066ba80000,0x000000066ba80000)
  from space 2560K, 99% used [0x000000066ba80000,0x000000066bcfeca0,0x000000066bd00000)
  to   space 2560K, 0% used [0x000000066bd00000,0x000000066bd00000,0x000000066bf80000)
 ParOldGen       total 42496K, used 474K [0x00000003c0000000, 0x00000003c2980000, 0x000000066ab00000)
  object space 42496K, 1% used [0x00000003c0000000,0x00000003c0076a60,0x00000003c2980000)
 Metaspace       used 9281K, capacity 9328K, committed 9472K, reserved 1056768K
  class space    used 1220K, capacity 1232K, committed 1280K, reserved 1048576K
Event: 0.748 GC heap after
Heap after GC invocations=2 (full 0):
 PSYoungGen      total 18432K, used 2556K [0x000000066ab00000, 0x000000066cf00000, 0x00000007c0000000)
  eden space 15872K, 0% used [0x000000066ab00000,0x000000066ab00000,0x000000066ba80000)
  from space 2560K, 99% used [0x000000066bd00000,0x000000066bf7f2f0,0x000000066bf80000)
  to   space 2560K, 0% used [0x000000066ba80000,0x000000066ba80000,0x000000066bd00000)
 ParOldGen       total 42496K, used 1592K [0x00000003c0000000, 0x00000003c2980000, 0x000000066ab00000)
  object space 42496K, 3% used [0x00000003c0000000,0x00000003c018e270,0x00000003c2980000)
 Metaspace       used 9281K, capacity 9328K, committed 9472K, reserved 1056768K
  class space    used 1220K, capacity 1232K, committed 1280K, reserved 1048576K
}
Event: 0.929 GC heap before
{Heap before GC invocations=3 (full 0):
 PSYoungGen      total 18432K, used 18428K [0x000000066ab00000, 0x000000066cf00000, 0x00000007c0000000)
  eden space 15872K, 100% used [0x000000066ab00000,0x000000066ba80000,0x000000066ba80000)
  from space 2560K, 99% used [0x000000066bd00000,0x000000066bf7f2f0,0x000000066bf80000)
  to   space 2560K, 0% used [0x000000066ba80000,0x000000066ba80000,0x000000066bd00000)
 ParOldGen       total 42496K, used 1592K [0x00000003c0000000, 0x00000003c2980000, 0x000000066ab00000)
  object space 42496K, 3% used [0x00000003c0000000,0x00000003c018e270,0x00000003c2980000)
 Metaspace       used 11361K, capacity 11440K, committed 11648K, reserved 1058816K
  class space    used 1531K, capacity 1552K, committed 1664K, reserved 1048576K
Event: 0.935 GC heap after
Heap after GC invocations=3 (full 0):
 PSYoungGen      total 18432K, used 2532K [0x000000066ab00000, 0x000000066cf00000, 0x00000007c0000000)
  eden space 15872K, 0% used [0x000000066ab00000,0x000000066ab00000,0x000000066ba80000)
  from space 2560K, 98% used [0x000000066ba80000,0x000000066bcf9278,0x000000066bd00000)
  to   space 2560K, 0% used [0x000000066cc80000,0x000000066cc80000,0x000000066cf00000)
 ParOldGen       total 42496K, used 2819K [0x00000003c0000000, 0x00000003c2980000, 0x000000066ab00000)
  object space 42496K, 6% used [0x00000003c0000000,0x00000003c02c0f78,0x00000003c2980000)
 Metaspace       used 11361K, capacity 11440K, committed 11648K, reserved 1058816K
  class space    used 1531K, capacity 1552K, committed 1664K, reserved 1048576K
}
Event: 1.144 GC heap before
{Heap before GC invocations=4 (full 0):
 PSYoungGen      total 18432K, used 18404K [0x000000066ab00000, 0x000000066cf00000, 0x00000007c0000000)
  eden space 15872K, 100% used [0x000000066ab00000,0x000000066ba80000,0x000000066ba80000)
  from space 2560K, 98% used [0x000000066ba80000,0x000000066bcf9278,0x000000066bd00000)
  to   space 2560K, 0% used [0x000000066cc80000,0x000000066cc80000,0x000000066cf00000)
 ParOldGen       total 42496K, used 2819K [0x00000003c0000000, 0x00000003c2980000, 0x000000066ab00000)
  object space 42496K, 6% used [0x00000003c0000000,0x00000003c02c0f78,0x00000003c2980000)
 Metaspace       used 12931K, capacity 13072K, committed 13312K, reserved 1060864K
  class space    used 1728K, capacity 1776K, committed 1792K, reserved 1048576K
Event: 1.153 GC heap after
Heap after GC invocations=4 (full 0):
 PSYoungGen      total 34304K, used 2542K [0x000000066ab00000, 0x000000066cf00000, 0x00000007c0000000)
  eden space 31744K, 0% used [0x000000066ab00000,0x000000066ab00000,0x000000066ca00000)
  from space 2560K, 99% used [0x000000066cc80000,0x000000066cefba28,0x000000066cf00000)
  to   space 2560K, 0% used [0x000000066ca00000,0x000000066ca00000,0x000000066cc80000)
 ParOldGen       total 42496K, used 3883K [0x00000003c0000000, 0x00000003c2980000, 0x000000066ab00000)
  object space 42496K, 9% used [0x00000003c0000000,0x00000003c03cadb0,0x00000003c2980000)
 Metaspace       used 12931K, capacity 13072K, committed 13312K, reserved 1060864K
  class space    used 1728K, capacity 1776K, committed 1792K, reserved 1048576K
}
Event: 1.754 GC heap before
{Heap before GC invocations=5 (full 0):
 PSYoungGen      total 34304K, used 34286K [0x000000066ab00000, 0x000000066cf00000, 0x00000007c0000000)
  eden space 31744K, 100% used [0x000000066ab00000,0x000000066ca00000,0x000000066ca00000)
  from space 2560K, 99% used [0x000000066cc80000,0x000000066cefba28,0x000000066cf00000)
  to   space 2560K, 0% used [0x000000066ca00000,0x000000066ca00000,0x000000066cc80000)
 ParOldGen       total 42496K, used 3883K [0x00000003c0000000, 0x00000003c2980000, 0x000000066ab00000)
  object space 42496K, 9% used [0x00000003c0000000,0x00000003c03cadb0,0x00000003c2980000)
 Metaspace       used 15328K, capacity 15414K, committed 15616K, reserved 1062912K
  class space    used 1979K, capacity 2001K, committed 2048K, reserved 1048576K
Event: 1.772 GC heap after
Heap after GC invocations=5 (full 0):
 PSYoungGen      total 34304K, used 2542K [0x000000066ab00000, 0x000000066f300000, 0x00000007c0000000)
  eden space 31744K, 0% used [0x000000066ab00000,0x000000066ab00000,0x000000066ca00000)
  from space 2560K, 99% used [0x000000066ca00000,0x000000066cc7ba28,0x000000066cc80000)
  to   space 5120K, 0% used [0x000000066ee00000,0x000000066ee00000,0x000000066f300000)
 ParOldGen       total 42496K, used 6273K [0x00000003c0000000, 0x00000003c2980000, 0x000000066ab00000)
  object space 42496K, 14% used [0x00000003c0000000,0x00000003c0620678,0x00000003c2980000)
 Metaspace       used 15328K, capacity 15414K, committed 15616K, reserved 1062912K
  class space    used 1979K, capacity 2001K, committed 2048K, reserved 1048576K
}
Event: 2.161 GC heap before
{Heap before GC invocations=6 (full 0):
 PSYoungGen      total 34304K, used 34286K [0x000000066ab00000, 0x000000066f300000, 0x00000007c0000000)
  eden space 31744K, 100% used [0x000000066ab00000,0x000000066ca00000,0x000000066ca00000)
  from space 2560K, 99% used [0x000000066ca00000,0x000000066cc7ba28,0x000000066cc80000)
  to   space 5120K, 0% used [0x000000066ee00000,0x000000066ee00000,0x000000066f300000)
 ParOldGen       total 42496K, used 6273K [0x00000003c0000000, 0x00000003c2980000, 0x000000066ab00000)
  object space 42496K, 14% used [0x00000003c0000000,0x00000003c0620678,0x00000003c2980000)
 Metaspace       used 15705K, capacity 15816K, committed 16128K, reserved 1062912K
  class space    used 1982K, capacity 2004K, committed 2048K, reserved 1048576K
Event: 2.171 GC heap after
Heap after GC invocations=6 (full 0):
 PSYoungGen      total 68608K, used 3486K [0x000000066ab00000, 0x000000066f300000, 0x00000007c0000000)
  eden space 63488K, 0% used [0x000000066ab00000,0x000000066ab00000,0x000000066e900000)
  from space 5120K, 68% used [0x000000066ee00000,0x000000066f167a18,0x000000066f300000)
  to   space 5120K, 0% used [0x000000066e900000,0x000000066e900000,0x000000066ee00000)
 ParOldGen       total 42496K, used 6273K [0x00000003c0000000, 0x00000003c2980000, 0x000000066ab00000)
  object space 42496K, 14% used [0x00000003c0000000,0x00000003c0620678,0x00000003c2980000)
 Metaspace       used 15705K, capacity 15816K, committed 16128K, reserved 1062912K
  class space    used 1982K, capacity 2004K, committed 2048K, reserved 1048576K
}
Event: 2.748 GC heap before
{Heap before GC invocations=7 (full 0):
 PSYoungGen      total 68608K, used 66974K [0x000000066ab00000, 0x000000066f300000, 0x00000007c0000000)
  eden space 63488K, 100% used [0x000000066ab00000,0x000000066e900000,0x000000066e900000)
  from space 5120K, 68% used [0x000000066ee00000,0x000000066f167a18,0x000000066f300000)
  to   space 5120K, 0% used [0x000000066e900000,0x000000066e900000,0x000000066ee00000)
 ParOldGen       total 42496K, used 6273K [0x00000003c0000000, 0x00000003c2980000, 0x000000066ab00000)
  object space 42496K, 14% used [0x00000003c0000000,0x00000003c0620678,0x00000003c2980000)
 Metaspace       used 16995K, capacity 17064K, committed 17408K, reserved 1064960K
  class space    used 2187K, capacity 2228K, committed 2304K, reserved 1048576K
Event: 2.757 GC heap after
Heap after GC invocations=7 (full 0):
 PSYoungGen      total 68608K, used 2921K [0x000000066ab00000, 0x0000000673100000, 0x00000007c0000000)
  eden space 63488K, 0% used [0x000000066ab00000,0x000000066ab00000,0x000000066e900000)
  from space 5120K, 57% used [0x000000066e900000,0x000000066ebda628,0x000000066ee00000)
  to   space 5120K, 0% used [0x0000000672c00000,0x0000000672c00000,0x0000000673100000)
 ParOldGen       total 42496K, used 7206K [0x00000003c0000000, 0x00000003c2980000, 0x000000066ab00000)
  object space 42496K, 16% used [0x00000003c0000000,0x00000003c07098e8,0x00000003c2980000)
 Metaspace       used 16995K, capacity 17064K, committed 17408K, reserved 1064960K
  class space    used 2187K, capacity 2228K, committed 2304K, reserved 1048576K
}
Event: 3.242 GC heap before
{Heap before GC invocations=8 (full 0):
 PSYoungGen      total 68608K, used 43439K [0x000000066ab00000, 0x0000000673100000, 0x00000007c0000000)
  eden space 63488K, 63% used [0x000000066ab00000,0x000000066d291910,0x000000066e900000)
  from space 5120K, 57% used [0x000000066e900000,0x000000066ebda628,0x000000066ee00000)
  to   space 5120K, 0% used [0x0000000672c00000,0x0000000672c00000,0x0000000673100000)
 ParOldGen       total 42496K, used 7206K [0x00000003c0000000, 0x00000003c2980000, 0x000000066ab00000)
  object space 42496K, 16% used [0x00000003c0000000,0x00000003c07098e8,0x00000003c2980000)
 Metaspace       used 20831K, capacity 21000K, committed 21248K, reserved 1067008K
  class space    used 2653K, capacity 2728K, committed 2816K, reserved 1048576K
Event: 3.257 GC heap after
Heap after GC invocations=8 (full 0):
 PSYoungGen      total 132096K, used 3908K [0x000000066ab00000, 0x0000000673100000, 0x00000007c0000000)
  eden space 126976K, 0% used [0x000000066ab00000,0x000000066ab00000,0x0000000672700000)
  from space 5120K, 76% used [0x0000000672c00000,0x0000000672fd13c0,0x0000000673100000)
  to   space 5120K, 0% used [0x0000000672700000,0x0000000672700000,0x0000000672c00000)
 ParOldGen       total 42496K, used 7772K [0x00000003c0000000, 0x00000003c2980000, 0x000000066ab00000)
  object space 42496K, 18% used [0x00000003c0000000,0x00000003c0797078,0x00000003c2980000)
 Metaspace       used 20831K, capacity 21000K, committed 21248K, reserved 1067008K
  class space    used 2653K, capacity 2728K, committed 2816K, reserved 1048576K
}
Event: 3.257 GC heap before
{Heap before GC invocations=9 (full 1):
 PSYoungGen      total 132096K, used 3908K [0x000000066ab00000, 0x0000000673100000, 0x00000007c0000000)
  eden space 126976K, 0% used [0x000000066ab00000,0x000000066ab00000,0x0000000672700000)
  from space 5120K, 76% used [0x0000000672c00000,0x0000000672fd13c0,0x0000000673100000)
  to   space 5120K, 0% used [0x0000000672700000,0x0000000672700000,0x0000000672c00000)
 ParOldGen       total 42496K, used 7772K [0x00000003c0000000, 0x00000003c2980000, 0x000000066ab00000)
  object space 42496K, 18% used [0x00000003c0000000,0x00000003c0797078,0x00000003c2980000)
 Metaspace       used 20831K, capacity 21000K, committed 21248K, reserved 1067008K
  class space    used 2653K, capacity 2728K, committed 2816K, reserved 1048576K
Event: 3.300 GC heap after
Heap after GC invocations=9 (full 1):
 PSYoungGen      total 132096K, used 0K [0x000000066ab00000, 0x0000000673100000, 0x00000007c0000000)
  eden space 126976K, 0% used [0x000000066ab00000,0x000000066ab00000,0x0000000672700000)
  from space 5120K, 0% used [0x0000000672c00000,0x0000000672c00000,0x0000000673100000)
  to   space 5120K, 0% used [0x0000000672700000,0x0000000672700000,0x0000000672c00000)
 ParOldGen       total 30208K, used 6243K [0x00000003c0000000, 0x00000003c1d80000, 0x000000066ab00000)
  object space 30208K, 20% used [0x00000003c0000000,0x00000003c0618ea8,0x00000003c1d80000)
 Metaspace       used 20831K, capacity 21000K, committed 21248K, reserved 1067008K
  class space    used 2653K, capacity 2728K, committed 2816K, reserved 1048576K
}
Event: 5.186 GC heap before
{Heap before GC invocations=10 (full 1):
 PSYoungGen      total 132096K, used 126976K [0x000000066ab00000, 0x0000000673100000, 0x00000007c0000000)
  eden space 126976K, 100% used [0x000000066ab00000,0x0000000672700000,0x0000000672700000)
  from space 5120K, 0% used [0x0000000672c00000,0x0000000672c00000,0x0000000673100000)
  to   space 5120K, 0% used [0x0000000672700000,0x0000000672700000,0x0000000672c00000)
 ParOldGen       total 30208K, used 6243K [0x00000003c0000000, 0x00000003c1d80000, 0x000000066ab00000)
  object space 30208K, 20% used [0x00000003c0000000,0x00000003c0618ea8,0x00000003c1d80000)
 Metaspace       used 32409K, capacity 32610K, committed 33024K, reserved 1077248K
  class space    used 4223K, capacity 4309K, committed 4352K, reserved 1048576K
Event: 5.205 GC heap after
Heap after GC invocations=10 (full 1):
 PSYoungGen      total 132096K, used 5099K [0x000000066ab00000, 0x0000000676500000, 0x00000007c0000000)
  eden space 126976K, 0% used [0x000000066ab00000,0x000000066ab00000,0x0000000672700000)
  from space 5120K, 99% used [0x0000000672700000,0x0000000672bfaea0,0x0000000672c00000)
  to   space 8192K, 0% used [0x0000000675d00000,0x0000000675d00000,0x0000000676500000)
 ParOldGen       total 30208K, used 13350K [0x00000003c0000000, 0x00000003c1d80000, 0x000000066ab00000)
  object space 30208K, 44% used [0x00000003c0000000,0x00000003c0d099a0,0x00000003c1d80000)
 Metaspace       used 32409K, capacity 32610K, committed 33024K, reserved 1077248K
  class space    used 4223K, capacity 4309K, committed 4352K, reserved 1048576K
}
Event: 6.677 GC heap before
{Heap before GC invocations=11 (full 1):
 PSYoungGen      total 132096K, used 65084K [0x000000066ab00000, 0x0000000676500000, 0x00000007c0000000)
  eden space 126976K, 47% used [0x000000066ab00000,0x000000066e594168,0x0000000672700000)
  from space 5120K, 99% used [0x0000000672700000,0x0000000672bfaea0,0x0000000672c00000)
  to   space 8192K, 0% used [0x0000000675d00000,0x0000000675d00000,0x0000000676500000)
 ParOldGen       total 30208K, used 13350K [0x00000003c0000000, 0x00000003c1d80000, 0x000000066ab00000)
  object space 30208K, 44% used [0x00000003c0000000,0x00000003c0d099a0,0x00000003c1d80000)
 Metaspace       used 34901K, capacity 35106K, committed 35416K, reserved 1079296K
  class space    used 4565K, capacity 4629K, committed 4696K, reserved 1048576K
Event: 6.691 GC heap after
Heap after GC invocations=11 (full 1):
 PSYoungGen      total 177152K, used 5731K [0x000000066ab00000, 0x0000000676300000, 0x00000007c0000000)
  eden space 171008K, 0% used [0x000000066ab00000,0x000000066ab00000,0x0000000675200000)
  from space 6144K, 93% used [0x0000000675d00000,0x0000000676298fc8,0x0000000676300000)
  to   space 8704K, 0% used [0x0000000675200000,0x0000000675200000,0x0000000675a80000)
 ParOldGen       total 30208K, used 13350K [0x00000003c0000000, 0x00000003c1d80000, 0x000000066ab00000)
  object space 30208K, 44% used [0x00000003c0000000,0x00000003c0d099a0,0x00000003c1d80000)
 Metaspace       used 34901K, capacity 35106K, committed 35416K, reserved 1079296K
  class space    used 4565K, capacity 4629K, committed 4696K, reserved 1048576K
}
Event: 6.691 GC heap before
{Heap before GC invocations=12 (full 2):
 PSYoungGen      total 177152K, used 5731K [0x000000066ab00000, 0x0000000676300000, 0x00000007c0000000)
  eden space 171008K, 0% used [0x000000066ab00000,0x000000066ab00000,0x0000000675200000)
  from space 6144K, 93% used [0x0000000675d00000,0x0000000676298fc8,0x0000000676300000)
  to   space 8704K, 0% used [0x0000000675200000,0x0000000675200000,0x0000000675a80000)
 ParOldGen       total 30208K, used 13350K [0x00000003c0000000, 0x00000003c1d80000, 0x000000066ab00000)
  object space 30208K, 44% used [0x00000003c0000000,0x00000003c0d099a0,0x00000003c1d80000)
 Metaspace       used 34901K, capacity 35106K, committed 35416K, reserved 1079296K
  class space    used 4565K, capacity 4629K, committed 4696K, reserved 1048576K
Event: 6.750 GC heap after
Heap after GC invocations=12 (full 2):
 PSYoungGen      total 177152K, used 0K [0x000000066ab00000, 0x0000000676300000, 0x00000007c0000000)
  eden space 171008K, 0% used [0x000000066ab00000,0x000000066ab00000,0x0000000675200000)
  from space 6144K, 0% used [0x0000000675d00000,0x0000000675d00000,0x0000000676300000)
  to   space 8704K, 0% used [0x0000000675200000,0x0000000675200000,0x0000000675a80000)
 ParOldGen       total 45568K, used 9370K [0x00000003c0000000, 0x00000003c2c80000, 0x000000066ab00000)
  object space 45568K, 20% used [0x00000003c0000000,0x00000003c09268a8,0x00000003c2c80000)
 Metaspace       used 34901K, capacity 35106K, committed 35416K, reserved 1079296K
  class space    used 4565K, capacity 4629K, committed 4696K, reserved 1048576K
}
Event: 17.662 GC heap before
{Heap before GC invocations=13 (full 2):
 PSYoungGen      total 177152K, used 170313K [0x000000066ab00000, 0x0000000676300000, 0x00000007c0000000)
  eden space 171008K, 99% used [0x000000066ab00000,0x0000000675152760,0x0000000675200000)
  from space 6144K, 0% used [0x0000000675d00000,0x0000000675d00000,0x0000000676300000)
  to   space 8704K, 0% used [0x0000000675200000,0x0000000675200000,0x0000000675a80000)
 ParOldGen       total 45568K, used 9370K [0x00000003c0000000, 0x00000003c2c80000, 0x000000066ab00000)
  object space 45568K, 20% used [0x00000003c0000000,0x00000003c09268a8,0x00000003c2c80000)
 Metaspace       used 51556K, capacity 51894K, committed 52312K, reserved 1093632K
  class space    used 7119K, capacity 7202K, committed 7256K, reserved 1048576K
Event: 17.683 GC heap after
Heap after GC invocations=13 (full 2):
 PSYoungGen      total 179712K, used 8700K [0x000000066ab00000, 0x0000000679d80000, 0x00000007c0000000)
  eden space 171008K, 0% used [0x000000066ab00000,0x000000066ab00000,0x0000000675200000)
  from space 8704K, 99% used [0x0000000675200000,0x0000000675a7f190,0x0000000675a80000)
  to   space 13824K, 0% used [0x0000000679000000,0x0000000679000000,0x0000000679d80000)
 ParOldGen       total 45568K, used 21268K [0x00000003c0000000, 0x00000003c2c80000, 0x000000066ab00000)
  object space 45568K, 46% used [0x00000003c0000000,0x00000003c14c5258,0x00000003c2c80000)
 Metaspace       used 51556K, capacity 51894K, committed 52312K, reserved 1093632K
  class space    used 7119K, capacity 7202K, committed 7256K, reserved 1048576K
}
Event: 23.443 GC heap before
{Heap before GC invocations=14 (full 2):
 PSYoungGen      total 179712K, used 162714K [0x000000066ab00000, 0x0000000679d80000, 0x00000007c0000000)
  eden space 171008K, 90% used [0x000000066ab00000,0x0000000674167958,0x0000000675200000)
  from space 8704K, 99% used [0x0000000675200000,0x0000000675a7f190,0x0000000675a80000)
  to   space 13824K, 0% used [0x0000000679000000,0x0000000679000000,0x0000000679d80000)
 ParOldGen       total 45568K, used 21268K [0x00000003c0000000, 0x00000003c2c80000, 0x000000066ab00000)
  object space 45568K, 46% used [0x00000003c0000000,0x00000003c14c5258,0x00000003c2c80000)
 Metaspace       used 58425K, capacity 58816K, committed 58968K, reserved 1099776K
  class space    used 8151K, capacity 8265K, committed 8280K, reserved 1048576K
Event: 23.479 GC heap after
Heap after GC invocations=14 (full 2):
 PSYoungGen      total 226304K, used 7808K [0x000000066ab00000, 0x0000000679980000, 0x00000007c0000000)
  eden space 216576K, 0% used [0x000000066ab00000,0x000000066ab00000,0x0000000677e80000)
  from space 9728K, 80% used [0x0000000679000000,0x00000006797a0348,0x0000000679980000)
  to   space 13824K, 0% used [0x0000000677e80000,0x0000000677e80000,0x0000000678c00000)
 ParOldGen       total 62464K, used 59565K [0x00000003c0000000, 0x00000003c3d00000, 0x000000066ab00000)
  object space 62464K, 95% used [0x00000003c0000000,0x00000003c3a2b688,0x00000003c3d00000)
 Metaspace       used 58425K, capacity 58816K, committed 58968K, reserved 1099776K
  class space    used 8151K, capacity 8265K, committed 8280K, reserved 1048576K
}
Event: 23.479 GC heap before
{Heap before GC invocations=15 (full 3):
 PSYoungGen      total 226304K, used 7808K [0x000000066ab00000, 0x0000000679980000, 0x00000007c0000000)
  eden space 216576K, 0% used [0x000000066ab00000,0x000000066ab00000,0x0000000677e80000)
  from space 9728K, 80% used [0x0000000679000000,0x00000006797a0348,0x0000000679980000)
  to   space 13824K, 0% used [0x0000000677e80000,0x0000000677e80000,0x0000000678c00000)
 ParOldGen       total 62464K, used 59565K [0x00000003c0000000, 0x00000003c3d00000, 0x000000066ab00000)
  object space 62464K, 95% used [0x00000003c0000000,0x00000003c3a2b688,0x00000003c3d00000)
 Metaspace       used 58425K, capacity 58816K, committed 58968K, reserved 1099776K
  class space    used 8151K, capacity 8265K, committed 8280K, reserved 1048576K
Event: 23.599 GC heap after
Heap after GC invocations=15 (full 3):
 PSYoungGen      total 226304K, used 0K [0x000000066ab00000, 0x0000000679980000, 0x00000007c0000000)
  eden space 216576K, 0% used [0x000000066ab00000,0x000000066ab00000,0x0000000677e80000)
  from space 9728K, 0% used [0x0000000679000000,0x0000000679000000,0x0000000679980000)
  to   space 13824K, 0% used [0x0000000677e80000,0x0000000677e80000,0x0000000678c00000)
 ParOldGen       total 114688K, used 51742K [0x00000003c0000000, 0x00000003c7000000, 0x000000066ab00000)
  object space 114688K, 45% used [0x00000003c0000000,0x00000003c3287b08,0x00000003c7000000)
 Metaspace       used 58421K, capacity 58810K, committed 58968K, reserved 1099776K
  class space    used 8150K, capacity 8264K, committed 8280K, reserved 1048576K
}
Event: 27.475 GC heap before
{Heap before GC invocations=16 (full 3):
 PSYoungGen      total 226304K, used 209046K [0x000000066ab00000, 0x0000000679980000, 0x00000007c0000000)
  eden space 216576K, 96% used [0x000000066ab00000,0x0000000677725b58,0x0000000677e80000)
  from space 9728K, 0% used [0x0000000679000000,0x0000000679000000,0x0000000679980000)
  to   space 13824K, 0% used [0x0000000677e80000,0x0000000677e80000,0x0000000678c00000)
 ParOldGen       total 114688K, used 51742K [0x00000003c0000000, 0x00000003c7000000, 0x000000066ab00000)
  object space 114688K, 45% used [0x00000003c0000000,0x00000003c3287b08,0x00000003c7000000)
 Metaspace       used 77632K, capacity 78212K, committed 78424K, reserved 1116160K
  class space    used 11114K, capacity 11248K, committed 11352K, reserved 1048576K
Event: 27.503 GC heap after
Heap after GC invocations=16 (full 3):
 PSYoungGen      total 230400K, used 13808K [0x000000066ab00000, 0x000000067df80000, 0x00000007c0000000)
  eden space 216576K, 0% used [0x000000066ab00000,0x000000066ab00000,0x0000000677e80000)
  from space 13824K, 99% used [0x0000000677e80000,0x0000000678bfc238,0x0000000678c00000)
  to   space 19456K, 0% used [0x000000067cc80000,0x000000067cc80000,0x000000067df80000)
 ParOldGen       total 114688K, used 61255K [0x00000003c0000000, 0x00000003c7000000, 0x000000066ab00000)
  object space 114688K, 53% used [0x00000003c0000000,0x00000003c3bd1c28,0x00000003c7000000)
 Metaspace       used 77632K, capacity 78212K, committed 78424K, reserved 1116160K
  class space    used 11114K, capacity 11248K, committed 11352K, reserved 1048576K
}
Event: 1105.693 GC heap before
{Heap before GC invocations=17 (full 3):
 PSYoungGen      total 230400K, used 230384K [0x000000066ab00000, 0x000000067df80000, 0x00000007c0000000)
  eden space 216576K, 100% used [0x000000066ab00000,0x0000000677e80000,0x0000000677e80000)
  from space 13824K, 99% used [0x0000000677e80000,0x0000000678bfc238,0x0000000678c00000)
  to   space 19456K, 0% used [0x000000067cc80000,0x000000067cc80000,0x000000067df80000)
 ParOldGen       total 114688K, used 61255K [0x00000003c0000000, 0x00000003c7000000, 0x000000066ab00000)
  object space 114688K, 53% used [0x00000003c0000000,0x00000003c3bd1c28,0x00000003c7000000)
 Metaspace       used 81542K, capacity 82140K, committed 82520K, reserved 1120256K
  class space    used 11601K, capacity 11770K, committed 11864K, reserved 1048576K
Event: 1105.709 GC heap after
Heap after GC invocations=17 (full 3):
 PSYoungGen      total 214528K, used 6168K [0x000000066ab00000, 0x000000067d300000, 0x00000007c0000000)
  eden space 207872K, 0% used [0x000000066ab00000,0x000000066ab00000,0x0000000677600000)
  from space 6656K, 92% used [0x000000067cc80000,0x000000067d2860a0,0x000000067d300000)
  to   space 18432K, 0% used [0x000000067af00000,0x000000067af00000,0x000000067c100000)
 ParOldGen       total 114688K, used 68003K [0x00000003c0000000, 0x00000003c7000000, 0x000000066ab00000)
  object space 114688K, 59% used [0x00000003c0000000,0x00000003c4268ce8,0x00000003c7000000)
 Metaspace       used 81542K, capacity 82140K, committed 82520K, reserved 1120256K
  class space    used 11601K, capacity 11770K, committed 11864K, reserved 1048576K
}
Event: 1107.982 GC heap before
{Heap before GC invocations=18 (full 3):
 PSYoungGen      total 214528K, used 210970K [0x000000066ab00000, 0x000000067d300000, 0x00000007c0000000)
  eden space 207872K, 98% used [0x000000066ab00000,0x0000000677300828,0x0000000677600000)
  from space 6656K, 92% used [0x000000067cc80000,0x000000067d2860a0,0x000000067d300000)
  to   space 18432K, 0% used [0x000000067af00000,0x000000067af00000,0x000000067c100000)
 ParOldGen       total 114688K, used 68003K [0x00000003c0000000, 0x00000003c7000000, 0x000000066ab00000)
  object space 114688K, 59% used [0x00000003c0000000,0x00000003c4268ce8,0x00000003c7000000)
 Metaspace       used 84888K, capacity 85780K, committed 86104K, reserved 1122304K
  class space    used 12059K, capacity 12274K, committed 12376K, reserved 1048576K
Event: 1108.042 GC heap after
Heap after GC invocations=18 (full 3):
 PSYoungGen      total 284672K, used 18404K [0x000000066ab00000, 0x0000000681000000, 0x00000007c0000000)
  eden space 266240K, 0% used [0x000000066ab00000,0x000000066ab00000,0x000000067af00000)
  from space 18432K, 99% used [0x000000067af00000,0x000000067c0f9398,0x000000067c100000)
  to   space 47616K, 0% used [0x000000067e180000,0x000000067e180000,0x0000000681000000)
 ParOldGen       total 150016K, used 138302K [0x00000003c0000000, 0x00000003c9280000, 0x000000066ab00000)
  object space 150016K, 92% used [0x00000003c0000000,0x00000003c870fad8,0x00000003c9280000)
 Metaspace       used 84888K, capacity 85780K, committed 86104K, reserved 1122304K
  class space    used 12059K, capacity 12274K, committed 12376K, reserved 1048576K
}
Event: 1108.043 GC heap before
{Heap before GC invocations=19 (full 4):
 PSYoungGen      total 284672K, used 18404K [0x000000066ab00000, 0x0000000681000000, 0x00000007c0000000)
  eden space 266240K, 0% used [0x000000066ab00000,0x000000066ab00000,0x000000067af00000)
  from space 18432K, 99% used [0x000000067af00000,0x000000067c0f9398,0x000000067c100000)
  to   space 47616K, 0% used [0x000000067e180000,0x000000067e180000,0x0000000681000000)
 ParOldGen       total 150016K, used 138302K [0x00000003c0000000, 0x00000003c9280000, 0x000000066ab00000)
  object space 150016K, 92% used [0x00000003c0000000,0x00000003c870fad8,0x00000003c9280000)
 Metaspace       used 84888K, capacity 85780K, committed 86104K, reserved 1122304K
  class space    used 12059K, capacity 12274K, committed 12376K, reserved 1048576K
Event: 1108.164 GC heap after
Heap after GC invocations=19 (full 4):
 PSYoungGen      total 284672K, used 0K [0x000000066ab00000, 0x0000000681000000, 0x00000007c0000000)
  eden space 266240K, 0% used [0x000000066ab00000,0x000000066ab00000,0x000000067af00000)
  from space 18432K, 0% used [0x000000067af00000,0x000000067af00000,0x000000067c100000)
  to   space 47616K, 0% used [0x000000067e180000,0x000000067e180000,0x0000000681000000)
 ParOldGen       total 200704K, used 105700K [0x00000003c0000000, 0x00000003cc400000, 0x000000066ab00000)
  object space 200704K, 52% used [0x00000003c0000000,0x00000003c67390e8,0x00000003cc400000)
 Metaspace       used 84883K, capacity 85772K, committed 86104K, reserved 1122304K
  class space    used 12058K, capacity 12272K, committed 12376K, reserved 1048576K
}
Event: 1109.885 GC heap before
{Heap before GC invocations=20 (full 4):
 PSYoungGen      total 284672K, used 266240K [0x000000066ab00000, 0x0000000681000000, 0x00000007c0000000)
  eden space 266240K, 100% used [0x000000066ab00000,0x000000067af00000,0x000000067af00000)
  from space 18432K, 0% used [0x000000067af00000,0x000000067af00000,0x000000067c100000)
  to   space 47616K, 0% used [0x000000067e180000,0x000000067e180000,0x0000000681000000)
 ParOldGen       total 200704K, used 105700K [0x00000003c0000000, 0x00000003cc400000, 0x000000066ab00000)
  object space 200704K, 52% used [0x00000003c0000000,0x00000003c67390e8,0x00000003cc400000)
 Metaspace       used 91675K, capacity 92560K, committed 92760K, reserved 1128448K
  class space    used 12634K, capacity 12848K, committed 12888K, reserved 1048576K

