# JRE version: OpenJDK Runtime Environment (8.0_252-b09) (build 1.8.0_252-b09)
# Java VM: OpenJDK 64-Bit Server VM (25.252-b09 mixed mode linux-amd64 compressed oops)
Heap:
 PSYoungGen      total 2496512K, used 20379K [0x000000066ab00000, 0x0000000709080000, 0x00000007c0000000)
  eden space 2398720K, 0% used [0x000000066ab00000,0x000000066ab00000,0x00000006fd180000)
  from space 97792K, 20% used [0x00000006fd180000,0x00000006fe566e08,0x0000000703100000)
  to   space 68608K, 0% used [0x0000000704d80000,0x0000000704d80000,0x0000000709080000)
 ParOldGen       total 362496K, used 280042K [0x00000003c0000000, 0x00000003d6200000, 0x000000066ab00000)
  object space 362496K, 77% used [0x00000003c0000000,0x00000003d117aa58,0x00000003d6200000)
 Metaspace       used 97963K, capacity 99105K, committed 99288K, reserved 1134592K
  class space    used 12955K, capacity 13229K, committed 13272K, reserved 1048576K
GC Heap History (99 events):
Event: 0.522 GC heap before
{Heap before GC invocations=1 (full 0):
 PSYoungGen      total 18432K, used 15872K [0x000000066ab00000, 0x000000066bf80000, 0x00000007c0000000)
  eden space 15872K, 100% used [0x000000066ab00000,0x000000066ba80000,0x000000066ba80000)
  from space 2560K, 0% used [0x000000066bd00000,0x000000066bd00000,0x000000066bf80000)
  to   space 2560K, 0% used [0x000000066ba80000,0x000000066ba80000,0x000000066bd00000)
 ParOldGen       total 42496K, used 0K [0x00000003c0000000, 0x00000003c2980000, 0x000000066ab00000)
  object space 42496K, 0% used [0x00000003c0000000,0x00000003c0000000,0x00000003c2980000)
 Metaspace       used 4970K, capacity 5944K, committed 6016K, reserved 1056768K
  class space    used 542K, capacity 616K, committed 640K, reserved 1048576K
Event: 0.528 GC heap after
Heap after GC invocations=1 (full 0):
 PSYoungGen      total 18432K, used 2555K [0x000000066ab00000, 0x000000066cf00000, 0x00000007c0000000)
  eden space 15872K, 0% used [0x000000066ab00000,0x000000066ab00000,0x000000066ba80000)
  from space 2560K, 99% used [0x000000066ba80000,0x000000066bcfeca0,0x000000066bd00000)
  to   space 2560K, 0% used [0x000000066cc80000,0x000000066cc80000,0x000000066cf00000)
 ParOldGen       total 42496K, used 474K [0x00000003c0000000, 0x00000003c2980000, 0x000000066ab00000)
  object space 42496K, 1% used [0x00000003c0000000,0x00000003c0076a60,0x00000003c2980000)
 Metaspace       used 4970K, capacity 5944K, committed 6016K, reserved 1056768K
  class space    used 542K, capacity 616K, committed 640K, reserved 1048576K
}
Event: 1.127 GC heap before
{Heap before GC invocations=2 (full 0):
 PSYoungGen      total 18432K, used 18427K [0x000000066ab00000, 0x000000066cf00000, 0x00000007c0000000)
  eden space 15872K, 100% used [0x000000066ab00000,0x000000066ba80000,0x000000066ba80000)
  from space 2560K, 99% used [0x000000066ba80000,0x000000066bcfeca0,0x000000066bd00000)
  to   space 2560K, 0% used [0x000000066cc80000,0x000000066cc80000,0x000000066cf00000)
 ParOldGen       total 42496K, used 474K [0x00000003c0000000, 0x00000003c2980000, 0x000000066ab00000)
  object space 42496K, 1% used [0x00000003c0000000,0x00000003c0076a60,0x00000003c2980000)
 Metaspace       used 9302K, capacity 9376K, committed 9472K, reserved 1056768K
  class space    used 1221K, capacity 1232K, committed 1280K, reserved 1048576K
Event: 1.131 GC heap after
Heap after GC invocations=2 (full 0):
 PSYoungGen      total 18432K, used 2550K [0x000000066ab00000, 0x000000066cf00000, 0x00000007c0000000)
  eden space 15872K, 0% used [0x000000066ab00000,0x000000066ab00000,0x000000066ba80000)
  from space 2560K, 99% used [0x000000066cc80000,0x000000066cefda00,0x000000066cf00000)
  to   space 2560K, 0% used [0x000000066ba80000,0x000000066ba80000,0x000000066bd00000)
 ParOldGen       total 42496K, used 1574K [0x00000003c0000000, 0x00000003c2980000, 0x000000066ab00000)
  object space 42496K, 3% used [0x00000003c0000000,0x00000003c01899a0,0x00000003c2980000)
 Metaspace       used 9302K, capacity 9376K, committed 9472K, reserved 1056768K
  class space    used 1221K, capacity 1232K, committed 1280K, reserved 1048576K
}
Event: 1.462 GC heap before
{Heap before GC invocations=3 (full 0):
 PSYoungGen      total 18432K, used 18422K [0x000000066ab00000, 0x000000066cf00000, 0x00000007c0000000)
  eden space 15872K, 100% used [0x000000066ab00000,0x000000066ba80000,0x000000066ba80000)
  from space 2560K, 99% used [0x000000066cc80000,0x000000066cefda00,0x000000066cf00000)
  to   space 2560K, 0% used [0x000000066ba80000,0x000000066ba80000,0x000000066bd00000)
 ParOldGen       total 42496K, used 1574K [0x00000003c0000000, 0x00000003c2980000, 0x000000066ab00000)
  object space 42496K, 3% used [0x00000003c0000000,0x00000003c01899a0,0x00000003c2980000)
 Metaspace       used 11376K, capacity 11424K, committed 11648K, reserved 1058816K
  class space    used 1531K, capacity 1552K, committed 1664K, reserved 1048576K
Event: 1.466 GC heap after
Heap after GC invocations=3 (full 0):
 PSYoungGen      total 18432K, used 2547K [0x000000066ab00000, 0x000000066cd00000, 0x00000007c0000000)
  eden space 15872K, 0% used [0x000000066ab00000,0x000000066ab00000,0x000000066ba80000)
  from space 2560K, 99% used [0x000000066ba80000,0x000000066bcfcd90,0x000000066bd00000)
  to   space 2560K, 0% used [0x000000066ca80000,0x000000066ca80000,0x000000066cd00000)
 ParOldGen       total 42496K, used 2765K [0x00000003c0000000, 0x00000003c2980000, 0x000000066ab00000)
  object space 42496K, 6% used [0x00000003c0000000,0x00000003c02b3750,0x00000003c2980000)
 Metaspace       used 11376K, capacity 11424K, committed 11648K, reserved 1058816K
  class space    used 1531K, capacity 1552K, committed 1664K, reserved 1048576K
}
Event: 1.666 GC heap before
{Heap before GC invocations=4 (full 0):
 PSYoungGen      total 18432K, used 18419K [0x000000066ab00000, 0x000000066cd00000, 0x00000007c0000000)
  eden space 15872K, 100% used [0x000000066ab00000,0x000000066ba80000,0x000000066ba80000)
  from space 2560K, 99% used [0x000000066ba80000,0x000000066bcfcd90,0x000000066bd00000)
  to   space 2560K, 0% used [0x000000066ca80000,0x000000066ca80000,0x000000066cd00000)
 ParOldGen       total 42496K, used 2765K [0x00000003c0000000, 0x00000003c2980000, 0x000000066ab00000)
  object space 42496K, 6% used [0x00000003c0000000,0x00000003c02b3750,0x00000003c2980000)
 Metaspace       used 12949K, capacity 13056K, committed 13312K, reserved 1060864K
  class space    used 1728K, capacity 1776K, committed 1792K, reserved 1048576K
Event: 1.670 GC heap after
Heap after GC invocations=4 (full 0):
 PSYoungGen      total 32256K, used 2558K [0x000000066ab00000, 0x000000066cf00000, 0x00000007c0000000)
  eden space 29696K, 0% used [0x000000066ab00000,0x000000066ab00000,0x000000066c800000)
  from space 2560K, 99% used [0x000000066ca80000,0x000000066ccffa18,0x000000066cd00000)
  to   space 2560K, 0% used [0x000000066c800000,0x000000066c800000,0x000000066ca80000)
 ParOldGen       total 42496K, used 3811K [0x00000003c0000000, 0x00000003c2980000, 0x000000066ab00000)
  object space 42496K, 8% used [0x00000003c0000000,0x00000003c03b8e60,0x00000003c2980000)
 Metaspace       used 12949K, capacity 13056K, committed 13312K, reserved 1060864K
  class space    used 1728K, capacity 1776K, committed 1792K, reserved 1048576K
}
Event: 2.135 GC heap before
{Heap before GC invocations=5 (full 0):
 PSYoungGen      total 32256K, used 32254K [0x000000066ab00000, 0x000000066cf00000, 0x00000007c0000000)
  eden space 29696K, 100% used [0x000000066ab00000,0x000000066c800000,0x000000066c800000)
  from space 2560K, 99% used [0x000000066ca80000,0x000000066ccffa18,0x000000066cd00000)
  to   space 2560K, 0% used [0x000000066c800000,0x000000066c800000,0x000000066ca80000)
 ParOldGen       total 42496K, used 3811K [0x00000003c0000000, 0x00000003c2980000, 0x000000066ab00000)
  object space 42496K, 8% used [0x00000003c0000000,0x00000003c03b8e60,0x00000003c2980000)
 Metaspace       used 15179K, capacity 15264K, committed 15360K, reserved 1062912K
  class space    used 1971K, capacity 2000K, committed 2048K, reserved 1048576K
Event: 2.142 GC heap after
Heap after GC invocations=5 (full 0):
 PSYoungGen      total 32256K, used 2558K [0x000000066ab00000, 0x000000066ef00000, 0x00000007c0000000)
  eden space 29696K, 0% used [0x000000066ab00000,0x000000066ab00000,0x000000066c800000)
  from space 2560K, 99% used [0x000000066c800000,0x000000066ca7fa38,0x000000066ca80000)
  to   space 5120K, 0% used [0x000000066ea00000,0x000000066ea00000,0x000000066ef00000)
 ParOldGen       total 42496K, used 6122K [0x00000003c0000000, 0x00000003c2980000, 0x000000066ab00000)
  object space 42496K, 14% used [0x00000003c0000000,0x00000003c05fa928,0x00000003c2980000)
 Metaspace       used 15179K, capacity 15264K, committed 15360K, reserved 1062912K
  class space    used 1971K, capacity 2000K, committed 2048K, reserved 1048576K
}
Event: 2.421 GC heap before
{Heap before GC invocations=6 (full 0):
 PSYoungGen      total 32256K, used 32254K [0x000000066ab00000, 0x000000066ef00000, 0x00000007c0000000)
  eden space 29696K, 100% used [0x000000066ab00000,0x000000066c800000,0x000000066c800000)
  from space 2560K, 99% used [0x000000066c800000,0x000000066ca7fa38,0x000000066ca80000)
  to   space 5120K, 0% used [0x000000066ea00000,0x000000066ea00000,0x000000066ef00000)
 ParOldGen       total 42496K, used 6122K [0x00000003c0000000, 0x00000003c2980000, 0x000000066ab00000)
  object space 42496K, 14% used [0x00000003c0000000,0x00000003c05fa928,0x00000003c2980000)
 Metaspace       used 15595K, capacity 15672K, committed 15872K, reserved 1062912K
  class space    used 1981K, capacity 2004K, committed 2048K, reserved 1048576K
Event: 2.429 GC heap after
Heap after GC invocations=6 (full 0):
 PSYoungGen      total 64512K, used 3502K [0x000000066ab00000, 0x000000066ef00000, 0x00000007c0000000)
  eden space 59392K, 0% used [0x000000066ab00000,0x000000066ab00000,0x000000066e500000)
  from space 5120K, 68% used [0x000000066ea00000,0x000000066ed6ba08,0x000000066ef00000)
  to   space 5120K, 0% used [0x000000066e500000,0x000000066e500000,0x000000066ea00000)
 ParOldGen       total 42496K, used 6122K [0x00000003c0000000, 0x00000003c2980000, 0x000000066ab00000)
  object space 42496K, 14% used [0x00000003c0000000,0x00000003c05fa928,0x00000003c2980000)
 Metaspace       used 15595K, capacity 15672K, committed 15872K, reserved 1062912K
  class space    used 1981K, capacity 2004K, committed 2048K, reserved 1048576K
}
Event: 2.981 GC heap before
{Heap before GC invocations=7 (full 0):
 PSYoungGen      total 64512K, used 62894K [0x000000066ab00000, 0x000000066ef00000, 0x00000007c0000000)
  eden space 59392K, 100% used [0x000000066ab00000,0x000000066e500000,0x000000066e500000)
  from space 5120K, 68% used [0x000000066ea00000,0x000000066ed6ba08,0x000000066ef00000)
  to   space 5120K, 0% used [0x000000066e500000,0x000000066e500000,0x000000066ea00000)
 ParOldGen       total 42496K, used 6122K [0x00000003c0000000, 0x00000003c2980000, 0x000000066ab00000)
  object space 42496K, 14% used [0x00000003c0000000,0x00000003c05fa928,0x00000003c2980000)
 Metaspace       used 16137K, capacity 16216K, committed 16384K, reserved 1062912K
  class space    used 1996K, capacity 2036K, committed 2048K, reserved 1048576K
Event: 2.994 GC heap after
Heap after GC invocations=7 (full 0):
 PSYoungGen      total 64512K, used 3872K [0x000000066ab00000, 0x0000000672900000, 0x00000007c0000000)
  eden space 59392K, 0% used [0x000000066ab00000,0x000000066ab00000,0x000000066e500000)
  from space 5120K, 75% used [0x000000066e500000,0x000000066e8c8010,0x000000066ea00000)
  to   space 5120K, 0% used [0x0000000672400000,0x0000000672400000,0x0000000672900000)
 ParOldGen       total 42496K, used 7134K [0x00000003c0000000, 0x00000003c2980000, 0x000000066ab00000)
  object space 42496K, 16% used [0x00000003c0000000,0x00000003c06f7bb0,0x00000003c2980000)
 Metaspace       used 16137K, capacity 16216K, committed 16384K, reserved 1062912K
  class space    used 1996K, capacity 2036K, committed 2048K, reserved 1048576K
}
Event: 3.845 GC heap before
{Heap before GC invocations=8 (full 0):
 PSYoungGen      total 64512K, used 53752K [0x000000066ab00000, 0x0000000672900000, 0x00000007c0000000)
  eden space 59392K, 83% used [0x000000066ab00000,0x000000066dbb6190,0x000000066e500000)
  from space 5120K, 75% used [0x000000066e500000,0x000000066e8c8010,0x000000066ea00000)
  to   space 5120K, 0% used [0x0000000672400000,0x0000000672400000,0x0000000672900000)
 ParOldGen       total 42496K, used 7134K [0x00000003c0000000, 0x00000003c2980000, 0x000000066ab00000)
  object space 42496K, 16% used [0x00000003c0000000,0x00000003c06f7bb0,0x00000003c2980000)
 Metaspace       used 20893K, capacity 21048K, committed 21248K, reserved 1067008K
  class space    used 2658K, capacity 2728K, committed 2816K, reserved 1048576K
Event: 3.852 GC heap after
Heap after GC invocations=8 (full 0):
 PSYoungGen      total 123904K, used 4764K [0x000000066ab00000, 0x0000000672900000, 0x00000007c0000000)
  eden space 118784K, 0% used [0x000000066ab00000,0x000000066ab00000,0x0000000671f00000)
  from space 5120K, 93% used [0x0000000672400000,0x00000006728a7318,0x0000000672900000)
  to   space 5120K, 0% used [0x0000000671f00000,0x0000000671f00000,0x0000000672400000)
 ParOldGen       total 42496K, used 7746K [0x00000003c0000000, 0x00000003c2980000, 0x000000066ab00000)
  object space 42496K, 18% used [0x00000003c0000000,0x00000003c0790920,0x00000003c2980000)
 Metaspace       used 20893K, capacity 21048K, committed 21248K, reserved 1067008K
  class space    used 2658K, capacity 2728K, committed 2816K, reserved 1048576K
}
Event: 3.852 GC heap before
{Heap before GC invocations=9 (full 1):
 PSYoungGen      total 123904K, used 4764K [0x000000066ab00000, 0x0000000672900000, 0x00000007c0000000)
  eden space 118784K, 0% used [0x000000066ab00000,0x000000066ab00000,0x0000000671f00000)
  from space 5120K, 93% used [0x0000000672400000,0x00000006728a7318,0x0000000672900000)
  to   space 5120K, 0% used [0x0000000671f00000,0x0000000671f00000,0x0000000672400000)
 ParOldGen       total 42496K, used 7746K [0x00000003c0000000, 0x00000003c2980000, 0x000000066ab00000)
  object space 42496K, 18% used [0x00000003c0000000,0x00000003c0790920,0x00000003c2980000)
 Metaspace       used 20893K, capacity 21048K, committed 21248K, reserved 1067008K
  class space    used 2658K, capacity 2728K, committed 2816K, reserved 1048576K
Event: 3.882 GC heap after
Heap after GC invocations=9 (full 1):
 PSYoungGen      total 123904K, used 0K [0x000000066ab00000, 0x0000000672900000, 0x00000007c0000000)
  eden space 118784K, 0% used [0x000000066ab00000,0x000000066ab00000,0x0000000671f00000)
  from space 5120K, 0% used [0x0000000672400000,0x0000000672400000,0x0000000672900000)
  to   space 5120K, 0% used [0x0000000671f00000,0x0000000671f00000,0x0000000672400000)
 ParOldGen       total 30720K, used 6944K [0x00000003c0000000, 0x00000003c1e00000, 0x000000066ab00000)
  object space 30720K, 22% used [0x00000003c0000000,0x00000003c06c82e8,0x00000003c1e00000)
 Metaspace       used 20893K, capacity 21048K, committed 21248K, reserved 1067008K
  class space    used 2658K, capacity 2728K, committed 2816K, reserved 1048576K
}
Event: 5.956 GC heap before
{Heap before GC invocations=10 (full 1):
 PSYoungGen      total 123904K, used 118784K [0x000000066ab00000, 0x0000000672900000, 0x00000007c0000000)
  eden space 118784K, 100% used [0x000000066ab00000,0x0000000671f00000,0x0000000671f00000)
  from space 5120K, 0% used [0x0000000672400000,0x0000000672400000,0x0000000672900000)
  to   space 5120K, 0% used [0x0000000671f00000,0x0000000671f00000,0x0000000672400000)
 ParOldGen       total 30720K, used 6944K [0x00000003c0000000, 0x00000003c1e00000, 0x000000066ab00000)
  object space 30720K, 22% used [0x00000003c0000000,0x00000003c06c82e8,0x00000003c1e00000)
 Metaspace       used 32419K, capacity 32658K, committed 33024K, reserved 1077248K
  class space    used 4223K, capacity 4309K, committed 4352K, reserved 1048576K
Event: 5.969 GC heap after
Heap after GC invocations=10 (full 1):
 PSYoungGen      total 123904K, used 5101K [0x000000066ab00000, 0x0000000675c00000, 0x00000007c0000000)
  eden space 118784K, 0% used [0x000000066ab00000,0x000000066ab00000,0x0000000671f00000)
  from space 5120K, 99% used [0x0000000671f00000,0x00000006723fb5f0,0x0000000672400000)
  to   space 8192K, 0% used [0x0000000675400000,0x0000000675400000,0x0000000675c00000)
 ParOldGen       total 30720K, used 13803K [0x00000003c0000000, 0x00000003c1e00000, 0x000000066ab00000)
  object space 30720K, 44% used [0x00000003c0000000,0x00000003c0d7af88,0x00000003c1e00000)
 Metaspace       used 32419K, capacity 32658K, committed 33024K, reserved 1077248K
  class space    used 4223K, capacity 4309K, committed 4352K, reserved 1048576K
}
Event: 9.081 GC heap before
{Heap before GC invocations=11 (full 1):
 PSYoungGen      total 123904K, used 69168K [0x000000066ab00000, 0x0000000675c00000, 0x00000007c0000000)
  eden space 118784K, 53% used [0x000000066ab00000,0x000000066e990a10,0x0000000671f00000)
  from space 5120K, 99% used [0x0000000671f00000,0x00000006723fb5f0,0x0000000672400000)
  to   space 8192K, 0% used [0x0000000675400000,0x0000000675400000,0x0000000675c00000)
 ParOldGen       total 30720K, used 13803K [0x00000003c0000000, 0x00000003c1e00000, 0x000000066ab00000)
  object space 30720K, 44% used [0x00000003c0000000,0x00000003c0d7af88,0x00000003c1e00000)
 Metaspace       used 34956K, capacity 35186K, committed 35416K, reserved 1079296K
  class space    used 4566K, capacity 4661K, committed 4696K, reserved 1048576K
Event: 9.088 GC heap after
Heap after GC invocations=11 (full 1):
 PSYoungGen      total 166912K, used 5986K [0x000000066ab00000, 0x0000000675a00000, 0x00000007c0000000)
  eden space 160768K, 0% used [0x000000066ab00000,0x000000066ab00000,0x0000000674800000)
  from space 6144K, 97% used [0x0000000675400000,0x00000006759d8b48,0x0000000675a00000)
  to   space 8704K, 0% used [0x0000000674900000,0x0000000674900000,0x0000000675180000)
 ParOldGen       total 30720K, used 13803K [0x00000003c0000000, 0x00000003c1e00000, 0x000000066ab00000)
  object space 30720K, 44% used [0x00000003c0000000,0x00000003c0d7af88,0x00000003c1e00000)
 Metaspace       used 34956K, capacity 35186K, committed 35416K, reserved 1079296K
  class space    used 4566K, capacity 4661K, committed 4696K, reserved 1048576K
}
Event: 9.088 GC heap before
{Heap before GC invocations=12 (full 2):
 PSYoungGen      total 166912K, used 5986K [0x000000066ab00000, 0x0000000675a00000, 0x00000007c0000000)
  eden space 160768K, 0% used [0x000000066ab00000,0x000000066ab00000,0x0000000674800000)
  from space 6144K, 97% used [0x0000000675400000,0x00000006759d8b48,0x0000000675a00000)
  to   space 8704K, 0% used [0x0000000674900000,0x0000000674900000,0x0000000675180000)
 ParOldGen       total 30720K, used 13803K [0x00000003c0000000, 0x00000003c1e00000, 0x000000066ab00000)
  object space 30720K, 44% used [0x00000003c0000000,0x00000003c0d7af88,0x00000003c1e00000)
 Metaspace       used 34956K, capacity 35186K, committed 35416K, reserved 1079296K
  class space    used 4566K, capacity 4661K, committed 4696K, reserved 1048576K
Event: 9.137 GC heap after
Heap after GC invocations=12 (full 2):
 PSYoungGen      total 166912K, used 0K [0x000000066ab00000, 0x0000000675a00000, 0x00000007c0000000)
  eden space 160768K, 0% used [0x000000066ab00000,0x000000066ab00000,0x0000000674800000)
  from space 6144K, 0% used [0x0000000675400000,0x0000000675400000,0x0000000675a00000)
  to   space 8704K, 0% used [0x0000000674900000,0x0000000674900000,0x0000000675180000)
 ParOldGen       total 45568K, used 9894K [0x00000003c0000000, 0x00000003c2c80000, 0x000000066ab00000)
  object space 45568K, 21% used [0x00000003c0000000,0x00000003c09a98f0,0x00000003c2c80000)
 Metaspace       used 34956K, capacity 35186K, committed 35416K, reserved 1079296K
  class space    used 4566K, capacity 4661K, committed 4696K, reserved 1048576K
}
Event: 11.417 GC heap before
{Heap before GC invocations=13 (full 2):
 PSYoungGen      total 166912K, used 160768K [0x000000066ab00000, 0x0000000675a00000, 0x00000007c0000000)
  eden space 160768K, 100% used [0x000000066ab00000,0x0000000674800000,0x0000000674800000)
  from space 6144K, 0% used [0x0000000675400000,0x0000000675400000,0x0000000675a00000)
  to   space 8704K, 0% used [0x0000000674900000,0x0000000674900000,0x0000000675180000)
 ParOldGen       total 45568K, used 9894K [0x00000003c0000000, 0x00000003c2c80000, 0x000000066ab00000)
  object space 45568K, 21% used [0x00000003c0000000,0x00000003c09a98f0,0x00000003c2c80000)
 Metaspace       used 50299K, capacity 50658K, committed 50904K, reserved 1093632K
  class space    used 6964K, capacity 7068K, committed 7128K, reserved 1048576K
Event: 11.436 GC heap after
Heap after GC invocations=13 (full 2):
 PSYoungGen      total 170496K, used 8685K [0x000000066ab00000, 0x0000000679580000, 0x00000007c0000000)
  eden space 161792K, 0% used [0x000000066ab00000,0x000000066ab00000,0x0000000674900000)
  from space 8704K, 99% used [0x0000000674900000,0x000000067517b5e0,0x0000000675180000)
  to   space 13312K, 0% used [0x0000000678880000,0x0000000678880000,0x0000000679580000)
 ParOldGen       total 45568K, used 20620K [0x00000003c0000000, 0x00000003c2c80000, 0x000000066ab00000)
  object space 45568K, 45% used [0x00000003c0000000,0x00000003c1423108,0x00000003c2c80000)
 Metaspace       used 50299K, capacity 50658K, committed 50904K, reserved 1093632K
  class space    used 6964K, capacity 7068K, committed 7128K, reserved 1048576K
}
Event: 16.929 GC heap before
{Heap before GC invocations=14 (full 2):
 PSYoungGen      total 170496K, used 150627K [0x000000066ab00000, 0x0000000679580000, 0x00000007c0000000)
  eden space 161792K, 87% used [0x000000066ab00000,0x000000067359d998,0x0000000674900000)
  from space 8704K, 99% used [0x0000000674900000,0x000000067517b5e0,0x0000000675180000)
  to   space 13312K, 0% used [0x0000000678880000,0x0000000678880000,0x0000000679580000)
 ParOldGen       total 45568K, used 20620K [0x00000003c0000000, 0x00000003c2c80000, 0x000000066ab00000)
  object space 45568K, 45% used [0x00000003c0000000,0x00000003c1423108,0x00000003c2c80000)
 Metaspace       used 58406K, capacity 58812K, committed 58968K, reserved 1099776K
  class space    used 8147K, capacity 8267K, committed 8280K, reserved 1048576K
Event: 16.955 GC heap after
Heap after GC invocations=14 (full 2):
 PSYoungGen      total 223744K, used 9485K [0x000000066ab00000, 0x0000000679480000, 0x00000007c0000000)
  eden space 211456K, 0% used [0x000000066ab00000,0x000000066ab00000,0x0000000677980000)
  from space 12288K, 77% used [0x0000000678880000,0x00000006791c35b8,0x0000000679480000)
  to   space 13824K, 0% used [0x0000000677980000,0x0000000677980000,0x0000000678700000)
 ParOldGen       total 62464K, used 58850K [0x00000003c0000000, 0x00000003c3d00000, 0x000000066ab00000)
  object space 62464K, 94% used [0x00000003c0000000,0x00000003c3978970,0x00000003c3d00000)
 Metaspace       used 58406K, capacity 58812K, committed 58968K, reserved 1099776K
  class space    used 8147K, capacity 8267K, committed 8280K, reserved 1048576K
}
Event: 16.955 GC heap before
{Heap before GC invocations=15 (full 3):
 PSYoungGen      total 223744K, used 9485K [0x000000066ab00000, 0x0000000679480000, 0x00000007c0000000)
  eden space 211456K, 0% used [0x000000066ab00000,0x000000066ab00000,0x0000000677980000)
  from space 12288K, 77% used [0x0000000678880000,0x00000006791c35b8,0x0000000679480000)
  to   space 13824K, 0% used [0x0000000677980000,0x0000000677980000,0x0000000678700000)
 ParOldGen       total 62464K, used 58850K [0x00000003c0000000, 0x00000003c3d00000, 0x000000066ab00000)
  object space 62464K, 94% used [0x00000003c0000000,0x00000003c3978970,0x00000003c3d00000)
 Metaspace       used 58406K, capacity 58812K, committed 58968K, reserved 1099776K
  class space    used 8147K, capacity 8267K, committed 8280K, reserved 1048576K
Event: 17.039 GC heap after
Heap after GC invocations=15 (full 3):
 PSYoungGen      total 223744K, used 0K [0x000000066ab00000, 0x0000000679480000, 0x00000007c0000000)
  eden space 211456K, 0% used [0x000000066ab00000,0x000000066ab00000,0x0000000677980000)
  from space 12288K, 0% used [0x0000000678880000,0x0000000678880000,0x0000000679480000)
  to   space 13824K, 0% used [0x0000000677980000,0x0000000677980000,0x0000000678700000)
 ParOldGen       total 114688K, used 53369K [0x00000003c0000000, 0x00000003c7000000, 0x000000066ab00000)
  object space 114688K, 46% used [0x00000003c0000000,0x00000003c341e568,0x00000003c7000000)
 Metaspace       used 58402K, capacity 58806K, committed 58968K, reserved 1099776K
  class space    used 8147K, capacity 8266K, committed 8280K, reserved 1048576K
}
Event: 21.013 GC heap before
{Heap before GC invocations=16 (full 3):
 PSYoungGen      total 223744K, used 203676K [0x000000066ab00000, 0x0000000679480000, 0x00000007c0000000)
  eden space 211456K, 96% used [0x000000066ab00000,0x00000006771e7388,0x0000000677980000)
  from space 12288K, 0% used [0x0000000678880000,0x0000000678880000,0x0000000679480000)
  to   space 13824K, 0% used [0x0000000677980000,0x0000000677980000,0x0000000678700000)
 ParOldGen       total 114688K, used 53369K [0x00000003c0000000, 0x00000003c7000000, 0x000000066ab00000)
  object space 114688K, 46% used [0x00000003c0000000,0x00000003c341e568,0x00000003c7000000)
 Metaspace       used 75255K, capacity 75800K, committed 75992K, reserved 1114112K
  class space    used 10821K, capacity 10950K, committed 10968K, reserved 1048576K
Event: 21.038 GC heap after
Heap after GC invocations=16 (full 3):
 PSYoungGen      total 225280K, used 13800K [0x000000066ab00000, 0x000000067d800000, 0x00000007c0000000)
  eden space 211456K, 0% used [0x000000066ab00000,0x000000066ab00000,0x0000000677980000)
  from space 13824K, 99% used [0x0000000677980000,0x00000006786fa390,0x0000000678700000)
  to   space 18432K, 0% used [0x000000067c600000,0x000000067c600000,0x000000067d800000)
 ParOldGen       total 114688K, used 60229K [0x00000003c0000000, 0x00000003c7000000, 0x000000066ab00000)
  object space 114688K, 52% used [0x00000003c0000000,0x00000003c3ad15c0,0x00000003c7000000)
 Metaspace       used 75255K, capacity 75800K, committed 75992K, reserved 1114112K
  class space    used 10821K, capacity 10950K, committed 10968K, reserved 1048576K
}
Event: 22.016 GC heap before
{Heap before GC invocations=17 (full 3):
 PSYoungGen      total 225280K, used 225256K [0x000000066ab00000, 0x000000067d800000, 0x00000007c0000000)
  eden space 211456K, 100% used [0x000000066ab00000,0x0000000677980000,0x0000000677980000)
  from space 13824K, 99% used [0x0000000677980000,0x00000006786fa390,0x0000000678700000)
  to   space 18432K, 0% used [0x000000067c600000,0x000000067c600000,0x000000067d800000)
 ParOldGen       total 114688K, used 60229K [0x00000003c0000000, 0x00000003c7000000, 0x000000066ab00000)
  object space 114688K, 52% used [0x00000003c0000000,0x00000003c3ad15c0,0x00000003c7000000)
 Metaspace       used 77875K, capacity 78528K, committed 78680K, reserved 1116160K
  class space    used 11133K, capacity 11292K, committed 11352K, reserved 1048576K
Event: 22.030 GC heap after
Heap after GC invocations=17 (full 3):
 PSYoungGen      total 290304K, used 4243K [0x000000066ab00000, 0x000000067dc80000, 0x00000007c0000000)
  eden space 271872K, 0% used [0x000000066ab00000,0x000000066ab00000,0x000000067b480000)
  from space 18432K, 23% used [0x000000067c600000,0x000000067ca24f20,0x000000067d800000)
  to   space 17920K, 0% used [0x000000067b480000,0x000000067b480000,0x000000067c600000)
 ParOldGen       total 114688K, used 66194K [0x00000003c0000000, 0x00000003c7000000, 0x000000066ab00000)
  object space 114688K, 57% used [0x00000003c0000000,0x00000003c40a4a70,0x00000003c7000000)
 Metaspace       used 77875K, capacity 78528K, committed 78680K, reserved 1116160K
  class space    used 11133K, capacity 11292K, committed 11352K, reserved 1048576K
}
Event: 23.397 GC heap before
{Heap before GC invocations=18 (full 3):
 PSYoungGen      total 290304K, used 276115K [0x000000066ab00000, 0x000000067dc80000, 0x00000007c0000000)
  eden space 271872K, 100% used [0x000000066ab00000,0x000000067b480000,0x000000067b480000)
  from space 18432K, 23% used [0x000000067c600000,0x000000067ca24f20,0x000000067d800000)
  to   space 17920K, 0% used [0x000000067b480000,0x000000067b480000,0x000000067c600000)
 ParOldGen       total 114688K, used 66194K [0x00000003c0000000, 0x00000003c7000000, 0x000000066ab00000)
  object space 114688K, 57% used [0x00000003c0000000,0x00000003c40a4a70,0x00000003c7000000)
 Metaspace       used 79167K, capacity 79902K, committed 80216K, reserved 1118208K
  class space    used 11325K, capacity 11495K, committed 11608K, reserved 1048576K
Event: 23.462 GC heap after
Heap after GC invocations=18 (full 3):
 PSYoungGen      total 289792K, used 17913K [0x000000066ab00000, 0x000000068ac00000, 0x00000007c0000000)
  eden space 271872K, 0% used [0x000000066ab00000,0x000000066ab00000,0x000000067b480000)
  from space 17920K, 99% used [0x000000067b480000,0x000000067c5fe410,0x000000067c600000)
  to   space 71680K, 0% used [0x0000000686600000,0x0000000686600000,0x000000068ac00000)
 ParOldGen       total 246784K, used 202856K [0x00000003c0000000, 0x00000003cf100000, 0x000000066ab00000)
  object space 246784K, 82% used [0x00000003c0000000,0x00000003cc61a148,0x00000003cf100000)
 Metaspace       used 79167K, capacity 79902K, committed 80216K, reserved 1118208K
  class space    used 11325K, capacity 11495K, committed 11608K, reserved 1048576K
}
Event: 23.462 GC heap before
{Heap before GC invocations=19 (full 4):
 PSYoungGen      total 289792K, used 17913K [0x000000066ab00000, 0x000000068ac00000, 0x00000007c0000000)
  eden space 271872K, 0% used [0x000000066ab00000,0x000000066ab00000,0x000000067b480000)
  from space 17920K, 99% used [0x000000067b480000,0x000000067c5fe410,0x000000067c600000)
  to   space 71680K, 0% used [0x0000000686600000,0x0000000686600000,0x000000068ac00000)
 ParOldGen       total 246784K, used 202856K [0x00000003c0000000, 0x00000003cf100000, 0x000000066ab00000)
  object space 246784K, 82% used [0x00000003c0000000,0x00000003cc61a148,0x00000003cf100000)
 Metaspace       used 79167K, capacity 79902K, committed 80216K, reserved 1118208K
  class space    used 11325K, capacity 11495K, committed 11608K, reserved 1048576K
Event: 23.564 GC heap after
Heap after GC invocations=19 (full 4):
 PSYoungGen      total 289792K, used 0K [0x000000066ab00000, 0x000000068ac00000, 0x00000007c0000000)
  eden space 271872K, 0% used [0x000000066ab00000,0x000000066ab00000,0x000000067b480000)
  from space 17920K, 0% used [0x000000067b480000,0x000000067b480000,0x000000067c600000)
  to   space 71680K, 0% used [0x0000000686600000,0x0000000686600000,0x000000068ac00000)
 ParOldGen       total 256000K, used 140698K [0x00000003c0000000, 0x00000003cfa00000, 0x000000066ab00000)
  object space 256000K, 54% used [0x00000003c0000000,0x00000003c8966808,0x00000003cfa00000)
 Metaspace       used 79152K, capacity 79878K, committed 80216K, reserved 1118208K
  class space    used 11323K, capacity 11491K, committed 11608K, reserved 1048576K
}
Event: 24.643 GC heap before
{Heap before GC invocations=20 (full 4):
 PSYoungGen      total 289792K, used 271872K [0x000000066ab00000, 0x000000068ac00000, 0x00000007c0000000)
  eden space 271872K, 100% used [0x000000066ab00000,0x000000067b480000,0x000000067b480000)
  from space 17920K, 0% used [0x000000067b480000,0x000000067b480000,0x000000067c600000)
  to   space 71680K, 0% used [0x0000000686600000,0x0000000686600000,0x000000068ac00000)
 ParOldGen       total 256000K, used 140698K [0x00000003c0000000, 0x00000003cfa00000, 0x000000066ab00000)
  object space 256000K, 54% used [0x00000003c0000000,0x00000003c8966808,0x00000003cfa00000)
 Metaspace       used 80722K, capacity 81552K, committed 81624K, reserved 1120256K
  class space    used 11520K, capacity 11729K, committed 11736K, reserved 1048576K
Event: 24.671 GC heap after
Heap after GC invocations=20 (full 4):
 PSYoungGen      total 438272K, used 26469K [0x000000066ab00000, 0x000000068a100000, 0x00000007c0000000)
  eden space 377856K, 0% used [0x000000066ab00000,0x000000066ab00000,0x0000000681c00000)
  from space 60416K, 43% used [0x0000000686600000,0x0000000687fd9580,0x000000068a100000)
  to   space 68096K, 0% used [0x0000000681c00000,0x0000000681c00000,0x0000000685e80000)
 ParOldGen       total 256000K, used 140706K [0x00000003c0000000, 0x00000003cfa00000, 0x000000066ab00000)
  object space 256000K, 54% used [0x00000003c0000000,0x00000003c8968808,0x00000003cfa00000)
 Metaspace       used 80722K, capacity 81552K, committed 81624K, reserved 1120256K
  class space    used 11520K, capacity 11729K, committed 11736K, reserved 1048576K
}
Event: 25.528 GC heap before
{Heap before GC invocations=21 (full 4):
 PSYoungGen      total 438272K, used 404325K [0x000000066ab00000, 0x000000068a100000, 0x00000007c0000000)
  eden space 377856K, 100% used [0x000000066ab00000,0x0000000681c00000,0x0000000681c00000)
  from space 60416K, 43% used [0x0000000686600000,0x0000000687fd9580,0x000000068a100000)
  to   space 68096K, 0% used [0x0000000681c00000,0x0000000681c00000,0x0000000685e80000)
 ParOldGen       total 256000K, used 140706K [0x00000003c0000000, 0x00000003cfa00000, 0x000000066ab00000)
  object space 256000K, 54% used [0x00000003c0000000,0x00000003c8968808,0x00000003cfa00000)
 Metaspace       used 81195K, capacity 81978K, committed 82264K, reserved 1120256K
  class space    used 11574K, capacity 11763K, committed 11864K, reserved 1048576K
Event: 25.637 GC heap after
Heap after GC invocations=21 (full 4):
 PSYoungGen      total 445952K, used 68064K [0x000000066ab00000, 0x0000000697380000, 0x00000007c0000000)
  eden space 377856K, 0% used [0x000000066ab00000,0x000000066ab00000,0x0000000681c00000)
  from space 68096K, 99% used [0x0000000681c00000,0x0000000685e780d0,0x0000000685e80000)
  to   space 115200K, 0% used [0x0000000690300000,0x0000000690300000,0x0000000697380000)
 ParOldGen       total 256000K, used 234959K [0x00000003c0000000, 0x00000003cfa00000, 0x000000066ab00000)
  object space 256000K, 91% used [0x00000003c0000000,0x00000003ce573dd8,0x00000003cfa00000)
 Metaspace       used 81195K, capacity 81978K, committed 82264K, reserved 1120256K
  class space    used 11574K, capacity 11763K, committed 11864K, reserved 1048576K
}
Event: 25.637 GC heap before
{Heap before GC invocations=22 (full 5):
 PSYoungGen      total 445952K, used 68064K [0x000000066ab00000, 0x0000000697380000, 0x00000007c0000000)
  eden space 377856K, 0% used [0x000000066ab00000,0x000000066ab00000,0x0000000681c00000)
  from space 68096K, 99% used [0x0000000681c00000,0x0000000685e780d0,0x0000000685e80000)
  to   space 115200K, 0% used [0x0000000690300000,0x0000000690300000,0x0000000697380000)
 ParOldGen       total 256000K, used 234959K [0x00000003c0000000, 0x00000003cfa00000, 0x000000066ab00000)
  object space 256000K, 91% used [0x00000003c0000000,0x00000003ce573dd8,0x00000003cfa00000)
 Metaspace       used 81195K, capacity 81978K, committed 82264K, reserved 1120256K
  class space    used 11574K, capacity 11763K, committed 11864K, reserved 1048576K
Event: 25.829 GC heap after
Heap after GC invocations=22 (full 5):
 PSYoungGen      total 445952K, used 0K [0x000000066ab00000, 0x0000000697380000, 0x00000007c0000000)
  eden space 377856K, 0% used [0x000000066ab00000,0x000000066ab00000,0x0000000681c00000)
  from space 68096K, 0% used [0x0000000681c00000,0x0000000681c00000,0x0000000685e80000)
  to   space 115200K, 0% used [0x0000000690300000,0x0000000690300000,0x0000000697380000)
 ParOldGen       total 362496K, used 215748K [0x00000003c0000000, 0x00000003d6200000, 0x000000066ab00000)
  object space 362496K, 59% used [0x00000003c0000000,0x00000003cd2b13f0,0x00000003d6200000)
 Metaspace       used 81193K, capacity 81972K, committed 82264K, reserved 1120256K
  class space    used 11573K, capacity 11762K, committed 11864K, reserved 1048576K
}
Event: 26.412 GC heap before
{Heap before GC invocations=23 (full 5):
 PSYoungGen      total 445952K, used 377856K [0x000000066ab00000, 0x0000000697380000, 0x00000007c0000000)
  eden space 377856K, 100% used [0x000000066ab00000,0x0000000681c00000,0x0000000681c00000)
  from space 68096K, 0% used [0x0000000681c00000,0x0000000681c00000,0x0000000685e80000)
  to   space 115200K, 0% used [0x0000000690300000,0x0000000690300000,0x0000000697380000)
 ParOldGen       total 362496K, used 215748K [0x00000003c0000000, 0x00000003d6200000, 0x000000066ab00000)
  object space 362496K, 59% used [0x00000003c0000000,0x00000003cd2b13f0,0x00000003d6200000)
 Metaspace       used 81202K, capacity 81972K, committed 82264K, reserved 1120256K
  class space    used 11573K, capacity 11762K, committed 11864K, reserved 1048576K
Event: 26.446 GC heap after
Heap after GC invocations=23 (full 5):
 PSYoungGen      total 545792K, used 8774K [0x000000066ab00000, 0x0000000694f00000, 0x00000007c0000000)
  eden space 467968K, 0% used [0x000000066ab00000,0x000000066ab00000,0x0000000687400000)
  from space 77824K, 11% used [0x0000000690300000,0x0000000690b918e0,0x0000000694f00000)
  to   space 112128K, 0% used [0x0000000687400000,0x0000000687400000,0x000000068e180000)
 ParOldGen       total 362496K, used 215748K [0x00000003c0000000, 0x00000003d6200000, 0x000000066ab00000)
  object space 362496K, 59% used [0x00000003c0000000,0x00000003cd2b13f0,0x00000003d6200000)
 Metaspace       used 81202K, capacity 81972K, committed 82264K, reserved 1120256K
  class space    used 11573K, capacity 11762K, committed 11864K, reserved 1048576K
}
Event: 27.412 GC heap before
{Heap before GC invocations=24 (full 5):
 PSYoungGen      total 545792K, used 476742K [0x000000066ab00000, 0x0000000694f00000, 0x00000007c0000000)
  eden space 467968K, 100% used [0x000000066ab00000,0x0000000687400000,0x0000000687400000)
  from space 77824K, 11% used [0x0000000690300000,0x0000000690b918e0,0x0000000694f00000)
  to   space 112128K, 0% used [0x0000000687400000,0x0000000687400000,0x000000068e180000)
 ParOldGen       total 362496K, used 215748K [0x00000003c0000000, 0x00000003d6200000, 0x000000066ab00000)
  object space 362496K, 59% used [0x00000003c0000000,0x00000003cd2b13f0,0x00000003d6200000)
 Metaspace       used 81209K, capacity 81972K, committed 82264K, reserved 1120256K
  class space    used 11574K, capacity 11762K, committed 11864K, reserved 1048576K
Event: 27.447 GC heap after
Heap after GC invocations=24 (full 5):
 PSYoungGen      total 580096K, used 8745K [0x000000066ab00000, 0x000000069b280000, 0x00000007c0000000)
  eden space 467968K, 0% used [0x000000066ab00000,0x000000066ab00000,0x0000000687400000)
  from space 112128K, 7% used [0x0000000687400000,0x0000000687c8a538,0x000000068e180000)
  to   space 108544K, 0% used [0x0000000694880000,0x0000000694880000,0x000000069b280000)
 ParOldGen       total 362496K, used 218450K [0x00000003c0000000, 0x00000003d6200000, 0x000000066ab00000)
  object space 362496K, 60% used [0x00000003c0000000,0x00000003cd554ac8,0x00000003d6200000)
 Metaspace       used 81209K, capacity 81972K, committed 82264K, reserved 1120256K
  class space    used 11574K, capacity 11762K, committed 11864K, reserved 1048576K
}
Event: 28.307 GC heap before
{Heap before GC invocations=25 (full 5):
 PSYoungGen      total 580096K, used 476713K [0x000000066ab00000, 0x000000069b280000, 0x00000007c0000000)
  eden space 467968K, 100% used [0x000000066ab00000,0x0000000687400000,0x0000000687400000)
  from space 112128K, 7% used [0x0000000687400000,0x0000000687c8a538,0x000000068e180000)
  to   space 108544K, 0% used [0x0000000694880000,0x0000000694880000,0x000000069b280000)
 ParOldGen       total 362496K, used 218450K [0x00000003c0000000, 0x00000003d6200000, 0x000000066ab00000)
  object space 362496K, 60% used [0x00000003c0000000,0x00000003cd554ac8,0x00000003d6200000)
 Metaspace       used 81212K, capacity 81972K, committed 82264K, reserved 1120256K
  class space    used 11574K, capacity 11762K, committed 11864K, reserved 1048576K
Event: 28.357 GC heap after
Heap after GC invocations=25 (full 5):
 PSYoungGen      total 686080K, used 9155K [0x000000066ab00000, 0x000000069af80000, 0x00000007c0000000)
  eden space 580608K, 0% used [0x000000066ab00000,0x000000066ab00000,0x000000068e200000)
  from space 105472K, 8% used [0x0000000694880000,0x0000000695170c70,0x000000069af80000)
  to   space 104960K, 0% used [0x000000068e200000,0x000000068e200000,0x0000000694880000)
 ParOldGen       total 362496K, used 221748K [0x00000003c0000000, 0x00000003d6200000, 0x000000066ab00000)
  object space 362496K, 61% used [0x00000003c0000000,0x00000003cd88d350,0x00000003d6200000)
 Metaspace       used 81212K, capacity 81972K, committed 82264K, reserved 1120256K
  class space    used 11574K, capacity 11762K, committed 11864K, reserved 1048576K
}
Event: 29.270 GC heap before
{Heap before GC invocations=26 (full 5):
 PSYoungGen      total 686080K, used 589763K [0x000000066ab00000, 0x000000069af80000, 0x00000007c0000000)
  eden space 580608K, 100% used [0x000000066ab00000,0x000000068e200000,0x000000068e200000)
  from space 105472K, 8% used [0x0000000694880000,0x0000000695170c70,0x000000069af80000)
  to   space 104960K, 0% used [0x000000068e200000,0x000000068e200000,0x0000000694880000)
 ParOldGen       total 362496K, used 221748K [0x00000003c0000000, 0x00000003d6200000, 0x000000066ab00000)
  object space 362496K, 61% used [0x00000003c0000000,0x00000003cd88d350,0x00000003d6200000)
 Metaspace       used 81222K, capacity 82036K, committed 82264K, reserved 1120256K
  class space    used 11577K, capacity 11762K, committed 11864K, reserved 1048576K
Event: 29.288 GC heap after
Heap after GC invocations=26 (full 5):
 PSYoungGen      total 685568K, used 7037K [0x000000066ab00000, 0x00000006a2780000, 0x00000007c0000000)
  eden space 580608K, 0% used [0x000000066ab00000,0x000000066ab00000,0x000000068e200000)
  from space 104960K, 6% used [0x000000068e200000,0x000000068e8df700,0x0000000694880000)
  to   space 100864K, 0% used [0x000000069c500000,0x000000069c500000,0x00000006a2780000)
 ParOldGen       total 362496K, used 224772K [0x00000003c0000000, 0x00000003d6200000, 0x000000066ab00000)
  object space 362496K, 62% used [0x00000003c0000000,0x00000003cdb81360,0x00000003d6200000)
 Metaspace       used 81222K, capacity 82036K, committed 82264K, reserved 1120256K
  class space    used 11577K, capacity 11762K, committed 11864K, reserved 1048576K
}
Event: 31.417 GC heap before
{Heap before GC invocations=27 (full 5):
 PSYoungGen      total 685568K, used 587645K [0x000000066ab00000, 0x00000006a2780000, 0x00000007c0000000)
  eden space 580608K, 100% used [0x000000066ab00000,0x000000068e200000,0x000000068e200000)
  from space 104960K, 6% used [0x000000068e200000,0x000000068e8df700,0x0000000694880000)
  to   space 100864K, 0% used [0x000000069c500000,0x000000069c500000,0x00000006a2780000)
 ParOldGen       total 362496K, used 224772K [0x00000003c0000000, 0x00000003d6200000, 0x000000066ab00000)
  object space 362496K, 62% used [0x00000003c0000000,0x00000003cdb81360,0x00000003d6200000)
 Metaspace       used 84773K, capacity 85662K, committed 85976K, reserved 1122304K
  class space    used 11960K, capacity 12181K, committed 12248K, reserved 1048576K
Event: 31.468 GC heap after
Heap after GC invocations=27 (full 5):
 PSYoungGen      total 793600K, used 36950K [0x000000066ab00000, 0x00000006a1a80000, 0x00000007c0000000)
  eden space 706048K, 0% used [0x000000066ab00000,0x000000066ab00000,0x0000000695c80000)
  from space 87552K, 42% used [0x000000069c500000,0x000000069e9158f0,0x00000006a1a80000)
  to   space 97280K, 0% used [0x0000000695c80000,0x0000000695c80000,0x000000069bb80000)
 ParOldGen       total 362496K, used 229958K [0x00000003c0000000, 0x00000003d6200000, 0x000000066ab00000)
  object space 362496K, 63% used [0x00000003c0000000,0x00000003ce091bb0,0x00000003d6200000)
 Metaspace       used 84773K, capacity 85662K, committed 85976K, reserved 1122304K
  class space    used 11960K, capacity 12181K, committed 12248K, reserved 1048576K
}
Event: 33.131 GC heap before
{Heap before GC invocations=28 (full 5):
 PSYoungGen      total 793600K, used 742998K [0x000000066ab00000, 0x00000006a1a80000, 0x00000007c0000000)
  eden space 706048K, 100% used [0x000000066ab00000,0x0000000695c80000,0x0000000695c80000)
  from space 87552K, 42% used [0x000000069c500000,0x000000069e9158f0,0x00000006a1a80000)
  to   space 97280K, 0% used [0x0000000695c80000,0x0000000695c80000,0x000000069bb80000)
 ParOldGen       total 362496K, used 229958K [0x00000003c0000000, 0x00000003d6200000, 0x000000066ab00000)
  object space 362496K, 63% used [0x00000003c0000000,0x00000003ce091bb0,0x00000003d6200000)
 Metaspace       used 89533K, capacity 90474K, committed 90712K, reserved 1128448K
  class space    used 12331K, capacity 12565K, committed 12632K, reserved 1048576K
Event: 33.162 GC heap after
Heap after GC invocations=28 (full 5):
 PSYoungGen      total 803328K, used 10928K [0x000000066ab00000, 0x00000006a9f00000, 0x00000007c0000000)
  eden space 706048K, 0% used [0x000000066ab00000,0x000000066ab00000,0x0000000695c80000)
  from space 97280K, 11% used [0x0000000695c80000,0x000000069672c290,0x000000069bb80000)
  to   space 93184K, 0% used [0x00000006a4400000,0x00000006a4400000,0x00000006a9f00000)
 ParOldGen       total 362496K, used 237973K [0x00000003c0000000, 0x00000003d6200000, 0x000000066ab00000)
  object space 362496K, 65% used [0x00000003c0000000,0x00000003ce8654d0,0x00000003d6200000)
 Metaspace       used 89533K, capacity 90474K, committed 90712K, reserved 1128448K
  class space    used 12331K, capacity 12565K, committed 12632K, reserved 1048576K
}
Event: 34.232 GC heap before
{Heap before GC invocations=29 (full 5):
 PSYoungGen      total 803328K, used 716976K [0x000000066ab00000, 0x00000006a9f00000, 0x00000007c0000000)
  eden space 706048K, 100% used [0x000000066ab00000,0x0000000695c80000,0x0000000695c80000)
  from space 97280K, 11% used [0x0000000695c80000,0x000000069672c290,0x000000069bb80000)
  to   space 93184K, 0% used [0x00000006a4400000,0x00000006a4400000,0x00000006a9f00000)
 ParOldGen       total 362496K, used 237973K [0x00000003c0000000, 0x00000003d6200000, 0x000000066ab00000)
  object space 362496K, 65% used [0x00000003c0000000,0x00000003ce8654d0,0x00000003d6200000)
 Metaspace       used 89535K, capacity 90474K, committed 90712K, reserved 1128448K
  class space    used 12331K, capacity 12565K, committed 12632K, reserved 1048576K
Event: 34.249 GC heap after
Heap after GC invocations=29 (full 5):
 PSYoungGen      total 918528K, used 4681K [0x000000066ab00000, 0x00000006a9000000, 0x00000007c0000000)
  eden space 840704K, 0% used [0x000000066ab00000,0x000000066ab00000,0x000000069e000000)
  from space 77824K, 6% used [0x00000006a4400000,0x00000006a4892710,0x00000006a9000000)
  to   space 90112K, 0% used [0x000000069e000000,0x000000069e000000,0x00000006a3800000)
 ParOldGen       total 362496K, used 240073K [0x00000003c0000000, 0x00000003d6200000, 0x000000066ab00000)
  object space 362496K, 66% used [0x00000003c0000000,0x00000003cea72680,0x00000003d6200000)
 Metaspace       used 89535K, capacity 90474K, committed 90712K, reserved 1128448K
  class space    used 12331K, capacity 12565K, committed 12632K, reserved 1048576K
}
Event: 35.437 GC heap before
{Heap before GC invocations=30 (full 5):
 PSYoungGen      total 918528K, used 845385K [0x000000066ab00000, 0x00000006a9000000, 0x00000007c0000000)
  eden space 840704K, 100% used [0x000000066ab00000,0x000000069e000000,0x000000069e000000)
  from space 77824K, 6% used [0x00000006a4400000,0x00000006a4892710,0x00000006a9000000)
  to   space 90112K, 0% used [0x000000069e000000,0x000000069e000000,0x00000006a3800000)
 ParOldGen       total 362496K, used 240073K [0x00000003c0000000, 0x00000003d6200000, 0x000000066ab00000)
  object space 362496K, 66% used [0x00000003c0000000,0x00000003cea72680,0x00000003d6200000)
 Metaspace       used 89538K, capacity 90474K, committed 90712K, reserved 1128448K
  class space    used 12331K, capacity 12565K, committed 12632K, reserved 1048576K
Event: 35.444 GC heap after
Heap after GC invocations=30 (full 5):
 PSYoungGen      total 930816K, used 4633K [0x000000066ab00000, 0x00000006af280000, 0x00000007c0000000)
  eden space 840704K, 0% used [0x000000066ab00000,0x000000066ab00000,0x000000069e000000)
  from space 90112K, 5% used [0x000000069e000000,0x000000069e4867f8,0x00000006a3800000)
  to   space 87040K, 0% used [0x00000006a9d80000,0x00000006a9d80000,0x00000006af280000)
 ParOldGen       total 362496K, used 240737K [0x00000003c0000000, 0x00000003d6200000, 0x000000066ab00000)
  object space 362496K, 66% used [0x00000003c0000000,0x00000003ceb18690,0x00000003d6200000)
 Metaspace       used 89538K, capacity 90474K, committed 90712K, reserved 1128448K
  class space    used 12331K, capacity 12565K, committed 12632K, reserved 1048576K
}
Event: 37.264 GC heap before
{Heap before GC invocations=31 (full 5):
 PSYoungGen      total 930816K, used 845337K [0x000000066ab00000, 0x00000006af280000, 0x00000007c0000000)
  eden space 840704K, 100% used [0x000000066ab00000,0x000000069e000000,0x000000069e000000)
  from space 90112K, 5% used [0x000000069e000000,0x000000069e4867f8,0x00000006a3800000)
  to   space 87040K, 0% used [0x00000006a9d80000,0x00000006a9d80000,0x00000006af280000)
 ParOldGen       total 362496K, used 240737K [0x00000003c0000000, 0x00000003d6200000, 0x000000066ab00000)
  object space 362496K, 66% used [0x00000003c0000000,0x00000003ceb18690,0x00000003d6200000)
 Metaspace       used 89762K, capacity 90740K, committed 90968K, reserved 1128448K
  class space    used 12346K, capacity 12578K, committed 12632K, reserved 1048576K
Event: 37.282 GC heap after
Heap after GC invocations=31 (full 5):
 PSYoungGen      total 1008128K, used 11028K [0x000000066ab00000, 0x00000006ae100000, 0x00000007c0000000)
  eden space 939008K, 0% used [0x000000066ab00000,0x000000066ab00000,0x00000006a4000000)
  from space 69120K, 15% used [0x00000006a9d80000,0x00000006aa845228,0x00000006ae100000)
  to   space 82432K, 0% used [0x00000006a4000000,0x00000006a4000000,0x00000006a9080000)
 ParOldGen       total 362496K, used 240737K [0x00000003c0000000, 0x00000003d6200000, 0x000000066ab00000)
  object space 362496K, 66% used [0x00000003c0000000,0x00000003ceb18690,0x00000003d6200000)
 Metaspace       used 89762K, capacity 90740K, committed 90968K, reserved 1128448K
  class space    used 12346K, capacity 12578K, committed 12632K, reserved 1048576K
}
Event: 39.722 GC heap before
{Heap before GC invocations=32 (full 5):
 PSYoungGen      total 1008128K, used 950036K [0x000000066ab00000, 0x00000006ae100000, 0x00000007c0000000)
  eden space 939008K, 100% used [0x000000066ab00000,0x00000006a4000000,0x00000006a4000000)
  from space 69120K, 15% used [0x00000006a9d80000,0x00000006aa845228,0x00000006ae100000)
  to   space 82432K, 0% used [0x00000006a4000000,0x00000006a4000000,0x00000006a9080000)
 ParOldGen       total 362496K, used 240737K [0x00000003c0000000, 0x00000003d6200000, 0x000000066ab00000)
  object space 362496K, 66% used [0x00000003c0000000,0x00000003ceb18690,0x00000003d6200000)
 Metaspace       used 90656K, capacity 91666K, committed 91864K, reserved 1128448K
  class space    used 12414K, capacity 12670K, committed 12760K, reserved 1048576K
Event: 39.788 GC heap after
Heap after GC invocations=32 (full 5):
 PSYoungGen      total 1021440K, used 60539K [0x000000066ab00000, 0x00000006b6380000, 0x00000007c0000000)
  eden space 939008K, 0% used [0x000000066ab00000,0x000000066ab00000,0x00000006a4000000)
  from space 82432K, 73% used [0x00000006a4000000,0x00000006a7b1ecf0,0x00000006a9080000)
  to   space 91136K, 0% used [0x00000006b0a80000,0x00000006b0a80000,0x00000006b6380000)
 ParOldGen       total 362496K, used 240745K [0x00000003c0000000, 0x00000003d6200000, 0x000000066ab00000)
  object space 362496K, 66% used [0x00000003c0000000,0x00000003ceb1a690,0x00000003d6200000)
 Metaspace       used 90656K, capacity 91666K, committed 91864K, reserved 1128448K
  class space    used 12414K, capacity 12670K, committed 12760K, reserved 1048576K
}
Event: 41.190 GC heap before
{Heap before GC invocations=33 (full 5):
 PSYoungGen      total 1021440K, used 999547K [0x000000066ab00000, 0x00000006b6380000, 0x00000007c0000000)
  eden space 939008K, 100% used [0x000000066ab00000,0x00000006a4000000,0x00000006a4000000)
  from space 82432K, 73% used [0x00000006a4000000,0x00000006a7b1ecf0,0x00000006a9080000)
  to   space 91136K, 0% used [0x00000006b0a80000,0x00000006b0a80000,0x00000006b6380000)
 ParOldGen       total 362496K, used 240745K [0x00000003c0000000, 0x00000003d6200000, 0x000000066ab00000)
  object space 362496K, 66% used [0x00000003c0000000,0x00000003ceb1a690,0x00000003d6200000)
 Metaspace       used 90677K, capacity 91738K, committed 91864K, reserved 1128448K
  class space    used 12414K, capacity 12670K, committed 12760K, reserved 1048576K
Event: 41.245 GC heap after
Heap after GC invocations=33 (full 5):
 PSYoungGen      total 1149440K, used 35159K [0x000000066ab00000, 0x00000006b6b00000, 0x00000007c0000000)
  eden space 1058304K, 0% used [0x000000066ab00000,0x000000066ab00000,0x00000006ab480000)
  from space 91136K, 38% used [0x00000006b0a80000,0x00000006b2cd5d90,0x00000006b6380000)
  to   space 88064K, 0% used [0x00000006ab480000,0x00000006ab480000,0x00000006b0a80000)
 ParOldGen       total 362496K, used 240745K [0x00000003c0000000, 0x00000003d6200000, 0x000000066ab00000)
  object space 362496K, 66% used [0x00000003c0000000,0x00000003ceb1a690,0x00000003d6200000)
 Metaspace       used 90677K, capacity 91738K, committed 91864K, reserved 1128448K
  class space    used 12414K, capacity 12670K, committed 12760K, reserved 1048576K
}
Event: 42.808 GC heap before
{Heap before GC invocations=34 (full 5):
 PSYoungGen      total 1149440K, used 1093463K [0x000000066ab00000, 0x00000006b6b00000, 0x00000007c0000000)
  eden space 1058304K, 100% used [0x000000066ab00000,0x00000006ab480000,0x00000006ab480000)
  from space 91136K, 38% used [0x00000006b0a80000,0x00000006b2cd5d90,0x00000006b6380000)
  to   space 88064K, 0% used [0x00000006ab480000,0x00000006ab480000,0x00000006b0a80000)
 ParOldGen       total 362496K, used 240745K [0x00000003c0000000, 0x00000003d6200000, 0x000000066ab00000)
  object space 362496K, 66% used [0x00000003c0000000,0x00000003ceb1a690,0x00000003d6200000)
 Metaspace       used 90677K, capacity 91738K, committed 91864K, reserved 1128448K
  class space    used 12414K, capacity 12670K, committed 12760K, reserved 1048576K
Event: 42.845 GC heap after
Heap after GC invocations=34 (full 5):
 PSYoungGen      total 1146368K, used 16112K [0x000000066ab00000, 0x00000006be500000, 0x00000007c0000000)
  eden space 1058304K, 0% used [0x000000066ab00000,0x000000066ab00000,0x00000006ab480000)
  from space 88064K, 18% used [0x00000006ab480000,0x00000006ac43c048,0x00000006b0a80000)
  to   space 83456K, 0% used [0x00000006b9380000,0x00000006b9380000,0x00000006be500000)
 ParOldGen       total 362496K, used 240745K [0x00000003c0000000, 0x00000003d6200000, 0x000000066ab00000)
  object space 362496K, 66% used [0x00000003c0000000,0x00000003ceb1a690,0x00000003d6200000)
 Metaspace       used 90677K, capacity 91738K, committed 91864K, reserved 1128448K
  class space    used 12414K, capacity 12670K, committed 12760K, reserved 1048576K
}
Event: 44.615 GC heap before
{Heap before GC invocations=35 (full 5):
 PSYoungGen      total 1146368K, used 1074416K [0x000000066ab00000, 0x00000006be500000, 0x00000007c0000000)
  eden space 1058304K, 100% used [0x000000066ab00000,0x00000006ab480000,0x00000006ab480000)
  from space 88064K, 18% used [0x00000006ab480000,0x00000006ac43c048,0x00000006b0a80000)
  to   space 83456K, 0% used [0x00000006b9380000,0x00000006b9380000,0x00000006be500000)
 ParOldGen       total 362496K, used 240745K [0x00000003c0000000, 0x00000003d6200000, 0x000000066ab00000)
  object space 362496K, 66% used [0x00000003c0000000,0x00000003ceb1a690,0x00000003d6200000)
 Metaspace       used 96575K, capacity 97691K, committed 97880K, reserved 1134592K
  class space    used 12865K, capacity 13116K, committed 13144K, reserved 1048576K
Event: 44.721 GC heap after
Heap after GC invocations=35 (full 5):
 PSYoungGen      total 1267712K, used 83443K [0x000000066ab00000, 0x00000006c2000000, 0x00000007c0000000)
  eden space 1184256K, 0% used [0x000000066ab00000,0x000000066ab00000,0x00000006b2f80000)
  from space 83456K, 99% used [0x00000006b9380000,0x00000006be4fccf8,0x00000006be500000)
  to   space 102400K, 0% used [0x00000006b2f80000,0x00000006b2f80000,0x00000006b9380000)
 ParOldGen       total 362496K, used 249279K [0x00000003c0000000, 0x00000003d6200000, 0x000000066ab00000)
  object space 362496K, 68% used [0x00000003c0000000,0x00000003cf36fed8,0x00000003d6200000)
 Metaspace       used 96575K, capacity 97691K, committed 97880K, reserved 1134592K
  class space    used 12865K, capacity 13116K, committed 13144K, reserved 1048576K
}
Event: 46.881 GC heap before
{Heap before GC invocations=36 (full 5):
 PSYoungGen      total 1267712K, used 1267699K [0x000000066ab00000, 0x00000006c2000000, 0x00000007c0000000)
  eden space 1184256K, 100% used [0x000000066ab00000,0x00000006b2f80000,0x00000006b2f80000)
  from space 83456K, 99% used [0x00000006b9380000,0x00000006be4fccf8,0x00000006be500000)
  to   space 102400K, 0% used [0x00000006b2f80000,0x00000006b2f80000,0x00000006b9380000)
 ParOldGen       total 362496K, used 249279K [0x00000003c0000000, 0x00000003d6200000, 0x000000066ab00000)
  object space 362496K, 68% used [0x00000003c0000000,0x00000003cf36fed8,0x00000003d6200000)
 Metaspace       used 97201K, capacity 98267K, committed 98520K, reserved 1134592K
  class space    used 12916K, capacity 13180K, committed 13272K, reserved 1048576K
Event: 46.940 GC heap after
Heap after GC invocations=36 (full 5):
 PSYoungGen      total 1286656K, used 63508K [0x000000066ab00000, 0x00000006cb300000, 0x00000007c0000000)
  eden space 1184256K, 0% used [0x000000066ab00000,0x000000066ab00000,0x00000006b2f80000)
  from space 102400K, 62% used [0x00000006b2f80000,0x00000006b6d853c8,0x00000006b9380000)
  to   space 107008K, 0% used [0x00000006c4a80000,0x00000006c4a80000,0x00000006cb300000)
 ParOldGen       total 362496K, used 253932K [0x00000003c0000000, 0x00000003d6200000, 0x000000066ab00000)
  object space 362496K, 70% used [0x00000003c0000000,0x00000003cf7fb180,0x00000003d6200000)
 Metaspace       used 97201K, capacity 98267K, committed 98520K, reserved 1134592K
  class space    used 12916K, capacity 13180K, committed 13272K, reserved 1048576K
}
Event: 48.851 GC heap before
{Heap before GC invocations=37 (full 5):
 PSYoungGen      total 1286656K, used 1247764K [0x000000066ab00000, 0x00000006cb300000, 0x00000007c0000000)
  eden space 1184256K, 100% used [0x000000066ab00000,0x00000006b2f80000,0x00000006b2f80000)
  from space 102400K, 62% used [0x00000006b2f80000,0x00000006b6d853c8,0x00000006b9380000)
  to   space 107008K, 0% used [0x00000006c4a80000,0x00000006c4a80000,0x00000006cb300000)
 ParOldGen       total 362496K, used 253932K [0x00000003c0000000, 0x00000003d6200000, 0x000000066ab00000)
  object space 362496K, 70% used [0x00000003c0000000,0x00000003cf7fb180,0x00000003d6200000)
 Metaspace       used 97222K, capacity 98331K, committed 98520K, reserved 1134592K
  class space    used 12916K, capacity 13180K, committed 13272K, reserved 1048576K
Event: 48.881 GC heap after
Heap after GC invocations=37 (full 5):
 PSYoungGen      total 1439232K, used 38838K [0x000000066ab00000, 0x00000006c9c80000, 0x00000007c0000000)
  eden space 1355264K, 0% used [0x000000066ab00000,0x000000066ab00000,0x00000006bd680000)
  from space 83968K, 46% used [0x00000006c4a80000,0x00000006c706d8d0,0x00000006c9c80000)
  to   space 101376K, 0% used [0x00000006bd680000,0x00000006bd680000,0x00000006c3980000)
 ParOldGen       total 362496K, used 254639K [0x00000003c0000000, 0x00000003d6200000, 0x000000066ab00000)
  object space 362496K, 70% used [0x00000003c0000000,0x00000003cf8abfb8,0x00000003d6200000)
 Metaspace       used 97222K, capacity 98331K, committed 98520K, reserved 1134592K
  class space    used 12916K, capacity 13180K, committed 13272K, reserved 1048576K
}
Event: 51.028 GC heap before
{Heap before GC invocations=38 (full 5):
 PSYoungGen      total 1439232K, used 1394102K [0x000000066ab00000, 0x00000006c9c80000, 0x00000007c0000000)
  eden space 1355264K, 100% used [0x000000066ab00000,0x00000006bd680000,0x00000006bd680000)
  from space 83968K, 46% used [0x00000006c4a80000,0x00000006c706d8d0,0x00000006c9c80000)
  to   space 101376K, 0% used [0x00000006bd680000,0x00000006bd680000,0x00000006c3980000)
 ParOldGen       total 362496K, used 254639K [0x00000003c0000000, 0x00000003d6200000, 0x000000066ab00000)
  object space 362496K, 70% used [0x00000003c0000000,0x00000003cf8abfb8,0x00000003d6200000)
 Metaspace       used 97269K, capacity 98395K, committed 98520K, reserved 1134592K
  class space    used 12916K, capacity 13180K, committed 13272K, reserved 1048576K
Event: 51.065 GC heap after
Heap after GC invocations=38 (full 5):
 PSYoungGen      total 1456640K, used 39257K [0x000000066ab00000, 0x00000006d2980000, 0x00000007c0000000)
  eden space 1355264K, 0% used [0x000000066ab00000,0x000000066ab00000,0x00000006bd680000)
  from space 101376K, 38% used [0x00000006bd680000,0x00000006bfcd6408,0x00000006c3980000)
  to   space 96256K, 0% used [0x00000006ccb80000,0x00000006ccb80000,0x00000006d2980000)
 ParOldGen       total 362496K, used 254655K [0x00000003c0000000, 0x00000003d6200000, 0x000000066ab00000)
  object space 362496K, 70% used [0x00000003c0000000,0x00000003cf8affb8,0x00000003d6200000)
 Metaspace       used 97269K, capacity 98395K, committed 98520K, reserved 1134592K
  class space    used 12916K, capacity 13180K, committed 13272K, reserved 1048576K
}
Event: 52.913 GC heap before
{Heap before GC invocations=39 (full 5):
 PSYoungGen      total 1456640K, used 1394521K [0x000000066ab00000, 0x00000006d2980000, 0x00000007c0000000)
  eden space 1355264K, 100% used [0x000000066ab00000,0x00000006bd680000,0x00000006bd680000)
  from space 101376K, 38% used [0x00000006bd680000,0x00000006bfcd6408,0x00000006c3980000)
  to   space 96256K, 0% used [0x00000006ccb80000,0x00000006ccb80000,0x00000006d2980000)
 ParOldGen       total 362496K, used 254655K [0x00000003c0000000, 0x00000003d6200000, 0x000000066ab00000)
  object space 362496K, 70% used [0x00000003c0000000,0x00000003cf8affb8,0x00000003d6200000)
 Metaspace       used 97711K, capacity 98823K, committed 99032K, reserved 1134592K
  class space    used 12947K, capacity 13214K, committed 13272K, reserved 1048576K
Event: 53.032 GC heap after
Heap after GC invocations=39 (full 5):
 PSYoungGen      total 1593856K, used 84490K [0x000000066ab00000, 0x00000006d5b80000, 0x00000007c0000000)
  eden space 1497600K, 0% used [0x000000066ab00000,0x000000066ab00000,0x00000006c6180000)
  from space 96256K, 87% used [0x00000006ccb80000,0x00000006d1e02ba0,0x00000006d2980000)
  to   space 108544K, 0% used [0x00000006c6180000,0x00000006c6180000,0x00000006ccb80000)
 ParOldGen       total 362496K, used 254663K [0x00000003c0000000, 0x00000003d6200000, 0x000000066ab00000)
  object space 362496K, 70% used [0x00000003c0000000,0x00000003cf8b1fb8,0x00000003d6200000)
 Metaspace       used 97711K, capacity 98823K, committed 99032K, reserved 1134592K
  class space    used 12947K, capacity 13214K, committed 13272K, reserved 1048576K
}
Event: 55.407 GC heap before
{Heap before GC invocations=40 (full 5):
 PSYoungGen      total 1593856K, used 1582090K [0x000000066ab00000, 0x00000006d5b80000, 0x00000007c0000000)
  eden space 1497600K, 100% used [0x000000066ab00000,0x00000006c6180000,0x00000006c6180000)
  from space 96256K, 87% used [0x00000006ccb80000,0x00000006d1e02ba0,0x00000006d2980000)
  to   space 108544K, 0% used [0x00000006c6180000,0x00000006c6180000,0x00000006ccb80000)
 ParOldGen       total 362496K, used 254663K [0x00000003c0000000, 0x00000003d6200000, 0x000000066ab00000)
  object space 362496K, 70% used [0x00000003c0000000,0x00000003cf8b1fb8,0x00000003d6200000)
 Metaspace       used 97724K, capacity 98823K, committed 99032K, reserved 1134592K
  class space    used 12947K, capacity 13214K, committed 13272K, reserved 1048576K
Event: 55.444 GC heap after
Heap after GC invocations=40 (full 5):
 PSYoungGen      total 1606144K, used 17582K [0x000000066ab00000, 0x00000006de580000, 0x00000007c0000000)
  eden space 1497600K, 0% used [0x000000066ab00000,0x000000066ab00000,0x00000006c6180000)
  from space 108544K, 16% used [0x00000006c6180000,0x00000006c72ab8f8,0x00000006ccb80000)
  to   space 105472K, 0% used [0x00000006d7e80000,0x00000006d7e80000,0x00000006de580000)
 ParOldGen       total 362496K, used 279954K [0x00000003c0000000, 0x00000003d6200000, 0x000000066ab00000)
  object space 362496K, 77% used [0x00000003c0000000,0x00000003d1164a58,0x00000003d6200000)
 Metaspace       used 97724K, capacity 98823K, committed 99032K, reserved 1134592K
  class space    used 12947K, capacity 13214K, committed 13272K, reserved 1048576K
}
Event: 57.516 GC heap before
{Heap before GC invocations=41 (full 5):
 PSYoungGen      total 1606144K, used 1515182K [0x000000066ab00000, 0x00000006de580000, 0x00000007c0000000)
  eden space 1497600K, 100% used [0x000000066ab00000,0x00000006c6180000,0x00000006c6180000)
  from space 108544K, 16% used [0x00000006c6180000,0x00000006c72ab8f8,0x00000006ccb80000)
  to   space 105472K, 0% used [0x00000006d7e80000,0x00000006d7e80000,0x00000006de580000)
 ParOldGen       total 362496K, used 279954K [0x00000003c0000000, 0x00000003d6200000, 0x000000066ab00000)
  object space 362496K, 77% used [0x00000003c0000000,0x00000003d1164a58,0x00000003d6200000)
 Metaspace       used 97753K, capacity 98841K, committed 99032K, reserved 1134592K
  class space    used 12948K, capacity 13217K, committed 13272K, reserved 1048576K
Event: 57.541 GC heap after
Heap after GC invocations=41 (full 5):
 PSYoungGen      total 1753600K, used 47313K [0x000000066ab00000, 0x00000006dd100000, 0x00000007c0000000)
  eden space 1669120K, 0% used [0x000000066ab00000,0x000000066ab00000,0x00000006d0900000)
  from space 84480K, 56% used [0x00000006d7e80000,0x00000006dacb4740,0x00000006dd100000)
  to   space 102400K, 0% used [0x00000006d0900000,0x00000006d0900000,0x00000006d6d00000)
 ParOldGen       total 362496K, used 280018K [0x00000003c0000000, 0x00000003d6200000, 0x000000066ab00000)
  object space 362496K, 77% used [0x00000003c0000000,0x00000003d1174a58,0x00000003d6200000)
 Metaspace       used 97753K, capacity 98841K, committed 99032K, reserved 1134592K
  class space    used 12948K, capacity 13217K, committed 13272K, reserved 1048576K
}
Event: 59.604 GC heap before
{Heap before GC invocations=42 (full 5):
 PSYoungGen      total 1753600K, used 1716433K [0x000000066ab00000, 0x00000006dd100000, 0x00000007c0000000)
  eden space 1669120K, 100% used [0x000000066ab00000,0x00000006d0900000,0x00000006d0900000)
  from space 84480K, 56% used [0x00000006d7e80000,0x00000006dacb4740,0x00000006dd100000)
  to   space 102400K, 0% used [0x00000006d0900000,0x00000006d0900000,0x00000006d6d00000)
 ParOldGen       total 362496K, used 280018K [0x00000003c0000000, 0x00000003d6200000, 0x000000066ab00000)
  object space 362496K, 77% used [0x00000003c0000000,0x00000003d1174a58,0x00000003d6200000)
 Metaspace       used 97754K, capacity 98841K, committed 99032K, reserved 1134592K
  class space    used 12948K, capacity 13217K, committed 13272K, reserved 1048576K
Event: 59.642 GC heap after
Heap after GC invocations=42 (full 5):
 PSYoungGen      total 1771520K, used 19092K [0x000000066ab00000, 0x00000006e7e00000, 0x00000007c0000000)
  eden space 1669120K, 0% used [0x000000066ab00000,0x000000066ab00000,0x00000006d0900000)
  from space 102400K, 18% used [0x00000006d0900000,0x00000006d1ba51b8,0x00000006d6d00000)
  to   space 99328K, 0% used [0x00000006e1d00000,0x00000006e1d00000,0x00000006e7e00000)
 ParOldGen       total 362496K, used 280018K [0x00000003c0000000, 0x00000003d6200000, 0x000000066ab00000)
  object space 362496K, 77% used [0x00000003c0000000,0x00000003d1174a58,0x00000003d6200000)
 Metaspace       used 97754K, capacity 98841K, committed 99032K, reserved 1134592K
  class space    used 12948K, capacity 13217K, committed 13272K, reserved 1048576K
}
Event: 61.661 GC heap before
{Heap before GC invocations=43 (full 5):
 PSYoungGen      total 1771520K, used 1688212K [0x000000066ab00000, 0x00000006e7e00000, 0x00000007c0000000)
  eden space 1669120K, 100% used [0x000000066ab00000,0x00000006d0900000,0x00000006d0900000)
  from space 102400K, 18% used [0x00000006d0900000,0x00000006d1ba51b8,0x00000006d6d00000)
  to   space 99328K, 0% used [0x00000006e1d00000,0x00000006e1d00000,0x00000006e7e00000)
 ParOldGen       total 362496K, used 280018K [0x00000003c0000000, 0x00000003d6200000, 0x000000066ab00000)
  object space 362496K, 77% used [0x00000003c0000000,0x00000003d1174a58,0x00000003d6200000)
 Metaspace       used 97780K, capacity 98847K, committed 99032K, reserved 1134592K
  class space    used 12949K, capacity 13218K, committed 13272K, reserved 1048576K
Event: 61.725 GC heap after
Heap after GC invocations=43 (full 5):
 PSYoungGen      total 1950720K, used 56248K [0x000000066ab00000, 0x00000006e8880000, 0x00000007c0000000)
  eden space 1851392K, 0% used [0x000000066ab00000,0x000000066ab00000,0x00000006dbb00000)
  from space 99328K, 56% used [0x00000006e1d00000,0x00000006e53ee178,0x00000006e7e00000)
  to   space 100352K, 0% used [0x00000006dbb00000,0x00000006dbb00000,0x00000006e1d00000)
 ParOldGen       total 362496K, used 280026K [0x00000003c0000000, 0x00000003d6200000, 0x000000066ab00000)
  object space 362496K, 77% used [0x00000003c0000000,0x00000003d1176a58,0x00000003d6200000)
 Metaspace       used 97780K, capacity 98847K, committed 99032K, reserved 1134592K
  class space    used 12949K, capacity 13218K, committed 13272K, reserved 1048576K
}
Event: 64.062 GC heap before
{Heap before GC invocations=44 (full 5):
 PSYoungGen      total 1950720K, used 1907640K [0x000000066ab00000, 0x00000006e8880000, 0x00000007c0000000)
  eden space 1851392K, 100% used [0x000000066ab00000,0x00000006dbb00000,0x00000006dbb00000)
  from space 99328K, 56% used [0x00000006e1d00000,0x00000006e53ee178,0x00000006e7e00000)
  to   space 100352K, 0% used [0x00000006dbb00000,0x00000006dbb00000,0x00000006e1d00000)
 ParOldGen       total 362496K, used 280026K [0x00000003c0000000, 0x00000003d6200000, 0x000000066ab00000)
  object space 362496K, 77% used [0x00000003c0000000,0x00000003d1176a58,0x00000003d6200000)
 Metaspace       used 97784K, capacity 98911K, committed 99032K, reserved 1134592K
  class space    used 12949K, capacity 13218K, committed 13272K, reserved 1048576K
Event: 64.083 GC heap after
Heap after GC invocations=44 (full 5):
 PSYoungGen      total 1951744K, used 18117K [0x000000066ab00000, 0x00000006f3600000, 0x00000007c0000000)
  eden space 1851392K, 0% used [0x000000066ab00000,0x000000066ab00000,0x00000006dbb00000)
  from space 100352K, 18% used [0x00000006dbb00000,0x00000006dccb1788,0x00000006e1d00000)
  to   space 97792K, 0% used [0x00000006ed680000,0x00000006ed680000,0x00000006f3600000)
 ParOldGen       total 362496K, used 280026K [0x00000003c0000000, 0x00000003d6200000, 0x000000066ab00000)
  object space 362496K, 77% used [0x00000003c0000000,0x00000003d1176a58,0x00000003d6200000)
 Metaspace       used 97784K, capacity 98911K, committed 99032K, reserved 1134592K
  class space    used 12949K, capacity 13218K, committed 13272K, reserved 1048576K
}
Event: 66.197 GC heap before
{Heap before GC invocations=45 (full 5):
 PSYoungGen      total 1951744K, used 1869509K [0x000000066ab00000, 0x00000006f3600000, 0x00000007c0000000)
  eden space 1851392K, 100% used [0x000000066ab00000,0x00000006dbb00000,0x00000006dbb00000)
  from space 100352K, 18% used [0x00000006dbb00000,0x00000006dccb1788,0x00000006e1d00000)
  to   space 97792K, 0% used [0x00000006ed680000,0x00000006ed680000,0x00000006f3600000)
 ParOldGen       total 362496K, used 280026K [0x00000003c0000000, 0x00000003d6200000, 0x000000066ab00000)
  object space 362496K, 77% used [0x00000003c0000000,0x00000003d1176a58,0x00000003d6200000)
 Metaspace       used 97846K, capacity 98999K, committed 99288K, reserved 1134592K
  class space    used 12951K, capacity 13222K, committed 13272K, reserved 1048576K
Event: 66.297 GC heap after
Heap after GC invocations=45 (full 5):
 PSYoungGen      total 2138112K, used 63871K [0x000000066ab00000, 0x00000006f5980000, 0x00000007c0000000)
  eden space 2040320K, 0% used [0x000000066ab00000,0x000000066ab00000,0x00000006e7380000)
  from space 97792K, 65% used [0x00000006ed680000,0x00000006f14dfc20,0x00000006f3600000)
  to   space 101376K, 0% used [0x00000006e7380000,0x00000006e7380000,0x00000006ed680000)
 ParOldGen       total 362496K, used 280034K [0x00000003c0000000, 0x00000003d6200000, 0x000000066ab00000)
  object space 362496K, 77% used [0x00000003c0000000,0x00000003d1178a58,0x00000003d6200000)
 Metaspace       used 97846K, capacity 98999K, committed 99288K, reserved 1134592K
  class space    used 12951K, capacity 13222K, committed 13272K, reserved 1048576K
}
Event: 69.106 GC heap before
{Heap before GC invocations=46 (full 5):
 PSYoungGen      total 2138112K, used 2104191K [0x000000066ab00000, 0x00000006f5980000, 0x00000007c0000000)
  eden space 2040320K, 100% used [0x000000066ab00000,0x00000006e7380000,0x00000006e7380000)
  from space 97792K, 65% used [0x00000006ed680000,0x00000006f14dfc20,0x00000006f3600000)
  to   space 101376K, 0% used [0x00000006e7380000,0x00000006e7380000,0x00000006ed680000)
 ParOldGen       total 362496K, used 280034K [0x00000003c0000000, 0x00000003d6200000, 0x000000066ab00000)
  object space 362496K, 77% used [0x00000003c0000000,0x00000003d1178a58,0x00000003d6200000)
 Metaspace       used 97855K, capacity 98999K, committed 99288K, reserved 1134592K
  class space    used 12951K, capacity 13222K, committed 13272K, reserved 1048576K
Event: 69.121 GC heap after
Heap after GC invocations=46 (full 5):
 PSYoungGen      total 2141696K, used 17526K [0x000000066ab00000, 0x00000006fef80000, 0x00000007c0000000)
  eden space 2040320K, 0% used [0x000000066ab00000,0x000000066ab00000,0x00000006e7380000)
  from space 101376K, 17% used [0x00000006e7380000,0x00000006e849d9a0,0x00000006ed680000)
  to   space 99328K, 0% used [0x00000006f8e80000,0x00000006f8e80000,0x00000006fef80000)
 ParOldGen       total 362496K, used 280042K [0x00000003c0000000, 0x00000003d6200000, 0x000000066ab00000)
  object space 362496K, 77% used [0x00000003c0000000,0x00000003d117aa58,0x00000003d6200000)
 Metaspace       used 97855K, capacity 98999K, committed 99288K, reserved 1134592K
  class space    used 12951K, capacity 13222K, committed 13272K, reserved 1048576K
}
Event: 71.620 GC heap before
{Heap before GC invocations=47 (full 5):
 PSYoungGen      total 2141696K, used 2057846K [0x000000066ab00000, 0x00000006fef80000, 0x00000007c0000000)
  eden space 2040320K, 100% used [0x000000066ab00000,0x00000006e7380000,0x00000006e7380000)
  from space 101376K, 17% used [0x00000006e7380000,0x00000006e849d9a0,0x00000006ed680000)
  to   space 99328K, 0% used [0x00000006f8e80000,0x00000006f8e80000,0x00000006fef80000)
 ParOldGen       total 362496K, used 280042K [0x00000003c0000000, 0x00000003d6200000, 0x000000066ab00000)
  object space 362496K, 77% used [0x00000003c0000000,0x00000003d117aa58,0x00000003d6200000)
 Metaspace       used 97890K, capacity 99087K, committed 99288K, reserved 1134592K
  class space    used 12953K, capacity 13226K, committed 13272K, reserved 1048576K
Event: 71.659 GC heap after
Heap after GC invocations=47 (full 5):
 PSYoungGen      total 2305536K, used 20290K [0x000000066ab00000, 0x00000006fe000000, 0x00000007c0000000)
  eden space 2222080K, 0% used [0x000000066ab00000,0x000000066ab00000,0x00000006f2500000)
  from space 83456K, 24% used [0x00000006f8e80000,0x00000006fa250a70,0x00000006fe000000)
  to   space 95744K, 0% used [0x00000006f2500000,0x00000006f2500000,0x00000006f8280000)
 ParOldGen       total 362496K, used 280042K [0x00000003c0000000, 0x00000003d6200000, 0x000000066ab00000)
  object space 362496K, 77% used [0x00000003c0000000,0x00000003d117aa58,0x00000003d6200000)
 Metaspace       used 97890K, capacity 99087K, committed 99288K, reserved 1134592K
  class space    used 12953K, capacity 13226K, committed 13272K, reserved 1048576K
}
Event: 74.448 GC heap before
{Heap before GC invocations=48 (full 5):
 PSYoungGen      total 2305536K, used 2242370K [0x000000066ab00000, 0x00000006fe000000, 0x00000007c0000000)
  eden space 2222080K, 100% used [0x000000066ab00000,0x00000006f2500000,0x00000006f2500000)
  from space 83456K, 24% used [0x00000006f8e80000,0x00000006fa250a70,0x00000006fe000000)
  to   space 95744K, 0% used [0x00000006f2500000,0x00000006f2500000,0x00000006f8280000)
 ParOldGen       total 362496K, used 280042K [0x00000003c0000000, 0x00000003d6200000, 0x000000066ab00000)
  object space 362496K, 77% used [0x00000003c0000000,0x00000003d117aa58,0x00000003d6200000)
 Metaspace       used 97923K, capacity 99093K, committed 99288K, reserved 1134592K
  class space    used 12954K, capacity 13227K, committed 13272K, reserved 1048576K
Event: 74.517 GC heap after
Heap after GC invocations=48 (full 5):
 PSYoungGen      total 2317824K, used 61016K [0x000000066ab00000, 0x000000070ae80000, 0x00000007c0000000)
  eden space 2222080K, 0% used [0x000000066ab00000,0x000000066ab00000,0x00000006f2500000)
  from space 95744K, 63% used [0x00000006f2500000,0x00000006f6096060,0x00000006f8280000)
  to   space 99328K, 0% used [0x0000000704d80000,0x0000000704d80000,0x000000070ae80000)
 ParOldGen       total 362496K, used 280042K [0x00000003c0000000, 0x00000003d6200000, 0x000000066ab00000)
  object space 362496K, 77% used [0x00000003c0000000,0x00000003d117aa58,0x00000003d6200000)
 Metaspace       used 97923K, capacity 99093K, committed 99288K, reserved 1134592K
  class space    used 12954K, capacity 13227K, committed 13272K, reserved 1048576K
}
Event: 77.516 GC heap before
{Heap before GC invocations=49 (full 5):
 PSYoungGen      total 2317824K, used 2283096K [0x000000066ab00000, 0x000000070ae80000, 0x00000007c0000000)
  eden space 2222080K, 100% used [0x000000066ab00000,0x00000006f2500000,0x00000006f2500000)
  from space 95744K, 63% used [0x00000006f2500000,0x00000006f6096060,0x00000006f8280000)
  to   space 99328K, 0% used [0x0000000704d80000,0x0000000704d80000,0x000000070ae80000)
 ParOldGen       total 362496K, used 280042K [0x00000003c0000000, 0x00000003d6200000, 0x000000066ab00000)
  object space 362496K, 77% used [0x00000003c0000000,0x00000003d117aa58,0x00000003d6200000)
 Metaspace       used 97929K, capacity 99093K, committed 99288K, reserved 1134592K
  class space    used 12954K, capacity 13227K, committed 13272K, reserved 1048576K
Event: 77.526 GC heap after
Heap after GC invocations=49 (full 5):
 PSYoungGen      total 2467328K, used 12195K [0x000000066ab00000, 0x0000000709080000, 0x00000007c0000000)
  eden space 2398720K, 0% used [0x000000066ab00000,0x000000066ab00000,0x00000006fd180000)
  from space 68608K, 17% used [0x0000000704d80000,0x0000000705968f00,0x0000000709080000)
  to   space 97792K, 0% used [0x00000006fd180000,0x00000006fd180000,0x0000000703100000)
 ParOldGen       total 362496K, used 280042K [0x00000003c0000000, 0x00000003d6200000, 0x000000066ab00000)
  object space 362496K, 77% used [0x00000003c0000000,0x00000003d117aa58,0x00000003d6200000)
 Metaspace       used 97929K, capacity 99093K, committed 99288K, reserved 1134592K
  class space    used 12954K, capacity 13227K, committed 13272K, reserved 1048576K
}
Event: 80.620 GC heap before
{Heap before GC invocations=50 (full 5):
 PSYoungGen      total 2467328K, used 2410915K [0x000000066ab00000, 0x0000000709080000, 0x00000007c0000000)
  eden space 2398720K, 100% used [0x000000066ab00000,0x00000006fd180000,0x00000006fd180000)
  from space 68608K, 17% used [0x0000000704d80000,0x0000000705968f00,0x0000000709080000)
  to   space 97792K, 0% used [0x00000006fd180000,0x00000006fd180000,0x0000000703100000)
 ParOldGen       total 362496K, used 280042K [0x00000003c0000000, 0x00000003d6200000, 0x000000066ab00000)
  object space 362496K, 77% used [0x00000003c0000000,0x00000003d117aa58,0x00000003d6200000)
 Metaspace       used 97963K, capacity 99105K, committed 99288K, reserved 1134592K
  class space    used 12955K, capacity 13229K, committed 13272K, reserved 1048576K

