# JRE version: OpenJDK Runtime Environment (8.0_252-b09) (build 1.8.0_252-b09)
# Java VM: OpenJDK 64-Bit Server VM (25.252-b09 mixed mode linux-amd64 compressed oops)
Heap:
 PSYoungGen      total 2488832K, used 73774K [0x000000066ab00000, 0x000000070c580000, 0x00000007c0000000)
  eden space 2336256K, 0% used [0x000000066ab00000,0x000000066ab00000,0x00000006f9480000)
  from space 152576K, 48% used [0x00000006f9480000,0x00000006fdc8bb90,0x0000000702980000)
  to   space 157696K, 0% used [0x0000000702980000,0x0000000702980000,0x000000070c380000)
 ParOldGen       total 414720K, used 261511K [0x00000003c0000000, 0x00000003d9500000, 0x000000066ab00000)
  object space 414720K, 63% used [0x00000003c0000000,0x00000003cff61fa0,0x00000003d9500000)
 Metaspace       used 98462K, capacity 99615K, committed 99800K, reserved 1136640K
  class space    used 13040K, capacity 13298K, committed 13312K, reserved 1048576K
GC Heap History (125 events):
Event: 0.530 GC heap before
{Heap before GC invocations=1 (full 0):
 PSYoungGen      total 18432K, used 15872K [0x000000066ab00000, 0x000000066bf80000, 0x00000007c0000000)
  eden space 15872K, 100% used [0x000000066ab00000,0x000000066ba80000,0x000000066ba80000)
  from space 2560K, 0% used [0x000000066bd00000,0x000000066bd00000,0x000000066bf80000)
  to   space 2560K, 0% used [0x000000066ba80000,0x000000066ba80000,0x000000066bd00000)
 ParOldGen       total 42496K, used 0K [0x00000003c0000000, 0x00000003c2980000, 0x000000066ab00000)
  object space 42496K, 0% used [0x00000003c0000000,0x00000003c0000000,0x00000003c2980000)
 Metaspace       used 4976K, capacity 5944K, committed 6016K, reserved 1056768K
  class space    used 542K, capacity 616K, committed 640K, reserved 1048576K
Event: 0.533 GC heap after
Heap after GC invocations=1 (full 0):
 PSYoungGen      total 18432K, used 2555K [0x000000066ab00000, 0x000000066bf80000, 0x00000007c0000000)
  eden space 15872K, 0% used [0x000000066ab00000,0x000000066ab00000,0x000000066ba80000)
  from space 2560K, 99% used [0x000000066ba80000,0x000000066bcfeca0,0x000000066bd00000)
  to   space 2560K, 0% used [0x000000066bd00000,0x000000066bd00000,0x000000066bf80000)
 ParOldGen       total 42496K, used 442K [0x00000003c0000000, 0x00000003c2980000, 0x000000066ab00000)
  object space 42496K, 1% used [0x00000003c0000000,0x00000003c006ea60,0x00000003c2980000)
 Metaspace       used 4976K, capacity 5944K, committed 6016K, reserved 1056768K
  class space    used 542K, capacity 616K, committed 640K, reserved 1048576K
}
Event: 1.086 GC heap before
{Heap before GC invocations=2 (full 0):
 PSYoungGen      total 18432K, used 18427K [0x000000066ab00000, 0x000000066bf80000, 0x00000007c0000000)
  eden space 15872K, 100% used [0x000000066ab00000,0x000000066ba80000,0x000000066ba80000)
  from space 2560K, 99% used [0x000000066ba80000,0x000000066bcfeca0,0x000000066bd00000)
  to   space 2560K, 0% used [0x000000066bd00000,0x000000066bd00000,0x000000066bf80000)
 ParOldGen       total 42496K, used 442K [0x00000003c0000000, 0x00000003c2980000, 0x000000066ab00000)
  object space 42496K, 1% used [0x00000003c0000000,0x00000003c006ea60,0x00000003c2980000)
 Metaspace       used 9305K, capacity 9376K, committed 9472K, reserved 1056768K
  class space    used 1221K, capacity 1232K, committed 1280K, reserved 1048576K
Event: 1.090 GC heap after
Heap after GC invocations=2 (full 0):
 PSYoungGen      total 18432K, used 2540K [0x000000066ab00000, 0x000000066bf80000, 0x00000007c0000000)
  eden space 15872K, 0% used [0x000000066ab00000,0x000000066ab00000,0x000000066ba80000)
  from space 2560K, 99% used [0x000000066bd00000,0x000000066bf7b300,0x000000066bf80000)
  to   space 2560K, 0% used [0x000000066ba80000,0x000000066ba80000,0x000000066bd00000)
 ParOldGen       total 42496K, used 1588K [0x00000003c0000000, 0x00000003c2980000, 0x000000066ab00000)
  object space 42496K, 3% used [0x00000003c0000000,0x00000003c018d020,0x00000003c2980000)
 Metaspace       used 9305K, capacity 9376K, committed 9472K, reserved 1056768K
  class space    used 1221K, capacity 1232K, committed 1280K, reserved 1048576K
}
Event: 1.446 GC heap before
{Heap before GC invocations=3 (full 0):
 PSYoungGen      total 18432K, used 18412K [0x000000066ab00000, 0x000000066bf80000, 0x00000007c0000000)
  eden space 15872K, 100% used [0x000000066ab00000,0x000000066ba80000,0x000000066ba80000)
  from space 2560K, 99% used [0x000000066bd00000,0x000000066bf7b300,0x000000066bf80000)
  to   space 2560K, 0% used [0x000000066ba80000,0x000000066ba80000,0x000000066bd00000)
 ParOldGen       total 42496K, used 1588K [0x00000003c0000000, 0x00000003c2980000, 0x000000066ab00000)
  object space 42496K, 3% used [0x00000003c0000000,0x00000003c018d020,0x00000003c2980000)
 Metaspace       used 11377K, capacity 11424K, committed 11648K, reserved 1058816K
  class space    used 1531K, capacity 1552K, committed 1664K, reserved 1048576K
Event: 1.449 GC heap after
Heap after GC invocations=3 (full 0):
 PSYoungGen      total 18432K, used 2547K [0x000000066ab00000, 0x000000066bf80000, 0x00000007c0000000)
  eden space 15872K, 0% used [0x000000066ab00000,0x000000066ab00000,0x000000066ba80000)
  from space 2560K, 99% used [0x000000066ba80000,0x000000066bcfcd90,0x000000066bd00000)
  to   space 2560K, 0% used [0x000000066bd00000,0x000000066bd00000,0x000000066bf80000)
 ParOldGen       total 42496K, used 2739K [0x00000003c0000000, 0x00000003c2980000, 0x000000066ab00000)
  object space 42496K, 6% used [0x00000003c0000000,0x00000003c02acfe0,0x00000003c2980000)
 Metaspace       used 11377K, capacity 11424K, committed 11648K, reserved 1058816K
  class space    used 1531K, capacity 1552K, committed 1664K, reserved 1048576K
}
Event: 1.661 GC heap before
{Heap before GC invocations=4 (full 0):
 PSYoungGen      total 18432K, used 18419K [0x000000066ab00000, 0x000000066bf80000, 0x00000007c0000000)
  eden space 15872K, 100% used [0x000000066ab00000,0x000000066ba80000,0x000000066ba80000)
  from space 2560K, 99% used [0x000000066ba80000,0x000000066bcfcd90,0x000000066bd00000)
  to   space 2560K, 0% used [0x000000066bd00000,0x000000066bd00000,0x000000066bf80000)
 ParOldGen       total 42496K, used 2739K [0x00000003c0000000, 0x00000003c2980000, 0x000000066ab00000)
  object space 42496K, 6% used [0x00000003c0000000,0x00000003c02acfe0,0x00000003c2980000)
 Metaspace       used 12951K, capacity 13056K, committed 13312K, reserved 1060864K
  class space    used 1728K, capacity 1776K, committed 1792K, reserved 1048576K
Event: 1.665 GC heap after
Heap after GC invocations=4 (full 0):
 PSYoungGen      total 18432K, used 2542K [0x000000066ab00000, 0x000000066bf80000, 0x00000007c0000000)
  eden space 15872K, 0% used [0x000000066ab00000,0x000000066ab00000,0x000000066ba80000)
  from space 2560K, 99% used [0x000000066bd00000,0x000000066bf7ba28,0x000000066bf80000)
  to   space 2560K, 0% used [0x000000066ba80000,0x000000066ba80000,0x000000066bd00000)
 ParOldGen       total 42496K, used 3771K [0x00000003c0000000, 0x00000003c2980000, 0x000000066ab00000)
  object space 42496K, 8% used [0x00000003c0000000,0x00000003c03aee78,0x00000003c2980000)
 Metaspace       used 12951K, capacity 13056K, committed 13312K, reserved 1060864K
  class space    used 1728K, capacity 1776K, committed 1792K, reserved 1048576K
}
Event: 1.813 GC heap before
{Heap before GC invocations=5 (full 0):
 PSYoungGen      total 18432K, used 18414K [0x000000066ab00000, 0x000000066bf80000, 0x00000007c0000000)
  eden space 15872K, 100% used [0x000000066ab00000,0x000000066ba80000,0x000000066ba80000)
  from space 2560K, 99% used [0x000000066bd00000,0x000000066bf7ba28,0x000000066bf80000)
  to   space 2560K, 0% used [0x000000066ba80000,0x000000066ba80000,0x000000066bd00000)
 ParOldGen       total 42496K, used 3771K [0x00000003c0000000, 0x00000003c2980000, 0x000000066ab00000)
  object space 42496K, 8% used [0x00000003c0000000,0x00000003c03aee78,0x00000003c2980000)
 Metaspace       used 14372K, capacity 14496K, committed 14848K, reserved 1062912K
  class space    used 1899K, capacity 1936K, committed 2048K, reserved 1048576K
Event: 1.818 GC heap after
Heap after GC invocations=5 (full 0):
 PSYoungGen      total 18432K, used 2558K [0x000000066ab00000, 0x000000066d300000, 0x00000007c0000000)
  eden space 15872K, 0% used [0x000000066ab00000,0x000000066ab00000,0x000000066ba80000)
  from space 2560K, 99% used [0x000000066ba80000,0x000000066bcffa38,0x000000066bd00000)
  to   space 4608K, 0% used [0x000000066ce80000,0x000000066ce80000,0x000000066d300000)
 ParOldGen       total 42496K, used 5091K [0x00000003c0000000, 0x00000003c2980000, 0x000000066ab00000)
  object space 42496K, 11% used [0x00000003c0000000,0x00000003c04f8de0,0x00000003c2980000)
 Metaspace       used 14372K, capacity 14496K, committed 14848K, reserved 1062912K
  class space    used 1899K, capacity 1936K, committed 2048K, reserved 1048576K
}
Event: 2.112 GC heap before
{Heap before GC invocations=6 (full 0):
 PSYoungGen      total 18432K, used 18430K [0x000000066ab00000, 0x000000066d300000, 0x00000007c0000000)
  eden space 15872K, 100% used [0x000000066ab00000,0x000000066ba80000,0x000000066ba80000)
  from space 2560K, 99% used [0x000000066ba80000,0x000000066bcffa38,0x000000066bd00000)
  to   space 4608K, 0% used [0x000000066ce80000,0x000000066ce80000,0x000000066d300000)
 ParOldGen       total 42496K, used 5091K [0x00000003c0000000, 0x00000003c2980000, 0x000000066ab00000)
  object space 42496K, 11% used [0x00000003c0000000,0x00000003c04f8de0,0x00000003c2980000)
 Metaspace       used 15208K, capacity 15334K, committed 15616K, reserved 1062912K
  class space    used 1979K, capacity 2001K, committed 2048K, reserved 1048576K
Event: 2.117 GC heap after
Heap after GC invocations=6 (full 0):
 PSYoungGen      total 35840K, used 3603K [0x000000066ab00000, 0x000000066d280000, 0x00000007c0000000)
  eden space 31744K, 0% used [0x000000066ab00000,0x000000066ab00000,0x000000066ca00000)
  from space 4096K, 87% used [0x000000066ce80000,0x000000066d204fc0,0x000000066d280000)
  to   space 4096K, 0% used [0x000000066ca80000,0x000000066ca80000,0x000000066ce80000)
 ParOldGen       total 42496K, used 5099K [0x00000003c0000000, 0x00000003c2980000, 0x000000066ab00000)
  object space 42496K, 11% used [0x00000003c0000000,0x00000003c04fade0,0x00000003c2980000)
 Metaspace       used 15208K, capacity 15334K, committed 15616K, reserved 1062912K
  class space    used 1979K, capacity 2001K, committed 2048K, reserved 1048576K
}
Event: 2.466 GC heap before
{Heap before GC invocations=7 (full 0):
 PSYoungGen      total 35840K, used 35347K [0x000000066ab00000, 0x000000066d280000, 0x00000007c0000000)
  eden space 31744K, 100% used [0x000000066ab00000,0x000000066ca00000,0x000000066ca00000)
  from space 4096K, 87% used [0x000000066ce80000,0x000000066d204fc0,0x000000066d280000)
  to   space 4096K, 0% used [0x000000066ca80000,0x000000066ca80000,0x000000066ce80000)
 ParOldGen       total 42496K, used 5099K [0x00000003c0000000, 0x00000003c2980000, 0x000000066ab00000)
  object space 42496K, 11% used [0x00000003c0000000,0x00000003c04fade0,0x00000003c2980000)
 Metaspace       used 15695K, capacity 15800K, committed 16128K, reserved 1062912K
  class space    used 1982K, capacity 2004K, committed 2048K, reserved 1048576K
Event: 2.473 GC heap after
Heap after GC invocations=7 (full 0):
 PSYoungGen      total 36352K, used 2736K [0x000000066ab00000, 0x000000066f200000, 0x00000007c0000000)
  eden space 32256K, 0% used [0x000000066ab00000,0x000000066ab00000,0x000000066ca80000)
  from space 4096K, 66% used [0x000000066ca80000,0x000000066cd2c020,0x000000066ce80000)
  to   space 4608K, 0% used [0x000000066ed80000,0x000000066ed80000,0x000000066f200000)
 ParOldGen       total 42496K, used 6692K [0x00000003c0000000, 0x00000003c2980000, 0x000000066ab00000)
  object space 42496K, 15% used [0x00000003c0000000,0x00000003c0689128,0x00000003c2980000)
 Metaspace       used 15695K, capacity 15800K, committed 16128K, reserved 1062912K
  class space    used 1982K, capacity 2004K, committed 2048K, reserved 1048576K
}
Event: 2.694 GC heap before
{Heap before GC invocations=8 (full 0):
 PSYoungGen      total 36352K, used 34992K [0x000000066ab00000, 0x000000066f200000, 0x00000007c0000000)
  eden space 32256K, 100% used [0x000000066ab00000,0x000000066ca80000,0x000000066ca80000)
  from space 4096K, 66% used [0x000000066ca80000,0x000000066cd2c020,0x000000066ce80000)
  to   space 4608K, 0% used [0x000000066ed80000,0x000000066ed80000,0x000000066f200000)
 ParOldGen       total 42496K, used 6692K [0x00000003c0000000, 0x00000003c2980000, 0x000000066ab00000)
  object space 42496K, 15% used [0x00000003c0000000,0x00000003c0689128,0x00000003c2980000)
 Metaspace       used 15924K, capacity 16056K, committed 16384K, reserved 1062912K
  class space    used 1983K, capacity 2004K, committed 2048K, reserved 1048576K
Event: 2.698 GC heap after
Heap after GC invocations=8 (full 0):
 PSYoungGen      total 68096K, used 2848K [0x000000066ab00000, 0x000000066f300000, 0x00000007c0000000)
  eden space 63488K, 0% used [0x000000066ab00000,0x000000066ab00000,0x000000066e900000)
  from space 4608K, 61% used [0x000000066ed80000,0x000000066f048020,0x000000066f200000)
  to   space 4608K, 0% used [0x000000066e900000,0x000000066e900000,0x000000066ed80000)
 ParOldGen       total 42496K, used 7316K [0x00000003c0000000, 0x00000003c2980000, 0x000000066ab00000)
  object space 42496K, 17% used [0x00000003c0000000,0x00000003c0725138,0x00000003c2980000)
 Metaspace       used 15924K, capacity 16056K, committed 16384K, reserved 1062912K
  class space    used 1983K, capacity 2004K, committed 2048K, reserved 1048576K
}
Event: 3.633 GC heap before
{Heap before GC invocations=9 (full 0):
 PSYoungGen      total 68096K, used 66336K [0x000000066ab00000, 0x000000066f300000, 0x00000007c0000000)
  eden space 63488K, 100% used [0x000000066ab00000,0x000000066e900000,0x000000066e900000)
  from space 4608K, 61% used [0x000000066ed80000,0x000000066f048020,0x000000066f200000)
  to   space 4608K, 0% used [0x000000066e900000,0x000000066e900000,0x000000066ed80000)
 ParOldGen       total 42496K, used 7316K [0x00000003c0000000, 0x00000003c2980000, 0x000000066ab00000)
  object space 42496K, 17% used [0x00000003c0000000,0x00000003c0725138,0x00000003c2980000)
 Metaspace       used 20373K, capacity 20600K, committed 20864K, reserved 1067008K
  class space    used 2591K, capacity 2664K, committed 2688K, reserved 1048576K
Event: 3.641 GC heap after
Heap after GC invocations=9 (full 0):
 PSYoungGen      total 68096K, used 4601K [0x000000066ab00000, 0x0000000671880000, 0x00000007c0000000)
  eden space 63488K, 0% used [0x000000066ab00000,0x000000066ab00000,0x000000066e900000)
  from space 4608K, 99% used [0x000000066e900000,0x000000066ed7e718,0x000000066ed80000)
  to   space 5120K, 0% used [0x0000000671380000,0x0000000671380000,0x0000000671880000)
 ParOldGen       total 42496K, used 8461K [0x00000003c0000000, 0x00000003c2980000, 0x000000066ab00000)
  object space 42496K, 19% used [0x00000003c0000000,0x00000003c0843578,0x00000003c2980000)
 Metaspace       used 20373K, capacity 20600K, committed 20864K, reserved 1067008K
  class space    used 2591K, capacity 2664K, committed 2688K, reserved 1048576K
}
Event: 3.731 GC heap before
{Heap before GC invocations=10 (full 0):
 PSYoungGen      total 68096K, used 16064K [0x000000066ab00000, 0x0000000671880000, 0x00000007c0000000)
  eden space 63488K, 18% used [0x000000066ab00000,0x000000066b631c00,0x000000066e900000)
  from space 4608K, 99% used [0x000000066e900000,0x000000066ed7e718,0x000000066ed80000)
  to   space 5120K, 0% used [0x0000000671380000,0x0000000671380000,0x0000000671880000)
 ParOldGen       total 42496K, used 8461K [0x00000003c0000000, 0x00000003c2980000, 0x000000066ab00000)
  object space 42496K, 19% used [0x00000003c0000000,0x00000003c0843578,0x00000003c2980000)
 Metaspace       used 20917K, capacity 21080K, committed 21248K, reserved 1067008K
  class space    used 2669K, capacity 2760K, committed 2816K, reserved 1048576K
Event: 3.735 GC heap after
Heap after GC invocations=10 (full 0):
 PSYoungGen      total 106496K, used 1755K [0x000000066ab00000, 0x0000000671980000, 0x00000007c0000000)
  eden space 101376K, 0% used [0x000000066ab00000,0x000000066ab00000,0x0000000670e00000)
  from space 5120K, 34% used [0x0000000671380000,0x0000000671536ec8,0x0000000671880000)
  to   space 5632K, 0% used [0x0000000670e00000,0x0000000670e00000,0x0000000671380000)
 ParOldGen       total 42496K, used 9070K [0x00000003c0000000, 0x00000003c2980000, 0x000000066ab00000)
  object space 42496K, 21% used [0x00000003c0000000,0x00000003c08dbaf8,0x00000003c2980000)
 Metaspace       used 20917K, capacity 21080K, committed 21248K, reserved 1067008K
  class space    used 2669K, capacity 2760K, committed 2816K, reserved 1048576K
}
Event: 3.735 GC heap before
{Heap before GC invocations=11 (full 1):
 PSYoungGen      total 106496K, used 1755K [0x000000066ab00000, 0x0000000671980000, 0x00000007c0000000)
  eden space 101376K, 0% used [0x000000066ab00000,0x000000066ab00000,0x0000000670e00000)
  from space 5120K, 34% used [0x0000000671380000,0x0000000671536ec8,0x0000000671880000)
  to   space 5632K, 0% used [0x0000000670e00000,0x0000000670e00000,0x0000000671380000)
 ParOldGen       total 42496K, used 9070K [0x00000003c0000000, 0x00000003c2980000, 0x000000066ab00000)
  object space 42496K, 21% used [0x00000003c0000000,0x00000003c08dbaf8,0x00000003c2980000)
 Metaspace       used 20917K, capacity 21080K, committed 21248K, reserved 1067008K
  class space    used 2669K, capacity 2760K, committed 2816K, reserved 1048576K
Event: 3.762 GC heap after
Heap after GC invocations=11 (full 1):
 PSYoungGen      total 106496K, used 0K [0x000000066ab00000, 0x0000000671980000, 0x00000007c0000000)
  eden space 101376K, 0% used [0x000000066ab00000,0x000000066ab00000,0x0000000670e00000)
  from space 5120K, 0% used [0x0000000671380000,0x0000000671380000,0x0000000671880000)
  to   space 5632K, 0% used [0x0000000670e00000,0x0000000670e00000,0x0000000671380000)
 ParOldGen       total 27136K, used 4323K [0x00000003c0000000, 0x00000003c1a80000, 0x000000066ab00000)
  object space 27136K, 15% used [0x00000003c0000000,0x00000003c0438ca8,0x00000003c1a80000)
 Metaspace       used 20917K, capacity 21080K, committed 21248K, reserved 1067008K
  class space    used 2669K, capacity 2760K, committed 2816K, reserved 1048576K
}
Event: 5.371 GC heap before
{Heap before GC invocations=12 (full 1):
 PSYoungGen      total 106496K, used 101376K [0x000000066ab00000, 0x0000000671980000, 0x00000007c0000000)
  eden space 101376K, 100% used [0x000000066ab00000,0x0000000670e00000,0x0000000670e00000)
  from space 5120K, 0% used [0x0000000671380000,0x0000000671380000,0x0000000671880000)
  to   space 5632K, 0% used [0x0000000670e00000,0x0000000670e00000,0x0000000671380000)
 ParOldGen       total 27136K, used 4323K [0x00000003c0000000, 0x00000003c1a80000, 0x000000066ab00000)
  object space 27136K, 15% used [0x00000003c0000000,0x00000003c0438ca8,0x00000003c1a80000)
 Metaspace       used 31017K, capacity 31242K, committed 31616K, reserved 1077248K
  class space    used 4056K, capacity 4139K, committed 4224K, reserved 1048576K
Event: 5.380 GC heap after
Heap after GC invocations=12 (full 1):
 PSYoungGen      total 107008K, used 5619K [0x000000066ab00000, 0x0000000674680000, 0x00000007c0000000)
  eden space 101376K, 0% used [0x000000066ab00000,0x000000066ab00000,0x0000000670e00000)
  from space 5632K, 99% used [0x0000000670e00000,0x000000067137cff8,0x0000000671380000)
  to   space 7680K, 0% used [0x0000000673f00000,0x0000000673f00000,0x0000000674680000)
 ParOldGen       total 27136K, used 8704K [0x00000003c0000000, 0x00000003c1a80000, 0x000000066ab00000)
  object space 27136K, 32% used [0x00000003c0000000,0x00000003c0880160,0x00000003c1a80000)
 Metaspace       used 31017K, capacity 31242K, committed 31616K, reserved 1077248K
  class space    used 4056K, capacity 4139K, committed 4224K, reserved 1048576K
}
Event: 8.601 GC heap before
{Heap before GC invocations=13 (full 1):
 PSYoungGen      total 107008K, used 85710K [0x000000066ab00000, 0x0000000674680000, 0x00000007c0000000)
  eden space 101376K, 79% used [0x000000066ab00000,0x000000066f936968,0x0000000670e00000)
  from space 5632K, 99% used [0x0000000670e00000,0x000000067137cff8,0x0000000671380000)
  to   space 7680K, 0% used [0x0000000673f00000,0x0000000673f00000,0x0000000674680000)
 ParOldGen       total 27136K, used 8704K [0x00000003c0000000, 0x00000003c1a80000, 0x000000066ab00000)
  object space 27136K, 32% used [0x00000003c0000000,0x00000003c0880160,0x00000003c1a80000)
 Metaspace       used 34904K, capacity 35122K, committed 35416K, reserved 1079296K
  class space    used 4567K, capacity 4661K, committed 4736K, reserved 1048576K
Event: 8.613 GC heap after
Heap after GC invocations=13 (full 1):
 PSYoungGen      total 146944K, used 5271K [0x000000066ab00000, 0x0000000674480000, 0x00000007c0000000)
  eden space 141312K, 0% used [0x000000066ab00000,0x000000066ab00000,0x0000000673500000)
  from space 5632K, 93% used [0x0000000673f00000,0x0000000674425ee8,0x0000000674480000)
  to   space 7680K, 0% used [0x0000000673580000,0x0000000673580000,0x0000000673d00000)
 ParOldGen       total 27136K, used 10502K [0x00000003c0000000, 0x00000003c1a80000, 0x000000066ab00000)
  object space 27136K, 38% used [0x00000003c0000000,0x00000003c0a41b08,0x00000003c1a80000)
 Metaspace       used 34904K, capacity 35122K, committed 35416K, reserved 1079296K
  class space    used 4567K, capacity 4661K, committed 4736K, reserved 1048576K
}
Event: 8.613 GC heap before
{Heap before GC invocations=14 (full 2):
 PSYoungGen      total 146944K, used 5271K [0x000000066ab00000, 0x0000000674480000, 0x00000007c0000000)
  eden space 141312K, 0% used [0x000000066ab00000,0x000000066ab00000,0x0000000673500000)
  from space 5632K, 93% used [0x0000000673f00000,0x0000000674425ee8,0x0000000674480000)
  to   space 7680K, 0% used [0x0000000673580000,0x0000000673580000,0x0000000673d00000)
 ParOldGen       total 27136K, used 10502K [0x00000003c0000000, 0x00000003c1a80000, 0x000000066ab00000)
  object space 27136K, 38% used [0x00000003c0000000,0x00000003c0a41b08,0x00000003c1a80000)
 Metaspace       used 34904K, capacity 35122K, committed 35416K, reserved 1079296K
  class space    used 4567K, capacity 4661K, committed 4736K, reserved 1048576K
Event: 8.666 GC heap after
Heap after GC invocations=14 (full 2):
 PSYoungGen      total 146944K, used 0K [0x000000066ab00000, 0x0000000674480000, 0x00000007c0000000)
  eden space 141312K, 0% used [0x000000066ab00000,0x000000066ab00000,0x0000000673500000)
  from space 5632K, 0% used [0x0000000673f00000,0x0000000673f00000,0x0000000674480000)
  to   space 7680K, 0% used [0x0000000673580000,0x0000000673580000,0x0000000673d00000)
 ParOldGen       total 43008K, used 10537K [0x00000003c0000000, 0x00000003c2a00000, 0x000000066ab00000)
  object space 43008K, 24% used [0x00000003c0000000,0x00000003c0a4a640,0x00000003c2a00000)
 Metaspace       used 34904K, capacity 35122K, committed 35416K, reserved 1079296K
  class space    used 4567K, capacity 4661K, committed 4736K, reserved 1048576K
}
Event: 35.891 GC heap before
{Heap before GC invocations=15 (full 2):
 PSYoungGen      total 146944K, used 141312K [0x000000066ab00000, 0x0000000674480000, 0x00000007c0000000)
  eden space 141312K, 100% used [0x000000066ab00000,0x0000000673500000,0x0000000673500000)
  from space 5632K, 0% used [0x0000000673f00000,0x0000000673f00000,0x0000000674480000)
  to   space 7680K, 0% used [0x0000000673580000,0x0000000673580000,0x0000000673d00000)
 ParOldGen       total 43008K, used 10537K [0x00000003c0000000, 0x00000003c2a00000, 0x000000066ab00000)
  object space 43008K, 24% used [0x00000003c0000000,0x00000003c0a4a640,0x00000003c2a00000)
 Metaspace       used 48671K, capacity 49000K, committed 49240K, reserved 1091584K
  class space    used 6684K, capacity 6781K, committed 6784K, reserved 1048576K
Event: 35.909 GC heap after
Heap after GC invocations=15 (full 2):
 PSYoungGen      total 149504K, used 7679K [0x000000066ab00000, 0x0000000677980000, 0x00000007c0000000)
  eden space 141824K, 0% used [0x000000066ab00000,0x000000066ab00000,0x0000000673580000)
  from space 7680K, 99% used [0x0000000673580000,0x0000000673cffe88,0x0000000673d00000)
  to   space 12288K, 0% used [0x0000000676d80000,0x0000000676d80000,0x0000000677980000)
 ParOldGen       total 43008K, used 20155K [0x00000003c0000000, 0x00000003c2a00000, 0x000000066ab00000)
  object space 43008K, 46% used [0x00000003c0000000,0x00000003c13aecc8,0x00000003c2a00000)
 Metaspace       used 48671K, capacity 49000K, committed 49240K, reserved 1091584K
  class space    used 6684K, capacity 6781K, committed 6784K, reserved 1048576K
}
Event: 40.818 GC heap before
{Heap before GC invocations=16 (full 2):
 PSYoungGen      total 149504K, used 149503K [0x000000066ab00000, 0x0000000677980000, 0x00000007c0000000)
  eden space 141824K, 100% used [0x000000066ab00000,0x0000000673580000,0x0000000673580000)
  from space 7680K, 99% used [0x0000000673580000,0x0000000673cffe88,0x0000000673d00000)
  to   space 12288K, 0% used [0x0000000676d80000,0x0000000676d80000,0x0000000677980000)
 ParOldGen       total 43008K, used 20155K [0x00000003c0000000, 0x00000003c2a00000, 0x000000066ab00000)
  object space 43008K, 46% used [0x00000003c0000000,0x00000003c13aecc8,0x00000003c2a00000)
 Metaspace       used 56249K, capacity 56700K, committed 56920K, reserved 1097728K
  class space    used 7873K, capacity 8011K, committed 8064K, reserved 1048576K
Event: 40.844 GC heap after
Heap after GC invocations=16 (full 2):
 PSYoungGen      total 196096K, used 8822K [0x000000066ab00000, 0x0000000677880000, 0x00000007c0000000)
  eden space 184832K, 0% used [0x000000066ab00000,0x000000066ab00000,0x0000000675f80000)
  from space 11264K, 78% used [0x0000000676d80000,0x000000067761d9f0,0x0000000677880000)
  to   space 12800K, 0% used [0x0000000675f80000,0x0000000675f80000,0x0000000676c00000)
 ParOldGen       total 59904K, used 57784K [0x00000003c0000000, 0x00000003c3a80000, 0x000000066ab00000)
  object space 59904K, 96% used [0x00000003c0000000,0x00000003c386e038,0x00000003c3a80000)
 Metaspace       used 56249K, capacity 56700K, committed 56920K, reserved 1097728K
  class space    used 7873K, capacity 8011K, committed 8064K, reserved 1048576K
}
Event: 40.844 GC heap before
{Heap before GC invocations=17 (full 3):
 PSYoungGen      total 196096K, used 8822K [0x000000066ab00000, 0x0000000677880000, 0x00000007c0000000)
  eden space 184832K, 0% used [0x000000066ab00000,0x000000066ab00000,0x0000000675f80000)
  from space 11264K, 78% used [0x0000000676d80000,0x000000067761d9f0,0x0000000677880000)
  to   space 12800K, 0% used [0x0000000675f80000,0x0000000675f80000,0x0000000676c00000)
 ParOldGen       total 59904K, used 57784K [0x00000003c0000000, 0x00000003c3a80000, 0x000000066ab00000)
  object space 59904K, 96% used [0x00000003c0000000,0x00000003c386e038,0x00000003c3a80000)
 Metaspace       used 56249K, capacity 56700K, committed 56920K, reserved 1097728K
  class space    used 7873K, capacity 8011K, committed 8064K, reserved 1048576K
Event: 40.930 GC heap after
Heap after GC invocations=17 (full 3):
 PSYoungGen      total 196096K, used 0K [0x000000066ab00000, 0x0000000677880000, 0x00000007c0000000)
  eden space 184832K, 0% used [0x000000066ab00000,0x000000066ab00000,0x0000000675f80000)
  from space 11264K, 0% used [0x0000000676d80000,0x0000000676d80000,0x0000000677880000)
  to   space 12800K, 0% used [0x0000000675f80000,0x0000000675f80000,0x0000000676c00000)
 ParOldGen       total 108544K, used 52251K [0x00000003c0000000, 0x00000003c6a00000, 0x000000066ab00000)
  object space 108544K, 48% used [0x00000003c0000000,0x00000003c3306c10,0x00000003c6a00000)
 Metaspace       used 56246K, capacity 56694K, committed 56920K, reserved 1097728K
  class space    used 7872K, capacity 8010K, committed 8064K, reserved 1048576K
}
Event: 43.139 GC heap before
{Heap before GC invocations=18 (full 3):
 PSYoungGen      total 196096K, used 180803K [0x000000066ab00000, 0x0000000677880000, 0x00000007c0000000)
  eden space 184832K, 97% used [0x000000066ab00000,0x0000000675b90c68,0x0000000675f80000)
  from space 11264K, 0% used [0x0000000676d80000,0x0000000676d80000,0x0000000677880000)
  to   space 12800K, 0% used [0x0000000675f80000,0x0000000675f80000,0x0000000676c00000)
 ParOldGen       total 108544K, used 52251K [0x00000003c0000000, 0x00000003c6a00000, 0x000000066ab00000)
  object space 108544K, 48% used [0x00000003c0000000,0x00000003c3306c10,0x00000003c6a00000)
 Metaspace       used 74372K, capacity 74914K, committed 75096K, reserved 1114112K
  class space    used 10701K, capacity 10840K, committed 10880K, reserved 1048576K
Event: 43.161 GC heap after
Heap after GC invocations=18 (full 3):
 PSYoungGen      total 197632K, used 12790K [0x000000066ab00000, 0x000000067c080000, 0x00000007c0000000)
  eden space 184832K, 0% used [0x000000066ab00000,0x000000066ab00000,0x0000000675f80000)
  from space 12800K, 99% used [0x0000000675f80000,0x0000000676bfd978,0x0000000676c00000)
  to   space 17920K, 0% used [0x000000067af00000,0x000000067af00000,0x000000067c080000)
 ParOldGen       total 108544K, used 61052K [0x00000003c0000000, 0x00000003c6a00000, 0x000000066ab00000)
  object space 108544K, 56% used [0x00000003c0000000,0x00000003c3b9f238,0x00000003c6a00000)
 Metaspace       used 74372K, capacity 74914K, committed 75096K, reserved 1114112K
  class space    used 10701K, capacity 10840K, committed 10880K, reserved 1048576K
}
Event: 43.960 GC heap before
{Heap before GC invocations=19 (full 3):
 PSYoungGen      total 197632K, used 197622K [0x000000066ab00000, 0x000000067c080000, 0x00000007c0000000)
  eden space 184832K, 100% used [0x000000066ab00000,0x0000000675f80000,0x0000000675f80000)
  from space 12800K, 99% used [0x0000000675f80000,0x0000000676bfd978,0x0000000676c00000)
  to   space 17920K, 0% used [0x000000067af00000,0x000000067af00000,0x000000067c080000)
 ParOldGen       total 108544K, used 61052K [0x00000003c0000000, 0x00000003c6a00000, 0x000000066ab00000)
  object space 108544K, 56% used [0x00000003c0000000,0x00000003c3b9f238,0x00000003c6a00000)
 Metaspace       used 76876K, capacity 77488K, committed 77784K, reserved 1116160K
  class space    used 10990K, capacity 11146K, committed 11264K, reserved 1048576K
Event: 43.972 GC heap after
Heap after GC invocations=19 (full 3):
 PSYoungGen      total 266240K, used 2970K [0x000000066ab00000, 0x000000067c480000, 0x00000007c0000000)
  eden space 248320K, 0% used [0x000000066ab00000,0x000000066ab00000,0x0000000679d80000)
  from space 17920K, 16% used [0x000000067af00000,0x000000067b1e6a68,0x000000067c080000)
  to   space 17920K, 0% used [0x0000000679d80000,0x0000000679d80000,0x000000067af00000)
 ParOldGen       total 108544K, used 67290K [0x00000003c0000000, 0x00000003c6a00000, 0x000000066ab00000)
  object space 108544K, 61% used [0x00000003c0000000,0x00000003c41b6a00,0x00000003c6a00000)
 Metaspace       used 76876K, capacity 77488K, committed 77784K, reserved 1116160K
  class space    used 10990K, capacity 11146K, committed 11264K, reserved 1048576K
}
Event: 45.512 GC heap before
{Heap before GC invocations=20 (full 3):
 PSYoungGen      total 266240K, used 236216K [0x000000066ab00000, 0x000000067c480000, 0x00000007c0000000)
  eden space 248320K, 93% used [0x000000066ab00000,0x0000000678ec7690,0x0000000679d80000)
  from space 17920K, 16% used [0x000000067af00000,0x000000067b1e6a68,0x000000067c080000)
  to   space 17920K, 0% used [0x0000000679d80000,0x0000000679d80000,0x000000067af00000)
 ParOldGen       total 108544K, used 67290K [0x00000003c0000000, 0x00000003c6a00000, 0x000000066ab00000)
  object space 108544K, 61% used [0x00000003c0000000,0x00000003c41b6a00,0x00000003c6a00000)
 Metaspace       used 78691K, capacity 79462K, committed 79576K, reserved 1118208K
  class space    used 11264K, capacity 11459K, committed 11520K, reserved 1048576K
Event: 45.528 GC heap after
Heap after GC invocations=20 (full 3):
 PSYoungGen      total 266240K, used 17898K [0x000000066ab00000, 0x0000000680a00000, 0x00000007c0000000)
  eden space 248320K, 0% used [0x000000066ab00000,0x000000066ab00000,0x0000000679d80000)
  from space 17920K, 99% used [0x0000000679d80000,0x000000067aefab28,0x000000067af00000)
  to   space 25600K, 0% used [0x000000067f100000,0x000000067f100000,0x0000000680a00000)
 ParOldGen       total 108544K, used 80057K [0x00000003c0000000, 0x00000003c6a00000, 0x000000066ab00000)
  object space 108544K, 73% used [0x00000003c0000000,0x00000003c4e2e660,0x00000003c6a00000)
 Metaspace       used 78691K, capacity 79462K, committed 79576K, reserved 1118208K
  class space    used 11264K, capacity 11459K, committed 11520K, reserved 1048576K
}
Event: 47.385 GC heap before
{Heap before GC invocations=21 (full 3):
 PSYoungGen      total 266240K, used 264601K [0x000000066ab00000, 0x0000000680a00000, 0x00000007c0000000)
  eden space 248320K, 99% used [0x000000066ab00000,0x0000000679bebb38,0x0000000679d80000)
  from space 17920K, 99% used [0x0000000679d80000,0x000000067aefab28,0x000000067af00000)
  to   space 25600K, 0% used [0x000000067f100000,0x000000067f100000,0x0000000680a00000)
 ParOldGen       total 108544K, used 80057K [0x00000003c0000000, 0x00000003c6a00000, 0x000000066ab00000)
  object space 108544K, 73% used [0x00000003c0000000,0x00000003c4e2e660,0x00000003c6a00000)
 Metaspace       used 80614K, capacity 81388K, committed 81624K, reserved 1120256K
  class space    used 11523K, capacity 11714K, committed 11776K, reserved 1048576K
Event: 47.479 GC heap after
Heap after GC invocations=21 (full 3):
 PSYoungGen      total 332800K, used 16306K [0x000000066ab00000, 0x0000000681a00000, 0x00000007c0000000)
  eden space 307200K, 0% used [0x000000066ab00000,0x000000066ab00000,0x000000067d700000)
  from space 25600K, 63% used [0x000000067f100000,0x00000006800ec8c0,0x0000000680a00000)
  to   space 26624K, 0% used [0x000000067d700000,0x000000067d700000,0x000000067f100000)
 ParOldGen       total 275968K, used 261960K [0x00000003c0000000, 0x00000003d0d80000, 0x000000066ab00000)
  object space 275968K, 94% used [0x00000003c0000000,0x00000003cffd2368,0x00000003d0d80000)
 Metaspace       used 80614K, capacity 81388K, committed 81624K, reserved 1120256K
  class space    used 11523K, capacity 11714K, committed 11776K, reserved 1048576K
}
Event: 47.479 GC heap before
{Heap before GC invocations=22 (full 4):
 PSYoungGen      total 332800K, used 16306K [0x000000066ab00000, 0x0000000681a00000, 0x00000007c0000000)
  eden space 307200K, 0% used [0x000000066ab00000,0x000000066ab00000,0x000000067d700000)
  from space 25600K, 63% used [0x000000067f100000,0x00000006800ec8c0,0x0000000680a00000)
  to   space 26624K, 0% used [0x000000067d700000,0x000000067d700000,0x000000067f100000)
 ParOldGen       total 275968K, used 261960K [0x00000003c0000000, 0x00000003d0d80000, 0x000000066ab00000)
  object space 275968K, 94% used [0x00000003c0000000,0x00000003cffd2368,0x00000003d0d80000)
 Metaspace       used 80614K, capacity 81388K, committed 81624K, reserved 1120256K
  class space    used 11523K, capacity 11714K, committed 11776K, reserved 1048576K
Event: 47.596 GC heap after
Heap after GC invocations=22 (full 4):
 PSYoungGen      total 332800K, used 0K [0x000000066ab00000, 0x0000000681a00000, 0x00000007c0000000)
  eden space 307200K, 0% used [0x000000066ab00000,0x000000066ab00000,0x000000067d700000)
  from space 25600K, 0% used [0x000000067f100000,0x000000067f100000,0x0000000680a00000)
  to   space 26624K, 0% used [0x000000067d700000,0x000000067d700000,0x000000067f100000)
 ParOldGen       total 316928K, used 189150K [0x00000003c0000000, 0x00000003d3580000, 0x000000066ab00000)
  object space 316928K, 59% used [0x00000003c0000000,0x00000003cb8b7b08,0x00000003d3580000)
 Metaspace       used 80607K, capacity 81376K, committed 81624K, reserved 1120256K
  class space    used 11522K, capacity 11712K, committed 11776K, reserved 1048576K
}
Event: 48.242 GC heap before
{Heap before GC invocations=23 (full 4):
 PSYoungGen      total 332800K, used 307200K [0x000000066ab00000, 0x0000000681a00000, 0x00000007c0000000)
  eden space 307200K, 100% used [0x000000066ab00000,0x000000067d700000,0x000000067d700000)
  from space 25600K, 0% used [0x000000067f100000,0x000000067f100000,0x0000000680a00000)
  to   space 26624K, 0% used [0x000000067d700000,0x000000067d700000,0x000000067f100000)
 ParOldGen       total 316928K, used 189150K [0x00000003c0000000, 0x00000003d3580000, 0x000000066ab00000)
  object space 316928K, 59% used [0x00000003c0000000,0x00000003cb8b7b08,0x00000003d3580000)
 Metaspace       used 81123K, capacity 81904K, committed 82136K, reserved 1120256K
  class space    used 11580K, capacity 11762K, committed 11776K, reserved 1048576K
Event: 48.329 GC heap after
Heap after GC invocations=23 (full 4):
 PSYoungGen      total 333824K, used 26614K [0x000000066ab00000, 0x000000068d380000, 0x00000007c0000000)
  eden space 307200K, 0% used [0x000000066ab00000,0x000000066ab00000,0x000000067d700000)
  from space 26624K, 99% used [0x000000067d700000,0x000000067f0fdad0,0x000000067f100000)
  to   space 79360K, 0% used [0x0000000688600000,0x0000000688600000,0x000000068d380000)
 ParOldGen       total 382976K, used 320312K [0x00000003c0000000, 0x00000003d7600000, 0x000000066ab00000)
  object space 382976K, 83% used [0x00000003c0000000,0x00000003d38ce310,0x00000003d7600000)
 Metaspace       used 81123K, capacity 81904K, committed 82136K, reserved 1120256K
  class space    used 11580K, capacity 11762K, committed 11776K, reserved 1048576K
}
Event: 48.329 GC heap before
{Heap before GC invocations=24 (full 5):
 PSYoungGen      total 333824K, used 26614K [0x000000066ab00000, 0x000000068d380000, 0x00000007c0000000)
  eden space 307200K, 0% used [0x000000066ab00000,0x000000066ab00000,0x000000067d700000)
  from space 26624K, 99% used [0x000000067d700000,0x000000067f0fdad0,0x000000067f100000)
  to   space 79360K, 0% used [0x0000000688600000,0x0000000688600000,0x000000068d380000)
 ParOldGen       total 382976K, used 320312K [0x00000003c0000000, 0x00000003d7600000, 0x000000066ab00000)
  object space 382976K, 83% used [0x00000003c0000000,0x00000003d38ce310,0x00000003d7600000)
 Metaspace       used 81123K, capacity 81904K, committed 82136K, reserved 1120256K
  class space    used 11580K, capacity 11762K, committed 11776K, reserved 1048576K
Event: 48.470 GC heap after
Heap after GC invocations=24 (full 5):
 PSYoungGen      total 333824K, used 0K [0x000000066ab00000, 0x000000068d380000, 0x00000007c0000000)
  eden space 307200K, 0% used [0x000000066ab00000,0x000000066ab00000,0x000000067d700000)
  from space 26624K, 0% used [0x000000067d700000,0x000000067d700000,0x000000067f100000)
  to   space 79360K, 0% used [0x0000000688600000,0x0000000688600000,0x000000068d380000)
 ParOldGen       total 385024K, used 213128K [0x00000003c0000000, 0x00000003d7800000, 0x000000066ab00000)
  object space 385024K, 55% used [0x00000003c0000000,0x00000003cd0223c0,0x00000003d7800000)
 Metaspace       used 81123K, capacity 81904K, committed 82136K, reserved 1120256K
  class space    used 11580K, capacity 11762K, committed 11776K, reserved 1048576K
}
Event: 49.263 GC heap before
{Heap before GC invocations=25 (full 5):
 PSYoungGen      total 333824K, used 307195K [0x000000066ab00000, 0x000000068d380000, 0x00000007c0000000)
  eden space 307200K, 99% used [0x000000066ab00000,0x000000067d6fed90,0x000000067d700000)
  from space 26624K, 0% used [0x000000067d700000,0x000000067d700000,0x000000067f100000)
  to   space 79360K, 0% used [0x0000000688600000,0x0000000688600000,0x000000068d380000)
 ParOldGen       total 385024K, used 213128K [0x00000003c0000000, 0x00000003d7800000, 0x000000066ab00000)
  object space 385024K, 55% used [0x00000003c0000000,0x00000003cd0223c0,0x00000003d7800000)
 Metaspace       used 81224K, capacity 82036K, committed 82136K, reserved 1120256K
  class space    used 11580K, capacity 11762K, committed 11776K, reserved 1048576K
Event: 49.294 GC heap after
Heap after GC invocations=25 (full 5):
 PSYoungGen      total 392192K, used 8902K [0x000000066ab00000, 0x000000068a300000, 0x00000007c0000000)
  eden space 362496K, 0% used [0x000000066ab00000,0x000000066ab00000,0x0000000680d00000)
  from space 29696K, 29% used [0x0000000688600000,0x0000000688eb1a48,0x000000068a300000)
  to   space 76800K, 0% used [0x0000000680d00000,0x0000000680d00000,0x0000000685800000)
 ParOldGen       total 385024K, used 213136K [0x00000003c0000000, 0x00000003d7800000, 0x000000066ab00000)
  object space 385024K, 55% used [0x00000003c0000000,0x00000003cd0243c0,0x00000003d7800000)
 Metaspace       used 81224K, capacity 82036K, committed 82136K, reserved 1120256K
  class space    used 11580K, capacity 11762K, committed 11776K, reserved 1048576K
}
Event: 50.062 GC heap before
{Heap before GC invocations=26 (full 5):
 PSYoungGen      total 392192K, used 371398K [0x000000066ab00000, 0x000000068a300000, 0x00000007c0000000)
  eden space 362496K, 100% used [0x000000066ab00000,0x0000000680d00000,0x0000000680d00000)
  from space 29696K, 29% used [0x0000000688600000,0x0000000688eb1a48,0x000000068a300000)
  to   space 76800K, 0% used [0x0000000680d00000,0x0000000680d00000,0x0000000685800000)
 ParOldGen       total 385024K, used 213136K [0x00000003c0000000, 0x00000003d7800000, 0x000000066ab00000)
  object space 385024K, 55% used [0x00000003c0000000,0x00000003cd0243c0,0x00000003d7800000)
 Metaspace       used 81231K, capacity 82036K, committed 82136K, reserved 1120256K
  class space    used 11581K, capacity 11762K, committed 11776K, reserved 1048576K
Event: 50.119 GC heap after
Heap after GC invocations=26 (full 5):
 PSYoungGen      total 439296K, used 13583K [0x000000066ab00000, 0x000000068e200000, 0x00000007c0000000)
  eden space 362496K, 0% used [0x000000066ab00000,0x000000066ab00000,0x0000000680d00000)
  from space 76800K, 17% used [0x0000000680d00000,0x0000000681a43cd8,0x0000000685800000)
  to   space 73216K, 0% used [0x0000000689a80000,0x0000000689a80000,0x000000068e200000)
 ParOldGen       total 385024K, used 213136K [0x00000003c0000000, 0x00000003d7800000, 0x000000066ab00000)
  object space 385024K, 55% used [0x00000003c0000000,0x00000003cd0243c0,0x00000003d7800000)
 Metaspace       used 81231K, capacity 82036K, committed 82136K, reserved 1120256K
  class space    used 11581K, capacity 11762K, committed 11776K, reserved 1048576K
}
Event: 50.825 GC heap before
{Heap before GC invocations=27 (full 5):
 PSYoungGen      total 439296K, used 376079K [0x000000066ab00000, 0x000000068e200000, 0x00000007c0000000)
  eden space 362496K, 100% used [0x000000066ab00000,0x0000000680d00000,0x0000000680d00000)
  from space 76800K, 17% used [0x0000000680d00000,0x0000000681a43cd8,0x0000000685800000)
  to   space 73216K, 0% used [0x0000000689a80000,0x0000000689a80000,0x000000068e200000)
 ParOldGen       total 385024K, used 213136K [0x00000003c0000000, 0x00000003d7800000, 0x000000066ab00000)
  object space 385024K, 55% used [0x00000003c0000000,0x00000003cd0243c0,0x00000003d7800000)
 Metaspace       used 81239K, capacity 82036K, committed 82136K, reserved 1120256K
  class space    used 11581K, capacity 11762K, committed 11776K, reserved 1048576K
Event: 50.875 GC heap after
Heap after GC invocations=27 (full 5):
 PSYoungGen      total 508416K, used 11227K [0x000000066ab00000, 0x000000068e000000, 0x00000007c0000000)
  eden space 437248K, 0% used [0x000000066ab00000,0x000000066ab00000,0x0000000685600000)
  from space 71168K, 15% used [0x0000000689a80000,0x000000068a576d18,0x000000068e000000)
  to   space 70144K, 0% used [0x0000000685600000,0x0000000685600000,0x0000000689a80000)
 ParOldGen       total 385024K, used 216171K [0x00000003c0000000, 0x00000003d7800000, 0x000000066ab00000)
  object space 385024K, 56% used [0x00000003c0000000,0x00000003cd31ac50,0x00000003d7800000)
 Metaspace       used 81239K, capacity 82036K, committed 82136K, reserved 1120256K
  class space    used 11581K, capacity 11762K, committed 11776K, reserved 1048576K
}
Event: 51.690 GC heap before
{Heap before GC invocations=28 (full 5):
 PSYoungGen      total 508416K, used 448475K [0x000000066ab00000, 0x000000068e000000, 0x00000007c0000000)
  eden space 437248K, 100% used [0x000000066ab00000,0x0000000685600000,0x0000000685600000)
  from space 71168K, 15% used [0x0000000689a80000,0x000000068a576d18,0x000000068e000000)
  to   space 70144K, 0% used [0x0000000685600000,0x0000000685600000,0x0000000689a80000)
 ParOldGen       total 385024K, used 216171K [0x00000003c0000000, 0x00000003d7800000, 0x000000066ab00000)
  object space 385024K, 56% used [0x00000003c0000000,0x00000003cd31ac50,0x00000003d7800000)
 Metaspace       used 81240K, capacity 82036K, committed 82136K, reserved 1120256K
  class space    used 11581K, capacity 11762K, committed 11776K, reserved 1048576K
Event: 51.731 GC heap after
Heap after GC invocations=28 (full 5):
 PSYoungGen      total 507392K, used 11225K [0x000000066ab00000, 0x0000000693000000, 0x00000007c0000000)
  eden space 437248K, 0% used [0x000000066ab00000,0x000000066ab00000,0x0000000685600000)
  from space 70144K, 16% used [0x0000000685600000,0x00000006860f67d0,0x0000000689a80000)
  to   space 66560K, 0% used [0x000000068ef00000,0x000000068ef00000,0x0000000693000000)
 ParOldGen       total 385024K, used 218146K [0x00000003c0000000, 0x00000003d7800000, 0x000000066ab00000)
  object space 385024K, 56% used [0x00000003c0000000,0x00000003cd508b40,0x00000003d7800000)
 Metaspace       used 81240K, capacity 82036K, committed 82136K, reserved 1120256K
  class space    used 11581K, capacity 11762K, committed 11776K, reserved 1048576K
}
Event: 52.339 GC heap before
{Heap before GC invocations=29 (full 5):
 PSYoungGen      total 507392K, used 448473K [0x000000066ab00000, 0x0000000693000000, 0x00000007c0000000)
  eden space 437248K, 100% used [0x000000066ab00000,0x0000000685600000,0x0000000685600000)
  from space 70144K, 16% used [0x0000000685600000,0x00000006860f67d0,0x0000000689a80000)
  to   space 66560K, 0% used [0x000000068ef00000,0x000000068ef00000,0x0000000693000000)
 ParOldGen       total 385024K, used 218146K [0x00000003c0000000, 0x00000003d7800000, 0x000000066ab00000)
  object space 385024K, 56% used [0x00000003c0000000,0x00000003cd508b40,0x00000003d7800000)
 Metaspace       used 81246K, capacity 82036K, committed 82136K, reserved 1120256K
  class space    used 11581K, capacity 11762K, committed 11776K, reserved 1048576K
Event: 52.359 GC heap after
Heap after GC invocations=29 (full 5):
 PSYoungGen      total 580608K, used 9407K [0x000000066ab00000, 0x0000000692700000, 0x00000007c0000000)
  eden space 523264K, 0% used [0x000000066ab00000,0x000000066ab00000,0x000000068aa00000)
  from space 57344K, 16% used [0x000000068ef00000,0x000000068f82fd30,0x0000000692700000)
  to   space 64000K, 0% used [0x000000068aa00000,0x000000068aa00000,0x000000068e880000)
 ParOldGen       total 385024K, used 220935K [0x00000003c0000000, 0x00000003d7800000, 0x000000066ab00000)
  object space 385024K, 57% used [0x00000003c0000000,0x00000003cd7c1d18,0x00000003d7800000)
 Metaspace       used 81246K, capacity 82036K, committed 82136K, reserved 1120256K
  class space    used 11581K, capacity 11762K, committed 11776K, reserved 1048576K
}
Event: 54.234 GC heap before
{Heap before GC invocations=30 (full 5):
 PSYoungGen      total 580608K, used 531371K [0x000000066ab00000, 0x0000000692700000, 0x00000007c0000000)
  eden space 523264K, 99% used [0x000000066ab00000,0x000000068a8bb028,0x000000068aa00000)
  from space 57344K, 16% used [0x000000068ef00000,0x000000068f82fd30,0x0000000692700000)
  to   space 64000K, 0% used [0x000000068aa00000,0x000000068aa00000,0x000000068e880000)
 ParOldGen       total 385024K, used 220935K [0x00000003c0000000, 0x00000003d7800000, 0x000000066ab00000)
  object space 385024K, 57% used [0x00000003c0000000,0x00000003cd7c1d18,0x00000003d7800000)
 Metaspace       used 83136K, capacity 84052K, committed 84312K, reserved 1122304K
  class space    used 11840K, capacity 12051K, committed 12160K, reserved 1048576K
Event: 54.283 GC heap after
Heap after GC invocations=30 (full 5):
 PSYoungGen      total 587264K, used 59009K [0x000000066ab00000, 0x0000000698200000, 0x00000007c0000000)
  eden space 523264K, 0% used [0x000000066ab00000,0x000000066ab00000,0x000000068aa00000)
  from space 64000K, 92% used [0x000000068aa00000,0x000000068e3a0470,0x000000068e880000)
  to   space 74240K, 0% used [0x0000000693980000,0x0000000693980000,0x0000000698200000)
 ParOldGen       total 385024K, used 258759K [0x00000003c0000000, 0x00000003d7800000, 0x000000066ab00000)
  object space 385024K, 67% used [0x00000003c0000000,0x00000003cfcb1f28,0x00000003d7800000)
 Metaspace       used 83136K, capacity 84052K, committed 84312K, reserved 1122304K
  class space    used 11840K, capacity 12051K, committed 12160K, reserved 1048576K
}
Event: 55.554 GC heap before
{Heap before GC invocations=31 (full 5):
 PSYoungGen      total 587264K, used 582273K [0x000000066ab00000, 0x0000000698200000, 0x00000007c0000000)
  eden space 523264K, 100% used [0x000000066ab00000,0x000000068aa00000,0x000000068aa00000)
  from space 64000K, 92% used [0x000000068aa00000,0x000000068e3a0470,0x000000068e880000)
  to   space 74240K, 0% used [0x0000000693980000,0x0000000693980000,0x0000000698200000)
 ParOldGen       total 385024K, used 258759K [0x00000003c0000000, 0x00000003d7800000, 0x000000066ab00000)
  object space 385024K, 67% used [0x00000003c0000000,0x00000003cfcb1f28,0x00000003d7800000)
 Metaspace       used 89408K, capacity 90340K, committed 90456K, reserved 1126400K
  class space    used 12336K, capacity 12566K, committed 12672K, reserved 1048576K
Event: 55.642 GC heap after
Heap after GC invocations=31 (full 5):
 PSYoungGen      total 667136K, used 45330K [0x000000066ab00000, 0x0000000698d80000, 0x00000007c0000000)
  eden space 592896K, 0% used [0x000000066ab00000,0x000000066ab00000,0x000000068ee00000)
  from space 74240K, 61% used [0x0000000693980000,0x00000006965c4b58,0x0000000698200000)
  to   space 77312K, 0% used [0x000000068ee00000,0x000000068ee00000,0x0000000693980000)
 ParOldGen       total 385024K, used 258759K [0x00000003c0000000, 0x00000003d7800000, 0x000000066ab00000)
  object space 385024K, 67% used [0x00000003c0000000,0x00000003cfcb1f28,0x00000003d7800000)
 Metaspace       used 89408K, capacity 90340K, committed 90456K, reserved 1126400K
  class space    used 12336K, capacity 12566K, committed 12672K, reserved 1048576K
}
Event: 56.816 GC heap before
{Heap before GC invocations=32 (full 5):
 PSYoungGen      total 667136K, used 638226K [0x000000066ab00000, 0x0000000698d80000, 0x00000007c0000000)
  eden space 592896K, 100% used [0x000000066ab00000,0x000000068ee00000,0x000000068ee00000)
  from space 74240K, 61% used [0x0000000693980000,0x00000006965c4b58,0x0000000698200000)
  to   space 77312K, 0% used [0x000000068ee00000,0x000000068ee00000,0x0000000693980000)
 ParOldGen       total 385024K, used 258759K [0x00000003c0000000, 0x00000003d7800000, 0x000000066ab00000)
  object space 385024K, 67% used [0x00000003c0000000,0x00000003cfcb1f28,0x00000003d7800000)
 Metaspace       used 89492K, capacity 90416K, committed 90712K, reserved 1128448K
  class space    used 12336K, capacity 12566K, committed 12672K, reserved 1048576K
Event: 56.874 GC heap after
Heap after GC invocations=32 (full 5):
 PSYoungGen      total 670208K, used 20656K [0x000000066ab00000, 0x000000069d380000, 0x00000007c0000000)
  eden space 592896K, 0% used [0x000000066ab00000,0x000000066ab00000,0x000000068ee00000)
  from space 77312K, 26% used [0x000000068ee00000,0x000000069022c3b8,0x0000000693980000)
  to   space 73216K, 0% used [0x0000000698c00000,0x0000000698c00000,0x000000069d380000)
 ParOldGen       total 385024K, used 260657K [0x00000003c0000000, 0x00000003d7800000, 0x000000066ab00000)
  object space 385024K, 67% used [0x00000003c0000000,0x00000003cfe8c738,0x00000003d7800000)
 Metaspace       used 89492K, capacity 90416K, committed 90712K, reserved 1128448K
  class space    used 12336K, capacity 12566K, committed 12672K, reserved 1048576K
}
Event: 57.749 GC heap before
{Heap before GC invocations=33 (full 5):
 PSYoungGen      total 670208K, used 613552K [0x000000066ab00000, 0x000000069d380000, 0x00000007c0000000)
  eden space 592896K, 100% used [0x000000066ab00000,0x000000068ee00000,0x000000068ee00000)
  from space 77312K, 26% used [0x000000068ee00000,0x000000069022c3b8,0x0000000693980000)
  to   space 73216K, 0% used [0x0000000698c00000,0x0000000698c00000,0x000000069d380000)
 ParOldGen       total 385024K, used 260657K [0x00000003c0000000, 0x00000003d7800000, 0x000000066ab00000)
  object space 385024K, 67% used [0x00000003c0000000,0x00000003cfe8c738,0x00000003d7800000)
 Metaspace       used 89493K, capacity 90416K, committed 90712K, reserved 1128448K
  class space    used 12336K, capacity 12566K, committed 12672K, reserved 1048576K
Event: 57.797 GC heap after
Heap after GC invocations=33 (full 5):
 PSYoungGen      total 752640K, used 10601K [0x000000066ab00000, 0x000000069d000000, 0x00000007c0000000)
  eden space 683008K, 0% used [0x000000066ab00000,0x000000066ab00000,0x0000000694600000)
  from space 69632K, 15% used [0x0000000698c00000,0x000000069965a4b0,0x000000069d000000)
  to   space 70656K, 0% used [0x0000000694600000,0x0000000694600000,0x0000000698b00000)
 ParOldGen       total 385024K, used 269902K [0x00000003c0000000, 0x00000003d7800000, 0x000000066ab00000)
  object space 385024K, 70% used [0x00000003c0000000,0x00000003d0793928,0x00000003d7800000)
 Metaspace       used 89493K, capacity 90416K, committed 90712K, reserved 1128448K
  class space    used 12336K, capacity 12566K, committed 12672K, reserved 1048576K
}
Event: 58.758 GC heap before
{Heap before GC invocations=34 (full 5):
 PSYoungGen      total 752640K, used 693609K [0x000000066ab00000, 0x000000069d000000, 0x00000007c0000000)
  eden space 683008K, 100% used [0x000000066ab00000,0x0000000694600000,0x0000000694600000)
  from space 69632K, 15% used [0x0000000698c00000,0x000000069965a4b0,0x000000069d000000)
  to   space 70656K, 0% used [0x0000000694600000,0x0000000694600000,0x0000000698b00000)
 ParOldGen       total 385024K, used 269902K [0x00000003c0000000, 0x00000003d7800000, 0x000000066ab00000)
  object space 385024K, 70% used [0x00000003c0000000,0x00000003d0793928,0x00000003d7800000)
 Metaspace       used 89493K, capacity 90416K, committed 90712K, reserved 1128448K
  class space    used 12336K, capacity 12566K, committed 12672K, reserved 1048576K
Event: 58.769 GC heap after
Heap after GC invocations=34 (full 5):
 PSYoungGen      total 753664K, used 6680K [0x000000066ab00000, 0x00000006a2680000, 0x00000007c0000000)
  eden space 683008K, 0% used [0x000000066ab00000,0x000000066ab00000,0x0000000694600000)
  from space 70656K, 9% used [0x0000000694600000,0x0000000694c861e0,0x0000000698b00000)
  to   space 68608K, 0% used [0x000000069e380000,0x000000069e380000,0x00000006a2680000)
 ParOldGen       total 385024K, used 273538K [0x00000003c0000000, 0x00000003d7800000, 0x000000066ab00000)
  object space 385024K, 71% used [0x00000003c0000000,0x00000003d0b20a00,0x00000003d7800000)
 Metaspace       used 89493K, capacity 90416K, committed 90712K, reserved 1128448K
  class space    used 12336K, capacity 12566K, committed 12672K, reserved 1048576K
}
Event: 60.028 GC heap before
{Heap before GC invocations=35 (full 5):
 PSYoungGen      total 753664K, used 689688K [0x000000066ab00000, 0x00000006a2680000, 0x00000007c0000000)
  eden space 683008K, 100% used [0x000000066ab00000,0x0000000694600000,0x0000000694600000)
  from space 70656K, 9% used [0x0000000694600000,0x0000000694c861e0,0x0000000698b00000)
  to   space 68608K, 0% used [0x000000069e380000,0x000000069e380000,0x00000006a2680000)
 ParOldGen       total 385024K, used 273538K [0x00000003c0000000, 0x00000003d7800000, 0x000000066ab00000)
  object space 385024K, 71% used [0x00000003c0000000,0x00000003d0b20a00,0x00000003d7800000)
 Metaspace       used 89898K, capacity 90870K, committed 90968K, reserved 1128448K
  class space    used 12354K, capacity 12579K, committed 12672K, reserved 1048576K
Event: 60.069 GC heap after
Heap after GC invocations=35 (full 5):
 PSYoungGen      total 838144K, used 32276K [0x000000066ab00000, 0x00000006a2300000, 0x00000007c0000000)
  eden space 773120K, 0% used [0x000000066ab00000,0x000000066ab00000,0x0000000699e00000)
  from space 65024K, 49% used [0x000000069e380000,0x00000006a0305218,0x00000006a2300000)
  to   space 68096K, 0% used [0x0000000699e00000,0x0000000699e00000,0x000000069e080000)
 ParOldGen       total 385024K, used 273546K [0x00000003c0000000, 0x00000003d7800000, 0x000000066ab00000)
  object space 385024K, 71% used [0x00000003c0000000,0x00000003d0b22a00,0x00000003d7800000)
 Metaspace       used 89898K, capacity 90870K, committed 90968K, reserved 1128448K
  class space    used 12354K, capacity 12579K, committed 12672K, reserved 1048576K
}
Event: 62.177 GC heap before
{Heap before GC invocations=36 (full 5):
 PSYoungGen      total 838144K, used 803971K [0x000000066ab00000, 0x00000006a2300000, 0x00000007c0000000)
  eden space 773120K, 99% used [0x000000066ab00000,0x0000000699c9bbb8,0x0000000699e00000)
  from space 65024K, 49% used [0x000000069e380000,0x00000006a0305218,0x00000006a2300000)
  to   space 68096K, 0% used [0x0000000699e00000,0x0000000699e00000,0x000000069e080000)
 ParOldGen       total 385024K, used 273546K [0x00000003c0000000, 0x00000003d7800000, 0x000000066ab00000)
  object space 385024K, 71% used [0x00000003c0000000,0x00000003d0b22a00,0x00000003d7800000)
 Metaspace       used 90058K, capacity 91074K, committed 91224K, reserved 1128448K
  class space    used 12361K, capacity 12594K, committed 12672K, reserved 1048576K
Event: 62.208 GC heap after
Heap after GC invocations=36 (full 5):
 PSYoungGen      total 841216K, used 49523K [0x000000066ab00000, 0x00000006a8780000, 0x00000007c0000000)
  eden space 773120K, 0% used [0x000000066ab00000,0x000000066ab00000,0x0000000699e00000)
  from space 68096K, 72% used [0x0000000699e00000,0x000000069ce5cf60,0x000000069e080000)
  to   space 73216K, 0% used [0x00000006a4000000,0x00000006a4000000,0x00000006a8780000)
 ParOldGen       total 385024K, used 308643K [0x00000003c0000000, 0x00000003d7800000, 0x000000066ab00000)
  object space 385024K, 80% used [0x00000003c0000000,0x00000003d2d68c00,0x00000003d7800000)
 Metaspace       used 90058K, capacity 91074K, committed 91224K, reserved 1128448K
  class space    used 12361K, capacity 12594K, committed 12672K, reserved 1048576K
}
Event: 62.208 GC heap before
{Heap before GC invocations=37 (full 6):
 PSYoungGen      total 841216K, used 49523K [0x000000066ab00000, 0x00000006a8780000, 0x00000007c0000000)
  eden space 773120K, 0% used [0x000000066ab00000,0x000000066ab00000,0x0000000699e00000)
  from space 68096K, 72% used [0x0000000699e00000,0x000000069ce5cf60,0x000000069e080000)
  to   space 73216K, 0% used [0x00000006a4000000,0x00000006a4000000,0x00000006a8780000)
 ParOldGen       total 385024K, used 308643K [0x00000003c0000000, 0x00000003d7800000, 0x000000066ab00000)
  object space 385024K, 80% used [0x00000003c0000000,0x00000003d2d68c00,0x00000003d7800000)
 Metaspace       used 90058K, capacity 91074K, committed 91224K, reserved 1128448K
  class space    used 12361K, capacity 12594K, committed 12672K, reserved 1048576K
Event: 62.317 GC heap after
Heap after GC invocations=37 (full 6):
 PSYoungGen      total 841216K, used 0K [0x000000066ab00000, 0x00000006a8780000, 0x00000007c0000000)
  eden space 773120K, 0% used [0x000000066ab00000,0x000000066ab00000,0x0000000699e00000)
  from space 68096K, 0% used [0x0000000699e00000,0x0000000699e00000,0x000000069e080000)
  to   space 73216K, 0% used [0x00000006a4000000,0x00000006a4000000,0x00000006a8780000)
 ParOldGen       total 314368K, used 168534K [0x00000003c0000000, 0x00000003d3300000, 0x000000066ab00000)
  object space 314368K, 53% used [0x00000003c0000000,0x00000003ca495910,0x00000003d3300000)
 Metaspace       used 90048K, capacity 91056K, committed 91224K, reserved 1128448K
  class space    used 12360K, capacity 12591K, committed 12672K, reserved 1048576K
}
Event: 69.166 GC heap before
{Heap before GC invocations=38 (full 6):
 PSYoungGen      total 841216K, used 773120K [0x000000066ab00000, 0x00000006a8780000, 0x00000007c0000000)
  eden space 773120K, 100% used [0x000000066ab00000,0x0000000699e00000,0x0000000699e00000)
  from space 68096K, 0% used [0x0000000699e00000,0x0000000699e00000,0x000000069e080000)
  to   space 73216K, 0% used [0x00000006a4000000,0x00000006a4000000,0x00000006a8780000)
 ParOldGen       total 314368K, used 168534K [0x00000003c0000000, 0x00000003d3300000, 0x000000066ab00000)
  object space 314368K, 53% used [0x00000003c0000000,0x00000003ca495910,0x00000003d3300000)
 Metaspace       used 90845K, capacity 91878K, committed 92120K, reserved 1128448K
  class space    used 12453K, capacity 12700K, committed 12800K, reserved 1048576K
Event: 69.248 GC heap after
Heap after GC invocations=38 (full 6):
 PSYoungGen      total 892416K, used 73215K [0x000000066ab00000, 0x00000006ae600000, 0x00000007c0000000)
  eden space 819200K, 0% used [0x000000066ab00000,0x000000066ab00000,0x000000069cb00000)
  from space 73216K, 99% used [0x00000006a4000000,0x00000006a877fde8,0x00000006a8780000)
  to   space 119808K, 0% used [0x000000069cb00000,0x000000069cb00000,0x00000006a4000000)
 ParOldGen       total 314368K, used 259357K [0x00000003c0000000, 0x00000003d3300000, 0x000000066ab00000)
  object space 314368K, 82% used [0x00000003c0000000,0x00000003cfd474e0,0x00000003d3300000)
 Metaspace       used 90845K, capacity 91878K, committed 92120K, reserved 1128448K
  class space    used 12453K, capacity 12700K, committed 12800K, reserved 1048576K
}
Event: 69.249 GC heap before
{Heap before GC invocations=39 (full 7):
 PSYoungGen      total 892416K, used 73215K [0x000000066ab00000, 0x00000006ae600000, 0x00000007c0000000)
  eden space 819200K, 0% used [0x000000066ab00000,0x000000066ab00000,0x000000069cb00000)
  from space 73216K, 99% used [0x00000006a4000000,0x00000006a877fde8,0x00000006a8780000)
  to   space 119808K, 0% used [0x000000069cb00000,0x000000069cb00000,0x00000006a4000000)
 ParOldGen       total 314368K, used 259357K [0x00000003c0000000, 0x00000003d3300000, 0x000000066ab00000)
  object space 314368K, 82% used [0x00000003c0000000,0x00000003cfd474e0,0x00000003d3300000)
 Metaspace       used 90845K, capacity 91878K, committed 92120K, reserved 1128448K
  class space    used 12453K, capacity 12700K, committed 12800K, reserved 1048576K
Event: 69.469 GC heap after
Heap after GC invocations=39 (full 7):
 PSYoungGen      total 892416K, used 0K [0x000000066ab00000, 0x00000006ae600000, 0x00000007c0000000)
  eden space 819200K, 0% used [0x000000066ab00000,0x000000066ab00000,0x000000069cb00000)
  from space 73216K, 0% used [0x00000006a4000000,0x00000006a4000000,0x00000006a8780000)
  to   space 119808K, 0% used [0x000000069cb00000,0x000000069cb00000,0x00000006a4000000)
 ParOldGen       total 402432K, used 223142K [0x00000003c0000000, 0x00000003d8900000, 0x000000066ab00000)
  object space 402432K, 55% used [0x00000003c0000000,0x00000003cd9e9ba8,0x00000003d8900000)
 Metaspace       used 90845K, capacity 91878K, committed 92120K, reserved 1128448K
  class space    used 12453K, capacity 12700K, committed 12800K, reserved 1048576K
}
Event: 70.650 GC heap before
{Heap before GC invocations=40 (full 7):
 PSYoungGen      total 892416K, used 819200K [0x000000066ab00000, 0x00000006ae600000, 0x00000007c0000000)
  eden space 819200K, 100% used [0x000000066ab00000,0x000000069cb00000,0x000000069cb00000)
  from space 73216K, 0% used [0x00000006a4000000,0x00000006a4000000,0x00000006a8780000)
  to   space 119808K, 0% used [0x000000069cb00000,0x000000069cb00000,0x00000006a4000000)
 ParOldGen       total 402432K, used 223142K [0x00000003c0000000, 0x00000003d8900000, 0x000000066ab00000)
  object space 402432K, 55% used [0x00000003c0000000,0x00000003cd9e9ba8,0x00000003d8900000)
 Metaspace       used 90869K, capacity 91886K, committed 92120K, reserved 1128448K
  class space    used 12453K, capacity 12700K, committed 12800K, reserved 1048576K
Event: 70.679 GC heap after
Heap after GC invocations=40 (full 7):
 PSYoungGen      total 939008K, used 10299K [0x000000066ab00000, 0x00000006b0100000, 0x00000007c0000000)
  eden space 819200K, 0% used [0x000000066ab00000,0x000000066ab00000,0x000000069cb00000)
  from space 119808K, 8% used [0x000000069cb00000,0x000000069d50ec38,0x00000006a4000000)
  to   space 116736K, 0% used [0x00000006a8f00000,0x00000006a8f00000,0x00000006b0100000)
 ParOldGen       total 402432K, used 223142K [0x00000003c0000000, 0x00000003d8900000, 0x000000066ab00000)
  object space 402432K, 55% used [0x00000003c0000000,0x00000003cd9e9ba8,0x00000003d8900000)
 Metaspace       used 90869K, capacity 91886K, committed 92120K, reserved 1128448K
  class space    used 12453K, capacity 12700K, committed 12800K, reserved 1048576K
}
Event: 71.790 GC heap before
{Heap before GC invocations=41 (full 7):
 PSYoungGen      total 939008K, used 829499K [0x000000066ab00000, 0x00000006b0100000, 0x00000007c0000000)
  eden space 819200K, 100% used [0x000000066ab00000,0x000000069cb00000,0x000000069cb00000)
  from space 119808K, 8% used [0x000000069cb00000,0x000000069d50ec38,0x00000006a4000000)
  to   space 116736K, 0% used [0x00000006a8f00000,0x00000006a8f00000,0x00000006b0100000)
 ParOldGen       total 402432K, used 223142K [0x00000003c0000000, 0x00000003d8900000, 0x000000066ab00000)
  object space 402432K, 55% used [0x00000003c0000000,0x00000003cd9e9ba8,0x00000003d8900000)
 Metaspace       used 90869K, capacity 91886K, committed 92120K, reserved 1128448K
  class space    used 12453K, capacity 12700K, committed 12800K, reserved 1048576K
Event: 71.815 GC heap after
Heap after GC invocations=41 (full 7):
 PSYoungGen      total 1009664K, used 9696K [0x000000066ab00000, 0x00000006af880000, 0x00000007c0000000)
  eden space 901632K, 0% used [0x000000066ab00000,0x000000066ab00000,0x00000006a1b80000)
  from space 108032K, 8% used [0x00000006a8f00000,0x00000006a9878020,0x00000006af880000)
  to   space 113152K, 0% used [0x00000006a1b80000,0x00000006a1b80000,0x00000006a8a00000)
 ParOldGen       total 402432K, used 223142K [0x00000003c0000000, 0x00000003d8900000, 0x000000066ab00000)
  object space 402432K, 55% used [0x00000003c0000000,0x00000003cd9e9ba8,0x00000003d8900000)
 Metaspace       used 90869K, capacity 91886K, committed 92120K, reserved 1128448K
  class space    used 12453K, capacity 12700K, committed 12800K, reserved 1048576K
}
Event: 73.097 GC heap before
{Heap before GC invocations=42 (full 7):
 PSYoungGen      total 1009664K, used 911328K [0x000000066ab00000, 0x00000006af880000, 0x00000007c0000000)
  eden space 901632K, 100% used [0x000000066ab00000,0x00000006a1b80000,0x00000006a1b80000)
  from space 108032K, 8% used [0x00000006a8f00000,0x00000006a9878020,0x00000006af880000)
  to   space 113152K, 0% used [0x00000006a1b80000,0x00000006a1b80000,0x00000006a8a00000)
 ParOldGen       total 402432K, used 223142K [0x00000003c0000000, 0x00000003d8900000, 0x000000066ab00000)
  object space 402432K, 55% used [0x00000003c0000000,0x00000003cd9e9ba8,0x00000003d8900000)
 Metaspace       used 90925K, capacity 91910K, committed 92120K, reserved 1128448K
  class space    used 12461K, capacity 12704K, committed 12800K, reserved 1048576K
Event: 73.123 GC heap after
Heap after GC invocations=42 (full 7):
 PSYoungGen      total 1014784K, used 32112K [0x000000066ab00000, 0x00000006b4000000, 0x00000007c0000000)
  eden space 901632K, 0% used [0x000000066ab00000,0x000000066ab00000,0x00000006a1b80000)
  from space 113152K, 28% used [0x00000006a1b80000,0x00000006a3adc3d0,0x00000006a8a00000)
  to   space 105472K, 0% used [0x00000006ad900000,0x00000006ad900000,0x00000006b4000000)
 ParOldGen       total 402432K, used 223150K [0x00000003c0000000, 0x00000003d8900000, 0x000000066ab00000)
  object space 402432K, 55% used [0x00000003c0000000,0x00000003cd9ebba8,0x00000003d8900000)
 Metaspace       used 90925K, capacity 91910K, committed 92120K, reserved 1128448K
  class space    used 12461K, capacity 12704K, committed 12800K, reserved 1048576K
}
Event: 75.279 GC heap before
{Heap before GC invocations=43 (full 7):
 PSYoungGen      total 1014784K, used 933744K [0x000000066ab00000, 0x00000006b4000000, 0x00000007c0000000)
  eden space 901632K, 100% used [0x000000066ab00000,0x00000006a1b80000,0x00000006a1b80000)
  from space 113152K, 28% used [0x00000006a1b80000,0x00000006a3adc3d0,0x00000006a8a00000)
  to   space 105472K, 0% used [0x00000006ad900000,0x00000006ad900000,0x00000006b4000000)
 ParOldGen       total 402432K, used 223150K [0x00000003c0000000, 0x00000003d8900000, 0x000000066ab00000)
  object space 402432K, 55% used [0x00000003c0000000,0x00000003cd9ebba8,0x00000003d8900000)
 Metaspace       used 97374K, capacity 98479K, committed 98776K, reserved 1134592K
  class space    used 12956K, capacity 13210K, committed 13312K, reserved 1048576K
Event: 75.339 GC heap after
Heap after GC invocations=43 (full 7):
 PSYoungGen      total 1082368K, used 88049K [0x000000066ab00000, 0x00000006b5c00000, 0x00000007c0000000)
  eden space 976896K, 0% used [0x000000066ab00000,0x000000066ab00000,0x00000006a6500000)
  from space 105472K, 83% used [0x00000006ad900000,0x00000006b2efc5c8,0x00000006b4000000)
  to   space 118784K, 0% used [0x00000006a6500000,0x00000006a6500000,0x00000006ad900000)
 ParOldGen       total 402432K, used 223158K [0x00000003c0000000, 0x00000003d8900000, 0x000000066ab00000)
  object space 402432K, 55% used [0x00000003c0000000,0x00000003cd9edba8,0x00000003d8900000)
 Metaspace       used 97374K, capacity 98479K, committed 98776K, reserved 1134592K
  class space    used 12956K, capacity 13210K, committed 13312K, reserved 1048576K
}
Event: 76.831 GC heap before
{Heap before GC invocations=44 (full 7):
 PSYoungGen      total 1082368K, used 1064945K [0x000000066ab00000, 0x00000006b5c00000, 0x00000007c0000000)
  eden space 976896K, 100% used [0x000000066ab00000,0x00000006a6500000,0x00000006a6500000)
  from space 105472K, 83% used [0x00000006ad900000,0x00000006b2efc5c8,0x00000006b4000000)
  to   space 118784K, 0% used [0x00000006a6500000,0x00000006a6500000,0x00000006ad900000)
 ParOldGen       total 402432K, used 223158K [0x00000003c0000000, 0x00000003d8900000, 0x000000066ab00000)
  object space 402432K, 55% used [0x00000003c0000000,0x00000003cd9edba8,0x00000003d8900000)
 Metaspace       used 97390K, capacity 98479K, committed 98776K, reserved 1134592K
  class space    used 12956K, capacity 13210K, committed 13312K, reserved 1048576K
Event: 76.878 GC heap after
Heap after GC invocations=44 (full 7):
 PSYoungGen      total 1095680K, used 39665K [0x000000066ab00000, 0x00000006ba180000, 0x00000007c0000000)
  eden space 976896K, 0% used [0x000000066ab00000,0x000000066ab00000,0x00000006a6500000)
  from space 118784K, 33% used [0x00000006a6500000,0x00000006a8bbc418,0x00000006ad900000)
  to   space 111104K, 0% used [0x00000006b3500000,0x00000006b3500000,0x00000006ba180000)
 ParOldGen       total 402432K, used 223158K [0x00000003c0000000, 0x00000003d8900000, 0x000000066ab00000)
  object space 402432K, 55% used [0x00000003c0000000,0x00000003cd9edba8,0x00000003d8900000)
 Metaspace       used 97390K, capacity 98479K, committed 98776K, reserved 1134592K
  class space    used 12956K, capacity 13210K, committed 13312K, reserved 1048576K
}
Event: 78.174 GC heap before
{Heap before GC invocations=45 (full 7):
 PSYoungGen      total 1095680K, used 1016561K [0x000000066ab00000, 0x00000006ba180000, 0x00000007c0000000)
  eden space 976896K, 100% used [0x000000066ab00000,0x00000006a6500000,0x00000006a6500000)
  from space 118784K, 33% used [0x00000006a6500000,0x00000006a8bbc418,0x00000006ad900000)
  to   space 111104K, 0% used [0x00000006b3500000,0x00000006b3500000,0x00000006ba180000)
 ParOldGen       total 402432K, used 223158K [0x00000003c0000000, 0x00000003d8900000, 0x000000066ab00000)
  object space 402432K, 55% used [0x00000003c0000000,0x00000003cd9edba8,0x00000003d8900000)
 Metaspace       used 97410K, capacity 98479K, committed 98776K, reserved 1134592K
  class space    used 12956K, capacity 13210K, committed 13312K, reserved 1048576K
Event: 78.201 GC heap after
Heap after GC invocations=45 (full 7):
 PSYoungGen      total 1169408K, used 39188K [0x000000066ab00000, 0x00000006b9080000, 0x00000007c0000000)
  eden space 1075712K, 0% used [0x000000066ab00000,0x000000066ab00000,0x00000006ac580000)
  from space 93696K, 41% used [0x00000006b3500000,0x00000006b5b45338,0x00000006b9080000)
  to   space 103936K, 0% used [0x00000006ac580000,0x00000006ac580000,0x00000006b2b00000)
 ParOldGen       total 402432K, used 223158K [0x00000003c0000000, 0x00000003d8900000, 0x000000066ab00000)
  object space 402432K, 55% used [0x00000003c0000000,0x00000003cd9edba8,0x00000003d8900000)
 Metaspace       used 97410K, capacity 98479K, committed 98776K, reserved 1134592K
  class space    used 12956K, capacity 13210K, committed 13312K, reserved 1048576K
}
Event: 79.848 GC heap before
{Heap before GC invocations=46 (full 7):
 PSYoungGen      total 1169408K, used 1114900K [0x000000066ab00000, 0x00000006b9080000, 0x00000007c0000000)
  eden space 1075712K, 100% used [0x000000066ab00000,0x00000006ac580000,0x00000006ac580000)
  from space 93696K, 41% used [0x00000006b3500000,0x00000006b5b45338,0x00000006b9080000)
  to   space 103936K, 0% used [0x00000006ac580000,0x00000006ac580000,0x00000006b2b00000)
 ParOldGen       total 402432K, used 223158K [0x00000003c0000000, 0x00000003d8900000, 0x000000066ab00000)
  object space 402432K, 55% used [0x00000003c0000000,0x00000003cd9edba8,0x00000003d8900000)
 Metaspace       used 97425K, capacity 98479K, committed 98776K, reserved 1134592K
  class space    used 12956K, capacity 13210K, committed 13312K, reserved 1048576K
Event: 79.871 GC heap after
Heap after GC invocations=46 (full 7):
 PSYoungGen      total 1179648K, used 39314K [0x000000066ab00000, 0x00000006be680000, 0x00000007c0000000)
  eden space 1075712K, 0% used [0x000000066ab00000,0x000000066ab00000,0x00000006ac580000)
  from space 103936K, 37% used [0x00000006ac580000,0x00000006aebe4ad8,0x00000006b2b00000)
  to   space 97280K, 0% used [0x00000006b8780000,0x00000006b8780000,0x00000006be680000)
 ParOldGen       total 402432K, used 223158K [0x00000003c0000000, 0x00000003d8900000, 0x000000066ab00000)
  object space 402432K, 55% used [0x00000003c0000000,0x00000003cd9edba8,0x00000003d8900000)
 Metaspace       used 97425K, capacity 98479K, committed 98776K, reserved 1134592K
  class space    used 12956K, capacity 13210K, committed 13312K, reserved 1048576K
}
Event: 81.460 GC heap before
{Heap before GC invocations=47 (full 7):
 PSYoungGen      total 1179648K, used 1115026K [0x000000066ab00000, 0x00000006be680000, 0x00000007c0000000)
  eden space 1075712K, 100% used [0x000000066ab00000,0x00000006ac580000,0x00000006ac580000)
  from space 103936K, 37% used [0x00000006ac580000,0x00000006aebe4ad8,0x00000006b2b00000)
  to   space 97280K, 0% used [0x00000006b8780000,0x00000006b8780000,0x00000006be680000)
 ParOldGen       total 402432K, used 223158K [0x00000003c0000000, 0x00000003d8900000, 0x000000066ab00000)
  object space 402432K, 55% used [0x00000003c0000000,0x00000003cd9edba8,0x00000003d8900000)
 Metaspace       used 97440K, capacity 98543K, committed 98776K, reserved 1134592K
  class space    used 12956K, capacity 13210K, committed 13312K, reserved 1048576K
Event: 81.487 GC heap after
Heap after GC invocations=47 (full 7):
 PSYoungGen      total 1256960K, used 39406K [0x000000066ab00000, 0x00000006bd880000, 0x00000007c0000000)
  eden space 1174016K, 0% used [0x000000066ab00000,0x000000066ab00000,0x00000006b2580000)
  from space 82944K, 47% used [0x00000006b8780000,0x00000006badfba40,0x00000006bd880000)
  to   space 91648K, 0% used [0x00000006b2580000,0x00000006b2580000,0x00000006b7f00000)
 ParOldGen       total 402432K, used 223158K [0x00000003c0000000, 0x00000003d8900000, 0x000000066ab00000)
  object space 402432K, 55% used [0x00000003c0000000,0x00000003cd9edba8,0x00000003d8900000)
 Metaspace       used 97440K, capacity 98543K, committed 98776K, reserved 1134592K
  class space    used 12956K, capacity 13210K, committed 13312K, reserved 1048576K
}
Event: 83.074 GC heap before
{Heap before GC invocations=48 (full 7):
 PSYoungGen      total 1256960K, used 1213422K [0x000000066ab00000, 0x00000006bd880000, 0x00000007c0000000)
  eden space 1174016K, 100% used [0x000000066ab00000,0x00000006b2580000,0x00000006b2580000)
  from space 82944K, 47% used [0x00000006b8780000,0x00000006badfba40,0x00000006bd880000)
  to   space 91648K, 0% used [0x00000006b2580000,0x00000006b2580000,0x00000006b7f00000)
 ParOldGen       total 402432K, used 223158K [0x00000003c0000000, 0x00000003d8900000, 0x000000066ab00000)
  object space 402432K, 55% used [0x00000003c0000000,0x00000003cd9edba8,0x00000003d8900000)
 Metaspace       used 98160K, capacity 99305K, committed 99544K, reserved 1136640K
  class space    used 13034K, capacity 13289K, committed 13312K, reserved 1048576K
Event: 83.145 GC heap after
Heap after GC invocations=48 (full 7):
 PSYoungGen      total 1265664K, used 91630K [0x000000066ab00000, 0x00000006c7280000, 0x00000007c0000000)
  eden space 1174016K, 0% used [0x000000066ab00000,0x000000066ab00000,0x00000006b2580000)
  from space 91648K, 99% used [0x00000006b2580000,0x00000006b7efbaf0,0x00000006b7f00000)
  to   space 116224K, 0% used [0x00000006c0100000,0x00000006c0100000,0x00000006c7280000)
 ParOldGen       total 402432K, used 251067K [0x00000003c0000000, 0x00000003d8900000, 0x000000066ab00000)
  object space 402432K, 62% used [0x00000003c0000000,0x00000003cf52ee70,0x00000003d8900000)
 Metaspace       used 98160K, capacity 99305K, committed 99544K, reserved 1136640K
  class space    used 13034K, capacity 13289K, committed 13312K, reserved 1048576K
}
Event: 84.590 GC heap before
{Heap before GC invocations=49 (full 7):
 PSYoungGen      total 1265664K, used 1265646K [0x000000066ab00000, 0x00000006c7280000, 0x00000007c0000000)
  eden space 1174016K, 100% used [0x000000066ab00000,0x00000006b2580000,0x00000006b2580000)
  from space 91648K, 99% used [0x00000006b2580000,0x00000006b7efbaf0,0x00000006b7f00000)
  to   space 116224K, 0% used [0x00000006c0100000,0x00000006c0100000,0x00000006c7280000)
 ParOldGen       total 402432K, used 251067K [0x00000003c0000000, 0x00000003d8900000, 0x000000066ab00000)
  object space 402432K, 62% used [0x00000003c0000000,0x00000003cf52ee70,0x00000003d8900000)
 Metaspace       used 98179K, capacity 99305K, committed 99544K, reserved 1136640K
  class space    used 13034K, capacity 13289K, committed 13312K, reserved 1048576K
Event: 84.671 GC heap after
Heap after GC invocations=49 (full 7):
 PSYoungGen      total 1396736K, used 71350K [0x000000066ab00000, 0x00000006c8500000, 0x00000007c0000000)
  eden space 1280512K, 0% used [0x000000066ab00000,0x000000066ab00000,0x00000006b8d80000)
  from space 116224K, 61% used [0x00000006c0100000,0x00000006c46ad918,0x00000006c7280000)
  to   space 118272K, 0% used [0x00000006b8d80000,0x00000006b8d80000,0x00000006c0100000)
 ParOldGen       total 402432K, used 251075K [0x00000003c0000000, 0x00000003d8900000, 0x000000066ab00000)
  object space 402432K, 62% used [0x00000003c0000000,0x00000003cf530e70,0x00000003d8900000)
 Metaspace       used 98179K, capacity 99305K, committed 99544K, reserved 1136640K
  class space    used 13034K, capacity 13289K, committed 13312K, reserved 1048576K
}
Event: 86.408 GC heap before
{Heap before GC invocations=50 (full 7):
 PSYoungGen      total 1396736K, used 1351862K [0x000000066ab00000, 0x00000006c8500000, 0x00000007c0000000)
  eden space 1280512K, 100% used [0x000000066ab00000,0x00000006b8d80000,0x00000006b8d80000)
  from space 116224K, 61% used [0x00000006c0100000,0x00000006c46ad918,0x00000006c7280000)
  to   space 118272K, 0% used [0x00000006b8d80000,0x00000006b8d80000,0x00000006c0100000)
 ParOldGen       total 402432K, used 251075K [0x00000003c0000000, 0x00000003d8900000, 0x000000066ab00000)
  object space 402432K, 62% used [0x00000003c0000000,0x00000003cf530e70,0x00000003d8900000)
 Metaspace       used 98180K, capacity 99305K, committed 99544K, reserved 1136640K
  class space    used 13034K, capacity 13289K, committed 13312K, reserved 1048576K
Event: 86.441 GC heap after
Heap after GC invocations=50 (full 7):
 PSYoungGen      total 1398784K, used 71156K [0x000000066ab00000, 0x00000006cf200000, 0x00000007c0000000)
  eden space 1280512K, 0% used [0x000000066ab00000,0x000000066ab00000,0x00000006b8d80000)
  from space 118272K, 60% used [0x00000006b8d80000,0x00000006bd2fd310,0x00000006c0100000)
  to   space 119296K, 0% used [0x00000006c7d80000,0x00000006c7d80000,0x00000006cf200000)
 ParOldGen       total 402432K, used 251075K [0x00000003c0000000, 0x00000003d8900000, 0x000000066ab00000)
  object space 402432K, 62% used [0x00000003c0000000,0x00000003cf530e70,0x00000003d8900000)
 Metaspace       used 98180K, capacity 99305K, committed 99544K, reserved 1136640K
  class space    used 13034K, capacity 13289K, committed 13312K, reserved 1048576K
}
Event: 87.859 GC heap before
{Heap before GC invocations=51 (full 7):
 PSYoungGen      total 1398784K, used 1351668K [0x000000066ab00000, 0x00000006cf200000, 0x00000007c0000000)
  eden space 1280512K, 100% used [0x000000066ab00000,0x00000006b8d80000,0x00000006b8d80000)
  from space 118272K, 60% used [0x00000006b8d80000,0x00000006bd2fd310,0x00000006c0100000)
  to   space 119296K, 0% used [0x00000006c7d80000,0x00000006c7d80000,0x00000006cf200000)
 ParOldGen       total 402432K, used 251075K [0x00000003c0000000, 0x00000003d8900000, 0x000000066ab00000)
  object space 402432K, 62% used [0x00000003c0000000,0x00000003cf530e70,0x00000003d8900000)
 Metaspace       used 98222K, capacity 99387K, committed 99544K, reserved 1136640K
  class space    used 13036K, capacity 13292K, committed 13312K, reserved 1048576K
Event: 88.028 GC heap after
Heap after GC invocations=51 (full 7):
 PSYoungGen      total 1502208K, used 119293K [0x000000066ab00000, 0x00000006d4400000, 0x00000007c0000000)
  eden space 1382912K, 0% used [0x000000066ab00000,0x000000066ab00000,0x00000006bf180000)
  from space 119296K, 99% used [0x00000006c7d80000,0x00000006cf1ff460,0x00000006cf200000)
  to   space 143360K, 0% used [0x00000006bf180000,0x00000006bf180000,0x00000006c7d80000)
 ParOldGen       total 402432K, used 266537K [0x00000003c0000000, 0x00000003d8900000, 0x000000066ab00000)
  object space 402432K, 66% used [0x00000003c0000000,0x00000003d044a5f0,0x00000003d8900000)
 Metaspace       used 98222K, capacity 99387K, committed 99544K, reserved 1136640K
  class space    used 13036K, capacity 13292K, committed 13312K, reserved 1048576K
}
Event: 89.740 GC heap before
{Heap before GC invocations=52 (full 7):
 PSYoungGen      total 1502208K, used 1502205K [0x000000066ab00000, 0x00000006d4400000, 0x00000007c0000000)
  eden space 1382912K, 100% used [0x000000066ab00000,0x00000006bf180000,0x00000006bf180000)
  from space 119296K, 99% used [0x00000006c7d80000,0x00000006cf1ff460,0x00000006cf200000)
  to   space 143360K, 0% used [0x00000006bf180000,0x00000006bf180000,0x00000006c7d80000)
 ParOldGen       total 402432K, used 266537K [0x00000003c0000000, 0x00000003d8900000, 0x000000066ab00000)
  object space 402432K, 66% used [0x00000003c0000000,0x00000003d044a5f0,0x00000003d8900000)
 Metaspace       used 98227K, capacity 99387K, committed 99544K, reserved 1136640K
  class space    used 13036K, capacity 13292K, committed 13312K, reserved 1048576K
Event: 89.808 GC heap after
Heap after GC invocations=52 (full 7):
 PSYoungGen      total 1526272K, used 97841K [0x000000066ab00000, 0x00000006dbc00000, 0x00000007c0000000)
  eden space 1382912K, 0% used [0x000000066ab00000,0x000000066ab00000,0x00000006bf180000)
  from space 143360K, 68% used [0x00000006bf180000,0x00000006c510c5e0,0x00000006c7d80000)
  to   space 148992K, 0% used [0x00000006d2a80000,0x00000006d2a80000,0x00000006dbc00000)
 ParOldGen       total 402432K, used 267865K [0x00000003c0000000, 0x00000003d8900000, 0x000000066ab00000)
  object space 402432K, 66% used [0x00000003c0000000,0x00000003d0596588,0x00000003d8900000)
 Metaspace       used 98227K, capacity 99387K, committed 99544K, reserved 1136640K
  class space    used 13036K, capacity 13292K, committed 13312K, reserved 1048576K
}
Event: 91.640 GC heap before
{Heap before GC invocations=53 (full 7):
 PSYoungGen      total 1526272K, used 1480753K [0x000000066ab00000, 0x00000006dbc00000, 0x00000007c0000000)
  eden space 1382912K, 100% used [0x000000066ab00000,0x00000006bf180000,0x00000006bf180000)
  from space 143360K, 68% used [0x00000006bf180000,0x00000006c510c5e0,0x00000006c7d80000)
  to   space 148992K, 0% used [0x00000006d2a80000,0x00000006d2a80000,0x00000006dbc00000)
 ParOldGen       total 402432K, used 267865K [0x00000003c0000000, 0x00000003d8900000, 0x000000066ab00000)
  object space 402432K, 66% used [0x00000003c0000000,0x00000003d0596588,0x00000003d8900000)
 Metaspace       used 98246K, capacity 99393K, committed 99544K, reserved 1136640K
  class space    used 13036K, capacity 13293K, committed 13312K, reserved 1048576K
Event: 91.754 GC heap after
Heap after GC invocations=53 (full 7):
 PSYoungGen      total 1693696K, used 112382K [0x000000066ab00000, 0x00000006dd380000, 0x00000007c0000000)
  eden space 1544704K, 0% used [0x000000066ab00000,0x000000066ab00000,0x00000006c8f80000)
  from space 148992K, 75% used [0x00000006d2a80000,0x00000006d983fb58,0x00000006dbc00000)
  to   space 158720K, 0% used [0x00000006c8f80000,0x00000006c8f80000,0x00000006d2a80000)
 ParOldGen       total 402432K, used 270752K [0x00000003c0000000, 0x00000003d8900000, 0x000000066ab00000)
  object space 402432K, 67% used [0x00000003c0000000,0x00000003d0868130,0x00000003d8900000)
 Metaspace       used 98246K, capacity 99393K, committed 99544K, reserved 1136640K
  class space    used 13036K, capacity 13293K, committed 13312K, reserved 1048576K
}
Event: 93.696 GC heap before
{Heap before GC invocations=54 (full 7):
 PSYoungGen      total 1693696K, used 1657086K [0x000000066ab00000, 0x00000006dd380000, 0x00000007c0000000)
  eden space 1544704K, 100% used [0x000000066ab00000,0x00000006c8f80000,0x00000006c8f80000)
  from space 148992K, 75% used [0x00000006d2a80000,0x00000006d983fb58,0x00000006dbc00000)
  to   space 158720K, 0% used [0x00000006c8f80000,0x00000006c8f80000,0x00000006d2a80000)
 ParOldGen       total 402432K, used 270752K [0x00000003c0000000, 0x00000003d8900000, 0x000000066ab00000)
  object space 402432K, 67% used [0x00000003c0000000,0x00000003d0868130,0x00000003d8900000)
 Metaspace       used 98254K, capacity 99393K, committed 99544K, reserved 1136640K
  class space    used 13036K, capacity 13293K, committed 13312K, reserved 1048576K
Event: 93.775 GC heap after
Heap after GC invocations=54 (full 7):
 PSYoungGen      total 1703424K, used 114373K [0x000000066ab00000, 0x00000006e9080000, 0x00000007c0000000)
  eden space 1544704K, 0% used [0x000000066ab00000,0x000000066ab00000,0x00000006c8f80000)
  from space 158720K, 72% used [0x00000006c8f80000,0x00000006cff31668,0x00000006d2a80000)
  to   space 166400K, 0% used [0x00000006dee00000,0x00000006dee00000,0x00000006e9080000)
 ParOldGen       total 402432K, used 273285K [0x00000003c0000000, 0x00000003d8900000, 0x000000066ab00000)
  object space 402432K, 67% used [0x00000003c0000000,0x00000003d0ae1710,0x00000003d8900000)
 Metaspace       used 98254K, capacity 99393K, committed 99544K, reserved 1136640K
  class space    used 13036K, capacity 13293K, committed 13312K, reserved 1048576K
}
Event: 95.749 GC heap before
{Heap before GC invocations=55 (full 7):
 PSYoungGen      total 1703424K, used 1659077K [0x000000066ab00000, 0x00000006e9080000, 0x00000007c0000000)
  eden space 1544704K, 100% used [0x000000066ab00000,0x00000006c8f80000,0x00000006c8f80000)
  from space 158720K, 72% used [0x00000006c8f80000,0x00000006cff31668,0x00000006d2a80000)
  to   space 166400K, 0% used [0x00000006dee00000,0x00000006dee00000,0x00000006e9080000)
 ParOldGen       total 402432K, used 273285K [0x00000003c0000000, 0x00000003d8900000, 0x000000066ab00000)
  object space 402432K, 67% used [0x00000003c0000000,0x00000003d0ae1710,0x00000003d8900000)
 Metaspace       used 98255K, capacity 99393K, committed 99544K, reserved 1136640K
  class space    used 13036K, capacity 13293K, committed 13312K, reserved 1048576K
Event: 95.820 GC heap after
Heap after GC invocations=55 (full 7):
 PSYoungGen      total 1897984K, used 112694K [0x000000066ab00000, 0x00000006e9500000, 0x00000007c0000000)
  eden space 1731584K, 0% used [0x000000066ab00000,0x000000066ab00000,0x00000006d4600000)
  from space 166400K, 67% used [0x00000006dee00000,0x00000006e5c0da10,0x00000006e9080000)
  to   space 171520K, 0% used [0x00000006d4600000,0x00000006d4600000,0x00000006ded80000)
 ParOldGen       total 402432K, used 273293K [0x00000003c0000000, 0x00000003d8900000, 0x000000066ab00000)
  object space 402432K, 67% used [0x00000003c0000000,0x00000003d0ae3710,0x00000003d8900000)
 Metaspace       used 98255K, capacity 99393K, committed 99544K, reserved 1136640K
  class space    used 13036K, capacity 13293K, committed 13312K, reserved 1048576K
}
Event: 97.866 GC heap before
{Heap before GC invocations=56 (full 7):
 PSYoungGen      total 1897984K, used 1844278K [0x000000066ab00000, 0x00000006e9500000, 0x00000007c0000000)
  eden space 1731584K, 100% used [0x000000066ab00000,0x00000006d4600000,0x00000006d4600000)
  from space 166400K, 67% used [0x00000006dee00000,0x00000006e5c0da10,0x00000006e9080000)
  to   space 171520K, 0% used [0x00000006d4600000,0x00000006d4600000,0x00000006ded80000)
 ParOldGen       total 402432K, used 273293K [0x00000003c0000000, 0x00000003d8900000, 0x000000066ab00000)
  object space 402432K, 67% used [0x00000003c0000000,0x00000003d0ae3710,0x00000003d8900000)
 Metaspace       used 98313K, capacity 99481K, committed 99544K, reserved 1136640K
  class space    used 13039K, capacity 13297K, committed 13312K, reserved 1048576K
Event: 97.955 GC heap after
Heap after GC invocations=56 (full 7):
 PSYoungGen      total 1903104K, used 112073K [0x000000066ab00000, 0x00000006f5e80000, 0x00000007c0000000)
  eden space 1731584K, 0% used [0x000000066ab00000,0x000000066ab00000,0x00000006d4600000)
  from space 171520K, 65% used [0x00000006d4600000,0x00000006db372430,0x00000006ded80000)
  to   space 175104K, 0% used [0x00000006eb380000,0x00000006eb380000,0x00000006f5e80000)
 ParOldGen       total 402432K, used 320483K [0x00000003c0000000, 0x00000003d8900000, 0x000000066ab00000)
  object space 402432K, 79% used [0x00000003c0000000,0x00000003d38f8db0,0x00000003d8900000)
 Metaspace       used 98313K, capacity 99481K, committed 99544K, reserved 1136640K
  class space    used 13039K, capacity 13297K, committed 13312K, reserved 1048576K
}
Event: 100.097 GC heap before
{Heap before GC invocations=57 (full 7):
 PSYoungGen      total 1903104K, used 1843651K [0x000000066ab00000, 0x00000006f5e80000, 0x00000007c0000000)
  eden space 1731584K, 99% used [0x000000066ab00000,0x00000006d45fea70,0x00000006d4600000)
  from space 171520K, 65% used [0x00000006d4600000,0x00000006db372430,0x00000006ded80000)
  to   space 175104K, 0% used [0x00000006eb380000,0x00000006eb380000,0x00000006f5e80000)
 ParOldGen       total 402432K, used 320483K [0x00000003c0000000, 0x00000003d8900000, 0x000000066ab00000)
  object space 402432K, 79% used [0x00000003c0000000,0x00000003d38f8db0,0x00000003d8900000)
 Metaspace       used 98347K, capacity 99499K, committed 99544K, reserved 1136640K
  class space    used 13041K, capacity 13300K, committed 13312K, reserved 1048576K
Event: 100.133 GC heap after
Heap after GC invocations=57 (full 7):
 PSYoungGen      total 2066944K, used 49865K [0x000000066ab00000, 0x00000006f4780000, 0x00000007c0000000)
  eden space 1915392K, 0% used [0x000000066ab00000,0x000000066ab00000,0x00000006df980000)
  from space 151552K, 32% used [0x00000006eb380000,0x00000006ee432408,0x00000006f4780000)
  to   space 171008K, 0% used [0x00000006df980000,0x00000006df980000,0x00000006ea080000)
 ParOldGen       total 402432K, used 324168K [0x00000003c0000000, 0x00000003d8900000, 0x000000066ab00000)
  object space 402432K, 80% used [0x00000003c0000000,0x00000003d3c92018,0x00000003d8900000)
 Metaspace       used 98347K, capacity 99499K, committed 99544K, reserved 1136640K
  class space    used 13041K, capacity 13300K, committed 13312K, reserved 1048576K
}
Event: 102.532 GC heap before
{Heap before GC invocations=58 (full 7):
 PSYoungGen      total 2066944K, used 1965257K [0x000000066ab00000, 0x00000006f4780000, 0x00000007c0000000)
  eden space 1915392K, 100% used [0x000000066ab00000,0x00000006df980000,0x00000006df980000)
  from space 151552K, 32% used [0x00000006eb380000,0x00000006ee432408,0x00000006f4780000)
  to   space 171008K, 0% used [0x00000006df980000,0x00000006df980000,0x00000006ea080000)
 ParOldGen       total 402432K, used 324168K [0x00000003c0000000, 0x00000003d8900000, 0x000000066ab00000)
  object space 402432K, 80% used [0x00000003c0000000,0x00000003d3c92018,0x00000003d8900000)
 Metaspace       used 98367K, capacity 99505K, committed 99544K, reserved 1136640K
  class space    used 13041K, capacity 13301K, committed 13312K, reserved 1048576K
Event: 102.575 GC heap after
Heap after GC invocations=58 (full 7):
 PSYoungGen      total 2086400K, used 35538K [0x000000066ab00000, 0x00000006ffc80000, 0x00000007c0000000)
  eden space 1915392K, 0% used [0x000000066ab00000,0x000000066ab00000,0x00000006df980000)
  from space 171008K, 20% used [0x00000006df980000,0x00000006e1c34b30,0x00000006ea080000)
  to   space 168960K, 0% used [0x00000006f5780000,0x00000006f5780000,0x00000006ffc80000)
 ParOldGen       total 402432K, used 351753K [0x00000003c0000000, 0x00000003d8900000, 0x000000066ab00000)
  object space 402432K, 87% used [0x00000003c0000000,0x00000003d5782710,0x00000003d8900000)
 Metaspace       used 98367K, capacity 99505K, committed 99544K, reserved 1136640K
  class space    used 13041K, capacity 13301K, committed 13312K, reserved 1048576K
}
Event: 102.575 GC heap before
{Heap before GC invocations=59 (full 8):
 PSYoungGen      total 2086400K, used 35538K [0x000000066ab00000, 0x00000006ffc80000, 0x00000007c0000000)
  eden space 1915392K, 0% used [0x000000066ab00000,0x000000066ab00000,0x00000006df980000)
  from space 171008K, 20% used [0x00000006df980000,0x00000006e1c34b30,0x00000006ea080000)
  to   space 168960K, 0% used [0x00000006f5780000,0x00000006f5780000,0x00000006ffc80000)
 ParOldGen       total 402432K, used 351753K [0x00000003c0000000, 0x00000003d8900000, 0x000000066ab00000)
  object space 402432K, 87% used [0x00000003c0000000,0x00000003d5782710,0x00000003d8900000)
 Metaspace       used 98367K, capacity 99505K, committed 99544K, reserved 1136640K
  class space    used 13041K, capacity 13301K, committed 13312K, reserved 1048576K
Event: 102.740 GC heap after
Heap after GC invocations=59 (full 8):
 PSYoungGen      total 2086400K, used 0K [0x000000066ab00000, 0x00000006ffc80000, 0x00000007c0000000)
  eden space 1915392K, 0% used [0x000000066ab00000,0x000000066ab00000,0x00000006df980000)
  from space 171008K, 0% used [0x00000006df980000,0x00000006df980000,0x00000006ea080000)
  to   space 168960K, 0% used [0x00000006f5780000,0x00000006f5780000,0x00000006ffc80000)
 ParOldGen       total 414720K, used 261487K [0x00000003c0000000, 0x00000003d9500000, 0x000000066ab00000)
  object space 414720K, 63% used [0x00000003c0000000,0x00000003cff5bfa0,0x00000003d9500000)
 Metaspace       used 98341K, capacity 99463K, committed 99544K, reserved 1136640K
  class space    used 13037K, capacity 13294K, committed 13312K, reserved 1048576K
}
Event: 105.093 GC heap before
{Heap before GC invocations=60 (full 8):
 PSYoungGen      total 2086400K, used 1915392K [0x000000066ab00000, 0x00000006ffc80000, 0x00000007c0000000)
  eden space 1915392K, 100% used [0x000000066ab00000,0x00000006df980000,0x00000006df980000)
  from space 171008K, 0% used [0x00000006df980000,0x00000006df980000,0x00000006ea080000)
  to   space 168960K, 0% used [0x00000006f5780000,0x00000006f5780000,0x00000006ffc80000)
 ParOldGen       total 414720K, used 261487K [0x00000003c0000000, 0x00000003d9500000, 0x000000066ab00000)
  object space 414720K, 63% used [0x00000003c0000000,0x00000003cff5bfa0,0x00000003d9500000)
 Metaspace       used 98370K, capacity 99469K, committed 99544K, reserved 1136640K
  class space    used 13038K, capacity 13295K, committed 13312K, reserved 1048576K
Event: 105.179 GC heap after
Heap after GC invocations=60 (full 8):
 PSYoungGen      total 2283008K, used 74209K [0x000000066ab00000, 0x0000000700300000, 0x00000007c0000000)
  eden space 2114048K, 0% used [0x000000066ab00000,0x000000066ab00000,0x00000006ebb80000)
  from space 168960K, 43% used [0x00000006f5780000,0x00000006f9ff8788,0x00000006ffc80000)
  to   space 159744K, 0% used [0x00000006ebb80000,0x00000006ebb80000,0x00000006f5780000)
 ParOldGen       total 414720K, used 261495K [0x00000003c0000000, 0x00000003d9500000, 0x000000066ab00000)
  object space 414720K, 63% used [0x00000003c0000000,0x00000003cff5dfa0,0x00000003d9500000)
 Metaspace       used 98370K, capacity 99469K, committed 99544K, reserved 1136640K
  class space    used 13038K, capacity 13295K, committed 13312K, reserved 1048576K
}
Event: 107.910 GC heap before
{Heap before GC invocations=61 (full 8):
 PSYoungGen      total 2283008K, used 2188257K [0x000000066ab00000, 0x0000000700300000, 0x00000007c0000000)
  eden space 2114048K, 100% used [0x000000066ab00000,0x00000006ebb80000,0x00000006ebb80000)
  from space 168960K, 43% used [0x00000006f5780000,0x00000006f9ff8788,0x00000006ffc80000)
  to   space 159744K, 0% used [0x00000006ebb80000,0x00000006ebb80000,0x00000006f5780000)
 ParOldGen       total 414720K, used 261495K [0x00000003c0000000, 0x00000003d9500000, 0x000000066ab00000)
  object space 414720K, 63% used [0x00000003c0000000,0x00000003cff5dfa0,0x00000003d9500000)
 Metaspace       used 98370K, capacity 99469K, committed 99544K, reserved 1136640K
  class space    used 13038K, capacity 13295K, committed 13312K, reserved 1048576K
Event: 107.940 GC heap after
Heap after GC invocations=61 (full 8):
 PSYoungGen      total 2273792K, used 33041K [0x000000066ab00000, 0x000000070c380000, 0x00000007c0000000)
  eden space 2114048K, 0% used [0x000000066ab00000,0x000000066ab00000,0x00000006ebb80000)
  from space 159744K, 20% used [0x00000006ebb80000,0x00000006edbc47a0,0x00000006f5780000)
  to   space 157696K, 0% used [0x0000000702980000,0x0000000702980000,0x000000070c380000)
 ParOldGen       total 414720K, used 261495K [0x00000003c0000000, 0x00000003d9500000, 0x000000066ab00000)
  object space 414720K, 63% used [0x00000003c0000000,0x00000003cff5dfa0,0x00000003d9500000)
 Metaspace       used 98370K, capacity 99469K, committed 99544K, reserved 1136640K
  class space    used 13038K, capacity 13295K, committed 13312K, reserved 1048576K
}
Event: 110.338 GC heap before
{Heap before GC invocations=62 (full 8):
 PSYoungGen      total 2273792K, used 2147089K [0x000000066ab00000, 0x000000070c380000, 0x00000007c0000000)
  eden space 2114048K, 100% used [0x000000066ab00000,0x00000006ebb80000,0x00000006ebb80000)
  from space 159744K, 20% used [0x00000006ebb80000,0x00000006edbc47a0,0x00000006f5780000)
  to   space 157696K, 0% used [0x0000000702980000,0x0000000702980000,0x000000070c380000)
 ParOldGen       total 414720K, used 261495K [0x00000003c0000000, 0x00000003d9500000, 0x000000066ab00000)
  object space 414720K, 63% used [0x00000003c0000000,0x00000003cff5dfa0,0x00000003d9500000)
 Metaspace       used 98411K, capacity 99545K, committed 99800K, reserved 1136640K
  class space    used 13039K, capacity 13297K, committed 13312K, reserved 1048576K
Event: 110.437 GC heap after
Heap after GC invocations=62 (full 8):
 PSYoungGen      total 2493952K, used 78381K [0x000000066ab00000, 0x000000070c580000, 0x00000007c0000000)
  eden space 2336256K, 0% used [0x000000066ab00000,0x000000066ab00000,0x00000006f9480000)
  from space 157696K, 49% used [0x0000000702980000,0x000000070760b638,0x000000070c380000)
  to   space 152576K, 0% used [0x00000006f9480000,0x00000006f9480000,0x0000000702980000)
 ParOldGen       total 414720K, used 261503K [0x00000003c0000000, 0x00000003d9500000, 0x000000066ab00000)
  object space 414720K, 63% used [0x00000003c0000000,0x00000003cff5ffa0,0x00000003d9500000)
 Metaspace       used 98411K, capacity 99545K, committed 99800K, reserved 1136640K
  class space    used 13039K, capacity 13297K, committed 13312K, reserved 1048576K
}
Event: 113.240 GC heap before
{Heap before GC invocations=63 (full 8):
 PSYoungGen      total 2493952K, used 2414637K [0x000000066ab00000, 0x000000070c580000, 0x00000007c0000000)
  eden space 2336256K, 100% used [0x000000066ab00000,0x00000006f9480000,0x00000006f9480000)
  from space 157696K, 49% used [0x0000000702980000,0x000000070760b638,0x000000070c380000)
  to   space 152576K, 0% used [0x00000006f9480000,0x00000006f9480000,0x0000000702980000)
 ParOldGen       total 414720K, used 261503K [0x00000003c0000000, 0x00000003d9500000, 0x000000066ab00000)
  object space 414720K, 63% used [0x00000003c0000000,0x00000003cff5ffa0,0x00000003d9500000)
 Metaspace       used 98462K, capacity 99615K, committed 99800K, reserved 1136640K
  class space    used 13040K, capacity 13298K, committed 13312K, reserved 1048576K

