# JRE version: OpenJDK Runtime Environment (8.0_252-b09) (build 1.8.0_252-b09)
# Java VM: OpenJDK 64-Bit Server VM (25.252-b09 mixed mode linux-amd64 compressed oops)
Heap:
 PSYoungGen      total 2197504K, used 114796K [0x000000066ab00000, 0x00000006f9f00000, 0x00000007c0000000)
  eden space 2054656K, 0% used [0x000000066ab00000,0x000000066ab00000,0x00000006e8180000)
  from space 142848K, 80% used [0x00000006e8180000,0x00000006ef19b3c8,0x00000006f0d00000)
  to   space 140800K, 0% used [0x00000006f0d00000,0x00000006f0d00000,0x00000006f9680000)
 ParOldGen       total 455168K, used 266073K [0x00000003c0000000, 0x00000003dbc80000, 0x000000066ab00000)
  object space 455168K, 58% used [0x00000003c0000000,0x00000003d03d66c8,0x00000003dbc80000)
 Metaspace       used 98114K, capacity 99247K, committed 99544K, reserved 1136640K
  class space    used 12987K, capacity 13246K, committed 13312K, reserved 1048576K
GC Heap History (141 events):
Event: 0.506 GC heap before
{Heap before GC invocations=1 (full 0):
 PSYoungGen      total 18432K, used 15872K [0x000000066ab00000, 0x000000066bf80000, 0x00000007c0000000)
  eden space 15872K, 100% used [0x000000066ab00000,0x000000066ba80000,0x000000066ba80000)
  from space 2560K, 0% used [0x000000066bd00000,0x000000066bd00000,0x000000066bf80000)
  to   space 2560K, 0% used [0x000000066ba80000,0x000000066ba80000,0x000000066bd00000)
 ParOldGen       total 42496K, used 0K [0x00000003c0000000, 0x00000003c2980000, 0x000000066ab00000)
  object space 42496K, 0% used [0x00000003c0000000,0x00000003c0000000,0x00000003c2980000)
 Metaspace       used 4971K, capacity 5944K, committed 6016K, reserved 1056768K
  class space    used 542K, capacity 616K, committed 640K, reserved 1048576K
Event: 0.510 GC heap after
Heap after GC invocations=1 (full 0):
 PSYoungGen      total 18432K, used 2555K [0x000000066ab00000, 0x000000066bf80000, 0x00000007c0000000)
  eden space 15872K, 0% used [0x000000066ab00000,0x000000066ab00000,0x000000066ba80000)
  from space 2560K, 99% used [0x000000066ba80000,0x000000066bcfeca0,0x000000066bd00000)
  to   space 2560K, 0% used [0x000000066bd00000,0x000000066bd00000,0x000000066bf80000)
 ParOldGen       total 42496K, used 505K [0x00000003c0000000, 0x00000003c2980000, 0x000000066ab00000)
  object space 42496K, 1% used [0x00000003c0000000,0x00000003c007e450,0x00000003c2980000)
 Metaspace       used 4971K, capacity 5944K, committed 6016K, reserved 1056768K
  class space    used 542K, capacity 616K, committed 640K, reserved 1048576K
}
Event: 1.019 GC heap before
{Heap before GC invocations=2 (full 0):
 PSYoungGen      total 18432K, used 18427K [0x000000066ab00000, 0x000000066bf80000, 0x00000007c0000000)
  eden space 15872K, 100% used [0x000000066ab00000,0x000000066ba80000,0x000000066ba80000)
  from space 2560K, 99% used [0x000000066ba80000,0x000000066bcfeca0,0x000000066bd00000)
  to   space 2560K, 0% used [0x000000066bd00000,0x000000066bd00000,0x000000066bf80000)
 ParOldGen       total 42496K, used 505K [0x00000003c0000000, 0x00000003c2980000, 0x000000066ab00000)
  object space 42496K, 1% used [0x00000003c0000000,0x00000003c007e450,0x00000003c2980000)
 Metaspace       used 9293K, capacity 9376K, committed 9472K, reserved 1056768K
  class space    used 1220K, capacity 1232K, committed 1280K, reserved 1048576K
Event: 1.023 GC heap after
Heap after GC invocations=2 (full 0):
 PSYoungGen      total 18432K, used 2540K [0x000000066ab00000, 0x000000066bf80000, 0x00000007c0000000)
  eden space 15872K, 0% used [0x000000066ab00000,0x000000066ab00000,0x000000066ba80000)
  from space 2560K, 99% used [0x000000066bd00000,0x000000066bf7b300,0x000000066bf80000)
  to   space 2560K, 0% used [0x000000066ba80000,0x000000066ba80000,0x000000066bd00000)
 ParOldGen       total 42496K, used 1650K [0x00000003c0000000, 0x00000003c2980000, 0x000000066ab00000)
  object space 42496K, 3% used [0x00000003c0000000,0x00000003c019ca10,0x00000003c2980000)
 Metaspace       used 9293K, capacity 9376K, committed 9472K, reserved 1056768K
  class space    used 1220K, capacity 1232K, committed 1280K, reserved 1048576K
}
Event: 1.329 GC heap before
{Heap before GC invocations=3 (full 0):
 PSYoungGen      total 18432K, used 18412K [0x000000066ab00000, 0x000000066bf80000, 0x00000007c0000000)
  eden space 15872K, 100% used [0x000000066ab00000,0x000000066ba80000,0x000000066ba80000)
  from space 2560K, 99% used [0x000000066bd00000,0x000000066bf7b300,0x000000066bf80000)
  to   space 2560K, 0% used [0x000000066ba80000,0x000000066ba80000,0x000000066bd00000)
 ParOldGen       total 42496K, used 1650K [0x00000003c0000000, 0x00000003c2980000, 0x000000066ab00000)
  object space 42496K, 3% used [0x00000003c0000000,0x00000003c019ca10,0x00000003c2980000)
 Metaspace       used 11362K, capacity 11424K, committed 11648K, reserved 1058816K
  class space    used 1531K, capacity 1552K, committed 1664K, reserved 1048576K
Event: 1.333 GC heap after
Heap after GC invocations=3 (full 0):
 PSYoungGen      total 18432K, used 2531K [0x000000066ab00000, 0x000000066bf80000, 0x00000007c0000000)
  eden space 15872K, 0% used [0x000000066ab00000,0x000000066ab00000,0x000000066ba80000)
  from space 2560K, 98% used [0x000000066ba80000,0x000000066bcf8da0,0x000000066bd00000)
  to   space 2560K, 0% used [0x000000066bd00000,0x000000066bd00000,0x000000066bf80000)
 ParOldGen       total 42496K, used 2860K [0x00000003c0000000, 0x00000003c2980000, 0x000000066ab00000)
  object space 42496K, 6% used [0x00000003c0000000,0x00000003c02cb0c0,0x00000003c2980000)
 Metaspace       used 11362K, capacity 11424K, committed 11648K, reserved 1058816K
  class space    used 1531K, capacity 1552K, committed 1664K, reserved 1048576K
}
Event: 1.531 GC heap before
{Heap before GC invocations=4 (full 0):
 PSYoungGen      total 18432K, used 18403K [0x000000066ab00000, 0x000000066bf80000, 0x00000007c0000000)
  eden space 15872K, 100% used [0x000000066ab00000,0x000000066ba80000,0x000000066ba80000)
  from space 2560K, 98% used [0x000000066ba80000,0x000000066bcf8da0,0x000000066bd00000)
  to   space 2560K, 0% used [0x000000066bd00000,0x000000066bd00000,0x000000066bf80000)
 ParOldGen       total 42496K, used 2860K [0x00000003c0000000, 0x00000003c2980000, 0x000000066ab00000)
  object space 42496K, 6% used [0x00000003c0000000,0x00000003c02cb0c0,0x00000003c2980000)
 Metaspace       used 12937K, capacity 13056K, committed 13312K, reserved 1060864K
  class space    used 1728K, capacity 1776K, committed 1792K, reserved 1048576K
Event: 1.535 GC heap after
Heap after GC invocations=4 (full 0):
 PSYoungGen      total 18432K, used 2558K [0x000000066ab00000, 0x000000066cf00000, 0x00000007c0000000)
  eden space 15872K, 0% used [0x000000066ab00000,0x000000066ab00000,0x000000066ba80000)
  from space 2560K, 99% used [0x000000066bd00000,0x000000066bf7fa18,0x000000066bf80000)
  to   space 2560K, 0% used [0x000000066ba80000,0x000000066ba80000,0x000000066bd00000)
 ParOldGen       total 42496K, used 3886K [0x00000003c0000000, 0x00000003c2980000, 0x000000066ab00000)
  object space 42496K, 9% used [0x00000003c0000000,0x00000003c03cbad0,0x00000003c2980000)
 Metaspace       used 12937K, capacity 13056K, committed 13312K, reserved 1060864K
  class space    used 1728K, capacity 1776K, committed 1792K, reserved 1048576K
}
Event: 1.684 GC heap before
{Heap before GC invocations=5 (full 0):
 PSYoungGen      total 18432K, used 18430K [0x000000066ab00000, 0x000000066cf00000, 0x00000007c0000000)
  eden space 15872K, 100% used [0x000000066ab00000,0x000000066ba80000,0x000000066ba80000)
  from space 2560K, 99% used [0x000000066bd00000,0x000000066bf7fa18,0x000000066bf80000)
  to   space 2560K, 0% used [0x000000066ba80000,0x000000066ba80000,0x000000066bd00000)
 ParOldGen       total 42496K, used 3886K [0x00000003c0000000, 0x00000003c2980000, 0x000000066ab00000)
  object space 42496K, 9% used [0x00000003c0000000,0x00000003c03cbad0,0x00000003c2980000)
 Metaspace       used 14350K, capacity 14496K, committed 14848K, reserved 1062912K
  class space    used 1899K, capacity 1936K, committed 2048K, reserved 1048576K
Event: 1.688 GC heap after
Heap after GC invocations=5 (full 0):
 PSYoungGen      total 18432K, used 2542K [0x000000066ab00000, 0x000000066d300000, 0x00000007c0000000)
  eden space 15872K, 0% used [0x000000066ab00000,0x000000066ab00000,0x000000066ba80000)
  from space 2560K, 99% used [0x000000066ba80000,0x000000066bcfba48,0x000000066bd00000)
  to   space 4608K, 0% used [0x000000066ce80000,0x000000066ce80000,0x000000066d300000)
 ParOldGen       total 42496K, used 5249K [0x00000003c0000000, 0x00000003c2980000, 0x000000066ab00000)
  object space 42496K, 12% used [0x00000003c0000000,0x00000003c0520780,0x00000003c2980000)
 Metaspace       used 14350K, capacity 14496K, committed 14848K, reserved 1062912K
  class space    used 1899K, capacity 1936K, committed 2048K, reserved 1048576K
}
Event: 1.987 GC heap before
{Heap before GC invocations=6 (full 0):
 PSYoungGen      total 18432K, used 18414K [0x000000066ab00000, 0x000000066d300000, 0x00000007c0000000)
  eden space 15872K, 100% used [0x000000066ab00000,0x000000066ba80000,0x000000066ba80000)
  from space 2560K, 99% used [0x000000066ba80000,0x000000066bcfba48,0x000000066bd00000)
  to   space 4608K, 0% used [0x000000066ce80000,0x000000066ce80000,0x000000066d300000)
 ParOldGen       total 42496K, used 5249K [0x00000003c0000000, 0x00000003c2980000, 0x000000066ab00000)
  object space 42496K, 12% used [0x00000003c0000000,0x00000003c0520780,0x00000003c2980000)
 Metaspace       used 15266K, capacity 15398K, committed 15616K, reserved 1062912K
  class space    used 1979K, capacity 2001K, committed 2048K, reserved 1048576K
Event: 1.992 GC heap after
Heap after GC invocations=6 (full 0):
 PSYoungGen      total 35840K, used 3603K [0x000000066ab00000, 0x000000066d280000, 0x00000007c0000000)
  eden space 31744K, 0% used [0x000000066ab00000,0x000000066ab00000,0x000000066ca00000)
  from space 4096K, 87% used [0x000000066ce80000,0x000000066d204fc0,0x000000066d280000)
  to   space 4096K, 0% used [0x000000066ca80000,0x000000066ca80000,0x000000066ce80000)
 ParOldGen       total 42496K, used 5257K [0x00000003c0000000, 0x00000003c2980000, 0x000000066ab00000)
  object space 42496K, 12% used [0x00000003c0000000,0x00000003c0522780,0x00000003c2980000)
 Metaspace       used 15266K, capacity 15398K, committed 15616K, reserved 1062912K
  class space    used 1979K, capacity 2001K, committed 2048K, reserved 1048576K
}
Event: 2.295 GC heap before
{Heap before GC invocations=7 (full 0):
 PSYoungGen      total 35840K, used 35347K [0x000000066ab00000, 0x000000066d280000, 0x00000007c0000000)
  eden space 31744K, 100% used [0x000000066ab00000,0x000000066ca00000,0x000000066ca00000)
  from space 4096K, 87% used [0x000000066ce80000,0x000000066d204fc0,0x000000066d280000)
  to   space 4096K, 0% used [0x000000066ca80000,0x000000066ca80000,0x000000066ce80000)
 ParOldGen       total 42496K, used 5257K [0x00000003c0000000, 0x00000003c2980000, 0x000000066ab00000)
  object space 42496K, 12% used [0x00000003c0000000,0x00000003c0522780,0x00000003c2980000)
 Metaspace       used 15616K, capacity 15736K, committed 15872K, reserved 1062912K
  class space    used 1982K, capacity 2004K, committed 2048K, reserved 1048576K
Event: 2.305 GC heap after
Heap after GC invocations=7 (full 0):
 PSYoungGen      total 36352K, used 2736K [0x000000066ab00000, 0x000000066f200000, 0x00000007c0000000)
  eden space 32256K, 0% used [0x000000066ab00000,0x000000066ab00000,0x000000066ca80000)
  from space 4096K, 66% used [0x000000066ca80000,0x000000066cd2c020,0x000000066ce80000)
  to   space 4608K, 0% used [0x000000066ed80000,0x000000066ed80000,0x000000066f200000)
 ParOldGen       total 42496K, used 6810K [0x00000003c0000000, 0x00000003c2980000, 0x000000066ab00000)
  object space 42496K, 16% used [0x00000003c0000000,0x00000003c06a6a18,0x00000003c2980000)
 Metaspace       used 15616K, capacity 15736K, committed 15872K, reserved 1062912K
  class space    used 1982K, capacity 2004K, committed 2048K, reserved 1048576K
}
Event: 2.590 GC heap before
{Heap before GC invocations=8 (full 0):
 PSYoungGen      total 36352K, used 34992K [0x000000066ab00000, 0x000000066f200000, 0x00000007c0000000)
  eden space 32256K, 100% used [0x000000066ab00000,0x000000066ca80000,0x000000066ca80000)
  from space 4096K, 66% used [0x000000066ca80000,0x000000066cd2c020,0x000000066ce80000)
  to   space 4608K, 0% used [0x000000066ed80000,0x000000066ed80000,0x000000066f200000)
 ParOldGen       total 42496K, used 6810K [0x00000003c0000000, 0x00000003c2980000, 0x000000066ab00000)
  object space 42496K, 16% used [0x00000003c0000000,0x00000003c06a6a18,0x00000003c2980000)
 Metaspace       used 15867K, capacity 15928K, committed 16128K, reserved 1062912K
  class space    used 1983K, capacity 2004K, committed 2048K, reserved 1048576K
Event: 2.598 GC heap after
Heap after GC invocations=8 (full 0):
 PSYoungGen      total 68096K, used 2704K [0x000000066ab00000, 0x000000066f300000, 0x00000007c0000000)
  eden space 63488K, 0% used [0x000000066ab00000,0x000000066ab00000,0x000000066e900000)
  from space 4608K, 58% used [0x000000066ed80000,0x000000066f024010,0x000000066f200000)
  to   space 4608K, 0% used [0x000000066e900000,0x000000066e900000,0x000000066ed80000)
 ParOldGen       total 42496K, used 7461K [0x00000003c0000000, 0x00000003c2980000, 0x000000066ab00000)
  object space 42496K, 17% used [0x00000003c0000000,0x00000003c0749788,0x00000003c2980000)
 Metaspace       used 15867K, capacity 15928K, committed 16128K, reserved 1062912K
  class space    used 1983K, capacity 2004K, committed 2048K, reserved 1048576K
}
Event: 3.468 GC heap before
{Heap before GC invocations=9 (full 0):
 PSYoungGen      total 68096K, used 66192K [0x000000066ab00000, 0x000000066f300000, 0x00000007c0000000)
  eden space 63488K, 100% used [0x000000066ab00000,0x000000066e900000,0x000000066e900000)
  from space 4608K, 58% used [0x000000066ed80000,0x000000066f024010,0x000000066f200000)
  to   space 4608K, 0% used [0x000000066e900000,0x000000066e900000,0x000000066ed80000)
 ParOldGen       total 42496K, used 7461K [0x00000003c0000000, 0x00000003c2980000, 0x000000066ab00000)
  object space 42496K, 17% used [0x00000003c0000000,0x00000003c0749788,0x00000003c2980000)
 Metaspace       used 20360K, capacity 20600K, committed 20864K, reserved 1067008K
  class space    used 2591K, capacity 2664K, committed 2688K, reserved 1048576K
Event: 3.475 GC heap after
Heap after GC invocations=9 (full 0):
 PSYoungGen      total 68096K, used 4586K [0x000000066ab00000, 0x0000000671880000, 0x00000007c0000000)
  eden space 63488K, 0% used [0x000000066ab00000,0x000000066ab00000,0x000000066e900000)
  from space 4608K, 99% used [0x000000066e900000,0x000000066ed7a8d0,0x000000066ed80000)
  to   space 5120K, 0% used [0x0000000671380000,0x0000000671380000,0x0000000671880000)
 ParOldGen       total 42496K, used 8616K [0x00000003c0000000, 0x00000003c2980000, 0x000000066ab00000)
  object space 42496K, 20% used [0x00000003c0000000,0x00000003c086a378,0x00000003c2980000)
 Metaspace       used 20360K, capacity 20600K, committed 20864K, reserved 1067008K
  class space    used 2591K, capacity 2664K, committed 2688K, reserved 1048576K
}
Event: 3.564 GC heap before
{Heap before GC invocations=10 (full 0):
 PSYoungGen      total 68096K, used 16580K [0x000000066ab00000, 0x0000000671880000, 0x00000007c0000000)
  eden space 63488K, 18% used [0x000000066ab00000,0x000000066b6b69f8,0x000000066e900000)
  from space 4608K, 99% used [0x000000066e900000,0x000000066ed7a8d0,0x000000066ed80000)
  to   space 5120K, 0% used [0x0000000671380000,0x0000000671380000,0x0000000671880000)
 ParOldGen       total 42496K, used 8616K [0x00000003c0000000, 0x00000003c2980000, 0x000000066ab00000)
  object space 42496K, 20% used [0x00000003c0000000,0x00000003c086a378,0x00000003c2980000)
 Metaspace       used 20907K, capacity 21080K, committed 21248K, reserved 1067008K
  class space    used 2669K, capacity 2760K, committed 2816K, reserved 1048576K
Event: 3.568 GC heap after
Heap after GC invocations=10 (full 0):
 PSYoungGen      total 106496K, used 1833K [0x000000066ab00000, 0x0000000671980000, 0x00000007c0000000)
  eden space 101376K, 0% used [0x000000066ab00000,0x000000066ab00000,0x0000000670e00000)
  from space 5120K, 35% used [0x0000000671380000,0x000000067154a700,0x0000000671880000)
  to   space 5632K, 0% used [0x0000000670e00000,0x0000000670e00000,0x0000000671380000)
 ParOldGen       total 42496K, used 9250K [0x00000003c0000000, 0x00000003c2980000, 0x000000066ab00000)
  object space 42496K, 21% used [0x00000003c0000000,0x00000003c09088f8,0x00000003c2980000)
 Metaspace       used 20907K, capacity 21080K, committed 21248K, reserved 1067008K
  class space    used 2669K, capacity 2760K, committed 2816K, reserved 1048576K
}
Event: 3.568 GC heap before
{Heap before GC invocations=11 (full 1):
 PSYoungGen      total 106496K, used 1833K [0x000000066ab00000, 0x0000000671980000, 0x00000007c0000000)
  eden space 101376K, 0% used [0x000000066ab00000,0x000000066ab00000,0x0000000670e00000)
  from space 5120K, 35% used [0x0000000671380000,0x000000067154a700,0x0000000671880000)
  to   space 5632K, 0% used [0x0000000670e00000,0x0000000670e00000,0x0000000671380000)
 ParOldGen       total 42496K, used 9250K [0x00000003c0000000, 0x00000003c2980000, 0x000000066ab00000)
  object space 42496K, 21% used [0x00000003c0000000,0x00000003c09088f8,0x00000003c2980000)
 Metaspace       used 20907K, capacity 21080K, committed 21248K, reserved 1067008K
  class space    used 2669K, capacity 2760K, committed 2816K, reserved 1048576K
Event: 3.599 GC heap after
Heap after GC invocations=11 (full 1):
 PSYoungGen      total 106496K, used 0K [0x000000066ab00000, 0x0000000671980000, 0x00000007c0000000)
  eden space 101376K, 0% used [0x000000066ab00000,0x000000066ab00000,0x0000000670e00000)
  from space 5120K, 0% used [0x0000000671380000,0x0000000671380000,0x0000000671880000)
  to   space 5632K, 0% used [0x0000000670e00000,0x0000000670e00000,0x0000000671380000)
 ParOldGen       total 27136K, used 4434K [0x00000003c0000000, 0x00000003c1a80000, 0x000000066ab00000)
  object space 27136K, 16% used [0x00000003c0000000,0x00000003c0454a60,0x00000003c1a80000)
 Metaspace       used 20907K, capacity 21080K, committed 21248K, reserved 1067008K
  class space    used 2669K, capacity 2760K, committed 2816K, reserved 1048576K
}
Event: 5.187 GC heap before
{Heap before GC invocations=12 (full 1):
 PSYoungGen      total 106496K, used 101376K [0x000000066ab00000, 0x0000000671980000, 0x00000007c0000000)
  eden space 101376K, 100% used [0x000000066ab00000,0x0000000670e00000,0x0000000670e00000)
  from space 5120K, 0% used [0x0000000671380000,0x0000000671380000,0x0000000671880000)
  to   space 5632K, 0% used [0x0000000670e00000,0x0000000670e00000,0x0000000671380000)
 ParOldGen       total 27136K, used 4434K [0x00000003c0000000, 0x00000003c1a80000, 0x000000066ab00000)
  object space 27136K, 16% used [0x00000003c0000000,0x00000003c0454a60,0x00000003c1a80000)
 Metaspace       used 31066K, capacity 31306K, committed 31616K, reserved 1077248K
  class space    used 4060K, capacity 4139K, committed 4224K, reserved 1048576K
Event: 5.197 GC heap after
Heap after GC invocations=12 (full 1):
 PSYoungGen      total 107008K, used 5619K [0x000000066ab00000, 0x0000000674600000, 0x00000007c0000000)
  eden space 101376K, 0% used [0x000000066ab00000,0x000000066ab00000,0x0000000670e00000)
  from space 5632K, 99% used [0x0000000670e00000,0x000000067137cfc8,0x0000000671380000)
  to   space 7680K, 0% used [0x0000000673e80000,0x0000000673e80000,0x0000000674600000)
 ParOldGen       total 27136K, used 8844K [0x00000003c0000000, 0x00000003c1a80000, 0x000000066ab00000)
  object space 27136K, 32% used [0x00000003c0000000,0x00000003c08a33b8,0x00000003c1a80000)
 Metaspace       used 31066K, capacity 31306K, committed 31616K, reserved 1077248K
  class space    used 4060K, capacity 4139K, committed 4224K, reserved 1048576K
}
Event: 8.442 GC heap before
{Heap before GC invocations=13 (full 1):
 PSYoungGen      total 107008K, used 85254K [0x000000066ab00000, 0x0000000674600000, 0x00000007c0000000)
  eden space 101376K, 78% used [0x000000066ab00000,0x000000066f8c4948,0x0000000670e00000)
  from space 5632K, 99% used [0x0000000670e00000,0x000000067137cfc8,0x0000000671380000)
  to   space 7680K, 0% used [0x0000000673e80000,0x0000000673e80000,0x0000000674600000)
 ParOldGen       total 27136K, used 8844K [0x00000003c0000000, 0x00000003c1a80000, 0x000000066ab00000)
  object space 27136K, 32% used [0x00000003c0000000,0x00000003c08a33b8,0x00000003c1a80000)
 Metaspace       used 34904K, capacity 35122K, committed 35416K, reserved 1079296K
  class space    used 4569K, capacity 4661K, committed 4736K, reserved 1048576K
Event: 8.455 GC heap after
Heap after GC invocations=13 (full 1):
 PSYoungGen      total 146432K, used 5170K [0x000000066ab00000, 0x0000000674400000, 0x00000007c0000000)
  eden space 140800K, 0% used [0x000000066ab00000,0x000000066ab00000,0x0000000673480000)
  from space 5632K, 91% used [0x0000000673e80000,0x000000067438cb10,0x0000000674400000)
  to   space 7680K, 0% used [0x0000000673500000,0x0000000673500000,0x0000000673c80000)
 ParOldGen       total 27136K, used 10657K [0x00000003c0000000, 0x00000003c1a80000, 0x000000066ab00000)
  object space 27136K, 39% used [0x00000003c0000000,0x00000003c0a68780,0x00000003c1a80000)
 Metaspace       used 34904K, capacity 35122K, committed 35416K, reserved 1079296K
  class space    used 4569K, capacity 4661K, committed 4736K, reserved 1048576K
}
Event: 8.455 GC heap before
{Heap before GC invocations=14 (full 2):
 PSYoungGen      total 146432K, used 5170K [0x000000066ab00000, 0x0000000674400000, 0x00000007c0000000)
  eden space 140800K, 0% used [0x000000066ab00000,0x000000066ab00000,0x0000000673480000)
  from space 5632K, 91% used [0x0000000673e80000,0x000000067438cb10,0x0000000674400000)
  to   space 7680K, 0% used [0x0000000673500000,0x0000000673500000,0x0000000673c80000)
 ParOldGen       total 27136K, used 10657K [0x00000003c0000000, 0x00000003c1a80000, 0x000000066ab00000)
  object space 27136K, 39% used [0x00000003c0000000,0x00000003c0a68780,0x00000003c1a80000)
 Metaspace       used 34904K, capacity 35122K, committed 35416K, reserved 1079296K
  class space    used 4569K, capacity 4661K, committed 4736K, reserved 1048576K
Event: 8.506 GC heap after
Heap after GC invocations=14 (full 2):
 PSYoungGen      total 146432K, used 0K [0x000000066ab00000, 0x0000000674400000, 0x00000007c0000000)
  eden space 140800K, 0% used [0x000000066ab00000,0x000000066ab00000,0x0000000673480000)
  from space 5632K, 0% used [0x0000000673e80000,0x0000000673e80000,0x0000000674400000)
  to   space 7680K, 0% used [0x0000000673500000,0x0000000673500000,0x0000000673c80000)
 ParOldGen       total 42496K, used 10541K [0x00000003c0000000, 0x00000003c2980000, 0x000000066ab00000)
  object space 42496K, 24% used [0x00000003c0000000,0x00000003c0a4b678,0x00000003c2980000)
 Metaspace       used 34904K, capacity 35122K, committed 35416K, reserved 1079296K
  class space    used 4569K, capacity 4661K, committed 4736K, reserved 1048576K
}
Event: 10.546 GC heap before
{Heap before GC invocations=15 (full 2):
 PSYoungGen      total 146432K, used 140800K [0x000000066ab00000, 0x0000000674400000, 0x00000007c0000000)
  eden space 140800K, 100% used [0x000000066ab00000,0x0000000673480000,0x0000000673480000)
  from space 5632K, 0% used [0x0000000673e80000,0x0000000673e80000,0x0000000674400000)
  to   space 7680K, 0% used [0x0000000673500000,0x0000000673500000,0x0000000673c80000)
 ParOldGen       total 42496K, used 10541K [0x00000003c0000000, 0x00000003c2980000, 0x000000066ab00000)
  object space 42496K, 24% used [0x00000003c0000000,0x00000003c0a4b678,0x00000003c2980000)
 Metaspace       used 48610K, capacity 48936K, committed 49240K, reserved 1091584K
  class space    used 6680K, capacity 6781K, committed 6784K, reserved 1048576K
Event: 10.572 GC heap after
Heap after GC invocations=15 (full 2):
 PSYoungGen      total 148992K, used 7670K [0x000000066ab00000, 0x0000000677e80000, 0x00000007c0000000)
  eden space 141312K, 0% used [0x000000066ab00000,0x000000066ab00000,0x0000000673500000)
  from space 7680K, 99% used [0x0000000673500000,0x0000000673c7db88,0x0000000673c80000)
  to   space 12288K, 0% used [0x0000000677280000,0x0000000677280000,0x0000000677e80000)
 ParOldGen       total 42496K, used 20085K [0x00000003c0000000, 0x00000003c2980000, 0x000000066ab00000)
  object space 42496K, 47% used [0x00000003c0000000,0x00000003c139d718,0x00000003c2980000)
 Metaspace       used 48610K, capacity 48936K, committed 49240K, reserved 1091584K
  class space    used 6680K, capacity 6781K, committed 6784K, reserved 1048576K
}
Event: 15.190 GC heap before
{Heap before GC invocations=16 (full 2):
 PSYoungGen      total 148992K, used 148982K [0x000000066ab00000, 0x0000000677e80000, 0x00000007c0000000)
  eden space 141312K, 100% used [0x000000066ab00000,0x0000000673500000,0x0000000673500000)
  from space 7680K, 99% used [0x0000000673500000,0x0000000673c7db88,0x0000000673c80000)
  to   space 12288K, 0% used [0x0000000677280000,0x0000000677280000,0x0000000677e80000)
 ParOldGen       total 42496K, used 20085K [0x00000003c0000000, 0x00000003c2980000, 0x000000066ab00000)
  object space 42496K, 47% used [0x00000003c0000000,0x00000003c139d718,0x00000003c2980000)
 Metaspace       used 55090K, capacity 55548K, committed 56024K, reserved 1097728K
  class space    used 7701K, capacity 7819K, committed 7936K, reserved 1048576K
Event: 15.217 GC heap after
Heap after GC invocations=16 (full 2):
 PSYoungGen      total 199168K, used 7694K [0x000000066ab00000, 0x0000000677c00000, 0x00000007c0000000)
  eden space 189440K, 0% used [0x000000066ab00000,0x000000066ab00000,0x0000000676400000)
  from space 9728K, 79% used [0x0000000677280000,0x0000000677a03878,0x0000000677c00000)
  to   space 12288K, 0% used [0x0000000676400000,0x0000000676400000,0x0000000677000000)
 ParOldGen       total 59392K, used 57731K [0x00000003c0000000, 0x00000003c3a00000, 0x000000066ab00000)
  object space 59392K, 97% used [0x00000003c0000000,0x00000003c3860c30,0x00000003c3a00000)
 Metaspace       used 55090K, capacity 55548K, committed 56024K, reserved 1097728K
  class space    used 7701K, capacity 7819K, committed 7936K, reserved 1048576K
}
Event: 15.217 GC heap before
{Heap before GC invocations=17 (full 3):
 PSYoungGen      total 199168K, used 7694K [0x000000066ab00000, 0x0000000677c00000, 0x00000007c0000000)
  eden space 189440K, 0% used [0x000000066ab00000,0x000000066ab00000,0x0000000676400000)
  from space 9728K, 79% used [0x0000000677280000,0x0000000677a03878,0x0000000677c00000)
  to   space 12288K, 0% used [0x0000000676400000,0x0000000676400000,0x0000000677000000)
 ParOldGen       total 59392K, used 57731K [0x00000003c0000000, 0x00000003c3a00000, 0x000000066ab00000)
  object space 59392K, 97% used [0x00000003c0000000,0x00000003c3860c30,0x00000003c3a00000)
 Metaspace       used 55090K, capacity 55548K, committed 56024K, reserved 1097728K
  class space    used 7701K, capacity 7819K, committed 7936K, reserved 1048576K
Event: 15.299 GC heap after
Heap after GC invocations=17 (full 3):
 PSYoungGen      total 199168K, used 0K [0x000000066ab00000, 0x0000000677c00000, 0x00000007c0000000)
  eden space 189440K, 0% used [0x000000066ab00000,0x000000066ab00000,0x0000000676400000)
  from space 9728K, 0% used [0x0000000677280000,0x0000000677280000,0x0000000677c00000)
  to   space 12288K, 0% used [0x0000000676400000,0x0000000676400000,0x0000000677000000)
 ParOldGen       total 107008K, used 51185K [0x00000003c0000000, 0x00000003c6880000, 0x000000066ab00000)
  object space 107008K, 47% used [0x00000003c0000000,0x00000003c31fc600,0x00000003c6880000)
 Metaspace       used 55087K, capacity 55542K, committed 56024K, reserved 1097728K
  class space    used 7700K, capacity 7818K, committed 7936K, reserved 1048576K
}
Event: 17.579 GC heap before
{Heap before GC invocations=18 (full 3):
 PSYoungGen      total 199168K, used 187565K [0x000000066ab00000, 0x0000000677c00000, 0x00000007c0000000)
  eden space 189440K, 99% used [0x000000066ab00000,0x000000067622b488,0x0000000676400000)
  from space 9728K, 0% used [0x0000000677280000,0x0000000677280000,0x0000000677c00000)
  to   space 12288K, 0% used [0x0000000676400000,0x0000000676400000,0x0000000677000000)
 ParOldGen       total 107008K, used 51185K [0x00000003c0000000, 0x00000003c6880000, 0x000000066ab00000)
  object space 107008K, 47% used [0x00000003c0000000,0x00000003c31fc600,0x00000003c6880000)
 Metaspace       used 74248K, capacity 74786K, committed 74840K, reserved 1114112K
  class space    used 10689K, capacity 10840K, committed 10880K, reserved 1048576K
Event: 17.610 GC heap after
Heap after GC invocations=18 (full 3):
 PSYoungGen      total 201728K, used 12269K [0x000000066ab00000, 0x000000067c380000, 0x00000007c0000000)
  eden space 189440K, 0% used [0x000000066ab00000,0x000000066ab00000,0x0000000676400000)
  from space 12288K, 99% used [0x0000000676400000,0x0000000676ffb620,0x0000000677000000)
  to   space 17920K, 0% used [0x000000067b200000,0x000000067b200000,0x000000067c380000)
 ParOldGen       total 107008K, used 61588K [0x00000003c0000000, 0x00000003c6880000, 0x000000066ab00000)
  object space 107008K, 57% used [0x00000003c0000000,0x00000003c3c25230,0x00000003c6880000)
 Metaspace       used 74248K, capacity 74786K, committed 74840K, reserved 1114112K
  class space    used 10689K, capacity 10840K, committed 10880K, reserved 1048576K
}
Event: 19.818 GC heap before
{Heap before GC invocations=19 (full 3):
 PSYoungGen      total 201728K, used 201709K [0x000000066ab00000, 0x000000067c380000, 0x00000007c0000000)
  eden space 189440K, 100% used [0x000000066ab00000,0x0000000676400000,0x0000000676400000)
  from space 12288K, 99% used [0x0000000676400000,0x0000000676ffb620,0x0000000677000000)
  to   space 17920K, 0% used [0x000000067b200000,0x000000067b200000,0x000000067c380000)
 ParOldGen       total 107008K, used 61588K [0x00000003c0000000, 0x00000003c6880000, 0x000000066ab00000)
  object space 107008K, 57% used [0x00000003c0000000,0x00000003c3c25230,0x00000003c6880000)
 Metaspace       used 76817K, capacity 77360K, committed 77528K, reserved 1116160K
  class space    used 11002K, capacity 11146K, committed 11264K, reserved 1048576K
Event: 19.832 GC heap after
Heap after GC invocations=19 (full 3):
 PSYoungGen      total 262144K, used 3334K [0x000000066ab00000, 0x000000067c000000, 0x00000007c0000000)
  eden space 247808K, 0% used [0x000000066ab00000,0x000000066ab00000,0x0000000679d00000)
  from space 14336K, 23% used [0x000000067b200000,0x000000067b541808,0x000000067c000000)
  to   space 17920K, 0% used [0x0000000679d00000,0x0000000679d00000,0x000000067ae80000)
 ParOldGen       total 107008K, used 67907K [0x00000003c0000000, 0x00000003c6880000, 0x000000066ab00000)
  object space 107008K, 63% used [0x00000003c0000000,0x00000003c4250ef0,0x00000003c6880000)
 Metaspace       used 76817K, capacity 77360K, committed 77528K, reserved 1116160K
  class space    used 11002K, capacity 11146K, committed 11264K, reserved 1048576K
}
Event: 21.119 GC heap before
{Heap before GC invocations=20 (full 3):
 PSYoungGen      total 262144K, used 198948K [0x000000066ab00000, 0x000000067c000000, 0x00000007c0000000)
  eden space 247808K, 78% used [0x000000066ab00000,0x0000000676a07810,0x0000000679d00000)
  from space 14336K, 23% used [0x000000067b200000,0x000000067b541808,0x000000067c000000)
  to   space 17920K, 0% used [0x0000000679d00000,0x0000000679d00000,0x000000067ae80000)
 ParOldGen       total 107008K, used 67907K [0x00000003c0000000, 0x00000003c6880000, 0x000000066ab00000)
  object space 107008K, 63% used [0x00000003c0000000,0x00000003c4250ef0,0x00000003c6880000)
 Metaspace       used 78225K, capacity 78886K, committed 78936K, reserved 1116160K
  class space    used 11211K, capacity 11383K, committed 11392K, reserved 1048576K
Event: 21.172 GC heap after
Heap after GC invocations=20 (full 3):
 PSYoungGen      total 265728K, used 17271K [0x000000066ab00000, 0x0000000680280000, 0x00000007c0000000)
  eden space 247808K, 0% used [0x000000066ab00000,0x000000066ab00000,0x0000000679d00000)
  from space 17920K, 96% used [0x0000000679d00000,0x000000067adddef0,0x000000067ae80000)
  to   space 20480K, 0% used [0x000000067ee80000,0x000000067ee80000,0x0000000680280000)
 ParOldGen       total 155648K, used 151618K [0x00000003c0000000, 0x00000003c9800000, 0x000000066ab00000)
  object space 155648K, 97% used [0x00000003c0000000,0x00000003c94108e8,0x00000003c9800000)
 Metaspace       used 78225K, capacity 78886K, committed 78936K, reserved 1116160K
  class space    used 11211K, capacity 11383K, committed 11392K, reserved 1048576K
}
Event: 21.172 GC heap before
{Heap before GC invocations=21 (full 4):
 PSYoungGen      total 265728K, used 17271K [0x000000066ab00000, 0x0000000680280000, 0x00000007c0000000)
  eden space 247808K, 0% used [0x000000066ab00000,0x000000066ab00000,0x0000000679d00000)
  from space 17920K, 96% used [0x0000000679d00000,0x000000067adddef0,0x000000067ae80000)
  to   space 20480K, 0% used [0x000000067ee80000,0x000000067ee80000,0x0000000680280000)
 ParOldGen       total 155648K, used 151618K [0x00000003c0000000, 0x00000003c9800000, 0x000000066ab00000)
  object space 155648K, 97% used [0x00000003c0000000,0x00000003c94108e8,0x00000003c9800000)
 Metaspace       used 78225K, capacity 78886K, committed 78936K, reserved 1116160K
  class space    used 11211K, capacity 11383K, committed 11392K, reserved 1048576K
Event: 21.268 GC heap after
Heap after GC invocations=21 (full 4):
 PSYoungGen      total 265728K, used 0K [0x000000066ab00000, 0x0000000680280000, 0x00000007c0000000)
  eden space 247808K, 0% used [0x000000066ab00000,0x000000066ab00000,0x0000000679d00000)
  from space 17920K, 0% used [0x0000000679d00000,0x0000000679d00000,0x000000067ae80000)
  to   space 20480K, 0% used [0x000000067ee80000,0x000000067ee80000,0x0000000680280000)
 ParOldGen       total 208896K, used 117168K [0x00000003c0000000, 0x00000003ccc00000, 0x000000066ab00000)
  object space 208896K, 56% used [0x00000003c0000000,0x00000003c726c1e8,0x00000003ccc00000)
 Metaspace       used 78218K, capacity 78874K, committed 78936K, reserved 1116160K
  class space    used 11210K, capacity 11381K, committed 11392K, reserved 1048576K
}
Event: 22.559 GC heap before
{Heap before GC invocations=22 (full 4):
 PSYoungGen      total 265728K, used 247576K [0x000000066ab00000, 0x0000000680280000, 0x00000007c0000000)
  eden space 247808K, 99% used [0x000000066ab00000,0x0000000679cc6130,0x0000000679d00000)
  from space 17920K, 0% used [0x0000000679d00000,0x0000000679d00000,0x000000067ae80000)
  to   space 20480K, 0% used [0x000000067ee80000,0x000000067ee80000,0x0000000680280000)
 ParOldGen       total 208896K, used 117168K [0x00000003c0000000, 0x00000003ccc00000, 0x000000066ab00000)
  object space 208896K, 56% used [0x00000003c0000000,0x00000003c726c1e8,0x00000003ccc00000)
 Metaspace       used 80538K, capacity 81344K, committed 81624K, reserved 1120256K
  class space    used 11537K, capacity 11715K, committed 11776K, reserved 1048576K
Event: 22.630 GC heap after
Heap after GC invocations=22 (full 4):
 PSYoungGen      total 330240K, used 13548K [0x000000066ab00000, 0x0000000680980000, 0x00000007c0000000)
  eden space 309760K, 0% used [0x000000066ab00000,0x000000066ab00000,0x000000067d980000)
  from space 20480K, 66% used [0x000000067ee80000,0x000000067fbbb240,0x0000000680280000)
  to   space 21504K, 0% used [0x000000067d980000,0x000000067d980000,0x000000067ee80000)
 ParOldGen       total 340992K, used 283329K [0x00000003c0000000, 0x00000003d4d00000, 0x000000066ab00000)
  object space 340992K, 83% used [0x00000003c0000000,0x00000003d14b0408,0x00000003d4d00000)
 Metaspace       used 80538K, capacity 81344K, committed 81624K, reserved 1120256K
  class space    used 11537K, capacity 11715K, committed 11776K, reserved 1048576K
}
Event: 22.630 GC heap before
{Heap before GC invocations=23 (full 5):
 PSYoungGen      total 330240K, used 13548K [0x000000066ab00000, 0x0000000680980000, 0x00000007c0000000)
  eden space 309760K, 0% used [0x000000066ab00000,0x000000066ab00000,0x000000067d980000)
  from space 20480K, 66% used [0x000000067ee80000,0x000000067fbbb240,0x0000000680280000)
  to   space 21504K, 0% used [0x000000067d980000,0x000000067d980000,0x000000067ee80000)
 ParOldGen       total 340992K, used 283329K [0x00000003c0000000, 0x00000003d4d00000, 0x000000066ab00000)
  object space 340992K, 83% used [0x00000003c0000000,0x00000003d14b0408,0x00000003d4d00000)
 Metaspace       used 80538K, capacity 81344K, committed 81624K, reserved 1120256K
  class space    used 11537K, capacity 11715K, committed 11776K, reserved 1048576K
Event: 22.725 GC heap after
Heap after GC invocations=23 (full 5):
 PSYoungGen      total 330240K, used 0K [0x000000066ab00000, 0x0000000680980000, 0x00000007c0000000)
  eden space 309760K, 0% used [0x000000066ab00000,0x000000066ab00000,0x000000067d980000)
  from space 20480K, 0% used [0x000000067ee80000,0x000000067ee80000,0x0000000680280000)
  to   space 21504K, 0% used [0x000000067d980000,0x000000067d980000,0x000000067ee80000)
 ParOldGen       total 320512K, used 166393K [0x00000003c0000000, 0x00000003d3900000, 0x000000066ab00000)
  object space 320512K, 51% used [0x00000003c0000000,0x00000003ca27e6a0,0x00000003d3900000)
 Metaspace       used 80538K, capacity 81344K, committed 81624K, reserved 1120256K
  class space    used 11537K, capacity 11715K, committed 11776K, reserved 1048576K
}
Event: 23.148 GC heap before
{Heap before GC invocations=24 (full 5):
 PSYoungGen      total 330240K, used 309636K [0x000000066ab00000, 0x0000000680980000, 0x00000007c0000000)
  eden space 309760K, 99% used [0x000000066ab00000,0x000000067d961278,0x000000067d980000)
  from space 20480K, 0% used [0x000000067ee80000,0x000000067ee80000,0x0000000680280000)
  to   space 21504K, 0% used [0x000000067d980000,0x000000067d980000,0x000000067ee80000)
 ParOldGen       total 320512K, used 166393K [0x00000003c0000000, 0x00000003d3900000, 0x000000066ab00000)
  object space 320512K, 51% used [0x00000003c0000000,0x00000003ca27e6a0,0x00000003d3900000)
 Metaspace       used 80765K, capacity 81568K, committed 81624K, reserved 1120256K
  class space    used 11546K, capacity 11747K, committed 11776K, reserved 1048576K
Event: 23.220 GC heap after
Heap after GC invocations=24 (full 5):
 PSYoungGen      total 331264K, used 20467K [0x000000066ab00000, 0x0000000685a00000, 0x00000007c0000000)
  eden space 309760K, 0% used [0x000000066ab00000,0x000000066ab00000,0x000000067d980000)
  from space 21504K, 95% used [0x000000067d980000,0x000000067ed7cc08,0x000000067ee80000)
  to   space 24576K, 0% used [0x0000000684200000,0x0000000684200000,0x0000000685a00000)
 ParOldGen       total 320512K, used 310345K [0x00000003c0000000, 0x00000003d3900000, 0x000000066ab00000)
  object space 320512K, 96% used [0x00000003c0000000,0x00000003d2f125a0,0x00000003d3900000)
 Metaspace       used 80765K, capacity 81568K, committed 81624K, reserved 1120256K
  class space    used 11546K, capacity 11747K, committed 11776K, reserved 1048576K
}
Event: 23.220 GC heap before
{Heap before GC invocations=25 (full 6):
 PSYoungGen      total 331264K, used 20467K [0x000000066ab00000, 0x0000000685a00000, 0x00000007c0000000)
  eden space 309760K, 0% used [0x000000066ab00000,0x000000066ab00000,0x000000067d980000)
  from space 21504K, 95% used [0x000000067d980000,0x000000067ed7cc08,0x000000067ee80000)
  to   space 24576K, 0% used [0x0000000684200000,0x0000000684200000,0x0000000685a00000)
 ParOldGen       total 320512K, used 310345K [0x00000003c0000000, 0x00000003d3900000, 0x000000066ab00000)
  object space 320512K, 96% used [0x00000003c0000000,0x00000003d2f125a0,0x00000003d3900000)
 Metaspace       used 80765K, capacity 81568K, committed 81624K, reserved 1120256K
  class space    used 11546K, capacity 11747K, committed 11776K, reserved 1048576K
Event: 23.378 GC heap after
Heap after GC invocations=25 (full 6):
 PSYoungGen      total 331264K, used 0K [0x000000066ab00000, 0x0000000685a00000, 0x00000007c0000000)
  eden space 309760K, 0% used [0x000000066ab00000,0x000000066ab00000,0x000000067d980000)
  from space 21504K, 0% used [0x000000067d980000,0x000000067d980000,0x000000067ee80000)
  to   space 24576K, 0% used [0x0000000684200000,0x0000000684200000,0x0000000685a00000)
 ParOldGen       total 460800K, used 256906K [0x00000003c0000000, 0x00000003dc200000, 0x000000066ab00000)
  object space 460800K, 55% used [0x00000003c0000000,0x00000003cfae2be8,0x00000003dc200000)
 Metaspace       used 80765K, capacity 81568K, committed 81624K, reserved 1120256K
  class space    used 11546K, capacity 11747K, committed 11776K, reserved 1048576K
}
Event: 24.018 GC heap before
{Heap before GC invocations=26 (full 6):
 PSYoungGen      total 331264K, used 309760K [0x000000066ab00000, 0x0000000685a00000, 0x00000007c0000000)
  eden space 309760K, 100% used [0x000000066ab00000,0x000000067d980000,0x000000067d980000)
  from space 21504K, 0% used [0x000000067d980000,0x000000067d980000,0x000000067ee80000)
  to   space 24576K, 0% used [0x0000000684200000,0x0000000684200000,0x0000000685a00000)
 ParOldGen       total 460800K, used 256906K [0x00000003c0000000, 0x00000003dc200000, 0x000000066ab00000)
  object space 460800K, 55% used [0x00000003c0000000,0x00000003cfae2be8,0x00000003dc200000)
 Metaspace       used 80828K, capacity 81636K, committed 81880K, reserved 1120256K
  class space    used 11546K, capacity 11747K, committed 11776K, reserved 1048576K
Event: 24.048 GC heap after
Heap after GC invocations=26 (full 6):
 PSYoungGen      total 362496K, used 6675K [0x000000066ab00000, 0x0000000684900000, 0x00000007c0000000)
  eden space 355328K, 0% used [0x000000066ab00000,0x000000066ab00000,0x0000000680600000)
  from space 7168K, 93% used [0x0000000684200000,0x0000000684884fd8,0x0000000684900000)
  to   space 23552K, 0% used [0x0000000681b00000,0x0000000681b00000,0x0000000683200000)
 ParOldGen       total 460800K, used 256914K [0x00000003c0000000, 0x00000003dc200000, 0x000000066ab00000)
  object space 460800K, 55% used [0x00000003c0000000,0x00000003cfae4be8,0x00000003dc200000)
 Metaspace       used 80828K, capacity 81636K, committed 81880K, reserved 1120256K
  class space    used 11546K, capacity 11747K, committed 11776K, reserved 1048576K
}
Event: 24.812 GC heap before
{Heap before GC invocations=27 (full 6):
 PSYoungGen      total 362496K, used 362003K [0x000000066ab00000, 0x0000000684900000, 0x00000007c0000000)
  eden space 355328K, 100% used [0x000000066ab00000,0x0000000680600000,0x0000000680600000)
  from space 7168K, 93% used [0x0000000684200000,0x0000000684884fd8,0x0000000684900000)
  to   space 23552K, 0% used [0x0000000681b00000,0x0000000681b00000,0x0000000683200000)
 ParOldGen       total 460800K, used 256914K [0x00000003c0000000, 0x00000003dc200000, 0x000000066ab00000)
  object space 460800K, 55% used [0x00000003c0000000,0x00000003cfae4be8,0x00000003dc200000)
 Metaspace       used 80922K, capacity 81700K, committed 81880K, reserved 1120256K
  class space    used 11563K, capacity 11747K, committed 11776K, reserved 1048576K
Event: 24.852 GC heap after
Heap after GC invocations=27 (full 6):
 PSYoungGen      total 400384K, used 9477K [0x000000066ab00000, 0x0000000686500000, 0x00000007c0000000)
  eden space 376832K, 0% used [0x000000066ab00000,0x000000066ab00000,0x0000000681b00000)
  from space 23552K, 40% used [0x0000000681b00000,0x0000000682441448,0x0000000683200000)
  to   space 22016K, 0% used [0x0000000684f80000,0x0000000684f80000,0x0000000686500000)
 ParOldGen       total 460800K, used 256914K [0x00000003c0000000, 0x00000003dc200000, 0x000000066ab00000)
  object space 460800K, 55% used [0x00000003c0000000,0x00000003cfae4be8,0x00000003dc200000)
 Metaspace       used 80922K, capacity 81700K, committed 81880K, reserved 1120256K
  class space    used 11563K, capacity 11747K, committed 11776K, reserved 1048576K
}
Event: 25.528 GC heap before
{Heap before GC invocations=28 (full 6):
 PSYoungGen      total 400384K, used 386309K [0x000000066ab00000, 0x0000000686500000, 0x00000007c0000000)
  eden space 376832K, 100% used [0x000000066ab00000,0x0000000681b00000,0x0000000681b00000)
  from space 23552K, 40% used [0x0000000681b00000,0x0000000682441448,0x0000000683200000)
  to   space 22016K, 0% used [0x0000000684f80000,0x0000000684f80000,0x0000000686500000)
 ParOldGen       total 460800K, used 256914K [0x00000003c0000000, 0x00000003dc200000, 0x000000066ab00000)
  object space 460800K, 55% used [0x00000003c0000000,0x00000003cfae4be8,0x00000003dc200000)
 Metaspace       used 80923K, capacity 81700K, committed 81880K, reserved 1120256K
  class space    used 11563K, capacity 11747K, committed 11776K, reserved 1048576K
Event: 25.572 GC heap after
Heap after GC invocations=28 (full 6):
 PSYoungGen      total 430080K, used 13644K [0x000000066ab00000, 0x0000000688080000, 0x00000007c0000000)
  eden space 408064K, 0% used [0x000000066ab00000,0x000000066ab00000,0x0000000683980000)
  from space 22016K, 61% used [0x0000000684f80000,0x0000000685cd3018,0x0000000686500000)
  to   space 22528K, 0% used [0x0000000683980000,0x0000000683980000,0x0000000684f80000)
 ParOldGen       total 460800K, used 256914K [0x00000003c0000000, 0x00000003dc200000, 0x000000066ab00000)
  object space 460800K, 55% used [0x00000003c0000000,0x00000003cfae4be8,0x00000003dc200000)
 Metaspace       used 80923K, capacity 81700K, committed 81880K, reserved 1120256K
  class space    used 11563K, capacity 11747K, committed 11776K, reserved 1048576K
}
Event: 26.141 GC heap before
{Heap before GC invocations=29 (full 6):
 PSYoungGen      total 430080K, used 421708K [0x000000066ab00000, 0x0000000688080000, 0x00000007c0000000)
  eden space 408064K, 100% used [0x000000066ab00000,0x0000000683980000,0x0000000683980000)
  from space 22016K, 61% used [0x0000000684f80000,0x0000000685cd3018,0x0000000686500000)
  to   space 22528K, 0% used [0x0000000683980000,0x0000000683980000,0x0000000684f80000)
 ParOldGen       total 460800K, used 256914K [0x00000003c0000000, 0x00000003dc200000, 0x000000066ab00000)
  object space 460800K, 55% used [0x00000003c0000000,0x00000003cfae4be8,0x00000003dc200000)
 Metaspace       used 80929K, capacity 81700K, committed 81880K, reserved 1120256K
  class space    used 11563K, capacity 11747K, committed 11776K, reserved 1048576K
Event: 26.187 GC heap after
Heap after GC invocations=29 (full 6):
 PSYoungGen      total 430592K, used 14182K [0x000000066ab00000, 0x000000068a980000, 0x00000007c0000000)
  eden space 408064K, 0% used [0x000000066ab00000,0x000000066ab00000,0x0000000683980000)
  from space 22528K, 62% used [0x0000000683980000,0x0000000684759828,0x0000000684f80000)
  to   space 23040K, 0% used [0x0000000689300000,0x0000000689300000,0x000000068a980000)
 ParOldGen       total 460800K, used 256914K [0x00000003c0000000, 0x00000003dc200000, 0x000000066ab00000)
  object space 460800K, 55% used [0x00000003c0000000,0x00000003cfae4be8,0x00000003dc200000)
 Metaspace       used 80929K, capacity 81700K, committed 81880K, reserved 1120256K
  class space    used 11563K, capacity 11747K, committed 11776K, reserved 1048576K
}
Event: 26.763 GC heap before
{Heap before GC invocations=30 (full 6):
 PSYoungGen      total 430592K, used 422246K [0x000000066ab00000, 0x000000068a980000, 0x00000007c0000000)
  eden space 408064K, 100% used [0x000000066ab00000,0x0000000683980000,0x0000000683980000)
  from space 22528K, 62% used [0x0000000683980000,0x0000000684759828,0x0000000684f80000)
  to   space 23040K, 0% used [0x0000000689300000,0x0000000689300000,0x000000068a980000)
 ParOldGen       total 460800K, used 256914K [0x00000003c0000000, 0x00000003dc200000, 0x000000066ab00000)
  object space 460800K, 55% used [0x00000003c0000000,0x00000003cfae4be8,0x00000003dc200000)
 Metaspace       used 80929K, capacity 81700K, committed 81880K, reserved 1120256K
  class space    used 11563K, capacity 11747K, committed 11776K, reserved 1048576K
Event: 26.802 GC heap after
Heap after GC invocations=30 (full 6):
 PSYoungGen      total 499200K, used 15531K [0x000000066ab00000, 0x000000068ab80000, 0x00000007c0000000)
  eden space 476160K, 0% used [0x000000066ab00000,0x000000066ab00000,0x0000000687c00000)
  from space 23040K, 67% used [0x0000000689300000,0x000000068a22aee0,0x000000068a980000)
  to   space 23552K, 0% used [0x0000000687c00000,0x0000000687c00000,0x0000000689300000)
 ParOldGen       total 460800K, used 256914K [0x00000003c0000000, 0x00000003dc200000, 0x000000066ab00000)
  object space 460800K, 55% used [0x00000003c0000000,0x00000003cfae4be8,0x00000003dc200000)
 Metaspace       used 80929K, capacity 81700K, committed 81880K, reserved 1120256K
  class space    used 11563K, capacity 11747K, committed 11776K, reserved 1048576K
}
Event: 27.466 GC heap before
{Heap before GC invocations=31 (full 6):
 PSYoungGen      total 499200K, used 491691K [0x000000066ab00000, 0x000000068ab80000, 0x00000007c0000000)
  eden space 476160K, 100% used [0x000000066ab00000,0x0000000687c00000,0x0000000687c00000)
  from space 23040K, 67% used [0x0000000689300000,0x000000068a22aee0,0x000000068a980000)
  to   space 23552K, 0% used [0x0000000687c00000,0x0000000687c00000,0x0000000689300000)
 ParOldGen       total 460800K, used 256914K [0x00000003c0000000, 0x00000003dc200000, 0x000000066ab00000)
  object space 460800K, 55% used [0x00000003c0000000,0x00000003cfae4be8,0x00000003dc200000)
 Metaspace       used 80935K, capacity 81764K, committed 81880K, reserved 1120256K
  class space    used 11563K, capacity 11747K, committed 11776K, reserved 1048576K
Event: 27.524 GC heap after
Heap after GC invocations=31 (full 6):
 PSYoungGen      total 499712K, used 17048K [0x000000066ab00000, 0x000000068ea80000, 0x00000007c0000000)
  eden space 476160K, 0% used [0x000000066ab00000,0x000000066ab00000,0x0000000687c00000)
  from space 23552K, 72% used [0x0000000687c00000,0x0000000688ca6120,0x0000000689300000)
  to   space 24576K, 0% used [0x000000068d280000,0x000000068d280000,0x000000068ea80000)
 ParOldGen       total 460800K, used 256914K [0x00000003c0000000, 0x00000003dc200000, 0x000000066ab00000)
  object space 460800K, 55% used [0x00000003c0000000,0x00000003cfae4be8,0x00000003dc200000)
 Metaspace       used 80935K, capacity 81764K, committed 81880K, reserved 1120256K
  class space    used 11563K, capacity 11747K, committed 11776K, reserved 1048576K
}
Event: 28.235 GC heap before
{Heap before GC invocations=32 (full 6):
 PSYoungGen      total 499712K, used 493208K [0x000000066ab00000, 0x000000068ea80000, 0x00000007c0000000)
  eden space 476160K, 100% used [0x000000066ab00000,0x0000000687c00000,0x0000000687c00000)
  from space 23552K, 72% used [0x0000000687c00000,0x0000000688ca6120,0x0000000689300000)
  to   space 24576K, 0% used [0x000000068d280000,0x000000068d280000,0x000000068ea80000)
 ParOldGen       total 460800K, used 256914K [0x00000003c0000000, 0x00000003dc200000, 0x000000066ab00000)
  object space 460800K, 55% used [0x00000003c0000000,0x00000003cfae4be8,0x00000003dc200000)
 Metaspace       used 80940K, capacity 81764K, committed 81880K, reserved 1120256K
  class space    used 11563K, capacity 11747K, committed 11776K, reserved 1048576K
Event: 28.270 GC heap after
Heap after GC invocations=32 (full 6):
 PSYoungGen      total 561664K, used 17283K [0x000000066ab00000, 0x000000068ea00000, 0x00000007c0000000)
  eden space 537600K, 0% used [0x000000066ab00000,0x000000066ab00000,0x000000068b800000)
  from space 24064K, 71% used [0x000000068d280000,0x000000068e360e58,0x000000068ea00000)
  to   space 25600K, 0% used [0x000000068b800000,0x000000068b800000,0x000000068d100000)
 ParOldGen       total 460800K, used 256914K [0x00000003c0000000, 0x00000003dc200000, 0x000000066ab00000)
  object space 460800K, 55% used [0x00000003c0000000,0x00000003cfae4be8,0x00000003dc200000)
 Metaspace       used 80940K, capacity 81764K, committed 81880K, reserved 1120256K
  class space    used 11563K, capacity 11747K, committed 11776K, reserved 1048576K
}
Event: 29.139 GC heap before
{Heap before GC invocations=33 (full 6):
 PSYoungGen      total 561664K, used 554883K [0x000000066ab00000, 0x000000068ea00000, 0x00000007c0000000)
  eden space 537600K, 100% used [0x000000066ab00000,0x000000068b800000,0x000000068b800000)
  from space 24064K, 71% used [0x000000068d280000,0x000000068e360e58,0x000000068ea00000)
  to   space 25600K, 0% used [0x000000068b800000,0x000000068b800000,0x000000068d100000)
 ParOldGen       total 460800K, used 256914K [0x00000003c0000000, 0x00000003dc200000, 0x000000066ab00000)
  object space 460800K, 55% used [0x00000003c0000000,0x00000003cfae4be8,0x00000003dc200000)
 Metaspace       used 80946K, capacity 81764K, committed 81880K, reserved 1120256K
  class space    used 11563K, capacity 11747K, committed 11776K, reserved 1048576K
Event: 29.192 GC heap after
Heap after GC invocations=33 (full 6):
 PSYoungGen      total 563200K, used 17784K [0x000000066ab00000, 0x0000000692e80000, 0x00000007c0000000)
  eden space 537600K, 0% used [0x000000066ab00000,0x000000066ab00000,0x000000068b800000)
  from space 25600K, 69% used [0x000000068b800000,0x000000068c95e1b8,0x000000068d100000)
  to   space 26112K, 0% used [0x0000000691500000,0x0000000691500000,0x0000000692e80000)
 ParOldGen       total 460800K, used 256914K [0x00000003c0000000, 0x00000003dc200000, 0x000000066ab00000)
  object space 460800K, 55% used [0x00000003c0000000,0x00000003cfae4be8,0x00000003dc200000)
 Metaspace       used 80946K, capacity 81764K, committed 81880K, reserved 1120256K
  class space    used 11563K, capacity 11747K, committed 11776K, reserved 1048576K
}
Event: 29.992 GC heap before
{Heap before GC invocations=34 (full 6):
 PSYoungGen      total 563200K, used 555384K [0x000000066ab00000, 0x0000000692e80000, 0x00000007c0000000)
  eden space 537600K, 100% used [0x000000066ab00000,0x000000068b800000,0x000000068b800000)
  from space 25600K, 69% used [0x000000068b800000,0x000000068c95e1b8,0x000000068d100000)
  to   space 26112K, 0% used [0x0000000691500000,0x0000000691500000,0x0000000692e80000)
 ParOldGen       total 460800K, used 256914K [0x00000003c0000000, 0x00000003dc200000, 0x000000066ab00000)
  object space 460800K, 55% used [0x00000003c0000000,0x00000003cfae4be8,0x00000003dc200000)
 Metaspace       used 80946K, capacity 81764K, committed 81880K, reserved 1120256K
  class space    used 11563K, capacity 11747K, committed 11776K, reserved 1048576K
Event: 30.054 GC heap after
Heap after GC invocations=34 (full 6):
 PSYoungGen      total 631296K, used 19736K [0x000000066ab00000, 0x0000000693380000, 0x00000007c0000000)
  eden space 605184K, 0% used [0x000000066ab00000,0x000000066ab00000,0x000000068fa00000)
  from space 26112K, 75% used [0x0000000691500000,0x0000000692846078,0x0000000692e80000)
  to   space 27648K, 0% used [0x000000068fa00000,0x000000068fa00000,0x0000000691500000)
 ParOldGen       total 460800K, used 256922K [0x00000003c0000000, 0x00000003dc200000, 0x000000066ab00000)
  object space 460800K, 55% used [0x00000003c0000000,0x00000003cfae6be8,0x00000003dc200000)
 Metaspace       used 80946K, capacity 81764K, committed 81880K, reserved 1120256K
  class space    used 11563K, capacity 11747K, committed 11776K, reserved 1048576K
}
Event: 32.108 GC heap before
{Heap before GC invocations=35 (full 6):
 PSYoungGen      total 631296K, used 624920K [0x000000066ab00000, 0x0000000693380000, 0x00000007c0000000)
  eden space 605184K, 100% used [0x000000066ab00000,0x000000068fa00000,0x000000068fa00000)
  from space 26112K, 75% used [0x0000000691500000,0x0000000692846078,0x0000000692e80000)
  to   space 27648K, 0% used [0x000000068fa00000,0x000000068fa00000,0x0000000691500000)
 ParOldGen       total 460800K, used 256922K [0x00000003c0000000, 0x00000003dc200000, 0x000000066ab00000)
  object space 460800K, 55% used [0x00000003c0000000,0x00000003cfae6be8,0x00000003dc200000)
 Metaspace       used 82853K, capacity 83772K, committed 84056K, reserved 1122304K
  class space    used 11818K, capacity 12035K, committed 12160K, reserved 1048576K
Event: 32.200 GC heap after
Heap after GC invocations=35 (full 6):
 PSYoungGen      total 632832K, used 27641K [0x000000066ab00000, 0x000000069af80000, 0x00000007c0000000)
  eden space 605184K, 0% used [0x000000066ab00000,0x000000066ab00000,0x000000068fa00000)
  from space 27648K, 99% used [0x000000068fa00000,0x00000006914fe488,0x0000000691500000)
  to   space 54784K, 0% used [0x0000000697a00000,0x0000000697a00000,0x000000069af80000)
 ParOldGen       total 460800K, used 320396K [0x00000003c0000000, 0x00000003dc200000, 0x000000066ab00000)
  object space 460800K, 69% used [0x00000003c0000000,0x00000003d38e3188,0x00000003dc200000)
 Metaspace       used 82853K, capacity 83772K, committed 84056K, reserved 1122304K
  class space    used 11818K, capacity 12035K, committed 12160K, reserved 1048576K
}
Event: 33.736 GC heap before
{Heap before GC invocations=36 (full 6):
 PSYoungGen      total 632832K, used 632825K [0x000000066ab00000, 0x000000069af80000, 0x00000007c0000000)
  eden space 605184K, 100% used [0x000000066ab00000,0x000000068fa00000,0x000000068fa00000)
  from space 27648K, 99% used [0x000000068fa00000,0x00000006914fe488,0x0000000691500000)
  to   space 54784K, 0% used [0x0000000697a00000,0x0000000697a00000,0x000000069af80000)
 ParOldGen       total 460800K, used 320396K [0x00000003c0000000, 0x00000003dc200000, 0x000000066ab00000)
  object space 460800K, 69% used [0x00000003c0000000,0x00000003d38e3188,0x00000003dc200000)
 Metaspace       used 89109K, capacity 90020K, committed 90072K, reserved 1126400K
  class space    used 12306K, capacity 12515K, committed 12544K, reserved 1048576K
Event: 33.808 GC heap after
Heap after GC invocations=36 (full 6):
 PSYoungGen      total 733184K, used 37402K [0x000000066ab00000, 0x000000069b300000, 0x00000007c0000000)
  eden space 678400K, 0% used [0x000000066ab00000,0x000000066ab00000,0x0000000694180000)
  from space 54784K, 68% used [0x0000000697a00000,0x0000000699e86990,0x000000069af80000)
  to   space 57856K, 0% used [0x0000000694180000,0x0000000694180000,0x0000000697a00000)
 ParOldGen       total 460800K, used 320828K [0x00000003c0000000, 0x00000003dc200000, 0x000000066ab00000)
  object space 460800K, 69% used [0x00000003c0000000,0x00000003d394f198,0x00000003dc200000)
 Metaspace       used 89109K, capacity 90020K, committed 90072K, reserved 1126400K
  class space    used 12306K, capacity 12515K, committed 12544K, reserved 1048576K
}
Event: 34.958 GC heap before
{Heap before GC invocations=37 (full 6):
 PSYoungGen      total 733184K, used 715802K [0x000000066ab00000, 0x000000069b300000, 0x00000007c0000000)
  eden space 678400K, 100% used [0x000000066ab00000,0x0000000694180000,0x0000000694180000)
  from space 54784K, 68% used [0x0000000697a00000,0x0000000699e86990,0x000000069af80000)
  to   space 57856K, 0% used [0x0000000694180000,0x0000000694180000,0x0000000697a00000)
 ParOldGen       total 460800K, used 320828K [0x00000003c0000000, 0x00000003dc200000, 0x000000066ab00000)
  object space 460800K, 69% used [0x00000003c0000000,0x00000003d394f198,0x00000003dc200000)
 Metaspace       used 89130K, capacity 90024K, committed 90072K, reserved 1126400K
  class space    used 12306K, capacity 12515K, committed 12544K, reserved 1048576K
Event: 35.037 GC heap after
Heap after GC invocations=37 (full 6):
 PSYoungGen      total 736256K, used 33118K [0x000000066ab00000, 0x00000006a0580000, 0x00000007c0000000)
  eden space 678400K, 0% used [0x000000066ab00000,0x000000066ab00000,0x0000000694180000)
  from space 57856K, 57% used [0x0000000694180000,0x00000006961d7a30,0x0000000697a00000)
  to   space 57856K, 0% used [0x000000069cd00000,0x000000069cd00000,0x00000006a0580000)
 ParOldGen       total 460800K, used 320828K [0x00000003c0000000, 0x00000003dc200000, 0x000000066ab00000)
  object space 460800K, 69% used [0x00000003c0000000,0x00000003d394f198,0x00000003dc200000)
 Metaspace       used 89130K, capacity 90024K, committed 90072K, reserved 1126400K
  class space    used 12306K, capacity 12515K, committed 12544K, reserved 1048576K
}
Event: 35.925 GC heap before
{Heap before GC invocations=38 (full 6):
 PSYoungGen      total 736256K, used 711518K [0x000000066ab00000, 0x00000006a0580000, 0x00000007c0000000)
  eden space 678400K, 100% used [0x000000066ab00000,0x0000000694180000,0x0000000694180000)
  from space 57856K, 57% used [0x0000000694180000,0x00000006961d7a30,0x0000000697a00000)
  to   space 57856K, 0% used [0x000000069cd00000,0x000000069cd00000,0x00000006a0580000)
 ParOldGen       total 460800K, used 320828K [0x00000003c0000000, 0x00000003dc200000, 0x000000066ab00000)
  object space 460800K, 69% used [0x00000003c0000000,0x00000003d394f198,0x00000003dc200000)
 Metaspace       used 89130K, capacity 90024K, committed 90072K, reserved 1126400K
  class space    used 12306K, capacity 12515K, committed 12544K, reserved 1048576K
Event: 35.974 GC heap after
Heap after GC invocations=38 (full 6):
 PSYoungGen      total 820224K, used 33519K [0x000000066ab00000, 0x00000006a0580000, 0x00000007c0000000)
  eden space 762368K, 0% used [0x000000066ab00000,0x000000066ab00000,0x0000000699380000)
  from space 57856K, 57% used [0x000000069cd00000,0x000000069edbbf48,0x00000006a0580000)
  to   space 58368K, 0% used [0x0000000699380000,0x0000000699380000,0x000000069cc80000)
 ParOldGen       total 460800K, used 320828K [0x00000003c0000000, 0x00000003dc200000, 0x000000066ab00000)
  object space 460800K, 69% used [0x00000003c0000000,0x00000003d394f198,0x00000003dc200000)
 Metaspace       used 89130K, capacity 90024K, committed 90072K, reserved 1126400K
  class space    used 12306K, capacity 12515K, committed 12544K, reserved 1048576K
}
Event: 37.063 GC heap before
{Heap before GC invocations=39 (full 6):
 PSYoungGen      total 820224K, used 795887K [0x000000066ab00000, 0x00000006a0580000, 0x00000007c0000000)
  eden space 762368K, 100% used [0x000000066ab00000,0x0000000699380000,0x0000000699380000)
  from space 57856K, 57% used [0x000000069cd00000,0x000000069edbbf48,0x00000006a0580000)
  to   space 58368K, 0% used [0x0000000699380000,0x0000000699380000,0x000000069cc80000)
 ParOldGen       total 460800K, used 320828K [0x00000003c0000000, 0x00000003dc200000, 0x000000066ab00000)
  object space 460800K, 69% used [0x00000003c0000000,0x00000003d394f198,0x00000003dc200000)
 Metaspace       used 89130K, capacity 90024K, committed 90072K, reserved 1126400K
  class space    used 12306K, capacity 12515K, committed 12544K, reserved 1048576K
Event: 37.124 GC heap after
Heap after GC invocations=39 (full 6):
 PSYoungGen      total 820736K, used 33656K [0x000000066ab00000, 0x00000006a5200000, 0x00000007c0000000)
  eden space 762368K, 0% used [0x000000066ab00000,0x000000066ab00000,0x0000000699380000)
  from space 58368K, 57% used [0x0000000699380000,0x000000069b45e178,0x000000069cc80000)
  to   space 58368K, 0% used [0x00000006a1900000,0x00000006a1900000,0x00000006a5200000)
 ParOldGen       total 460800K, used 320828K [0x00000003c0000000, 0x00000003dc200000, 0x000000066ab00000)
  object space 460800K, 69% used [0x00000003c0000000,0x00000003d394f198,0x00000003dc200000)
 Metaspace       used 89130K, capacity 90024K, committed 90072K, reserved 1126400K
  class space    used 12306K, capacity 12515K, committed 12544K, reserved 1048576K
}
Event: 38.218 GC heap before
{Heap before GC invocations=40 (full 6):
 PSYoungGen      total 820736K, used 796024K [0x000000066ab00000, 0x00000006a5200000, 0x00000007c0000000)
  eden space 762368K, 100% used [0x000000066ab00000,0x0000000699380000,0x0000000699380000)
  from space 58368K, 57% used [0x0000000699380000,0x000000069b45e178,0x000000069cc80000)
  to   space 58368K, 0% used [0x00000006a1900000,0x00000006a1900000,0x00000006a5200000)
 ParOldGen       total 460800K, used 320828K [0x00000003c0000000, 0x00000003dc200000, 0x000000066ab00000)
  object space 460800K, 69% used [0x00000003c0000000,0x00000003d394f198,0x00000003dc200000)
 Metaspace       used 89130K, capacity 90024K, committed 90072K, reserved 1126400K
  class space    used 12306K, capacity 12515K, committed 12544K, reserved 1048576K
Event: 38.276 GC heap after
Heap after GC invocations=40 (full 6):
 PSYoungGen      total 892928K, used 19353K [0x000000066ab00000, 0x00000006a4c80000, 0x00000007c0000000)
  eden space 840192K, 0% used [0x000000066ab00000,0x000000066ab00000,0x000000069df80000)
  from space 52736K, 36% used [0x00000006a1900000,0x00000006a2be6698,0x00000006a4c80000)
  to   space 55808K, 0% used [0x000000069df80000,0x000000069df80000,0x00000006a1600000)
 ParOldGen       total 460800K, used 320836K [0x00000003c0000000, 0x00000003dc200000, 0x000000066ab00000)
  object space 460800K, 69% used [0x00000003c0000000,0x00000003d3951198,0x00000003dc200000)
 Metaspace       used 89130K, capacity 90024K, committed 90072K, reserved 1126400K
  class space    used 12306K, capacity 12515K, committed 12544K, reserved 1048576K
}
Event: 39.472 GC heap before
{Heap before GC invocations=41 (full 6):
 PSYoungGen      total 892928K, used 859545K [0x000000066ab00000, 0x00000006a4c80000, 0x00000007c0000000)
  eden space 840192K, 100% used [0x000000066ab00000,0x000000069df80000,0x000000069df80000)
  from space 52736K, 36% used [0x00000006a1900000,0x00000006a2be6698,0x00000006a4c80000)
  to   space 55808K, 0% used [0x000000069df80000,0x000000069df80000,0x00000006a1600000)
 ParOldGen       total 460800K, used 320836K [0x00000003c0000000, 0x00000003dc200000, 0x000000066ab00000)
  object space 460800K, 69% used [0x00000003c0000000,0x00000003d3951198,0x00000003dc200000)
 Metaspace       used 89130K, capacity 90024K, committed 90072K, reserved 1126400K
  class space    used 12306K, capacity 12515K, committed 12544K, reserved 1048576K
Event: 39.507 GC heap after
Heap after GC invocations=41 (full 6):
 PSYoungGen      total 896000K, used 19163K [0x000000066ab00000, 0x00000006a9600000, 0x00000007c0000000)
  eden space 840192K, 0% used [0x000000066ab00000,0x000000066ab00000,0x000000069df80000)
  from space 55808K, 34% used [0x000000069df80000,0x000000069f236f48,0x00000006a1600000)
  to   space 53760K, 0% used [0x00000006a6180000,0x00000006a6180000,0x00000006a9600000)
 ParOldGen       total 460800K, used 320836K [0x00000003c0000000, 0x00000003dc200000, 0x000000066ab00000)
  object space 460800K, 69% used [0x00000003c0000000,0x00000003d3951198,0x00000003dc200000)
 Metaspace       used 89130K, capacity 90024K, committed 90072K, reserved 1126400K
  class space    used 12306K, capacity 12515K, committed 12544K, reserved 1048576K
}
Event: 41.001 GC heap before
{Heap before GC invocations=42 (full 6):
 PSYoungGen      total 896000K, used 859355K [0x000000066ab00000, 0x00000006a9600000, 0x00000007c0000000)
  eden space 840192K, 100% used [0x000000066ab00000,0x000000069df80000,0x000000069df80000)
  from space 55808K, 34% used [0x000000069df80000,0x000000069f236f48,0x00000006a1600000)
  to   space 53760K, 0% used [0x00000006a6180000,0x00000006a6180000,0x00000006a9600000)
 ParOldGen       total 460800K, used 320836K [0x00000003c0000000, 0x00000003dc200000, 0x000000066ab00000)
  object space 460800K, 69% used [0x00000003c0000000,0x00000003d3951198,0x00000003dc200000)
 Metaspace       used 89380K, capacity 90330K, committed 90456K, reserved 1126400K
  class space    used 12326K, capacity 12562K, committed 12672K, reserved 1048576K
Event: 41.061 GC heap after
Heap after GC invocations=42 (full 6):
 PSYoungGen      total 954880K, used 53736K [0x000000066ab00000, 0x00000006ab780000, 0x00000007c0000000)
  eden space 901120K, 0% used [0x000000066ab00000,0x000000066ab00000,0x00000006a1b00000)
  from space 53760K, 99% used [0x00000006a6180000,0x00000006a95fa2a0,0x00000006a9600000)
  to   space 72192K, 0% used [0x00000006a1b00000,0x00000006a1b00000,0x00000006a6180000)
 ParOldGen       total 460800K, used 348904K [0x00000003c0000000, 0x00000003dc200000, 0x000000066ab00000)
  object space 460800K, 75% used [0x00000003c0000000,0x00000003d54ba230,0x00000003dc200000)
 Metaspace       used 89380K, capacity 90330K, committed 90456K, reserved 1126400K
  class space    used 12326K, capacity 12562K, committed 12672K, reserved 1048576K
}
Event: 43.093 GC heap before
{Heap before GC invocations=43 (full 6):
 PSYoungGen      total 954880K, used 954856K [0x000000066ab00000, 0x00000006ab780000, 0x00000007c0000000)
  eden space 901120K, 100% used [0x000000066ab00000,0x00000006a1b00000,0x00000006a1b00000)
  from space 53760K, 99% used [0x00000006a6180000,0x00000006a95fa2a0,0x00000006a9600000)
  to   space 72192K, 0% used [0x00000006a1b00000,0x00000006a1b00000,0x00000006a6180000)
 ParOldGen       total 460800K, used 348904K [0x00000003c0000000, 0x00000003dc200000, 0x000000066ab00000)
  object space 460800K, 75% used [0x00000003c0000000,0x00000003d54ba230,0x00000003dc200000)
 Metaspace       used 89385K, capacity 90330K, committed 90456K, reserved 1126400K
  class space    used 12326K, capacity 12562K, committed 12672K, reserved 1048576K
Event: 43.149 GC heap after
Heap after GC invocations=43 (full 6):
 PSYoungGen      total 973312K, used 42887K [0x000000066ab00000, 0x00000006af380000, 0x00000007c0000000)
  eden space 901120K, 0% used [0x000000066ab00000,0x000000066ab00000,0x00000006a1b00000)
  from space 72192K, 59% used [0x00000006a1b00000,0x00000006a44e1c00,0x00000006a6180000)
  to   space 72704K, 0% used [0x00000006aac80000,0x00000006aac80000,0x00000006af380000)
 ParOldGen       total 460800K, used 384009K [0x00000003c0000000, 0x00000003dc200000, 0x000000066ab00000)
  object space 460800K, 83% used [0x00000003c0000000,0x00000003d7702430,0x00000003dc200000)
 Metaspace       used 89385K, capacity 90330K, committed 90456K, reserved 1126400K
  class space    used 12326K, capacity 12562K, committed 12672K, reserved 1048576K
}
Event: 43.149 GC heap before
{Heap before GC invocations=44 (full 7):
 PSYoungGen      total 973312K, used 42887K [0x000000066ab00000, 0x00000006af380000, 0x00000007c0000000)
  eden space 901120K, 0% used [0x000000066ab00000,0x000000066ab00000,0x00000006a1b00000)
  from space 72192K, 59% used [0x00000006a1b00000,0x00000006a44e1c00,0x00000006a6180000)
  to   space 72704K, 0% used [0x00000006aac80000,0x00000006aac80000,0x00000006af380000)
 ParOldGen       total 460800K, used 384009K [0x00000003c0000000, 0x00000003dc200000, 0x000000066ab00000)
  object space 460800K, 83% used [0x00000003c0000000,0x00000003d7702430,0x00000003dc200000)
 Metaspace       used 89385K, capacity 90330K, committed 90456K, reserved 1126400K
  class space    used 12326K, capacity 12562K, committed 12672K, reserved 1048576K
Event: 43.362 GC heap after
Heap after GC invocations=44 (full 7):
 PSYoungGen      total 973312K, used 0K [0x000000066ab00000, 0x00000006af380000, 0x00000007c0000000)
  eden space 901120K, 0% used [0x000000066ab00000,0x000000066ab00000,0x00000006a1b00000)
  from space 72192K, 0% used [0x00000006a1b00000,0x00000006a1b00000,0x00000006a6180000)
  to   space 72704K, 0% used [0x00000006aac80000,0x00000006aac80000,0x00000006af380000)
 ParOldGen       total 307712K, used 131404K [0x00000003c0000000, 0x00000003d2c80000, 0x000000066ab00000)
  object space 307712K, 42% used [0x00000003c0000000,0x00000003c8053230,0x00000003d2c80000)
 Metaspace       used 89378K, capacity 90318K, committed 90456K, reserved 1126400K
  class space    used 12325K, capacity 12560K, committed 12672K, reserved 1048576K
}
Event: 45.566 GC heap before
{Heap before GC invocations=45 (full 7):
 PSYoungGen      total 973312K, used 900638K [0x000000066ab00000, 0x00000006af380000, 0x00000007c0000000)
  eden space 901120K, 99% used [0x000000066ab00000,0x00000006a1a87a00,0x00000006a1b00000)
  from space 72192K, 0% used [0x00000006a1b00000,0x00000006a1b00000,0x00000006a6180000)
  to   space 72704K, 0% used [0x00000006aac80000,0x00000006aac80000,0x00000006af380000)
 ParOldGen       total 307712K, used 131404K [0x00000003c0000000, 0x00000003d2c80000, 0x000000066ab00000)
  object space 307712K, 42% used [0x00000003c0000000,0x00000003c8053230,0x00000003d2c80000)
 Metaspace       used 90560K, capacity 91616K, committed 91864K, reserved 1128448K
  class space    used 12446K, capacity 12687K, committed 12800K, reserved 1048576K
Event: 45.602 GC heap after
Heap after GC invocations=45 (full 7):
 PSYoungGen      total 1047040K, used 50102K [0x000000066ab00000, 0x00000006afd00000, 0x00000007c0000000)
  eden space 974336K, 0% used [0x000000066ab00000,0x000000066ab00000,0x00000006a6280000)
  from space 72704K, 68% used [0x00000006aac80000,0x00000006add6d9c0,0x00000006af380000)
  to   space 75776K, 0% used [0x00000006a6280000,0x00000006a6280000,0x00000006aac80000)
 ParOldGen       total 307712K, used 232037K [0x00000003c0000000, 0x00000003d2c80000, 0x000000066ab00000)
  object space 307712K, 75% used [0x00000003c0000000,0x00000003ce299440,0x00000003d2c80000)
 Metaspace       used 90560K, capacity 91616K, committed 91864K, reserved 1128448K
  class space    used 12446K, capacity 12687K, committed 12800K, reserved 1048576K
}
Event: 45.602 GC heap before
{Heap before GC invocations=46 (full 8):
 PSYoungGen      total 1047040K, used 50102K [0x000000066ab00000, 0x00000006afd00000, 0x00000007c0000000)
  eden space 974336K, 0% used [0x000000066ab00000,0x000000066ab00000,0x00000006a6280000)
  from space 72704K, 68% used [0x00000006aac80000,0x00000006add6d9c0,0x00000006af380000)
  to   space 75776K, 0% used [0x00000006a6280000,0x00000006a6280000,0x00000006aac80000)
 ParOldGen       total 307712K, used 232037K [0x00000003c0000000, 0x00000003d2c80000, 0x000000066ab00000)
  object space 307712K, 75% used [0x00000003c0000000,0x00000003ce299440,0x00000003d2c80000)
 Metaspace       used 90560K, capacity 91616K, committed 91864K, reserved 1128448K
  class space    used 12446K, capacity 12687K, committed 12800K, reserved 1048576K
Event: 45.723 GC heap after
Heap after GC invocations=46 (full 8):
 PSYoungGen      total 1047040K, used 0K [0x000000066ab00000, 0x00000006afd00000, 0x00000007c0000000)
  eden space 974336K, 0% used [0x000000066ab00000,0x000000066ab00000,0x00000006a6280000)
  from space 72704K, 0% used [0x00000006aac80000,0x00000006aac80000,0x00000006af380000)
  to   space 75776K, 0% used [0x00000006a6280000,0x00000006a6280000,0x00000006aac80000)
 ParOldGen       total 455168K, used 238597K [0x00000003c0000000, 0x00000003dbc80000, 0x000000066ab00000)
  object space 455168K, 52% used [0x00000003c0000000,0x00000003ce901770,0x00000003dbc80000)
 Metaspace       used 90560K, capacity 91616K, committed 91864K, reserved 1128448K
  class space    used 12446K, capacity 12687K, committed 12800K, reserved 1048576K
}
Event: 47.412 GC heap before
{Heap before GC invocations=47 (full 8):
 PSYoungGen      total 1047040K, used 974336K [0x000000066ab00000, 0x00000006afd00000, 0x00000007c0000000)
  eden space 974336K, 100% used [0x000000066ab00000,0x00000006a6280000,0x00000006a6280000)
  from space 72704K, 0% used [0x00000006aac80000,0x00000006aac80000,0x00000006af380000)
  to   space 75776K, 0% used [0x00000006a6280000,0x00000006a6280000,0x00000006aac80000)
 ParOldGen       total 455168K, used 238597K [0x00000003c0000000, 0x00000003dbc80000, 0x000000066ab00000)
  object space 455168K, 52% used [0x00000003c0000000,0x00000003ce901770,0x00000003dbc80000)
 Metaspace       used 90593K, capacity 91624K, committed 91864K, reserved 1128448K
  class space    used 12446K, capacity 12687K, committed 12800K, reserved 1048576K
Event: 47.431 GC heap after
Heap after GC invocations=47 (full 8):
 PSYoungGen      total 1050112K, used 34938K [0x000000066ab00000, 0x00000006b3c00000, 0x00000007c0000000)
  eden space 974336K, 0% used [0x000000066ab00000,0x000000066ab00000,0x00000006a6280000)
  from space 75776K, 46% used [0x00000006a6280000,0x00000006a849e9d0,0x00000006aac80000)
  to   space 72192K, 0% used [0x00000006af580000,0x00000006af580000,0x00000006b3c00000)
 ParOldGen       total 455168K, used 238605K [0x00000003c0000000, 0x00000003dbc80000, 0x000000066ab00000)
  object space 455168K, 52% used [0x00000003c0000000,0x00000003ce903770,0x00000003dbc80000)
 Metaspace       used 90593K, capacity 91624K, committed 91864K, reserved 1128448K
  class space    used 12446K, capacity 12687K, committed 12800K, reserved 1048576K
}
Event: 48.876 GC heap before
{Heap before GC invocations=48 (full 8):
 PSYoungGen      total 1050112K, used 1009274K [0x000000066ab00000, 0x00000006b3c00000, 0x00000007c0000000)
  eden space 974336K, 100% used [0x000000066ab00000,0x00000006a6280000,0x00000006a6280000)
  from space 75776K, 46% used [0x00000006a6280000,0x00000006a849e9d0,0x00000006aac80000)
  to   space 72192K, 0% used [0x00000006af580000,0x00000006af580000,0x00000006b3c00000)
 ParOldGen       total 455168K, used 238605K [0x00000003c0000000, 0x00000003dbc80000, 0x000000066ab00000)
  object space 455168K, 52% used [0x00000003c0000000,0x00000003ce903770,0x00000003dbc80000)
 Metaspace       used 90593K, capacity 91624K, committed 91864K, reserved 1128448K
  class space    used 12446K, capacity 12687K, committed 12800K, reserved 1048576K
Event: 48.940 GC heap after
Heap after GC invocations=48 (full 8):
 PSYoungGen      total 1127936K, used 36109K [0x000000066ab00000, 0x00000006b3c80000, 0x00000007c0000000)
  eden space 1055744K, 0% used [0x000000066ab00000,0x000000066ab00000,0x00000006ab200000)
  from space 72192K, 50% used [0x00000006af580000,0x00000006b18c3598,0x00000006b3c00000)
  to   space 69120K, 0% used [0x00000006ab200000,0x00000006ab200000,0x00000006af580000)
 ParOldGen       total 455168K, used 238605K [0x00000003c0000000, 0x00000003dbc80000, 0x000000066ab00000)
  object space 455168K, 52% used [0x00000003c0000000,0x00000003ce903770,0x00000003dbc80000)
 Metaspace       used 90593K, capacity 91624K, committed 91864K, reserved 1128448K
  class space    used 12446K, capacity 12687K, committed 12800K, reserved 1048576K
}
Event: 50.736 GC heap before
{Heap before GC invocations=49 (full 8):
 PSYoungGen      total 1127936K, used 1091853K [0x000000066ab00000, 0x00000006b3c80000, 0x00000007c0000000)
  eden space 1055744K, 100% used [0x000000066ab00000,0x00000006ab200000,0x00000006ab200000)
  from space 72192K, 50% used [0x00000006af580000,0x00000006b18c3598,0x00000006b3c00000)
  to   space 69120K, 0% used [0x00000006ab200000,0x00000006ab200000,0x00000006af580000)
 ParOldGen       total 455168K, used 238605K [0x00000003c0000000, 0x00000003dbc80000, 0x000000066ab00000)
  object space 455168K, 52% used [0x00000003c0000000,0x00000003ce903770,0x00000003dbc80000)
 Metaspace       used 90593K, capacity 91624K, committed 91864K, reserved 1128448K
  class space    used 12446K, capacity 12687K, committed 12800K, reserved 1048576K
Event: 50.775 GC heap after
Heap after GC invocations=49 (full 8):
 PSYoungGen      total 1124864K, used 36264K [0x000000066ab00000, 0x00000006b7e80000, 0x00000007c0000000)
  eden space 1055744K, 0% used [0x000000066ab00000,0x000000066ab00000,0x00000006ab200000)
  from space 69120K, 52% used [0x00000006ab200000,0x00000006ad56a368,0x00000006af580000)
  to   space 66560K, 0% used [0x00000006b3d80000,0x00000006b3d80000,0x00000006b7e80000)
 ParOldGen       total 455168K, used 238605K [0x00000003c0000000, 0x00000003dbc80000, 0x000000066ab00000)
  object space 455168K, 52% used [0x00000003c0000000,0x00000003ce903770,0x00000003dbc80000)
 Metaspace       used 90593K, capacity 91624K, committed 91864K, reserved 1128448K
  class space    used 12446K, capacity 12687K, committed 12800K, reserved 1048576K
}
Event: 52.635 GC heap before
{Heap before GC invocations=50 (full 8):
 PSYoungGen      total 1124864K, used 1092008K [0x000000066ab00000, 0x00000006b7e80000, 0x00000007c0000000)
  eden space 1055744K, 100% used [0x000000066ab00000,0x00000006ab200000,0x00000006ab200000)
  from space 69120K, 52% used [0x00000006ab200000,0x00000006ad56a368,0x00000006af580000)
  to   space 66560K, 0% used [0x00000006b3d80000,0x00000006b3d80000,0x00000006b7e80000)
 ParOldGen       total 455168K, used 238605K [0x00000003c0000000, 0x00000003dbc80000, 0x000000066ab00000)
  object space 455168K, 52% used [0x00000003c0000000,0x00000003ce903770,0x00000003dbc80000)
 Metaspace       used 90593K, capacity 91624K, committed 91864K, reserved 1128448K
  class space    used 12446K, capacity 12687K, committed 12800K, reserved 1048576K
Event: 52.664 GC heap after
Heap after GC invocations=50 (full 8):
 PSYoungGen      total 1188352K, used 9428K [0x000000066ab00000, 0x00000006b7a80000, 0x00000007c0000000)
  eden space 1125888K, 0% used [0x000000066ab00000,0x000000066ab00000,0x00000006af680000)
  from space 62464K, 15% used [0x00000006b3d80000,0x00000006b46b5168,0x00000006b7a80000)
  to   space 67584K, 0% used [0x00000006af680000,0x00000006af680000,0x00000006b3880000)
 ParOldGen       total 455168K, used 238605K [0x00000003c0000000, 0x00000003dbc80000, 0x000000066ab00000)
  object space 455168K, 52% used [0x00000003c0000000,0x00000003ce903770,0x00000003dbc80000)
 Metaspace       used 90593K, capacity 91624K, committed 91864K, reserved 1128448K
  class space    used 12446K, capacity 12687K, committed 12800K, reserved 1048576K
}
Event: 55.151 GC heap before
{Heap before GC invocations=51 (full 8):
 PSYoungGen      total 1188352K, used 1129628K [0x000000066ab00000, 0x00000006b7a80000, 0x00000007c0000000)
  eden space 1125888K, 99% used [0x000000066ab00000,0x00000006af0f1ea8,0x00000006af680000)
  from space 62464K, 15% used [0x00000006b3d80000,0x00000006b46b5168,0x00000006b7a80000)
  to   space 67584K, 0% used [0x00000006af680000,0x00000006af680000,0x00000006b3880000)
 ParOldGen       total 455168K, used 238605K [0x00000003c0000000, 0x00000003dbc80000, 0x000000066ab00000)
  object space 455168K, 52% used [0x00000003c0000000,0x00000003ce903770,0x00000003dbc80000)
 Metaspace       used 96060K, capacity 97143K, committed 97368K, reserved 1134592K
  class space    used 12842K, capacity 13098K, committed 13184K, reserved 1048576K
Event: 55.178 GC heap after
Heap after GC invocations=51 (full 8):
 PSYoungGen      total 1193472K, used 66765K [0x000000066ab00000, 0x00000006bcd80000, 0x00000007c0000000)
  eden space 1125888K, 0% used [0x000000066ab00000,0x000000066ab00000,0x00000006af680000)
  from space 67584K, 98% used [0x00000006af680000,0x00000006b37b34d8,0x00000006b3880000)
  to   space 76800K, 0% used [0x00000006b8280000,0x00000006b8280000,0x00000006bcd80000)
 ParOldGen       total 455168K, used 238613K [0x00000003c0000000, 0x00000003dbc80000, 0x000000066ab00000)
  object space 455168K, 52% used [0x00000003c0000000,0x00000003ce905770,0x00000003dbc80000)
 Metaspace       used 96060K, capacity 97143K, committed 97368K, reserved 1134592K
  class space    used 12842K, capacity 13098K, committed 13184K, reserved 1048576K
}
Event: 57.092 GC heap before
{Heap before GC invocations=52 (full 8):
 PSYoungGen      total 1193472K, used 1192653K [0x000000066ab00000, 0x00000006bcd80000, 0x00000007c0000000)
  eden space 1125888K, 100% used [0x000000066ab00000,0x00000006af680000,0x00000006af680000)
  from space 67584K, 98% used [0x00000006af680000,0x00000006b37b34d8,0x00000006b3880000)
  to   space 76800K, 0% used [0x00000006b8280000,0x00000006b8280000,0x00000006bcd80000)
 ParOldGen       total 455168K, used 238613K [0x00000003c0000000, 0x00000003dbc80000, 0x000000066ab00000)
  object space 455168K, 52% used [0x00000003c0000000,0x00000003ce905770,0x00000003dbc80000)
 Metaspace       used 97215K, capacity 98311K, committed 98520K, reserved 1134592K
  class space    used 12951K, capacity 13202K, committed 13312K, reserved 1048576K
Event: 57.196 GC heap after
Heap after GC invocations=52 (full 8):
 PSYoungGen      total 1252352K, used 76794K [0x000000066ab00000, 0x00000006bfd80000, 0x00000007c0000000)
  eden space 1175552K, 0% used [0x000000066ab00000,0x000000066ab00000,0x00000006b2700000)
  from space 76800K, 99% used [0x00000006b8280000,0x00000006bcd7e8a8,0x00000006bcd80000)
  to   space 93696K, 0% used [0x00000006b2700000,0x00000006b2700000,0x00000006b8280000)
 ParOldGen       total 455168K, used 252993K [0x00000003c0000000, 0x00000003dbc80000, 0x000000066ab00000)
  object space 455168K, 55% used [0x00000003c0000000,0x00000003cf7107e8,0x00000003dbc80000)
 Metaspace       used 97215K, capacity 98311K, committed 98520K, reserved 1134592K
  class space    used 12951K, capacity 13202K, committed 13312K, reserved 1048576K
}
Event: 58.880 GC heap before
{Heap before GC invocations=53 (full 8):
 PSYoungGen      total 1252352K, used 1252346K [0x000000066ab00000, 0x00000006bfd80000, 0x00000007c0000000)
  eden space 1175552K, 100% used [0x000000066ab00000,0x00000006b2700000,0x00000006b2700000)
  from space 76800K, 99% used [0x00000006b8280000,0x00000006bcd7e8a8,0x00000006bcd80000)
  to   space 93696K, 0% used [0x00000006b2700000,0x00000006b2700000,0x00000006b8280000)
 ParOldGen       total 455168K, used 252993K [0x00000003c0000000, 0x00000003dbc80000, 0x000000066ab00000)
  object space 455168K, 55% used [0x00000003c0000000,0x00000003cf7107e8,0x00000003dbc80000)
 Metaspace       used 97240K, capacity 98311K, committed 98520K, reserved 1134592K
  class space    used 12951K, capacity 13202K, committed 13312K, reserved 1048576K
Event: 58.943 GC heap after
Heap after GC invocations=53 (full 8):
 PSYoungGen      total 1269248K, used 77543K [0x000000066ab00000, 0x00000006c4500000, 0x00000007c0000000)
  eden space 1175552K, 0% used [0x000000066ab00000,0x000000066ab00000,0x00000006b2700000)
  from space 93696K, 82% used [0x00000006b2700000,0x00000006b72b9e88,0x00000006b8280000)
  to   space 101888K, 0% used [0x00000006be180000,0x00000006be180000,0x00000006c4500000)
 ParOldGen       total 455168K, used 252993K [0x00000003c0000000, 0x00000003dbc80000, 0x000000066ab00000)
  object space 455168K, 55% used [0x00000003c0000000,0x00000003cf7107e8,0x00000003dbc80000)
 Metaspace       used 97240K, capacity 98311K, committed 98520K, reserved 1134592K
  class space    used 12951K, capacity 13202K, committed 13312K, reserved 1048576K
}
Event: 60.384 GC heap before
{Heap before GC invocations=54 (full 8):
 PSYoungGen      total 1269248K, used 1253095K [0x000000066ab00000, 0x00000006c4500000, 0x00000007c0000000)
  eden space 1175552K, 100% used [0x000000066ab00000,0x00000006b2700000,0x00000006b2700000)
  from space 93696K, 82% used [0x00000006b2700000,0x00000006b72b9e88,0x00000006b8280000)
  to   space 101888K, 0% used [0x00000006be180000,0x00000006be180000,0x00000006c4500000)
 ParOldGen       total 455168K, used 252993K [0x00000003c0000000, 0x00000003dbc80000, 0x000000066ab00000)
  object space 455168K, 55% used [0x00000003c0000000,0x00000003cf7107e8,0x00000003dbc80000)
 Metaspace       used 97247K, capacity 98311K, committed 98520K, reserved 1134592K
  class space    used 12951K, capacity 13202K, committed 13312K, reserved 1048576K
Event: 60.477 GC heap after
Heap after GC invocations=54 (full 8):
 PSYoungGen      total 1359872K, used 78269K [0x000000066ab00000, 0x00000006c5e80000, 0x00000007c0000000)
  eden space 1257984K, 0% used [0x000000066ab00000,0x000000066ab00000,0x00000006b7780000)
  from space 101888K, 76% used [0x00000006be180000,0x00000006c2def6d8,0x00000006c4500000)
  to   space 108544K, 0% used [0x00000006b7780000,0x00000006b7780000,0x00000006be180000)
 ParOldGen       total 455168K, used 252993K [0x00000003c0000000, 0x00000003dbc80000, 0x000000066ab00000)
  object space 455168K, 55% used [0x00000003c0000000,0x00000003cf7107e8,0x00000003dbc80000)
 Metaspace       used 97247K, capacity 98311K, committed 98520K, reserved 1134592K
  class space    used 12951K, capacity 13202K, committed 13312K, reserved 1048576K
}
Event: 62.423 GC heap before
{Heap before GC invocations=55 (full 8):
 PSYoungGen      total 1359872K, used 1336253K [0x000000066ab00000, 0x00000006c5e80000, 0x00000007c0000000)
  eden space 1257984K, 100% used [0x000000066ab00000,0x00000006b7780000,0x00000006b7780000)
  from space 101888K, 76% used [0x00000006be180000,0x00000006c2def6d8,0x00000006c4500000)
  to   space 108544K, 0% used [0x00000006b7780000,0x00000006b7780000,0x00000006be180000)
 ParOldGen       total 455168K, used 252993K [0x00000003c0000000, 0x00000003dbc80000, 0x000000066ab00000)
  object space 455168K, 55% used [0x00000003c0000000,0x00000003cf7107e8,0x00000003dbc80000)
 Metaspace       used 97266K, capacity 98375K, committed 98520K, reserved 1134592K
  class space    used 12951K, capacity 13202K, committed 13312K, reserved 1048576K
Event: 62.442 GC heap after
Heap after GC invocations=55 (full 8):
 PSYoungGen      total 1366528K, used 29120K [0x000000066ab00000, 0x00000006ca400000, 0x00000007c0000000)
  eden space 1257984K, 0% used [0x000000066ab00000,0x000000066ab00000,0x00000006b7780000)
  from space 108544K, 26% used [0x00000006b7780000,0x00000006b93f02e8,0x00000006be180000)
  to   space 105984K, 0% used [0x00000006c3c80000,0x00000006c3c80000,0x00000006ca400000)
 ParOldGen       total 455168K, used 252993K [0x00000003c0000000, 0x00000003dbc80000, 0x000000066ab00000)
  object space 455168K, 55% used [0x00000003c0000000,0x00000003cf7107e8,0x00000003dbc80000)
 Metaspace       used 97266K, capacity 98375K, committed 98520K, reserved 1134592K
  class space    used 12951K, capacity 13202K, committed 13312K, reserved 1048576K
}
Event: 63.996 GC heap before
{Heap before GC invocations=56 (full 8):
 PSYoungGen      total 1366528K, used 1287104K [0x000000066ab00000, 0x00000006ca400000, 0x00000007c0000000)
  eden space 1257984K, 100% used [0x000000066ab00000,0x00000006b7780000,0x00000006b7780000)
  from space 108544K, 26% used [0x00000006b7780000,0x00000006b93f02e8,0x00000006be180000)
  to   space 105984K, 0% used [0x00000006c3c80000,0x00000006c3c80000,0x00000006ca400000)
 ParOldGen       total 455168K, used 252993K [0x00000003c0000000, 0x00000003dbc80000, 0x000000066ab00000)
  object space 455168K, 55% used [0x00000003c0000000,0x00000003cf7107e8,0x00000003dbc80000)
 Metaspace       used 97289K, capacity 98375K, committed 98520K, reserved 1134592K
  class space    used 12951K, capacity 13202K, committed 13312K, reserved 1048576K
Event: 64.024 GC heap after
Heap after GC invocations=56 (full 8):
 PSYoungGen      total 1439232K, used 28535K [0x000000066ab00000, 0x00000006c9700000, 0x00000007c0000000)
  eden space 1346560K, 0% used [0x000000066ab00000,0x000000066ab00000,0x00000006bce00000)
  from space 92672K, 30% used [0x00000006c3c80000,0x00000006c585ddc8,0x00000006c9700000)
  to   space 102912K, 0% used [0x00000006bce00000,0x00000006bce00000,0x00000006c3280000)
 ParOldGen       total 455168K, used 252993K [0x00000003c0000000, 0x00000003dbc80000, 0x000000066ab00000)
  object space 455168K, 55% used [0x00000003c0000000,0x00000003cf7107e8,0x00000003dbc80000)
 Metaspace       used 97289K, capacity 98375K, committed 98520K, reserved 1134592K
  class space    used 12951K, capacity 13202K, committed 13312K, reserved 1048576K
}
Event: 65.756 GC heap before
{Heap before GC invocations=57 (full 8):
 PSYoungGen      total 1439232K, used 1375095K [0x000000066ab00000, 0x00000006c9700000, 0x00000007c0000000)
  eden space 1346560K, 100% used [0x000000066ab00000,0x00000006bce00000,0x00000006bce00000)
  from space 92672K, 30% used [0x00000006c3c80000,0x00000006c585ddc8,0x00000006c9700000)
  to   space 102912K, 0% used [0x00000006bce00000,0x00000006bce00000,0x00000006c3280000)
 ParOldGen       total 455168K, used 252993K [0x00000003c0000000, 0x00000003dbc80000, 0x000000066ab00000)
  object space 455168K, 55% used [0x00000003c0000000,0x00000003cf7107e8,0x00000003dbc80000)
 Metaspace       used 97295K, capacity 98375K, committed 98520K, reserved 1134592K
  class space    used 12951K, capacity 13202K, committed 13312K, reserved 1048576K
Event: 65.777 GC heap after
Heap after GC invocations=57 (full 8):
 PSYoungGen      total 1449472K, used 27984K [0x000000066ab00000, 0x00000006ce080000, 0x00000007c0000000)
  eden space 1346560K, 0% used [0x000000066ab00000,0x000000066ab00000,0x00000006bce00000)
  from space 102912K, 27% used [0x00000006bce00000,0x00000006be9541c8,0x00000006c3280000)
  to   space 99840K, 0% used [0x00000006c7f00000,0x00000006c7f00000,0x00000006ce080000)
 ParOldGen       total 455168K, used 252993K [0x00000003c0000000, 0x00000003dbc80000, 0x000000066ab00000)
  object space 455168K, 55% used [0x00000003c0000000,0x00000003cf7107e8,0x00000003dbc80000)
 Metaspace       used 97295K, capacity 98375K, committed 98520K, reserved 1134592K
  class space    used 12951K, capacity 13202K, committed 13312K, reserved 1048576K
}
Event: 67.689 GC heap before
{Heap before GC invocations=58 (full 8):
 PSYoungGen      total 1449472K, used 1374544K [0x000000066ab00000, 0x00000006ce080000, 0x00000007c0000000)
  eden space 1346560K, 100% used [0x000000066ab00000,0x00000006bce00000,0x00000006bce00000)
  from space 102912K, 27% used [0x00000006bce00000,0x00000006be9541c8,0x00000006c3280000)
  to   space 99840K, 0% used [0x00000006c7f00000,0x00000006c7f00000,0x00000006ce080000)
 ParOldGen       total 455168K, used 252993K [0x00000003c0000000, 0x00000003dbc80000, 0x000000066ab00000)
  object space 455168K, 55% used [0x00000003c0000000,0x00000003cf7107e8,0x00000003dbc80000)
 Metaspace       used 97295K, capacity 98375K, committed 98520K, reserved 1134592K
  class space    used 12951K, capacity 13202K, committed 13312K, reserved 1048576K
Event: 67.715 GC heap after
Heap after GC invocations=58 (full 8):
 PSYoungGen      total 1507328K, used 28959K [0x000000066ab00000, 0x00000006cd300000, 0x00000007c0000000)
  eden space 1421312K, 0% used [0x000000066ab00000,0x000000066ab00000,0x00000006c1700000)
  from space 86016K, 33% used [0x00000006c7f00000,0x00000006c9b47f30,0x00000006cd300000)
  to   space 96256K, 0% used [0x00000006c1700000,0x00000006c1700000,0x00000006c7500000)
 ParOldGen       total 455168K, used 252993K [0x00000003c0000000, 0x00000003dbc80000, 0x000000066ab00000)
  object space 455168K, 55% used [0x00000003c0000000,0x00000003cf7107e8,0x00000003dbc80000)
 Metaspace       used 97295K, capacity 98375K, committed 98520K, reserved 1134592K
  class space    used 12951K, capacity 13202K, committed 13312K, reserved 1048576K
}
Event: 69.651 GC heap before
{Heap before GC invocations=59 (full 8):
 PSYoungGen      total 1507328K, used 1450271K [0x000000066ab00000, 0x00000006cd300000, 0x00000007c0000000)
  eden space 1421312K, 100% used [0x000000066ab00000,0x00000006c1700000,0x00000006c1700000)
  from space 86016K, 33% used [0x00000006c7f00000,0x00000006c9b47f30,0x00000006cd300000)
  to   space 96256K, 0% used [0x00000006c1700000,0x00000006c1700000,0x00000006c7500000)
 ParOldGen       total 455168K, used 252993K [0x00000003c0000000, 0x00000003dbc80000, 0x000000066ab00000)
  object space 455168K, 55% used [0x00000003c0000000,0x00000003cf7107e8,0x00000003dbc80000)
 Metaspace       used 97825K, capacity 98949K, committed 99032K, reserved 1134592K
  class space    used 12983K, capacity 13239K, committed 13312K, reserved 1048576K
Event: 69.720 GC heap after
Heap after GC invocations=59 (full 8):
 PSYoungGen      total 1517568K, used 96254K [0x000000066ab00000, 0x00000006d4680000, 0x00000007c0000000)
  eden space 1421312K, 0% used [0x000000066ab00000,0x000000066ab00000,0x00000006c1700000)
  from space 96256K, 99% used [0x00000006c1700000,0x00000006c74ffa20,0x00000006c7500000)
  to   space 111616K, 0% used [0x00000006cd980000,0x00000006cd980000,0x00000006d4680000)
 ParOldGen       total 455168K, used 253493K [0x00000003c0000000, 0x00000003dbc80000, 0x000000066ab00000)
  object space 455168K, 55% used [0x00000003c0000000,0x00000003cf78d5b8,0x00000003dbc80000)
 Metaspace       used 97825K, capacity 98949K, committed 99032K, reserved 1134592K
  class space    used 12983K, capacity 13239K, committed 13312K, reserved 1048576K
}
Event: 71.519 GC heap before
{Heap before GC invocations=60 (full 8):
 PSYoungGen      total 1517568K, used 1517566K [0x000000066ab00000, 0x00000006d4680000, 0x00000007c0000000)
  eden space 1421312K, 100% used [0x000000066ab00000,0x00000006c1700000,0x00000006c1700000)
  from space 96256K, 99% used [0x00000006c1700000,0x00000006c74ffa20,0x00000006c7500000)
  to   space 111616K, 0% used [0x00000006cd980000,0x00000006cd980000,0x00000006d4680000)
 ParOldGen       total 455168K, used 253493K [0x00000003c0000000, 0x00000003dbc80000, 0x000000066ab00000)
  object space 455168K, 55% used [0x00000003c0000000,0x00000003cf78d5b8,0x00000003dbc80000)
 Metaspace       used 97830K, capacity 98949K, committed 99032K, reserved 1134592K
  class space    used 12983K, capacity 13239K, committed 13312K, reserved 1048576K
Event: 71.641 GC heap after
Heap after GC invocations=60 (full 8):
 PSYoungGen      total 1610240K, used 92807K [0x000000066ab00000, 0x00000006d7000000, 0x00000007c0000000)
  eden space 1498624K, 0% used [0x000000066ab00000,0x000000066ab00000,0x00000006c6280000)
  from space 111616K, 83% used [0x00000006cd980000,0x00000006d3421f98,0x00000006d4680000)
  to   space 121856K, 0% used [0x00000006c6280000,0x00000006c6280000,0x00000006cd980000)
 ParOldGen       total 455168K, used 253501K [0x00000003c0000000, 0x00000003dbc80000, 0x000000066ab00000)
  object space 455168K, 55% used [0x00000003c0000000,0x00000003cf78f5b8,0x00000003dbc80000)
 Metaspace       used 97830K, capacity 98949K, committed 99032K, reserved 1134592K
  class space    used 12983K, capacity 13239K, committed 13312K, reserved 1048576K
}
Event: 73.641 GC heap before
{Heap before GC invocations=61 (full 8):
 PSYoungGen      total 1610240K, used 1591431K [0x000000066ab00000, 0x00000006d7000000, 0x00000007c0000000)
  eden space 1498624K, 100% used [0x000000066ab00000,0x00000006c6280000,0x00000006c6280000)
  from space 111616K, 83% used [0x00000006cd980000,0x00000006d3421f98,0x00000006d4680000)
  to   space 121856K, 0% used [0x00000006c6280000,0x00000006c6280000,0x00000006cd980000)
 ParOldGen       total 455168K, used 253501K [0x00000003c0000000, 0x00000003dbc80000, 0x000000066ab00000)
  object space 455168K, 55% used [0x00000003c0000000,0x00000003cf78f5b8,0x00000003dbc80000)
 Metaspace       used 97830K, capacity 98949K, committed 99032K, reserved 1134592K
  class space    used 12983K, capacity 13239K, committed 13312K, reserved 1048576K
Event: 73.713 GC heap after
Heap after GC invocations=61 (full 8):
 PSYoungGen      total 1620480K, used 92219K [0x000000066ab00000, 0x00000006dd180000, 0x00000007c0000000)
  eden space 1498624K, 0% used [0x000000066ab00000,0x000000066ab00000,0x00000006c6280000)
  from space 121856K, 75% used [0x00000006c6280000,0x00000006cbc8ef60,0x00000006cd980000)
  to   space 130048K, 0% used [0x00000006d5280000,0x00000006d5280000,0x00000006dd180000)
 ParOldGen       total 455168K, used 253501K [0x00000003c0000000, 0x00000003dbc80000, 0x000000066ab00000)
  object space 455168K, 55% used [0x00000003c0000000,0x00000003cf78f5b8,0x00000003dbc80000)
 Metaspace       used 97830K, capacity 98949K, committed 99032K, reserved 1134592K
  class space    used 12983K, capacity 13239K, committed 13312K, reserved 1048576K
}
Event: 75.785 GC heap before
{Heap before GC invocations=62 (full 8):
 PSYoungGen      total 1620480K, used 1590843K [0x000000066ab00000, 0x00000006dd180000, 0x00000007c0000000)
  eden space 1498624K, 100% used [0x000000066ab00000,0x00000006c6280000,0x00000006c6280000)
  from space 121856K, 75% used [0x00000006c6280000,0x00000006cbc8ef60,0x00000006cd980000)
  to   space 130048K, 0% used [0x00000006d5280000,0x00000006d5280000,0x00000006dd180000)
 ParOldGen       total 455168K, used 253501K [0x00000003c0000000, 0x00000003dbc80000, 0x000000066ab00000)
  object space 455168K, 55% used [0x00000003c0000000,0x00000003cf78f5b8,0x00000003dbc80000)
 Metaspace       used 97836K, capacity 98949K, committed 99032K, reserved 1134592K
  class space    used 12983K, capacity 13239K, committed 13312K, reserved 1048576K
Event: 75.817 GC heap after
Heap after GC invocations=62 (full 8):
 PSYoungGen      total 1717760K, used 27200K [0x000000066ab00000, 0x00000006dc200000, 0x00000007c0000000)
  eden space 1603584K, 0% used [0x000000066ab00000,0x000000066ab00000,0x00000006cc900000)
  from space 114176K, 23% used [0x00000006d5280000,0x00000006d6d10138,0x00000006dc200000)
  to   space 127488K, 0% used [0x00000006cc900000,0x00000006cc900000,0x00000006d4580000)
 ParOldGen       total 455168K, used 256172K [0x00000003c0000000, 0x00000003dbc80000, 0x000000066ab00000)
  object space 455168K, 56% used [0x00000003c0000000,0x00000003cfa2b358,0x00000003dbc80000)
 Metaspace       used 97836K, capacity 98949K, committed 99032K, reserved 1134592K
  class space    used 12983K, capacity 13239K, committed 13312K, reserved 1048576K
}
Event: 77.828 GC heap before
{Heap before GC invocations=63 (full 8):
 PSYoungGen      total 1717760K, used 1630784K [0x000000066ab00000, 0x00000006dc200000, 0x00000007c0000000)
  eden space 1603584K, 100% used [0x000000066ab00000,0x00000006cc900000,0x00000006cc900000)
  from space 114176K, 23% used [0x00000006d5280000,0x00000006d6d10138,0x00000006dc200000)
  to   space 127488K, 0% used [0x00000006cc900000,0x00000006cc900000,0x00000006d4580000)
 ParOldGen       total 455168K, used 256172K [0x00000003c0000000, 0x00000003dbc80000, 0x000000066ab00000)
  object space 455168K, 56% used [0x00000003c0000000,0x00000003cfa2b358,0x00000003dbc80000)
 Metaspace       used 97928K, capacity 99089K, committed 99288K, reserved 1134592K
  class space    used 12984K, capacity 13241K, committed 13312K, reserved 1048576K
Event: 77.900 GC heap after
Heap after GC invocations=63 (full 8):
 PSYoungGen      total 1731072K, used 94687K [0x000000066ab00000, 0x00000006e4280000, 0x00000007c0000000)
  eden space 1603584K, 0% used [0x000000066ab00000,0x000000066ab00000,0x00000006cc900000)
  from space 127488K, 74% used [0x00000006cc900000,0x00000006d2577d00,0x00000006d4580000)
  to   space 135680K, 0% used [0x00000006dbe00000,0x00000006dbe00000,0x00000006e4280000)
 ParOldGen       total 455168K, used 256748K [0x00000003c0000000, 0x00000003dbc80000, 0x000000066ab00000)
  object space 455168K, 56% used [0x00000003c0000000,0x00000003cfabb368,0x00000003dbc80000)
 Metaspace       used 97928K, capacity 99089K, committed 99288K, reserved 1134592K
  class space    used 12984K, capacity 13241K, committed 13312K, reserved 1048576K
}
Event: 79.900 GC heap before
{Heap before GC invocations=64 (full 8):
 PSYoungGen      total 1731072K, used 1698271K [0x000000066ab00000, 0x00000006e4280000, 0x00000007c0000000)
  eden space 1603584K, 100% used [0x000000066ab00000,0x00000006cc900000,0x00000006cc900000)
  from space 127488K, 74% used [0x00000006cc900000,0x00000006d2577d00,0x00000006d4580000)
  to   space 135680K, 0% used [0x00000006dbe00000,0x00000006dbe00000,0x00000006e4280000)
 ParOldGen       total 455168K, used 256748K [0x00000003c0000000, 0x00000003dbc80000, 0x000000066ab00000)
  object space 455168K, 56% used [0x00000003c0000000,0x00000003cfabb368,0x00000003dbc80000)
 Metaspace       used 97932K, capacity 99089K, committed 99288K, reserved 1134592K
  class space    used 12984K, capacity 13241K, committed 13312K, reserved 1048576K
Event: 79.995 GC heap after
Heap after GC invocations=64 (full 8):
 PSYoungGen      total 1850880K, used 88307K [0x000000066ab00000, 0x00000006e5200000, 0x00000007c0000000)
  eden space 1715200K, 0% used [0x000000066ab00000,0x000000066ab00000,0x00000006d3600000)
  from space 135680K, 65% used [0x00000006dbe00000,0x00000006e143cfa0,0x00000006e4280000)
  to   space 139264K, 0% used [0x00000006d3600000,0x00000006d3600000,0x00000006dbe00000)
 ParOldGen       total 455168K, used 257686K [0x00000003c0000000, 0x00000003dbc80000, 0x000000066ab00000)
  object space 455168K, 56% used [0x00000003c0000000,0x00000003cfba59f8,0x00000003dbc80000)
 Metaspace       used 97932K, capacity 99089K, committed 99288K, reserved 1134592K
  class space    used 12984K, capacity 13241K, committed 13312K, reserved 1048576K
}
Event: 82.114 GC heap before
{Heap before GC invocations=65 (full 8):
 PSYoungGen      total 1850880K, used 1803507K [0x000000066ab00000, 0x00000006e5200000, 0x00000007c0000000)
  eden space 1715200K, 100% used [0x000000066ab00000,0x00000006d3600000,0x00000006d3600000)
  from space 135680K, 65% used [0x00000006dbe00000,0x00000006e143cfa0,0x00000006e4280000)
  to   space 139264K, 0% used [0x00000006d3600000,0x00000006d3600000,0x00000006dbe00000)
 ParOldGen       total 455168K, used 257686K [0x00000003c0000000, 0x00000003dbc80000, 0x000000066ab00000)
  object space 455168K, 56% used [0x00000003c0000000,0x00000003cfba59f8,0x00000003dbc80000)
 Metaspace       used 97933K, capacity 99089K, committed 99288K, reserved 1134592K
  class space    used 12984K, capacity 13241K, committed 13312K, reserved 1048576K
Event: 82.184 GC heap after
Heap after GC invocations=65 (full 8):
 PSYoungGen      total 1854464K, used 88542K [0x000000066ab00000, 0x00000006ec500000, 0x00000007c0000000)
  eden space 1715200K, 0% used [0x000000066ab00000,0x000000066ab00000,0x00000006d3600000)
  from space 139264K, 63% used [0x00000006d3600000,0x00000006d8c77970,0x00000006dbe00000)
  to   space 141824K, 0% used [0x00000006e3a80000,0x00000006e3a80000,0x00000006ec500000)
 ParOldGen       total 455168K, used 258283K [0x00000003c0000000, 0x00000003dbc80000, 0x000000066ab00000)
  object space 455168K, 56% used [0x00000003c0000000,0x00000003cfc3ac60,0x00000003dbc80000)
 Metaspace       used 97933K, capacity 99089K, committed 99288K, reserved 1134592K
  class space    used 12984K, capacity 13241K, committed 13312K, reserved 1048576K
}
Event: 84.513 GC heap before
{Heap before GC invocations=66 (full 8):
 PSYoungGen      total 1854464K, used 1803742K [0x000000066ab00000, 0x00000006ec500000, 0x00000007c0000000)
  eden space 1715200K, 100% used [0x000000066ab00000,0x00000006d3600000,0x00000006d3600000)
  from space 139264K, 63% used [0x00000006d3600000,0x00000006d8c77970,0x00000006dbe00000)
  to   space 141824K, 0% used [0x00000006e3a80000,0x00000006e3a80000,0x00000006ec500000)
 ParOldGen       total 455168K, used 258283K [0x00000003c0000000, 0x00000003dbc80000, 0x000000066ab00000)
  object space 455168K, 56% used [0x00000003c0000000,0x00000003cfc3ac60,0x00000003dbc80000)
 Metaspace       used 97936K, capacity 99089K, committed 99288K, reserved 1134592K
  class space    used 12984K, capacity 13241K, committed 13312K, reserved 1048576K
Event: 84.533 GC heap after
Heap after GC invocations=66 (full 8):
 PSYoungGen      total 1949184K, used 19918K [0x000000066ab00000, 0x00000006eb480000, 0x00000007c0000000)
  eden space 1824256K, 0% used [0x000000066ab00000,0x000000066ab00000,0x00000006da080000)
  from space 124928K, 15% used [0x00000006e3a80000,0x00000006e4df3b20,0x00000006eb480000)
  to   space 141312K, 0% used [0x00000006da080000,0x00000006da080000,0x00000006e2a80000)
 ParOldGen       total 455168K, used 263644K [0x00000003c0000000, 0x00000003dbc80000, 0x000000066ab00000)
  object space 455168K, 57% used [0x00000003c0000000,0x00000003d0177228,0x00000003dbc80000)
 Metaspace       used 97936K, capacity 99089K, committed 99288K, reserved 1134592K
  class space    used 12984K, capacity 13241K, committed 13312K, reserved 1048576K
}
Event: 86.856 GC heap before
{Heap before GC invocations=67 (full 8):
 PSYoungGen      total 1949184K, used 1844174K [0x000000066ab00000, 0x00000006eb480000, 0x00000007c0000000)
  eden space 1824256K, 100% used [0x000000066ab00000,0x00000006da080000,0x00000006da080000)
  from space 124928K, 15% used [0x00000006e3a80000,0x00000006e4df3b20,0x00000006eb480000)
  to   space 141312K, 0% used [0x00000006da080000,0x00000006da080000,0x00000006e2a80000)
 ParOldGen       total 455168K, used 263644K [0x00000003c0000000, 0x00000003dbc80000, 0x000000066ab00000)
  object space 455168K, 57% used [0x00000003c0000000,0x00000003d0177228,0x00000003dbc80000)
 Metaspace       used 98026K, capacity 99171K, committed 99288K, reserved 1134592K
  class space    used 12985K, capacity 13244K, committed 13312K, reserved 1048576K
Event: 86.924 GC heap after
Heap after GC invocations=67 (full 8):
 PSYoungGen      total 1965568K, used 82365K [0x000000066ab00000, 0x00000006f2780000, 0x00000007c0000000)
  eden space 1824256K, 0% used [0x000000066ab00000,0x000000066ab00000,0x00000006da080000)
  from space 141312K, 58% used [0x00000006da080000,0x00000006df0ef4a8,0x00000006e2a80000)
  to   space 141824K, 0% used [0x00000006e9d00000,0x00000006e9d00000,0x00000006f2780000)
 ParOldGen       total 455168K, used 266041K [0x00000003c0000000, 0x00000003dbc80000, 0x000000066ab00000)
  object space 455168K, 58% used [0x00000003c0000000,0x00000003d03ce6c8,0x00000003dbc80000)
 Metaspace       used 98026K, capacity 99171K, committed 99288K, reserved 1134592K
  class space    used 12985K, capacity 13244K, committed 13312K, reserved 1048576K
}
Event: 89.161 GC heap before
{Heap before GC invocations=68 (full 8):
 PSYoungGen      total 1965568K, used 1906621K [0x000000066ab00000, 0x00000006f2780000, 0x00000007c0000000)
  eden space 1824256K, 100% used [0x000000066ab00000,0x00000006da080000,0x00000006da080000)
  from space 141312K, 58% used [0x00000006da080000,0x00000006df0ef4a8,0x00000006e2a80000)
  to   space 141824K, 0% used [0x00000006e9d00000,0x00000006e9d00000,0x00000006f2780000)
 ParOldGen       total 455168K, used 266041K [0x00000003c0000000, 0x00000003dbc80000, 0x000000066ab00000)
  object space 455168K, 58% used [0x00000003c0000000,0x00000003d03ce6c8,0x00000003dbc80000)
 Metaspace       used 98027K, capacity 99171K, committed 99288K, reserved 1134592K
  class space    used 12985K, capacity 13244K, committed 13312K, reserved 1048576K
Event: 89.248 GC heap after
Heap after GC invocations=68 (full 8):
 PSYoungGen      total 2083840K, used 80019K [0x000000066ab00000, 0x00000006f2c00000, 0x00000007c0000000)
  eden space 1942016K, 0% used [0x000000066ab00000,0x000000066ab00000,0x00000006e1380000)
  from space 141824K, 56% used [0x00000006e9d00000,0x00000006eeb24c68,0x00000006f2780000)
  to   space 140800K, 0% used [0x00000006e1380000,0x00000006e1380000,0x00000006e9d00000)
 ParOldGen       total 455168K, used 266057K [0x00000003c0000000, 0x00000003dbc80000, 0x000000066ab00000)
  object space 455168K, 58% used [0x00000003c0000000,0x00000003d03d26c8,0x00000003dbc80000)
 Metaspace       used 98027K, capacity 99171K, committed 99288K, reserved 1134592K
  class space    used 12985K, capacity 13244K, committed 13312K, reserved 1048576K
}
Event: 91.847 GC heap before
{Heap before GC invocations=69 (full 8):
 PSYoungGen      total 2083840K, used 2022035K [0x000000066ab00000, 0x00000006f2c00000, 0x00000007c0000000)
  eden space 1942016K, 100% used [0x000000066ab00000,0x00000006e1380000,0x00000006e1380000)
  from space 141824K, 56% used [0x00000006e9d00000,0x00000006eeb24c68,0x00000006f2780000)
  to   space 140800K, 0% used [0x00000006e1380000,0x00000006e1380000,0x00000006e9d00000)
 ParOldGen       total 455168K, used 266057K [0x00000003c0000000, 0x00000003dbc80000, 0x000000066ab00000)
  object space 455168K, 58% used [0x00000003c0000000,0x00000003d03d26c8,0x00000003dbc80000)
 Metaspace       used 98027K, capacity 99171K, committed 99288K, reserved 1134592K
  class space    used 12985K, capacity 13244K, committed 13312K, reserved 1048576K
Event: 91.869 GC heap after
Heap after GC invocations=69 (full 8):
 PSYoungGen      total 2082816K, used 18042K [0x000000066ab00000, 0x00000006f9680000, 0x00000007c0000000)
  eden space 1942016K, 0% used [0x000000066ab00000,0x000000066ab00000,0x00000006e1380000)
  from space 140800K, 12% used [0x00000006e1380000,0x00000006e251ea08,0x00000006e9d00000)
  to   space 140800K, 0% used [0x00000006f0d00000,0x00000006f0d00000,0x00000006f9680000)
 ParOldGen       total 455168K, used 266057K [0x00000003c0000000, 0x00000003dbc80000, 0x000000066ab00000)
  object space 455168K, 58% used [0x00000003c0000000,0x00000003d03d26c8,0x00000003dbc80000)
 Metaspace       used 98027K, capacity 99171K, committed 99288K, reserved 1134592K
  class space    used 12985K, capacity 13244K, committed 13312K, reserved 1048576K
}
Event: 94.438 GC heap before
{Heap before GC invocations=70 (full 8):
 PSYoungGen      total 2082816K, used 1960058K [0x000000066ab00000, 0x00000006f9680000, 0x00000007c0000000)
  eden space 1942016K, 100% used [0x000000066ab00000,0x00000006e1380000,0x00000006e1380000)
  from space 140800K, 12% used [0x00000006e1380000,0x00000006e251ea08,0x00000006e9d00000)
  to   space 140800K, 0% used [0x00000006f0d00000,0x00000006f0d00000,0x00000006f9680000)
 ParOldGen       total 455168K, used 266057K [0x00000003c0000000, 0x00000003dbc80000, 0x000000066ab00000)
  object space 455168K, 58% used [0x00000003c0000000,0x00000003d03d26c8,0x00000003dbc80000)
 Metaspace       used 98102K, capacity 99247K, committed 99544K, reserved 1136640K
  class space    used 12987K, capacity 13246K, committed 13312K, reserved 1048576K
Event: 94.520 GC heap after
Heap after GC invocations=70 (full 8):
 PSYoungGen      total 2195456K, used 86327K [0x000000066ab00000, 0x00000006f9f00000, 0x00000007c0000000)
  eden space 2054656K, 0% used [0x000000066ab00000,0x000000066ab00000,0x00000006e8180000)
  from space 140800K, 61% used [0x00000006f0d00000,0x00000006f614def0,0x00000006f9680000)
  to   space 142848K, 0% used [0x00000006e8180000,0x00000006e8180000,0x00000006f0d00000)
 ParOldGen       total 455168K, used 266065K [0x00000003c0000000, 0x00000003dbc80000, 0x000000066ab00000)
  object space 455168K, 58% used [0x00000003c0000000,0x00000003d03d46c8,0x00000003dbc80000)
 Metaspace       used 98102K, capacity 99247K, committed 99544K, reserved 1136640K
  class space    used 12987K, capacity 13246K, committed 13312K, reserved 1048576K
}
Event: 97.008 GC heap before
{Heap before GC invocations=71 (full 8):
 PSYoungGen      total 2195456K, used 2140983K [0x000000066ab00000, 0x00000006f9f00000, 0x00000007c0000000)
  eden space 2054656K, 100% used [0x000000066ab00000,0x00000006e8180000,0x00000006e8180000)
  from space 140800K, 61% used [0x00000006f0d00000,0x00000006f614def0,0x00000006f9680000)
  to   space 142848K, 0% used [0x00000006e8180000,0x00000006e8180000,0x00000006f0d00000)
 ParOldGen       total 455168K, used 266065K [0x00000003c0000000, 0x00000003dbc80000, 0x000000066ab00000)
  object space 455168K, 58% used [0x00000003c0000000,0x00000003d03d46c8,0x00000003dbc80000)
 Metaspace       used 98114K, capacity 99247K, committed 99544K, reserved 1136640K
  class space    used 12987K, capacity 13246K, committed 13312K, reserved 1048576K

