# JRE version: OpenJDK Runtime Environment (8.0_252-b09) (build 1.8.0_252-b09)
# Java VM: OpenJDK 64-Bit Server VM (25.252-b09 mixed mode linux-amd64 compressed oops)
Heap:
 PSYoungGen      total 2304000K, used 80383K [0x000000066ab00000, 0x00000006fe700000, 0x00000007c0000000)
  eden space 2223616K, 0% used [0x000000066ab00000,0x000000066ab00000,0x00000006f2680000)
  from space 80384K, 99% used [0x00000006f9880000,0x00000006fe6ffc28,0x00000006fe700000)
  to   space 86016K, 0% used [0x00000006f2680000,0x00000006f2680000,0x00000006f7a80000)
 ParOldGen       total 421888K, used 368317K [0x00000003c0000000, 0x00000003d9c00000, 0x000000066ab00000)
  object space 421888K, 87% used [0x00000003c0000000,0x00000003d67af458,0x00000003d9c00000)
 Metaspace       used 99837K, capacity 101121K, committed 101208K, reserved 1136640K
  class space    used 13108K, capacity 13397K, committed 13400K, reserved 1048576K
GC Heap History (147 events):
Event: 0.550 GC heap before
{Heap before GC invocations=1 (full 0):
 PSYoungGen      total 18432K, used 15872K [0x000000066ab00000, 0x000000066bf80000, 0x00000007c0000000)
  eden space 15872K, 100% used [0x000000066ab00000,0x000000066ba80000,0x000000066ba80000)
  from space 2560K, 0% used [0x000000066bd00000,0x000000066bd00000,0x000000066bf80000)
  to   space 2560K, 0% used [0x000000066ba80000,0x000000066ba80000,0x000000066bd00000)
 ParOldGen       total 42496K, used 0K [0x00000003c0000000, 0x00000003c2980000, 0x000000066ab00000)
  object space 42496K, 0% used [0x00000003c0000000,0x00000003c0000000,0x00000003c2980000)
 Metaspace       used 4969K, capacity 5944K, committed 6016K, reserved 1056768K
  class space    used 542K, capacity 616K, committed 640K, reserved 1048576K
Event: 0.554 GC heap after
Heap after GC invocations=1 (full 0):
 PSYoungGen      total 18432K, used 2555K [0x000000066ab00000, 0x000000066bf80000, 0x00000007c0000000)
  eden space 15872K, 0% used [0x000000066ab00000,0x000000066ab00000,0x000000066ba80000)
  from space 2560K, 99% used [0x000000066ba80000,0x000000066bcfeca0,0x000000066bd00000)
  to   space 2560K, 0% used [0x000000066bd00000,0x000000066bd00000,0x000000066bf80000)
 ParOldGen       total 42496K, used 474K [0x00000003c0000000, 0x00000003c2980000, 0x000000066ab00000)
  object space 42496K, 1% used [0x00000003c0000000,0x00000003c0076a60,0x00000003c2980000)
 Metaspace       used 4969K, capacity 5944K, committed 6016K, reserved 1056768K
  class space    used 542K, capacity 616K, committed 640K, reserved 1048576K
}
Event: 1.137 GC heap before
{Heap before GC invocations=2 (full 0):
 PSYoungGen      total 18432K, used 18427K [0x000000066ab00000, 0x000000066bf80000, 0x00000007c0000000)
  eden space 15872K, 100% used [0x000000066ab00000,0x000000066ba80000,0x000000066ba80000)
  from space 2560K, 99% used [0x000000066ba80000,0x000000066bcfeca0,0x000000066bd00000)
  to   space 2560K, 0% used [0x000000066bd00000,0x000000066bd00000,0x000000066bf80000)
 ParOldGen       total 42496K, used 474K [0x00000003c0000000, 0x00000003c2980000, 0x000000066ab00000)
  object space 42496K, 1% used [0x00000003c0000000,0x00000003c0076a60,0x00000003c2980000)
 Metaspace       used 9294K, capacity 9376K, committed 9472K, reserved 1056768K
  class space    used 1220K, capacity 1232K, committed 1280K, reserved 1048576K
Event: 1.141 GC heap after
Heap after GC invocations=2 (full 0):
 PSYoungGen      total 18432K, used 2556K [0x000000066ab00000, 0x000000066bf80000, 0x00000007c0000000)
  eden space 15872K, 0% used [0x000000066ab00000,0x000000066ab00000,0x000000066ba80000)
  from space 2560K, 99% used [0x000000066bd00000,0x000000066bf7f310,0x000000066bf80000)
  to   space 2560K, 0% used [0x000000066ba80000,0x000000066ba80000,0x000000066bd00000)
 ParOldGen       total 42496K, used 1592K [0x00000003c0000000, 0x00000003c2980000, 0x000000066ab00000)
  object space 42496K, 3% used [0x00000003c0000000,0x00000003c018e270,0x00000003c2980000)
 Metaspace       used 9294K, capacity 9376K, committed 9472K, reserved 1056768K
  class space    used 1220K, capacity 1232K, committed 1280K, reserved 1048576K
}
Event: 1.463 GC heap before
{Heap before GC invocations=3 (full 0):
 PSYoungGen      total 18432K, used 18428K [0x000000066ab00000, 0x000000066bf80000, 0x00000007c0000000)
  eden space 15872K, 100% used [0x000000066ab00000,0x000000066ba80000,0x000000066ba80000)
  from space 2560K, 99% used [0x000000066bd00000,0x000000066bf7f310,0x000000066bf80000)
  to   space 2560K, 0% used [0x000000066ba80000,0x000000066ba80000,0x000000066bd00000)
 ParOldGen       total 42496K, used 1592K [0x00000003c0000000, 0x00000003c2980000, 0x000000066ab00000)
  object space 42496K, 3% used [0x00000003c0000000,0x00000003c018e270,0x00000003c2980000)
 Metaspace       used 11366K, capacity 11424K, committed 11648K, reserved 1058816K
  class space    used 1531K, capacity 1552K, committed 1664K, reserved 1048576K
Event: 1.467 GC heap after
Heap after GC invocations=3 (full 0):
 PSYoungGen      total 18432K, used 2548K [0x000000066ab00000, 0x000000066bf80000, 0x00000007c0000000)
  eden space 15872K, 0% used [0x000000066ab00000,0x000000066ab00000,0x000000066ba80000)
  from space 2560K, 99% used [0x000000066ba80000,0x000000066bcfd268,0x000000066bd00000)
  to   space 2560K, 0% used [0x000000066bd00000,0x000000066bd00000,0x000000066bf80000)
 ParOldGen       total 42496K, used 2827K [0x00000003c0000000, 0x00000003c2980000, 0x000000066ab00000)
  object space 42496K, 6% used [0x00000003c0000000,0x00000003c02c2f78,0x00000003c2980000)
 Metaspace       used 11366K, capacity 11424K, committed 11648K, reserved 1058816K
  class space    used 1531K, capacity 1552K, committed 1664K, reserved 1048576K
}
Event: 1.680 GC heap before
{Heap before GC invocations=4 (full 0):
 PSYoungGen      total 18432K, used 18420K [0x000000066ab00000, 0x000000066bf80000, 0x00000007c0000000)
  eden space 15872K, 100% used [0x000000066ab00000,0x000000066ba80000,0x000000066ba80000)
  from space 2560K, 99% used [0x000000066ba80000,0x000000066bcfd268,0x000000066bd00000)
  to   space 2560K, 0% used [0x000000066bd00000,0x000000066bd00000,0x000000066bf80000)
 ParOldGen       total 42496K, used 2827K [0x00000003c0000000, 0x00000003c2980000, 0x000000066ab00000)
  object space 42496K, 6% used [0x00000003c0000000,0x00000003c02c2f78,0x00000003c2980000)
 Metaspace       used 12938K, capacity 13056K, committed 13312K, reserved 1060864K
  class space    used 1728K, capacity 1776K, committed 1792K, reserved 1048576K
Event: 1.684 GC heap after
Heap after GC invocations=4 (full 0):
 PSYoungGen      total 18432K, used 2542K [0x000000066ab00000, 0x000000066cf00000, 0x00000007c0000000)
  eden space 15872K, 0% used [0x000000066ab00000,0x000000066ab00000,0x000000066ba80000)
  from space 2560K, 99% used [0x000000066bd00000,0x000000066bf7ba28,0x000000066bf80000)
  to   space 2560K, 0% used [0x000000066ba80000,0x000000066ba80000,0x000000066bd00000)
 ParOldGen       total 42496K, used 3862K [0x00000003c0000000, 0x00000003c2980000, 0x000000066ab00000)
  object space 42496K, 9% used [0x00000003c0000000,0x00000003c03c5988,0x00000003c2980000)
 Metaspace       used 12938K, capacity 13056K, committed 13312K, reserved 1060864K
  class space    used 1728K, capacity 1776K, committed 1792K, reserved 1048576K
}
Event: 1.829 GC heap before
{Heap before GC invocations=5 (full 0):
 PSYoungGen      total 18432K, used 18414K [0x000000066ab00000, 0x000000066cf00000, 0x00000007c0000000)
  eden space 15872K, 100% used [0x000000066ab00000,0x000000066ba80000,0x000000066ba80000)
  from space 2560K, 99% used [0x000000066bd00000,0x000000066bf7ba28,0x000000066bf80000)
  to   space 2560K, 0% used [0x000000066ba80000,0x000000066ba80000,0x000000066bd00000)
 ParOldGen       total 42496K, used 3862K [0x00000003c0000000, 0x00000003c2980000, 0x000000066ab00000)
  object space 42496K, 9% used [0x00000003c0000000,0x00000003c03c5988,0x00000003c2980000)
 Metaspace       used 14361K, capacity 14496K, committed 14848K, reserved 1062912K
  class space    used 1899K, capacity 1936K, committed 2048K, reserved 1048576K
Event: 1.834 GC heap after
Heap after GC invocations=5 (full 0):
 PSYoungGen      total 18432K, used 2542K [0x000000066ab00000, 0x000000066d300000, 0x00000007c0000000)
  eden space 15872K, 0% used [0x000000066ab00000,0x000000066ab00000,0x000000066ba80000)
  from space 2560K, 99% used [0x000000066ba80000,0x000000066bcfba28,0x000000066bd00000)
  to   space 4608K, 0% used [0x000000066ce80000,0x000000066ce80000,0x000000066d300000)
 ParOldGen       total 42496K, used 5242K [0x00000003c0000000, 0x00000003c2980000, 0x000000066ab00000)
  object space 42496K, 12% used [0x00000003c0000000,0x00000003c051e960,0x00000003c2980000)
 Metaspace       used 14361K, capacity 14496K, committed 14848K, reserved 1062912K
  class space    used 1899K, capacity 1936K, committed 2048K, reserved 1048576K
}
Event: 2.179 GC heap before
{Heap before GC invocations=6 (full 0):
 PSYoungGen      total 18432K, used 18414K [0x000000066ab00000, 0x000000066d300000, 0x00000007c0000000)
  eden space 15872K, 100% used [0x000000066ab00000,0x000000066ba80000,0x000000066ba80000)
  from space 2560K, 99% used [0x000000066ba80000,0x000000066bcfba28,0x000000066bd00000)
  to   space 4608K, 0% used [0x000000066ce80000,0x000000066ce80000,0x000000066d300000)
 ParOldGen       total 42496K, used 5242K [0x00000003c0000000, 0x00000003c2980000, 0x000000066ab00000)
  object space 42496K, 12% used [0x00000003c0000000,0x00000003c051e960,0x00000003c2980000)
 Metaspace       used 15273K, capacity 15398K, committed 15616K, reserved 1062912K
  class space    used 1979K, capacity 2001K, committed 2048K, reserved 1048576K
Event: 2.184 GC heap after
Heap after GC invocations=6 (full 0):
 PSYoungGen      total 36352K, used 3603K [0x000000066ab00000, 0x000000066d300000, 0x00000007c0000000)
  eden space 31744K, 0% used [0x000000066ab00000,0x000000066ab00000,0x000000066ca00000)
  from space 4608K, 78% used [0x000000066ce80000,0x000000066d204fc0,0x000000066d300000)
  to   space 4608K, 0% used [0x000000066ca00000,0x000000066ca00000,0x000000066ce80000)
 ParOldGen       total 42496K, used 5250K [0x00000003c0000000, 0x00000003c2980000, 0x000000066ab00000)
  object space 42496K, 12% used [0x00000003c0000000,0x00000003c0520960,0x00000003c2980000)
 Metaspace       used 15273K, capacity 15398K, committed 15616K, reserved 1062912K
  class space    used 1979K, capacity 2001K, committed 2048K, reserved 1048576K
}
Event: 2.509 GC heap before
{Heap before GC invocations=7 (full 0):
 PSYoungGen      total 36352K, used 35347K [0x000000066ab00000, 0x000000066d300000, 0x00000007c0000000)
  eden space 31744K, 100% used [0x000000066ab00000,0x000000066ca00000,0x000000066ca00000)
  from space 4608K, 78% used [0x000000066ce80000,0x000000066d204fc0,0x000000066d300000)
  to   space 4608K, 0% used [0x000000066ca00000,0x000000066ca00000,0x000000066ce80000)
 ParOldGen       total 42496K, used 5250K [0x00000003c0000000, 0x00000003c2980000, 0x000000066ab00000)
  object space 42496K, 12% used [0x00000003c0000000,0x00000003c0520960,0x00000003c2980000)
 Metaspace       used 15637K, capacity 15736K, committed 15872K, reserved 1062912K
  class space    used 1982K, capacity 2004K, committed 2048K, reserved 1048576K
Event: 2.520 GC heap after
Heap after GC invocations=7 (full 0):
 PSYoungGen      total 36352K, used 2800K [0x000000066ab00000, 0x000000066f200000, 0x00000007c0000000)
  eden space 31744K, 0% used [0x000000066ab00000,0x000000066ab00000,0x000000066ca00000)
  from space 4608K, 60% used [0x000000066ca00000,0x000000066ccbc030,0x000000066ce80000)
  to   space 4608K, 0% used [0x000000066ed80000,0x000000066ed80000,0x000000066f200000)
 ParOldGen       total 42496K, used 6810K [0x00000003c0000000, 0x00000003c2980000, 0x000000066ab00000)
  object space 42496K, 16% used [0x00000003c0000000,0x00000003c06a6bf8,0x00000003c2980000)
 Metaspace       used 15637K, capacity 15736K, committed 15872K, reserved 1062912K
  class space    used 1982K, capacity 2004K, committed 2048K, reserved 1048576K
}
Event: 2.734 GC heap before
{Heap before GC invocations=8 (full 0):
 PSYoungGen      total 36352K, used 34544K [0x000000066ab00000, 0x000000066f200000, 0x00000007c0000000)
  eden space 31744K, 100% used [0x000000066ab00000,0x000000066ca00000,0x000000066ca00000)
  from space 4608K, 60% used [0x000000066ca00000,0x000000066ccbc030,0x000000066ce80000)
  to   space 4608K, 0% used [0x000000066ed80000,0x000000066ed80000,0x000000066f200000)
 ParOldGen       total 42496K, used 6810K [0x00000003c0000000, 0x00000003c2980000, 0x000000066ab00000)
  object space 42496K, 16% used [0x00000003c0000000,0x00000003c06a6bf8,0x00000003c2980000)
 Metaspace       used 15838K, capacity 15928K, committed 16128K, reserved 1062912K
  class space    used 1983K, capacity 2004K, committed 2048K, reserved 1048576K
Event: 2.742 GC heap after
Heap after GC invocations=8 (full 0):
 PSYoungGen      total 68096K, used 2672K [0x000000066ab00000, 0x000000066f200000, 0x00000007c0000000)
  eden space 63488K, 0% used [0x000000066ab00000,0x000000066ab00000,0x000000066e900000)
  from space 4608K, 57% used [0x000000066ed80000,0x000000066f01c010,0x000000066f200000)
  to   space 4608K, 0% used [0x000000066e900000,0x000000066e900000,0x000000066ed80000)
 ParOldGen       total 42496K, used 7440K [0x00000003c0000000, 0x00000003c2980000, 0x000000066ab00000)
  object space 42496K, 17% used [0x00000003c0000000,0x00000003c0744388,0x00000003c2980000)
 Metaspace       used 15838K, capacity 15928K, committed 16128K, reserved 1062912K
  class space    used 1983K, capacity 2004K, committed 2048K, reserved 1048576K
}
Event: 3.578 GC heap before
{Heap before GC invocations=9 (full 0):
 PSYoungGen      total 68096K, used 66160K [0x000000066ab00000, 0x000000066f200000, 0x00000007c0000000)
  eden space 63488K, 100% used [0x000000066ab00000,0x000000066e900000,0x000000066e900000)
  from space 4608K, 57% used [0x000000066ed80000,0x000000066f01c010,0x000000066f200000)
  to   space 4608K, 0% used [0x000000066e900000,0x000000066e900000,0x000000066ed80000)
 ParOldGen       total 42496K, used 7440K [0x00000003c0000000, 0x00000003c2980000, 0x000000066ab00000)
  object space 42496K, 17% used [0x00000003c0000000,0x00000003c0744388,0x00000003c2980000)
 Metaspace       used 20349K, capacity 20536K, committed 20864K, reserved 1067008K
  class space    used 2591K, capacity 2664K, committed 2688K, reserved 1048576K
Event: 3.587 GC heap after
Heap after GC invocations=9 (full 0):
 PSYoungGen      total 68096K, used 4579K [0x000000066ab00000, 0x0000000671980000, 0x00000007c0000000)
  eden space 63488K, 0% used [0x000000066ab00000,0x000000066ab00000,0x000000066e900000)
  from space 4608K, 99% used [0x000000066e900000,0x000000066ed78df0,0x000000066ed80000)
  to   space 5632K, 0% used [0x0000000671400000,0x0000000671400000,0x0000000671980000)
 ParOldGen       total 42496K, used 8580K [0x00000003c0000000, 0x00000003c2980000, 0x000000066ab00000)
  object space 42496K, 20% used [0x00000003c0000000,0x00000003c08613f8,0x00000003c2980000)
 Metaspace       used 20349K, capacity 20536K, committed 20864K, reserved 1067008K
  class space    used 2591K, capacity 2664K, committed 2688K, reserved 1048576K
}
Event: 3.697 GC heap before
{Heap before GC invocations=10 (full 0):
 PSYoungGen      total 68096K, used 16040K [0x000000066ab00000, 0x0000000671980000, 0x00000007c0000000)
  eden space 63488K, 18% used [0x000000066ab00000,0x000000066b631550,0x000000066e900000)
  from space 4608K, 99% used [0x000000066e900000,0x000000066ed78df0,0x000000066ed80000)
  to   space 5632K, 0% used [0x0000000671400000,0x0000000671400000,0x0000000671980000)
 ParOldGen       total 42496K, used 8580K [0x00000003c0000000, 0x00000003c2980000, 0x000000066ab00000)
  object space 42496K, 20% used [0x00000003c0000000,0x00000003c08613f8,0x00000003c2980000)
 Metaspace       used 20895K, capacity 21080K, committed 21248K, reserved 1067008K
  class space    used 2669K, capacity 2760K, committed 2816K, reserved 1048576K
Event: 3.701 GC heap after
Heap after GC invocations=10 (full 0):
 PSYoungGen      total 107520K, used 1755K [0x000000066ab00000, 0x0000000671980000, 0x00000007c0000000)
  eden space 101888K, 0% used [0x000000066ab00000,0x000000066ab00000,0x0000000670e80000)
  from space 5632K, 31% used [0x0000000671400000,0x00000006715b6ec8,0x0000000671980000)
  to   space 5632K, 0% used [0x0000000670e80000,0x0000000670e80000,0x0000000671400000)
 ParOldGen       total 42496K, used 9193K [0x00000003c0000000, 0x00000003c2980000, 0x000000066ab00000)
  object space 42496K, 21% used [0x00000003c0000000,0x00000003c08fa6a8,0x00000003c2980000)
 Metaspace       used 20895K, capacity 21080K, committed 21248K, reserved 1067008K
  class space    used 2669K, capacity 2760K, committed 2816K, reserved 1048576K
}
Event: 3.701 GC heap before
{Heap before GC invocations=11 (full 1):
 PSYoungGen      total 107520K, used 1755K [0x000000066ab00000, 0x0000000671980000, 0x00000007c0000000)
  eden space 101888K, 0% used [0x000000066ab00000,0x000000066ab00000,0x0000000670e80000)
  from space 5632K, 31% used [0x0000000671400000,0x00000006715b6ec8,0x0000000671980000)
  to   space 5632K, 0% used [0x0000000670e80000,0x0000000670e80000,0x0000000671400000)
 ParOldGen       total 42496K, used 9193K [0x00000003c0000000, 0x00000003c2980000, 0x000000066ab00000)
  object space 42496K, 21% used [0x00000003c0000000,0x00000003c08fa6a8,0x00000003c2980000)
 Metaspace       used 20895K, capacity 21080K, committed 21248K, reserved 1067008K
  class space    used 2669K, capacity 2760K, committed 2816K, reserved 1048576K
Event: 3.730 GC heap after
Heap after GC invocations=11 (full 1):
 PSYoungGen      total 107520K, used 0K [0x000000066ab00000, 0x0000000671980000, 0x00000007c0000000)
  eden space 101888K, 0% used [0x000000066ab00000,0x000000066ab00000,0x0000000670e80000)
  from space 5632K, 0% used [0x0000000671400000,0x0000000671400000,0x0000000671980000)
  to   space 5632K, 0% used [0x0000000670e80000,0x0000000670e80000,0x0000000671400000)
 ParOldGen       total 26624K, used 4365K [0x00000003c0000000, 0x00000003c1a00000, 0x000000066ab00000)
  object space 26624K, 16% used [0x00000003c0000000,0x00000003c0443570,0x00000003c1a00000)
 Metaspace       used 20895K, capacity 21080K, committed 21248K, reserved 1067008K
  class space    used 2669K, capacity 2760K, committed 2816K, reserved 1048576K
}
Event: 5.349 GC heap before
{Heap before GC invocations=12 (full 1):
 PSYoungGen      total 107520K, used 101888K [0x000000066ab00000, 0x0000000671980000, 0x00000007c0000000)
  eden space 101888K, 100% used [0x000000066ab00000,0x0000000670e80000,0x0000000670e80000)
  from space 5632K, 0% used [0x0000000671400000,0x0000000671400000,0x0000000671980000)
  to   space 5632K, 0% used [0x0000000670e80000,0x0000000670e80000,0x0000000671400000)
 ParOldGen       total 26624K, used 4365K [0x00000003c0000000, 0x00000003c1a00000, 0x000000066ab00000)
  object space 26624K, 16% used [0x00000003c0000000,0x00000003c0443570,0x00000003c1a00000)
 Metaspace       used 31010K, capacity 31178K, committed 31616K, reserved 1077248K
  class space    used 4057K, capacity 4139K, committed 4224K, reserved 1048576K
Event: 5.359 GC heap after
Heap after GC invocations=12 (full 1):
 PSYoungGen      total 107520K, used 5615K [0x000000066ab00000, 0x0000000674800000, 0x00000007c0000000)
  eden space 101888K, 0% used [0x000000066ab00000,0x000000066ab00000,0x0000000670e80000)
  from space 5632K, 99% used [0x0000000670e80000,0x00000006713fbc68,0x0000000671400000)
  to   space 7680K, 0% used [0x0000000674080000,0x0000000674080000,0x0000000674800000)
 ParOldGen       total 26624K, used 8868K [0x00000003c0000000, 0x00000003c1a00000, 0x000000066ab00000)
  object space 26624K, 33% used [0x00000003c0000000,0x00000003c08a9368,0x00000003c1a00000)
 Metaspace       used 31010K, capacity 31178K, committed 31616K, reserved 1077248K
  class space    used 4057K, capacity 4139K, committed 4224K, reserved 1048576K
}
Event: 8.640 GC heap before
{Heap before GC invocations=13 (full 1):
 PSYoungGen      total 107520K, used 84918K [0x000000066ab00000, 0x0000000674800000, 0x00000007c0000000)
  eden space 101888K, 77% used [0x000000066ab00000,0x000000066f871cd8,0x0000000670e80000)
  from space 5632K, 99% used [0x0000000670e80000,0x00000006713fbc68,0x0000000671400000)
  to   space 7680K, 0% used [0x0000000674080000,0x0000000674080000,0x0000000674800000)
 ParOldGen       total 26624K, used 8868K [0x00000003c0000000, 0x00000003c1a00000, 0x000000066ab00000)
  object space 26624K, 33% used [0x00000003c0000000,0x00000003c08a9368,0x00000003c1a00000)
 Metaspace       used 34956K, capacity 35154K, committed 35416K, reserved 1079296K
  class space    used 4568K, capacity 4629K, committed 4696K, reserved 1048576K
Event: 8.648 GC heap after
Heap after GC invocations=13 (full 1):
 PSYoungGen      total 147968K, used 5264K [0x000000066ab00000, 0x0000000674600000, 0x00000007c0000000)
  eden space 142336K, 0% used [0x000000066ab00000,0x000000066ab00000,0x0000000673600000)
  from space 5632K, 93% used [0x0000000674080000,0x00000006745a4260,0x0000000674600000)
  to   space 7680K, 0% used [0x0000000673700000,0x0000000673700000,0x0000000673e80000)
 ParOldGen       total 26624K, used 10708K [0x00000003c0000000, 0x00000003c1a00000, 0x000000066ab00000)
  object space 26624K, 40% used [0x00000003c0000000,0x00000003c0a75308,0x00000003c1a00000)
 Metaspace       used 34956K, capacity 35154K, committed 35416K, reserved 1079296K
  class space    used 4568K, capacity 4629K, committed 4696K, reserved 1048576K
}
Event: 8.648 GC heap before
{Heap before GC invocations=14 (full 2):
 PSYoungGen      total 147968K, used 5264K [0x000000066ab00000, 0x0000000674600000, 0x00000007c0000000)
  eden space 142336K, 0% used [0x000000066ab00000,0x000000066ab00000,0x0000000673600000)
  from space 5632K, 93% used [0x0000000674080000,0x00000006745a4260,0x0000000674600000)
  to   space 7680K, 0% used [0x0000000673700000,0x0000000673700000,0x0000000673e80000)
 ParOldGen       total 26624K, used 10708K [0x00000003c0000000, 0x00000003c1a00000, 0x000000066ab00000)
  object space 26624K, 40% used [0x00000003c0000000,0x00000003c0a75308,0x00000003c1a00000)
 Metaspace       used 34956K, capacity 35154K, committed 35416K, reserved 1079296K
  class space    used 4568K, capacity 4629K, committed 4696K, reserved 1048576K
Event: 8.682 GC heap after
Heap after GC invocations=14 (full 2):
 PSYoungGen      total 147968K, used 0K [0x000000066ab00000, 0x0000000674600000, 0x00000007c0000000)
  eden space 142336K, 0% used [0x000000066ab00000,0x000000066ab00000,0x0000000673600000)
  from space 5632K, 0% used [0x0000000674080000,0x0000000674080000,0x0000000674600000)
  to   space 7680K, 0% used [0x0000000673700000,0x0000000673700000,0x0000000673e80000)
 ParOldGen       total 40448K, used 10596K [0x00000003c0000000, 0x00000003c2780000, 0x000000066ab00000)
  object space 40448K, 26% used [0x00000003c0000000,0x00000003c0a591e0,0x00000003c2780000)
 Metaspace       used 34956K, capacity 35154K, committed 35416K, reserved 1079296K
  class space    used 4568K, capacity 4629K, committed 4696K, reserved 1048576K
}
Event: 14.150 GC heap before
{Heap before GC invocations=15 (full 2):
 PSYoungGen      total 147968K, used 142336K [0x000000066ab00000, 0x0000000674600000, 0x00000007c0000000)
  eden space 142336K, 100% used [0x000000066ab00000,0x0000000673600000,0x0000000673600000)
  from space 5632K, 0% used [0x0000000674080000,0x0000000674080000,0x0000000674600000)
  to   space 7680K, 0% used [0x0000000673700000,0x0000000673700000,0x0000000673e80000)
 ParOldGen       total 40448K, used 10596K [0x00000003c0000000, 0x00000003c2780000, 0x000000066ab00000)
  object space 40448K, 26% used [0x00000003c0000000,0x00000003c0a591e0,0x00000003c2780000)
 Metaspace       used 48868K, capacity 49166K, committed 49624K, reserved 1091584K
  class space    used 6723K, capacity 6814K, committed 6872K, reserved 1048576K
Event: 14.169 GC heap after
Heap after GC invocations=15 (full 2):
 PSYoungGen      total 151040K, used 7670K [0x000000066ab00000, 0x0000000678300000, 0x00000007c0000000)
  eden space 143360K, 0% used [0x000000066ab00000,0x000000066ab00000,0x0000000673700000)
  from space 7680K, 99% used [0x0000000673700000,0x0000000673e7da98,0x0000000673e80000)
  to   space 12800K, 0% used [0x0000000677680000,0x0000000677680000,0x0000000678300000)
 ParOldGen       total 40448K, used 20605K [0x00000003c0000000, 0x00000003c2780000, 0x000000066ab00000)
  object space 40448K, 50% used [0x00000003c0000000,0x00000003c141f5e8,0x00000003c2780000)
 Metaspace       used 48868K, capacity 49166K, committed 49624K, reserved 1091584K
  class space    used 6723K, capacity 6814K, committed 6872K, reserved 1048576K
}
Event: 19.965 GC heap before
{Heap before GC invocations=16 (full 2):
 PSYoungGen      total 151040K, used 151030K [0x000000066ab00000, 0x0000000678300000, 0x00000007c0000000)
  eden space 143360K, 100% used [0x000000066ab00000,0x0000000673700000,0x0000000673700000)
  from space 7680K, 99% used [0x0000000673700000,0x0000000673e7da98,0x0000000673e80000)
  to   space 12800K, 0% used [0x0000000677680000,0x0000000677680000,0x0000000678300000)
 ParOldGen       total 40448K, used 20605K [0x00000003c0000000, 0x00000003c2780000, 0x000000066ab00000)
  object space 40448K, 50% used [0x00000003c0000000,0x00000003c141f5e8,0x00000003c2780000)
 Metaspace       used 56076K, capacity 56540K, committed 56920K, reserved 1097728K
  class space    used 7847K, capacity 7979K, committed 8024K, reserved 1048576K
Event: 19.991 GC heap after
Heap after GC invocations=16 (full 2):
 PSYoungGen      total 204288K, used 8235K [0x000000066ab00000, 0x0000000678100000, 0x00000007c0000000)
  eden space 193536K, 0% used [0x000000066ab00000,0x000000066ab00000,0x0000000676800000)
  from space 10752K, 76% used [0x0000000677680000,0x0000000677e8add0,0x0000000678100000)
  to   space 12800K, 0% used [0x0000000676800000,0x0000000676800000,0x0000000677480000)
 ParOldGen       total 58880K, used 58375K [0x00000003c0000000, 0x00000003c3980000, 0x000000066ab00000)
  object space 58880K, 99% used [0x00000003c0000000,0x00000003c3901e38,0x00000003c3980000)
 Metaspace       used 56076K, capacity 56540K, committed 56920K, reserved 1097728K
  class space    used 7847K, capacity 7979K, committed 8024K, reserved 1048576K
}
Event: 19.991 GC heap before
{Heap before GC invocations=17 (full 3):
 PSYoungGen      total 204288K, used 8235K [0x000000066ab00000, 0x0000000678100000, 0x00000007c0000000)
  eden space 193536K, 0% used [0x000000066ab00000,0x000000066ab00000,0x0000000676800000)
  from space 10752K, 76% used [0x0000000677680000,0x0000000677e8add0,0x0000000678100000)
  to   space 12800K, 0% used [0x0000000676800000,0x0000000676800000,0x0000000677480000)
 ParOldGen       total 58880K, used 58375K [0x00000003c0000000, 0x00000003c3980000, 0x000000066ab00000)
  object space 58880K, 99% used [0x00000003c0000000,0x00000003c3901e38,0x00000003c3980000)
 Metaspace       used 56076K, capacity 56540K, committed 56920K, reserved 1097728K
  class space    used 7847K, capacity 7979K, committed 8024K, reserved 1048576K
Event: 20.075 GC heap after
Heap after GC invocations=17 (full 3):
 PSYoungGen      total 204288K, used 0K [0x000000066ab00000, 0x0000000678100000, 0x00000007c0000000)
  eden space 193536K, 0% used [0x000000066ab00000,0x000000066ab00000,0x0000000676800000)
  from space 10752K, 0% used [0x0000000677680000,0x0000000677680000,0x0000000678100000)
  to   space 12800K, 0% used [0x0000000676800000,0x0000000676800000,0x0000000677480000)
 ParOldGen       total 104960K, used 51813K [0x00000003c0000000, 0x00000003c6680000, 0x000000066ab00000)
  object space 104960K, 49% used [0x00000003c0000000,0x00000003c32996f0,0x00000003c6680000)
 Metaspace       used 56072K, capacity 56534K, committed 56920K, reserved 1097728K
  class space    used 7847K, capacity 7978K, committed 8024K, reserved 1048576K
}
Event: 22.554 GC heap before
{Heap before GC invocations=18 (full 3):
 PSYoungGen      total 204288K, used 193536K [0x000000066ab00000, 0x0000000678100000, 0x00000007c0000000)
  eden space 193536K, 100% used [0x000000066ab00000,0x0000000676800000,0x0000000676800000)
  from space 10752K, 0% used [0x0000000677680000,0x0000000677680000,0x0000000678100000)
  to   space 12800K, 0% used [0x0000000676800000,0x0000000676800000,0x0000000677480000)
 ParOldGen       total 104960K, used 51813K [0x00000003c0000000, 0x00000003c6680000, 0x000000066ab00000)
  object space 104960K, 49% used [0x00000003c0000000,0x00000003c32996f0,0x00000003c6680000)
 Metaspace       used 75077K, capacity 75620K, committed 75736K, reserved 1114112K
  class space    used 10808K, capacity 10941K, committed 10968K, reserved 1048576K
Event: 22.576 GC heap after
Heap after GC invocations=18 (full 3):
 PSYoungGen      total 206336K, used 12777K [0x000000066ab00000, 0x000000067cc80000, 0x00000007c0000000)
  eden space 193536K, 0% used [0x000000066ab00000,0x000000066ab00000,0x0000000676800000)
  from space 12800K, 99% used [0x0000000676800000,0x000000067747a7b0,0x0000000677480000)
  to   space 18432K, 0% used [0x000000067ba80000,0x000000067ba80000,0x000000067cc80000)
 ParOldGen       total 104960K, used 61410K [0x00000003c0000000, 0x00000003c6680000, 0x000000066ab00000)
  object space 104960K, 58% used [0x00000003c0000000,0x00000003c3bf8928,0x00000003c6680000)
 Metaspace       used 75077K, capacity 75620K, committed 75736K, reserved 1114112K
  class space    used 10808K, capacity 10941K, committed 10968K, reserved 1048576K
}
Event: 24.897 GC heap before
{Heap before GC invocations=19 (full 3):
 PSYoungGen      total 206336K, used 205387K [0x000000066ab00000, 0x000000067cc80000, 0x00000007c0000000)
  eden space 193536K, 99% used [0x000000066ab00000,0x0000000676718628,0x0000000676800000)
  from space 12800K, 99% used [0x0000000676800000,0x000000067747a7b0,0x0000000677480000)
  to   space 18432K, 0% used [0x000000067ba80000,0x000000067ba80000,0x000000067cc80000)
 ParOldGen       total 104960K, used 61410K [0x00000003c0000000, 0x00000003c6680000, 0x000000066ab00000)
  object space 104960K, 58% used [0x00000003c0000000,0x00000003c3bf8928,0x00000003c6680000)
 Metaspace       used 77318K, capacity 77864K, committed 78040K, reserved 1116160K
  class space    used 11049K, capacity 11184K, committed 11224K, reserved 1048576K
Event: 24.910 GC heap after
Heap after GC invocations=19 (full 3):
 PSYoungGen      total 270848K, used 3236K [0x000000066ab00000, 0x000000067c880000, 0x00000007c0000000)
  eden space 256512K, 0% used [0x000000066ab00000,0x000000066ab00000,0x000000067a580000)
  from space 14336K, 22% used [0x000000067ba80000,0x000000067bda9340,0x000000067c880000)
  to   space 17920K, 0% used [0x000000067a580000,0x000000067a580000,0x000000067b700000)
 ParOldGen       total 104960K, used 67709K [0x00000003c0000000, 0x00000003c6680000, 0x000000066ab00000)
  object space 104960K, 64% used [0x00000003c0000000,0x00000003c421f538,0x00000003c6680000)
 Metaspace       used 77318K, capacity 77864K, committed 78040K, reserved 1116160K
  class space    used 11049K, capacity 11184K, committed 11224K, reserved 1048576K
}
Event: 26.290 GC heap before
{Heap before GC invocations=20 (full 3):
 PSYoungGen      total 270848K, used 216727K [0x000000066ab00000, 0x000000067c880000, 0x00000007c0000000)
  eden space 256512K, 83% used [0x000000066ab00000,0x0000000677b7cb18,0x000000067a580000)
  from space 14336K, 22% used [0x000000067ba80000,0x000000067bda9340,0x000000067c880000)
  to   space 17920K, 0% used [0x000000067a580000,0x000000067a580000,0x000000067b700000)
 ParOldGen       total 104960K, used 67709K [0x00000003c0000000, 0x00000003c6680000, 0x000000066ab00000)
  object space 104960K, 64% used [0x00000003c0000000,0x00000003c421f538,0x00000003c6680000)
 Metaspace       used 78692K, capacity 79366K, committed 79576K, reserved 1118208K
  class space    used 11256K, capacity 11427K, committed 11480K, reserved 1048576K
Event: 26.305 GC heap after
Heap after GC invocations=20 (full 3):
 PSYoungGen      total 274432K, used 17908K [0x000000066ab00000, 0x0000000681080000, 0x00000007c0000000)
  eden space 256512K, 0% used [0x000000066ab00000,0x000000066ab00000,0x000000067a580000)
  from space 17920K, 99% used [0x000000067a580000,0x000000067b6fd1c8,0x000000067b700000)
  to   space 26112K, 0% used [0x000000067f700000,0x000000067f700000,0x0000000681080000)
 ParOldGen       total 104960K, used 81097K [0x00000003c0000000, 0x00000003c6680000, 0x000000066ab00000)
  object space 104960K, 77% used [0x00000003c0000000,0x00000003c4f32758,0x00000003c6680000)
 Metaspace       used 78692K, capacity 79366K, committed 79576K, reserved 1118208K
  class space    used 11256K, capacity 11427K, committed 11480K, reserved 1048576K
}
Event: 27.424 GC heap before
{Heap before GC invocations=21 (full 3):
 PSYoungGen      total 274432K, used 264521K [0x000000066ab00000, 0x0000000681080000, 0x00000007c0000000)
  eden space 256512K, 96% used [0x000000066ab00000,0x0000000679bd53e0,0x000000067a580000)
  from space 17920K, 99% used [0x000000067a580000,0x000000067b6fd1c8,0x000000067b700000)
  to   space 26112K, 0% used [0x000000067f700000,0x000000067f700000,0x0000000681080000)
 ParOldGen       total 104960K, used 81097K [0x00000003c0000000, 0x00000003c6680000, 0x000000066ab00000)
  object space 104960K, 77% used [0x00000003c0000000,0x00000003c4f32758,0x00000003c6680000)
 Metaspace       used 80601K, capacity 81400K, committed 81624K, reserved 1120256K
  class space    used 11509K, capacity 11716K, committed 11736K, reserved 1048576K
Event: 27.521 GC heap after
Heap after GC invocations=21 (full 3):
 PSYoungGen      total 338432K, used 19154K [0x000000066ab00000, 0x0000000682b00000, 0x00000007c0000000)
  eden space 312320K, 0% used [0x000000066ab00000,0x000000066ab00000,0x000000067dc00000)
  from space 26112K, 73% used [0x000000067f700000,0x00000006809b4a10,0x0000000681080000)
  to   space 27648K, 0% used [0x000000067dc00000,0x000000067dc00000,0x000000067f700000)
 ParOldGen       total 272384K, used 262281K [0x00000003c0000000, 0x00000003d0a00000, 0x000000066ab00000)
  object space 272384K, 96% used [0x00000003c0000000,0x00000003d0022490,0x00000003d0a00000)
 Metaspace       used 80601K, capacity 81400K, committed 81624K, reserved 1120256K
  class space    used 11509K, capacity 11716K, committed 11736K, reserved 1048576K
}
Event: 27.521 GC heap before
{Heap before GC invocations=22 (full 4):
 PSYoungGen      total 338432K, used 19154K [0x000000066ab00000, 0x0000000682b00000, 0x00000007c0000000)
  eden space 312320K, 0% used [0x000000066ab00000,0x000000066ab00000,0x000000067dc00000)
  from space 26112K, 73% used [0x000000067f700000,0x00000006809b4a10,0x0000000681080000)
  to   space 27648K, 0% used [0x000000067dc00000,0x000000067dc00000,0x000000067f700000)
 ParOldGen       total 272384K, used 262281K [0x00000003c0000000, 0x00000003d0a00000, 0x000000066ab00000)
  object space 272384K, 96% used [0x00000003c0000000,0x00000003d0022490,0x00000003d0a00000)
 Metaspace       used 80601K, capacity 81400K, committed 81624K, reserved 1120256K
  class space    used 11509K, capacity 11716K, committed 11736K, reserved 1048576K
Event: 27.638 GC heap after
Heap after GC invocations=22 (full 4):
 PSYoungGen      total 338432K, used 0K [0x000000066ab00000, 0x0000000682b00000, 0x00000007c0000000)
  eden space 312320K, 0% used [0x000000066ab00000,0x000000066ab00000,0x000000067dc00000)
  from space 26112K, 0% used [0x000000067f700000,0x000000067f700000,0x0000000681080000)
  to   space 27648K, 0% used [0x000000067dc00000,0x000000067dc00000,0x000000067f700000)
 ParOldGen       total 314368K, used 192150K [0x00000003c0000000, 0x00000003d3300000, 0x000000066ab00000)
  object space 314368K, 61% used [0x00000003c0000000,0x00000003cbba5878,0x00000003d3300000)
 Metaspace       used 80588K, capacity 81376K, committed 81624K, reserved 1120256K
  class space    used 11506K, capacity 11712K, committed 11736K, reserved 1048576K
}
Event: 28.272 GC heap before
{Heap before GC invocations=23 (full 4):
 PSYoungGen      total 338432K, used 312320K [0x000000066ab00000, 0x0000000682b00000, 0x00000007c0000000)
  eden space 312320K, 100% used [0x000000066ab00000,0x000000067dc00000,0x000000067dc00000)
  from space 26112K, 0% used [0x000000067f700000,0x000000067f700000,0x0000000681080000)
  to   space 27648K, 0% used [0x000000067dc00000,0x000000067dc00000,0x000000067f700000)
 ParOldGen       total 314368K, used 192150K [0x00000003c0000000, 0x00000003d3300000, 0x000000066ab00000)
  object space 314368K, 61% used [0x00000003c0000000,0x00000003cbba5878,0x00000003d3300000)
 Metaspace       used 81163K, capacity 81968K, committed 82264K, reserved 1120256K
  class space    used 11565K, capacity 11762K, committed 11864K, reserved 1048576K
Event: 28.345 GC heap after
Heap after GC invocations=23 (full 4):
 PSYoungGen      total 339968K, used 27337K [0x000000066ab00000, 0x0000000687f00000, 0x00000007c0000000)
  eden space 312320K, 0% used [0x000000066ab00000,0x000000066ab00000,0x000000067dc00000)
  from space 27648K, 98% used [0x000000067dc00000,0x000000067f6b27d0,0x000000067f700000)
  to   space 32256K, 0% used [0x0000000685f80000,0x0000000685f80000,0x0000000687f00000)
 ParOldGen       total 380416K, used 323230K [0x00000003c0000000, 0x00000003d7380000, 0x000000066ab00000)
  object space 380416K, 84% used [0x00000003c0000000,0x00000003d3ba7898,0x00000003d7380000)
 Metaspace       used 81163K, capacity 81968K, committed 82264K, reserved 1120256K
  class space    used 11565K, capacity 11762K, committed 11864K, reserved 1048576K
}
Event: 28.345 GC heap before
{Heap before GC invocations=24 (full 5):
 PSYoungGen      total 339968K, used 27337K [0x000000066ab00000, 0x0000000687f00000, 0x00000007c0000000)
  eden space 312320K, 0% used [0x000000066ab00000,0x000000066ab00000,0x000000067dc00000)
  from space 27648K, 98% used [0x000000067dc00000,0x000000067f6b27d0,0x000000067f700000)
  to   space 32256K, 0% used [0x0000000685f80000,0x0000000685f80000,0x0000000687f00000)
 ParOldGen       total 380416K, used 323230K [0x00000003c0000000, 0x00000003d7380000, 0x000000066ab00000)
  object space 380416K, 84% used [0x00000003c0000000,0x00000003d3ba7898,0x00000003d7380000)
 Metaspace       used 81163K, capacity 81968K, committed 82264K, reserved 1120256K
  class space    used 11565K, capacity 11762K, committed 11864K, reserved 1048576K
Event: 28.532 GC heap after
Heap after GC invocations=24 (full 5):
 PSYoungGen      total 339968K, used 0K [0x000000066ab00000, 0x0000000687f00000, 0x00000007c0000000)
  eden space 312320K, 0% used [0x000000066ab00000,0x000000066ab00000,0x000000067dc00000)
  from space 27648K, 0% used [0x000000067dc00000,0x000000067dc00000,0x000000067f700000)
  to   space 32256K, 0% used [0x0000000685f80000,0x0000000685f80000,0x0000000687f00000)
 ParOldGen       total 379392K, used 213786K [0x00000003c0000000, 0x00000003d7280000, 0x000000066ab00000)
  object space 379392K, 56% used [0x00000003c0000000,0x00000003cd0c6be0,0x00000003d7280000)
 Metaspace       used 81163K, capacity 81968K, committed 82264K, reserved 1120256K
  class space    used 11565K, capacity 11762K, committed 11864K, reserved 1048576K
}
Event: 29.233 GC heap before
{Heap before GC invocations=25 (full 5):
 PSYoungGen      total 339968K, used 312320K [0x000000066ab00000, 0x0000000687f00000, 0x00000007c0000000)
  eden space 312320K, 100% used [0x000000066ab00000,0x000000067dc00000,0x000000067dc00000)
  from space 27648K, 0% used [0x000000067dc00000,0x000000067dc00000,0x000000067f700000)
  to   space 32256K, 0% used [0x0000000685f80000,0x0000000685f80000,0x0000000687f00000)
 ParOldGen       total 379392K, used 213786K [0x00000003c0000000, 0x00000003d7280000, 0x000000066ab00000)
  object space 379392K, 56% used [0x00000003c0000000,0x00000003cd0c6be0,0x00000003d7280000)
 Metaspace       used 81246K, capacity 82036K, committed 82264K, reserved 1120256K
  class space    used 11572K, capacity 11762K, committed 11864K, reserved 1048576K
Event: 29.274 GC heap after
Heap after GC invocations=25 (full 5):
 PSYoungGen      total 374272K, used 8796K [0x000000066ab00000, 0x0000000686880000, 0x00000007c0000000)
  eden space 365056K, 0% used [0x000000066ab00000,0x000000066ab00000,0x0000000680f80000)
  from space 9216K, 95% used [0x0000000685f80000,0x00000006868170a8,0x0000000686880000)
  to   space 30720K, 0% used [0x0000000682c80000,0x0000000682c80000,0x0000000684a80000)
 ParOldGen       total 379392K, used 213794K [0x00000003c0000000, 0x00000003d7280000, 0x000000066ab00000)
  object space 379392K, 56% used [0x00000003c0000000,0x00000003cd0c8be0,0x00000003d7280000)
 Metaspace       used 81246K, capacity 82036K, committed 82264K, reserved 1120256K
  class space    used 11572K, capacity 11762K, committed 11864K, reserved 1048576K
}
Event: 30.124 GC heap before
{Heap before GC invocations=26 (full 5):
 PSYoungGen      total 374272K, used 373852K [0x000000066ab00000, 0x0000000686880000, 0x00000007c0000000)
  eden space 365056K, 100% used [0x000000066ab00000,0x0000000680f80000,0x0000000680f80000)
  from space 9216K, 95% used [0x0000000685f80000,0x00000006868170a8,0x0000000686880000)
  to   space 30720K, 0% used [0x0000000682c80000,0x0000000682c80000,0x0000000684a80000)
 ParOldGen       total 379392K, used 213794K [0x00000003c0000000, 0x00000003d7280000, 0x000000066ab00000)
  object space 379392K, 56% used [0x00000003c0000000,0x00000003cd0c8be0,0x00000003d7280000)
 Metaspace       used 81256K, capacity 82036K, committed 82264K, reserved 1120256K
  class space    used 11572K, capacity 11762K, committed 11864K, reserved 1048576K
Event: 30.163 GC heap after
Heap after GC invocations=26 (full 5):
 PSYoungGen      total 425472K, used 11067K [0x000000066ab00000, 0x0000000688500000, 0x00000007c0000000)
  eden space 394752K, 0% used [0x000000066ab00000,0x000000066ab00000,0x0000000682c80000)
  from space 30720K, 36% used [0x0000000682c80000,0x000000068374ec70,0x0000000684a80000)
  to   space 29184K, 0% used [0x0000000686880000,0x0000000686880000,0x0000000688500000)
 ParOldGen       total 379392K, used 213794K [0x00000003c0000000, 0x00000003d7280000, 0x000000066ab00000)
  object space 379392K, 56% used [0x00000003c0000000,0x00000003cd0c8be0,0x00000003d7280000)
 Metaspace       used 81256K, capacity 82036K, committed 82264K, reserved 1120256K
  class space    used 11572K, capacity 11762K, committed 11864K, reserved 1048576K
}
Event: 31.102 GC heap before
{Heap before GC invocations=27 (full 5):
 PSYoungGen      total 425472K, used 405819K [0x000000066ab00000, 0x0000000688500000, 0x00000007c0000000)
  eden space 394752K, 100% used [0x000000066ab00000,0x0000000682c80000,0x0000000682c80000)
  from space 30720K, 36% used [0x0000000682c80000,0x000000068374ec70,0x0000000684a80000)
  to   space 29184K, 0% used [0x0000000686880000,0x0000000686880000,0x0000000688500000)
 ParOldGen       total 379392K, used 213794K [0x00000003c0000000, 0x00000003d7280000, 0x000000066ab00000)
  object space 379392K, 56% used [0x00000003c0000000,0x00000003cd0c8be0,0x00000003d7280000)
 Metaspace       used 81260K, capacity 82036K, committed 82264K, reserved 1120256K
  class space    used 11572K, capacity 11762K, committed 11864K, reserved 1048576K
Event: 31.142 GC heap after
Heap after GC invocations=27 (full 5):
 PSYoungGen      total 457728K, used 12297K [0x000000066ab00000, 0x000000068a380000, 0x00000007c0000000)
  eden space 428544K, 0% used [0x000000066ab00000,0x000000066ab00000,0x0000000684d80000)
  from space 29184K, 42% used [0x0000000686880000,0x0000000687482418,0x0000000688500000)
  to   space 27648K, 0% used [0x0000000684d80000,0x0000000684d80000,0x0000000686880000)
 ParOldGen       total 379392K, used 213794K [0x00000003c0000000, 0x00000003d7280000, 0x000000066ab00000)
  object space 379392K, 56% used [0x00000003c0000000,0x00000003cd0c8be0,0x00000003d7280000)
 Metaspace       used 81260K, capacity 82036K, committed 82264K, reserved 1120256K
  class space    used 11572K, capacity 11762K, committed 11864K, reserved 1048576K
}
Event: 31.852 GC heap before
{Heap before GC invocations=28 (full 5):
 PSYoungGen      total 457728K, used 440841K [0x000000066ab00000, 0x000000068a380000, 0x00000007c0000000)
  eden space 428544K, 100% used [0x000000066ab00000,0x0000000684d80000,0x0000000684d80000)
  from space 29184K, 42% used [0x0000000686880000,0x0000000687482418,0x0000000688500000)
  to   space 27648K, 0% used [0x0000000684d80000,0x0000000684d80000,0x0000000686880000)
 ParOldGen       total 379392K, used 213794K [0x00000003c0000000, 0x00000003d7280000, 0x000000066ab00000)
  object space 379392K, 56% used [0x00000003c0000000,0x00000003cd0c8be0,0x00000003d7280000)
 Metaspace       used 81260K, capacity 82036K, committed 82264K, reserved 1120256K
  class space    used 11572K, capacity 11762K, committed 11864K, reserved 1048576K
Event: 31.914 GC heap after
Heap after GC invocations=28 (full 5):
 PSYoungGen      total 456192K, used 14826K [0x000000066ab00000, 0x000000068d100000, 0x00000007c0000000)
  eden space 428544K, 0% used [0x000000066ab00000,0x000000066ab00000,0x0000000684d80000)
  from space 27648K, 53% used [0x0000000684d80000,0x0000000685bfaa08,0x0000000686880000)
  to   space 27136K, 0% used [0x000000068b680000,0x000000068b680000,0x000000068d100000)
 ParOldGen       total 379392K, used 213794K [0x00000003c0000000, 0x00000003d7280000, 0x000000066ab00000)
  object space 379392K, 56% used [0x00000003c0000000,0x00000003cd0c8be0,0x00000003d7280000)
 Metaspace       used 81260K, capacity 82036K, committed 82264K, reserved 1120256K
  class space    used 11572K, capacity 11762K, committed 11864K, reserved 1048576K
}
Event: 32.582 GC heap before
{Heap before GC invocations=29 (full 5):
 PSYoungGen      total 456192K, used 443370K [0x000000066ab00000, 0x000000068d100000, 0x00000007c0000000)
  eden space 428544K, 100% used [0x000000066ab00000,0x0000000684d80000,0x0000000684d80000)
  from space 27648K, 53% used [0x0000000684d80000,0x0000000685bfaa08,0x0000000686880000)
  to   space 27136K, 0% used [0x000000068b680000,0x000000068b680000,0x000000068d100000)
 ParOldGen       total 379392K, used 213794K [0x00000003c0000000, 0x00000003d7280000, 0x000000066ab00000)
  object space 379392K, 56% used [0x00000003c0000000,0x00000003cd0c8be0,0x00000003d7280000)
 Metaspace       used 81273K, capacity 82036K, committed 82264K, reserved 1120256K
  class space    used 11575K, capacity 11762K, committed 11864K, reserved 1048576K
Event: 32.604 GC heap after
Heap after GC invocations=29 (full 5):
 PSYoungGen      total 526848K, used 15706K [0x000000066ab00000, 0x000000068cc80000, 0x00000007c0000000)
  eden space 504320K, 0% used [0x000000066ab00000,0x000000066ab00000,0x0000000689780000)
  from space 22528K, 69% used [0x000000068b680000,0x000000068c5d69f0,0x000000068cc80000)
  to   space 27136K, 0% used [0x0000000689780000,0x0000000689780000,0x000000068b200000)
 ParOldGen       total 379392K, used 213794K [0x00000003c0000000, 0x00000003d7280000, 0x000000066ab00000)
  object space 379392K, 56% used [0x00000003c0000000,0x00000003cd0c8be0,0x00000003d7280000)
 Metaspace       used 81273K, capacity 82036K, committed 82264K, reserved 1120256K
  class space    used 11575K, capacity 11762K, committed 11864K, reserved 1048576K
}
Event: 34.497 GC heap before
{Heap before GC invocations=30 (full 5):
 PSYoungGen      total 526848K, used 520026K [0x000000066ab00000, 0x000000068cc80000, 0x00000007c0000000)
  eden space 504320K, 100% used [0x000000066ab00000,0x0000000689780000,0x0000000689780000)
  from space 22528K, 69% used [0x000000068b680000,0x000000068c5d69f0,0x000000068cc80000)
  to   space 27136K, 0% used [0x0000000689780000,0x0000000689780000,0x000000068b200000)
 ParOldGen       total 379392K, used 213794K [0x00000003c0000000, 0x00000003d7280000, 0x000000066ab00000)
  object space 379392K, 56% used [0x00000003c0000000,0x00000003cd0c8be0,0x00000003d7280000)
 Metaspace       used 83266K, capacity 84254K, committed 84568K, reserved 1122304K
  class space    used 11840K, capacity 12053K, committed 12120K, reserved 1048576K
Event: 34.581 GC heap after
Heap after GC invocations=30 (full 5):
 PSYoungGen      total 531456K, used 27112K [0x000000066ab00000, 0x0000000692000000, 0x00000007c0000000)
  eden space 504320K, 0% used [0x000000066ab00000,0x000000066ab00000,0x0000000689780000)
  from space 27136K, 99% used [0x0000000689780000,0x000000068b1fa390,0x000000068b200000)
  to   space 36864K, 0% used [0x000000068fc00000,0x000000068fc00000,0x0000000692000000)
 ParOldGen       total 379392K, used 229319K [0x00000003c0000000, 0x00000003d7280000, 0x000000066ab00000)
  object space 379392K, 60% used [0x00000003c0000000,0x00000003cdff1e48,0x00000003d7280000)
 Metaspace       used 83266K, capacity 84254K, committed 84568K, reserved 1122304K
  class space    used 11840K, capacity 12053K, committed 12120K, reserved 1048576K
}
Event: 35.854 GC heap before
{Heap before GC invocations=31 (full 5):
 PSYoungGen      total 531456K, used 531365K [0x000000066ab00000, 0x0000000692000000, 0x00000007c0000000)
  eden space 504320K, 99% used [0x000000066ab00000,0x000000068976f420,0x0000000689780000)
  from space 27136K, 99% used [0x0000000689780000,0x000000068b1fa390,0x000000068b200000)
  to   space 36864K, 0% used [0x000000068fc00000,0x000000068fc00000,0x0000000692000000)
 ParOldGen       total 379392K, used 229319K [0x00000003c0000000, 0x00000003d7280000, 0x000000066ab00000)
  object space 379392K, 60% used [0x00000003c0000000,0x00000003cdff1e48,0x00000003d7280000)
 Metaspace       used 89487K, capacity 90462K, committed 90712K, reserved 1128448K
  class space    used 12331K, capacity 12565K, committed 12632K, reserved 1048576K
Event: 35.904 GC heap after
Heap after GC invocations=31 (full 5):
 PSYoungGen      total 600576K, used 36843K [0x000000066ab00000, 0x0000000692b80000, 0x00000007c0000000)
  eden space 563712K, 0% used [0x000000066ab00000,0x000000066ab00000,0x000000068d180000)
  from space 36864K, 99% used [0x000000068fc00000,0x0000000691ffacf8,0x0000000692000000)
  to   space 43520K, 0% used [0x000000068d180000,0x000000068d180000,0x000000068fc00000)
 ParOldGen       total 379392K, used 232132K [0x00000003c0000000, 0x00000003d7280000, 0x000000066ab00000)
  object space 379392K, 61% used [0x00000003c0000000,0x00000003ce2b10e8,0x00000003d7280000)
 Metaspace       used 89487K, capacity 90462K, committed 90712K, reserved 1128448K
  class space    used 12331K, capacity 12565K, committed 12632K, reserved 1048576K
}
Event: 37.173 GC heap before
{Heap before GC invocations=32 (full 5):
 PSYoungGen      total 600576K, used 600555K [0x000000066ab00000, 0x0000000692b80000, 0x00000007c0000000)
  eden space 563712K, 100% used [0x000000066ab00000,0x000000068d180000,0x000000068d180000)
  from space 36864K, 99% used [0x000000068fc00000,0x0000000691ffacf8,0x0000000692000000)
  to   space 43520K, 0% used [0x000000068d180000,0x000000068d180000,0x000000068fc00000)
 ParOldGen       total 379392K, used 232132K [0x00000003c0000000, 0x00000003d7280000, 0x000000066ab00000)
  object space 379392K, 61% used [0x00000003c0000000,0x00000003ce2b10e8,0x00000003d7280000)
 Metaspace       used 89566K, capacity 90538K, committed 90712K, reserved 1128448K
  class space    used 12331K, capacity 12565K, committed 12632K, reserved 1048576K
Event: 37.198 GC heap after
Heap after GC invocations=32 (full 5):
 PSYoungGen      total 607232K, used 13018K [0x000000066ab00000, 0x0000000696400000, 0x00000007c0000000)
  eden space 563712K, 0% used [0x000000066ab00000,0x000000066ab00000,0x000000068d180000)
  from space 43520K, 29% used [0x000000068d180000,0x000000068de36ae8,0x000000068fc00000)
  to   space 41984K, 0% used [0x0000000693b00000,0x0000000693b00000,0x0000000696400000)
 ParOldGen       total 379392K, used 234316K [0x00000003c0000000, 0x00000003d7280000, 0x000000066ab00000)
  object space 379392K, 61% used [0x00000003c0000000,0x00000003ce4d3288,0x00000003d7280000)
 Metaspace       used 89566K, capacity 90538K, committed 90712K, reserved 1128448K
  class space    used 12331K, capacity 12565K, committed 12632K, reserved 1048576K
}
Event: 38.008 GC heap before
{Heap before GC invocations=33 (full 5):
 PSYoungGen      total 607232K, used 576730K [0x000000066ab00000, 0x0000000696400000, 0x00000007c0000000)
  eden space 563712K, 100% used [0x000000066ab00000,0x000000068d180000,0x000000068d180000)
  from space 43520K, 29% used [0x000000068d180000,0x000000068de36ae8,0x000000068fc00000)
  to   space 41984K, 0% used [0x0000000693b00000,0x0000000693b00000,0x0000000696400000)
 ParOldGen       total 379392K, used 234316K [0x00000003c0000000, 0x00000003d7280000, 0x000000066ab00000)
  object space 379392K, 61% used [0x00000003c0000000,0x00000003ce4d3288,0x00000003d7280000)
 Metaspace       used 89566K, capacity 90538K, committed 90712K, reserved 1128448K
  class space    used 12331K, capacity 12565K, committed 12632K, reserved 1048576K
Event: 38.054 GC heap after
Heap after GC invocations=33 (full 5):
 PSYoungGen      total 673792K, used 13485K [0x000000066ab00000, 0x0000000696400000, 0x00000007c0000000)
  eden space 631808K, 0% used [0x000000066ab00000,0x000000066ab00000,0x0000000691400000)
  from space 41984K, 32% used [0x0000000693b00000,0x000000069482b480,0x0000000696400000)
  to   space 39936K, 0% used [0x0000000691400000,0x0000000691400000,0x0000000693b00000)
 ParOldGen       total 379392K, used 234324K [0x00000003c0000000, 0x00000003d7280000, 0x000000066ab00000)
  object space 379392K, 61% used [0x00000003c0000000,0x00000003ce4d5288,0x00000003d7280000)
 Metaspace       used 89566K, capacity 90538K, committed 90712K, reserved 1128448K
  class space    used 12331K, capacity 12565K, committed 12632K, reserved 1048576K
}
Event: 38.923 GC heap before
{Heap before GC invocations=34 (full 5):
 PSYoungGen      total 673792K, used 645293K [0x000000066ab00000, 0x0000000696400000, 0x00000007c0000000)
  eden space 631808K, 100% used [0x000000066ab00000,0x0000000691400000,0x0000000691400000)
  from space 41984K, 32% used [0x0000000693b00000,0x000000069482b480,0x0000000696400000)
  to   space 39936K, 0% used [0x0000000691400000,0x0000000691400000,0x0000000693b00000)
 ParOldGen       total 379392K, used 234324K [0x00000003c0000000, 0x00000003d7280000, 0x000000066ab00000)
  object space 379392K, 61% used [0x00000003c0000000,0x00000003ce4d5288,0x00000003d7280000)
 Metaspace       used 89566K, capacity 90538K, committed 90712K, reserved 1128448K
  class space    used 12331K, capacity 12565K, committed 12632K, reserved 1048576K
Event: 38.942 GC heap after
Heap after GC invocations=34 (full 5):
 PSYoungGen      total 671744K, used 13495K [0x000000066ab00000, 0x000000069a600000, 0x00000007c0000000)
  eden space 631808K, 0% used [0x000000066ab00000,0x000000066ab00000,0x0000000691400000)
  from space 39936K, 33% used [0x0000000691400000,0x000000069212dd98,0x0000000693b00000)
  to   space 38400K, 0% used [0x0000000698080000,0x0000000698080000,0x000000069a600000)
 ParOldGen       total 379392K, used 234324K [0x00000003c0000000, 0x00000003d7280000, 0x000000066ab00000)
  object space 379392K, 61% used [0x00000003c0000000,0x00000003ce4d5288,0x00000003d7280000)
 Metaspace       used 89566K, capacity 90538K, committed 90712K, reserved 1128448K
  class space    used 12331K, capacity 12565K, committed 12632K, reserved 1048576K
}
Event: 40.092 GC heap before
{Heap before GC invocations=35 (full 5):
 PSYoungGen      total 671744K, used 645303K [0x000000066ab00000, 0x000000069a600000, 0x00000007c0000000)
  eden space 631808K, 100% used [0x000000066ab00000,0x0000000691400000,0x0000000691400000)
  from space 39936K, 33% used [0x0000000691400000,0x000000069212dd98,0x0000000693b00000)
  to   space 38400K, 0% used [0x0000000698080000,0x0000000698080000,0x000000069a600000)
 ParOldGen       total 379392K, used 234324K [0x00000003c0000000, 0x00000003d7280000, 0x000000066ab00000)
  object space 379392K, 61% used [0x00000003c0000000,0x00000003ce4d5288,0x00000003d7280000)
 Metaspace       used 89831K, capacity 90804K, committed 90968K, reserved 1128448K
  class space    used 12347K, capacity 12578K, committed 12632K, reserved 1048576K
Event: 40.132 GC heap after
Heap after GC invocations=35 (full 5):
 PSYoungGen      total 736768K, used 38369K [0x000000066ab00000, 0x000000069b100000, 0x00000007c0000000)
  eden space 698368K, 0% used [0x000000066ab00000,0x000000066ab00000,0x0000000695500000)
  from space 38400K, 99% used [0x0000000698080000,0x000000069a5f8458,0x000000069a600000)
  to   space 44544K, 0% used [0x0000000695500000,0x0000000695500000,0x0000000698080000)
 ParOldGen       total 379392K, used 234566K [0x00000003c0000000, 0x00000003d7280000, 0x000000066ab00000)
  object space 379392K, 61% used [0x00000003c0000000,0x00000003ce511858,0x00000003d7280000)
 Metaspace       used 89831K, capacity 90804K, committed 90968K, reserved 1128448K
  class space    used 12347K, capacity 12578K, committed 12632K, reserved 1048576K
}
Event: 42.026 GC heap before
{Heap before GC invocations=36 (full 5):
 PSYoungGen      total 736768K, used 736737K [0x000000066ab00000, 0x000000069b100000, 0x00000007c0000000)
  eden space 698368K, 100% used [0x000000066ab00000,0x0000000695500000,0x0000000695500000)
  from space 38400K, 99% used [0x0000000698080000,0x000000069a5f8458,0x000000069a600000)
  to   space 44544K, 0% used [0x0000000695500000,0x0000000695500000,0x0000000698080000)
 ParOldGen       total 379392K, used 234566K [0x00000003c0000000, 0x00000003d7280000, 0x000000066ab00000)
  object space 379392K, 61% used [0x00000003c0000000,0x00000003ce511858,0x00000003d7280000)
 Metaspace       used 89907K, capacity 90908K, committed 90968K, reserved 1128448K
  class space    used 12351K, capacity 12585K, committed 12632K, reserved 1048576K
Event: 42.047 GC heap after
Heap after GC invocations=36 (full 5):
 PSYoungGen      total 742912K, used 10770K [0x000000066ab00000, 0x000000069ee80000, 0x00000007c0000000)
  eden space 698368K, 0% used [0x000000066ab00000,0x000000066ab00000,0x0000000695500000)
  from space 44544K, 24% used [0x0000000695500000,0x0000000695f84a68,0x0000000698080000)
  to   space 43520K, 0% used [0x000000069c400000,0x000000069c400000,0x000000069ee80000)
 ParOldGen       total 379392K, used 238926K [0x00000003c0000000, 0x00000003d7280000, 0x000000066ab00000)
  object space 379392K, 62% used [0x00000003c0000000,0x00000003ce953968,0x00000003d7280000)
 Metaspace       used 89907K, capacity 90908K, committed 90968K, reserved 1128448K
  class space    used 12351K, capacity 12585K, committed 12632K, reserved 1048576K
}
Event: 43.596 GC heap before
{Heap before GC invocations=37 (full 5):
 PSYoungGen      total 742912K, used 709138K [0x000000066ab00000, 0x000000069ee80000, 0x00000007c0000000)
  eden space 698368K, 100% used [0x000000066ab00000,0x0000000695500000,0x0000000695500000)
  from space 44544K, 24% used [0x0000000695500000,0x0000000695f84a68,0x0000000698080000)
  to   space 43520K, 0% used [0x000000069c400000,0x000000069c400000,0x000000069ee80000)
 ParOldGen       total 379392K, used 238926K [0x00000003c0000000, 0x00000003d7280000, 0x000000066ab00000)
  object space 379392K, 62% used [0x00000003c0000000,0x00000003ce953968,0x00000003d7280000)
 Metaspace       used 90705K, capacity 91730K, committed 91864K, reserved 1128448K
  class space    used 12414K, capacity 12670K, committed 12760K, reserved 1048576K
Event: 43.668 GC heap after
Heap after GC invocations=37 (full 5):
 PSYoungGen      total 797696K, used 43493K [0x000000066ab00000, 0x00000006a1000000, 0x00000007c0000000)
  eden space 754176K, 0% used [0x000000066ab00000,0x000000066ab00000,0x0000000698b80000)
  from space 43520K, 99% used [0x000000069c400000,0x000000069ee79570,0x000000069ee80000)
  to   space 57856K, 0% used [0x0000000698b80000,0x0000000698b80000,0x000000069c400000)
 ParOldGen       total 379392K, used 259062K [0x00000003c0000000, 0x00000003d7280000, 0x000000066ab00000)
  object space 379392K, 68% used [0x00000003c0000000,0x00000003cfcfda80,0x00000003d7280000)
 Metaspace       used 90705K, capacity 91730K, committed 91864K, reserved 1128448K
  class space    used 12414K, capacity 12670K, committed 12760K, reserved 1048576K
}
Event: 44.986 GC heap before
{Heap before GC invocations=38 (full 5):
 PSYoungGen      total 797696K, used 797669K [0x000000066ab00000, 0x00000006a1000000, 0x00000007c0000000)
  eden space 754176K, 100% used [0x000000066ab00000,0x0000000698b80000,0x0000000698b80000)
  from space 43520K, 99% used [0x000000069c400000,0x000000069ee79570,0x000000069ee80000)
  to   space 57856K, 0% used [0x0000000698b80000,0x0000000698b80000,0x000000069c400000)
 ParOldGen       total 379392K, used 259062K [0x00000003c0000000, 0x00000003d7280000, 0x000000066ab00000)
  object space 379392K, 68% used [0x00000003c0000000,0x00000003cfcfda80,0x00000003d7280000)
 Metaspace       used 90733K, capacity 91738K, committed 91864K, reserved 1128448K
  class space    used 12414K, capacity 12670K, committed 12760K, reserved 1048576K
Event: 45.044 GC heap after
Heap after GC invocations=38 (full 5):
 PSYoungGen      total 812032K, used 44785K [0x000000066ab00000, 0x00000006a4b00000, 0x00000007c0000000)
  eden space 754176K, 0% used [0x000000066ab00000,0x000000066ab00000,0x0000000698b80000)
  from space 57856K, 77% used [0x0000000698b80000,0x000000069b73c580,0x000000069c400000)
  to   space 62464K, 0% used [0x00000006a0e00000,0x00000006a0e00000,0x00000006a4b00000)
 ParOldGen       total 379392K, used 261566K [0x00000003c0000000, 0x00000003d7280000, 0x000000066ab00000)
  object space 379392K, 68% used [0x00000003c0000000,0x00000003cff6fb28,0x00000003d7280000)
 Metaspace       used 90733K, capacity 91738K, committed 91864K, reserved 1128448K
  class space    used 12414K, capacity 12670K, committed 12760K, reserved 1048576K
}
Event: 46.153 GC heap before
{Heap before GC invocations=39 (full 5):
 PSYoungGen      total 812032K, used 798961K [0x000000066ab00000, 0x00000006a4b00000, 0x00000007c0000000)
  eden space 754176K, 100% used [0x000000066ab00000,0x0000000698b80000,0x0000000698b80000)
  from space 57856K, 77% used [0x0000000698b80000,0x000000069b73c580,0x000000069c400000)
  to   space 62464K, 0% used [0x00000006a0e00000,0x00000006a0e00000,0x00000006a4b00000)
 ParOldGen       total 379392K, used 261566K [0x00000003c0000000, 0x00000003d7280000, 0x000000066ab00000)
  object space 379392K, 68% used [0x00000003c0000000,0x00000003cff6fb28,0x00000003d7280000)
 Metaspace       used 90734K, capacity 91738K, committed 91864K, reserved 1128448K
  class space    used 12414K, capacity 12670K, committed 12760K, reserved 1048576K
Event: 46.193 GC heap after
Heap after GC invocations=39 (full 5):
 PSYoungGen      total 879616K, used 25622K [0x000000066ab00000, 0x00000006a4380000, 0x00000007c0000000)
  eden space 824832K, 0% used [0x000000066ab00000,0x000000066ab00000,0x000000069d080000)
  from space 54784K, 46% used [0x00000006a0e00000,0x00000006a2705ba0,0x00000006a4380000)
  to   space 58880K, 0% used [0x000000069d080000,0x000000069d080000,0x00000006a0a00000)
 ParOldGen       total 379392K, used 261566K [0x00000003c0000000, 0x00000003d7280000, 0x000000066ab00000)
  object space 379392K, 68% used [0x00000003c0000000,0x00000003cff6fb28,0x00000003d7280000)
 Metaspace       used 90734K, capacity 91738K, committed 91864K, reserved 1128448K
  class space    used 12414K, capacity 12670K, committed 12760K, reserved 1048576K
}
Event: 47.366 GC heap before
{Heap before GC invocations=40 (full 5):
 PSYoungGen      total 879616K, used 850454K [0x000000066ab00000, 0x00000006a4380000, 0x00000007c0000000)
  eden space 824832K, 100% used [0x000000066ab00000,0x000000069d080000,0x000000069d080000)
  from space 54784K, 46% used [0x00000006a0e00000,0x00000006a2705ba0,0x00000006a4380000)
  to   space 58880K, 0% used [0x000000069d080000,0x000000069d080000,0x00000006a0a00000)
 ParOldGen       total 379392K, used 261566K [0x00000003c0000000, 0x00000003d7280000, 0x000000066ab00000)
  object space 379392K, 68% used [0x00000003c0000000,0x00000003cff6fb28,0x00000003d7280000)
 Metaspace       used 90739K, capacity 91738K, committed 91864K, reserved 1128448K
  class space    used 12414K, capacity 12670K, committed 12760K, reserved 1048576K
Event: 47.386 GC heap after
Heap after GC invocations=40 (full 5):
 PSYoungGen      total 883712K, used 25574K [0x000000066ab00000, 0x00000006a8280000, 0x00000007c0000000)
  eden space 824832K, 0% used [0x000000066ab00000,0x000000066ab00000,0x000000069d080000)
  from space 58880K, 43% used [0x000000069d080000,0x000000069e979a78,0x00000006a0a00000)
  to   space 55808K, 0% used [0x00000006a4c00000,0x00000006a4c00000,0x00000006a8280000)
 ParOldGen       total 379392K, used 261566K [0x00000003c0000000, 0x00000003d7280000, 0x000000066ab00000)
  object space 379392K, 68% used [0x00000003c0000000,0x00000003cff6fb28,0x00000003d7280000)
 Metaspace       used 90739K, capacity 91738K, committed 91864K, reserved 1128448K
  class space    used 12414K, capacity 12670K, committed 12760K, reserved 1048576K
}
Event: 49.083 GC heap before
{Heap before GC invocations=41 (full 5):
 PSYoungGen      total 883712K, used 850406K [0x000000066ab00000, 0x00000006a8280000, 0x00000007c0000000)
  eden space 824832K, 100% used [0x000000066ab00000,0x000000069d080000,0x000000069d080000)
  from space 58880K, 43% used [0x000000069d080000,0x000000069e979a78,0x00000006a0a00000)
  to   space 55808K, 0% used [0x00000006a4c00000,0x00000006a4c00000,0x00000006a8280000)
 ParOldGen       total 379392K, used 261566K [0x00000003c0000000, 0x00000003d7280000, 0x000000066ab00000)
  object space 379392K, 68% used [0x00000003c0000000,0x00000003cff6fb28,0x00000003d7280000)
 Metaspace       used 97212K, capacity 98267K, committed 98520K, reserved 1134592K
  class space    used 12916K, capacity 13180K, committed 13272K, reserved 1048576K
Event: 49.210 GC heap after
Heap after GC invocations=41 (full 5):
 PSYoungGen      total 921600K, used 55791K [0x000000066ab00000, 0x00000006ac980000, 0x00000007c0000000)
  eden space 865792K, 0% used [0x000000066ab00000,0x000000066ab00000,0x000000069f880000)
  from space 55808K, 99% used [0x00000006a4c00000,0x00000006a827bdc8,0x00000006a8280000)
  to   space 85504K, 0% used [0x000000069f880000,0x000000069f880000,0x00000006a4c00000)
 ParOldGen       total 379392K, used 319712K [0x00000003c0000000, 0x00000003d7280000, 0x000000066ab00000)
  object space 379392K, 84% used [0x00000003c0000000,0x00000003d3838198,0x00000003d7280000)
 Metaspace       used 97212K, capacity 98267K, committed 98520K, reserved 1134592K
  class space    used 12916K, capacity 13180K, committed 13272K, reserved 1048576K
}
Event: 49.210 GC heap before
{Heap before GC invocations=42 (full 6):
 PSYoungGen      total 921600K, used 55791K [0x000000066ab00000, 0x00000006ac980000, 0x00000007c0000000)
  eden space 865792K, 0% used [0x000000066ab00000,0x000000066ab00000,0x000000069f880000)
  from space 55808K, 99% used [0x00000006a4c00000,0x00000006a827bdc8,0x00000006a8280000)
  to   space 85504K, 0% used [0x000000069f880000,0x000000069f880000,0x00000006a4c00000)
 ParOldGen       total 379392K, used 319712K [0x00000003c0000000, 0x00000003d7280000, 0x000000066ab00000)
  object space 379392K, 84% used [0x00000003c0000000,0x00000003d3838198,0x00000003d7280000)
 Metaspace       used 97212K, capacity 98267K, committed 98520K, reserved 1134592K
  class space    used 12916K, capacity 13180K, committed 13272K, reserved 1048576K
Event: 49.436 GC heap after
Heap after GC invocations=42 (full 6):
 PSYoungGen      total 921600K, used 0K [0x000000066ab00000, 0x00000006ac980000, 0x00000007c0000000)
  eden space 865792K, 0% used [0x000000066ab00000,0x000000066ab00000,0x000000069f880000)
  from space 55808K, 0% used [0x00000006a4c00000,0x00000006a4c00000,0x00000006a8280000)
  to   space 85504K, 0% used [0x000000069f880000,0x000000069f880000,0x00000006a4c00000)
 ParOldGen       total 421888K, used 286474K [0x00000003c0000000, 0x00000003d9c00000, 0x000000066ab00000)
  object space 421888K, 67% used [0x00000003c0000000,0x00000003d17c2838,0x00000003d9c00000)
 Metaspace       used 97197K, capacity 98243K, committed 98520K, reserved 1134592K
  class space    used 12914K, capacity 13176K, committed 13272K, reserved 1048576K
}
Event: 50.901 GC heap before
{Heap before GC invocations=43 (full 6):
 PSYoungGen      total 921600K, used 865792K [0x000000066ab00000, 0x00000006ac980000, 0x00000007c0000000)
  eden space 865792K, 100% used [0x000000066ab00000,0x000000069f880000,0x000000069f880000)
  from space 55808K, 0% used [0x00000006a4c00000,0x00000006a4c00000,0x00000006a8280000)
  to   space 85504K, 0% used [0x000000069f880000,0x000000069f880000,0x00000006a4c00000)
 ParOldGen       total 421888K, used 286474K [0x00000003c0000000, 0x00000003d9c00000, 0x000000066ab00000)
  object space 421888K, 67% used [0x00000003c0000000,0x00000003d17c2838,0x00000003d9c00000)
 Metaspace       used 97348K, capacity 98403K, committed 98520K, reserved 1134592K
  class space    used 12945K, capacity 13208K, committed 13272K, reserved 1048576K
Event: 50.922 GC heap after
Heap after GC invocations=43 (full 6):
 PSYoungGen      total 951296K, used 7152K [0x000000066ab00000, 0x00000006af680000, 0x00000007c0000000)
  eden space 865792K, 0% used [0x000000066ab00000,0x000000066ab00000,0x000000069f880000)
  from space 85504K, 8% used [0x000000069f880000,0x000000069ff7c248,0x00000006a4c00000)
  to   space 84992K, 0% used [0x00000006aa380000,0x00000006aa380000,0x00000006af680000)
 ParOldGen       total 421888K, used 286474K [0x00000003c0000000, 0x00000003d9c00000, 0x000000066ab00000)
  object space 421888K, 67% used [0x00000003c0000000,0x00000003d17c2838,0x00000003d9c00000)
 Metaspace       used 97348K, capacity 98403K, committed 98520K, reserved 1134592K
  class space    used 12945K, capacity 13208K, committed 13272K, reserved 1048576K
}
Event: 52.175 GC heap before
{Heap before GC invocations=44 (full 6):
 PSYoungGen      total 951296K, used 872944K [0x000000066ab00000, 0x00000006af680000, 0x00000007c0000000)
  eden space 865792K, 100% used [0x000000066ab00000,0x000000069f880000,0x000000069f880000)
  from space 85504K, 8% used [0x000000069f880000,0x000000069ff7c248,0x00000006a4c00000)
  to   space 84992K, 0% used [0x00000006aa380000,0x00000006aa380000,0x00000006af680000)
 ParOldGen       total 421888K, used 286474K [0x00000003c0000000, 0x00000003d9c00000, 0x000000066ab00000)
  object space 421888K, 67% used [0x00000003c0000000,0x00000003d17c2838,0x00000003d9c00000)
 Metaspace       used 97365K, capacity 98467K, committed 98776K, reserved 1134592K
  class space    used 12945K, capacity 13208K, committed 13272K, reserved 1048576K
Event: 52.194 GC heap after
Heap after GC invocations=44 (full 6):
 PSYoungGen      total 1023488K, used 7159K [0x000000066ab00000, 0x00000006aed00000, 0x00000007c0000000)
  eden space 948224K, 0% used [0x000000066ab00000,0x000000066ab00000,0x00000006a4900000)
  from space 75264K, 9% used [0x00000006aa380000,0x00000006aaa7dee8,0x00000006aed00000)
  to   space 83968K, 0% used [0x00000006a4900000,0x00000006a4900000,0x00000006a9b00000)
 ParOldGen       total 421888K, used 286474K [0x00000003c0000000, 0x00000003d9c00000, 0x000000066ab00000)
  object space 421888K, 67% used [0x00000003c0000000,0x00000003d17c2838,0x00000003d9c00000)
 Metaspace       used 97365K, capacity 98467K, committed 98776K, reserved 1134592K
  class space    used 12945K, capacity 13208K, committed 13272K, reserved 1048576K
}
Event: 53.714 GC heap before
{Heap before GC invocations=45 (full 6):
 PSYoungGen      total 1023488K, used 955383K [0x000000066ab00000, 0x00000006aed00000, 0x00000007c0000000)
  eden space 948224K, 100% used [0x000000066ab00000,0x00000006a4900000,0x00000006a4900000)
  from space 75264K, 9% used [0x00000006aa380000,0x00000006aaa7dee8,0x00000006aed00000)
  to   space 83968K, 0% used [0x00000006a4900000,0x00000006a4900000,0x00000006a9b00000)
 ParOldGen       total 421888K, used 286474K [0x00000003c0000000, 0x00000003d9c00000, 0x000000066ab00000)
  object space 421888K, 67% used [0x00000003c0000000,0x00000003d17c2838,0x00000003d9c00000)
 Metaspace       used 97369K, capacity 98467K, committed 98776K, reserved 1134592K
  class space    used 12945K, capacity 13208K, committed 13272K, reserved 1048576K
Event: 53.723 GC heap after
Heap after GC invocations=45 (full 6):
 PSYoungGen      total 1032192K, used 7723K [0x000000066ab00000, 0x00000006b3580000, 0x00000007c0000000)
  eden space 948224K, 0% used [0x000000066ab00000,0x000000066ab00000,0x00000006a4900000)
  from space 83968K, 9% used [0x00000006a4900000,0x00000006a508ad58,0x00000006a9b00000)
  to   space 81920K, 0% used [0x00000006ae580000,0x00000006ae580000,0x00000006b3580000)
 ParOldGen       total 421888K, used 286474K [0x00000003c0000000, 0x00000003d9c00000, 0x000000066ab00000)
  object space 421888K, 67% used [0x00000003c0000000,0x00000003d17c2838,0x00000003d9c00000)
 Metaspace       used 97369K, capacity 98467K, committed 98776K, reserved 1134592K
  class space    used 12945K, capacity 13208K, committed 13272K, reserved 1048576K
}
Event: 55.146 GC heap before
{Heap before GC invocations=46 (full 6):
 PSYoungGen      total 1032192K, used 955947K [0x000000066ab00000, 0x00000006b3580000, 0x00000007c0000000)
  eden space 948224K, 100% used [0x000000066ab00000,0x00000006a4900000,0x00000006a4900000)
  from space 83968K, 9% used [0x00000006a4900000,0x00000006a508ad58,0x00000006a9b00000)
  to   space 81920K, 0% used [0x00000006ae580000,0x00000006ae580000,0x00000006b3580000)
 ParOldGen       total 421888K, used 286474K [0x00000003c0000000, 0x00000003d9c00000, 0x000000066ab00000)
  object space 421888K, 67% used [0x00000003c0000000,0x00000003d17c2838,0x00000003d9c00000)
 Metaspace       used 97391K, capacity 98467K, committed 98776K, reserved 1134592K
  class space    used 12945K, capacity 13208K, committed 13272K, reserved 1048576K
Event: 55.156 GC heap after
Heap after GC invocations=46 (full 6):
 PSYoungGen      total 1083904K, used 7261K [0x000000066ab00000, 0x00000006b2780000, 0x00000007c0000000)
  eden space 1016320K, 0% used [0x000000066ab00000,0x000000066ab00000,0x00000006a8b80000)
  from space 67584K, 10% used [0x00000006ae580000,0x00000006aec97530,0x00000006b2780000)
  to   space 79872K, 0% used [0x00000006a8b80000,0x00000006a8b80000,0x00000006ad980000)
 ParOldGen       total 421888K, used 286474K [0x00000003c0000000, 0x00000003d9c00000, 0x000000066ab00000)
  object space 421888K, 67% used [0x00000003c0000000,0x00000003d17c2838,0x00000003d9c00000)
 Metaspace       used 97391K, capacity 98467K, committed 98776K, reserved 1134592K
  class space    used 12945K, capacity 13208K, committed 13272K, reserved 1048576K
}
Event: 56.649 GC heap before
{Heap before GC invocations=47 (full 6):
 PSYoungGen      total 1083904K, used 1023581K [0x000000066ab00000, 0x00000006b2780000, 0x00000007c0000000)
  eden space 1016320K, 100% used [0x000000066ab00000,0x00000006a8b80000,0x00000006a8b80000)
  from space 67584K, 10% used [0x00000006ae580000,0x00000006aec97530,0x00000006b2780000)
  to   space 79872K, 0% used [0x00000006a8b80000,0x00000006a8b80000,0x00000006ad980000)
 ParOldGen       total 421888K, used 286474K [0x00000003c0000000, 0x00000003d9c00000, 0x000000066ab00000)
  object space 421888K, 67% used [0x00000003c0000000,0x00000003d17c2838,0x00000003d9c00000)
 Metaspace       used 97840K, capacity 98959K, committed 99032K, reserved 1134592K
  class space    used 12977K, capacity 13242K, committed 13272K, reserved 1048576K
Event: 56.693 GC heap after
Heap after GC invocations=47 (full 6):
 PSYoungGen      total 1096192K, used 59461K [0x000000066ab00000, 0x00000006b7980000, 0x00000007c0000000)
  eden space 1016320K, 0% used [0x000000066ab00000,0x000000066ab00000,0x00000006a8b80000)
  from space 79872K, 74% used [0x00000006a8b80000,0x00000006ac591750,0x00000006ad980000)
  to   space 87040K, 0% used [0x00000006b2480000,0x00000006b2480000,0x00000006b7980000)
 ParOldGen       total 421888K, used 286474K [0x00000003c0000000, 0x00000003d9c00000, 0x000000066ab00000)
  object space 421888K, 67% used [0x00000003c0000000,0x00000003d17c2838,0x00000003d9c00000)
 Metaspace       used 97840K, capacity 98959K, committed 99032K, reserved 1134592K
  class space    used 12977K, capacity 13242K, committed 13272K, reserved 1048576K
}
Event: 57.970 GC heap before
{Heap before GC invocations=48 (full 6):
 PSYoungGen      total 1096192K, used 1075781K [0x000000066ab00000, 0x00000006b7980000, 0x00000007c0000000)
  eden space 1016320K, 100% used [0x000000066ab00000,0x00000006a8b80000,0x00000006a8b80000)
  from space 79872K, 74% used [0x00000006a8b80000,0x00000006ac591750,0x00000006ad980000)
  to   space 87040K, 0% used [0x00000006b2480000,0x00000006b2480000,0x00000006b7980000)
 ParOldGen       total 421888K, used 286474K [0x00000003c0000000, 0x00000003d9c00000, 0x000000066ab00000)
  object space 421888K, 67% used [0x00000003c0000000,0x00000003d17c2838,0x00000003d9c00000)
 Metaspace       used 97862K, capacity 99023K, committed 99288K, reserved 1134592K
  class space    used 12977K, capacity 13242K, committed 13272K, reserved 1048576K
Event: 58.074 GC heap after
Heap after GC invocations=48 (full 6):
 PSYoungGen      total 1164800K, used 66316K [0x000000066ab00000, 0x00000006ba280000, 0x00000007c0000000)
  eden space 1077760K, 0% used [0x000000066ab00000,0x000000066ab00000,0x00000006ac780000)
  from space 87040K, 76% used [0x00000006b2480000,0x00000006b6543228,0x00000006b7980000)
  to   space 95232K, 0% used [0x00000006ac780000,0x00000006ac780000,0x00000006b2480000)
 ParOldGen       total 421888K, used 286474K [0x00000003c0000000, 0x00000003d9c00000, 0x000000066ab00000)
  object space 421888K, 67% used [0x00000003c0000000,0x00000003d17c2838,0x00000003d9c00000)
 Metaspace       used 97862K, capacity 99023K, committed 99288K, reserved 1134592K
  class space    used 12977K, capacity 13242K, committed 13272K, reserved 1048576K
}
Event: 59.700 GC heap before
{Heap before GC invocations=49 (full 6):
 PSYoungGen      total 1164800K, used 1144076K [0x000000066ab00000, 0x00000006ba280000, 0x00000007c0000000)
  eden space 1077760K, 100% used [0x000000066ab00000,0x00000006ac780000,0x00000006ac780000)
  from space 87040K, 76% used [0x00000006b2480000,0x00000006b6543228,0x00000006b7980000)
  to   space 95232K, 0% used [0x00000006ac780000,0x00000006ac780000,0x00000006b2480000)
 ParOldGen       total 421888K, used 286474K [0x00000003c0000000, 0x00000003d9c00000, 0x000000066ab00000)
  object space 421888K, 67% used [0x00000003c0000000,0x00000003d17c2838,0x00000003d9c00000)
 Metaspace       used 97865K, capacity 99023K, committed 99288K, reserved 1134592K
  class space    used 12977K, capacity 13242K, committed 13272K, reserved 1048576K
Event: 59.755 GC heap after
Heap after GC invocations=49 (full 6):
 PSYoungGen      total 1172992K, used 24862K [0x000000066ab00000, 0x00000006bd980000, 0x00000007c0000000)
  eden space 1077760K, 0% used [0x000000066ab00000,0x000000066ab00000,0x00000006ac780000)
  from space 95232K, 26% used [0x00000006ac780000,0x00000006adfc78d8,0x00000006b2480000)
  to   space 90112K, 0% used [0x00000006b8180000,0x00000006b8180000,0x00000006bd980000)
 ParOldGen       total 421888K, used 286474K [0x00000003c0000000, 0x00000003d9c00000, 0x000000066ab00000)
  object space 421888K, 67% used [0x00000003c0000000,0x00000003d17c2838,0x00000003d9c00000)
 Metaspace       used 97865K, capacity 99023K, committed 99288K, reserved 1134592K
  class space    used 12977K, capacity 13242K, committed 13272K, reserved 1048576K
}
Event: 61.141 GC heap before
{Heap before GC invocations=50 (full 6):
 PSYoungGen      total 1172992K, used 1102622K [0x000000066ab00000, 0x00000006bd980000, 0x00000007c0000000)
  eden space 1077760K, 100% used [0x000000066ab00000,0x00000006ac780000,0x00000006ac780000)
  from space 95232K, 26% used [0x00000006ac780000,0x00000006adfc78d8,0x00000006b2480000)
  to   space 90112K, 0% used [0x00000006b8180000,0x00000006b8180000,0x00000006bd980000)
 ParOldGen       total 421888K, used 286474K [0x00000003c0000000, 0x00000003d9c00000, 0x000000066ab00000)
  object space 421888K, 67% used [0x00000003c0000000,0x00000003d17c2838,0x00000003d9c00000)
 Metaspace       used 97886K, capacity 99029K, committed 99288K, reserved 1134592K
  class space    used 12977K, capacity 13243K, committed 13272K, reserved 1048576K
Event: 61.192 GC heap after
Heap after GC invocations=50 (full 6):
 PSYoungGen      total 1264128K, used 39831K [0x000000066ab00000, 0x00000006bd500000, 0x00000007c0000000)
  eden space 1178624K, 0% used [0x000000066ab00000,0x000000066ab00000,0x00000006b2a00000)
  from space 85504K, 46% used [0x00000006b8180000,0x00000006ba865eb0,0x00000006bd500000)
  to   space 87552K, 0% used [0x00000006b2a00000,0x00000006b2a00000,0x00000006b7f80000)
 ParOldGen       total 421888K, used 286474K [0x00000003c0000000, 0x00000003d9c00000, 0x000000066ab00000)
  object space 421888K, 67% used [0x00000003c0000000,0x00000003d17c2838,0x00000003d9c00000)
 Metaspace       used 97886K, capacity 99029K, committed 99288K, reserved 1134592K
  class space    used 12977K, capacity 13243K, committed 13272K, reserved 1048576K
}
Event: 62.721 GC heap before
{Heap before GC invocations=51 (full 6):
 PSYoungGen      total 1264128K, used 1218455K [0x000000066ab00000, 0x00000006bd500000, 0x00000007c0000000)
  eden space 1178624K, 100% used [0x000000066ab00000,0x00000006b2a00000,0x00000006b2a00000)
  from space 85504K, 46% used [0x00000006b8180000,0x00000006ba865eb0,0x00000006bd500000)
  to   space 87552K, 0% used [0x00000006b2a00000,0x00000006b2a00000,0x00000006b7f80000)
 ParOldGen       total 421888K, used 286474K [0x00000003c0000000, 0x00000003d9c00000, 0x000000066ab00000)
  object space 421888K, 67% used [0x00000003c0000000,0x00000003d17c2838,0x00000003d9c00000)
 Metaspace       used 97901K, capacity 99041K, committed 99288K, reserved 1134592K
  class space    used 12978K, capacity 13245K, committed 13272K, reserved 1048576K
Event: 62.778 GC heap after
Heap after GC invocations=51 (full 6):
 PSYoungGen      total 1266176K, used 67109K [0x000000066ab00000, 0x00000006c4f80000, 0x00000007c0000000)
  eden space 1178624K, 0% used [0x000000066ab00000,0x000000066ab00000,0x00000006b2a00000)
  from space 87552K, 76% used [0x00000006b2a00000,0x00000006b6b895e8,0x00000006b7f80000)
  to   space 94720K, 0% used [0x00000006bf300000,0x00000006bf300000,0x00000006c4f80000)
 ParOldGen       total 421888K, used 286482K [0x00000003c0000000, 0x00000003d9c00000, 0x000000066ab00000)
  object space 421888K, 67% used [0x00000003c0000000,0x00000003d17c4838,0x00000003d9c00000)
 Metaspace       used 97901K, capacity 99041K, committed 99288K, reserved 1134592K
  class space    used 12978K, capacity 13245K, committed 13272K, reserved 1048576K
}
Event: 64.445 GC heap before
{Heap before GC invocations=52 (full 6):
 PSYoungGen      total 1266176K, used 1245733K [0x000000066ab00000, 0x00000006c4f80000, 0x00000007c0000000)
  eden space 1178624K, 100% used [0x000000066ab00000,0x00000006b2a00000,0x00000006b2a00000)
  from space 87552K, 76% used [0x00000006b2a00000,0x00000006b6b895e8,0x00000006b7f80000)
  to   space 94720K, 0% used [0x00000006bf300000,0x00000006bf300000,0x00000006c4f80000)
 ParOldGen       total 421888K, used 286482K [0x00000003c0000000, 0x00000003d9c00000, 0x000000066ab00000)
  object space 421888K, 67% used [0x00000003c0000000,0x00000003d17c4838,0x00000003d9c00000)
 Metaspace       used 97901K, capacity 99041K, committed 99288K, reserved 1134592K
  class space    used 12978K, capacity 13245K, committed 13272K, reserved 1048576K
Event: 64.480 GC heap after
Heap after GC invocations=52 (full 6):
 PSYoungGen      total 1362944K, used 24519K [0x000000066ab00000, 0x00000006c4180000, 0x00000007c0000000)
  eden space 1282560K, 0% used [0x000000066ab00000,0x000000066ab00000,0x00000006b8f80000)
  from space 80384K, 30% used [0x00000006bf300000,0x00000006c0af1ce8,0x00000006c4180000)
  to   space 91136K, 0% used [0x00000006b8f80000,0x00000006b8f80000,0x00000006be880000)
 ParOldGen       total 421888K, used 286482K [0x00000003c0000000, 0x00000003d9c00000, 0x000000066ab00000)
  object space 421888K, 67% used [0x00000003c0000000,0x00000003d17c4838,0x00000003d9c00000)
 Metaspace       used 97901K, capacity 99041K, committed 99288K, reserved 1134592K
  class space    used 12978K, capacity 13245K, committed 13272K, reserved 1048576K
}
Event: 65.953 GC heap before
{Heap before GC invocations=53 (full 6):
 PSYoungGen      total 1362944K, used 1307079K [0x000000066ab00000, 0x00000006c4180000, 0x00000007c0000000)
  eden space 1282560K, 100% used [0x000000066ab00000,0x00000006b8f80000,0x00000006b8f80000)
  from space 80384K, 30% used [0x00000006bf300000,0x00000006c0af1ce8,0x00000006c4180000)
  to   space 91136K, 0% used [0x00000006b8f80000,0x00000006b8f80000,0x00000006be880000)
 ParOldGen       total 421888K, used 286482K [0x00000003c0000000, 0x00000003d9c00000, 0x000000066ab00000)
  object space 421888K, 67% used [0x00000003c0000000,0x00000003d17c4838,0x00000003d9c00000)
 Metaspace       used 97932K, capacity 99047K, committed 99288K, reserved 1134592K
  class space    used 12979K, capacity 13246K, committed 13272K, reserved 1048576K
Event: 66.026 GC heap after
Heap after GC invocations=53 (full 6):
 PSYoungGen      total 1373696K, used 72930K [0x000000066ab00000, 0x00000006cc800000, 0x00000007c0000000)
  eden space 1282560K, 0% used [0x000000066ab00000,0x000000066ab00000,0x00000006b8f80000)
  from space 91136K, 80% used [0x00000006b8f80000,0x00000006bd6b8bd0,0x00000006be880000)
  to   space 99328K, 0% used [0x00000006c6700000,0x00000006c6700000,0x00000006cc800000)
 ParOldGen       total 421888K, used 286490K [0x00000003c0000000, 0x00000003d9c00000, 0x000000066ab00000)
  object space 421888K, 67% used [0x00000003c0000000,0x00000003d17c6838,0x00000003d9c00000)
 Metaspace       used 97932K, capacity 99047K, committed 99288K, reserved 1134592K
  class space    used 12979K, capacity 13246K, committed 13272K, reserved 1048576K
}
Event: 67.769 GC heap before
{Heap before GC invocations=54 (full 6):
 PSYoungGen      total 1373696K, used 1355490K [0x000000066ab00000, 0x00000006cc800000, 0x00000007c0000000)
  eden space 1282560K, 100% used [0x000000066ab00000,0x00000006b8f80000,0x00000006b8f80000)
  from space 91136K, 80% used [0x00000006b8f80000,0x00000006bd6b8bd0,0x00000006be880000)
  to   space 99328K, 0% used [0x00000006c6700000,0x00000006c6700000,0x00000006cc800000)
 ParOldGen       total 421888K, used 286490K [0x00000003c0000000, 0x00000003d9c00000, 0x000000066ab00000)
  object space 421888K, 67% used [0x00000003c0000000,0x00000003d17c6838,0x00000003d9c00000)
 Metaspace       used 97934K, capacity 99047K, committed 99288K, reserved 1134592K
  class space    used 12979K, capacity 13246K, committed 13272K, reserved 1048576K
Event: 67.828 GC heap after
Heap after GC invocations=54 (full 6):
 PSYoungGen      total 1492992K, used 25103K [0x000000066ab00000, 0x00000006cbf80000, 0x00000007c0000000)
  eden space 1402368K, 0% used [0x000000066ab00000,0x000000066ab00000,0x00000006c0480000)
  from space 90624K, 27% used [0x00000006c6700000,0x00000006c7f83f80,0x00000006cbf80000)
  to   space 95744K, 0% used [0x00000006c0480000,0x00000006c0480000,0x00000006c6200000)
 ParOldGen       total 421888K, used 286490K [0x00000003c0000000, 0x00000003d9c00000, 0x000000066ab00000)
  object space 421888K, 67% used [0x00000003c0000000,0x00000003d17c6838,0x00000003d9c00000)
 Metaspace       used 97934K, capacity 99047K, committed 99288K, reserved 1134592K
  class space    used 12979K, capacity 13246K, committed 13272K, reserved 1048576K
}
Event: 69.633 GC heap before
{Heap before GC invocations=55 (full 6):
 PSYoungGen      total 1492992K, used 1427471K [0x000000066ab00000, 0x00000006cbf80000, 0x00000007c0000000)
  eden space 1402368K, 100% used [0x000000066ab00000,0x00000006c0480000,0x00000006c0480000)
  from space 90624K, 27% used [0x00000006c6700000,0x00000006c7f83f80,0x00000006cbf80000)
  to   space 95744K, 0% used [0x00000006c0480000,0x00000006c0480000,0x00000006c6200000)
 ParOldGen       total 421888K, used 286490K [0x00000003c0000000, 0x00000003d9c00000, 0x000000066ab00000)
  object space 421888K, 67% used [0x00000003c0000000,0x00000003d17c6838,0x00000003d9c00000)
 Metaspace       used 97967K, capacity 99129K, committed 99288K, reserved 1134592K
  class space    used 12980K, capacity 13249K, committed 13272K, reserved 1048576K
Event: 69.677 GC heap after
Heap after GC invocations=55 (full 6):
 PSYoungGen      total 1498112K, used 37531K [0x000000066ab00000, 0x00000006d2900000, 0x00000007c0000000)
  eden space 1402368K, 0% used [0x000000066ab00000,0x000000066ab00000,0x00000006c0480000)
  from space 95744K, 39% used [0x00000006c0480000,0x00000006c2926f70,0x00000006c6200000)
  to   space 90112K, 0% used [0x00000006cd100000,0x00000006cd100000,0x00000006d2900000)
 ParOldGen       total 421888K, used 286490K [0x00000003c0000000, 0x00000003d9c00000, 0x000000066ab00000)
  object space 421888K, 67% used [0x00000003c0000000,0x00000003d17c6838,0x00000003d9c00000)
 Metaspace       used 97967K, capacity 99129K, committed 99288K, reserved 1134592K
  class space    used 12980K, capacity 13249K, committed 13272K, reserved 1048576K
}
Event: 71.487 GC heap before
{Heap before GC invocations=56 (full 6):
 PSYoungGen      total 1498112K, used 1439899K [0x000000066ab00000, 0x00000006d2900000, 0x00000007c0000000)
  eden space 1402368K, 100% used [0x000000066ab00000,0x00000006c0480000,0x00000006c0480000)
  from space 95744K, 39% used [0x00000006c0480000,0x00000006c2926f70,0x00000006c6200000)
  to   space 90112K, 0% used [0x00000006cd100000,0x00000006cd100000,0x00000006d2900000)
 ParOldGen       total 421888K, used 286490K [0x00000003c0000000, 0x00000003d9c00000, 0x000000066ab00000)
  object space 421888K, 67% used [0x00000003c0000000,0x00000003d17c6838,0x00000003d9c00000)
 Metaspace       used 97979K, capacity 99135K, committed 99288K, reserved 1134592K
  class space    used 12981K, capacity 13250K, committed 13272K, reserved 1048576K
Event: 71.550 GC heap after
Heap after GC invocations=56 (full 6):
 PSYoungGen      total 1606144K, used 66956K [0x000000066ab00000, 0x00000006d3500000, 0x00000007c0000000)
  eden space 1516032K, 0% used [0x000000066ab00000,0x000000066ab00000,0x00000006c7380000)
  from space 90112K, 74% used [0x00000006cd100000,0x00000006d12632d8,0x00000006d2900000)
  to   space 95744K, 0% used [0x00000006c7380000,0x00000006c7380000,0x00000006cd100000)
 ParOldGen       total 421888K, used 286498K [0x00000003c0000000, 0x00000003d9c00000, 0x000000066ab00000)
  object space 421888K, 67% used [0x00000003c0000000,0x00000003d17c8838,0x00000003d9c00000)
 Metaspace       used 97979K, capacity 99135K, committed 99288K, reserved 1134592K
  class space    used 12981K, capacity 13250K, committed 13272K, reserved 1048576K
}
Event: 73.693 GC heap before
{Heap before GC invocations=57 (full 6):
 PSYoungGen      total 1606144K, used 1582988K [0x000000066ab00000, 0x00000006d3500000, 0x00000007c0000000)
  eden space 1516032K, 100% used [0x000000066ab00000,0x00000006c7380000,0x00000006c7380000)
  from space 90112K, 74% used [0x00000006cd100000,0x00000006d12632d8,0x00000006d2900000)
  to   space 95744K, 0% used [0x00000006c7380000,0x00000006c7380000,0x00000006cd100000)
 ParOldGen       total 421888K, used 286498K [0x00000003c0000000, 0x00000003d9c00000, 0x000000066ab00000)
  object space 421888K, 67% used [0x00000003c0000000,0x00000003d17c8838,0x00000003d9c00000)
 Metaspace       used 97982K, capacity 99135K, committed 99288K, reserved 1134592K
  class space    used 12981K, capacity 13250K, committed 13272K, reserved 1048576K
Event: 73.711 GC heap after
Heap after GC invocations=57 (full 6):
 PSYoungGen      total 1611776K, used 24629K [0x000000066ab00000, 0x00000006d9800000, 0x00000007c0000000)
  eden space 1516032K, 0% used [0x000000066ab00000,0x000000066ab00000,0x00000006c7380000)
  from space 95744K, 25% used [0x00000006c7380000,0x00000006c8b8d710,0x00000006cd100000)
  to   space 92672K, 0% used [0x00000006d3d80000,0x00000006d3d80000,0x00000006d9800000)
 ParOldGen       total 421888K, used 286498K [0x00000003c0000000, 0x00000003d9c00000, 0x000000066ab00000)
  object space 421888K, 67% used [0x00000003c0000000,0x00000003d17c8838,0x00000003d9c00000)
 Metaspace       used 97982K, capacity 99135K, committed 99288K, reserved 1134592K
  class space    used 12981K, capacity 13250K, committed 13272K, reserved 1048576K
}
Event: 75.543 GC heap before
{Heap before GC invocations=58 (full 6):
 PSYoungGen      total 1611776K, used 1540661K [0x000000066ab00000, 0x00000006d9800000, 0x00000007c0000000)
  eden space 1516032K, 100% used [0x000000066ab00000,0x00000006c7380000,0x00000006c7380000)
  from space 95744K, 25% used [0x00000006c7380000,0x00000006c8b8d710,0x00000006cd100000)
  to   space 92672K, 0% used [0x00000006d3d80000,0x00000006d3d80000,0x00000006d9800000)
 ParOldGen       total 421888K, used 286498K [0x00000003c0000000, 0x00000003d9c00000, 0x000000066ab00000)
  object space 421888K, 67% used [0x00000003c0000000,0x00000003d17c8838,0x00000003d9c00000)
 Metaspace       used 98015K, capacity 99159K, committed 99288K, reserved 1134592K
  class space    used 12983K, capacity 13254K, committed 13272K, reserved 1048576K
Event: 75.590 GC heap after
Heap after GC invocations=58 (full 6):
 PSYoungGen      total 1717248K, used 67792K [0x000000066ab00000, 0x00000006da280000, 0x00000007c0000000)
  eden space 1624576K, 0% used [0x000000066ab00000,0x000000066ab00000,0x00000006cdd80000)
  from space 92672K, 73% used [0x00000006d3d80000,0x00000006d7fb4058,0x00000006d9800000)
  to   space 98304K, 0% used [0x00000006cdd80000,0x00000006cdd80000,0x00000006d3d80000)
 ParOldGen       total 421888K, used 288551K [0x00000003c0000000, 0x00000003d9c00000, 0x000000066ab00000)
  object space 421888K, 68% used [0x00000003c0000000,0x00000003d19c9fe8,0x00000003d9c00000)
 Metaspace       used 98015K, capacity 99159K, committed 99288K, reserved 1134592K
  class space    used 12983K, capacity 13254K, committed 13272K, reserved 1048576K
}
Event: 77.896 GC heap before
{Heap before GC invocations=59 (full 6):
 PSYoungGen      total 1717248K, used 1692368K [0x000000066ab00000, 0x00000006da280000, 0x00000007c0000000)
  eden space 1624576K, 100% used [0x000000066ab00000,0x00000006cdd80000,0x00000006cdd80000)
  from space 92672K, 73% used [0x00000006d3d80000,0x00000006d7fb4058,0x00000006d9800000)
  to   space 98304K, 0% used [0x00000006cdd80000,0x00000006cdd80000,0x00000006d3d80000)
 ParOldGen       total 421888K, used 288551K [0x00000003c0000000, 0x00000003d9c00000, 0x000000066ab00000)
  object space 421888K, 68% used [0x00000003c0000000,0x00000003d19c9fe8,0x00000003d9c00000)
 Metaspace       used 98018K, capacity 99159K, committed 99288K, reserved 1134592K
  class space    used 12983K, capacity 13254K, committed 13272K, reserved 1048576K
Event: 77.910 GC heap after
Heap after GC invocations=59 (full 6):
 PSYoungGen      total 1722880K, used 21729K [0x000000066ab00000, 0x00000006dff80000, 0x00000007c0000000)
  eden space 1624576K, 0% used [0x000000066ab00000,0x000000066ab00000,0x00000006cdd80000)
  from space 98304K, 22% used [0x00000006cdd80000,0x00000006cf2b8728,0x00000006d3d80000)
  to   space 95744K, 0% used [0x00000006da200000,0x00000006da200000,0x00000006dff80000)
 ParOldGen       total 421888K, used 289506K [0x00000003c0000000, 0x00000003d9c00000, 0x000000066ab00000)
  object space 421888K, 68% used [0x00000003c0000000,0x00000003d1ab8808,0x00000003d9c00000)
 Metaspace       used 98018K, capacity 99159K, committed 99288K, reserved 1134592K
  class space    used 12983K, capacity 13254K, committed 13272K, reserved 1048576K
}
Event: 79.954 GC heap before
{Heap before GC invocations=60 (full 6):
 PSYoungGen      total 1722880K, used 1646305K [0x000000066ab00000, 0x00000006dff80000, 0x00000007c0000000)
  eden space 1624576K, 100% used [0x000000066ab00000,0x00000006cdd80000,0x00000006cdd80000)
  from space 98304K, 22% used [0x00000006cdd80000,0x00000006cf2b8728,0x00000006d3d80000)
  to   space 95744K, 0% used [0x00000006da200000,0x00000006da200000,0x00000006dff80000)
 ParOldGen       total 421888K, used 289506K [0x00000003c0000000, 0x00000003d9c00000, 0x000000066ab00000)
  object space 421888K, 68% used [0x00000003c0000000,0x00000003d1ab8808,0x00000003d9c00000)
 Metaspace       used 98042K, capacity 99165K, committed 99288K, reserved 1134592K
  class space    used 12984K, capacity 13255K, committed 13272K, reserved 1048576K
Event: 80.018 GC heap after
Heap after GC invocations=60 (full 6):
 PSYoungGen      total 1821696K, used 64780K [0x000000066ab00000, 0x00000006e0f00000, 0x00000007c0000000)
  eden space 1725952K, 0% used [0x000000066ab00000,0x000000066ab00000,0x00000006d4080000)
  from space 95744K, 67% used [0x00000006da200000,0x00000006de143308,0x00000006dff80000)
  to   space 99840K, 0% used [0x00000006d4080000,0x00000006d4080000,0x00000006da200000)
 ParOldGen       total 421888K, used 291674K [0x00000003c0000000, 0x00000003d9c00000, 0x000000066ab00000)
  object space 421888K, 69% used [0x00000003c0000000,0x00000003d1cd6a58,0x00000003d9c00000)
 Metaspace       used 98042K, capacity 99165K, committed 99288K, reserved 1134592K
  class space    used 12984K, capacity 13255K, committed 13272K, reserved 1048576K
}
Event: 82.328 GC heap before
{Heap before GC invocations=61 (full 6):
 PSYoungGen      total 1821696K, used 1790332K [0x000000066ab00000, 0x00000006e0f00000, 0x00000007c0000000)
  eden space 1725952K, 99% used [0x000000066ab00000,0x00000006d401bdc8,0x00000006d4080000)
  from space 95744K, 67% used [0x00000006da200000,0x00000006de143308,0x00000006dff80000)
  to   space 99840K, 0% used [0x00000006d4080000,0x00000006d4080000,0x00000006da200000)
 ParOldGen       total 421888K, used 291674K [0x00000003c0000000, 0x00000003d9c00000, 0x000000066ab00000)
  object space 421888K, 69% used [0x00000003c0000000,0x00000003d1cd6a58,0x00000003d9c00000)
 Metaspace       used 98076K, capacity 99235K, committed 99288K, reserved 1134592K
  class space    used 12984K, capacity 13256K, committed 13272K, reserved 1048576K
Event: 82.343 GC heap after
Heap after GC invocations=61 (full 6):
 PSYoungGen      total 1825792K, used 27235K [0x000000066ab00000, 0x00000006e6280000, 0x00000007c0000000)
  eden space 1725952K, 0% used [0x000000066ab00000,0x000000066ab00000,0x00000006d4080000)
  from space 99840K, 27% used [0x00000006d4080000,0x00000006d5b18e38,0x00000006da200000)
  to   space 96256K, 0% used [0x00000006e0480000,0x00000006e0480000,0x00000006e6280000)
 ParOldGen       total 421888K, used 291682K [0x00000003c0000000, 0x00000003d9c00000, 0x000000066ab00000)
  object space 421888K, 69% used [0x00000003c0000000,0x00000003d1cd8a58,0x00000003d9c00000)
 Metaspace       used 98076K, capacity 99235K, committed 99288K, reserved 1134592K
  class space    used 12984K, capacity 13256K, committed 13272K, reserved 1048576K
}
Event: 84.525 GC heap before
{Heap before GC invocations=62 (full 6):
 PSYoungGen      total 1825792K, used 1753187K [0x000000066ab00000, 0x00000006e6280000, 0x00000007c0000000)
  eden space 1725952K, 100% used [0x000000066ab00000,0x00000006d4080000,0x00000006d4080000)
  from space 99840K, 27% used [0x00000006d4080000,0x00000006d5b18e38,0x00000006da200000)
  to   space 96256K, 0% used [0x00000006e0480000,0x00000006e0480000,0x00000006e6280000)
 ParOldGen       total 421888K, used 291682K [0x00000003c0000000, 0x00000003d9c00000, 0x000000066ab00000)
  object space 421888K, 69% used [0x00000003c0000000,0x00000003d1cd8a58,0x00000003d9c00000)
 Metaspace       used 98106K, capacity 99241K, committed 99288K, reserved 1134592K
  class space    used 12985K, capacity 13257K, committed 13272K, reserved 1048576K
Event: 84.568 GC heap after
Heap after GC invocations=62 (full 6):
 PSYoungGen      total 1923584K, used 17751K [0x000000066ab00000, 0x00000006e5f80000, 0x00000007c0000000)
  eden space 1830400K, 0% used [0x000000066ab00000,0x000000066ab00000,0x00000006da680000)
  from space 93184K, 19% used [0x00000006e0480000,0x00000006e15d5dd0,0x00000006e5f80000)
  to   space 94720K, 0% used [0x00000006da680000,0x00000006da680000,0x00000006e0300000)
 ParOldGen       total 421888K, used 293681K [0x00000003c0000000, 0x00000003d9c00000, 0x000000066ab00000)
  object space 421888K, 69% used [0x00000003c0000000,0x00000003d1ecc6f0,0x00000003d9c00000)
 Metaspace       used 98106K, capacity 99241K, committed 99288K, reserved 1134592K
  class space    used 12985K, capacity 13257K, committed 13272K, reserved 1048576K
}
Event: 86.985 GC heap before
{Heap before GC invocations=63 (full 6):
 PSYoungGen      total 1923584K, used 1848151K [0x000000066ab00000, 0x00000006e5f80000, 0x00000007c0000000)
  eden space 1830400K, 100% used [0x000000066ab00000,0x00000006da680000,0x00000006da680000)
  from space 93184K, 19% used [0x00000006e0480000,0x00000006e15d5dd0,0x00000006e5f80000)
  to   space 94720K, 0% used [0x00000006da680000,0x00000006da680000,0x00000006e0300000)
 ParOldGen       total 421888K, used 293681K [0x00000003c0000000, 0x00000003d9c00000, 0x000000066ab00000)
  object space 421888K, 69% used [0x00000003c0000000,0x00000003d1ecc6f0,0x00000003d9c00000)
 Metaspace       used 98133K, capacity 99247K, committed 99288K, reserved 1134592K
  class space    used 12985K, capacity 13258K, committed 13272K, reserved 1048576K
Event: 87.026 GC heap after
Heap after GC invocations=63 (full 6):
 PSYoungGen      total 1925120K, used 60857K [0x000000066ab00000, 0x00000006ec980000, 0x00000007c0000000)
  eden space 1830400K, 0% used [0x000000066ab00000,0x000000066ab00000,0x00000006da680000)
  from space 94720K, 64% used [0x00000006da680000,0x00000006de1ee560,0x00000006e0300000)
  to   space 97280K, 0% used [0x00000006e6a80000,0x00000006e6a80000,0x00000006ec980000)
 ParOldGen       total 421888K, used 293697K [0x00000003c0000000, 0x00000003d9c00000, 0x000000066ab00000)
  object space 421888K, 69% used [0x00000003c0000000,0x00000003d1ed06f0,0x00000003d9c00000)
 Metaspace       used 98133K, capacity 99247K, committed 99288K, reserved 1134592K
  class space    used 12985K, capacity 13258K, committed 13272K, reserved 1048576K
}
Event: 89.736 GC heap before
{Heap before GC invocations=64 (full 6):
 PSYoungGen      total 1925120K, used 1891257K [0x000000066ab00000, 0x00000006ec980000, 0x00000007c0000000)
  eden space 1830400K, 100% used [0x000000066ab00000,0x00000006da680000,0x00000006da680000)
  from space 94720K, 64% used [0x00000006da680000,0x00000006de1ee560,0x00000006e0300000)
  to   space 97280K, 0% used [0x00000006e6a80000,0x00000006e6a80000,0x00000006ec980000)
 ParOldGen       total 421888K, used 293697K [0x00000003c0000000, 0x00000003d9c00000, 0x000000066ab00000)
  object space 421888K, 69% used [0x00000003c0000000,0x00000003d1ed06f0,0x00000003d9c00000)
 Metaspace       used 98135K, capacity 99247K, committed 99288K, reserved 1134592K
  class space    used 12985K, capacity 13258K, committed 13272K, reserved 1048576K
Event: 89.794 GC heap after
Heap after GC invocations=64 (full 6):
 PSYoungGen      total 2032128K, used 17631K [0x000000066ab00000, 0x00000006ec900000, 0x00000007c0000000)
  eden space 1935360K, 0% used [0x000000066ab00000,0x000000066ab00000,0x00000006e0d00000)
  from space 96768K, 18% used [0x00000006e6a80000,0x00000006e7bb7fb0,0x00000006ec900000)
  to   space 95744K, 0% used [0x00000006e0d00000,0x00000006e0d00000,0x00000006e6a80000)
 ParOldGen       total 421888K, used 293713K [0x00000003c0000000, 0x00000003d9c00000, 0x000000066ab00000)
  object space 421888K, 69% used [0x00000003c0000000,0x00000003d1ed46f0,0x00000003d9c00000)
 Metaspace       used 98135K, capacity 99247K, committed 99288K, reserved 1134592K
  class space    used 12985K, capacity 13258K, committed 13272K, reserved 1048576K
}
Event: 92.478 GC heap before
{Heap before GC invocations=65 (full 6):
 PSYoungGen      total 2032128K, used 1952991K [0x000000066ab00000, 0x00000006ec900000, 0x00000007c0000000)
  eden space 1935360K, 100% used [0x000000066ab00000,0x00000006e0d00000,0x00000006e0d00000)
  from space 96768K, 18% used [0x00000006e6a80000,0x00000006e7bb7fb0,0x00000006ec900000)
  to   space 95744K, 0% used [0x00000006e0d00000,0x00000006e0d00000,0x00000006e6a80000)
 ParOldGen       total 421888K, used 293713K [0x00000003c0000000, 0x00000003d9c00000, 0x000000066ab00000)
  object space 421888K, 69% used [0x00000003c0000000,0x00000003d1ed46f0,0x00000003d9c00000)
 Metaspace       used 98163K, capacity 99317K, committed 99544K, reserved 1136640K
  class space    used 12986K, capacity 13259K, committed 13272K, reserved 1048576K
Event: 92.573 GC heap after
Heap after GC invocations=65 (full 6):
 PSYoungGen      total 2031104K, used 66394K [0x000000066ab00000, 0x00000006f4d00000, 0x00000007c0000000)
  eden space 1935360K, 0% used [0x000000066ab00000,0x000000066ab00000,0x00000006e0d00000)
  from space 95744K, 69% used [0x00000006e0d00000,0x00000006e4dd68b0,0x00000006e6a80000)
  to   space 100352K, 0% used [0x00000006eeb00000,0x00000006eeb00000,0x00000006f4d00000)
 ParOldGen       total 421888K, used 293737K [0x00000003c0000000, 0x00000003d9c00000, 0x000000066ab00000)
  object space 421888K, 69% used [0x00000003c0000000,0x00000003d1eda6f0,0x00000003d9c00000)
 Metaspace       used 98163K, capacity 99317K, committed 99544K, reserved 1136640K
  class space    used 12986K, capacity 13259K, committed 13272K, reserved 1048576K
}
Event: 101.597 GC heap before
{Heap before GC invocations=66 (full 6):
 PSYoungGen      total 2031104K, used 1980412K [0x000000066ab00000, 0x00000006f4d00000, 0x00000007c0000000)
  eden space 1935360K, 98% used [0x000000066ab00000,0x00000006df828940,0x00000006e0d00000)
  from space 95744K, 69% used [0x00000006e0d00000,0x00000006e4dd68b0,0x00000006e6a80000)
  to   space 100352K, 0% used [0x00000006eeb00000,0x00000006eeb00000,0x00000006f4d00000)
 ParOldGen       total 421888K, used 293737K [0x00000003c0000000, 0x00000003d9c00000, 0x000000066ab00000)
  object space 421888K, 69% used [0x00000003c0000000,0x00000003d1eda6f0,0x00000003d9c00000)
 Metaspace       used 98375K, capacity 99511K, committed 99544K, reserved 1136640K
  class space    used 13007K, capacity 13272K, committed 13272K, reserved 1048576K
Event: 101.611 GC heap after
Heap after GC invocations=66 (full 6):
 PSYoungGen      total 2114560K, used 21848K [0x000000066ab00000, 0x00000006f3300000, 0x00000007c0000000)
  eden space 2040832K, 0% used [0x000000066ab00000,0x000000066ab00000,0x00000006e7400000)
  from space 73728K, 29% used [0x00000006eeb00000,0x00000006f0056100,0x00000006f3300000)
  to   space 97792K, 0% used [0x00000006e7400000,0x00000006e7400000,0x00000006ed380000)
 ParOldGen       total 421888K, used 293761K [0x00000003c0000000, 0x00000003d9c00000, 0x000000066ab00000)
  object space 421888K, 69% used [0x00000003c0000000,0x00000003d1ee06f0,0x00000003d9c00000)
 Metaspace       used 98375K, capacity 99511K, committed 99544K, reserved 1136640K
  class space    used 13007K, capacity 13272K, committed 13272K, reserved 1048576K
}
Event: 104.728 GC heap before
{Heap before GC invocations=67 (full 6):
 PSYoungGen      total 2114560K, used 2062680K [0x000000066ab00000, 0x00000006f3300000, 0x00000007c0000000)
  eden space 2040832K, 100% used [0x000000066ab00000,0x00000006e7400000,0x00000006e7400000)
  from space 73728K, 29% used [0x00000006eeb00000,0x00000006f0056100,0x00000006f3300000)
  to   space 97792K, 0% used [0x00000006e7400000,0x00000006e7400000,0x00000006ed380000)
 ParOldGen       total 421888K, used 293761K [0x00000003c0000000, 0x00000003d9c00000, 0x000000066ab00000)
  object space 421888K, 69% used [0x00000003c0000000,0x00000003d1ee06f0,0x00000003d9c00000)
 Metaspace       used 98787K, capacity 100011K, committed 100184K, reserved 1136640K
  class space    used 13032K, capacity 13304K, committed 13400K, reserved 1048576K
Event: 104.734 GC heap after
Heap after GC invocations=67 (full 6):
 PSYoungGen      total 2138624K, used 6504K [0x000000066ab00000, 0x00000006f8c00000, 0x00000007c0000000)
  eden space 2040832K, 0% used [0x000000066ab00000,0x000000066ab00000,0x00000006e7400000)
  from space 97792K, 6% used [0x00000006e7400000,0x00000006e7a5a210,0x00000006ed380000)
  to   space 97280K, 0% used [0x00000006f2d00000,0x00000006f2d00000,0x00000006f8c00000)
 ParOldGen       total 421888K, used 293777K [0x00000003c0000000, 0x00000003d9c00000, 0x000000066ab00000)
  object space 421888K, 69% used [0x00000003c0000000,0x00000003d1ee46f0,0x00000003d9c00000)
 Metaspace       used 98787K, capacity 100011K, committed 100184K, reserved 1136640K
  class space    used 13032K, capacity 13304K, committed 13400K, reserved 1048576K
}
Event: 107.711 GC heap before
{Heap before GC invocations=68 (full 6):
 PSYoungGen      total 2138624K, used 2047336K [0x000000066ab00000, 0x00000006f8c00000, 0x00000007c0000000)
  eden space 2040832K, 100% used [0x000000066ab00000,0x00000006e7400000,0x00000006e7400000)
  from space 97792K, 6% used [0x00000006e7400000,0x00000006e7a5a210,0x00000006ed380000)
  to   space 97280K, 0% used [0x00000006f2d00000,0x00000006f2d00000,0x00000006f8c00000)
 ParOldGen       total 421888K, used 293777K [0x00000003c0000000, 0x00000003d9c00000, 0x000000066ab00000)
  object space 421888K, 69% used [0x00000003c0000000,0x00000003d1ee46f0,0x00000003d9c00000)
 Metaspace       used 98801K, capacity 100015K, committed 100184K, reserved 1136640K
  class space    used 13032K, capacity 13304K, committed 13400K, reserved 1048576K
Event: 107.717 GC heap after
Heap after GC invocations=68 (full 6):
 PSYoungGen      total 2197504K, used 5348K [0x000000066ab00000, 0x00000006f7b80000, 0x00000007c0000000)
  eden space 2117120K, 0% used [0x000000066ab00000,0x000000066ab00000,0x00000006ebe80000)
  from space 80384K, 6% used [0x00000006f2d00000,0x00000006f3239238,0x00000006f7b80000)
  to   space 96768K, 0% used [0x00000006ebe80000,0x00000006ebe80000,0x00000006f1d00000)
 ParOldGen       total 421888K, used 293817K [0x00000003c0000000, 0x00000003d9c00000, 0x000000066ab00000)
  object space 421888K, 69% used [0x00000003c0000000,0x00000003d1eee6f0,0x00000003d9c00000)
 Metaspace       used 98801K, capacity 100015K, committed 100184K, reserved 1136640K
  class space    used 13032K, capacity 13304K, committed 13400K, reserved 1048576K
}
Event: 110.826 GC heap before
{Heap before GC invocations=69 (full 6):
 PSYoungGen      total 2197504K, used 2122468K [0x000000066ab00000, 0x00000006f7b80000, 0x00000007c0000000)
  eden space 2117120K, 100% used [0x000000066ab00000,0x00000006ebe80000,0x00000006ebe80000)
  from space 80384K, 6% used [0x00000006f2d00000,0x00000006f3239238,0x00000006f7b80000)
  to   space 96768K, 0% used [0x00000006ebe80000,0x00000006ebe80000,0x00000006f1d00000)
 ParOldGen       total 421888K, used 293817K [0x00000003c0000000, 0x00000003d9c00000, 0x000000066ab00000)
  object space 421888K, 69% used [0x00000003c0000000,0x00000003d1eee6f0,0x00000003d9c00000)
 Metaspace       used 98805K, capacity 100015K, committed 100184K, reserved 1136640K
  class space    used 13032K, capacity 13304K, committed 13400K, reserved 1048576K
Event: 110.832 GC heap after
Heap after GC invocations=69 (full 6):
 PSYoungGen      total 2213888K, used 5919K [0x000000066ab00000, 0x00000006fb700000, 0x00000007c0000000)
  eden space 2117120K, 0% used [0x000000066ab00000,0x000000066ab00000,0x00000006ebe80000)
  from space 96768K, 6% used [0x00000006ebe80000,0x00000006ec447e38,0x00000006f1d00000)
  to   space 94720K, 0% used [0x00000006f5a80000,0x00000006f5a80000,0x00000006fb700000)
 ParOldGen       total 421888K, used 293833K [0x00000003c0000000, 0x00000003d9c00000, 0x000000066ab00000)
  object space 421888K, 69% used [0x00000003c0000000,0x00000003d1ef26f0,0x00000003d9c00000)
 Metaspace       used 98805K, capacity 100015K, committed 100184K, reserved 1136640K
  class space    used 13032K, capacity 13304K, committed 13400K, reserved 1048576K
}
Event: 113.615 GC heap before
{Heap before GC invocations=70 (full 6):
 PSYoungGen      total 2213888K, used 2123039K [0x000000066ab00000, 0x00000006fb700000, 0x00000007c0000000)
  eden space 2117120K, 100% used [0x000000066ab00000,0x00000006ebe80000,0x00000006ebe80000)
  from space 96768K, 6% used [0x00000006ebe80000,0x00000006ec447e38,0x00000006f1d00000)
  to   space 94720K, 0% used [0x00000006f5a80000,0x00000006f5a80000,0x00000006fb700000)
 ParOldGen       total 421888K, used 293833K [0x00000003c0000000, 0x00000003d9c00000, 0x000000066ab00000)
  object space 421888K, 69% used [0x00000003c0000000,0x00000003d1ef26f0,0x00000003d9c00000)
 Metaspace       used 98960K, capacity 100219K, committed 100440K, reserved 1136640K
  class space    used 13037K, capacity 13306K, committed 13400K, reserved 1048576K
Event: 113.633 GC heap after
Heap after GC invocations=70 (full 6):
 PSYoungGen      total 2260480K, used 33664K [0x000000066ab00000, 0x00000006faa00000, 0x00000007c0000000)
  eden space 2179072K, 0% used [0x000000066ab00000,0x000000066ab00000,0x00000006efb00000)
  from space 81408K, 41% used [0x00000006f5a80000,0x00000006f7b603c0,0x00000006faa00000)
  to   space 89600K, 0% used [0x00000006efb00000,0x00000006efb00000,0x00000006f5280000)
 ParOldGen       total 421888K, used 293857K [0x00000003c0000000, 0x00000003d9c00000, 0x000000066ab00000)
  object space 421888K, 69% used [0x00000003c0000000,0x00000003d1ef86f0,0x00000003d9c00000)
 Metaspace       used 98960K, capacity 100219K, committed 100440K, reserved 1136640K
  class space    used 13037K, capacity 13306K, committed 13400K, reserved 1048576K
}
Event: 116.823 GC heap before
{Heap before GC invocations=71 (full 6):
 PSYoungGen      total 2260480K, used 2212736K [0x000000066ab00000, 0x00000006faa00000, 0x00000007c0000000)
  eden space 2179072K, 100% used [0x000000066ab00000,0x00000006efb00000,0x00000006efb00000)
  from space 81408K, 41% used [0x00000006f5a80000,0x00000006f7b603c0,0x00000006faa00000)
  to   space 89600K, 0% used [0x00000006efb00000,0x00000006efb00000,0x00000006f5280000)
 ParOldGen       total 421888K, used 293857K [0x00000003c0000000, 0x00000003d9c00000, 0x000000066ab00000)
  object space 421888K, 69% used [0x00000003c0000000,0x00000003d1ef86f0,0x00000003d9c00000)
 Metaspace       used 98964K, capacity 100219K, committed 100440K, reserved 1136640K
  class space    used 13037K, capacity 13306K, committed 13400K, reserved 1048576K
Event: 116.828 GC heap after
Heap after GC invocations=71 (full 6):
 PSYoungGen      total 2268672K, used 6084K [0x000000066ab00000, 0x00000006fda80000, 0x00000007c0000000)
  eden space 2179072K, 0% used [0x000000066ab00000,0x000000066ab00000,0x00000006efb00000)
  from space 89600K, 6% used [0x00000006efb00000,0x00000006f00f13d0,0x00000006f5280000)
  to   space 88064K, 0% used [0x00000006f8480000,0x00000006f8480000,0x00000006fda80000)
 ParOldGen       total 421888K, used 293889K [0x00000003c0000000, 0x00000003d9c00000, 0x000000066ab00000)
  object space 421888K, 69% used [0x00000003c0000000,0x00000003d1f006f0,0x00000003d9c00000)
 Metaspace       used 98964K, capacity 100219K, committed 100440K, reserved 1136640K
  class space    used 13037K, capacity 13306K, committed 13400K, reserved 1048576K
}
Event: 119.999 GC heap before
{Heap before GC invocations=72 (full 6):
 PSYoungGen      total 2268672K, used 2185156K [0x000000066ab00000, 0x00000006fda80000, 0x00000007c0000000)
  eden space 2179072K, 100% used [0x000000066ab00000,0x00000006efb00000,0x00000006efb00000)
  from space 89600K, 6% used [0x00000006efb00000,0x00000006f00f13d0,0x00000006f5280000)
  to   space 88064K, 0% used [0x00000006f8480000,0x00000006f8480000,0x00000006fda80000)
 ParOldGen       total 421888K, used 293889K [0x00000003c0000000, 0x00000003d9c00000, 0x000000066ab00000)
  object space 421888K, 69% used [0x00000003c0000000,0x00000003d1f006f0,0x00000003d9c00000)
 Metaspace       used 98965K, capacity 100219K, committed 100440K, reserved 1136640K
  class space    used 13037K, capacity 13306K, committed 13400K, reserved 1048576K
Event: 120.005 GC heap after
Heap after GC invocations=72 (full 6):
 PSYoungGen      total 2299392K, used 5326K [0x000000066ab00000, 0x00000006fce80000, 0x00000007c0000000)
  eden space 2223616K, 0% used [0x000000066ab00000,0x000000066ab00000,0x00000006f2680000)
  from space 75776K, 7% used [0x00000006f8480000,0x00000006f89b3940,0x00000006fce80000)
  to   space 86016K, 0% used [0x00000006f2680000,0x00000006f2680000,0x00000006f7a80000)
 ParOldGen       total 421888K, used 293905K [0x00000003c0000000, 0x00000003d9c00000, 0x000000066ab00000)
  object space 421888K, 69% used [0x00000003c0000000,0x00000003d1f046f0,0x00000003d9c00000)
 Metaspace       used 98965K, capacity 100219K, committed 100440K, reserved 1136640K
  class space    used 13037K, capacity 13306K, committed 13400K, reserved 1048576K
}
Event: 175.875 GC heap before
{Heap before GC invocations=73 (full 6):
 PSYoungGen      total 2299392K, used 2228942K [0x000000066ab00000, 0x00000006fce80000, 0x00000007c0000000)
  eden space 2223616K, 100% used [0x000000066ab00000,0x00000006f2680000,0x00000006f2680000)
  from space 75776K, 7% used [0x00000006f8480000,0x00000006f89b3940,0x00000006fce80000)
  to   space 86016K, 0% used [0x00000006f2680000,0x00000006f2680000,0x00000006f7a80000)
 ParOldGen       total 421888K, used 293905K [0x00000003c0000000, 0x00000003d9c00000, 0x000000066ab00000)
  object space 421888K, 69% used [0x00000003c0000000,0x00000003d1f046f0,0x00000003d9c00000)
 Metaspace       used 99572K, capacity 100815K, committed 100952K, reserved 1136640K
  class space    used 13090K, capacity 13349K, committed 13400K, reserved 1048576K
Event: 175.909 GC heap after
Heap after GC invocations=73 (full 6):
 PSYoungGen      total 2309632K, used 26905K [0x000000066ab00000, 0x00000006fe700000, 0x00000007c0000000)
  eden space 2223616K, 0% used [0x000000066ab00000,0x000000066ab00000,0x00000006f2680000)
  from space 86016K, 31% used [0x00000006f2680000,0x00000006f40c67c0,0x00000006f7a80000)
  to   space 80384K, 0% used [0x00000006f9880000,0x00000006f9880000,0x00000006fe700000)
 ParOldGen       total 421888K, used 293945K [0x00000003c0000000, 0x00000003d9c00000, 0x000000066ab00000)
  object space 421888K, 69% used [0x00000003c0000000,0x00000003d1f0e6f0,0x00000003d9c00000)
 Metaspace       used 99572K, capacity 100815K, committed 100952K, reserved 1136640K
  class space    used 13090K, capacity 13349K, committed 13400K, reserved 1048576K
}
Event: 180.402 GC heap before
{Heap before GC invocations=74 (full 6):
 PSYoungGen      total 2309632K, used 2250521K [0x000000066ab00000, 0x00000006fe700000, 0x00000007c0000000)
  eden space 2223616K, 100% used [0x000000066ab00000,0x00000006f2680000,0x00000006f2680000)
  from space 86016K, 31% used [0x00000006f2680000,0x00000006f40c67c0,0x00000006f7a80000)
  to   space 80384K, 0% used [0x00000006f9880000,0x00000006f9880000,0x00000006fe700000)
 ParOldGen       total 421888K, used 293945K [0x00000003c0000000, 0x00000003d9c00000, 0x000000066ab00000)
  object space 421888K, 69% used [0x00000003c0000000,0x00000003d1f0e6f0,0x00000003d9c00000)
 Metaspace       used 99837K, capacity 101121K, committed 101208K, reserved 1136640K
  class space    used 13108K, capacity 13397K, committed 13400K, reserved 1048576K

