# JRE version: OpenJDK Runtime Environment (8.0_252-b09) (build 1.8.0_252-b09)
# Java VM: OpenJDK 64-Bit Server VM (25.252-b09 mixed mode linux-amd64 compressed oops)
Heap:
 PSYoungGen      total 2122752K, used 4366K [0x000000066ab00000, 0x00000006ec980000, 0x00000007c0000000)
  eden space 2117120K, 0% used [0x000000066ab00000,0x000000066ab00000,0x00000006ebe80000)
  from space 5632K, 77% used [0x00000006ebe80000,0x00000006ec2c3a50,0x00000006ec400000)
  to   space 5120K, 0% used [0x00000006ec400000,0x00000006ec400000,0x00000006ec900000)
 ParOldGen       total 286208K, used 134388K [0x00000003c0000000, 0x00000003d1780000, 0x000000066ab00000)
  object space 286208K, 46% used [0x00000003c0000000,0x00000003c833d080,0x00000003d1780000)
 Metaspace       used 94621K, capacity 95880K, committed 95960K, reserved 1132544K
  class space    used 12959K, capacity 13214K, committed 13272K, reserved 1048576K
GC Heap History (189 events):
Event: 0.458 GC heap before
{Heap before GC invocations=1 (full 0):
 PSYoungGen      total 18432K, used 15872K [0x000000066ab00000, 0x000000066bf80000, 0x00000007c0000000)
  eden space 15872K, 100% used [0x000000066ab00000,0x000000066ba80000,0x000000066ba80000)
  from space 2560K, 0% used [0x000000066bd00000,0x000000066bd00000,0x000000066bf80000)
  to   space 2560K, 0% used [0x000000066ba80000,0x000000066ba80000,0x000000066bd00000)
 ParOldGen       total 42496K, used 0K [0x00000003c0000000, 0x00000003c2980000, 0x000000066ab00000)
  object space 42496K, 0% used [0x00000003c0000000,0x00000003c0000000,0x00000003c2980000)
 Metaspace       used 4967K, capacity 5944K, committed 6016K, reserved 1056768K
  class space    used 542K, capacity 616K, committed 640K, reserved 1048576K
Event: 0.462 GC heap after
Heap after GC invocations=1 (full 0):
 PSYoungGen      total 18432K, used 2536K [0x000000066ab00000, 0x000000066bf80000, 0x00000007c0000000)
  eden space 15872K, 0% used [0x000000066ab00000,0x000000066ab00000,0x000000066ba80000)
  from space 2560K, 99% used [0x000000066ba80000,0x000000066bcfa320,0x000000066bd00000)
  to   space 2560K, 0% used [0x000000066bd00000,0x000000066bd00000,0x000000066bf80000)
 ParOldGen       total 42496K, used 498K [0x00000003c0000000, 0x00000003c2980000, 0x000000066ab00000)
  object space 42496K, 1% used [0x00000003c0000000,0x00000003c007ca30,0x00000003c2980000)
 Metaspace       used 4967K, capacity 5944K, committed 6016K, reserved 1056768K
  class space    used 542K, capacity 616K, committed 640K, reserved 1048576K
}
Event: 0.922 GC heap before
{Heap before GC invocations=2 (full 0):
 PSYoungGen      total 18432K, used 18408K [0x000000066ab00000, 0x000000066bf80000, 0x00000007c0000000)
  eden space 15872K, 100% used [0x000000066ab00000,0x000000066ba80000,0x000000066ba80000)
  from space 2560K, 99% used [0x000000066ba80000,0x000000066bcfa320,0x000000066bd00000)
  to   space 2560K, 0% used [0x000000066bd00000,0x000000066bd00000,0x000000066bf80000)
 ParOldGen       total 42496K, used 498K [0x00000003c0000000, 0x00000003c2980000, 0x000000066ab00000)
  object space 42496K, 1% used [0x00000003c0000000,0x00000003c007ca30,0x00000003c2980000)
 Metaspace       used 9283K, capacity 9328K, committed 9472K, reserved 1056768K
  class space    used 1221K, capacity 1232K, committed 1280K, reserved 1048576K
Event: 0.926 GC heap after
Heap after GC invocations=2 (full 0):
 PSYoungGen      total 18432K, used 2540K [0x000000066ab00000, 0x000000066bf80000, 0x00000007c0000000)
  eden space 15872K, 0% used [0x000000066ab00000,0x000000066ab00000,0x000000066ba80000)
  from space 2560K, 99% used [0x000000066bd00000,0x000000066bf7b300,0x000000066bf80000)
  to   space 2560K, 0% used [0x000000066ba80000,0x000000066ba80000,0x000000066bd00000)
 ParOldGen       total 42496K, used 1643K [0x00000003c0000000, 0x00000003c2980000, 0x000000066ab00000)
  object space 42496K, 3% used [0x00000003c0000000,0x00000003c019aff0,0x00000003c2980000)
 Metaspace       used 9283K, capacity 9328K, committed 9472K, reserved 1056768K
  class space    used 1221K, capacity 1232K, committed 1280K, reserved 1048576K
}
Event: 1.205 GC heap before
{Heap before GC invocations=3 (full 0):
 PSYoungGen      total 18432K, used 18412K [0x000000066ab00000, 0x000000066bf80000, 0x00000007c0000000)
  eden space 15872K, 100% used [0x000000066ab00000,0x000000066ba80000,0x000000066ba80000)
  from space 2560K, 99% used [0x000000066bd00000,0x000000066bf7b300,0x000000066bf80000)
  to   space 2560K, 0% used [0x000000066ba80000,0x000000066ba80000,0x000000066bd00000)
 ParOldGen       total 42496K, used 1643K [0x00000003c0000000, 0x00000003c2980000, 0x000000066ab00000)
  object space 42496K, 3% used [0x00000003c0000000,0x00000003c019aff0,0x00000003c2980000)
 Metaspace       used 11352K, capacity 11440K, committed 11648K, reserved 1058816K
  class space    used 1531K, capacity 1552K, committed 1664K, reserved 1048576K
Event: 1.209 GC heap after
Heap after GC invocations=3 (full 0):
 PSYoungGen      total 18432K, used 2531K [0x000000066ab00000, 0x000000066bf80000, 0x00000007c0000000)
  eden space 15872K, 0% used [0x000000066ab00000,0x000000066ab00000,0x000000066ba80000)
  from space 2560K, 98% used [0x000000066ba80000,0x000000066bcf8d80,0x000000066bd00000)
  to   space 2560K, 0% used [0x000000066bd00000,0x000000066bd00000,0x000000066bf80000)
 ParOldGen       total 42496K, used 2803K [0x00000003c0000000, 0x00000003c2980000, 0x000000066ab00000)
  object space 42496K, 6% used [0x00000003c0000000,0x00000003c02bcfb0,0x00000003c2980000)
 Metaspace       used 11352K, capacity 11440K, committed 11648K, reserved 1058816K
  class space    used 1531K, capacity 1552K, committed 1664K, reserved 1048576K
}
Event: 1.403 GC heap before
{Heap before GC invocations=4 (full 0):
 PSYoungGen      total 18432K, used 18403K [0x000000066ab00000, 0x000000066bf80000, 0x00000007c0000000)
  eden space 15872K, 100% used [0x000000066ab00000,0x000000066ba80000,0x000000066ba80000)
  from space 2560K, 98% used [0x000000066ba80000,0x000000066bcf8d80,0x000000066bd00000)
  to   space 2560K, 0% used [0x000000066bd00000,0x000000066bd00000,0x000000066bf80000)
 ParOldGen       total 42496K, used 2803K [0x00000003c0000000, 0x00000003c2980000, 0x000000066ab00000)
  object space 42496K, 6% used [0x00000003c0000000,0x00000003c02bcfb0,0x00000003c2980000)
 Metaspace       used 12926K, capacity 13072K, committed 13312K, reserved 1060864K
  class space    used 1728K, capacity 1776K, committed 1792K, reserved 1048576K
Event: 1.407 GC heap after
Heap after GC invocations=4 (full 0):
 PSYoungGen      total 18432K, used 2542K [0x000000066ab00000, 0x000000066cf00000, 0x00000007c0000000)
  eden space 15872K, 0% used [0x000000066ab00000,0x000000066ab00000,0x000000066ba80000)
  from space 2560K, 99% used [0x000000066bd00000,0x000000066bf7ba28,0x000000066bf80000)
  to   space 2560K, 0% used [0x000000066ba80000,0x000000066ba80000,0x000000066bd00000)
 ParOldGen       total 42496K, used 3835K [0x00000003c0000000, 0x00000003c2980000, 0x000000066ab00000)
  object space 42496K, 9% used [0x00000003c0000000,0x00000003c03befa0,0x00000003c2980000)
 Metaspace       used 12926K, capacity 13072K, committed 13312K, reserved 1060864K
  class space    used 1728K, capacity 1776K, committed 1792K, reserved 1048576K
}
Event: 1.561 GC heap before
{Heap before GC invocations=5 (full 0):
 PSYoungGen      total 18432K, used 18414K [0x000000066ab00000, 0x000000066cf00000, 0x00000007c0000000)
  eden space 15872K, 100% used [0x000000066ab00000,0x000000066ba80000,0x000000066ba80000)
  from space 2560K, 99% used [0x000000066bd00000,0x000000066bf7ba28,0x000000066bf80000)
  to   space 2560K, 0% used [0x000000066ba80000,0x000000066ba80000,0x000000066bd00000)
 ParOldGen       total 42496K, used 3835K [0x00000003c0000000, 0x00000003c2980000, 0x000000066ab00000)
  object space 42496K, 9% used [0x00000003c0000000,0x00000003c03befa0,0x00000003c2980000)
 Metaspace       used 14348K, capacity 14448K, committed 14592K, reserved 1062912K
  class space    used 1898K, capacity 1936K, committed 2048K, reserved 1048576K
Event: 1.566 GC heap after
Heap after GC invocations=5 (full 0):
 PSYoungGen      total 18432K, used 2542K [0x000000066ab00000, 0x000000066d300000, 0x00000007c0000000)
  eden space 15872K, 0% used [0x000000066ab00000,0x000000066ab00000,0x000000066ba80000)
  from space 2560K, 99% used [0x000000066ba80000,0x000000066bcfba48,0x000000066bd00000)
  to   space 4608K, 0% used [0x000000066ce80000,0x000000066ce80000,0x000000066d300000)
 ParOldGen       total 42496K, used 5167K [0x00000003c0000000, 0x00000003c2980000, 0x000000066ab00000)
  object space 42496K, 12% used [0x00000003c0000000,0x00000003c050bf78,0x00000003c2980000)
 Metaspace       used 14348K, capacity 14448K, committed 14592K, reserved 1062912K
  class space    used 1898K, capacity 1936K, committed 2048K, reserved 1048576K
}
Event: 1.908 GC heap before
{Heap before GC invocations=6 (full 0):
 PSYoungGen      total 18432K, used 18414K [0x000000066ab00000, 0x000000066d300000, 0x00000007c0000000)
  eden space 15872K, 100% used [0x000000066ab00000,0x000000066ba80000,0x000000066ba80000)
  from space 2560K, 99% used [0x000000066ba80000,0x000000066bcfba48,0x000000066bd00000)
  to   space 4608K, 0% used [0x000000066ce80000,0x000000066ce80000,0x000000066d300000)
 ParOldGen       total 42496K, used 5167K [0x00000003c0000000, 0x00000003c2980000, 0x000000066ab00000)
  object space 42496K, 12% used [0x00000003c0000000,0x00000003c050bf78,0x00000003c2980000)
 Metaspace       used 15317K, capacity 15414K, committed 15616K, reserved 1062912K
  class space    used 1979K, capacity 2001K, committed 2048K, reserved 1048576K
Event: 1.913 GC heap after
Heap after GC invocations=6 (full 0):
 PSYoungGen      total 35840K, used 3651K [0x000000066ab00000, 0x000000066d280000, 0x00000007c0000000)
  eden space 31744K, 0% used [0x000000066ab00000,0x000000066ab00000,0x000000066ca00000)
  from space 4096K, 89% used [0x000000066ce80000,0x000000066d210fb0,0x000000066d280000)
  to   space 4096K, 0% used [0x000000066ca80000,0x000000066ca80000,0x000000066ce80000)
 ParOldGen       total 42496K, used 5175K [0x00000003c0000000, 0x00000003c2980000, 0x000000066ab00000)
  object space 42496K, 12% used [0x00000003c0000000,0x00000003c050df78,0x00000003c2980000)
 Metaspace       used 15317K, capacity 15414K, committed 15616K, reserved 1062912K
  class space    used 1979K, capacity 2001K, committed 2048K, reserved 1048576K
}
Event: 2.258 GC heap before
{Heap before GC invocations=7 (full 0):
 PSYoungGen      total 35840K, used 35395K [0x000000066ab00000, 0x000000066d280000, 0x00000007c0000000)
  eden space 31744K, 100% used [0x000000066ab00000,0x000000066ca00000,0x000000066ca00000)
  from space 4096K, 89% used [0x000000066ce80000,0x000000066d210fb0,0x000000066d280000)
  to   space 4096K, 0% used [0x000000066ca80000,0x000000066ca80000,0x000000066ce80000)
 ParOldGen       total 42496K, used 5175K [0x00000003c0000000, 0x00000003c2980000, 0x000000066ab00000)
  object space 42496K, 12% used [0x00000003c0000000,0x00000003c050df78,0x00000003c2980000)
 Metaspace       used 15703K, capacity 15816K, committed 16128K, reserved 1062912K
  class space    used 1981K, capacity 2004K, committed 2048K, reserved 1048576K
Event: 2.268 GC heap after
Heap after GC invocations=7 (full 0):
 PSYoungGen      total 36352K, used 2768K [0x000000066ab00000, 0x000000066f200000, 0x00000007c0000000)
  eden space 32256K, 0% used [0x000000066ab00000,0x000000066ab00000,0x000000066ca80000)
  from space 4096K, 67% used [0x000000066ca80000,0x000000066cd34020,0x000000066ce80000)
  to   space 4608K, 0% used [0x000000066ed80000,0x000000066ed80000,0x000000066f200000)
 ParOldGen       total 42496K, used 6736K [0x00000003c0000000, 0x00000003c2980000, 0x000000066ab00000)
  object space 42496K, 15% used [0x00000003c0000000,0x00000003c06942c0,0x00000003c2980000)
 Metaspace       used 15703K, capacity 15816K, committed 16128K, reserved 1062912K
  class space    used 1981K, capacity 2004K, committed 2048K, reserved 1048576K
}
Event: 2.525 GC heap before
{Heap before GC invocations=8 (full 0):
 PSYoungGen      total 36352K, used 35024K [0x000000066ab00000, 0x000000066f200000, 0x00000007c0000000)
  eden space 32256K, 100% used [0x000000066ab00000,0x000000066ca80000,0x000000066ca80000)
  from space 4096K, 67% used [0x000000066ca80000,0x000000066cd34020,0x000000066ce80000)
  to   space 4608K, 0% used [0x000000066ed80000,0x000000066ed80000,0x000000066f200000)
 ParOldGen       total 42496K, used 6736K [0x00000003c0000000, 0x00000003c2980000, 0x000000066ab00000)
  object space 42496K, 15% used [0x00000003c0000000,0x00000003c06942c0,0x00000003c2980000)
 Metaspace       used 15906K, capacity 16008K, committed 16128K, reserved 1062912K
  class space    used 1982K, capacity 2004K, committed 2048K, reserved 1048576K
Event: 2.530 GC heap after
Heap after GC invocations=8 (full 0):
 PSYoungGen      total 68096K, used 2624K [0x000000066ab00000, 0x000000066f300000, 0x00000007c0000000)
  eden space 63488K, 0% used [0x000000066ab00000,0x000000066ab00000,0x000000066e900000)
  from space 4608K, 56% used [0x000000066ed80000,0x000000066f010020,0x000000066f200000)
  to   space 4608K, 0% used [0x000000066e900000,0x000000066e900000,0x000000066ed80000)
 ParOldGen       total 42496K, used 7382K [0x00000003c0000000, 0x00000003c2980000, 0x000000066ab00000)
  object space 42496K, 17% used [0x00000003c0000000,0x00000003c0735a50,0x00000003c2980000)
 Metaspace       used 15906K, capacity 16008K, committed 16128K, reserved 1062912K
  class space    used 1982K, capacity 2004K, committed 2048K, reserved 1048576K
}
Event: 3.393 GC heap before
{Heap before GC invocations=9 (full 0):
 PSYoungGen      total 68096K, used 66112K [0x000000066ab00000, 0x000000066f300000, 0x00000007c0000000)
  eden space 63488K, 100% used [0x000000066ab00000,0x000000066e900000,0x000000066e900000)
  from space 4608K, 56% used [0x000000066ed80000,0x000000066f010020,0x000000066f200000)
  to   space 4608K, 0% used [0x000000066e900000,0x000000066e900000,0x000000066ed80000)
 ParOldGen       total 42496K, used 7382K [0x00000003c0000000, 0x00000003c2980000, 0x000000066ab00000)
  object space 42496K, 17% used [0x00000003c0000000,0x00000003c0735a50,0x00000003c2980000)
 Metaspace       used 20387K, capacity 20616K, committed 20864K, reserved 1067008K
  class space    used 2591K, capacity 2664K, committed 2688K, reserved 1048576K
Event: 3.401 GC heap after
Heap after GC invocations=9 (full 0):
 PSYoungGen      total 68096K, used 4584K [0x000000066ab00000, 0x0000000671980000, 0x00000007c0000000)
  eden space 63488K, 0% used [0x000000066ab00000,0x000000066ab00000,0x000000066e900000)
  from space 4608K, 99% used [0x000000066e900000,0x000000066ed7a0e0,0x000000066ed80000)
  to   space 5632K, 0% used [0x0000000671400000,0x0000000671400000,0x0000000671980000)
 ParOldGen       total 42496K, used 8902K [0x00000003c0000000, 0x00000003c2980000, 0x000000066ab00000)
  object space 42496K, 20% used [0x00000003c0000000,0x00000003c08b18d0,0x00000003c2980000)
 Metaspace       used 20387K, capacity 20616K, committed 20864K, reserved 1067008K
  class space    used 2591K, capacity 2664K, committed 2688K, reserved 1048576K
}
Event: 3.502 GC heap before
{Heap before GC invocations=10 (full 0):
 PSYoungGen      total 68096K, used 15321K [0x000000066ab00000, 0x0000000671980000, 0x00000007c0000000)
  eden space 63488K, 16% used [0x000000066ab00000,0x000000066b57c580,0x000000066e900000)
  from space 4608K, 99% used [0x000000066e900000,0x000000066ed7a0e0,0x000000066ed80000)
  to   space 5632K, 0% used [0x0000000671400000,0x0000000671400000,0x0000000671980000)
 ParOldGen       total 42496K, used 8902K [0x00000003c0000000, 0x00000003c2980000, 0x000000066ab00000)
  object space 42496K, 20% used [0x00000003c0000000,0x00000003c08b18d0,0x00000003c2980000)
 Metaspace       used 20926K, capacity 21096K, committed 21248K, reserved 1067008K
  class space    used 2666K, capacity 2760K, committed 2816K, reserved 1048576K
Event: 3.506 GC heap after
Heap after GC invocations=10 (full 0):
 PSYoungGen      total 107520K, used 1765K [0x000000066ab00000, 0x0000000671980000, 0x00000007c0000000)
  eden space 101888K, 0% used [0x000000066ab00000,0x000000066ab00000,0x0000000670e80000)
  from space 5632K, 31% used [0x0000000671400000,0x00000006715b9560,0x0000000671980000)
  to   space 5632K, 0% used [0x0000000670e80000,0x0000000670e80000,0x0000000671400000)
 ParOldGen       total 42496K, used 9519K [0x00000003c0000000, 0x00000003c2980000, 0x000000066ab00000)
  object space 42496K, 22% used [0x00000003c0000000,0x00000003c094be50,0x00000003c2980000)
 Metaspace       used 20926K, capacity 21096K, committed 21248K, reserved 1067008K
  class space    used 2666K, capacity 2760K, committed 2816K, reserved 1048576K
}
Event: 3.506 GC heap before
{Heap before GC invocations=11 (full 1):
 PSYoungGen      total 107520K, used 1765K [0x000000066ab00000, 0x0000000671980000, 0x00000007c0000000)
  eden space 101888K, 0% used [0x000000066ab00000,0x000000066ab00000,0x0000000670e80000)
  from space 5632K, 31% used [0x0000000671400000,0x00000006715b9560,0x0000000671980000)
  to   space 5632K, 0% used [0x0000000670e80000,0x0000000670e80000,0x0000000671400000)
 ParOldGen       total 42496K, used 9519K [0x00000003c0000000, 0x00000003c2980000, 0x000000066ab00000)
  object space 42496K, 22% used [0x00000003c0000000,0x00000003c094be50,0x00000003c2980000)
 Metaspace       used 20926K, capacity 21096K, committed 21248K, reserved 1067008K
  class space    used 2666K, capacity 2760K, committed 2816K, reserved 1048576K
Event: 3.536 GC heap after
Heap after GC invocations=11 (full 1):
 PSYoungGen      total 107520K, used 0K [0x000000066ab00000, 0x0000000671980000, 0x00000007c0000000)
  eden space 101888K, 0% used [0x000000066ab00000,0x000000066ab00000,0x0000000670e80000)
  from space 5632K, 0% used [0x0000000671400000,0x0000000671400000,0x0000000671980000)
  to   space 5632K, 0% used [0x0000000670e80000,0x0000000670e80000,0x0000000671400000)
 ParOldGen       total 27648K, used 4341K [0x00000003c0000000, 0x00000003c1b00000, 0x000000066ab00000)
  object space 27648K, 15% used [0x00000003c0000000,0x00000003c043d658,0x00000003c1b00000)
 Metaspace       used 20926K, capacity 21096K, committed 21248K, reserved 1067008K
  class space    used 2666K, capacity 2760K, committed 2816K, reserved 1048576K
}
Event: 5.083 GC heap before
{Heap before GC invocations=12 (full 1):
 PSYoungGen      total 107520K, used 101888K [0x000000066ab00000, 0x0000000671980000, 0x00000007c0000000)
  eden space 101888K, 100% used [0x000000066ab00000,0x0000000670e80000,0x0000000670e80000)
  from space 5632K, 0% used [0x0000000671400000,0x0000000671400000,0x0000000671980000)
  to   space 5632K, 0% used [0x0000000670e80000,0x0000000670e80000,0x0000000671400000)
 ParOldGen       total 27648K, used 4341K [0x00000003c0000000, 0x00000003c1b00000, 0x000000066ab00000)
  object space 27648K, 15% used [0x00000003c0000000,0x00000003c043d658,0x00000003c1b00000)
 Metaspace       used 31130K, capacity 31386K, committed 31616K, reserved 1077248K
  class space    used 4062K, capacity 4139K, committed 4224K, reserved 1048576K
Event: 5.093 GC heap after
Heap after GC invocations=12 (full 1):
 PSYoungGen      total 107520K, used 5625K [0x000000066ab00000, 0x0000000674680000, 0x00000007c0000000)
  eden space 101888K, 0% used [0x000000066ab00000,0x000000066ab00000,0x0000000670e80000)
  from space 5632K, 99% used [0x0000000670e80000,0x00000006713fe488,0x0000000671400000)
  to   space 8192K, 0% used [0x0000000673e80000,0x0000000673e80000,0x0000000674680000)
 ParOldGen       total 27648K, used 8898K [0x00000003c0000000, 0x00000003c1b00000, 0x000000066ab00000)
  object space 27648K, 32% used [0x00000003c0000000,0x00000003c08b0b40,0x00000003c1b00000)
 Metaspace       used 31130K, capacity 31386K, committed 31616K, reserved 1077248K
  class space    used 4062K, capacity 4139K, committed 4224K, reserved 1048576K
}
Event: 8.335 GC heap before
{Heap before GC invocations=13 (full 1):
 PSYoungGen      total 107520K, used 84788K [0x000000066ab00000, 0x0000000674680000, 0x00000007c0000000)
  eden space 101888K, 77% used [0x000000066ab00000,0x000000066f84eeb0,0x0000000670e80000)
  from space 5632K, 99% used [0x0000000670e80000,0x00000006713fe488,0x0000000671400000)
  to   space 8192K, 0% used [0x0000000673e80000,0x0000000673e80000,0x0000000674680000)
 ParOldGen       total 27648K, used 8898K [0x00000003c0000000, 0x00000003c1b00000, 0x000000066ab00000)
  object space 27648K, 32% used [0x00000003c0000000,0x00000003c08b0b40,0x00000003c1b00000)
 Metaspace       used 34985K, capacity 35202K, committed 35416K, reserved 1079296K
  class space    used 4570K, capacity 4661K, committed 4696K, reserved 1048576K
Event: 8.346 GC heap after
Heap after GC invocations=13 (full 1):
 PSYoungGen      total 144896K, used 5076K [0x000000066ab00000, 0x0000000674380000, 0x00000007c0000000)
  eden space 139776K, 0% used [0x000000066ab00000,0x000000066ab00000,0x0000000673380000)
  from space 5120K, 99% used [0x0000000673e80000,0x0000000674375160,0x0000000674380000)
  to   space 8192K, 0% used [0x0000000673380000,0x0000000673380000,0x0000000673b80000)
 ParOldGen       total 27648K, used 10740K [0x00000003c0000000, 0x00000003c1b00000, 0x000000066ab00000)
  object space 27648K, 38% used [0x00000003c0000000,0x00000003c0a7d3d0,0x00000003c1b00000)
 Metaspace       used 34985K, capacity 35202K, committed 35416K, reserved 1079296K
  class space    used 4570K, capacity 4661K, committed 4696K, reserved 1048576K
}
Event: 8.346 GC heap before
{Heap before GC invocations=14 (full 2):
 PSYoungGen      total 144896K, used 5076K [0x000000066ab00000, 0x0000000674380000, 0x00000007c0000000)
  eden space 139776K, 0% used [0x000000066ab00000,0x000000066ab00000,0x0000000673380000)
  from space 5120K, 99% used [0x0000000673e80000,0x0000000674375160,0x0000000674380000)
  to   space 8192K, 0% used [0x0000000673380000,0x0000000673380000,0x0000000673b80000)
 ParOldGen       total 27648K, used 10740K [0x00000003c0000000, 0x00000003c1b00000, 0x000000066ab00000)
  object space 27648K, 38% used [0x00000003c0000000,0x00000003c0a7d3d0,0x00000003c1b00000)
 Metaspace       used 34985K, capacity 35202K, committed 35416K, reserved 1079296K
  class space    used 4570K, capacity 4661K, committed 4696K, reserved 1048576K
Event: 8.381 GC heap after
Heap after GC invocations=14 (full 2):
 PSYoungGen      total 144896K, used 0K [0x000000066ab00000, 0x0000000674380000, 0x00000007c0000000)
  eden space 139776K, 0% used [0x000000066ab00000,0x000000066ab00000,0x0000000673380000)
  from space 5120K, 0% used [0x0000000673e80000,0x0000000673e80000,0x0000000674380000)
  to   space 8192K, 0% used [0x0000000673380000,0x0000000673380000,0x0000000673b80000)
 ParOldGen       total 43008K, used 10485K [0x00000003c0000000, 0x00000003c2a00000, 0x000000066ab00000)
  object space 43008K, 24% used [0x00000003c0000000,0x00000003c0a3d660,0x00000003c2a00000)
 Metaspace       used 34985K, capacity 35202K, committed 35416K, reserved 1079296K
  class space    used 4570K, capacity 4661K, committed 4696K, reserved 1048576K
}
Event: 16.101 GC heap before
{Heap before GC invocations=15 (full 2):
 PSYoungGen      total 144896K, used 139776K [0x000000066ab00000, 0x0000000674380000, 0x00000007c0000000)
  eden space 139776K, 100% used [0x000000066ab00000,0x0000000673380000,0x0000000673380000)
  from space 5120K, 0% used [0x0000000673e80000,0x0000000673e80000,0x0000000674380000)
  to   space 8192K, 0% used [0x0000000673380000,0x0000000673380000,0x0000000673b80000)
 ParOldGen       total 43008K, used 10485K [0x00000003c0000000, 0x00000003c2a00000, 0x000000066ab00000)
  object space 43008K, 24% used [0x00000003c0000000,0x00000003c0a3d660,0x00000003c2a00000)
 Metaspace       used 48567K, capacity 48888K, committed 49368K, reserved 1091584K
  class space    used 6669K, capacity 6781K, committed 6872K, reserved 1048576K
Event: 16.119 GC heap after
Heap after GC invocations=15 (full 2):
 PSYoungGen      total 147968K, used 8183K [0x000000066ab00000, 0x0000000677b00000, 0x00000007c0000000)
  eden space 139776K, 0% used [0x000000066ab00000,0x000000066ab00000,0x0000000673380000)
  from space 8192K, 99% used [0x0000000673380000,0x0000000673b7dde8,0x0000000673b80000)
  to   space 12288K, 0% used [0x0000000676f00000,0x0000000676f00000,0x0000000677b00000)
 ParOldGen       total 43008K, used 19392K [0x00000003c0000000, 0x00000003c2a00000, 0x000000066ab00000)
  object space 43008K, 45% used [0x00000003c0000000,0x00000003c12f01c8,0x00000003c2a00000)
 Metaspace       used 48567K, capacity 48888K, committed 49368K, reserved 1091584K
  class space    used 6669K, capacity 6781K, committed 6872K, reserved 1048576K
}
Event: 21.405 GC heap before
{Heap before GC invocations=16 (full 2):
 PSYoungGen      total 147968K, used 147959K [0x000000066ab00000, 0x0000000677b00000, 0x00000007c0000000)
  eden space 139776K, 100% used [0x000000066ab00000,0x0000000673380000,0x0000000673380000)
  from space 8192K, 99% used [0x0000000673380000,0x0000000673b7dde8,0x0000000673b80000)
  to   space 12288K, 0% used [0x0000000676f00000,0x0000000676f00000,0x0000000677b00000)
 ParOldGen       total 43008K, used 19392K [0x00000003c0000000, 0x00000003c2a00000, 0x000000066ab00000)
  object space 43008K, 45% used [0x00000003c0000000,0x00000003c12f01c8,0x00000003c2a00000)
 Metaspace       used 55562K, capacity 56000K, committed 56280K, reserved 1097728K
  class space    used 7681K, capacity 7817K, committed 7896K, reserved 1048576K
Event: 21.432 GC heap after
Heap after GC invocations=16 (full 2):
 PSYoungGen      total 195584K, used 8354K [0x000000066ab00000, 0x0000000677900000, 0x00000007c0000000)
  eden space 185344K, 0% used [0x000000066ab00000,0x000000066ab00000,0x0000000676000000)
  from space 10240K, 81% used [0x0000000676f00000,0x0000000677728bc8,0x0000000677900000)
  to   space 12800K, 0% used [0x0000000676000000,0x0000000676000000,0x0000000676c80000)
 ParOldGen       total 59904K, used 57024K [0x00000003c0000000, 0x00000003c3a80000, 0x000000066ab00000)
  object space 59904K, 95% used [0x00000003c0000000,0x00000003c37b0288,0x00000003c3a80000)
 Metaspace       used 55562K, capacity 56000K, committed 56280K, reserved 1097728K
  class space    used 7681K, capacity 7817K, committed 7896K, reserved 1048576K
}
Event: 21.432 GC heap before
{Heap before GC invocations=17 (full 3):
 PSYoungGen      total 195584K, used 8354K [0x000000066ab00000, 0x0000000677900000, 0x00000007c0000000)
  eden space 185344K, 0% used [0x000000066ab00000,0x000000066ab00000,0x0000000676000000)
  from space 10240K, 81% used [0x0000000676f00000,0x0000000677728bc8,0x0000000677900000)
  to   space 12800K, 0% used [0x0000000676000000,0x0000000676000000,0x0000000676c80000)
 ParOldGen       total 59904K, used 57024K [0x00000003c0000000, 0x00000003c3a80000, 0x000000066ab00000)
  object space 59904K, 95% used [0x00000003c0000000,0x00000003c37b0288,0x00000003c3a80000)
 Metaspace       used 55562K, capacity 56000K, committed 56280K, reserved 1097728K
  class space    used 7681K, capacity 7817K, committed 7896K, reserved 1048576K
Event: 21.527 GC heap after
Heap after GC invocations=17 (full 3):
 PSYoungGen      total 195584K, used 0K [0x000000066ab00000, 0x0000000677900000, 0x00000007c0000000)
  eden space 185344K, 0% used [0x000000066ab00000,0x000000066ab00000,0x0000000676000000)
  from space 10240K, 0% used [0x0000000676f00000,0x0000000676f00000,0x0000000677900000)
  to   space 12800K, 0% used [0x0000000676000000,0x0000000676000000,0x0000000676c80000)
 ParOldGen       total 108032K, used 52032K [0x00000003c0000000, 0x00000003c6980000, 0x000000066ab00000)
  object space 108032K, 48% used [0x00000003c0000000,0x00000003c32d0360,0x00000003c6980000)
 Metaspace       used 55558K, capacity 55994K, committed 56280K, reserved 1097728K
  class space    used 7681K, capacity 7816K, committed 7896K, reserved 1048576K
}
Event: 23.964 GC heap before
{Heap before GC invocations=18 (full 3):
 PSYoungGen      total 195584K, used 185344K [0x000000066ab00000, 0x0000000677900000, 0x00000007c0000000)
  eden space 185344K, 100% used [0x000000066ab00000,0x0000000676000000,0x0000000676000000)
  from space 10240K, 0% used [0x0000000676f00000,0x0000000676f00000,0x0000000677900000)
  to   space 12800K, 0% used [0x0000000676000000,0x0000000676000000,0x0000000676c80000)
 ParOldGen       total 108032K, used 52032K [0x00000003c0000000, 0x00000003c6980000, 0x000000066ab00000)
  object space 108032K, 48% used [0x00000003c0000000,0x00000003c32d0360,0x00000003c6980000)
 Metaspace       used 75045K, capacity 75516K, committed 75736K, reserved 1114112K
  class space    used 10736K, capacity 10869K, committed 10968K, reserved 1048576K
Event: 23.991 GC heap after
Heap after GC invocations=18 (full 3):
 PSYoungGen      total 198144K, used 12774K [0x000000066ab00000, 0x000000067c100000, 0x00000007c0000000)
  eden space 185344K, 0% used [0x000000066ab00000,0x000000066ab00000,0x0000000676000000)
  from space 12800K, 99% used [0x0000000676000000,0x0000000676c79838,0x0000000676c80000)
  to   space 18432K, 0% used [0x000000067af00000,0x000000067af00000,0x000000067c100000)
 ParOldGen       total 108032K, used 62652K [0x00000003c0000000, 0x00000003c6980000, 0x000000066ab00000)
  object space 108032K, 57% used [0x00000003c0000000,0x00000003c3d2f068,0x00000003c6980000)
 Metaspace       used 75045K, capacity 75516K, committed 75736K, reserved 1114112K
  class space    used 10736K, capacity 10869K, committed 10968K, reserved 1048576K
}
Event: 24.761 GC heap before
{Heap before GC invocations=19 (full 3):
 PSYoungGen      total 198144K, used 189355K [0x000000066ab00000, 0x000000067c100000, 0x00000007c0000000)
  eden space 185344K, 95% used [0x000000066ab00000,0x0000000675771668,0x0000000676000000)
  from space 12800K, 99% used [0x0000000676000000,0x0000000676c79838,0x0000000676c80000)
  to   space 18432K, 0% used [0x000000067af00000,0x000000067af00000,0x000000067c100000)
 ParOldGen       total 108032K, used 62652K [0x00000003c0000000, 0x00000003c6980000, 0x000000066ab00000)
  object space 108032K, 57% used [0x00000003c0000000,0x00000003c3d2f068,0x00000003c6980000)
 Metaspace       used 78463K, capacity 79006K, committed 79192K, reserved 1118208K
  class space    used 11201K, capacity 11343K, committed 11352K, reserved 1048576K
Event: 24.808 GC heap after
Heap after GC invocations=19 (full 3):
 PSYoungGen      total 265728K, used 10837K [0x000000066ab00000, 0x000000067d580000, 0x00000007c0000000)
  eden space 247296K, 0% used [0x000000066ab00000,0x000000066ab00000,0x0000000679c80000)
  from space 18432K, 58% used [0x000000067af00000,0x000000067b995750,0x000000067c100000)
  to   space 18944K, 0% used [0x0000000679c80000,0x0000000679c80000,0x000000067af00000)
 ParOldGen       total 156672K, used 152211K [0x00000003c0000000, 0x00000003c9900000, 0x000000066ab00000)
  object space 156672K, 97% used [0x00000003c0000000,0x00000003c94a4da8,0x00000003c9900000)
 Metaspace       used 78463K, capacity 79006K, committed 79192K, reserved 1118208K
  class space    used 11201K, capacity 11343K, committed 11352K, reserved 1048576K
}
Event: 24.808 GC heap before
{Heap before GC invocations=20 (full 4):
 PSYoungGen      total 265728K, used 10837K [0x000000066ab00000, 0x000000067d580000, 0x00000007c0000000)
  eden space 247296K, 0% used [0x000000066ab00000,0x000000066ab00000,0x0000000679c80000)
  from space 18432K, 58% used [0x000000067af00000,0x000000067b995750,0x000000067c100000)
  to   space 18944K, 0% used [0x0000000679c80000,0x0000000679c80000,0x000000067af00000)
 ParOldGen       total 156672K, used 152211K [0x00000003c0000000, 0x00000003c9900000, 0x000000066ab00000)
  object space 156672K, 97% used [0x00000003c0000000,0x00000003c94a4da8,0x00000003c9900000)
 Metaspace       used 78463K, capacity 79006K, committed 79192K, reserved 1118208K
  class space    used 11201K, capacity 11343K, committed 11352K, reserved 1048576K
Event: 24.905 GC heap after
Heap after GC invocations=20 (full 4):
 PSYoungGen      total 265728K, used 0K [0x000000066ab00000, 0x000000067d580000, 0x00000007c0000000)
  eden space 247296K, 0% used [0x000000066ab00000,0x000000066ab00000,0x0000000679c80000)
  from space 18432K, 0% used [0x000000067af00000,0x000000067af00000,0x000000067c100000)
  to   space 18944K, 0% used [0x0000000679c80000,0x0000000679c80000,0x000000067af00000)
 ParOldGen       total 205312K, used 110521K [0x00000003c0000000, 0x00000003cc880000, 0x000000066ab00000)
  object space 205312K, 53% used [0x00000003c0000000,0x00000003c6bee500,0x00000003cc880000)
 Metaspace       used 78459K, capacity 79000K, committed 79192K, reserved 1118208K
  class space    used 11201K, capacity 11342K, committed 11352K, reserved 1048576K
}
Event: 57.774 GC heap before
{Heap before GC invocations=21 (full 4):
 PSYoungGen      total 265728K, used 235050K [0x000000066ab00000, 0x000000067d580000, 0x00000007c0000000)
  eden space 247296K, 95% used [0x000000066ab00000,0x000000067908a860,0x0000000679c80000)
  from space 18432K, 0% used [0x000000067af00000,0x000000067af00000,0x000000067c100000)
  to   space 18944K, 0% used [0x0000000679c80000,0x0000000679c80000,0x000000067af00000)
 ParOldGen       total 205312K, used 110521K [0x00000003c0000000, 0x00000003cc880000, 0x000000066ab00000)
  object space 205312K, 53% used [0x00000003c0000000,0x00000003c6bee500,0x00000003cc880000)
 Metaspace       used 79033K, capacity 79630K, committed 79832K, reserved 1118208K
  class space    used 11256K, capacity 11415K, committed 11480K, reserved 1048576K
Event: 57.788 GC heap after
Heap after GC invocations=21 (full 4):
 PSYoungGen      total 266240K, used 17863K [0x000000066ab00000, 0x000000067fd00000, 0x00000007c0000000)
  eden space 247296K, 0% used [0x000000066ab00000,0x000000066ab00000,0x0000000679c80000)
  from space 18944K, 94% used [0x0000000679c80000,0x000000067adf1c98,0x000000067af00000)
  to   space 21504K, 0% used [0x000000067e800000,0x000000067e800000,0x000000067fd00000)
 ParOldGen       total 205312K, used 110529K [0x00000003c0000000, 0x00000003cc880000, 0x000000066ab00000)
  object space 205312K, 53% used [0x00000003c0000000,0x00000003c6bf0500,0x00000003cc880000)
 Metaspace       used 79033K, capacity 79630K, committed 79832K, reserved 1118208K
  class space    used 11256K, capacity 11415K, committed 11480K, reserved 1048576K
}
Event: 67.029 GC heap before
{Heap before GC invocations=22 (full 4):
 PSYoungGen      total 266240K, used 265159K [0x000000066ab00000, 0x000000067fd00000, 0x00000007c0000000)
  eden space 247296K, 100% used [0x000000066ab00000,0x0000000679c80000,0x0000000679c80000)
  from space 18944K, 94% used [0x0000000679c80000,0x000000067adf1c98,0x000000067af00000)
  to   space 21504K, 0% used [0x000000067e800000,0x000000067e800000,0x000000067fd00000)
 ParOldGen       total 205312K, used 110529K [0x00000003c0000000, 0x00000003cc880000, 0x000000066ab00000)
  object space 205312K, 53% used [0x00000003c0000000,0x00000003c6bf0500,0x00000003cc880000)
 Metaspace       used 79105K, capacity 79706K, committed 79832K, reserved 1118208K
  class space    used 11257K, capacity 11417K, committed 11480K, reserved 1048576K
Event: 67.044 GC heap after
Heap after GC invocations=22 (full 4):
 PSYoungGen      total 312320K, used 13883K [0x000000066ab00000, 0x000000067f780000, 0x00000007c0000000)
  eden space 296448K, 0% used [0x000000066ab00000,0x000000066ab00000,0x000000067cc80000)
  from space 15872K, 87% used [0x000000067e800000,0x000000067f58ec50,0x000000067f780000)
  to   space 22016K, 0% used [0x000000067cc80000,0x000000067cc80000,0x000000067e200000)
 ParOldGen       total 205312K, used 159734K [0x00000003c0000000, 0x00000003cc880000, 0x000000066ab00000)
  object space 205312K, 77% used [0x00000003c0000000,0x00000003c9bfdab8,0x00000003cc880000)
 Metaspace       used 79105K, capacity 79706K, committed 79832K, reserved 1118208K
  class space    used 11257K, capacity 11417K, committed 11480K, reserved 1048576K
}
Event: 67.044 GC heap before
{Heap before GC invocations=23 (full 5):
 PSYoungGen      total 312320K, used 13883K [0x000000066ab00000, 0x000000067f780000, 0x00000007c0000000)
  eden space 296448K, 0% used [0x000000066ab00000,0x000000066ab00000,0x000000067cc80000)
  from space 15872K, 87% used [0x000000067e800000,0x000000067f58ec50,0x000000067f780000)
  to   space 22016K, 0% used [0x000000067cc80000,0x000000067cc80000,0x000000067e200000)
 ParOldGen       total 205312K, used 159734K [0x00000003c0000000, 0x00000003cc880000, 0x000000066ab00000)
  object space 205312K, 77% used [0x00000003c0000000,0x00000003c9bfdab8,0x00000003cc880000)
 Metaspace       used 79105K, capacity 79706K, committed 79832K, reserved 1118208K
  class space    used 11257K, capacity 11417K, committed 11480K, reserved 1048576K
Event: 67.127 GC heap after
Heap after GC invocations=23 (full 5):
 PSYoungGen      total 312320K, used 0K [0x000000066ab00000, 0x000000067f780000, 0x00000007c0000000)
  eden space 296448K, 0% used [0x000000066ab00000,0x000000066ab00000,0x000000067cc80000)
  from space 15872K, 0% used [0x000000067e800000,0x000000067e800000,0x000000067f780000)
  to   space 22016K, 0% used [0x000000067cc80000,0x000000067cc80000,0x000000067e200000)
 ParOldGen       total 227840K, used 115077K [0x00000003c0000000, 0x00000003cde80000, 0x000000066ab00000)
  object space 227840K, 50% used [0x00000003c0000000,0x00000003c70617d0,0x00000003cde80000)
 Metaspace       used 79098K, capacity 79694K, committed 79832K, reserved 1118208K
  class space    used 11256K, capacity 11415K, committed 11480K, reserved 1048576K
}
Event: 1350.818 GC heap before
{Heap before GC invocations=24 (full 5):
 PSYoungGen      total 312320K, used 296448K [0x000000066ab00000, 0x000000067f780000, 0x00000007c0000000)
  eden space 296448K, 100% used [0x000000066ab00000,0x000000067cc80000,0x000000067cc80000)
  from space 15872K, 0% used [0x000000067e800000,0x000000067e800000,0x000000067f780000)
  to   space 22016K, 0% used [0x000000067cc80000,0x000000067cc80000,0x000000067e200000)
 ParOldGen       total 227840K, used 115077K [0x00000003c0000000, 0x00000003cde80000, 0x000000066ab00000)
  object space 227840K, 50% used [0x00000003c0000000,0x00000003c70617d0,0x00000003cde80000)
 Metaspace       used 82943K, capacity 83610K, committed 83928K, reserved 1122304K
  class space    used 11757K, capacity 11919K, committed 11992K, reserved 1048576K
Event: 1350.832 GC heap after
Heap after GC invocations=24 (full 5):
 PSYoungGen      total 318464K, used 8112K [0x000000066ab00000, 0x0000000682d80000, 0x00000007c0000000)
  eden space 296448K, 0% used [0x000000066ab00000,0x000000066ab00000,0x000000067cc80000)
  from space 22016K, 36% used [0x000000067cc80000,0x000000067d46c238,0x000000067e200000)
  to   space 20992K, 0% used [0x0000000681900000,0x0000000681900000,0x0000000682d80000)
 ParOldGen       total 227840K, used 115085K [0x00000003c0000000, 0x00000003cde80000, 0x000000066ab00000)
  object space 227840K, 50% used [0x00000003c0000000,0x00000003c70637d0,0x00000003cde80000)
 Metaspace       used 82943K, capacity 83610K, committed 83928K, reserved 1122304K
  class space    used 11757K, capacity 11919K, committed 11992K, reserved 1048576K
}
Event: 1352.776 GC heap before
{Heap before GC invocations=25 (full 5):
 PSYoungGen      total 318464K, used 304560K [0x000000066ab00000, 0x0000000682d80000, 0x00000007c0000000)
  eden space 296448K, 100% used [0x000000066ab00000,0x000000067cc80000,0x000000067cc80000)
  from space 22016K, 36% used [0x000000067cc80000,0x000000067d46c238,0x000000067e200000)
  to   space 20992K, 0% used [0x0000000681900000,0x0000000681900000,0x0000000682d80000)
 ParOldGen       total 227840K, used 115085K [0x00000003c0000000, 0x00000003cde80000, 0x000000066ab00000)
  object space 227840K, 50% used [0x00000003c0000000,0x00000003c70637d0,0x00000003cde80000)
 Metaspace       used 85810K, capacity 86798K, committed 86872K, reserved 1124352K
  class space    used 12142K, capacity 12357K, committed 12376K, reserved 1048576K
Event: 1352.868 GC heap after
Heap after GC invocations=25 (full 5):
 PSYoungGen      total 375296K, used 5701K [0x000000066ab00000, 0x0000000683f80000, 0x00000007c0000000)
  eden space 354304K, 0% used [0x000000066ab00000,0x000000066ab00000,0x0000000680500000)
  from space 20992K, 27% used [0x0000000681900000,0x0000000681e914a8,0x0000000682d80000)
  to   space 20480K, 0% used [0x0000000680500000,0x0000000680500000,0x0000000681900000)
 ParOldGen       total 293888K, used 250171K [0x00000003c0000000, 0x00000003d1f00000, 0x000000066ab00000)
  object space 293888K, 85% used [0x00000003c0000000,0x00000003cf44eff0,0x00000003d1f00000)
 Metaspace       used 85810K, capacity 86798K, committed 86872K, reserved 1124352K
  class space    used 12142K, capacity 12357K, committed 12376K, reserved 1048576K
}
Event: 1352.868 GC heap before
{Heap before GC invocations=26 (full 6):
 PSYoungGen      total 375296K, used 5701K [0x000000066ab00000, 0x0000000683f80000, 0x00000007c0000000)
  eden space 354304K, 0% used [0x000000066ab00000,0x000000066ab00000,0x0000000680500000)
  from space 20992K, 27% used [0x0000000681900000,0x0000000681e914a8,0x0000000682d80000)
  to   space 20480K, 0% used [0x0000000680500000,0x0000000680500000,0x0000000681900000)
 ParOldGen       total 293888K, used 250171K [0x00000003c0000000, 0x00000003d1f00000, 0x000000066ab00000)
  object space 293888K, 85% used [0x00000003c0000000,0x00000003cf44eff0,0x00000003d1f00000)
 Metaspace       used 85810K, capacity 86798K, committed 86872K, reserved 1124352K
  class space    used 12142K, capacity 12357K, committed 12376K, reserved 1048576K
Event: 1352.983 GC heap after
Heap after GC invocations=26 (full 6):
 PSYoungGen      total 375296K, used 0K [0x000000066ab00000, 0x0000000683f80000, 0x00000007c0000000)
  eden space 354304K, 0% used [0x000000066ab00000,0x000000066ab00000,0x0000000680500000)
  from space 20992K, 0% used [0x0000000681900000,0x0000000681900000,0x0000000682d80000)
  to   space 20480K, 0% used [0x0000000680500000,0x0000000680500000,0x0000000681900000)
 ParOldGen       total 286208K, used 127697K [0x00000003c0000000, 0x00000003d1780000, 0x000000066ab00000)
  object space 286208K, 44% used [0x00000003c0000000,0x00000003c7cb46c8,0x00000003d1780000)
 Metaspace       used 85803K, capacity 86786K, committed 86872K, reserved 1124352K
  class space    used 12141K, capacity 12355K, committed 12376K, reserved 1048576K
}
Event: 1354.814 GC heap before
{Heap before GC invocations=27 (full 6):
 PSYoungGen      total 375296K, used 354304K [0x000000066ab00000, 0x0000000683f80000, 0x00000007c0000000)
  eden space 354304K, 100% used [0x000000066ab00000,0x0000000680500000,0x0000000680500000)
  from space 20992K, 0% used [0x0000000681900000,0x0000000681900000,0x0000000682d80000)
  to   space 20480K, 0% used [0x0000000680500000,0x0000000680500000,0x0000000681900000)
 ParOldGen       total 286208K, used 127697K [0x00000003c0000000, 0x00000003d1780000, 0x000000066ab00000)
  object space 286208K, 44% used [0x00000003c0000000,0x00000003c7cb46c8,0x00000003d1780000)
 Metaspace       used 92402K, capacity 93378K, committed 93656K, reserved 1130496K
  class space    used 12698K, capacity 12931K, committed 13016K, reserved 1048576K
Event: 1354.823 GC heap after
Heap after GC invocations=27 (full 6):
 PSYoungGen      total 374784K, used 7052K [0x000000066ab00000, 0x0000000688700000, 0x00000007c0000000)
  eden space 354304K, 0% used [0x000000066ab00000,0x000000066ab00000,0x0000000680500000)
  from space 20480K, 34% used [0x0000000680500000,0x0000000680be31c8,0x0000000681900000)
  to   space 19456K, 0% used [0x0000000687400000,0x0000000687400000,0x0000000688700000)
 ParOldGen       total 286208K, used 127705K [0x00000003c0000000, 0x00000003d1780000, 0x000000066ab00000)
  object space 286208K, 44% used [0x00000003c0000000,0x00000003c7cb66c8,0x00000003d1780000)
 Metaspace       used 92402K, capacity 93378K, committed 93656K, reserved 1130496K
  class space    used 12698K, capacity 12931K, committed 13016K, reserved 1048576K
}
Event: 1355.307 GC heap before
{Heap before GC invocations=28 (full 6):
 PSYoungGen      total 374784K, used 361356K [0x000000066ab00000, 0x0000000688700000, 0x00000007c0000000)
  eden space 354304K, 100% used [0x000000066ab00000,0x0000000680500000,0x0000000680500000)
  from space 20480K, 34% used [0x0000000680500000,0x0000000680be31c8,0x0000000681900000)
  to   space 19456K, 0% used [0x0000000687400000,0x0000000687400000,0x0000000688700000)
 ParOldGen       total 286208K, used 127705K [0x00000003c0000000, 0x00000003d1780000, 0x000000066ab00000)
  object space 286208K, 44% used [0x00000003c0000000,0x00000003c7cb66c8,0x00000003d1780000)
 Metaspace       used 92421K, capacity 93378K, committed 93656K, reserved 1130496K
  class space    used 12698K, capacity 12931K, committed 13016K, reserved 1048576K
Event: 1355.311 GC heap after
Heap after GC invocations=28 (full 6):
 PSYoungGen      total 460800K, used 864K [0x000000066ab00000, 0x0000000688400000, 0x00000007c0000000)
  eden space 444416K, 0% used [0x000000066ab00000,0x000000066ab00000,0x0000000685d00000)
  from space 16384K, 5% used [0x0000000687400000,0x00000006874d8000,0x0000000688400000)
  to   space 19968K, 0% used [0x0000000685d00000,0x0000000685d00000,0x0000000687080000)
 ParOldGen       total 286208K, used 128065K [0x00000003c0000000, 0x00000003d1780000, 0x000000066ab00000)
  object space 286208K, 44% used [0x00000003c0000000,0x00000003c7d10618,0x00000003d1780000)
 Metaspace       used 92421K, capacity 93378K, committed 93656K, reserved 1130496K
  class space    used 12698K, capacity 12931K, committed 13016K, reserved 1048576K
}
Event: 1355.858 GC heap before
{Heap before GC invocations=29 (full 6):
 PSYoungGen      total 460800K, used 445280K [0x000000066ab00000, 0x0000000688400000, 0x00000007c0000000)
  eden space 444416K, 100% used [0x000000066ab00000,0x0000000685d00000,0x0000000685d00000)
  from space 16384K, 5% used [0x0000000687400000,0x00000006874d8000,0x0000000688400000)
  to   space 19968K, 0% used [0x0000000685d00000,0x0000000685d00000,0x0000000687080000)
 ParOldGen       total 286208K, used 128065K [0x00000003c0000000, 0x00000003d1780000, 0x000000066ab00000)
  object space 286208K, 44% used [0x00000003c0000000,0x00000003c7d10618,0x00000003d1780000)
 Metaspace       used 92437K, capacity 93378K, committed 93656K, reserved 1130496K
  class space    used 12698K, capacity 12931K, committed 13016K, reserved 1048576K
Event: 1355.896 GC heap after
Heap after GC invocations=29 (full 6):
 PSYoungGen      total 464384K, used 18909K [0x000000066ab00000, 0x0000000691000000, 0x00000007c0000000)
  eden space 444416K, 0% used [0x000000066ab00000,0x000000066ab00000,0x0000000685d00000)
  from space 19968K, 94% used [0x0000000685d00000,0x0000000686f77638,0x0000000687080000)
  to   space 22528K, 0% used [0x000000068fa00000,0x000000068fa00000,0x0000000691000000)
 ParOldGen       total 286208K, used 128081K [0x00000003c0000000, 0x00000003d1780000, 0x000000066ab00000)
  object space 286208K, 44% used [0x00000003c0000000,0x00000003c7d14618,0x00000003d1780000)
 Metaspace       used 92437K, capacity 93378K, committed 93656K, reserved 1130496K
  class space    used 12698K, capacity 12931K, committed 13016K, reserved 1048576K
}
Event: 1356.347 GC heap before
{Heap before GC invocations=30 (full 6):
 PSYoungGen      total 464384K, used 463325K [0x000000066ab00000, 0x0000000691000000, 0x00000007c0000000)
  eden space 444416K, 100% used [0x000000066ab00000,0x0000000685d00000,0x0000000685d00000)
  from space 19968K, 94% used [0x0000000685d00000,0x0000000686f77638,0x0000000687080000)
  to   space 22528K, 0% used [0x000000068fa00000,0x000000068fa00000,0x0000000691000000)
 ParOldGen       total 286208K, used 128081K [0x00000003c0000000, 0x00000003d1780000, 0x000000066ab00000)
  object space 286208K, 44% used [0x00000003c0000000,0x00000003c7d14618,0x00000003d1780000)
 Metaspace       used 92474K, capacity 93506K, committed 93656K, reserved 1130496K
  class space    used 12698K, capacity 12931K, committed 13016K, reserved 1048576K
Event: 1356.350 GC heap after
Heap after GC invocations=30 (full 6):
 PSYoungGen      total 592896K, used 96K [0x000000066ab00000, 0x0000000690a80000, 0x00000007c0000000)
  eden space 576000K, 0% used [0x000000066ab00000,0x000000066ab00000,0x000000068dd80000)
  from space 16896K, 0% used [0x000000068fa00000,0x000000068fa18000,0x0000000690a80000)
  to   space 23040K, 0% used [0x000000068dd80000,0x000000068dd80000,0x000000068f400000)
 ParOldGen       total 286208K, used 128089K [0x00000003c0000000, 0x00000003d1780000, 0x000000066ab00000)
  object space 286208K, 44% used [0x00000003c0000000,0x00000003c7d16618,0x00000003d1780000)
 Metaspace       used 92474K, capacity 93506K, committed 93656K, reserved 1130496K
  class space    used 12698K, capacity 12931K, committed 13016K, reserved 1048576K
}
Event: 1357.001 GC heap before
{Heap before GC invocations=31 (full 6):
 PSYoungGen      total 592896K, used 576096K [0x000000066ab00000, 0x0000000690a80000, 0x00000007c0000000)
  eden space 576000K, 100% used [0x000000066ab00000,0x000000068dd80000,0x000000068dd80000)
  from space 16896K, 0% used [0x000000068fa00000,0x000000068fa18000,0x0000000690a80000)
  to   space 23040K, 0% used [0x000000068dd80000,0x000000068dd80000,0x000000068f400000)
 ParOldGen       total 286208K, used 128089K [0x00000003c0000000, 0x00000003d1780000, 0x000000066ab00000)
  object space 286208K, 44% used [0x00000003c0000000,0x00000003c7d16618,0x00000003d1780000)
 Metaspace       used 92478K, capacity 93506K, committed 93656K, reserved 1130496K
  class space    used 12698K, capacity 12931K, committed 13016K, reserved 1048576K
Event: 1357.006 GC heap after
Heap after GC invocations=31 (full 6):
 PSYoungGen      total 599040K, used 608K [0x000000066ab00000, 0x0000000698000000, 0x00000007c0000000)
  eden space 576000K, 0% used [0x000000066ab00000,0x000000066ab00000,0x000000068dd80000)
  from space 23040K, 2% used [0x000000068dd80000,0x000000068de18000,0x000000068f400000)
  to   space 22528K, 0% used [0x0000000696a00000,0x0000000696a00000,0x0000000698000000)
 ParOldGen       total 286208K, used 128097K [0x00000003c0000000, 0x00000003d1780000, 0x000000066ab00000)
  object space 286208K, 44% used [0x00000003c0000000,0x00000003c7d18618,0x00000003d1780000)
 Metaspace       used 92478K, capacity 93506K, committed 93656K, reserved 1130496K
  class space    used 12698K, capacity 12931K, committed 13016K, reserved 1048576K
}
Event: 1357.566 GC heap before
{Heap before GC invocations=32 (full 6):
 PSYoungGen      total 599040K, used 576608K [0x000000066ab00000, 0x0000000698000000, 0x00000007c0000000)
  eden space 576000K, 100% used [0x000000066ab00000,0x000000068dd80000,0x000000068dd80000)
  from space 23040K, 2% used [0x000000068dd80000,0x000000068de18000,0x000000068f400000)
  to   space 22528K, 0% used [0x0000000696a00000,0x0000000696a00000,0x0000000698000000)
 ParOldGen       total 286208K, used 128097K [0x00000003c0000000, 0x00000003d1780000, 0x000000066ab00000)
  object space 286208K, 44% used [0x00000003c0000000,0x00000003c7d18618,0x00000003d1780000)
 Metaspace       used 92478K, capacity 93506K, committed 93656K, reserved 1130496K
  class space    used 12698K, capacity 12931K, committed 13016K, reserved 1048576K
Event: 1357.570 GC heap after
Heap after GC invocations=32 (full 6):
 PSYoungGen      total 708608K, used 1216K [0x000000066ab00000, 0x0000000697a80000, 0x00000007c0000000)
  eden space 691712K, 0% used [0x000000066ab00000,0x000000066ab00000,0x0000000694e80000)
  from space 16896K, 7% used [0x0000000696a00000,0x0000000696b30000,0x0000000697a80000)
  to   space 22528K, 0% used [0x0000000694e80000,0x0000000694e80000,0x0000000696480000)
 ParOldGen       total 286208K, used 128105K [0x00000003c0000000, 0x00000003d1780000, 0x000000066ab00000)
  object space 286208K, 44% used [0x00000003c0000000,0x00000003c7d1a618,0x00000003d1780000)
 Metaspace       used 92478K, capacity 93506K, committed 93656K, reserved 1130496K
  class space    used 12698K, capacity 12931K, committed 13016K, reserved 1048576K
}
Event: 1358.248 GC heap before
{Heap before GC invocations=33 (full 6):
 PSYoungGen      total 708608K, used 692928K [0x000000066ab00000, 0x0000000697a80000, 0x00000007c0000000)
  eden space 691712K, 100% used [0x000000066ab00000,0x0000000694e80000,0x0000000694e80000)
  from space 16896K, 7% used [0x0000000696a00000,0x0000000696b30000,0x0000000697a80000)
  to   space 22528K, 0% used [0x0000000694e80000,0x0000000694e80000,0x0000000696480000)
 ParOldGen       total 286208K, used 128105K [0x00000003c0000000, 0x00000003d1780000, 0x000000066ab00000)
  object space 286208K, 44% used [0x00000003c0000000,0x00000003c7d1a618,0x00000003d1780000)
 Metaspace       used 92497K, capacity 93506K, committed 93656K, reserved 1130496K
  class space    used 12698K, capacity 12931K, committed 13016K, reserved 1048576K
Event: 1358.251 GC heap after
Heap after GC invocations=33 (full 6):
 PSYoungGen      total 714240K, used 96K [0x000000066ab00000, 0x000000069f800000, 0x00000007c0000000)
  eden space 691712K, 0% used [0x000000066ab00000,0x000000066ab00000,0x0000000694e80000)
  from space 22528K, 0% used [0x0000000694e80000,0x0000000694e98000,0x0000000696480000)
  to   space 22016K, 0% used [0x000000069e280000,0x000000069e280000,0x000000069f800000)
 ParOldGen       total 286208K, used 128113K [0x00000003c0000000, 0x00000003d1780000, 0x000000066ab00000)
  object space 286208K, 44% used [0x00000003c0000000,0x00000003c7d1c618,0x00000003d1780000)
 Metaspace       used 92497K, capacity 93506K, committed 93656K, reserved 1130496K
  class space    used 12698K, capacity 12931K, committed 13016K, reserved 1048576K
}
Event: 1358.879 GC heap before
{Heap before GC invocations=34 (full 6):
 PSYoungGen      total 714240K, used 691808K [0x000000066ab00000, 0x000000069f800000, 0x00000007c0000000)
  eden space 691712K, 100% used [0x000000066ab00000,0x0000000694e80000,0x0000000694e80000)
  from space 22528K, 0% used [0x0000000694e80000,0x0000000694e98000,0x0000000696480000)
  to   space 22016K, 0% used [0x000000069e280000,0x000000069e280000,0x000000069f800000)
 ParOldGen       total 286208K, used 128113K [0x00000003c0000000, 0x00000003d1780000, 0x000000066ab00000)
  object space 286208K, 44% used [0x00000003c0000000,0x00000003c7d1c618,0x00000003d1780000)
 Metaspace       used 92533K, capacity 93574K, committed 93912K, reserved 1130496K
  class space    used 12698K, capacity 12931K, committed 13016K, reserved 1048576K
Event: 1358.882 GC heap after
Heap after GC invocations=34 (full 6):
 PSYoungGen      total 824832K, used 32K [0x000000066ab00000, 0x000000069ee80000, 0x00000007c0000000)
  eden space 812544K, 0% used [0x000000066ab00000,0x000000066ab00000,0x000000069c480000)
  from space 12288K, 0% used [0x000000069e280000,0x000000069e288000,0x000000069ee80000)
  to   space 21504K, 0% used [0x000000069c480000,0x000000069c480000,0x000000069d980000)
 ParOldGen       total 286208K, used 128137K [0x00000003c0000000, 0x00000003d1780000, 0x000000066ab00000)
  object space 286208K, 44% used [0x00000003c0000000,0x00000003c7d22748,0x00000003d1780000)
 Metaspace       used 92533K, capacity 93574K, committed 93912K, reserved 1130496K
  class space    used 12698K, capacity 12931K, committed 13016K, reserved 1048576K
}
Event: 1359.680 GC heap before
{Heap before GC invocations=35 (full 6):
 PSYoungGen      total 824832K, used 812576K [0x000000066ab00000, 0x000000069ee80000, 0x00000007c0000000)
  eden space 812544K, 100% used [0x000000066ab00000,0x000000069c480000,0x000000069c480000)
  from space 12288K, 0% used [0x000000069e280000,0x000000069e288000,0x000000069ee80000)
  to   space 21504K, 0% used [0x000000069c480000,0x000000069c480000,0x000000069d980000)
 ParOldGen       total 286208K, used 128137K [0x00000003c0000000, 0x00000003d1780000, 0x000000066ab00000)
  object space 286208K, 44% used [0x00000003c0000000,0x00000003c7d22748,0x00000003d1780000)
 Metaspace       used 92533K, capacity 93574K, committed 93912K, reserved 1130496K
  class space    used 12698K, capacity 12931K, committed 13016K, reserved 1048576K
Event: 1359.684 GC heap after
Heap after GC invocations=35 (full 6):
 PSYoungGen      total 834048K, used 32K [0x000000066ab00000, 0x00000006a6f00000, 0x00000007c0000000)
  eden space 812544K, 0% used [0x000000066ab00000,0x000000066ab00000,0x000000069c480000)
  from space 21504K, 0% used [0x000000069c480000,0x000000069c488000,0x000000069d980000)
  to   space 20992K, 0% used [0x00000006a5a80000,0x00000006a5a80000,0x00000006a6f00000)
 ParOldGen       total 286208K, used 128145K [0x00000003c0000000, 0x00000003d1780000, 0x000000066ab00000)
  object space 286208K, 44% used [0x00000003c0000000,0x00000003c7d24748,0x00000003d1780000)
 Metaspace       used 92533K, capacity 93574K, committed 93912K, reserved 1130496K
  class space    used 12698K, capacity 12931K, committed 13016K, reserved 1048576K
}
Event: 1360.411 GC heap before
{Heap before GC invocations=36 (full 6):
 PSYoungGen      total 834048K, used 812576K [0x000000066ab00000, 0x00000006a6f00000, 0x00000007c0000000)
  eden space 812544K, 100% used [0x000000066ab00000,0x000000069c480000,0x000000069c480000)
  from space 21504K, 0% used [0x000000069c480000,0x000000069c488000,0x000000069d980000)
  to   space 20992K, 0% used [0x00000006a5a80000,0x00000006a5a80000,0x00000006a6f00000)
 ParOldGen       total 286208K, used 128145K [0x00000003c0000000, 0x00000003d1780000, 0x000000066ab00000)
  object space 286208K, 44% used [0x00000003c0000000,0x00000003c7d24748,0x00000003d1780000)
 Metaspace       used 92534K, capacity 93574K, committed 93912K, reserved 1130496K
  class space    used 12698K, capacity 12931K, committed 13016K, reserved 1048576K
Event: 1360.414 GC heap after
Heap after GC invocations=36 (full 6):
 PSYoungGen      total 945664K, used 416K [0x000000066ab00000, 0x00000006a6400000, 0x00000007c0000000)
  eden space 935936K, 0% used [0x000000066ab00000,0x000000066ab00000,0x00000006a3d00000)
  from space 9728K, 4% used [0x00000006a5a80000,0x00000006a5ae8000,0x00000006a6400000)
  to   space 19968K, 0% used [0x00000006a3d00000,0x00000006a3d00000,0x00000006a5080000)
 ParOldGen       total 286208K, used 128153K [0x00000003c0000000, 0x00000003d1780000, 0x000000066ab00000)
  object space 286208K, 44% used [0x00000003c0000000,0x00000003c7d26748,0x00000003d1780000)
 Metaspace       used 92534K, capacity 93574K, committed 93912K, reserved 1130496K
  class space    used 12698K, capacity 12931K, committed 13016K, reserved 1048576K
}
Event: 1361.306 GC heap before
{Heap before GC invocations=37 (full 6):
 PSYoungGen      total 945664K, used 936352K [0x000000066ab00000, 0x00000006a6400000, 0x00000007c0000000)
  eden space 935936K, 100% used [0x000000066ab00000,0x00000006a3d00000,0x00000006a3d00000)
  from space 9728K, 4% used [0x00000006a5a80000,0x00000006a5ae8000,0x00000006a6400000)
  to   space 19968K, 0% used [0x00000006a3d00000,0x00000006a3d00000,0x00000006a5080000)
 ParOldGen       total 286208K, used 128153K [0x00000003c0000000, 0x00000003d1780000, 0x000000066ab00000)
  object space 286208K, 44% used [0x00000003c0000000,0x00000003c7d26748,0x00000003d1780000)
 Metaspace       used 92534K, capacity 93574K, committed 93912K, reserved 1130496K
  class space    used 12698K, capacity 12931K, committed 13016K, reserved 1048576K
Event: 1361.309 GC heap after
Heap after GC invocations=37 (full 6):
 PSYoungGen      total 955904K, used 160K [0x000000066ab00000, 0x00000006ae200000, 0x00000007c0000000)
  eden space 935936K, 0% used [0x000000066ab00000,0x000000066ab00000,0x00000006a3d00000)
  from space 19968K, 0% used [0x00000006a3d00000,0x00000006a3d28000,0x00000006a5080000)
  to   space 18944K, 0% used [0x00000006acf80000,0x00000006acf80000,0x00000006ae200000)
 ParOldGen       total 286208K, used 128161K [0x00000003c0000000, 0x00000003d1780000, 0x000000066ab00000)
  object space 286208K, 44% used [0x00000003c0000000,0x00000003c7d28748,0x00000003d1780000)
 Metaspace       used 92534K, capacity 93574K, committed 93912K, reserved 1130496K
  class space    used 12698K, capacity 12931K, committed 13016K, reserved 1048576K
}
Event: 1362.140 GC heap before
{Heap before GC invocations=38 (full 6):
 PSYoungGen      total 955904K, used 936096K [0x000000066ab00000, 0x00000006ae200000, 0x00000007c0000000)
  eden space 935936K, 100% used [0x000000066ab00000,0x00000006a3d00000,0x00000006a3d00000)
  from space 19968K, 0% used [0x00000006a3d00000,0x00000006a3d28000,0x00000006a5080000)
  to   space 18944K, 0% used [0x00000006acf80000,0x00000006acf80000,0x00000006ae200000)
 ParOldGen       total 286208K, used 128161K [0x00000003c0000000, 0x00000003d1780000, 0x000000066ab00000)
  object space 286208K, 44% used [0x00000003c0000000,0x00000003c7d28748,0x00000003d1780000)
 Metaspace       used 92558K, capacity 93638K, committed 93912K, reserved 1130496K
  class space    used 12705K, capacity 12931K, committed 13016K, reserved 1048576K
Event: 1362.143 GC heap after
Heap after GC invocations=38 (full 6):
 PSYoungGen      total 1068544K, used 160K [0x000000066ab00000, 0x00000006ad900000, 0x00000007c0000000)
  eden space 1058816K, 0% used [0x000000066ab00000,0x000000066ab00000,0x00000006ab500000)
  from space 9728K, 1% used [0x00000006acf80000,0x00000006acfa8000,0x00000006ad900000)
  to   space 18432K, 0% used [0x00000006ab500000,0x00000006ab500000,0x00000006ac700000)
 ParOldGen       total 286208K, used 128161K [0x00000003c0000000, 0x00000003d1780000, 0x000000066ab00000)
  object space 286208K, 44% used [0x00000003c0000000,0x00000003c7d28748,0x00000003d1780000)
 Metaspace       used 92558K, capacity 93638K, committed 93912K, reserved 1130496K
  class space    used 12705K, capacity 12931K, committed 13016K, reserved 1048576K
}
Event: 1363.155 GC heap before
{Heap before GC invocations=39 (full 6):
 PSYoungGen      total 1068544K, used 1058976K [0x000000066ab00000, 0x00000006ad900000, 0x00000007c0000000)
  eden space 1058816K, 100% used [0x000000066ab00000,0x00000006ab500000,0x00000006ab500000)
  from space 9728K, 1% used [0x00000006acf80000,0x00000006acfa8000,0x00000006ad900000)
  to   space 18432K, 0% used [0x00000006ab500000,0x00000006ab500000,0x00000006ac700000)
 ParOldGen       total 286208K, used 128161K [0x00000003c0000000, 0x00000003d1780000, 0x000000066ab00000)
  object space 286208K, 44% used [0x00000003c0000000,0x00000003c7d28748,0x00000003d1780000)
 Metaspace       used 92559K, capacity 93638K, committed 93912K, reserved 1130496K
  class space    used 12705K, capacity 12931K, committed 13016K, reserved 1048576K
Event: 1363.159 GC heap after
Heap after GC invocations=39 (full 6):
 PSYoungGen      total 1077248K, used 96K [0x000000066ab00000, 0x00000006b4200000, 0x00000007c0000000)
  eden space 1058816K, 0% used [0x000000066ab00000,0x000000066ab00000,0x00000006ab500000)
  from space 18432K, 0% used [0x00000006ab500000,0x00000006ab518000,0x00000006ac700000)
  to   space 17408K, 0% used [0x00000006b3100000,0x00000006b3100000,0x00000006b4200000)
 ParOldGen       total 286208K, used 128161K [0x00000003c0000000, 0x00000003d1780000, 0x000000066ab00000)
  object space 286208K, 44% used [0x00000003c0000000,0x00000003c7d28748,0x00000003d1780000)
 Metaspace       used 92559K, capacity 93638K, committed 93912K, reserved 1130496K
  class space    used 12705K, capacity 12931K, committed 13016K, reserved 1048576K
}
Event: 1364.098 GC heap before
{Heap before GC invocations=40 (full 6):
 PSYoungGen      total 1077248K, used 1058912K [0x000000066ab00000, 0x00000006b4200000, 0x00000007c0000000)
  eden space 1058816K, 100% used [0x000000066ab00000,0x00000006ab500000,0x00000006ab500000)
  from space 18432K, 0% used [0x00000006ab500000,0x00000006ab518000,0x00000006ac700000)
  to   space 17408K, 0% used [0x00000006b3100000,0x00000006b3100000,0x00000006b4200000)
 ParOldGen       total 286208K, used 128161K [0x00000003c0000000, 0x00000003d1780000, 0x000000066ab00000)
  object space 286208K, 44% used [0x00000003c0000000,0x00000003c7d28748,0x00000003d1780000)
 Metaspace       used 92559K, capacity 93638K, committed 93912K, reserved 1130496K
  class space    used 12705K, capacity 12931K, committed 13016K, reserved 1048576K
Event: 1364.101 GC heap after
Heap after GC invocations=40 (full 6):
 PSYoungGen      total 1170432K, used 64K [0x000000066ab00000, 0x00000006b3a00000, 0x00000007c0000000)
  eden space 1161216K, 0% used [0x000000066ab00000,0x000000066ab00000,0x00000006b1900000)
  from space 9216K, 0% used [0x00000006b3100000,0x00000006b3110000,0x00000006b3a00000)
  to   space 16896K, 0% used [0x00000006b1900000,0x00000006b1900000,0x00000006b2980000)
 ParOldGen       total 286208K, used 128161K [0x00000003c0000000, 0x00000003d1780000, 0x000000066ab00000)
  object space 286208K, 44% used [0x00000003c0000000,0x00000003c7d28748,0x00000003d1780000)
 Metaspace       used 92559K, capacity 93638K, committed 93912K, reserved 1130496K
  class space    used 12705K, capacity 12931K, committed 13016K, reserved 1048576K
}
Event: 1365.186 GC heap before
{Heap before GC invocations=41 (full 6):
 PSYoungGen      total 1170432K, used 1161280K [0x000000066ab00000, 0x00000006b3a00000, 0x00000007c0000000)
  eden space 1161216K, 100% used [0x000000066ab00000,0x00000006b1900000,0x00000006b1900000)
  from space 9216K, 0% used [0x00000006b3100000,0x00000006b3110000,0x00000006b3a00000)
  to   space 16896K, 0% used [0x00000006b1900000,0x00000006b1900000,0x00000006b2980000)
 ParOldGen       total 286208K, used 128161K [0x00000003c0000000, 0x00000003d1780000, 0x000000066ab00000)
  object space 286208K, 44% used [0x00000003c0000000,0x00000003c7d28748,0x00000003d1780000)
 Metaspace       used 92559K, capacity 93638K, committed 93912K, reserved 1130496K
  class space    used 12705K, capacity 12931K, committed 13016K, reserved 1048576K
Event: 1365.189 GC heap after
Heap after GC invocations=41 (full 6):
 PSYoungGen      total 1178112K, used 64K [0x000000066ab00000, 0x00000006b9e00000, 0x00000007c0000000)
  eden space 1161216K, 0% used [0x000000066ab00000,0x000000066ab00000,0x00000006b1900000)
  from space 16896K, 0% used [0x00000006b1900000,0x00000006b1910000,0x00000006b2980000)
  to   space 15872K, 0% used [0x00000006b8e80000,0x00000006b8e80000,0x00000006b9e00000)
 ParOldGen       total 286208K, used 128161K [0x00000003c0000000, 0x00000003d1780000, 0x000000066ab00000)
  object space 286208K, 44% used [0x00000003c0000000,0x00000003c7d28748,0x00000003d1780000)
 Metaspace       used 92559K, capacity 93638K, committed 93912K, reserved 1130496K
  class space    used 12705K, capacity 12931K, committed 13016K, reserved 1048576K
}
Event: 1366.218 GC heap before
{Heap before GC invocations=42 (full 6):
 PSYoungGen      total 1178112K, used 1161280K [0x000000066ab00000, 0x00000006b9e00000, 0x00000007c0000000)
  eden space 1161216K, 100% used [0x000000066ab00000,0x00000006b1900000,0x00000006b1900000)
  from space 16896K, 0% used [0x00000006b1900000,0x00000006b1910000,0x00000006b2980000)
  to   space 15872K, 0% used [0x00000006b8e80000,0x00000006b8e80000,0x00000006b9e00000)
 ParOldGen       total 286208K, used 128161K [0x00000003c0000000, 0x00000003d1780000, 0x000000066ab00000)
  object space 286208K, 44% used [0x00000003c0000000,0x00000003c7d28748,0x00000003d1780000)
 Metaspace       used 92559K, capacity 93638K, committed 93912K, reserved 1130496K
  class space    used 12705K, capacity 12931K, committed 13016K, reserved 1048576K
Event: 1366.221 GC heap after
Heap after GC invocations=42 (full 6):
 PSYoungGen      total 1268224K, used 192K [0x000000066ab00000, 0x00000006b9680000, 0x00000007c0000000)
  eden space 1260032K, 0% used [0x000000066ab00000,0x000000066ab00000,0x00000006b7980000)
  from space 8192K, 2% used [0x00000006b8e80000,0x00000006b8eb0000,0x00000006b9680000)
  to   space 14848K, 0% used [0x00000006b7980000,0x00000006b7980000,0x00000006b8800000)
 ParOldGen       total 286208K, used 128161K [0x00000003c0000000, 0x00000003d1780000, 0x000000066ab00000)
  object space 286208K, 44% used [0x00000003c0000000,0x00000003c7d28748,0x00000003d1780000)
 Metaspace       used 92559K, capacity 93638K, committed 93912K, reserved 1130496K
  class space    used 12705K, capacity 12931K, committed 13016K, reserved 1048576K
}
Event: 1367.400 GC heap before
{Heap before GC invocations=43 (full 6):
 PSYoungGen      total 1268224K, used 1260224K [0x000000066ab00000, 0x00000006b9680000, 0x00000007c0000000)
  eden space 1260032K, 100% used [0x000000066ab00000,0x00000006b7980000,0x00000006b7980000)
  from space 8192K, 2% used [0x00000006b8e80000,0x00000006b8eb0000,0x00000006b9680000)
  to   space 14848K, 0% used [0x00000006b7980000,0x00000006b7980000,0x00000006b8800000)
 ParOldGen       total 286208K, used 128161K [0x00000003c0000000, 0x00000003d1780000, 0x000000066ab00000)
  object space 286208K, 44% used [0x00000003c0000000,0x00000003c7d28748,0x00000003d1780000)
 Metaspace       used 92559K, capacity 93638K, committed 93912K, reserved 1130496K
  class space    used 12705K, capacity 12931K, committed 13016K, reserved 1048576K
Event: 1367.403 GC heap after
Heap after GC invocations=43 (full 6):
 PSYoungGen      total 1274880K, used 768K [0x000000066ab00000, 0x00000006bf800000, 0x00000007c0000000)
  eden space 1260032K, 0% used [0x000000066ab00000,0x000000066ab00000,0x00000006b7980000)
  from space 14848K, 5% used [0x00000006b7980000,0x00000006b7a40000,0x00000006b8800000)
  to   space 13824K, 0% used [0x00000006bea80000,0x00000006bea80000,0x00000006bf800000)
 ParOldGen       total 286208K, used 128161K [0x00000003c0000000, 0x00000003d1780000, 0x000000066ab00000)
  object space 286208K, 44% used [0x00000003c0000000,0x00000003c7d28748,0x00000003d1780000)
 Metaspace       used 92559K, capacity 93638K, committed 93912K, reserved 1130496K
  class space    used 12705K, capacity 12931K, committed 13016K, reserved 1048576K
}
Event: 1368.523 GC heap before
{Heap before GC invocations=44 (full 6):
 PSYoungGen      total 1274880K, used 1260800K [0x000000066ab00000, 0x00000006bf800000, 0x00000007c0000000)
  eden space 1260032K, 100% used [0x000000066ab00000,0x00000006b7980000,0x00000006b7980000)
  from space 14848K, 5% used [0x00000006b7980000,0x00000006b7a40000,0x00000006b8800000)
  to   space 13824K, 0% used [0x00000006bea80000,0x00000006bea80000,0x00000006bf800000)
 ParOldGen       total 286208K, used 128161K [0x00000003c0000000, 0x00000003d1780000, 0x000000066ab00000)
  object space 286208K, 44% used [0x00000003c0000000,0x00000003c7d28748,0x00000003d1780000)
 Metaspace       used 92559K, capacity 93638K, committed 93912K, reserved 1130496K
  class space    used 12705K, capacity 12931K, committed 13016K, reserved 1048576K
Event: 1368.526 GC heap after
Heap after GC invocations=44 (full 6):
 PSYoungGen      total 1364480K, used 96K [0x000000066ab00000, 0x00000006bf200000, 0x00000007c0000000)
  eden space 1356800K, 0% used [0x000000066ab00000,0x000000066ab00000,0x00000006bd800000)
  from space 7680K, 1% used [0x00000006bea80000,0x00000006bea98000,0x00000006bf200000)
  to   space 13312K, 0% used [0x00000006bd800000,0x00000006bd800000,0x00000006be500000)
 ParOldGen       total 286208K, used 128161K [0x00000003c0000000, 0x00000003d1780000, 0x000000066ab00000)
  object space 286208K, 44% used [0x00000003c0000000,0x00000003c7d28748,0x00000003d1780000)
 Metaspace       used 92559K, capacity 93638K, committed 93912K, reserved 1130496K
  class space    used 12705K, capacity 12931K, committed 13016K, reserved 1048576K
}
Event: 1369.769 GC heap before
{Heap before GC invocations=45 (full 6):
 PSYoungGen      total 1364480K, used 1356896K [0x000000066ab00000, 0x00000006bf200000, 0x00000007c0000000)
  eden space 1356800K, 100% used [0x000000066ab00000,0x00000006bd800000,0x00000006bd800000)
  from space 7680K, 1% used [0x00000006bea80000,0x00000006bea98000,0x00000006bf200000)
  to   space 13312K, 0% used [0x00000006bd800000,0x00000006bd800000,0x00000006be500000)
 ParOldGen       total 286208K, used 128161K [0x00000003c0000000, 0x00000003d1780000, 0x000000066ab00000)
  object space 286208K, 44% used [0x00000003c0000000,0x00000003c7d28748,0x00000003d1780000)
 Metaspace       used 92559K, capacity 93638K, committed 93912K, reserved 1130496K
  class space    used 12705K, capacity 12931K, committed 13016K, reserved 1048576K
Event: 1369.773 GC heap after
Heap after GC invocations=45 (full 6):
 PSYoungGen      total 1370112K, used 224K [0x000000066ab00000, 0x00000006c5080000, 0x00000007c0000000)
  eden space 1356800K, 0% used [0x000000066ab00000,0x000000066ab00000,0x00000006bd800000)
  from space 13312K, 1% used [0x00000006bd800000,0x00000006bd838000,0x00000006be500000)
  to   space 12288K, 0% used [0x00000006c4480000,0x00000006c4480000,0x00000006c5080000)
 ParOldGen       total 286208K, used 128161K [0x00000003c0000000, 0x00000003d1780000, 0x000000066ab00000)
  object space 286208K, 44% used [0x00000003c0000000,0x00000003c7d28748,0x00000003d1780000)
 Metaspace       used 92559K, capacity 93638K, committed 93912K, reserved 1130496K
  class space    used 12705K, capacity 12931K, committed 13016K, reserved 1048576K
}
Event: 1370.967 GC heap before
{Heap before GC invocations=46 (full 6):
 PSYoungGen      total 1370112K, used 1357024K [0x000000066ab00000, 0x00000006c5080000, 0x00000007c0000000)
  eden space 1356800K, 100% used [0x000000066ab00000,0x00000006bd800000,0x00000006bd800000)
  from space 13312K, 1% used [0x00000006bd800000,0x00000006bd838000,0x00000006be500000)
  to   space 12288K, 0% used [0x00000006c4480000,0x00000006c4480000,0x00000006c5080000)
 ParOldGen       total 286208K, used 128161K [0x00000003c0000000, 0x00000003d1780000, 0x000000066ab00000)
  object space 286208K, 44% used [0x00000003c0000000,0x00000003c7d28748,0x00000003d1780000)
 Metaspace       used 92559K, capacity 93638K, committed 93912K, reserved 1130496K
  class space    used 12705K, capacity 12931K, committed 13016K, reserved 1048576K
Event: 1370.970 GC heap after
Heap after GC invocations=46 (full 6):
 PSYoungGen      total 1459712K, used 384K [0x000000066ab00000, 0x00000006c4c00000, 0x00000007c0000000)
  eden space 1452032K, 0% used [0x000000066ab00000,0x000000066ab00000,0x00000006c3500000)
  from space 7680K, 5% used [0x00000006c4480000,0x00000006c44e0000,0x00000006c4c00000)
  to   space 11776K, 0% used [0x00000006c3500000,0x00000006c3500000,0x00000006c4080000)
 ParOldGen       total 286208K, used 128161K [0x00000003c0000000, 0x00000003d1780000, 0x000000066ab00000)
  object space 286208K, 44% used [0x00000003c0000000,0x00000003c7d28748,0x00000003d1780000)
 Metaspace       used 92559K, capacity 93638K, committed 93912K, reserved 1130496K
  class space    used 12705K, capacity 12931K, committed 13016K, reserved 1048576K
}
Event: 1372.239 GC heap before
{Heap before GC invocations=47 (full 6):
 PSYoungGen      total 1459712K, used 1452416K [0x000000066ab00000, 0x00000006c4c00000, 0x00000007c0000000)
  eden space 1452032K, 100% used [0x000000066ab00000,0x00000006c3500000,0x00000006c3500000)
  from space 7680K, 5% used [0x00000006c4480000,0x00000006c44e0000,0x00000006c4c00000)
  to   space 11776K, 0% used [0x00000006c3500000,0x00000006c3500000,0x00000006c4080000)
 ParOldGen       total 286208K, used 128161K [0x00000003c0000000, 0x00000003d1780000, 0x000000066ab00000)
  object space 286208K, 44% used [0x00000003c0000000,0x00000003c7d28748,0x00000003d1780000)
 Metaspace       used 92560K, capacity 93638K, committed 93912K, reserved 1130496K
  class space    used 12705K, capacity 12931K, committed 13016K, reserved 1048576K
Event: 1372.244 GC heap after
Heap after GC invocations=47 (full 6):
 PSYoungGen      total 1463808K, used 96K [0x000000066ab00000, 0x00000006c9e80000, 0x00000007c0000000)
  eden space 1452032K, 0% used [0x000000066ab00000,0x000000066ab00000,0x00000006c3500000)
  from space 11776K, 0% used [0x00000006c3500000,0x00000006c3518000,0x00000006c4080000)
  to   space 10752K, 0% used [0x00000006c9400000,0x00000006c9400000,0x00000006c9e80000)
 ParOldGen       total 286208K, used 128161K [0x00000003c0000000, 0x00000003d1780000, 0x000000066ab00000)
  object space 286208K, 44% used [0x00000003c0000000,0x00000003c7d28748,0x00000003d1780000)
 Metaspace       used 92560K, capacity 93638K, committed 93912K, reserved 1130496K
  class space    used 12705K, capacity 12931K, committed 13016K, reserved 1048576K
}
Event: 1373.529 GC heap before
{Heap before GC invocations=48 (full 6):
 PSYoungGen      total 1463808K, used 1452128K [0x000000066ab00000, 0x00000006c9e80000, 0x00000007c0000000)
  eden space 1452032K, 100% used [0x000000066ab00000,0x00000006c3500000,0x00000006c3500000)
  from space 11776K, 0% used [0x00000006c3500000,0x00000006c3518000,0x00000006c4080000)
  to   space 10752K, 0% used [0x00000006c9400000,0x00000006c9400000,0x00000006c9e80000)
 ParOldGen       total 286208K, used 128161K [0x00000003c0000000, 0x00000003d1780000, 0x000000066ab00000)
  object space 286208K, 44% used [0x00000003c0000000,0x00000003c7d28748,0x00000003d1780000)
 Metaspace       used 92560K, capacity 93638K, committed 93912K, reserved 1130496K
  class space    used 12705K, capacity 12931K, committed 13016K, reserved 1048576K
Event: 1373.533 GC heap after
Heap after GC invocations=48 (full 6):
 PSYoungGen      total 1544192K, used 96K [0x000000066ab00000, 0x00000006c9b80000, 0x00000007c0000000)
  eden space 1536512K, 0% used [0x000000066ab00000,0x000000066ab00000,0x00000006c8780000)
  from space 7680K, 1% used [0x00000006c9400000,0x00000006c9418000,0x00000006c9b80000)
  to   space 10240K, 0% used [0x00000006c8780000,0x00000006c8780000,0x00000006c9180000)
 ParOldGen       total 286208K, used 128161K [0x00000003c0000000, 0x00000003d1780000, 0x000000066ab00000)
  object space 286208K, 44% used [0x00000003c0000000,0x00000003c7d28748,0x00000003d1780000)
 Metaspace       used 92560K, capacity 93638K, committed 93912K, reserved 1130496K
  class space    used 12705K, capacity 12931K, committed 13016K, reserved 1048576K
}
Event: 1374.913 GC heap before
{Heap before GC invocations=49 (full 6):
 PSYoungGen      total 1544192K, used 1536608K [0x000000066ab00000, 0x00000006c9b80000, 0x00000007c0000000)
  eden space 1536512K, 100% used [0x000000066ab00000,0x00000006c8780000,0x00000006c8780000)
  from space 7680K, 1% used [0x00000006c9400000,0x00000006c9418000,0x00000006c9b80000)
  to   space 10240K, 0% used [0x00000006c8780000,0x00000006c8780000,0x00000006c9180000)
 ParOldGen       total 286208K, used 128161K [0x00000003c0000000, 0x00000003d1780000, 0x000000066ab00000)
  object space 286208K, 44% used [0x00000003c0000000,0x00000003c7d28748,0x00000003d1780000)
 Metaspace       used 92560K, capacity 93638K, committed 93912K, reserved 1130496K
  class space    used 12705K, capacity 12931K, committed 13016K, reserved 1048576K
Event: 1374.917 GC heap after
Heap after GC invocations=49 (full 6):
 PSYoungGen      total 1546752K, used 768K [0x000000066ab00000, 0x00000006cef80000, 0x00000007c0000000)
  eden space 1536512K, 0% used [0x000000066ab00000,0x000000066ab00000,0x00000006c8780000)
  from space 10240K, 7% used [0x00000006c8780000,0x00000006c8840000,0x00000006c9180000)
  to   space 9728K, 0% used [0x00000006ce600000,0x00000006ce600000,0x00000006cef80000)
 ParOldGen       total 286208K, used 128161K [0x00000003c0000000, 0x00000003d1780000, 0x000000066ab00000)
  object space 286208K, 44% used [0x00000003c0000000,0x00000003c7d28748,0x00000003d1780000)
 Metaspace       used 92560K, capacity 93638K, committed 93912K, reserved 1130496K
  class space    used 12705K, capacity 12931K, committed 13016K, reserved 1048576K
}
Event: 1376.276 GC heap before
{Heap before GC invocations=50 (full 6):
 PSYoungGen      total 1546752K, used 1537280K [0x000000066ab00000, 0x00000006cef80000, 0x00000007c0000000)
  eden space 1536512K, 100% used [0x000000066ab00000,0x00000006c8780000,0x00000006c8780000)
  from space 10240K, 7% used [0x00000006c8780000,0x00000006c8840000,0x00000006c9180000)
  to   space 9728K, 0% used [0x00000006ce600000,0x00000006ce600000,0x00000006cef80000)
 ParOldGen       total 286208K, used 128161K [0x00000003c0000000, 0x00000003d1780000, 0x000000066ab00000)
  object space 286208K, 44% used [0x00000003c0000000,0x00000003c7d28748,0x00000003d1780000)
 Metaspace       used 92560K, capacity 93638K, committed 93912K, reserved 1130496K
  class space    used 12705K, capacity 12931K, committed 13016K, reserved 1048576K
Event: 1376.281 GC heap after
Heap after GC invocations=50 (full 6):
 PSYoungGen      total 1633792K, used 2464K [0x000000066ab00000, 0x00000006cf600000, 0x00000007c0000000)
  eden space 1624064K, 0% used [0x000000066ab00000,0x000000066ab00000,0x00000006cdd00000)
  from space 9728K, 25% used [0x00000006ce600000,0x00000006ce868010,0x00000006cef80000)
  to   space 9216K, 0% used [0x00000006cdd00000,0x00000006cdd00000,0x00000006ce600000)
 ParOldGen       total 286208K, used 128161K [0x00000003c0000000, 0x00000003d1780000, 0x000000066ab00000)
  object space 286208K, 44% used [0x00000003c0000000,0x00000003c7d28748,0x00000003d1780000)
 Metaspace       used 92560K, capacity 93638K, committed 93912K, reserved 1130496K
  class space    used 12705K, capacity 12931K, committed 13016K, reserved 1048576K
}
Event: 1377.720 GC heap before
{Heap before GC invocations=51 (full 6):
 PSYoungGen      total 1633792K, used 1626528K [0x000000066ab00000, 0x00000006cf600000, 0x00000007c0000000)
  eden space 1624064K, 100% used [0x000000066ab00000,0x00000006cdd00000,0x00000006cdd00000)
  from space 9728K, 25% used [0x00000006ce600000,0x00000006ce868010,0x00000006cef80000)
  to   space 9216K, 0% used [0x00000006cdd00000,0x00000006cdd00000,0x00000006ce600000)
 ParOldGen       total 286208K, used 128161K [0x00000003c0000000, 0x00000003d1780000, 0x000000066ab00000)
  object space 286208K, 44% used [0x00000003c0000000,0x00000003c7d28748,0x00000003d1780000)
 Metaspace       used 92562K, capacity 93638K, committed 93912K, reserved 1130496K
  class space    used 12705K, capacity 12931K, committed 13016K, reserved 1048576K
Event: 1377.724 GC heap after
Heap after GC invocations=51 (full 6):
 PSYoungGen      total 1633280K, used 96K [0x000000066ab00000, 0x00000006d4b00000, 0x00000007c0000000)
  eden space 1624064K, 0% used [0x000000066ab00000,0x000000066ab00000,0x00000006cdd00000)
  from space 9216K, 1% used [0x00000006cdd00000,0x00000006cdd18000,0x00000006ce600000)
  to   space 8704K, 0% used [0x00000006d4280000,0x00000006d4280000,0x00000006d4b00000)
 ParOldGen       total 286208K, used 128161K [0x00000003c0000000, 0x00000003d1780000, 0x000000066ab00000)
  object space 286208K, 44% used [0x00000003c0000000,0x00000003c7d28748,0x00000003d1780000)
 Metaspace       used 92562K, capacity 93638K, committed 93912K, reserved 1130496K
  class space    used 12705K, capacity 12931K, committed 13016K, reserved 1048576K
}
Event: 1379.141 GC heap before
{Heap before GC invocations=52 (full 6):
 PSYoungGen      total 1633280K, used 1624160K [0x000000066ab00000, 0x00000006d4b00000, 0x00000007c0000000)
  eden space 1624064K, 100% used [0x000000066ab00000,0x00000006cdd00000,0x00000006cdd00000)
  from space 9216K, 1% used [0x00000006cdd00000,0x00000006cdd18000,0x00000006ce600000)
  to   space 8704K, 0% used [0x00000006d4280000,0x00000006d4280000,0x00000006d4b00000)
 ParOldGen       total 286208K, used 128161K [0x00000003c0000000, 0x00000003d1780000, 0x000000066ab00000)
  object space 286208K, 44% used [0x00000003c0000000,0x00000003c7d28748,0x00000003d1780000)
 Metaspace       used 92562K, capacity 93638K, committed 93912K, reserved 1130496K
  class space    used 12705K, capacity 12931K, committed 13016K, reserved 1048576K
Event: 1379.145 GC heap after
Heap after GC invocations=52 (full 6):
 PSYoungGen      total 1719808K, used 160K [0x000000066ab00000, 0x00000006d4680000, 0x00000007c0000000)
  eden space 1715712K, 0% used [0x000000066ab00000,0x000000066ab00000,0x00000006d3680000)
  from space 4096K, 3% used [0x00000006d4280000,0x00000006d42a8000,0x00000006d4680000)
  to   space 8192K, 0% used [0x00000006d3680000,0x00000006d3680000,0x00000006d3e80000)
 ParOldGen       total 286208K, used 128161K [0x00000003c0000000, 0x00000003d1780000, 0x000000066ab00000)
  object space 286208K, 44% used [0x00000003c0000000,0x00000003c7d28748,0x00000003d1780000)
 Metaspace       used 92562K, capacity 93638K, committed 93912K, reserved 1130496K
  class space    used 12705K, capacity 12931K, committed 13016K, reserved 1048576K
}
Event: 1380.710 GC heap before
{Heap before GC invocations=53 (full 6):
 PSYoungGen      total 1719808K, used 1715872K [0x000000066ab00000, 0x00000006d4680000, 0x00000007c0000000)
  eden space 1715712K, 100% used [0x000000066ab00000,0x00000006d3680000,0x00000006d3680000)
  from space 4096K, 3% used [0x00000006d4280000,0x00000006d42a8000,0x00000006d4680000)
  to   space 8192K, 0% used [0x00000006d3680000,0x00000006d3680000,0x00000006d3e80000)
 ParOldGen       total 286208K, used 128161K [0x00000003c0000000, 0x00000003d1780000, 0x000000066ab00000)
  object space 286208K, 44% used [0x00000003c0000000,0x00000003c7d28748,0x00000003d1780000)
 Metaspace       used 92563K, capacity 93638K, committed 93912K, reserved 1130496K
  class space    used 12705K, capacity 12931K, committed 13016K, reserved 1048576K
Event: 1380.713 GC heap after
Heap after GC invocations=53 (full 6):
 PSYoungGen      total 1723904K, used 160K [0x000000066ab00000, 0x00000006da000000, 0x00000007c0000000)
  eden space 1715712K, 0% used [0x000000066ab00000,0x000000066ab00000,0x00000006d3680000)
  from space 8192K, 1% used [0x00000006d3680000,0x00000006d36a8000,0x00000006d3e80000)
  to   space 7680K, 0% used [0x00000006d9880000,0x00000006d9880000,0x00000006da000000)
 ParOldGen       total 286208K, used 128169K [0x00000003c0000000, 0x00000003d1780000, 0x000000066ab00000)
  object space 286208K, 44% used [0x00000003c0000000,0x00000003c7d2a748,0x00000003d1780000)
 Metaspace       used 92563K, capacity 93638K, committed 93912K, reserved 1130496K
  class space    used 12705K, capacity 12931K, committed 13016K, reserved 1048576K
}
Event: 1382.202 GC heap before
{Heap before GC invocations=54 (full 6):
 PSYoungGen      total 1723904K, used 1715872K [0x000000066ab00000, 0x00000006da000000, 0x00000007c0000000)
  eden space 1715712K, 100% used [0x000000066ab00000,0x00000006d3680000,0x00000006d3680000)
  from space 8192K, 1% used [0x00000006d3680000,0x00000006d36a8000,0x00000006d3e80000)
  to   space 7680K, 0% used [0x00000006d9880000,0x00000006d9880000,0x00000006da000000)
 ParOldGen       total 286208K, used 128169K [0x00000003c0000000, 0x00000003d1780000, 0x000000066ab00000)
  object space 286208K, 44% used [0x00000003c0000000,0x00000003c7d2a748,0x00000003d1780000)
 Metaspace       used 92566K, capacity 93638K, committed 93912K, reserved 1130496K
  class space    used 12705K, capacity 12931K, committed 13016K, reserved 1048576K
Event: 1382.205 GC heap after
Heap after GC invocations=54 (full 6):
 PSYoungGen      total 1807872K, used 128K [0x000000066ab00000, 0x00000006d9b80000, 0x00000007c0000000)
  eden space 1804800K, 0% used [0x000000066ab00000,0x000000066ab00000,0x00000006d8d80000)
  from space 3072K, 4% used [0x00000006d9880000,0x00000006d98a0000,0x00000006d9b80000)
  to   space 7168K, 0% used [0x00000006d8d80000,0x00000006d8d80000,0x00000006d9480000)
 ParOldGen       total 286208K, used 128169K [0x00000003c0000000, 0x00000003d1780000, 0x000000066ab00000)
  object space 286208K, 44% used [0x00000003c0000000,0x00000003c7d2a748,0x00000003d1780000)
 Metaspace       used 92566K, capacity 93638K, committed 93912K, reserved 1130496K
  class space    used 12705K, capacity 12931K, committed 13016K, reserved 1048576K
}
Event: 1383.829 GC heap before
{Heap before GC invocations=55 (full 6):
 PSYoungGen      total 1807872K, used 1804928K [0x000000066ab00000, 0x00000006d9b80000, 0x00000007c0000000)
  eden space 1804800K, 100% used [0x000000066ab00000,0x00000006d8d80000,0x00000006d8d80000)
  from space 3072K, 4% used [0x00000006d9880000,0x00000006d98a0000,0x00000006d9b80000)
  to   space 7168K, 0% used [0x00000006d8d80000,0x00000006d8d80000,0x00000006d9480000)
 ParOldGen       total 286208K, used 128169K [0x00000003c0000000, 0x00000003d1780000, 0x000000066ab00000)
  object space 286208K, 44% used [0x00000003c0000000,0x00000003c7d2a748,0x00000003d1780000)
 Metaspace       used 92566K, capacity 93638K, committed 93912K, reserved 1130496K
  class space    used 12705K, capacity 12931K, committed 13016K, reserved 1048576K
Event: 1383.832 GC heap after
Heap after GC invocations=55 (full 6):
 PSYoungGen      total 1718272K, used 96K [0x000000066ab00000, 0x00000006d9900000, 0x00000007c0000000)
  eden space 1717760K, 0% used [0x000000066ab00000,0x000000066ab00000,0x00000006d3880000)
  from space 512K, 18% used [0x00000006d8d80000,0x00000006d8d98000,0x00000006d8e00000)
  to   space 6656K, 0% used [0x00000006d9280000,0x00000006d9280000,0x00000006d9900000)
 ParOldGen       total 286208K, used 128169K [0x00000003c0000000, 0x00000003d1780000, 0x000000066ab00000)
  object space 286208K, 44% used [0x00000003c0000000,0x00000003c7d2a748,0x00000003d1780000)
 Metaspace       used 92566K, capacity 93638K, committed 93912K, reserved 1130496K
  class space    used 12705K, capacity 12931K, committed 13016K, reserved 1048576K
}
Event: 1385.307 GC heap before
{Heap before GC invocations=56 (full 6):
 PSYoungGen      total 1718272K, used 1717856K [0x000000066ab00000, 0x00000006d9900000, 0x00000007c0000000)
  eden space 1717760K, 100% used [0x000000066ab00000,0x00000006d3880000,0x00000006d3880000)
  from space 512K, 18% used [0x00000006d8d80000,0x00000006d8d98000,0x00000006d8e00000)
  to   space 6656K, 0% used [0x00000006d9280000,0x00000006d9280000,0x00000006d9900000)
 ParOldGen       total 286208K, used 128169K [0x00000003c0000000, 0x00000003d1780000, 0x000000066ab00000)
  object space 286208K, 44% used [0x00000003c0000000,0x00000003c7d2a748,0x00000003d1780000)
 Metaspace       used 92574K, capacity 93638K, committed 93912K, reserved 1130496K
  class space    used 12705K, capacity 12931K, committed 13016K, reserved 1048576K
Event: 1385.310 GC heap after
Heap after GC invocations=56 (full 6):
 PSYoungGen      total 1635840K, used 64K [0x000000066ab00000, 0x00000006d9300000, 0x00000007c0000000)
  eden space 1635328K, 0% used [0x000000066ab00000,0x000000066ab00000,0x00000006ce800000)
  from space 512K, 12% used [0x00000006d9280000,0x00000006d9290000,0x00000006d9300000)
  to   space 6144K, 0% used [0x00000006d8700000,0x00000006d8700000,0x00000006d8d00000)
 ParOldGen       total 286208K, used 128169K [0x00000003c0000000, 0x00000003d1780000, 0x000000066ab00000)
  object space 286208K, 44% used [0x00000003c0000000,0x00000003c7d2a748,0x00000003d1780000)
 Metaspace       used 92574K, capacity 93638K, committed 93912K, reserved 1130496K
  class space    used 12705K, capacity 12931K, committed 13016K, reserved 1048576K
}
Event: 1386.741 GC heap before
{Heap before GC invocations=57 (full 6):
 PSYoungGen      total 1635840K, used 1635392K [0x000000066ab00000, 0x00000006d9300000, 0x00000007c0000000)
  eden space 1635328K, 100% used [0x000000066ab00000,0x00000006ce800000,0x00000006ce800000)
  from space 512K, 12% used [0x00000006d9280000,0x00000006d9290000,0x00000006d9300000)
  to   space 6144K, 0% used [0x00000006d8700000,0x00000006d8700000,0x00000006d8d00000)
 ParOldGen       total 286208K, used 128169K [0x00000003c0000000, 0x00000003d1780000, 0x000000066ab00000)
  object space 286208K, 44% used [0x00000003c0000000,0x00000003c7d2a748,0x00000003d1780000)
 Metaspace       used 92574K, capacity 93638K, committed 93912K, reserved 1130496K
  class space    used 12705K, capacity 12931K, committed 13016K, reserved 1048576K
Event: 1386.744 GC heap after
Heap after GC invocations=57 (full 6):
 PSYoungGen      total 1563136K, used 96K [0x000000066ab00000, 0x00000006d9300000, 0x00000007c0000000)
  eden space 1556992K, 0% used [0x000000066ab00000,0x000000066ab00000,0x00000006c9b80000)
  from space 6144K, 1% used [0x00000006d8700000,0x00000006d8718000,0x00000006d8d00000)
  to   space 6144K, 0% used [0x00000006d8d00000,0x00000006d8d00000,0x00000006d9300000)
 ParOldGen       total 286208K, used 128177K [0x00000003c0000000, 0x00000003d1780000, 0x000000066ab00000)
  object space 286208K, 44% used [0x00000003c0000000,0x00000003c7d2c748,0x00000003d1780000)
 Metaspace       used 92574K, capacity 93638K, committed 93912K, reserved 1130496K
  class space    used 12705K, capacity 12931K, committed 13016K, reserved 1048576K
}
Event: 1388.076 GC heap before
{Heap before GC invocations=58 (full 6):
 PSYoungGen      total 1563136K, used 1557088K [0x000000066ab00000, 0x00000006d9300000, 0x00000007c0000000)
  eden space 1556992K, 100% used [0x000000066ab00000,0x00000006c9b80000,0x00000006c9b80000)
  from space 6144K, 1% used [0x00000006d8700000,0x00000006d8718000,0x00000006d8d00000)
  to   space 6144K, 0% used [0x00000006d8d00000,0x00000006d8d00000,0x00000006d9300000)
 ParOldGen       total 286208K, used 128177K [0x00000003c0000000, 0x00000003d1780000, 0x000000066ab00000)
  object space 286208K, 44% used [0x00000003c0000000,0x00000003c7d2c748,0x00000003d1780000)
 Metaspace       used 92574K, capacity 93638K, committed 93912K, reserved 1130496K
  class space    used 12705K, capacity 12931K, committed 13016K, reserved 1048576K
Event: 1388.079 GC heap after
Heap after GC invocations=58 (full 6):
 PSYoungGen      total 1482752K, used 64K [0x000000066ab00000, 0x00000006d8d80000, 0x00000007c0000000)
  eden space 1482240K, 0% used [0x000000066ab00000,0x000000066ab00000,0x00000006c5280000)
  from space 512K, 12% used [0x00000006d8d00000,0x00000006d8d10000,0x00000006d8d80000)
  to   space 5632K, 0% used [0x00000006d8280000,0x00000006d8280000,0x00000006d8800000)
 ParOldGen       total 286208K, used 128177K [0x00000003c0000000, 0x00000003d1780000, 0x000000066ab00000)
  object space 286208K, 44% used [0x00000003c0000000,0x00000003c7d2c748,0x00000003d1780000)
 Metaspace       used 92574K, capacity 93638K, committed 93912K, reserved 1130496K
  class space    used 12705K, capacity 12931K, committed 13016K, reserved 1048576K
}
Event: 1389.350 GC heap before
{Heap before GC invocations=59 (full 6):
 PSYoungGen      total 1482752K, used 1482304K [0x000000066ab00000, 0x00000006d8d80000, 0x00000007c0000000)
  eden space 1482240K, 100% used [0x000000066ab00000,0x00000006c5280000,0x00000006c5280000)
  from space 512K, 12% used [0x00000006d8d00000,0x00000006d8d10000,0x00000006d8d80000)
  to   space 5632K, 0% used [0x00000006d8280000,0x00000006d8280000,0x00000006d8800000)
 ParOldGen       total 286208K, used 128177K [0x00000003c0000000, 0x00000003d1780000, 0x000000066ab00000)
  object space 286208K, 44% used [0x00000003c0000000,0x00000003c7d2c748,0x00000003d1780000)
 Metaspace       used 92574K, capacity 93638K, committed 93912K, reserved 1130496K
  class space    used 12705K, capacity 12931K, committed 13016K, reserved 1048576K
Event: 1389.353 GC heap after
Heap after GC invocations=59 (full 6):
 PSYoungGen      total 1417216K, used 288K [0x000000066ab00000, 0x00000006d8d80000, 0x00000007c0000000)
  eden space 1411584K, 0% used [0x000000066ab00000,0x000000066ab00000,0x00000006c0d80000)
  from space 5632K, 5% used [0x00000006d8280000,0x00000006d82c8000,0x00000006d8800000)
  to   space 5120K, 0% used [0x00000006d8880000,0x00000006d8880000,0x00000006d8d80000)
 ParOldGen       total 286208K, used 128177K [0x00000003c0000000, 0x00000003d1780000, 0x000000066ab00000)
  object space 286208K, 44% used [0x00000003c0000000,0x00000003c7d2c748,0x00000003d1780000)
 Metaspace       used 92574K, capacity 93638K, committed 93912K, reserved 1130496K
  class space    used 12705K, capacity 12931K, committed 13016K, reserved 1048576K
}
Event: 1390.561 GC heap before
{Heap before GC invocations=60 (full 6):
 PSYoungGen      total 1417216K, used 1411872K [0x000000066ab00000, 0x00000006d8d80000, 0x00000007c0000000)
  eden space 1411584K, 100% used [0x000000066ab00000,0x00000006c0d80000,0x00000006c0d80000)
  from space 5632K, 5% used [0x00000006d8280000,0x00000006d82c8000,0x00000006d8800000)
  to   space 5120K, 0% used [0x00000006d8880000,0x00000006d8880000,0x00000006d8d80000)
 ParOldGen       total 286208K, used 128177K [0x00000003c0000000, 0x00000003d1780000, 0x000000066ab00000)
  object space 286208K, 44% used [0x00000003c0000000,0x00000003c7d2c748,0x00000003d1780000)
 Metaspace       used 92574K, capacity 93638K, committed 93912K, reserved 1130496K
  class space    used 12705K, capacity 12931K, committed 13016K, reserved 1048576K
Event: 1390.565 GC heap after
Heap after GC invocations=60 (full 6):
 PSYoungGen      total 1344512K, used 96K [0x000000066ab00000, 0x00000006d8900000, 0x00000007c0000000)
  eden space 1344000K, 0% used [0x000000066ab00000,0x000000066ab00000,0x00000006bcb80000)
  from space 512K, 18% used [0x00000006d8880000,0x00000006d8898000,0x00000006d8900000)
  to   space 4608K, 0% used [0x00000006d8000000,0x00000006d8000000,0x00000006d8480000)
 ParOldGen       total 286208K, used 128177K [0x00000003c0000000, 0x00000003d1780000, 0x000000066ab00000)
  object space 286208K, 44% used [0x00000003c0000000,0x00000003c7d2c748,0x00000003d1780000)
 Metaspace       used 92574K, capacity 93638K, committed 93912K, reserved 1130496K
  class space    used 12705K, capacity 12931K, committed 13016K, reserved 1048576K
}
Event: 1391.713 GC heap before
{Heap before GC invocations=61 (full 6):
 PSYoungGen      total 1344512K, used 1344096K [0x000000066ab00000, 0x00000006d8900000, 0x00000007c0000000)
  eden space 1344000K, 100% used [0x000000066ab00000,0x00000006bcb80000,0x00000006bcb80000)
  from space 512K, 18% used [0x00000006d8880000,0x00000006d8898000,0x00000006d8900000)
  to   space 4608K, 0% used [0x00000006d8000000,0x00000006d8000000,0x00000006d8480000)
 ParOldGen       total 286208K, used 128177K [0x00000003c0000000, 0x00000003d1780000, 0x000000066ab00000)
  object space 286208K, 44% used [0x00000003c0000000,0x00000003c7d2c748,0x00000003d1780000)
 Metaspace       used 92574K, capacity 93638K, committed 93912K, reserved 1130496K
  class space    used 12705K, capacity 12931K, committed 13016K, reserved 1048576K
Event: 1391.716 GC heap after
Heap after GC invocations=61 (full 6):
 PSYoungGen      total 1416704K, used 800K [0x000000066ab00000, 0x00000006d8900000, 0x00000007c0000000)
  eden space 1412096K, 0% used [0x000000066ab00000,0x000000066ab00000,0x00000006c0e00000)
  from space 4608K, 17% used [0x00000006d8000000,0x00000006d80c8000,0x00000006d8480000)
  to   space 4608K, 0% used [0x00000006d8480000,0x00000006d8480000,0x00000006d8900000)
 ParOldGen       total 286208K, used 128177K [0x00000003c0000000, 0x00000003d1780000, 0x000000066ab00000)
  object space 286208K, 44% used [0x00000003c0000000,0x00000003c7d2c748,0x00000003d1780000)
 Metaspace       used 92574K, capacity 93638K, committed 93912K, reserved 1130496K
  class space    used 12705K, capacity 12931K, committed 13016K, reserved 1048576K
}
Event: 1392.901 GC heap before
{Heap before GC invocations=62 (full 6):
 PSYoungGen      total 1416704K, used 1412896K [0x000000066ab00000, 0x00000006d8900000, 0x00000007c0000000)
  eden space 1412096K, 100% used [0x000000066ab00000,0x00000006c0e00000,0x00000006c0e00000)
  from space 4608K, 17% used [0x00000006d8000000,0x00000006d80c8000,0x00000006d8480000)
  to   space 4608K, 0% used [0x00000006d8480000,0x00000006d8480000,0x00000006d8900000)
 ParOldGen       total 286208K, used 128177K [0x00000003c0000000, 0x00000003d1780000, 0x000000066ab00000)
  object space 286208K, 44% used [0x00000003c0000000,0x00000003c7d2c748,0x00000003d1780000)
 Metaspace       used 92574K, capacity 93638K, committed 93912K, reserved 1130496K
  class space    used 12705K, capacity 12931K, committed 13016K, reserved 1048576K
Event: 1392.904 GC heap after
Heap after GC invocations=62 (full 6):
 PSYoungGen      total 1484800K, used 64K [0x000000066ab00000, 0x00000006d8500000, 0x00000007c0000000)
  eden space 1484288K, 0% used [0x000000066ab00000,0x000000066ab00000,0x00000006c5480000)
  from space 512K, 12% used [0x00000006d8480000,0x00000006d8490000,0x00000006d8500000)
  to   space 4096K, 0% used [0x00000006d7d00000,0x00000006d7d00000,0x00000006d8100000)
 ParOldGen       total 286208K, used 128185K [0x00000003c0000000, 0x00000003d1780000, 0x000000066ab00000)
  object space 286208K, 44% used [0x00000003c0000000,0x00000003c7d2e748,0x00000003d1780000)
 Metaspace       used 92574K, capacity 93638K, committed 93912K, reserved 1130496K
  class space    used 12705K, capacity 12931K, committed 13016K, reserved 1048576K
}
Event: 1394.155 GC heap before
{Heap before GC invocations=63 (full 6):
 PSYoungGen      total 1484800K, used 1484352K [0x000000066ab00000, 0x00000006d8500000, 0x00000007c0000000)
  eden space 1484288K, 100% used [0x000000066ab00000,0x00000006c5480000,0x00000006c5480000)
  from space 512K, 12% used [0x00000006d8480000,0x00000006d8490000,0x00000006d8500000)
  to   space 4096K, 0% used [0x00000006d7d00000,0x00000006d7d00000,0x00000006d8100000)
 ParOldGen       total 286208K, used 128185K [0x00000003c0000000, 0x00000003d1780000, 0x000000066ab00000)
  object space 286208K, 44% used [0x00000003c0000000,0x00000003c7d2e748,0x00000003d1780000)
 Metaspace       used 92574K, capacity 93638K, committed 93912K, reserved 1130496K
  class space    used 12705K, capacity 12931K, committed 13016K, reserved 1048576K
Event: 1394.158 GC heap after
Heap after GC invocations=63 (full 6):
 PSYoungGen      total 1560064K, used 160K [0x000000066ab00000, 0x00000006d8500000, 0x00000007c0000000)
  eden space 1555968K, 0% used [0x000000066ab00000,0x000000066ab00000,0x00000006c9a80000)
  from space 4096K, 3% used [0x00000006d7d00000,0x00000006d7d28000,0x00000006d8100000)
  to   space 4096K, 0% used [0x00000006d8100000,0x00000006d8100000,0x00000006d8500000)
 ParOldGen       total 286208K, used 128185K [0x00000003c0000000, 0x00000003d1780000, 0x000000066ab00000)
  object space 286208K, 44% used [0x00000003c0000000,0x00000003c7d2e748,0x00000003d1780000)
 Metaspace       used 92574K, capacity 93638K, committed 93912K, reserved 1130496K
  class space    used 12705K, capacity 12931K, committed 13016K, reserved 1048576K
}
Event: 1395.468 GC heap before
{Heap before GC invocations=64 (full 6):
 PSYoungGen      total 1560064K, used 1556128K [0x000000066ab00000, 0x00000006d8500000, 0x00000007c0000000)
  eden space 1555968K, 100% used [0x000000066ab00000,0x00000006c9a80000,0x00000006c9a80000)
  from space 4096K, 3% used [0x00000006d7d00000,0x00000006d7d28000,0x00000006d8100000)
  to   space 4096K, 0% used [0x00000006d8100000,0x00000006d8100000,0x00000006d8500000)
 ParOldGen       total 286208K, used 128185K [0x00000003c0000000, 0x00000003d1780000, 0x000000066ab00000)
  object space 286208K, 44% used [0x00000003c0000000,0x00000003c7d2e748,0x00000003d1780000)
 Metaspace       used 92574K, capacity 93638K, committed 93912K, reserved 1130496K
  class space    used 12705K, capacity 12931K, committed 13016K, reserved 1048576K
Event: 1395.471 GC heap after
Heap after GC invocations=64 (full 6):
 PSYoungGen      total 1631232K, used 64K [0x000000066ab00000, 0x00000006d8180000, 0x00000007c0000000)
  eden space 1630720K, 0% used [0x000000066ab00000,0x000000066ab00000,0x00000006ce380000)
  from space 512K, 12% used [0x00000006d8100000,0x00000006d8110000,0x00000006d8180000)
  to   space 3584K, 0% used [0x00000006d7a80000,0x00000006d7a80000,0x00000006d7e00000)
 ParOldGen       total 286208K, used 128185K [0x00000003c0000000, 0x00000003d1780000, 0x000000066ab00000)
  object space 286208K, 44% used [0x00000003c0000000,0x00000003c7d2e748,0x00000003d1780000)
 Metaspace       used 92574K, capacity 93638K, committed 93912K, reserved 1130496K
  class space    used 12705K, capacity 12931K, committed 13016K, reserved 1048576K
}
Event: 1396.856 GC heap before
{Heap before GC invocations=65 (full 6):
 PSYoungGen      total 1631232K, used 1630784K [0x000000066ab00000, 0x00000006d8180000, 0x00000007c0000000)
  eden space 1630720K, 100% used [0x000000066ab00000,0x00000006ce380000,0x00000006ce380000)
  from space 512K, 12% used [0x00000006d8100000,0x00000006d8110000,0x00000006d8180000)
  to   space 3584K, 0% used [0x00000006d7a80000,0x00000006d7a80000,0x00000006d7e00000)
 ParOldGen       total 286208K, used 128185K [0x00000003c0000000, 0x00000003d1780000, 0x000000066ab00000)
  object space 286208K, 44% used [0x00000003c0000000,0x00000003c7d2e748,0x00000003d1780000)
 Metaspace       used 92576K, capacity 93638K, committed 93912K, reserved 1130496K
  class space    used 12705K, capacity 12931K, committed 13016K, reserved 1048576K
Event: 1396.860 GC heap after
Heap after GC invocations=65 (full 6):
 PSYoungGen      total 1714176K, used 1504K [0x000000066ab00000, 0x00000006d8180000, 0x00000007c0000000)
  eden space 1710592K, 0% used [0x000000066ab00000,0x000000066ab00000,0x00000006d3180000)
  from space 3584K, 41% used [0x00000006d7a80000,0x00000006d7bf8000,0x00000006d7e00000)
  to   space 3584K, 0% used [0x00000006d7e00000,0x00000006d7e00000,0x00000006d8180000)
 ParOldGen       total 286208K, used 128185K [0x00000003c0000000, 0x00000003d1780000, 0x000000066ab00000)
  object space 286208K, 44% used [0x00000003c0000000,0x00000003c7d2e748,0x00000003d1780000)
 Metaspace       used 92576K, capacity 93638K, committed 93912K, reserved 1130496K
  class space    used 12705K, capacity 12931K, committed 13016K, reserved 1048576K
}
Event: 1398.296 GC heap before
{Heap before GC invocations=66 (full 6):
 PSYoungGen      total 1714176K, used 1712096K [0x000000066ab00000, 0x00000006d8180000, 0x00000007c0000000)
  eden space 1710592K, 100% used [0x000000066ab00000,0x00000006d3180000,0x00000006d3180000)
  from space 3584K, 41% used [0x00000006d7a80000,0x00000006d7bf8000,0x00000006d7e00000)
  to   space 3584K, 0% used [0x00000006d7e00000,0x00000006d7e00000,0x00000006d8180000)
 ParOldGen       total 286208K, used 128185K [0x00000003c0000000, 0x00000003d1780000, 0x000000066ab00000)
  object space 286208K, 44% used [0x00000003c0000000,0x00000003c7d2e748,0x00000003d1780000)
 Metaspace       used 92576K, capacity 93638K, committed 93912K, reserved 1130496K
  class space    used 12705K, capacity 12931K, committed 13016K, reserved 1048576K
Event: 1398.299 GC heap after
Heap after GC invocations=66 (full 6):
 PSYoungGen      total 1788928K, used 96K [0x000000066ab00000, 0x00000006d8780000, 0x00000007c0000000)
  eden space 1785344K, 0% used [0x000000066ab00000,0x000000066ab00000,0x00000006d7a80000)
  from space 3584K, 2% used [0x00000006d7e00000,0x00000006d7e18000,0x00000006d8180000)
  to   space 3584K, 0% used [0x00000006d7a80000,0x00000006d7a80000,0x00000006d7e00000)
 ParOldGen       total 286208K, used 128185K [0x00000003c0000000, 0x00000003d1780000, 0x000000066ab00000)
  object space 286208K, 44% used [0x00000003c0000000,0x00000003c7d2e748,0x00000003d1780000)
 Metaspace       used 92576K, capacity 93638K, committed 93912K, reserved 1130496K
  class space    used 12705K, capacity 12931K, committed 13016K, reserved 1048576K
}
Event: 1399.799 GC heap before
{Heap before GC invocations=67 (full 6):
 PSYoungGen      total 1788928K, used 1785440K [0x000000066ab00000, 0x00000006d8780000, 0x00000007c0000000)
  eden space 1785344K, 100% used [0x000000066ab00000,0x00000006d7a80000,0x00000006d7a80000)
  from space 3584K, 2% used [0x00000006d7e00000,0x00000006d7e18000,0x00000006d8180000)
  to   space 3584K, 0% used [0x00000006d7a80000,0x00000006d7a80000,0x00000006d7e00000)
 ParOldGen       total 286208K, used 128185K [0x00000003c0000000, 0x00000003d1780000, 0x000000066ab00000)
  object space 286208K, 44% used [0x00000003c0000000,0x00000003c7d2e748,0x00000003d1780000)
 Metaspace       used 92578K, capacity 93638K, committed 93912K, reserved 1130496K
  class space    used 12705K, capacity 12931K, committed 13016K, reserved 1048576K
Event: 1399.802 GC heap after
Heap after GC invocations=67 (full 6):
 PSYoungGen      total 1699840K, used 64K [0x000000066ab00000, 0x00000006d7e80000, 0x00000007c0000000)
  eden space 1699328K, 0% used [0x000000066ab00000,0x000000066ab00000,0x00000006d2680000)
  from space 512K, 12% used [0x00000006d7a80000,0x00000006d7a90000,0x00000006d7b00000)
  to   space 3584K, 0% used [0x00000006d7b00000,0x00000006d7b00000,0x00000006d7e80000)
 ParOldGen       total 286208K, used 128185K [0x00000003c0000000, 0x00000003d1780000, 0x000000066ab00000)
  object space 286208K, 44% used [0x00000003c0000000,0x00000003c7d2e748,0x00000003d1780000)
 Metaspace       used 92578K, capacity 93638K, committed 93912K, reserved 1130496K
  class space    used 12705K, capacity 12931K, committed 13016K, reserved 1048576K
}
Event: 1401.239 GC heap before
{Heap before GC invocations=68 (full 6):
 PSYoungGen      total 1699840K, used 1699392K [0x000000066ab00000, 0x00000006d7e80000, 0x00000007c0000000)
  eden space 1699328K, 100% used [0x000000066ab00000,0x00000006d2680000,0x00000006d2680000)
  from space 512K, 12% used [0x00000006d7a80000,0x00000006d7a90000,0x00000006d7b00000)
  to   space 3584K, 0% used [0x00000006d7b00000,0x00000006d7b00000,0x00000006d7e80000)
 ParOldGen       total 286208K, used 128185K [0x00000003c0000000, 0x00000003d1780000, 0x000000066ab00000)
  object space 286208K, 44% used [0x00000003c0000000,0x00000003c7d2e748,0x00000003d1780000)
 Metaspace       used 92578K, capacity 93638K, committed 93912K, reserved 1130496K
  class space    used 12705K, capacity 12931K, committed 13016K, reserved 1048576K
Event: 1401.242 GC heap after
Heap after GC invocations=68 (full 6):
 PSYoungGen      total 1617920K, used 96K [0x000000066ab00000, 0x00000006d7b80000, 0x00000007c0000000)
  eden space 1617408K, 0% used [0x000000066ab00000,0x000000066ab00000,0x00000006cd680000)
  from space 512K, 18% used [0x00000006d7b00000,0x00000006d7b18000,0x00000006d7b80000)
  to   space 3072K, 0% used [0x00000006d7580000,0x00000006d7580000,0x00000006d7880000)
 ParOldGen       total 286208K, used 128185K [0x00000003c0000000, 0x00000003d1780000, 0x000000066ab00000)
  object space 286208K, 44% used [0x00000003c0000000,0x00000003c7d2e748,0x00000003d1780000)
 Metaspace       used 92578K, capacity 93638K, committed 93912K, reserved 1130496K
  class space    used 12705K, capacity 12931K, committed 13016K, reserved 1048576K
}
Event: 1402.593 GC heap before
{Heap before GC invocations=69 (full 6):
 PSYoungGen      total 1617920K, used 1617504K [0x000000066ab00000, 0x00000006d7b80000, 0x00000007c0000000)
  eden space 1617408K, 100% used [0x000000066ab00000,0x00000006cd680000,0x00000006cd680000)
  from space 512K, 18% used [0x00000006d7b00000,0x00000006d7b18000,0x00000006d7b80000)
  to   space 3072K, 0% used [0x00000006d7580000,0x00000006d7580000,0x00000006d7880000)
 ParOldGen       total 286208K, used 128185K [0x00000003c0000000, 0x00000003d1780000, 0x000000066ab00000)
  object space 286208K, 44% used [0x00000003c0000000,0x00000003c7d2e748,0x00000003d1780000)
 Metaspace       used 92581K, capacity 93638K, committed 93912K, reserved 1130496K
  class space    used 12705K, capacity 12931K, committed 13016K, reserved 1048576K
Event: 1402.596 GC heap after
Heap after GC invocations=69 (full 6):
 PSYoungGen      total 1542656K, used 64K [0x000000066ab00000, 0x00000006d7b80000, 0x00000007c0000000)
  eden space 1539584K, 0% used [0x000000066ab00000,0x000000066ab00000,0x00000006c8a80000)
  from space 3072K, 2% used [0x00000006d7580000,0x00000006d7590000,0x00000006d7880000)
  to   space 3072K, 0% used [0x00000006d7880000,0x00000006d7880000,0x00000006d7b80000)
 ParOldGen       total 286208K, used 128193K [0x00000003c0000000, 0x00000003d1780000, 0x000000066ab00000)
  object space 286208K, 44% used [0x00000003c0000000,0x00000003c7d30748,0x00000003d1780000)
 Metaspace       used 92581K, capacity 93638K, committed 93912K, reserved 1130496K
  class space    used 12705K, capacity 12931K, committed 13016K, reserved 1048576K
}
Event: 1403.891 GC heap before
{Heap before GC invocations=70 (full 6):
 PSYoungGen      total 1542656K, used 1539648K [0x000000066ab00000, 0x00000006d7b80000, 0x00000007c0000000)
  eden space 1539584K, 100% used [0x000000066ab00000,0x00000006c8a80000,0x00000006c8a80000)
  from space 3072K, 2% used [0x00000006d7580000,0x00000006d7590000,0x00000006d7880000)
  to   space 3072K, 0% used [0x00000006d7880000,0x00000006d7880000,0x00000006d7b80000)
 ParOldGen       total 286208K, used 128193K [0x00000003c0000000, 0x00000003d1780000, 0x000000066ab00000)
  object space 286208K, 44% used [0x00000003c0000000,0x00000003c7d30748,0x00000003d1780000)
 Metaspace       used 92581K, capacity 93638K, committed 93912K, reserved 1130496K
  class space    used 12705K, capacity 12931K, committed 13016K, reserved 1048576K
Event: 1403.894 GC heap after
Heap after GC invocations=70 (full 6):
 PSYoungGen      total 1466368K, used 64K [0x000000066ab00000, 0x00000006d7900000, 0x00000007c0000000)
  eden space 1465856K, 0% used [0x000000066ab00000,0x000000066ab00000,0x00000006c4280000)
  from space 512K, 12% used [0x00000006d7880000,0x00000006d7890000,0x00000006d7900000)
  to   space 3072K, 0% used [0x00000006d7300000,0x00000006d7300000,0x00000006d7600000)
 ParOldGen       total 286208K, used 128193K [0x00000003c0000000, 0x00000003d1780000, 0x000000066ab00000)
  object space 286208K, 44% used [0x00000003c0000000,0x00000003c7d30748,0x00000003d1780000)
 Metaspace       used 92581K, capacity 93638K, committed 93912K, reserved 1130496K
  class space    used 12705K, capacity 12931K, committed 13016K, reserved 1048576K
}
Event: 1405.131 GC heap before
{Heap before GC invocations=71 (full 6):
 PSYoungGen      total 1466368K, used 1465920K [0x000000066ab00000, 0x00000006d7900000, 0x00000007c0000000)
  eden space 1465856K, 100% used [0x000000066ab00000,0x00000006c4280000,0x00000006c4280000)
  from space 512K, 12% used [0x00000006d7880000,0x00000006d7890000,0x00000006d7900000)
  to   space 3072K, 0% used [0x00000006d7300000,0x00000006d7300000,0x00000006d7600000)
 ParOldGen       total 286208K, used 128193K [0x00000003c0000000, 0x00000003d1780000, 0x000000066ab00000)
  object space 286208K, 44% used [0x00000003c0000000,0x00000003c7d30748,0x00000003d1780000)
 Metaspace       used 92581K, capacity 93638K, committed 93912K, reserved 1130496K
  class space    used 12705K, capacity 12931K, committed 13016K, reserved 1048576K
Event: 1405.135 GC heap after
Heap after GC invocations=71 (full 6):
 PSYoungGen      total 1542144K, used 2208K [0x000000066ab00000, 0x00000006d7900000, 0x00000007c0000000)
  eden space 1539072K, 0% used [0x000000066ab00000,0x000000066ab00000,0x00000006c8a00000)
  from space 3072K, 71% used [0x00000006d7300000,0x00000006d7528000,0x00000006d7600000)
  to   space 3072K, 0% used [0x00000006d7600000,0x00000006d7600000,0x00000006d7900000)
 ParOldGen       total 286208K, used 128201K [0x00000003c0000000, 0x00000003d1780000, 0x000000066ab00000)
  object space 286208K, 44% used [0x00000003c0000000,0x00000003c7d32748,0x00000003d1780000)
 Metaspace       used 92581K, capacity 93638K, committed 93912K, reserved 1130496K
  class space    used 12705K, capacity 12931K, committed 13016K, reserved 1048576K
}
Event: 1406.420 GC heap before
{Heap before GC invocations=72 (full 6):
 PSYoungGen      total 1542144K, used 1541280K [0x000000066ab00000, 0x00000006d7900000, 0x00000007c0000000)
  eden space 1539072K, 100% used [0x000000066ab00000,0x00000006c8a00000,0x00000006c8a00000)
  from space 3072K, 71% used [0x00000006d7300000,0x00000006d7528000,0x00000006d7600000)
  to   space 3072K, 0% used [0x00000006d7600000,0x00000006d7600000,0x00000006d7900000)
 ParOldGen       total 286208K, used 128201K [0x00000003c0000000, 0x00000003d1780000, 0x000000066ab00000)
  object space 286208K, 44% used [0x00000003c0000000,0x00000003c7d32748,0x00000003d1780000)
 Metaspace       used 92581K, capacity 93638K, committed 93912K, reserved 1130496K
  class space    used 12705K, capacity 12931K, committed 13016K, reserved 1048576K
Event: 1406.423 GC heap after
Heap after GC invocations=72 (full 6):
 PSYoungGen      total 1615360K, used 192K [0x000000066ab00000, 0x00000006d7680000, 0x00000007c0000000)
  eden space 1614848K, 0% used [0x000000066ab00000,0x000000066ab00000,0x00000006cd400000)
  from space 512K, 37% used [0x00000006d7600000,0x00000006d7630000,0x00000006d7680000)
  to   space 3072K, 0% used [0x00000006d7080000,0x00000006d7080000,0x00000006d7380000)
 ParOldGen       total 286208K, used 128209K [0x00000003c0000000, 0x00000003d1780000, 0x000000066ab00000)
  object space 286208K, 44% used [0x00000003c0000000,0x00000003c7d34748,0x00000003d1780000)
 Metaspace       used 92581K, capacity 93638K, committed 93912K, reserved 1130496K
  class space    used 12705K, capacity 12931K, committed 13016K, reserved 1048576K
}
Event: 1407.781 GC heap before
{Heap before GC invocations=73 (full 6):
 PSYoungGen      total 1615360K, used 1615040K [0x000000066ab00000, 0x00000006d7680000, 0x00000007c0000000)
  eden space 1614848K, 100% used [0x000000066ab00000,0x00000006cd400000,0x00000006cd400000)
  from space 512K, 37% used [0x00000006d7600000,0x00000006d7630000,0x00000006d7680000)
  to   space 3072K, 0% used [0x00000006d7080000,0x00000006d7080000,0x00000006d7380000)
 ParOldGen       total 286208K, used 128209K [0x00000003c0000000, 0x00000003d1780000, 0x000000066ab00000)
  object space 286208K, 44% used [0x00000003c0000000,0x00000003c7d34748,0x00000003d1780000)
 Metaspace       used 92581K, capacity 93638K, committed 93912K, reserved 1130496K
  class space    used 12705K, capacity 12931K, committed 13016K, reserved 1048576K
Event: 1407.784 GC heap after
Heap after GC invocations=73 (full 6):
 PSYoungGen      total 1695744K, used 96K [0x000000066ab00000, 0x00000006d7680000, 0x00000007c0000000)
  eden space 1692672K, 0% used [0x000000066ab00000,0x000000066ab00000,0x00000006d2000000)
  from space 3072K, 3% used [0x00000006d7080000,0x00000006d7098000,0x00000006d7380000)
  to   space 3072K, 0% used [0x00000006d7380000,0x00000006d7380000,0x00000006d7680000)
 ParOldGen       total 286208K, used 128217K [0x00000003c0000000, 0x00000003d1780000, 0x000000066ab00000)
  object space 286208K, 44% used [0x00000003c0000000,0x00000003c7d36748,0x00000003d1780000)
 Metaspace       used 92581K, capacity 93638K, committed 93912K, reserved 1130496K
  class space    used 12705K, capacity 12931K, committed 13016K, reserved 1048576K
}
Event: 1409.205 GC heap before
{Heap before GC invocations=74 (full 6):
 PSYoungGen      total 1695744K, used 1692768K [0x000000066ab00000, 0x00000006d7680000, 0x00000007c0000000)
  eden space 1692672K, 100% used [0x000000066ab00000,0x00000006d2000000,0x00000006d2000000)
  from space 3072K, 3% used [0x00000006d7080000,0x00000006d7098000,0x00000006d7380000)
  to   space 3072K, 0% used [0x00000006d7380000,0x00000006d7380000,0x00000006d7680000)
 ParOldGen       total 286208K, used 128217K [0x00000003c0000000, 0x00000003d1780000, 0x000000066ab00000)
  object space 286208K, 44% used [0x00000003c0000000,0x00000003c7d36748,0x00000003d1780000)
 Metaspace       used 92581K, capacity 93638K, committed 93912K, reserved 1130496K
  class space    used 12705K, capacity 12931K, committed 13016K, reserved 1048576K
Event: 1409.208 GC heap after
Heap after GC invocations=74 (full 6):
 PSYoungGen      total 1772544K, used 32K [0x000000066ab00000, 0x00000006d7400000, 0x00000007c0000000)
  eden space 1772032K, 0% used [0x000000066ab00000,0x000000066ab00000,0x00000006d6d80000)
  from space 512K, 6% used [0x00000006d7380000,0x00000006d7388000,0x00000006d7400000)
  to   space 2560K, 0% used [0x00000006d6f00000,0x00000006d6f00000,0x00000006d7180000)
 ParOldGen       total 286208K, used 128217K [0x00000003c0000000, 0x00000003d1780000, 0x000000066ab00000)
  object space 286208K, 44% used [0x00000003c0000000,0x00000003c7d36748,0x00000003d1780000)
 Metaspace       used 92581K, capacity 93638K, committed 93912K, reserved 1130496K
  class space    used 12705K, capacity 12931K, committed 13016K, reserved 1048576K
}
Event: 1410.697 GC heap before
{Heap before GC invocations=75 (full 6):
 PSYoungGen      total 1772544K, used 1772064K [0x000000066ab00000, 0x00000006d7400000, 0x00000007c0000000)
  eden space 1772032K, 100% used [0x000000066ab00000,0x00000006d6d80000,0x00000006d6d80000)
  from space 512K, 6% used [0x00000006d7380000,0x00000006d7388000,0x00000006d7400000)
  to   space 2560K, 0% used [0x00000006d6f00000,0x00000006d6f00000,0x00000006d7180000)
 ParOldGen       total 286208K, used 128217K [0x00000003c0000000, 0x00000003d1780000, 0x000000066ab00000)
  object space 286208K, 44% used [0x00000003c0000000,0x00000003c7d36748,0x00000003d1780000)
 Metaspace       used 92581K, capacity 93638K, committed 93912K, reserved 1130496K
  class space    used 12705K, capacity 12931K, committed 13016K, reserved 1048576K
Event: 1410.700 GC heap after
Heap after GC invocations=75 (full 6):
 PSYoungGen      total 1689088K, used 448K [0x000000066ab00000, 0x00000006d7400000, 0x00000007c0000000)
  eden space 1686528K, 0% used [0x000000066ab00000,0x000000066ab00000,0x00000006d1a00000)
  from space 2560K, 17% used [0x00000006d6f00000,0x00000006d6f70000,0x00000006d7180000)
  to   space 2560K, 0% used [0x00000006d7180000,0x00000006d7180000,0x00000006d7400000)
 ParOldGen       total 286208K, used 128217K [0x00000003c0000000, 0x00000003d1780000, 0x000000066ab00000)
  object space 286208K, 44% used [0x00000003c0000000,0x00000003c7d36748,0x00000003d1780000)
 Metaspace       used 92581K, capacity 93638K, committed 93912K, reserved 1130496K
  class space    used 12705K, capacity 12931K, committed 13016K, reserved 1048576K
}
Event: 1412.117 GC heap before
{Heap before GC invocations=76 (full 6):
 PSYoungGen      total 1689088K, used 1686976K [0x000000066ab00000, 0x00000006d7400000, 0x00000007c0000000)
  eden space 1686528K, 100% used [0x000000066ab00000,0x00000006d1a00000,0x00000006d1a00000)
  from space 2560K, 17% used [0x00000006d6f00000,0x00000006d6f70000,0x00000006d7180000)
  to   space 2560K, 0% used [0x00000006d7180000,0x00000006d7180000,0x00000006d7400000)
 ParOldGen       total 286208K, used 128217K [0x00000003c0000000, 0x00000003d1780000, 0x000000066ab00000)
  object space 286208K, 44% used [0x00000003c0000000,0x00000003c7d36748,0x00000003d1780000)
 Metaspace       used 92581K, capacity 93638K, committed 93912K, reserved 1130496K
  class space    used 12705K, capacity 12931K, committed 13016K, reserved 1048576K
Event: 1412.120 GC heap after
Heap after GC invocations=76 (full 6):
 PSYoungGen      total 1606144K, used 192K [0x000000066ab00000, 0x00000006d7200000, 0x00000007c0000000)
  eden space 1605632K, 0% used [0x000000066ab00000,0x000000066ab00000,0x00000006ccb00000)
  from space 512K, 37% used [0x00000006d7180000,0x00000006d71b0000,0x00000006d7200000)
  to   space 2560K, 0% used [0x00000006d6d00000,0x00000006d6d00000,0x00000006d6f80000)
 ParOldGen       total 286208K, used 128225K [0x00000003c0000000, 0x00000003d1780000, 0x000000066ab00000)
  object space 286208K, 44% used [0x00000003c0000000,0x00000003c7d38748,0x00000003d1780000)
 Metaspace       used 92581K, capacity 93638K, committed 93912K, reserved 1130496K
  class space    used 12705K, capacity 12931K, committed 13016K, reserved 1048576K
}
Event: 1413.471 GC heap before
{Heap before GC invocations=77 (full 6):
 PSYoungGen      total 1606144K, used 1605824K [0x000000066ab00000, 0x00000006d7200000, 0x00000007c0000000)
  eden space 1605632K, 100% used [0x000000066ab00000,0x00000006ccb00000,0x00000006ccb00000)
  from space 512K, 37% used [0x00000006d7180000,0x00000006d71b0000,0x00000006d7200000)
  to   space 2560K, 0% used [0x00000006d6d00000,0x00000006d6d00000,0x00000006d6f80000)
 ParOldGen       total 286208K, used 128225K [0x00000003c0000000, 0x00000003d1780000, 0x000000066ab00000)
  object space 286208K, 44% used [0x00000003c0000000,0x00000003c7d38748,0x00000003d1780000)
 Metaspace       used 92581K, capacity 93638K, committed 93912K, reserved 1130496K
  class space    used 12705K, capacity 12931K, committed 13016K, reserved 1048576K
Event: 1413.474 GC heap after
Heap after GC invocations=77 (full 6):
 PSYoungGen      total 1530880K, used 128K [0x000000066ab00000, 0x00000006d7200000, 0x00000007c0000000)
  eden space 1528320K, 0% used [0x000000066ab00000,0x000000066ab00000,0x00000006c7f80000)
  from space 2560K, 5% used [0x00000006d6d00000,0x00000006d6d20000,0x00000006d6f80000)
  to   space 2560K, 0% used [0x00000006d6f80000,0x00000006d6f80000,0x00000006d7200000)
 ParOldGen       total 286208K, used 128225K [0x00000003c0000000, 0x00000003d1780000, 0x000000066ab00000)
  object space 286208K, 44% used [0x00000003c0000000,0x00000003c7d38748,0x00000003d1780000)
 Metaspace       used 92581K, capacity 93638K, committed 93912K, reserved 1130496K
  class space    used 12705K, capacity 12931K, committed 13016K, reserved 1048576K
}
Event: 1414.739 GC heap before
{Heap before GC invocations=78 (full 6):
 PSYoungGen      total 1530880K, used 1528448K [0x000000066ab00000, 0x00000006d7200000, 0x00000007c0000000)
  eden space 1528320K, 100% used [0x000000066ab00000,0x00000006c7f80000,0x00000006c7f80000)
  from space 2560K, 5% used [0x00000006d6d00000,0x00000006d6d20000,0x00000006d6f80000)
  to   space 2560K, 0% used [0x00000006d6f80000,0x00000006d6f80000,0x00000006d7200000)
 ParOldGen       total 286208K, used 128225K [0x00000003c0000000, 0x00000003d1780000, 0x000000066ab00000)
  object space 286208K, 44% used [0x00000003c0000000,0x00000003c7d38748,0x00000003d1780000)
 Metaspace       used 92581K, capacity 93638K, committed 93912K, reserved 1130496K
  class space    used 12705K, capacity 12931K, committed 13016K, reserved 1048576K
Event: 1414.742 GC heap after
Heap after GC invocations=78 (full 6):
 PSYoungGen      total 1456128K, used 736K [0x000000066ab00000, 0x00000006d7080000, 0x00000007c0000000)
  eden space 1455104K, 0% used [0x000000066ab00000,0x000000066ab00000,0x00000006c3800000)
  from space 1024K, 71% used [0x00000006d6f80000,0x00000006d7038000,0x00000006d7080000)
  to   space 2048K, 0% used [0x00000006d6c80000,0x00000006d6c80000,0x00000006d6e80000)
 ParOldGen       total 286208K, used 128225K [0x00000003c0000000, 0x00000003d1780000, 0x000000066ab00000)
  object space 286208K, 44% used [0x00000003c0000000,0x00000003c7d38748,0x00000003d1780000)
 Metaspace       used 92581K, capacity 93638K, committed 93912K, reserved 1130496K
  class space    used 12705K, capacity 12931K, committed 13016K, reserved 1048576K
}
Event: 1415.954 GC heap before
{Heap before GC invocations=79 (full 6):
 PSYoungGen      total 1456128K, used 1455840K [0x000000066ab00000, 0x00000006d7080000, 0x00000007c0000000)
  eden space 1455104K, 100% used [0x000000066ab00000,0x00000006c3800000,0x00000006c3800000)
  from space 1024K, 71% used [0x00000006d6f80000,0x00000006d7038000,0x00000006d7080000)
  to   space 2048K, 0% used [0x00000006d6c80000,0x00000006d6c80000,0x00000006d6e80000)
 ParOldGen       total 286208K, used 128225K [0x00000003c0000000, 0x00000003d1780000, 0x000000066ab00000)
  object space 286208K, 44% used [0x00000003c0000000,0x00000003c7d38748,0x00000003d1780000)
 Metaspace       used 92581K, capacity 93638K, committed 93912K, reserved 1130496K
  class space    used 12705K, capacity 12931K, committed 13016K, reserved 1048576K
Event: 1415.957 GC heap after
Heap after GC invocations=79 (full 6):
 PSYoungGen      total 1385984K, used 160K [0x000000066ab00000, 0x00000006d7000000, 0x00000007c0000000)
  eden space 1385472K, 0% used [0x000000066ab00000,0x000000066ab00000,0x00000006bf400000)
  from space 512K, 31% used [0x00000006d6c80000,0x00000006d6ca8000,0x00000006d6d00000)
  to   space 2048K, 0% used [0x00000006d6e00000,0x00000006d6e00000,0x00000006d7000000)
 ParOldGen       total 286208K, used 128225K [0x00000003c0000000, 0x00000003d1780000, 0x000000066ab00000)
  object space 286208K, 44% used [0x00000003c0000000,0x00000003c7d38748,0x00000003d1780000)
 Metaspace       used 92581K, capacity 93638K, committed 93912K, reserved 1130496K
  class space    used 12705K, capacity 12931K, committed 13016K, reserved 1048576K
}
Event: 1417.123 GC heap before
{Heap before GC invocations=80 (full 6):
 PSYoungGen      total 1385984K, used 1385632K [0x000000066ab00000, 0x00000006d7000000, 0x00000007c0000000)
  eden space 1385472K, 100% used [0x000000066ab00000,0x00000006bf400000,0x00000006bf400000)
  from space 512K, 31% used [0x00000006d6c80000,0x00000006d6ca8000,0x00000006d6d00000)
  to   space 2048K, 0% used [0x00000006d6e00000,0x00000006d6e00000,0x00000006d7000000)
 ParOldGen       total 286208K, used 128225K [0x00000003c0000000, 0x00000003d1780000, 0x000000066ab00000)
  object space 286208K, 44% used [0x00000003c0000000,0x00000003c7d38748,0x00000003d1780000)
 Metaspace       used 92581K, capacity 93638K, committed 93912K, reserved 1130496K
  class space    used 12705K, capacity 12931K, committed 13016K, reserved 1048576K
Event: 1417.126 GC heap after
Heap after GC invocations=80 (full 6):
 PSYoungGen      total 1452544K, used 64K [0x000000066ab00000, 0x00000006d6e80000, 0x00000007c0000000)
  eden space 1452032K, 0% used [0x000000066ab00000,0x000000066ab00000,0x00000006c3500000)
  from space 512K, 12% used [0x00000006d6e00000,0x00000006d6e10000,0x00000006d6e80000)
  to   space 2048K, 0% used [0x00000006d6a80000,0x00000006d6a80000,0x00000006d6c80000)
 ParOldGen       total 286208K, used 128225K [0x00000003c0000000, 0x00000003d1780000, 0x000000066ab00000)
  object space 286208K, 44% used [0x00000003c0000000,0x00000003c7d38748,0x00000003d1780000)
 Metaspace       used 92581K, capacity 93638K, committed 93912K, reserved 1130496K
  class space    used 12705K, capacity 12931K, committed 13016K, reserved 1048576K
}
Event: 1418.347 GC heap before
{Heap before GC invocations=81 (full 6):
 PSYoungGen      total 1452544K, used 1452096K [0x000000066ab00000, 0x00000006d6e80000, 0x00000007c0000000)
  eden space 1452032K, 100% used [0x000000066ab00000,0x00000006c3500000,0x00000006c3500000)
  from space 512K, 12% used [0x00000006d6e00000,0x00000006d6e10000,0x00000006d6e80000)
  to   space 2048K, 0% used [0x00000006d6a80000,0x00000006d6a80000,0x00000006d6c80000)
 ParOldGen       total 286208K, used 128225K [0x00000003c0000000, 0x00000003d1780000, 0x000000066ab00000)
  object space 286208K, 44% used [0x00000003c0000000,0x00000003c7d38748,0x00000003d1780000)
 Metaspace       used 92581K, capacity 93638K, committed 93912K, reserved 1130496K
  class space    used 12705K, capacity 12931K, committed 13016K, reserved 1048576K
Event: 1418.350 GC heap after
Heap after GC invocations=81 (full 6):
 PSYoungGen      total 1524224K, used 128K [0x000000066ab00000, 0x00000006d6e80000, 0x00000007c0000000)
  eden space 1522176K, 0% used [0x000000066ab00000,0x000000066ab00000,0x00000006c7980000)
  from space 2048K, 6% used [0x00000006d6a80000,0x00000006d6aa0000,0x00000006d6c80000)
  to   space 2048K, 0% used [0x00000006d6c80000,0x00000006d6c80000,0x00000006d6e80000)
 ParOldGen       total 286208K, used 128233K [0x00000003c0000000, 0x00000003d1780000, 0x000000066ab00000)
  object space 286208K, 44% used [0x00000003c0000000,0x00000003c7d3a748,0x00000003d1780000)
 Metaspace       used 92581K, capacity 93638K, committed 93912K, reserved 1130496K
  class space    used 12705K, capacity 12931K, committed 13016K, reserved 1048576K
}
Event: 1419.633 GC heap before
{Heap before GC invocations=82 (full 6):
 PSYoungGen      total 1524224K, used 1522304K [0x000000066ab00000, 0x00000006d6e80000, 0x00000007c0000000)
  eden space 1522176K, 100% used [0x000000066ab00000,0x00000006c7980000,0x00000006c7980000)
  from space 2048K, 6% used [0x00000006d6a80000,0x00000006d6aa0000,0x00000006d6c80000)
  to   space 2048K, 0% used [0x00000006d6c80000,0x00000006d6c80000,0x00000006d6e80000)
 ParOldGen       total 286208K, used 128233K [0x00000003c0000000, 0x00000003d1780000, 0x000000066ab00000)
  object space 286208K, 44% used [0x00000003c0000000,0x00000003c7d3a748,0x00000003d1780000)
 Metaspace       used 92581K, capacity 93638K, committed 93912K, reserved 1130496K
  class space    used 12705K, capacity 12931K, committed 13016K, reserved 1048576K
Event: 1419.636 GC heap after
Heap after GC invocations=82 (full 6):
 PSYoungGen      total 1596416K, used 288K [0x000000066ab00000, 0x00000006d6d00000, 0x00000007c0000000)
  eden space 1595904K, 0% used [0x000000066ab00000,0x000000066ab00000,0x00000006cc180000)
  from space 512K, 56% used [0x00000006d6c80000,0x00000006d6cc8000,0x00000006d6d00000)
  to   space 2048K, 0% used [0x00000006d6900000,0x00000006d6900000,0x00000006d6b00000)
 ParOldGen       total 286208K, used 128233K [0x00000003c0000000, 0x00000003d1780000, 0x000000066ab00000)
  object space 286208K, 44% used [0x00000003c0000000,0x00000003c7d3a748,0x00000003d1780000)
 Metaspace       used 92581K, capacity 93638K, committed 93912K, reserved 1130496K
  class space    used 12705K, capacity 12931K, committed 13016K, reserved 1048576K
}
Event: 1420.975 GC heap before
{Heap before GC invocations=83 (full 6):
 PSYoungGen      total 1596416K, used 1596192K [0x000000066ab00000, 0x00000006d6d00000, 0x00000007c0000000)
  eden space 1595904K, 100% used [0x000000066ab00000,0x00000006cc180000,0x00000006cc180000)
  from space 512K, 56% used [0x00000006d6c80000,0x00000006d6cc8000,0x00000006d6d00000)
  to   space 2048K, 0% used [0x00000006d6900000,0x00000006d6900000,0x00000006d6b00000)
 ParOldGen       total 286208K, used 128233K [0x00000003c0000000, 0x00000003d1780000, 0x000000066ab00000)
  object space 286208K, 44% used [0x00000003c0000000,0x00000003c7d3a748,0x00000003d1780000)
 Metaspace       used 92581K, capacity 93638K, committed 93912K, reserved 1130496K
  class space    used 12705K, capacity 12931K, committed 13016K, reserved 1048576K
Event: 1420.978 GC heap after
Heap after GC invocations=83 (full 6):
 PSYoungGen      total 1674752K, used 160K [0x000000066ab00000, 0x00000006d6d00000, 0x00000007c0000000)
  eden space 1672704K, 0% used [0x000000066ab00000,0x000000066ab00000,0x00000006d0c80000)
  from space 2048K, 7% used [0x00000006d6900000,0x00000006d6928000,0x00000006d6b00000)
  to   space 1536K, 0% used [0x00000006d6b80000,0x00000006d6b80000,0x00000006d6d00000)
 ParOldGen       total 286208K, used 128233K [0x00000003c0000000, 0x00000003d1780000, 0x000000066ab00000)
  object space 286208K, 44% used [0x00000003c0000000,0x00000003c7d3a748,0x00000003d1780000)
 Metaspace       used 92581K, capacity 93638K, committed 93912K, reserved 1130496K
  class space    used 12705K, capacity 12931K, committed 13016K, reserved 1048576K
}
Event: 1422.374 GC heap before
{Heap before GC invocations=84 (full 6):
 PSYoungGen      total 1674752K, used 1672864K [0x000000066ab00000, 0x00000006d6d00000, 0x00000007c0000000)
  eden space 1672704K, 100% used [0x000000066ab00000,0x00000006d0c80000,0x00000006d0c80000)
  from space 2048K, 7% used [0x00000006d6900000,0x00000006d6928000,0x00000006d6b00000)
  to   space 1536K, 0% used [0x00000006d6b80000,0x00000006d6b80000,0x00000006d6d00000)
 ParOldGen       total 286208K, used 128233K [0x00000003c0000000, 0x00000003d1780000, 0x000000066ab00000)
  object space 286208K, 44% used [0x00000003c0000000,0x00000003c7d3a748,0x00000003d1780000)
 Metaspace       used 92583K, capacity 93638K, committed 93912K, reserved 1130496K
  class space    used 12705K, capacity 12931K, committed 13016K, reserved 1048576K
Event: 1422.378 GC heap after
Heap after GC invocations=84 (full 6):
 PSYoungGen      total 1752064K, used 96K [0x000000066ab00000, 0x00000006d6c00000, 0x00000007c0000000)
  eden space 1751552K, 0% used [0x000000066ab00000,0x000000066ab00000,0x00000006d5980000)
  from space 512K, 18% used [0x00000006d6b80000,0x00000006d6b98000,0x00000006d6c00000)
  to   space 1536K, 0% used [0x00000006d6900000,0x00000006d6900000,0x00000006d6a80000)
 ParOldGen       total 286208K, used 128241K [0x00000003c0000000, 0x00000003d1780000, 0x000000066ab00000)
  object space 286208K, 44% used [0x00000003c0000000,0x00000003c7d3c748,0x00000003d1780000)
 Metaspace       used 92583K, capacity 93638K, committed 93912K, reserved 1130496K
  class space    used 12705K, capacity 12931K, committed 13016K, reserved 1048576K
}
Event: 1423.853 GC heap before
{Heap before GC invocations=85 (full 6):
 PSYoungGen      total 1752064K, used 1751648K [0x000000066ab00000, 0x00000006d6c00000, 0x00000007c0000000)
  eden space 1751552K, 100% used [0x000000066ab00000,0x00000006d5980000,0x00000006d5980000)
  from space 512K, 18% used [0x00000006d6b80000,0x00000006d6b98000,0x00000006d6c00000)
  to   space 1536K, 0% used [0x00000006d6900000,0x00000006d6900000,0x00000006d6a80000)
 ParOldGen       total 286208K, used 128241K [0x00000003c0000000, 0x00000003d1780000, 0x000000066ab00000)
  object space 286208K, 44% used [0x00000003c0000000,0x00000003c7d3c748,0x00000003d1780000)
 Metaspace       used 92583K, capacity 93638K, committed 93912K, reserved 1130496K
  class space    used 12705K, capacity 12931K, committed 13016K, reserved 1048576K
Event: 1423.856 GC heap after
Heap after GC invocations=85 (full 6):
 PSYoungGen      total 1668608K, used 352K [0x000000066ab00000, 0x00000006d6c00000, 0x00000007c0000000)
  eden space 1667072K, 0% used [0x000000066ab00000,0x000000066ab00000,0x00000006d0700000)
  from space 1536K, 22% used [0x00000006d6900000,0x00000006d6958000,0x00000006d6a80000)
  to   space 1536K, 0% used [0x00000006d6a80000,0x00000006d6a80000,0x00000006d6c00000)
 ParOldGen       total 286208K, used 128249K [0x00000003c0000000, 0x00000003d1780000, 0x000000066ab00000)
  object space 286208K, 44% used [0x00000003c0000000,0x00000003c7d3e748,0x00000003d1780000)
 Metaspace       used 92583K, capacity 93638K, committed 93912K, reserved 1130496K
  class space    used 12705K, capacity 12931K, committed 13016K, reserved 1048576K
}
Event: 1425.252 GC heap before
{Heap before GC invocations=86 (full 6):
 PSYoungGen      total 1668608K, used 1667424K [0x000000066ab00000, 0x00000006d6c00000, 0x00000007c0000000)
  eden space 1667072K, 100% used [0x000000066ab00000,0x00000006d0700000,0x00000006d0700000)
  from space 1536K, 22% used [0x00000006d6900000,0x00000006d6958000,0x00000006d6a80000)
  to   space 1536K, 0% used [0x00000006d6a80000,0x00000006d6a80000,0x00000006d6c00000)
 ParOldGen       total 286208K, used 128249K [0x00000003c0000000, 0x00000003d1780000, 0x000000066ab00000)
  object space 286208K, 44% used [0x00000003c0000000,0x00000003c7d3e748,0x00000003d1780000)
 Metaspace       used 92585K, capacity 93638K, committed 93912K, reserved 1130496K
  class space    used 12705K, capacity 12931K, committed 13016K, reserved 1048576K
Event: 1425.255 GC heap after
Heap after GC invocations=86 (full 6):
 PSYoungGen      total 1587200K, used 128K [0x000000066ab00000, 0x00000006d6b00000, 0x00000007c0000000)
  eden space 1586688K, 0% used [0x000000066ab00000,0x000000066ab00000,0x00000006cb880000)
  from space 512K, 25% used [0x00000006d6a80000,0x00000006d6aa0000,0x00000006d6b00000)
  to   space 1536K, 0% used [0x00000006d6800000,0x00000006d6800000,0x00000006d6980000)
 ParOldGen       total 286208K, used 128249K [0x00000003c0000000, 0x00000003d1780000, 0x000000066ab00000)
  object space 286208K, 44% used [0x00000003c0000000,0x00000003c7d3e748,0x00000003d1780000)
 Metaspace       used 92585K, capacity 93638K, committed 93912K, reserved 1130496K
  class space    used 12705K, capacity 12931K, committed 13016K, reserved 1048576K
}
Event: 1428.005 GC heap before
{Heap before GC invocations=87 (full 6):
 PSYoungGen      total 1587200K, used 1586816K [0x000000066ab00000, 0x00000006d6b00000, 0x00000007c0000000)
  eden space 1586688K, 100% used [0x000000066ab00000,0x00000006cb880000,0x00000006cb880000)
  from space 512K, 25% used [0x00000006d6a80000,0x00000006d6aa0000,0x00000006d6b00000)
  to   space 1536K, 0% used [0x00000006d6800000,0x00000006d6800000,0x00000006d6980000)
 ParOldGen       total 286208K, used 128249K [0x00000003c0000000, 0x00000003d1780000, 0x000000066ab00000)
  object space 286208K, 44% used [0x00000003c0000000,0x00000003c7d3e748,0x00000003d1780000)
 Metaspace       used 94578K, capacity 95748K, committed 95960K, reserved 1132544K
  class space    used 12959K, capacity 13214K, committed 13272K, reserved 1048576K
Event: 1428.015 GC heap after
Heap after GC invocations=87 (full 6):
 PSYoungGen      total 1668608K, used 1513K [0x000000066ab00000, 0x00000006d6b00000, 0x00000007c0000000)
  eden space 1667072K, 0% used [0x000000066ab00000,0x000000066ab00000,0x00000006d0700000)
  from space 1536K, 98% used [0x00000006d6800000,0x00000006d697a688,0x00000006d6980000)
  to   space 1536K, 0% used [0x00000006d6980000,0x00000006d6980000,0x00000006d6b00000)
 ParOldGen       total 286208K, used 133203K [0x00000003c0000000, 0x00000003d1780000, 0x000000066ab00000)
  object space 286208K, 46% used [0x00000003c0000000,0x00000003c8214eb0,0x00000003d1780000)
 Metaspace       used 94578K, capacity 95748K, committed 95960K, reserved 1132544K
  class space    used 12959K, capacity 13214K, committed 13272K, reserved 1048576K
}
Event: 1429.484 GC heap before
{Heap before GC invocations=88 (full 6):
 PSYoungGen      total 1668608K, used 1668585K [0x000000066ab00000, 0x00000006d6b00000, 0x00000007c0000000)
  eden space 1667072K, 100% used [0x000000066ab00000,0x00000006d0700000,0x00000006d0700000)
  from space 1536K, 98% used [0x00000006d6800000,0x00000006d697a688,0x00000006d6980000)
  to   space 1536K, 0% used [0x00000006d6980000,0x00000006d6980000,0x00000006d6b00000)
 ParOldGen       total 286208K, used 133203K [0x00000003c0000000, 0x00000003d1780000, 0x000000066ab00000)
  object space 286208K, 46% used [0x00000003c0000000,0x00000003c8214eb0,0x00000003d1780000)
 Metaspace       used 94611K, capacity 95880K, committed 95960K, reserved 1132544K
  class space    used 12959K, capacity 13214K, committed 13272K, reserved 1048576K
Event: 1429.493 GC heap after
Heap after GC invocations=88 (full 6):
 PSYoungGen      total 1765376K, used 1518K [0x000000066ab00000, 0x00000006d7380000, 0x00000007c0000000)
  eden space 1763840K, 0% used [0x000000066ab00000,0x000000066ab00000,0x00000006d6580000)
  from space 1536K, 98% used [0x00000006d6980000,0x00000006d6afb8f0,0x00000006d6b00000)
  to   space 4096K, 0% used [0x00000006d6580000,0x00000006d6580000,0x00000006d6980000)
 ParOldGen       total 286208K, used 134364K [0x00000003c0000000, 0x00000003d1780000, 0x000000066ab00000)
  object space 286208K, 46% used [0x00000003c0000000,0x00000003c8337080,0x00000003d1780000)
 Metaspace       used 94611K, capacity 95880K, committed 95960K, reserved 1132544K
  class space    used 12959K, capacity 13214K, committed 13272K, reserved 1048576K
}
Event: 1431.204 GC heap before
{Heap before GC invocations=89 (full 6):
 PSYoungGen      total 1765376K, used 1765358K [0x000000066ab00000, 0x00000006d7380000, 0x00000007c0000000)
  eden space 1763840K, 100% used [0x000000066ab00000,0x00000006d6580000,0x00000006d6580000)
  from space 1536K, 98% used [0x00000006d6980000,0x00000006d6afb8f0,0x00000006d6b00000)
  to   space 4096K, 0% used [0x00000006d6580000,0x00000006d6580000,0x00000006d6980000)
 ParOldGen       total 286208K, used 134364K [0x00000003c0000000, 0x00000003d1780000, 0x000000066ab00000)
  object space 286208K, 46% used [0x00000003c0000000,0x00000003c8337080,0x00000003d1780000)
 Metaspace       used 94617K, capacity 95880K, committed 95960K, reserved 1132544K
  class space    used 12959K, capacity 13214K, committed 13272K, reserved 1048576K
Event: 1431.208 GC heap after
Heap after GC invocations=89 (full 6):
 PSYoungGen      total 1767936K, used 1886K [0x000000066ab00000, 0x00000006dd380000, 0x00000007c0000000)
  eden space 1763840K, 0% used [0x000000066ab00000,0x000000066ab00000,0x00000006d6580000)
  from space 4096K, 46% used [0x00000006d6580000,0x00000006d6757a40,0x00000006d6980000)
  to   space 4096K, 0% used [0x00000006dcf80000,0x00000006dcf80000,0x00000006dd380000)
 ParOldGen       total 286208K, used 134380K [0x00000003c0000000, 0x00000003d1780000, 0x000000066ab00000)
  object space 286208K, 46% used [0x00000003c0000000,0x00000003c833b080,0x00000003d1780000)
 Metaspace       used 94617K, capacity 95880K, committed 95960K, reserved 1132544K
  class space    used 12959K, capacity 13214K, committed 13272K, reserved 1048576K
}
Event: 1432.735 GC heap before
{Heap before GC invocations=90 (full 6):
 PSYoungGen      total 1767936K, used 1765726K [0x000000066ab00000, 0x00000006dd380000, 0x00000007c0000000)
  eden space 1763840K, 100% used [0x000000066ab00000,0x00000006d6580000,0x00000006d6580000)
  from space 4096K, 46% used [0x00000006d6580000,0x00000006d6757a40,0x00000006d6980000)
  to   space 4096K, 0% used [0x00000006dcf80000,0x00000006dcf80000,0x00000006dd380000)
 ParOldGen       total 286208K, used 134380K [0x00000003c0000000, 0x00000003d1780000, 0x000000066ab00000)
  object space 286208K, 46% used [0x00000003c0000000,0x00000003c833b080,0x00000003d1780000)
 Metaspace       used 94619K, capacity 95880K, committed 95960K, reserved 1132544K
  class space    used 12959K, capacity 13214K, committed 13272K, reserved 1048576K
Event: 1432.742 GC heap after
Heap after GC invocations=90 (full 6):
 PSYoungGen      total 1872384K, used 2254K [0x000000066ab00000, 0x00000006dda00000, 0x00000007c0000000)
  eden space 1868288K, 0% used [0x000000066ab00000,0x000000066ab00000,0x00000006dcb80000)
  from space 4096K, 55% used [0x00000006dcf80000,0x00000006dd1b38f0,0x00000006dd380000)
  to   space 4096K, 0% used [0x00000006dcb80000,0x00000006dcb80000,0x00000006dcf80000)
 ParOldGen       total 286208K, used 134380K [0x00000003c0000000, 0x00000003d1780000, 0x000000066ab00000)
  object space 286208K, 46% used [0x00000003c0000000,0x00000003c833b080,0x00000003d1780000)
 Metaspace       used 94619K, capacity 95880K, committed 95960K, reserved 1132544K
  class space    used 12959K, capacity 13214K, committed 13272K, reserved 1048576K
}
Event: 1434.446 GC heap before
{Heap before GC invocations=91 (full 6):
 PSYoungGen      total 1872384K, used 1870542K [0x000000066ab00000, 0x00000006dda00000, 0x00000007c0000000)
  eden space 1868288K, 100% used [0x000000066ab00000,0x00000006dcb80000,0x00000006dcb80000)
  from space 4096K, 55% used [0x00000006dcf80000,0x00000006dd1b38f0,0x00000006dd380000)
  to   space 4096K, 0% used [0x00000006dcb80000,0x00000006dcb80000,0x00000006dcf80000)
 ParOldGen       total 286208K, used 134380K [0x00000003c0000000, 0x00000003d1780000, 0x000000066ab00000)
  object space 286208K, 46% used [0x00000003c0000000,0x00000003c833b080,0x00000003d1780000)
 Metaspace       used 94620K, capacity 95880K, committed 95960K, reserved 1132544K
  class space    used 12959K, capacity 13214K, committed 13272K, reserved 1048576K
Event: 1434.455 GC heap after
Heap after GC invocations=91 (full 6):
 PSYoungGen      total 1872384K, used 2622K [0x000000066ab00000, 0x00000006e5080000, 0x00000007c0000000)
  eden space 1868288K, 0% used [0x000000066ab00000,0x000000066ab00000,0x00000006dcb80000)
  from space 4096K, 64% used [0x00000006dcb80000,0x00000006dce0fa40,0x00000006dcf80000)
  to   space 4608K, 0% used [0x00000006e4c00000,0x00000006e4c00000,0x00000006e5080000)
 ParOldGen       total 286208K, used 134380K [0x00000003c0000000, 0x00000003d1780000, 0x000000066ab00000)
  object space 286208K, 46% used [0x00000003c0000000,0x00000003c833b080,0x00000003d1780000)
 Metaspace       used 94620K, capacity 95880K, committed 95960K, reserved 1132544K
  class space    used 12959K, capacity 13214K, committed 13272K, reserved 1048576K
}
Event: 1436.054 GC heap before
{Heap before GC invocations=92 (full 6):
 PSYoungGen      total 1872384K, used 1870910K [0x000000066ab00000, 0x00000006e5080000, 0x00000007c0000000)
  eden space 1868288K, 100% used [0x000000066ab00000,0x00000006dcb80000,0x00000006dcb80000)
  from space 4096K, 64% used [0x00000006dcb80000,0x00000006dce0fa40,0x00000006dcf80000)
  to   space 4608K, 0% used [0x00000006e4c00000,0x00000006e4c00000,0x00000006e5080000)
 ParOldGen       total 286208K, used 134380K [0x00000003c0000000, 0x00000003d1780000, 0x000000066ab00000)
  object space 286208K, 46% used [0x00000003c0000000,0x00000003c833b080,0x00000003d1780000)
 Metaspace       used 94620K, capacity 95880K, committed 95960K, reserved 1132544K
  class space    used 12959K, capacity 13214K, committed 13272K, reserved 1048576K
Event: 1436.059 GC heap after
Heap after GC invocations=92 (full 6):
 PSYoungGen      total 1995264K, used 3198K [0x000000066ab00000, 0x00000006e4f80000, 0x00000007c0000000)
  eden space 1991680K, 0% used [0x000000066ab00000,0x000000066ab00000,0x00000006e4400000)
  from space 3584K, 89% used [0x00000006e4c00000,0x00000006e4f1fa40,0x00000006e4f80000)
  to   space 4608K, 0% used [0x00000006e4680000,0x00000006e4680000,0x00000006e4b00000)
 ParOldGen       total 286208K, used 134388K [0x00000003c0000000, 0x00000003d1780000, 0x000000066ab00000)
  object space 286208K, 46% used [0x00000003c0000000,0x00000003c833d080,0x00000003d1780000)
 Metaspace       used 94620K, capacity 95880K, committed 95960K, reserved 1132544K
  class space    used 12959K, capacity 13214K, committed 13272K, reserved 1048576K
}
Event: 1437.835 GC heap before
{Heap before GC invocations=93 (full 6):
 PSYoungGen      total 1995264K, used 1994878K [0x000000066ab00000, 0x00000006e4f80000, 0x00000007c0000000)
  eden space 1991680K, 100% used [0x000000066ab00000,0x00000006e4400000,0x00000006e4400000)
  from space 3584K, 89% used [0x00000006e4c00000,0x00000006e4f1fa40,0x00000006e4f80000)
  to   space 4608K, 0% used [0x00000006e4680000,0x00000006e4680000,0x00000006e4b00000)
 ParOldGen       total 286208K, used 134388K [0x00000003c0000000, 0x00000003d1780000, 0x000000066ab00000)
  object space 286208K, 46% used [0x00000003c0000000,0x00000003c833d080,0x00000003d1780000)
 Metaspace       used 94620K, capacity 95880K, committed 95960K, reserved 1132544K
  class space    used 12959K, capacity 13214K, committed 13272K, reserved 1048576K
Event: 1437.840 GC heap after
Heap after GC invocations=93 (full 6):
 PSYoungGen      total 1998848K, used 3502K [0x000000066ab00000, 0x00000006ec900000, 0x00000007c0000000)
  eden space 1994240K, 0% used [0x000000066ab00000,0x000000066ab00000,0x00000006e4680000)
  from space 4608K, 76% used [0x00000006e4680000,0x00000006e49ebb90,0x00000006e4b00000)
  to   space 5120K, 0% used [0x00000006ec400000,0x00000006ec400000,0x00000006ec900000)
 ParOldGen       total 286208K, used 134388K [0x00000003c0000000, 0x00000003d1780000, 0x000000066ab00000)
  object space 286208K, 46% used [0x00000003c0000000,0x00000003c833d080,0x00000003d1780000)
 Metaspace       used 94620K, capacity 95880K, committed 95960K, reserved 1132544K
  class space    used 12959K, capacity 13214K, committed 13272K, reserved 1048576K
}
Event: 1439.562 GC heap before
{Heap before GC invocations=94 (full 6):
 PSYoungGen      total 1998848K, used 1997742K [0x000000066ab00000, 0x00000006ec900000, 0x00000007c0000000)
  eden space 1994240K, 100% used [0x000000066ab00000,0x00000006e4680000,0x00000006e4680000)
  from space 4608K, 76% used [0x00000006e4680000,0x00000006e49ebb90,0x00000006e4b00000)
  to   space 5120K, 0% used [0x00000006ec400000,0x00000006ec400000,0x00000006ec900000)
 ParOldGen       total 286208K, used 134388K [0x00000003c0000000, 0x00000003d1780000, 0x000000066ab00000)
  object space 286208K, 46% used [0x00000003c0000000,0x00000003c833d080,0x00000003d1780000)
 Metaspace       used 94621K, capacity 95880K, committed 95960K, reserved 1132544K
  class space    used 12959K, capacity 13214K, committed 13272K, reserved 1048576K
Event: 1439.567 GC heap after
Heap after GC invocations=94 (full 6):
 PSYoungGen      total 2122240K, used 3854K [0x000000066ab00000, 0x00000006ec980000, 0x00000007c0000000)
  eden space 2117120K, 0% used [0x000000066ab00000,0x000000066ab00000,0x00000006ebe80000)
  from space 5120K, 75% used [0x00000006ec400000,0x00000006ec7c3a50,0x00000006ec900000)
  to   space 5632K, 0% used [0x00000006ebe80000,0x00000006ebe80000,0x00000006ec400000)
 ParOldGen       total 286208K, used 134388K [0x00000003c0000000, 0x00000003d1780000, 0x000000066ab00000)
  object space 286208K, 46% used [0x00000003c0000000,0x00000003c833d080,0x00000003d1780000)
 Metaspace       used 94621K, capacity 95880K, committed 95960K, reserved 1132544K
  class space    used 12959K, capacity 13214K, committed 13272K, reserved 1048576K
}
Event: 1441.448 GC heap before
{Heap before GC invocations=95 (full 6):
 PSYoungGen      total 2122240K, used 2120974K [0x000000066ab00000, 0x00000006ec980000, 0x00000007c0000000)
  eden space 2117120K, 100% used [0x000000066ab00000,0x00000006ebe80000,0x00000006ebe80000)
  from space 5120K, 75% used [0x00000006ec400000,0x00000006ec7c3a50,0x00000006ec900000)
  to   space 5632K, 0% used [0x00000006ebe80000,0x00000006ebe80000,0x00000006ec400000)
 ParOldGen       total 286208K, used 134388K [0x00000003c0000000, 0x00000003d1780000, 0x000000066ab00000)
  object space 286208K, 46% used [0x00000003c0000000,0x00000003c833d080,0x00000003d1780000)
 Metaspace       used 94621K, capacity 95880K, committed 95960K, reserved 1132544K
  class space    used 12959K, capacity 13214K, committed 13272K, reserved 1048576K

