# JRE version: OpenJDK Runtime Environment (8.0_252-b09) (build 1.8.0_252-b09)
# Java VM: OpenJDK 64-Bit Server VM (25.252-b09 mixed mode linux-amd64 compressed oops)
Heap:
 PSYoungGen      total 2641408K, used 6642K [0x000000066ab00000, 0x000000070c500000, 0x00000007c0000000)
  eden space 2634752K, 0% used [0x000000066ab00000,0x000000066ab00000,0x000000070b800000)
  from space 6656K, 99% used [0x000000070b800000,0x000000070be7c920,0x000000070be80000)
  to   space 6144K, 0% used [0x000000070bf00000,0x000000070bf00000,0x000000070c500000)
 ParOldGen       total 268800K, used 231611K [0x00000003c0000000, 0x00000003d0680000, 0x000000066ab00000)
  object space 268800K, 86% used [0x00000003c0000000,0x00000003ce22ed88,0x00000003d0680000)
 Metaspace       used 99589K, capacity 100779K, committed 101080K, reserved 1136640K
  class space    used 13202K, capacity 13450K, committed 13568K, reserved 1048576K
GC Heap History (250 events):
Event: 28.703 GC heap after
Heap after GC invocations=19 (full 3):
 PSYoungGen      total 272384K, used 3904K [0x000000066ab00000, 0x000000067ca80000, 0x00000007c0000000)
  eden space 253952K, 0% used [0x000000066ab00000,0x000000066ab00000,0x000000067a300000)
  from space 18432K, 21% used [0x000000067b500000,0x000000067b8d0080,0x000000067c700000)
  to   space 18432K, 0% used [0x000000067a300000,0x000000067a300000,0x000000067b500000)
 ParOldGen       total 104960K, used 69371K [0x00000003c0000000, 0x00000003c6680000, 0x000000066ab00000)
  object space 104960K, 66% used [0x00000003c0000000,0x00000003c43beea0,0x00000003c6680000)
 Metaspace       used 78894K, capacity 79584K, committed 79832K, reserved 1118208K
  class space    used 11282K, capacity 11480K, committed 11520K, reserved 1048576K
}
Event: 30.711 GC heap before
{Heap before GC invocations=20 (full 3):
 PSYoungGen      total 272384K, used 253223K [0x000000066ab00000, 0x000000067ca80000, 0x00000007c0000000)
  eden space 253952K, 98% used [0x000000066ab00000,0x0000000679e79cc0,0x000000067a300000)
  from space 18432K, 21% used [0x000000067b500000,0x000000067b8d0080,0x000000067c700000)
  to   space 18432K, 0% used [0x000000067a300000,0x000000067a300000,0x000000067b500000)
 ParOldGen       total 104960K, used 69371K [0x00000003c0000000, 0x00000003c6680000, 0x000000066ab00000)
  object space 104960K, 66% used [0x00000003c0000000,0x00000003c43beea0,0x00000003c6680000)
 Metaspace       used 84593K, capacity 85506K, committed 85720K, reserved 1122304K
  class space    used 12048K, capacity 12273K, committed 12288K, reserved 1048576K
Event: 30.756 GC heap after
Heap after GC invocations=20 (full 3):
 PSYoungGen      total 272384K, used 16443K [0x000000066ab00000, 0x0000000680c80000, 0x00000007c0000000)
  eden space 253952K, 0% used [0x000000066ab00000,0x000000066ab00000,0x000000067a300000)
  from space 18432K, 89% used [0x000000067a300000,0x000000067b30ed70,0x000000067b500000)
  to   space 20480K, 0% used [0x000000067f880000,0x000000067f880000,0x0000000680c80000)
 ParOldGen       total 147456K, used 146760K [0x00000003c0000000, 0x00000003c9000000, 0x000000066ab00000)
  object space 147456K, 99% used [0x00000003c0000000,0x00000003c8f52398,0x00000003c9000000)
 Metaspace       used 84593K, capacity 85506K, committed 85720K, reserved 1122304K
  class space    used 12048K, capacity 12273K, committed 12288K, reserved 1048576K
}
Event: 30.756 GC heap before
{Heap before GC invocations=21 (full 4):
 PSYoungGen      total 272384K, used 16443K [0x000000066ab00000, 0x0000000680c80000, 0x00000007c0000000)
  eden space 253952K, 0% used [0x000000066ab00000,0x000000066ab00000,0x000000067a300000)
  from space 18432K, 89% used [0x000000067a300000,0x000000067b30ed70,0x000000067b500000)
  to   space 20480K, 0% used [0x000000067f880000,0x000000067f880000,0x0000000680c80000)
 ParOldGen       total 147456K, used 146760K [0x00000003c0000000, 0x00000003c9000000, 0x000000066ab00000)
  object space 147456K, 99% used [0x00000003c0000000,0x00000003c8f52398,0x00000003c9000000)
 Metaspace       used 84593K, capacity 85506K, committed 85720K, reserved 1122304K
  class space    used 12048K, capacity 12273K, committed 12288K, reserved 1048576K
Event: 30.886 GC heap after
Heap after GC invocations=21 (full 4):
 PSYoungGen      total 272384K, used 0K [0x000000066ab00000, 0x0000000680c80000, 0x00000007c0000000)
  eden space 253952K, 0% used [0x000000066ab00000,0x000000066ab00000,0x000000067a300000)
  from space 18432K, 0% used [0x000000067a300000,0x000000067a300000,0x000000067b500000)
  to   space 20480K, 0% used [0x000000067f880000,0x000000067f880000,0x0000000680c80000)
 ParOldGen       total 198144K, used 110243K [0x00000003c0000000, 0x00000003cc180000, 0x000000066ab00000)
  object space 198144K, 55% used [0x00000003c0000000,0x00000003c6ba8c08,0x00000003cc180000)
 Metaspace       used 84589K, capacity 85500K, committed 85720K, reserved 1122304K
  class space    used 12048K, capacity 12272K, committed 12288K, reserved 1048576K
}
Event: 32.350 GC heap before
{Heap before GC invocations=22 (full 4):
 PSYoungGen      total 272384K, used 253952K [0x000000066ab00000, 0x0000000680c80000, 0x00000007c0000000)
  eden space 253952K, 100% used [0x000000066ab00000,0x000000067a300000,0x000000067a300000)
  from space 18432K, 0% used [0x000000067a300000,0x000000067a300000,0x000000067b500000)
  to   space 20480K, 0% used [0x000000067f880000,0x000000067f880000,0x0000000680c80000)
 ParOldGen       total 198144K, used 110243K [0x00000003c0000000, 0x00000003cc180000, 0x000000066ab00000)
  object space 198144K, 55% used [0x00000003c0000000,0x00000003c6ba8c08,0x00000003cc180000)
 Metaspace       used 91375K, capacity 92288K, committed 92504K, reserved 1128448K
  class space    used 12626K, capacity 12848K, committed 12928K, reserved 1048576K
Event: 32.403 GC heap after
Heap after GC invocations=22 (full 4):
 PSYoungGen      total 332288K, used 7886K [0x000000066ab00000, 0x0000000680700000, 0x00000007c0000000)
  eden space 317440K, 0% used [0x000000066ab00000,0x000000066ab00000,0x000000067e100000)
  from space 14848K, 53% used [0x000000067f880000,0x0000000680033bc8,0x0000000680700000)
  to   space 19456K, 0% used [0x000000067e100000,0x000000067e100000,0x000000067f400000)
 ParOldGen       total 264192K, used 241323K [0x00000003c0000000, 0x00000003d0200000, 0x000000066ab00000)
  object space 264192K, 91% used [0x00000003c0000000,0x00000003cebaac28,0x00000003d0200000)
 Metaspace       used 91375K, capacity 92288K, committed 92504K, reserved 1128448K
  class space    used 12626K, capacity 12848K, committed 12928K, reserved 1048576K
}
Event: 32.403 GC heap before
{Heap before GC invocations=23 (full 5):
 PSYoungGen      total 332288K, used 7886K [0x000000066ab00000, 0x0000000680700000, 0x00000007c0000000)
  eden space 317440K, 0% used [0x000000066ab00000,0x000000066ab00000,0x000000067e100000)
  from space 14848K, 53% used [0x000000067f880000,0x0000000680033bc8,0x0000000680700000)
  to   space 19456K, 0% used [0x000000067e100000,0x000000067e100000,0x000000067f400000)
 ParOldGen       total 264192K, used 241323K [0x00000003c0000000, 0x00000003d0200000, 0x000000066ab00000)
  object space 264192K, 91% used [0x00000003c0000000,0x00000003cebaac28,0x00000003d0200000)
 Metaspace       used 91375K, capacity 92288K, committed 92504K, reserved 1128448K
  class space    used 12626K, capacity 12848K, committed 12928K, reserved 1048576K
Event: 32.497 GC heap after
Heap after GC invocations=23 (full 5):
 PSYoungGen      total 332288K, used 0K [0x000000066ab00000, 0x0000000680700000, 0x00000007c0000000)
  eden space 317440K, 0% used [0x000000066ab00000,0x000000066ab00000,0x000000067e100000)
  from space 14848K, 0% used [0x000000067f880000,0x000000067f880000,0x0000000680700000)
  to   space 19456K, 0% used [0x000000067e100000,0x000000067e100000,0x000000067f400000)
 ParOldGen       total 268800K, used 130552K [0x00000003c0000000, 0x00000003d0680000, 0x000000066ab00000)
  object space 268800K, 48% used [0x00000003c0000000,0x00000003c7f7e028,0x00000003d0680000)
 Metaspace       used 91375K, capacity 92288K, committed 92504K, reserved 1128448K
  class space    used 12626K, capacity 12848K, committed 12928K, reserved 1048576K
}
Event: 33.078 GC heap before
{Heap before GC invocations=24 (full 5):
 PSYoungGen      total 332288K, used 317440K [0x000000066ab00000, 0x0000000680700000, 0x00000007c0000000)
  eden space 317440K, 100% used [0x000000066ab00000,0x000000067e100000,0x000000067e100000)
  from space 14848K, 0% used [0x000000067f880000,0x000000067f880000,0x0000000680700000)
  to   space 19456K, 0% used [0x000000067e100000,0x000000067e100000,0x000000067f400000)
 ParOldGen       total 268800K, used 130552K [0x00000003c0000000, 0x00000003d0680000, 0x000000066ab00000)
  object space 268800K, 48% used [0x00000003c0000000,0x00000003c7f7e028,0x00000003d0680000)
 Metaspace       used 91399K, capacity 92288K, committed 92504K, reserved 1128448K
  class space    used 12626K, capacity 12848K, committed 12928K, reserved 1048576K
Event: 33.083 GC heap after
Heap after GC invocations=24 (full 5):
 PSYoungGen      total 336896K, used 1216K [0x000000066ab00000, 0x0000000683900000, 0x00000007c0000000)
  eden space 317440K, 0% used [0x000000066ab00000,0x000000066ab00000,0x000000067e100000)
  from space 19456K, 6% used [0x000000067e100000,0x000000067e230000,0x000000067f400000)
  to   space 19456K, 0% used [0x0000000682600000,0x0000000682600000,0x0000000683900000)
 ParOldGen       total 268800K, used 130552K [0x00000003c0000000, 0x00000003d0680000, 0x000000066ab00000)
  object space 268800K, 48% used [0x00000003c0000000,0x00000003c7f7e028,0x00000003d0680000)
 Metaspace       used 91399K, capacity 92288K, committed 92504K, reserved 1128448K
  class space    used 12626K, capacity 12848K, committed 12928K, reserved 1048576K
}
Event: 33.495 GC heap before
{Heap before GC invocations=25 (full 5):
 PSYoungGen      total 336896K, used 318656K [0x000000066ab00000, 0x0000000683900000, 0x00000007c0000000)
  eden space 317440K, 100% used [0x000000066ab00000,0x000000067e100000,0x000000067e100000)
  from space 19456K, 6% used [0x000000067e100000,0x000000067e230000,0x000000067f400000)
  to   space 19456K, 0% used [0x0000000682600000,0x0000000682600000,0x0000000683900000)
 ParOldGen       total 268800K, used 130552K [0x00000003c0000000, 0x00000003d0680000, 0x000000066ab00000)
  object space 268800K, 48% used [0x00000003c0000000,0x00000003c7f7e028,0x00000003d0680000)
 Metaspace       used 91421K, capacity 92352K, committed 92504K, reserved 1128448K
  class space    used 12626K, capacity 12848K, committed 12928K, reserved 1048576K
Event: 33.499 GC heap after
Heap after GC invocations=25 (full 5):
 PSYoungGen      total 381952K, used 1632K [0x000000066ab00000, 0x0000000683600000, 0x00000007c0000000)
  eden space 365568K, 0% used [0x000000066ab00000,0x000000066ab00000,0x0000000681000000)
  from space 16384K, 9% used [0x0000000682600000,0x0000000682798000,0x0000000683600000)
  to   space 19456K, 0% used [0x0000000681000000,0x0000000681000000,0x0000000682300000)
 ParOldGen       total 268800K, used 130560K [0x00000003c0000000, 0x00000003d0680000, 0x000000066ab00000)
  object space 268800K, 48% used [0x00000003c0000000,0x00000003c7f80028,0x00000003d0680000)
 Metaspace       used 91421K, capacity 92352K, committed 92504K, reserved 1128448K
  class space    used 12626K, capacity 12848K, committed 12928K, reserved 1048576K
}
Event: 33.928 GC heap before
{Heap before GC invocations=26 (full 5):
 PSYoungGen      total 381952K, used 367200K [0x000000066ab00000, 0x0000000683600000, 0x00000007c0000000)
  eden space 365568K, 100% used [0x000000066ab00000,0x0000000681000000,0x0000000681000000)
  from space 16384K, 9% used [0x0000000682600000,0x0000000682798000,0x0000000683600000)
  to   space 19456K, 0% used [0x0000000681000000,0x0000000681000000,0x0000000682300000)
 ParOldGen       total 268800K, used 130560K [0x00000003c0000000, 0x00000003d0680000, 0x000000066ab00000)
  object space 268800K, 48% used [0x00000003c0000000,0x00000003c7f80028,0x00000003d0680000)
 Metaspace       used 91432K, capacity 92352K, committed 92504K, reserved 1128448K
  class space    used 12626K, capacity 12848K, committed 12928K, reserved 1048576K
Event: 33.959 GC heap after
Heap after GC invocations=26 (full 5):
 PSYoungGen      total 385024K, used 18941K [0x000000066ab00000, 0x0000000688980000, 0x00000007c0000000)
  eden space 365568K, 0% used [0x000000066ab00000,0x000000066ab00000,0x0000000681000000)
  from space 19456K, 97% used [0x0000000681000000,0x000000068227f638,0x0000000682300000)
  to   space 22528K, 0% used [0x0000000687380000,0x0000000687380000,0x0000000688980000)
 ParOldGen       total 268800K, used 130560K [0x00000003c0000000, 0x00000003d0680000, 0x000000066ab00000)
  object space 268800K, 48% used [0x00000003c0000000,0x00000003c7f80028,0x00000003d0680000)
 Metaspace       used 91432K, capacity 92352K, committed 92504K, reserved 1128448K
  class space    used 12626K, capacity 12848K, committed 12928K, reserved 1048576K
}
Event: 34.328 GC heap before
{Heap before GC invocations=27 (full 5):
 PSYoungGen      total 385024K, used 384509K [0x000000066ab00000, 0x0000000688980000, 0x00000007c0000000)
  eden space 365568K, 100% used [0x000000066ab00000,0x0000000681000000,0x0000000681000000)
  from space 19456K, 97% used [0x0000000681000000,0x000000068227f638,0x0000000682300000)
  to   space 22528K, 0% used [0x0000000687380000,0x0000000687380000,0x0000000688980000)
 ParOldGen       total 268800K, used 130560K [0x00000003c0000000, 0x00000003d0680000, 0x000000066ab00000)
  object space 268800K, 48% used [0x00000003c0000000,0x00000003c7f80028,0x00000003d0680000)
 Metaspace       used 91438K, capacity 92352K, committed 92504K, reserved 1128448K
  class space    used 12626K, capacity 12848K, committed 12928K, reserved 1048576K
Event: 34.332 GC heap after
Heap after GC invocations=27 (full 5):
 PSYoungGen      total 456192K, used 384K [0x000000066ab00000, 0x0000000688400000, 0x00000007c0000000)
  eden space 439296K, 0% used [0x000000066ab00000,0x000000066ab00000,0x0000000685800000)
  from space 16896K, 2% used [0x0000000687380000,0x00000006873e0000,0x0000000688400000)
  to   space 22528K, 0% used [0x0000000685800000,0x0000000685800000,0x0000000686e00000)
 ParOldGen       total 268800K, used 130568K [0x00000003c0000000, 0x00000003d0680000, 0x000000066ab00000)
  object space 268800K, 48% used [0x00000003c0000000,0x00000003c7f82028,0x00000003d0680000)
 Metaspace       used 91438K, capacity 92352K, committed 92504K, reserved 1128448K
  class space    used 12626K, capacity 12848K, committed 12928K, reserved 1048576K
}
Event: 34.805 GC heap before
{Heap before GC invocations=28 (full 5):
 PSYoungGen      total 456192K, used 439680K [0x000000066ab00000, 0x0000000688400000, 0x00000007c0000000)
  eden space 439296K, 100% used [0x000000066ab00000,0x0000000685800000,0x0000000685800000)
  from space 16896K, 2% used [0x0000000687380000,0x00000006873e0000,0x0000000688400000)
  to   space 22528K, 0% used [0x0000000685800000,0x0000000685800000,0x0000000686e00000)
 ParOldGen       total 268800K, used 130568K [0x00000003c0000000, 0x00000003d0680000, 0x000000066ab00000)
  object space 268800K, 48% used [0x00000003c0000000,0x00000003c7f82028,0x00000003d0680000)
 Metaspace       used 91481K, capacity 92420K, committed 92504K, reserved 1128448K
  class space    used 12626K, capacity 12848K, committed 12928K, reserved 1048576K
Event: 34.813 GC heap after
Heap after GC invocations=28 (full 5):
 PSYoungGen      total 461824K, used 1952K [0x000000066ab00000, 0x000000068d680000, 0x00000007c0000000)
  eden space 439296K, 0% used [0x000000066ab00000,0x000000066ab00000,0x0000000685800000)
  from space 22528K, 8% used [0x0000000685800000,0x00000006859e8020,0x0000000686e00000)
  to   space 22016K, 0% used [0x000000068c100000,0x000000068c100000,0x000000068d680000)
 ParOldGen       total 268800K, used 130576K [0x00000003c0000000, 0x00000003d0680000, 0x000000066ab00000)
  object space 268800K, 48% used [0x00000003c0000000,0x00000003c7f84028,0x00000003d0680000)
 Metaspace       used 91481K, capacity 92420K, committed 92504K, reserved 1128448K
  class space    used 12626K, capacity 12848K, committed 12928K, reserved 1048576K
}
Event: 35.245 GC heap before
{Heap before GC invocations=29 (full 5):
 PSYoungGen      total 461824K, used 441248K [0x000000066ab00000, 0x000000068d680000, 0x00000007c0000000)
  eden space 439296K, 100% used [0x000000066ab00000,0x0000000685800000,0x0000000685800000)
  from space 22528K, 8% used [0x0000000685800000,0x00000006859e8020,0x0000000686e00000)
  to   space 22016K, 0% used [0x000000068c100000,0x000000068c100000,0x000000068d680000)
 ParOldGen       total 268800K, used 130576K [0x00000003c0000000, 0x00000003d0680000, 0x000000066ab00000)
  object space 268800K, 48% used [0x00000003c0000000,0x00000003c7f84028,0x00000003d0680000)
 Metaspace       used 91482K, capacity 92420K, committed 92504K, reserved 1128448K
  class space    used 12626K, capacity 12848K, committed 12928K, reserved 1048576K
Event: 35.253 GC heap after
Heap after GC invocations=29 (full 5):
 PSYoungGen      total 542720K, used 1280K [0x000000066ab00000, 0x000000068d400000, 0x00000007c0000000)
  eden space 523264K, 0% used [0x000000066ab00000,0x000000066ab00000,0x000000068aa00000)
  from space 19456K, 6% used [0x000000068c100000,0x000000068c240000,0x000000068d400000)
  to   space 21504K, 0% used [0x000000068aa00000,0x000000068aa00000,0x000000068bf00000)
 ParOldGen       total 268800K, used 130584K [0x00000003c0000000, 0x00000003d0680000, 0x000000066ab00000)
  object space 268800K, 48% used [0x00000003c0000000,0x00000003c7f86028,0x00000003d0680000)
 Metaspace       used 91482K, capacity 92420K, committed 92504K, reserved 1128448K
  class space    used 12626K, capacity 12848K, committed 12928K, reserved 1048576K
}
Event: 35.760 GC heap before
{Heap before GC invocations=30 (full 5):
 PSYoungGen      total 542720K, used 524544K [0x000000066ab00000, 0x000000068d400000, 0x00000007c0000000)
  eden space 523264K, 100% used [0x000000066ab00000,0x000000068aa00000,0x000000068aa00000)
  from space 19456K, 6% used [0x000000068c100000,0x000000068c240000,0x000000068d400000)
  to   space 21504K, 0% used [0x000000068aa00000,0x000000068aa00000,0x000000068bf00000)
 ParOldGen       total 268800K, used 130584K [0x00000003c0000000, 0x00000003d0680000, 0x000000066ab00000)
  object space 268800K, 48% used [0x00000003c0000000,0x00000003c7f86028,0x00000003d0680000)
 Metaspace       used 91482K, capacity 92420K, committed 92504K, reserved 1128448K
  class space    used 12626K, capacity 12848K, committed 12928K, reserved 1048576K
Event: 35.764 GC heap after
Heap after GC invocations=30 (full 5):
 PSYoungGen      total 544768K, used 1952K [0x000000066ab00000, 0x0000000691500000, 0x00000007c0000000)
  eden space 523264K, 0% used [0x000000066ab00000,0x000000066ab00000,0x000000068aa00000)
  from space 21504K, 9% used [0x000000068aa00000,0x000000068abe8000,0x000000068bf00000)
  to   space 20480K, 0% used [0x0000000690100000,0x0000000690100000,0x0000000691500000)
 ParOldGen       total 268800K, used 130584K [0x00000003c0000000, 0x00000003d0680000, 0x000000066ab00000)
  object space 268800K, 48% used [0x00000003c0000000,0x00000003c7f86028,0x00000003d0680000)
 Metaspace       used 91482K, capacity 92420K, committed 92504K, reserved 1128448K
  class space    used 12626K, capacity 12848K, committed 12928K, reserved 1048576K
}
Event: 36.205 GC heap before
{Heap before GC invocations=31 (full 5):
 PSYoungGen      total 544768K, used 525216K [0x000000066ab00000, 0x0000000691500000, 0x00000007c0000000)
  eden space 523264K, 100% used [0x000000066ab00000,0x000000068aa00000,0x000000068aa00000)
  from space 21504K, 9% used [0x000000068aa00000,0x000000068abe8000,0x000000068bf00000)
  to   space 20480K, 0% used [0x0000000690100000,0x0000000690100000,0x0000000691500000)
 ParOldGen       total 268800K, used 130584K [0x00000003c0000000, 0x00000003d0680000, 0x000000066ab00000)
  object space 268800K, 48% used [0x00000003c0000000,0x00000003c7f86028,0x00000003d0680000)
 Metaspace       used 91494K, capacity 92420K, committed 92504K, reserved 1128448K
  class space    used 12626K, capacity 12848K, committed 12928K, reserved 1048576K
Event: 36.208 GC heap after
Heap after GC invocations=31 (full 5):
 PSYoungGen      total 598016K, used 96K [0x000000066ab00000, 0x0000000690d80000, 0x00000007c0000000)
  eden space 585216K, 0% used [0x000000066ab00000,0x000000066ab00000,0x000000068e680000)
  from space 12800K, 0% used [0x0000000690100000,0x0000000690118000,0x0000000690d80000)
  to   space 19968K, 0% used [0x000000068e680000,0x000000068e680000,0x000000068fa00000)
 ParOldGen       total 268800K, used 130592K [0x00000003c0000000, 0x00000003d0680000, 0x000000066ab00000)
  object space 268800K, 48% used [0x00000003c0000000,0x00000003c7f88028,0x00000003d0680000)
 Metaspace       used 91494K, capacity 92420K, committed 92504K, reserved 1128448K
  class space    used 12626K, capacity 12848K, committed 12928K, reserved 1048576K
}
Event: 36.746 GC heap before
{Heap before GC invocations=32 (full 5):
 PSYoungGen      total 598016K, used 585312K [0x000000066ab00000, 0x0000000690d80000, 0x00000007c0000000)
  eden space 585216K, 100% used [0x000000066ab00000,0x000000068e680000,0x000000068e680000)
  from space 12800K, 0% used [0x0000000690100000,0x0000000690118000,0x0000000690d80000)
  to   space 19968K, 0% used [0x000000068e680000,0x000000068e680000,0x000000068fa00000)
 ParOldGen       total 268800K, used 130592K [0x00000003c0000000, 0x00000003d0680000, 0x000000066ab00000)
  object space 268800K, 48% used [0x00000003c0000000,0x00000003c7f88028,0x00000003d0680000)
 Metaspace       used 91559K, capacity 92548K, committed 92760K, reserved 1128448K
  class space    used 12633K, capacity 12848K, committed 12928K, reserved 1048576K
Event: 36.749 GC heap after
Heap after GC invocations=32 (full 5):
 PSYoungGen      total 605184K, used 768K [0x000000066ab00000, 0x0000000694980000, 0x00000007c0000000)
  eden space 585216K, 0% used [0x000000066ab00000,0x000000066ab00000,0x000000068e680000)
  from space 19968K, 3% used [0x000000068e680000,0x000000068e740000,0x000000068fa00000)
  to   space 19456K, 0% used [0x0000000693680000,0x0000000693680000,0x0000000694980000)
 ParOldGen       total 268800K, used 130592K [0x00000003c0000000, 0x00000003d0680000, 0x000000066ab00000)
  object space 268800K, 48% used [0x00000003c0000000,0x00000003c7f88028,0x00000003d0680000)
 Metaspace       used 91559K, capacity 92548K, committed 92760K, reserved 1128448K
  class space    used 12633K, capacity 12848K, committed 12928K, reserved 1048576K
}
Event: 37.259 GC heap before
{Heap before GC invocations=33 (full 5):
 PSYoungGen      total 605184K, used 585984K [0x000000066ab00000, 0x0000000694980000, 0x00000007c0000000)
  eden space 585216K, 100% used [0x000000066ab00000,0x000000068e680000,0x000000068e680000)
  from space 19968K, 3% used [0x000000068e680000,0x000000068e740000,0x000000068fa00000)
  to   space 19456K, 0% used [0x0000000693680000,0x0000000693680000,0x0000000694980000)
 ParOldGen       total 268800K, used 130592K [0x00000003c0000000, 0x00000003d0680000, 0x000000066ab00000)
  object space 268800K, 48% used [0x00000003c0000000,0x00000003c7f88028,0x00000003d0680000)
 Metaspace       used 91559K, capacity 92548K, committed 92760K, reserved 1128448K
  class space    used 12633K, capacity 12848K, committed 12928K, reserved 1048576K
Event: 37.262 GC heap after
Heap after GC invocations=33 (full 5):
 PSYoungGen      total 652800K, used 480K [0x000000066ab00000, 0x0000000694180000, 0x00000007c0000000)
  eden space 641536K, 0% used [0x000000066ab00000,0x000000066ab00000,0x0000000691d80000)
  from space 11264K, 4% used [0x0000000693680000,0x00000006936f8000,0x0000000694180000)
  to   space 18432K, 0% used [0x0000000691d80000,0x0000000691d80000,0x0000000692f80000)
 ParOldGen       total 268800K, used 130592K [0x00000003c0000000, 0x00000003d0680000, 0x000000066ab00000)
  object space 268800K, 48% used [0x00000003c0000000,0x00000003c7f88028,0x00000003d0680000)
 Metaspace       used 91559K, capacity 92548K, committed 92760K, reserved 1128448K
  class space    used 12633K, capacity 12848K, committed 12928K, reserved 1048576K
}
Event: 37.836 GC heap before
{Heap before GC invocations=34 (full 5):
 PSYoungGen      total 652800K, used 642016K [0x000000066ab00000, 0x0000000694180000, 0x00000007c0000000)
  eden space 641536K, 100% used [0x000000066ab00000,0x0000000691d80000,0x0000000691d80000)
  from space 11264K, 4% used [0x0000000693680000,0x00000006936f8000,0x0000000694180000)
  to   space 18432K, 0% used [0x0000000691d80000,0x0000000691d80000,0x0000000692f80000)
 ParOldGen       total 268800K, used 130592K [0x00000003c0000000, 0x00000003d0680000, 0x000000066ab00000)
  object space 268800K, 48% used [0x00000003c0000000,0x00000003c7f88028,0x00000003d0680000)
 Metaspace       used 91559K, capacity 92548K, committed 92760K, reserved 1128448K
  class space    used 12633K, capacity 12848K, committed 12928K, reserved 1048576K
Event: 37.839 GC heap after
Heap after GC invocations=34 (full 5):
 PSYoungGen      total 659968K, used 64K [0x000000066ab00000, 0x0000000697700000, 0x00000007c0000000)
  eden space 641536K, 0% used [0x000000066ab00000,0x000000066ab00000,0x0000000691d80000)
  from space 18432K, 0% used [0x0000000691d80000,0x0000000691d90000,0x0000000692f80000)
  to   space 17920K, 0% used [0x0000000696580000,0x0000000696580000,0x0000000697700000)
 ParOldGen       total 268800K, used 130600K [0x00000003c0000000, 0x00000003d0680000, 0x000000066ab00000)
  object space 268800K, 48% used [0x00000003c0000000,0x00000003c7f8a028,0x00000003d0680000)
 Metaspace       used 91559K, capacity 92548K, committed 92760K, reserved 1128448K
  class space    used 12633K, capacity 12848K, committed 12928K, reserved 1048576K
}
Event: 38.380 GC heap before
{Heap before GC invocations=35 (full 5):
 PSYoungGen      total 659968K, used 641600K [0x000000066ab00000, 0x0000000697700000, 0x00000007c0000000)
  eden space 641536K, 100% used [0x000000066ab00000,0x0000000691d80000,0x0000000691d80000)
  from space 18432K, 0% used [0x0000000691d80000,0x0000000691d90000,0x0000000692f80000)
  to   space 17920K, 0% used [0x0000000696580000,0x0000000696580000,0x0000000697700000)
 ParOldGen       total 268800K, used 130600K [0x00000003c0000000, 0x00000003d0680000, 0x000000066ab00000)
  object space 268800K, 48% used [0x00000003c0000000,0x00000003c7f8a028,0x00000003d0680000)
 Metaspace       used 91560K, capacity 92548K, committed 92760K, reserved 1128448K
  class space    used 12633K, capacity 12848K, committed 12928K, reserved 1048576K
Event: 38.383 GC heap after
Heap after GC invocations=35 (full 5):
 PSYoungGen      total 706048K, used 144K [0x000000066ab00000, 0x0000000697200000, 0x00000007c0000000)
  eden space 693248K, 0% used [0x000000066ab00000,0x000000066ab00000,0x0000000695000000)
  from space 12800K, 1% used [0x0000000696580000,0x00000006965a4130,0x0000000697200000)
  to   space 17408K, 0% used [0x0000000695000000,0x0000000695000000,0x0000000696100000)
 ParOldGen       total 268800K, used 130600K [0x00000003c0000000, 0x00000003d0680000, 0x000000066ab00000)
  object space 268800K, 48% used [0x00000003c0000000,0x00000003c7f8a028,0x00000003d0680000)
 Metaspace       used 91560K, capacity 92548K, committed 92760K, reserved 1128448K
  class space    used 12633K, capacity 12848K, committed 12928K, reserved 1048576K
}
Event: 38.999 GC heap before
{Heap before GC invocations=36 (full 5):
 PSYoungGen      total 706048K, used 693392K [0x000000066ab00000, 0x0000000697200000, 0x00000007c0000000)
  eden space 693248K, 100% used [0x000000066ab00000,0x0000000695000000,0x0000000695000000)
  from space 12800K, 1% used [0x0000000696580000,0x00000006965a4130,0x0000000697200000)
  to   space 17408K, 0% used [0x0000000695000000,0x0000000695000000,0x0000000696100000)
 ParOldGen       total 268800K, used 130600K [0x00000003c0000000, 0x00000003d0680000, 0x000000066ab00000)
  object space 268800K, 48% used [0x00000003c0000000,0x00000003c7f8a028,0x00000003d0680000)
 Metaspace       used 91560K, capacity 92548K, committed 92760K, reserved 1128448K
  class space    used 12633K, capacity 12848K, committed 12928K, reserved 1048576K
Event: 39.002 GC heap after
Heap after GC invocations=36 (full 5):
 PSYoungGen      total 710656K, used 128K [0x000000066ab00000, 0x000000069a200000, 0x00000007c0000000)
  eden space 693248K, 0% used [0x000000066ab00000,0x000000066ab00000,0x0000000695000000)
  from space 17408K, 0% used [0x0000000695000000,0x0000000695020000,0x0000000696100000)
  to   space 16384K, 0% used [0x0000000699200000,0x0000000699200000,0x000000069a200000)
 ParOldGen       total 268800K, used 130600K [0x00000003c0000000, 0x00000003d0680000, 0x000000066ab00000)
  object space 268800K, 48% used [0x00000003c0000000,0x00000003c7f8a028,0x00000003d0680000)
 Metaspace       used 91560K, capacity 92548K, committed 92760K, reserved 1128448K
  class space    used 12633K, capacity 12848K, committed 12928K, reserved 1048576K
}
Event: 39.586 GC heap before
{Heap before GC invocations=37 (full 5):
 PSYoungGen      total 710656K, used 693376K [0x000000066ab00000, 0x000000069a200000, 0x00000007c0000000)
  eden space 693248K, 100% used [0x000000066ab00000,0x0000000695000000,0x0000000695000000)
  from space 17408K, 0% used [0x0000000695000000,0x0000000695020000,0x0000000696100000)
  to   space 16384K, 0% used [0x0000000699200000,0x0000000699200000,0x000000069a200000)
 ParOldGen       total 268800K, used 130600K [0x00000003c0000000, 0x00000003d0680000, 0x000000066ab00000)
  object space 268800K, 48% used [0x00000003c0000000,0x00000003c7f8a028,0x00000003d0680000)
 Metaspace       used 91560K, capacity 92548K, committed 92760K, reserved 1128448K
  class space    used 12633K, capacity 12848K, committed 12928K, reserved 1048576K
Event: 39.589 GC heap after
Heap after GC invocations=37 (full 5):
 PSYoungGen      total 753664K, used 96K [0x000000066ab00000, 0x0000000699e00000, 0x00000007c0000000)
  eden space 741376K, 0% used [0x000000066ab00000,0x000000066ab00000,0x0000000697f00000)
  from space 12288K, 0% used [0x0000000699200000,0x0000000699218000,0x0000000699e00000)
  to   space 15872K, 0% used [0x0000000697f00000,0x0000000697f00000,0x0000000698e80000)
 ParOldGen       total 268800K, used 130600K [0x00000003c0000000, 0x00000003d0680000, 0x000000066ab00000)
  object space 268800K, 48% used [0x00000003c0000000,0x00000003c7f8a028,0x00000003d0680000)
 Metaspace       used 91560K, capacity 92548K, committed 92760K, reserved 1128448K
  class space    used 12633K, capacity 12848K, committed 12928K, reserved 1048576K
}
Event: 40.245 GC heap before
{Heap before GC invocations=38 (full 5):
 PSYoungGen      total 753664K, used 741472K [0x000000066ab00000, 0x0000000699e00000, 0x00000007c0000000)
  eden space 741376K, 100% used [0x000000066ab00000,0x0000000697f00000,0x0000000697f00000)
  from space 12288K, 0% used [0x0000000699200000,0x0000000699218000,0x0000000699e00000)
  to   space 15872K, 0% used [0x0000000697f00000,0x0000000697f00000,0x0000000698e80000)
 ParOldGen       total 268800K, used 130600K [0x00000003c0000000, 0x00000003d0680000, 0x000000066ab00000)
  object space 268800K, 48% used [0x00000003c0000000,0x00000003c7f8a028,0x00000003d0680000)
 Metaspace       used 91560K, capacity 92548K, committed 92760K, reserved 1128448K
  class space    used 12633K, capacity 12848K, committed 12928K, reserved 1048576K
Event: 40.249 GC heap after
Heap after GC invocations=38 (full 5):
 PSYoungGen      total 757248K, used 1312K [0x000000066ab00000, 0x000000069c480000, 0x00000007c0000000)
  eden space 741376K, 0% used [0x000000066ab00000,0x000000066ab00000,0x0000000697f00000)
  from space 15872K, 8% used [0x0000000697f00000,0x0000000698048000,0x0000000698e80000)
  to   space 14848K, 0% used [0x000000069b600000,0x000000069b600000,0x000000069c480000)
 ParOldGen       total 268800K, used 130600K [0x00000003c0000000, 0x00000003d0680000, 0x000000066ab00000)
  object space 268800K, 48% used [0x00000003c0000000,0x00000003c7f8a028,0x00000003d0680000)
 Metaspace       used 91560K, capacity 92548K, committed 92760K, reserved 1128448K
  class space    used 12633K, capacity 12848K, committed 12928K, reserved 1048576K
}
Event: 40.872 GC heap before
{Heap before GC invocations=39 (full 5):
 PSYoungGen      total 757248K, used 742688K [0x000000066ab00000, 0x000000069c480000, 0x00000007c0000000)
  eden space 741376K, 100% used [0x000000066ab00000,0x0000000697f00000,0x0000000697f00000)
  from space 15872K, 8% used [0x0000000697f00000,0x0000000698048000,0x0000000698e80000)
  to   space 14848K, 0% used [0x000000069b600000,0x000000069b600000,0x000000069c480000)
 ParOldGen       total 268800K, used 130600K [0x00000003c0000000, 0x00000003d0680000, 0x000000066ab00000)
  object space 268800K, 48% used [0x00000003c0000000,0x00000003c7f8a028,0x00000003d0680000)
 Metaspace       used 91560K, capacity 92548K, committed 92760K, reserved 1128448K
  class space    used 12633K, capacity 12848K, committed 12928K, reserved 1048576K
Event: 40.875 GC heap after
Heap after GC invocations=39 (full 5):
 PSYoungGen      total 790528K, used 96K [0x000000066ab00000, 0x000000069c000000, 0x00000007c0000000)
  eden space 780288K, 0% used [0x000000066ab00000,0x000000066ab00000,0x000000069a500000)
  from space 10240K, 0% used [0x000000069b600000,0x000000069b618000,0x000000069c000000)
  to   space 13824K, 0% used [0x000000069a500000,0x000000069a500000,0x000000069b280000)
 ParOldGen       total 268800K, used 130600K [0x00000003c0000000, 0x00000003d0680000, 0x000000066ab00000)
  object space 268800K, 48% used [0x00000003c0000000,0x00000003c7f8a028,0x00000003d0680000)
 Metaspace       used 91560K, capacity 92548K, committed 92760K, reserved 1128448K
  class space    used 12633K, capacity 12848K, committed 12928K, reserved 1048576K
}
Event: 41.553 GC heap before
{Heap before GC invocations=40 (full 5):
 PSYoungGen      total 790528K, used 780384K [0x000000066ab00000, 0x000000069c000000, 0x00000007c0000000)
  eden space 780288K, 100% used [0x000000066ab00000,0x000000069a500000,0x000000069a500000)
  from space 10240K, 0% used [0x000000069b600000,0x000000069b618000,0x000000069c000000)
  to   space 13824K, 0% used [0x000000069a500000,0x000000069a500000,0x000000069b280000)
 ParOldGen       total 268800K, used 130600K [0x00000003c0000000, 0x00000003d0680000, 0x000000066ab00000)
  object space 268800K, 48% used [0x00000003c0000000,0x00000003c7f8a028,0x00000003d0680000)
 Metaspace       used 91560K, capacity 92548K, committed 92760K, reserved 1128448K
  class space    used 12633K, capacity 12848K, committed 12928K, reserved 1048576K
Event: 41.555 GC heap after
Heap after GC invocations=40 (full 5):
 PSYoungGen      total 794112K, used 96K [0x000000066ab00000, 0x000000069e480000, 0x00000007c0000000)
  eden space 780288K, 0% used [0x000000066ab00000,0x000000066ab00000,0x000000069a500000)
  from space 13824K, 0% used [0x000000069a500000,0x000000069a518000,0x000000069b280000)
  to   space 13312K, 0% used [0x000000069d780000,0x000000069d780000,0x000000069e480000)
 ParOldGen       total 268800K, used 130600K [0x00000003c0000000, 0x00000003d0680000, 0x000000066ab00000)
  object space 268800K, 48% used [0x00000003c0000000,0x00000003c7f8a028,0x00000003d0680000)
 Metaspace       used 91560K, capacity 92548K, committed 92760K, reserved 1128448K
  class space    used 12633K, capacity 12848K, committed 12928K, reserved 1048576K
}
Event: 42.211 GC heap before
{Heap before GC invocations=41 (full 5):
 PSYoungGen      total 794112K, used 780384K [0x000000066ab00000, 0x000000069e480000, 0x00000007c0000000)
  eden space 780288K, 100% used [0x000000066ab00000,0x000000069a500000,0x000000069a500000)
  from space 13824K, 0% used [0x000000069a500000,0x000000069a518000,0x000000069b280000)
  to   space 13312K, 0% used [0x000000069d780000,0x000000069d780000,0x000000069e480000)
 ParOldGen       total 268800K, used 130600K [0x00000003c0000000, 0x00000003d0680000, 0x000000066ab00000)
  object space 268800K, 48% used [0x00000003c0000000,0x00000003c7f8a028,0x00000003d0680000)
 Metaspace       used 91560K, capacity 92548K, committed 92760K, reserved 1128448K
  class space    used 12633K, capacity 12848K, committed 12928K, reserved 1048576K
Event: 42.214 GC heap after
Heap after GC invocations=41 (full 5):
 PSYoungGen      total 825856K, used 96K [0x000000066ab00000, 0x000000069e080000, 0x00000007c0000000)
  eden space 816640K, 0% used [0x000000066ab00000,0x000000066ab00000,0x000000069c880000)
  from space 9216K, 1% used [0x000000069d780000,0x000000069d798000,0x000000069e080000)
  to   space 12288K, 0% used [0x000000069c880000,0x000000069c880000,0x000000069d480000)
 ParOldGen       total 268800K, used 130600K [0x00000003c0000000, 0x00000003d0680000, 0x000000066ab00000)
  object space 268800K, 48% used [0x00000003c0000000,0x00000003c7f8a028,0x00000003d0680000)
 Metaspace       used 91560K, capacity 92548K, committed 92760K, reserved 1128448K
  class space    used 12633K, capacity 12848K, committed 12928K, reserved 1048576K
}
Event: 42.922 GC heap before
{Heap before GC invocations=42 (full 5):
 PSYoungGen      total 825856K, used 816736K [0x000000066ab00000, 0x000000069e080000, 0x00000007c0000000)
  eden space 816640K, 100% used [0x000000066ab00000,0x000000069c880000,0x000000069c880000)
  from space 9216K, 1% used [0x000000069d780000,0x000000069d798000,0x000000069e080000)
  to   space 12288K, 0% used [0x000000069c880000,0x000000069c880000,0x000000069d480000)
 ParOldGen       total 268800K, used 130600K [0x00000003c0000000, 0x00000003d0680000, 0x000000066ab00000)
  object space 268800K, 48% used [0x00000003c0000000,0x00000003c7f8a028,0x00000003d0680000)
 Metaspace       used 91560K, capacity 92548K, committed 92760K, reserved 1128448K
  class space    used 12633K, capacity 12848K, committed 12928K, reserved 1048576K
Event: 42.925 GC heap after
Heap after GC invocations=42 (full 5):
 PSYoungGen      total 828928K, used 128K [0x000000066ab00000, 0x00000006a0300000, 0x00000007c0000000)
  eden space 816640K, 0% used [0x000000066ab00000,0x000000066ab00000,0x000000069c880000)
  from space 12288K, 1% used [0x000000069c880000,0x000000069c8a0000,0x000000069d480000)
  to   space 11776K, 0% used [0x000000069f780000,0x000000069f780000,0x00000006a0300000)
 ParOldGen       total 268800K, used 130600K [0x00000003c0000000, 0x00000003d0680000, 0x000000066ab00000)
  object space 268800K, 48% used [0x00000003c0000000,0x00000003c7f8a028,0x00000003d0680000)
 Metaspace       used 91560K, capacity 92548K, committed 92760K, reserved 1128448K
  class space    used 12633K, capacity 12848K, committed 12928K, reserved 1048576K
}
Event: 43.606 GC heap before
{Heap before GC invocations=43 (full 5):
 PSYoungGen      total 828928K, used 816768K [0x000000066ab00000, 0x00000006a0300000, 0x00000007c0000000)
  eden space 816640K, 100% used [0x000000066ab00000,0x000000069c880000,0x000000069c880000)
  from space 12288K, 1% used [0x000000069c880000,0x000000069c8a0000,0x000000069d480000)
  to   space 11776K, 0% used [0x000000069f780000,0x000000069f780000,0x00000006a0300000)
 ParOldGen       total 268800K, used 130600K [0x00000003c0000000, 0x00000003d0680000, 0x000000066ab00000)
  object space 268800K, 48% used [0x00000003c0000000,0x00000003c7f8a028,0x00000003d0680000)
 Metaspace       used 91560K, capacity 92548K, committed 92760K, reserved 1128448K
  class space    used 12633K, capacity 12848K, committed 12928K, reserved 1048576K
Event: 43.609 GC heap after
Heap after GC invocations=43 (full 5):
 PSYoungGen      total 861696K, used 64K [0x000000066ab00000, 0x00000006a0100000, 0x00000007c0000000)
  eden space 851968K, 0% used [0x000000066ab00000,0x000000066ab00000,0x000000069eb00000)
  from space 9728K, 0% used [0x000000069f780000,0x000000069f790000,0x00000006a0100000)
  to   space 11264K, 0% used [0x000000069eb00000,0x000000069eb00000,0x000000069f600000)
 ParOldGen       total 268800K, used 130608K [0x00000003c0000000, 0x00000003d0680000, 0x000000066ab00000)
  object space 268800K, 48% used [0x00000003c0000000,0x00000003c7f8c028,0x00000003d0680000)
 Metaspace       used 91560K, capacity 92548K, committed 92760K, reserved 1128448K
  class space    used 12633K, capacity 12848K, committed 12928K, reserved 1048576K
}
Event: 44.340 GC heap before
{Heap before GC invocations=44 (full 5):
 PSYoungGen      total 861696K, used 852032K [0x000000066ab00000, 0x00000006a0100000, 0x00000007c0000000)
  eden space 851968K, 100% used [0x000000066ab00000,0x000000069eb00000,0x000000069eb00000)
  from space 9728K, 0% used [0x000000069f780000,0x000000069f790000,0x00000006a0100000)
  to   space 11264K, 0% used [0x000000069eb00000,0x000000069eb00000,0x000000069f600000)
 ParOldGen       total 268800K, used 130608K [0x00000003c0000000, 0x00000003d0680000, 0x000000066ab00000)
  object space 268800K, 48% used [0x00000003c0000000,0x00000003c7f8c028,0x00000003d0680000)
 Metaspace       used 91560K, capacity 92548K, committed 92760K, reserved 1128448K
  class space    used 12633K, capacity 12848K, committed 12928K, reserved 1048576K
Event: 44.343 GC heap after
Heap after GC invocations=44 (full 5):
 PSYoungGen      total 863232K, used 64K [0x000000066ab00000, 0x00000006a2280000, 0x00000007c0000000)
  eden space 851968K, 0% used [0x000000066ab00000,0x000000066ab00000,0x000000069eb00000)
  from space 11264K, 0% used [0x000000069eb00000,0x000000069eb10000,0x000000069f600000)
  to   space 10752K, 0% used [0x00000006a1800000,0x00000006a1800000,0x00000006a2280000)
 ParOldGen       total 268800K, used 130608K [0x00000003c0000000, 0x00000003d0680000, 0x000000066ab00000)
  object space 268800K, 48% used [0x00000003c0000000,0x00000003c7f8c028,0x00000003d0680000)
 Metaspace       used 91560K, capacity 92548K, committed 92760K, reserved 1128448K
  class space    used 12633K, capacity 12848K, committed 12928K, reserved 1048576K
}
Event: 45.050 GC heap before
{Heap before GC invocations=45 (full 5):
 PSYoungGen      total 863232K, used 852032K [0x000000066ab00000, 0x00000006a2280000, 0x00000007c0000000)
  eden space 851968K, 100% used [0x000000066ab00000,0x000000069eb00000,0x000000069eb00000)
  from space 11264K, 0% used [0x000000069eb00000,0x000000069eb10000,0x000000069f600000)
  to   space 10752K, 0% used [0x00000006a1800000,0x00000006a1800000,0x00000006a2280000)
 ParOldGen       total 268800K, used 130608K [0x00000003c0000000, 0x00000003d0680000, 0x000000066ab00000)
  object space 268800K, 48% used [0x00000003c0000000,0x00000003c7f8c028,0x00000003d0680000)
 Metaspace       used 91561K, capacity 92548K, committed 92760K, reserved 1128448K
  class space    used 12633K, capacity 12848K, committed 12928K, reserved 1048576K
Event: 45.053 GC heap after
Heap after GC invocations=45 (full 5):
 PSYoungGen      total 894976K, used 128K [0x000000066ab00000, 0x00000006a2000000, 0x00000007c0000000)
  eden space 886784K, 0% used [0x000000066ab00000,0x000000066ab00000,0x00000006a0d00000)
  from space 8192K, 1% used [0x00000006a1800000,0x00000006a1820000,0x00000006a2000000)
  to   space 9728K, 0% used [0x00000006a0d00000,0x00000006a0d00000,0x00000006a1680000)
 ParOldGen       total 268800K, used 130632K [0x00000003c0000000, 0x00000003d0680000, 0x000000066ab00000)
  object space 268800K, 48% used [0x00000003c0000000,0x00000003c7f92158,0x00000003d0680000)
 Metaspace       used 91561K, capacity 92548K, committed 92760K, reserved 1128448K
  class space    used 12633K, capacity 12848K, committed 12928K, reserved 1048576K
}
Event: 45.804 GC heap before
{Heap before GC invocations=46 (full 5):
 PSYoungGen      total 894976K, used 886912K [0x000000066ab00000, 0x00000006a2000000, 0x00000007c0000000)
  eden space 886784K, 100% used [0x000000066ab00000,0x00000006a0d00000,0x00000006a0d00000)
  from space 8192K, 1% used [0x00000006a1800000,0x00000006a1820000,0x00000006a2000000)
  to   space 9728K, 0% used [0x00000006a0d00000,0x00000006a0d00000,0x00000006a1680000)
 ParOldGen       total 268800K, used 130632K [0x00000003c0000000, 0x00000003d0680000, 0x000000066ab00000)
  object space 268800K, 48% used [0x00000003c0000000,0x00000003c7f92158,0x00000003d0680000)
 Metaspace       used 91561K, capacity 92548K, committed 92760K, reserved 1128448K
  class space    used 12633K, capacity 12848K, committed 12928K, reserved 1048576K
Event: 45.808 GC heap after
Heap after GC invocations=46 (full 5):
 PSYoungGen      total 896512K, used 1408K [0x000000066ab00000, 0x00000006a3f00000, 0x00000007c0000000)
  eden space 886784K, 0% used [0x000000066ab00000,0x000000066ab00000,0x00000006a0d00000)
  from space 9728K, 14% used [0x00000006a0d00000,0x00000006a0e60000,0x00000006a1680000)
  to   space 9216K, 0% used [0x00000006a3600000,0x00000006a3600000,0x00000006a3f00000)
 ParOldGen       total 268800K, used 130640K [0x00000003c0000000, 0x00000003d0680000, 0x000000066ab00000)
  object space 268800K, 48% used [0x00000003c0000000,0x00000003c7f94158,0x00000003d0680000)
 Metaspace       used 91561K, capacity 92548K, committed 92760K, reserved 1128448K
  class space    used 12633K, capacity 12848K, committed 12928K, reserved 1048576K
}
Event: 46.532 GC heap before
{Heap before GC invocations=47 (full 5):
 PSYoungGen      total 896512K, used 888192K [0x000000066ab00000, 0x00000006a3f00000, 0x00000007c0000000)
  eden space 886784K, 100% used [0x000000066ab00000,0x00000006a0d00000,0x00000006a0d00000)
  from space 9728K, 14% used [0x00000006a0d00000,0x00000006a0e60000,0x00000006a1680000)
  to   space 9216K, 0% used [0x00000006a3600000,0x00000006a3600000,0x00000006a3f00000)
 ParOldGen       total 268800K, used 130640K [0x00000003c0000000, 0x00000003d0680000, 0x000000066ab00000)
  object space 268800K, 48% used [0x00000003c0000000,0x00000003c7f94158,0x00000003d0680000)
 Metaspace       used 91561K, capacity 92548K, committed 92760K, reserved 1128448K
  class space    used 12633K, capacity 12848K, committed 12928K, reserved 1048576K
Event: 46.535 GC heap after
Heap after GC invocations=47 (full 5):
 PSYoungGen      total 925696K, used 96K [0x000000066ab00000, 0x00000006a3d00000, 0x00000007c0000000)
  eden space 918528K, 0% used [0x000000066ab00000,0x000000066ab00000,0x00000006a2c00000)
  from space 7168K, 1% used [0x00000006a3600000,0x00000006a3618000,0x00000006a3d00000)
  to   space 8704K, 0% used [0x00000006a2c00000,0x00000006a2c00000,0x00000006a3480000)
 ParOldGen       total 268800K, used 130648K [0x00000003c0000000, 0x00000003d0680000, 0x000000066ab00000)
  object space 268800K, 48% used [0x00000003c0000000,0x00000003c7f96158,0x00000003d0680000)
 Metaspace       used 91561K, capacity 92548K, committed 92760K, reserved 1128448K
  class space    used 12633K, capacity 12848K, committed 12928K, reserved 1048576K
}
Event: 47.311 GC heap before
{Heap before GC invocations=48 (full 5):
 PSYoungGen      total 925696K, used 918624K [0x000000066ab00000, 0x00000006a3d00000, 0x00000007c0000000)
  eden space 918528K, 100% used [0x000000066ab00000,0x00000006a2c00000,0x00000006a2c00000)
  from space 7168K, 1% used [0x00000006a3600000,0x00000006a3618000,0x00000006a3d00000)
  to   space 8704K, 0% used [0x00000006a2c00000,0x00000006a2c00000,0x00000006a3480000)
 ParOldGen       total 268800K, used 130648K [0x00000003c0000000, 0x00000003d0680000, 0x000000066ab00000)
  object space 268800K, 48% used [0x00000003c0000000,0x00000003c7f96158,0x00000003d0680000)
 Metaspace       used 91561K, capacity 92548K, committed 92760K, reserved 1128448K
  class space    used 12633K, capacity 12848K, committed 12928K, reserved 1048576K
Event: 47.314 GC heap after
Heap after GC invocations=48 (full 5):
 PSYoungGen      total 927232K, used 448K [0x000000066ab00000, 0x00000006a5b00000, 0x00000007c0000000)
  eden space 918528K, 0% used [0x000000066ab00000,0x000000066ab00000,0x00000006a2c00000)
  from space 8704K, 5% used [0x00000006a2c00000,0x00000006a2c70000,0x00000006a3480000)
  to   space 8192K, 0% used [0x00000006a5300000,0x00000006a5300000,0x00000006a5b00000)
 ParOldGen       total 268800K, used 130648K [0x00000003c0000000, 0x00000003d0680000, 0x000000066ab00000)
  object space 268800K, 48% used [0x00000003c0000000,0x00000003c7f96158,0x00000003d0680000)
 Metaspace       used 91561K, capacity 92548K, committed 92760K, reserved 1128448K
  class space    used 12633K, capacity 12848K, committed 12928K, reserved 1048576K
}
Event: 48.075 GC heap before
{Heap before GC invocations=49 (full 5):
 PSYoungGen      total 927232K, used 918976K [0x000000066ab00000, 0x00000006a5b00000, 0x00000007c0000000)
  eden space 918528K, 100% used [0x000000066ab00000,0x00000006a2c00000,0x00000006a2c00000)
  from space 8704K, 5% used [0x00000006a2c00000,0x00000006a2c70000,0x00000006a3480000)
  to   space 8192K, 0% used [0x00000006a5300000,0x00000006a5300000,0x00000006a5b00000)
 ParOldGen       total 268800K, used 130648K [0x00000003c0000000, 0x00000003d0680000, 0x000000066ab00000)
  object space 268800K, 48% used [0x00000003c0000000,0x00000003c7f96158,0x00000003d0680000)
 Metaspace       used 91561K, capacity 92548K, committed 92760K, reserved 1128448K
  class space    used 12633K, capacity 12848K, committed 12928K, reserved 1048576K
Event: 48.078 GC heap after
Heap after GC invocations=49 (full 5):
 PSYoungGen      total 954368K, used 512K [0x000000066ab00000, 0x00000006a5800000, 0x00000007c0000000)
  eden space 949248K, 0% used [0x000000066ab00000,0x000000066ab00000,0x00000006a4a00000)
  from space 5120K, 10% used [0x00000006a5300000,0x00000006a5380000,0x00000006a5800000)
  to   space 7168K, 0% used [0x00000006a4a00000,0x00000006a4a00000,0x00000006a5100000)
 ParOldGen       total 268800K, used 130656K [0x00000003c0000000, 0x00000003d0680000, 0x000000066ab00000)
  object space 268800K, 48% used [0x00000003c0000000,0x00000003c7f98158,0x00000003d0680000)
 Metaspace       used 91561K, capacity 92548K, committed 92760K, reserved 1128448K
  class space    used 12633K, capacity 12848K, committed 12928K, reserved 1048576K
}
Event: 48.869 GC heap before
{Heap before GC invocations=50 (full 5):
 PSYoungGen      total 954368K, used 949760K [0x000000066ab00000, 0x00000006a5800000, 0x00000007c0000000)
  eden space 949248K, 100% used [0x000000066ab00000,0x00000006a4a00000,0x00000006a4a00000)
  from space 5120K, 10% used [0x00000006a5300000,0x00000006a5380000,0x00000006a5800000)
  to   space 7168K, 0% used [0x00000006a4a00000,0x00000006a4a00000,0x00000006a5100000)
 ParOldGen       total 268800K, used 130656K [0x00000003c0000000, 0x00000003d0680000, 0x000000066ab00000)
  object space 268800K, 48% used [0x00000003c0000000,0x00000003c7f98158,0x00000003d0680000)
 Metaspace       used 91561K, capacity 92548K, committed 92760K, reserved 1128448K
  class space    used 12633K, capacity 12848K, committed 12928K, reserved 1048576K
Event: 48.872 GC heap after
Heap after GC invocations=50 (full 5):
 PSYoungGen      total 956416K, used 96K [0x000000066ab00000, 0x00000006a7600000, 0x00000007c0000000)
  eden space 949248K, 0% used [0x000000066ab00000,0x000000066ab00000,0x00000006a4a00000)
  from space 7168K, 1% used [0x00000006a4a00000,0x00000006a4a18000,0x00000006a5100000)
  to   space 7168K, 0% used [0x00000006a6f00000,0x00000006a6f00000,0x00000006a7600000)
 ParOldGen       total 268800K, used 130664K [0x00000003c0000000, 0x00000003d0680000, 0x000000066ab00000)
  object space 268800K, 48% used [0x00000003c0000000,0x00000003c7f9a158,0x00000003d0680000)
 Metaspace       used 91561K, capacity 92548K, committed 92760K, reserved 1128448K
  class space    used 12633K, capacity 12848K, committed 12928K, reserved 1048576K
}
Event: 49.665 GC heap before
{Heap before GC invocations=51 (full 5):
 PSYoungGen      total 956416K, used 949344K [0x000000066ab00000, 0x00000006a7600000, 0x00000007c0000000)
  eden space 949248K, 100% used [0x000000066ab00000,0x00000006a4a00000,0x00000006a4a00000)
  from space 7168K, 1% used [0x00000006a4a00000,0x00000006a4a18000,0x00000006a5100000)
  to   space 7168K, 0% used [0x00000006a6f00000,0x00000006a6f00000,0x00000006a7600000)
 ParOldGen       total 268800K, used 130664K [0x00000003c0000000, 0x00000003d0680000, 0x000000066ab00000)
  object space 268800K, 48% used [0x00000003c0000000,0x00000003c7f9a158,0x00000003d0680000)
 Metaspace       used 91563K, capacity 92548K, committed 92760K, reserved 1128448K
  class space    used 12633K, capacity 12848K, committed 12928K, reserved 1048576K
Event: 49.668 GC heap after
Heap after GC invocations=51 (full 5):
 PSYoungGen      total 984064K, used 256K [0x000000066ab00000, 0x00000006a7400000, 0x00000007c0000000)
  eden space 978944K, 0% used [0x000000066ab00000,0x000000066ab00000,0x00000006a6700000)
  from space 5120K, 5% used [0x00000006a6f00000,0x00000006a6f40000,0x00000006a7400000)
  to   space 6656K, 0% used [0x00000006a6700000,0x00000006a6700000,0x00000006a6d80000)
 ParOldGen       total 268800K, used 130664K [0x00000003c0000000, 0x00000003d0680000, 0x000000066ab00000)
  object space 268800K, 48% used [0x00000003c0000000,0x00000003c7f9a158,0x00000003d0680000)
 Metaspace       used 91563K, capacity 92548K, committed 92760K, reserved 1128448K
  class space    used 12633K, capacity 12848K, committed 12928K, reserved 1048576K
}
Event: 50.487 GC heap before
{Heap before GC invocations=52 (full 5):
 PSYoungGen      total 984064K, used 979200K [0x000000066ab00000, 0x00000006a7400000, 0x00000007c0000000)
  eden space 978944K, 100% used [0x000000066ab00000,0x00000006a6700000,0x00000006a6700000)
  from space 5120K, 5% used [0x00000006a6f00000,0x00000006a6f40000,0x00000006a7400000)
  to   space 6656K, 0% used [0x00000006a6700000,0x00000006a6700000,0x00000006a6d80000)
 ParOldGen       total 268800K, used 130664K [0x00000003c0000000, 0x00000003d0680000, 0x000000066ab00000)
  object space 268800K, 48% used [0x00000003c0000000,0x00000003c7f9a158,0x00000003d0680000)
 Metaspace       used 91563K, capacity 92548K, committed 92760K, reserved 1128448K
  class space    used 12633K, capacity 12848K, committed 12928K, reserved 1048576K
Event: 50.489 GC heap after
Heap after GC invocations=52 (full 5):
 PSYoungGen      total 985600K, used 96K [0x000000066ab00000, 0x00000006a9000000, 0x00000007c0000000)
  eden space 978944K, 0% used [0x000000066ab00000,0x000000066ab00000,0x00000006a6700000)
  from space 6656K, 1% used [0x00000006a6700000,0x00000006a6718000,0x00000006a6d80000)
  to   space 6144K, 0% used [0x00000006a8a00000,0x00000006a8a00000,0x00000006a9000000)
 ParOldGen       total 268800K, used 130664K [0x00000003c0000000, 0x00000003d0680000, 0x000000066ab00000)
  object space 268800K, 48% used [0x00000003c0000000,0x00000003c7f9a158,0x00000003d0680000)
 Metaspace       used 91563K, capacity 92548K, committed 92760K, reserved 1128448K
  class space    used 12633K, capacity 12848K, committed 12928K, reserved 1048576K
}
Event: 51.299 GC heap before
{Heap before GC invocations=53 (full 5):
 PSYoungGen      total 985600K, used 979040K [0x000000066ab00000, 0x00000006a9000000, 0x00000007c0000000)
  eden space 978944K, 100% used [0x000000066ab00000,0x00000006a6700000,0x00000006a6700000)
  from space 6656K, 1% used [0x00000006a6700000,0x00000006a6718000,0x00000006a6d80000)
  to   space 6144K, 0% used [0x00000006a8a00000,0x00000006a8a00000,0x00000006a9000000)
 ParOldGen       total 268800K, used 130664K [0x00000003c0000000, 0x00000003d0680000, 0x000000066ab00000)
  object space 268800K, 48% used [0x00000003c0000000,0x00000003c7f9a158,0x00000003d0680000)
 Metaspace       used 91563K, capacity 92548K, committed 92760K, reserved 1128448K
  class space    used 12633K, capacity 12848K, committed 12928K, reserved 1048576K
Event: 51.302 GC heap after
Heap after GC invocations=53 (full 5):
 PSYoungGen      total 1012736K, used 96K [0x000000066ab00000, 0x00000006a8e80000, 0x00000007c0000000)
  eden space 1008128K, 0% used [0x000000066ab00000,0x000000066ab00000,0x00000006a8380000)
  from space 4608K, 2% used [0x00000006a8a00000,0x00000006a8a18000,0x00000006a8e80000)
  to   space 5632K, 0% used [0x00000006a8380000,0x00000006a8380000,0x00000006a8900000)
 ParOldGen       total 268800K, used 130664K [0x00000003c0000000, 0x00000003d0680000, 0x000000066ab00000)
  object space 268800K, 48% used [0x00000003c0000000,0x00000003c7f9a158,0x00000003d0680000)
 Metaspace       used 91563K, capacity 92548K, committed 92760K, reserved 1128448K
  class space    used 12633K, capacity 12848K, committed 12928K, reserved 1048576K
}
Event: 52.142 GC heap before
{Heap before GC invocations=54 (full 5):
 PSYoungGen      total 1012736K, used 1008224K [0x000000066ab00000, 0x00000006a8e80000, 0x00000007c0000000)
  eden space 1008128K, 100% used [0x000000066ab00000,0x00000006a8380000,0x00000006a8380000)
  from space 4608K, 2% used [0x00000006a8a00000,0x00000006a8a18000,0x00000006a8e80000)
  to   space 5632K, 0% used [0x00000006a8380000,0x00000006a8380000,0x00000006a8900000)
 ParOldGen       total 268800K, used 130664K [0x00000003c0000000, 0x00000003d0680000, 0x000000066ab00000)
  object space 268800K, 48% used [0x00000003c0000000,0x00000003c7f9a158,0x00000003d0680000)
 Metaspace       used 91567K, capacity 92548K, committed 92760K, reserved 1128448K
  class space    used 12633K, capacity 12848K, committed 12928K, reserved 1048576K
Event: 52.145 GC heap after
Heap after GC invocations=54 (full 5):
 PSYoungGen      total 1013760K, used 640K [0x000000066ab00000, 0x00000006aa980000, 0x00000007c0000000)
  eden space 1008128K, 0% used [0x000000066ab00000,0x000000066ab00000,0x00000006a8380000)
  from space 5632K, 11% used [0x00000006a8380000,0x00000006a8420000,0x00000006a8900000)
  to   space 5120K, 0% used [0x00000006aa480000,0x00000006aa480000,0x00000006aa980000)
 ParOldGen       total 268800K, used 130664K [0x00000003c0000000, 0x00000003d0680000, 0x000000066ab00000)
  object space 268800K, 48% used [0x00000003c0000000,0x00000003c7f9a158,0x00000003d0680000)
 Metaspace       used 91567K, capacity 92548K, committed 92760K, reserved 1128448K
  class space    used 12633K, capacity 12848K, committed 12928K, reserved 1048576K
}
Event: 52.995 GC heap before
{Heap before GC invocations=55 (full 5):
 PSYoungGen      total 1013760K, used 1008768K [0x000000066ab00000, 0x00000006aa980000, 0x00000007c0000000)
  eden space 1008128K, 100% used [0x000000066ab00000,0x00000006a8380000,0x00000006a8380000)
  from space 5632K, 11% used [0x00000006a8380000,0x00000006a8420000,0x00000006a8900000)
  to   space 5120K, 0% used [0x00000006aa480000,0x00000006aa480000,0x00000006aa980000)
 ParOldGen       total 268800K, used 130664K [0x00000003c0000000, 0x00000003d0680000, 0x000000066ab00000)
  object space 268800K, 48% used [0x00000003c0000000,0x00000003c7f9a158,0x00000003d0680000)
 Metaspace       used 91568K, capacity 92548K, committed 92760K, reserved 1128448K
  class space    used 12633K, capacity 12848K, committed 12928K, reserved 1048576K
Event: 52.998 GC heap after
Heap after GC invocations=55 (full 5):
 PSYoungGen      total 1040896K, used 709K [0x000000066ab00000, 0x00000006aa900000, 0x00000007c0000000)
  eden space 1036288K, 0% used [0x000000066ab00000,0x000000066ab00000,0x00000006a9f00000)
  from space 4608K, 15% used [0x00000006aa480000,0x00000006aa5316d0,0x00000006aa900000)
  to   space 5120K, 0% used [0x00000006a9f00000,0x00000006a9f00000,0x00000006aa400000)
 ParOldGen       total 268800K, used 130664K [0x00000003c0000000, 0x00000003d0680000, 0x000000066ab00000)
  object space 268800K, 48% used [0x00000003c0000000,0x00000003c7f9a158,0x00000003d0680000)
 Metaspace       used 91568K, capacity 92548K, committed 92760K, reserved 1128448K
  class space    used 12633K, capacity 12848K, committed 12928K, reserved 1048576K
}
Event: 53.844 GC heap before
{Heap before GC invocations=56 (full 5):
 PSYoungGen      total 1040896K, used 1036997K [0x000000066ab00000, 0x00000006aa900000, 0x00000007c0000000)
  eden space 1036288K, 100% used [0x000000066ab00000,0x00000006a9f00000,0x00000006a9f00000)
  from space 4608K, 15% used [0x00000006aa480000,0x00000006aa5316d0,0x00000006aa900000)
  to   space 5120K, 0% used [0x00000006a9f00000,0x00000006a9f00000,0x00000006aa400000)
 ParOldGen       total 268800K, used 130664K [0x00000003c0000000, 0x00000003d0680000, 0x000000066ab00000)
  object space 268800K, 48% used [0x00000003c0000000,0x00000003c7f9a158,0x00000003d0680000)
 Metaspace       used 91568K, capacity 92548K, committed 92760K, reserved 1128448K
  class space    used 12633K, capacity 12848K, committed 12928K, reserved 1048576K
Event: 53.847 GC heap after
Heap after GC invocations=56 (full 5):
 PSYoungGen      total 1041408K, used 608K [0x000000066ab00000, 0x00000006ac480000, 0x00000007c0000000)
  eden space 1036288K, 0% used [0x000000066ab00000,0x000000066ab00000,0x00000006a9f00000)
  from space 5120K, 11% used [0x00000006a9f00000,0x00000006a9f98000,0x00000006aa400000)
  to   space 4608K, 0% used [0x00000006ac000000,0x00000006ac000000,0x00000006ac480000)
 ParOldGen       total 268800K, used 130664K [0x00000003c0000000, 0x00000003d0680000, 0x000000066ab00000)
  object space 268800K, 48% used [0x00000003c0000000,0x00000003c7f9a158,0x00000003d0680000)
 Metaspace       used 91568K, capacity 92548K, committed 92760K, reserved 1128448K
  class space    used 12633K, capacity 12848K, committed 12928K, reserved 1048576K
}
Event: 54.708 GC heap before
{Heap before GC invocations=57 (full 5):
 PSYoungGen      total 1041408K, used 1036896K [0x000000066ab00000, 0x00000006ac480000, 0x00000007c0000000)
  eden space 1036288K, 100% used [0x000000066ab00000,0x00000006a9f00000,0x00000006a9f00000)
  from space 5120K, 11% used [0x00000006a9f00000,0x00000006a9f98000,0x00000006aa400000)
  to   space 4608K, 0% used [0x00000006ac000000,0x00000006ac000000,0x00000006ac480000)
 ParOldGen       total 268800K, used 130664K [0x00000003c0000000, 0x00000003d0680000, 0x000000066ab00000)
  object space 268800K, 48% used [0x00000003c0000000,0x00000003c7f9a158,0x00000003d0680000)
 Metaspace       used 91568K, capacity 92548K, committed 92760K, reserved 1128448K
  class space    used 12633K, capacity 12848K, committed 12928K, reserved 1048576K
Event: 54.711 GC heap after
Heap after GC invocations=57 (full 5):
 PSYoungGen      total 1068032K, used 96K [0x000000066ab00000, 0x00000006ac300000, 0x00000007c0000000)
  eden space 1064960K, 0% used [0x000000066ab00000,0x000000066ab00000,0x00000006abb00000)
  from space 3072K, 3% used [0x00000006ac000000,0x00000006ac018000,0x00000006ac300000)
  to   space 4096K, 0% used [0x00000006abb00000,0x00000006abb00000,0x00000006abf00000)
 ParOldGen       total 268800K, used 130664K [0x00000003c0000000, 0x00000003d0680000, 0x000000066ab00000)
  object space 268800K, 48% used [0x00000003c0000000,0x00000003c7f9a158,0x00000003d0680000)
 Metaspace       used 91568K, capacity 92548K, committed 92760K, reserved 1128448K
  class space    used 12633K, capacity 12848K, committed 12928K, reserved 1048576K
}
Event: 55.600 GC heap before
{Heap before GC invocations=58 (full 5):
 PSYoungGen      total 1068032K, used 1065056K [0x000000066ab00000, 0x00000006ac300000, 0x00000007c0000000)
  eden space 1064960K, 100% used [0x000000066ab00000,0x00000006abb00000,0x00000006abb00000)
  from space 3072K, 3% used [0x00000006ac000000,0x00000006ac018000,0x00000006ac300000)
  to   space 4096K, 0% used [0x00000006abb00000,0x00000006abb00000,0x00000006abf00000)
 ParOldGen       total 268800K, used 130664K [0x00000003c0000000, 0x00000003d0680000, 0x000000066ab00000)
  object space 268800K, 48% used [0x00000003c0000000,0x00000003c7f9a158,0x00000003d0680000)
 Metaspace       used 91568K, capacity 92548K, committed 92760K, reserved 1128448K
  class space    used 12633K, capacity 12848K, committed 12928K, reserved 1048576K
Event: 55.603 GC heap after
Heap after GC invocations=58 (full 5):
 PSYoungGen      total 1069056K, used 192K [0x000000066ab00000, 0x00000006adf00000, 0x00000007c0000000)
  eden space 1064960K, 0% used [0x000000066ab00000,0x000000066ab00000,0x00000006abb00000)
  from space 4096K, 4% used [0x00000006abb00000,0x00000006abb30000,0x00000006abf00000)
  to   space 4096K, 0% used [0x00000006adb00000,0x00000006adb00000,0x00000006adf00000)
 ParOldGen       total 268800K, used 130672K [0x00000003c0000000, 0x00000003d0680000, 0x000000066ab00000)
  object space 268800K, 48% used [0x00000003c0000000,0x00000003c7f9c158,0x00000003d0680000)
 Metaspace       used 91568K, capacity 92548K, committed 92760K, reserved 1128448K
  class space    used 12633K, capacity 12848K, committed 12928K, reserved 1048576K
}
Event: 56.493 GC heap before
{Heap before GC invocations=59 (full 5):
 PSYoungGen      total 1069056K, used 1065152K [0x000000066ab00000, 0x00000006adf00000, 0x00000007c0000000)
  eden space 1064960K, 100% used [0x000000066ab00000,0x00000006abb00000,0x00000006abb00000)
  from space 4096K, 4% used [0x00000006abb00000,0x00000006abb30000,0x00000006abf00000)
  to   space 4096K, 0% used [0x00000006adb00000,0x00000006adb00000,0x00000006adf00000)
 ParOldGen       total 268800K, used 130672K [0x00000003c0000000, 0x00000003d0680000, 0x000000066ab00000)
  object space 268800K, 48% used [0x00000003c0000000,0x00000003c7f9c158,0x00000003d0680000)
 Metaspace       used 91568K, capacity 92548K, committed 92760K, reserved 1128448K
  class space    used 12633K, capacity 12848K, committed 12928K, reserved 1048576K
Event: 56.496 GC heap after
Heap after GC invocations=59 (full 5):
 PSYoungGen      total 1095680K, used 96K [0x000000066ab00000, 0x00000006add80000, 0x00000007c0000000)
  eden space 1093120K, 0% used [0x000000066ab00000,0x000000066ab00000,0x00000006ad680000)
  from space 2560K, 3% used [0x00000006adb00000,0x00000006adb18000,0x00000006add80000)
  to   space 3584K, 0% used [0x00000006ad680000,0x00000006ad680000,0x00000006ada00000)
 ParOldGen       total 268800K, used 130672K [0x00000003c0000000, 0x00000003d0680000, 0x000000066ab00000)
  object space 268800K, 48% used [0x00000003c0000000,0x00000003c7f9c158,0x00000003d0680000)
 Metaspace       used 91568K, capacity 92548K, committed 92760K, reserved 1128448K
  class space    used 12633K, capacity 12848K, committed 12928K, reserved 1048576K
}
Event: 57.441 GC heap before
{Heap before GC invocations=60 (full 5):
 PSYoungGen      total 1095680K, used 1093216K [0x000000066ab00000, 0x00000006add80000, 0x00000007c0000000)
  eden space 1093120K, 100% used [0x000000066ab00000,0x00000006ad680000,0x00000006ad680000)
  from space 2560K, 3% used [0x00000006adb00000,0x00000006adb18000,0x00000006add80000)
  to   space 3584K, 0% used [0x00000006ad680000,0x00000006ad680000,0x00000006ada00000)
 ParOldGen       total 268800K, used 130672K [0x00000003c0000000, 0x00000003d0680000, 0x000000066ab00000)
  object space 268800K, 48% used [0x00000003c0000000,0x00000003c7f9c158,0x00000003d0680000)
 Metaspace       used 91575K, capacity 92554K, committed 92760K, reserved 1128448K
  class space    used 12634K, capacity 12849K, committed 12928K, reserved 1048576K
Event: 57.447 GC heap after
Heap after GC invocations=60 (full 5):
 PSYoungGen      total 1096704K, used 2944K [0x000000066ab00000, 0x00000006b0200000, 0x00000007c0000000)
  eden space 1093120K, 0% used [0x000000066ab00000,0x000000066ab00000,0x00000006ad680000)
  from space 3584K, 82% used [0x00000006ad680000,0x00000006ad960020,0x00000006ada00000)
  to   space 4608K, 0% used [0x00000006afd80000,0x00000006afd80000,0x00000006b0200000)
 ParOldGen       total 268800K, used 130672K [0x00000003c0000000, 0x00000003d0680000, 0x000000066ab00000)
  object space 268800K, 48% used [0x00000003c0000000,0x00000003c7f9c158,0x00000003d0680000)
 Metaspace       used 91575K, capacity 92554K, committed 92760K, reserved 1128448K
  class space    used 12634K, capacity 12849K, committed 12928K, reserved 1048576K
}
Event: 58.330 GC heap before
{Heap before GC invocations=61 (full 5):
 PSYoungGen      total 1096704K, used 1096064K [0x000000066ab00000, 0x00000006b0200000, 0x00000007c0000000)
  eden space 1093120K, 100% used [0x000000066ab00000,0x00000006ad680000,0x00000006ad680000)
  from space 3584K, 82% used [0x00000006ad680000,0x00000006ad960020,0x00000006ada00000)
  to   space 4608K, 0% used [0x00000006afd80000,0x00000006afd80000,0x00000006b0200000)
 ParOldGen       total 268800K, used 130672K [0x00000003c0000000, 0x00000003d0680000, 0x000000066ab00000)
  object space 268800K, 48% used [0x00000003c0000000,0x00000003c7f9c158,0x00000003d0680000)
 Metaspace       used 91579K, capacity 92554K, committed 92760K, reserved 1128448K
  class space    used 12634K, capacity 12849K, committed 12928K, reserved 1048576K
Event: 58.333 GC heap after
Heap after GC invocations=61 (full 5):
 PSYoungGen      total 1128960K, used 128K [0x000000066ab00000, 0x00000006aff80000, 0x00000007c0000000)
  eden space 1126912K, 0% used [0x000000066ab00000,0x000000066ab00000,0x00000006af780000)
  from space 2048K, 6% used [0x00000006afd80000,0x00000006afda0000,0x00000006aff80000)
  to   space 4096K, 0% used [0x00000006af780000,0x00000006af780000,0x00000006afb80000)
 ParOldGen       total 268800K, used 130672K [0x00000003c0000000, 0x00000003d0680000, 0x000000066ab00000)
  object space 268800K, 48% used [0x00000003c0000000,0x00000003c7f9c158,0x00000003d0680000)
 Metaspace       used 91579K, capacity 92554K, committed 92760K, reserved 1128448K
  class space    used 12634K, capacity 12849K, committed 12928K, reserved 1048576K
}
Event: 59.284 GC heap before
{Heap before GC invocations=62 (full 5):
 PSYoungGen      total 1128960K, used 1127040K [0x000000066ab00000, 0x00000006aff80000, 0x00000007c0000000)
  eden space 1126912K, 100% used [0x000000066ab00000,0x00000006af780000,0x00000006af780000)
  from space 2048K, 6% used [0x00000006afd80000,0x00000006afda0000,0x00000006aff80000)
  to   space 4096K, 0% used [0x00000006af780000,0x00000006af780000,0x00000006afb80000)
 ParOldGen       total 268800K, used 130672K [0x00000003c0000000, 0x00000003d0680000, 0x000000066ab00000)
  object space 268800K, 48% used [0x00000003c0000000,0x00000003c7f9c158,0x00000003d0680000)
 Metaspace       used 91579K, capacity 92554K, committed 92760K, reserved 1128448K
  class space    used 12634K, capacity 12849K, committed 12928K, reserved 1048576K
Event: 59.287 GC heap after
Heap after GC invocations=62 (full 5):
 PSYoungGen      total 1131008K, used 64K [0x000000066ab00000, 0x00000006b1e00000, 0x00000007c0000000)
  eden space 1126912K, 0% used [0x000000066ab00000,0x000000066ab00000,0x00000006af780000)
  from space 4096K, 1% used [0x00000006af780000,0x00000006af790000,0x00000006afb80000)
  to   space 4096K, 0% used [0x00000006b1a00000,0x00000006b1a00000,0x00000006b1e00000)
 ParOldGen       total 268800K, used 130680K [0x00000003c0000000, 0x00000003d0680000, 0x000000066ab00000)
  object space 268800K, 48% used [0x00000003c0000000,0x00000003c7f9e158,0x00000003d0680000)
 Metaspace       used 91579K, capacity 92554K, committed 92760K, reserved 1128448K
  class space    used 12634K, capacity 12849K, committed 12928K, reserved 1048576K
}
Event: 60.223 GC heap before
{Heap before GC invocations=63 (full 5):
 PSYoungGen      total 1131008K, used 1126976K [0x000000066ab00000, 0x00000006b1e00000, 0x00000007c0000000)
  eden space 1126912K, 100% used [0x000000066ab00000,0x00000006af780000,0x00000006af780000)
  from space 4096K, 1% used [0x00000006af780000,0x00000006af790000,0x00000006afb80000)
  to   space 4096K, 0% used [0x00000006b1a00000,0x00000006b1a00000,0x00000006b1e00000)
 ParOldGen       total 268800K, used 130680K [0x00000003c0000000, 0x00000003d0680000, 0x000000066ab00000)
  object space 268800K, 48% used [0x00000003c0000000,0x00000003c7f9e158,0x00000003d0680000)
 Metaspace       used 91579K, capacity 92554K, committed 92760K, reserved 1128448K
  class space    used 12634K, capacity 12849K, committed 12928K, reserved 1048576K
Event: 60.225 GC heap after
Heap after GC invocations=63 (full 5):
 PSYoungGen      total 1159168K, used 320K [0x000000066ab00000, 0x00000006b1c00000, 0x00000007c0000000)
  eden space 1157120K, 0% used [0x000000066ab00000,0x000000066ab00000,0x00000006b1500000)
  from space 2048K, 15% used [0x00000006b1a00000,0x00000006b1a50000,0x00000006b1c00000)
  to   space 3584K, 0% used [0x00000006b1500000,0x00000006b1500000,0x00000006b1880000)
 ParOldGen       total 268800K, used 130680K [0x00000003c0000000, 0x00000003d0680000, 0x000000066ab00000)
  object space 268800K, 48% used [0x00000003c0000000,0x00000003c7f9e158,0x00000003d0680000)
 Metaspace       used 91579K, capacity 92554K, committed 92760K, reserved 1128448K
  class space    used 12634K, capacity 12849K, committed 12928K, reserved 1048576K
}
Event: 61.201 GC heap before
{Heap before GC invocations=64 (full 5):
 PSYoungGen      total 1159168K, used 1157440K [0x000000066ab00000, 0x00000006b1c00000, 0x00000007c0000000)
  eden space 1157120K, 100% used [0x000000066ab00000,0x00000006b1500000,0x00000006b1500000)
  from space 2048K, 15% used [0x00000006b1a00000,0x00000006b1a50000,0x00000006b1c00000)
  to   space 3584K, 0% used [0x00000006b1500000,0x00000006b1500000,0x00000006b1880000)
 ParOldGen       total 268800K, used 130680K [0x00000003c0000000, 0x00000003d0680000, 0x000000066ab00000)
  object space 268800K, 48% used [0x00000003c0000000,0x00000003c7f9e158,0x00000003d0680000)
 Metaspace       used 91579K, capacity 92554K, committed 92760K, reserved 1128448K
  class space    used 12634K, capacity 12849K, committed 12928K, reserved 1048576K
Event: 61.204 GC heap after
Heap after GC invocations=64 (full 5):
 PSYoungGen      total 1160704K, used 64K [0x000000066ab00000, 0x00000006b3900000, 0x00000007c0000000)
  eden space 1157120K, 0% used [0x000000066ab00000,0x000000066ab00000,0x00000006b1500000)
  from space 3584K, 1% used [0x00000006b1500000,0x00000006b1510000,0x00000006b1880000)
  to   space 3584K, 0% used [0x00000006b3580000,0x00000006b3580000,0x00000006b3900000)
 ParOldGen       total 268800K, used 130688K [0x00000003c0000000, 0x00000003d0680000, 0x000000066ab00000)
  object space 268800K, 48% used [0x00000003c0000000,0x00000003c7fa0158,0x00000003d0680000)
 Metaspace       used 91579K, capacity 92554K, committed 92760K, reserved 1128448K
  class space    used 12634K, capacity 12849K, committed 12928K, reserved 1048576K
}
Event: 62.171 GC heap before
{Heap before GC invocations=65 (full 5):
 PSYoungGen      total 1160704K, used 1157184K [0x000000066ab00000, 0x00000006b3900000, 0x00000007c0000000)
  eden space 1157120K, 100% used [0x000000066ab00000,0x00000006b1500000,0x00000006b1500000)
  from space 3584K, 1% used [0x00000006b1500000,0x00000006b1510000,0x00000006b1880000)
  to   space 3584K, 0% used [0x00000006b3580000,0x00000006b3580000,0x00000006b3900000)
 ParOldGen       total 268800K, used 130688K [0x00000003c0000000, 0x00000003d0680000, 0x000000066ab00000)
  object space 268800K, 48% used [0x00000003c0000000,0x00000003c7fa0158,0x00000003d0680000)
 Metaspace       used 91579K, capacity 92554K, committed 92760K, reserved 1128448K
  class space    used 12634K, capacity 12849K, committed 12928K, reserved 1048576K
Event: 62.173 GC heap after
Heap after GC invocations=65 (full 5):
 PSYoungGen      total 1187328K, used 288K [0x000000066ab00000, 0x00000006b3700000, 0x00000007c0000000)
  eden space 1185792K, 0% used [0x000000066ab00000,0x000000066ab00000,0x00000006b3100000)
  from space 1536K, 18% used [0x00000006b3580000,0x00000006b35c8000,0x00000006b3700000)
  to   space 3072K, 0% used [0x00000006b3100000,0x00000006b3100000,0x00000006b3400000)
 ParOldGen       total 268800K, used 130688K [0x00000003c0000000, 0x00000003d0680000, 0x000000066ab00000)
  object space 268800K, 48% used [0x00000003c0000000,0x00000003c7fa0158,0x00000003d0680000)
 Metaspace       used 91579K, capacity 92554K, committed 92760K, reserved 1128448K
  class space    used 12634K, capacity 12849K, committed 12928K, reserved 1048576K
}
Event: 63.185 GC heap before
{Heap before GC invocations=66 (full 5):
 PSYoungGen      total 1187328K, used 1186080K [0x000000066ab00000, 0x00000006b3700000, 0x00000007c0000000)
  eden space 1185792K, 100% used [0x000000066ab00000,0x00000006b3100000,0x00000006b3100000)
  from space 1536K, 18% used [0x00000006b3580000,0x00000006b35c8000,0x00000006b3700000)
  to   space 3072K, 0% used [0x00000006b3100000,0x00000006b3100000,0x00000006b3400000)
 ParOldGen       total 268800K, used 130688K [0x00000003c0000000, 0x00000003d0680000, 0x000000066ab00000)
  object space 268800K, 48% used [0x00000003c0000000,0x00000003c7fa0158,0x00000003d0680000)
 Metaspace       used 91579K, capacity 92554K, committed 92760K, reserved 1128448K
  class space    used 12634K, capacity 12849K, committed 12928K, reserved 1048576K
Event: 63.191 GC heap after
Heap after GC invocations=66 (full 5):
 PSYoungGen      total 1188864K, used 2400K [0x000000066ab00000, 0x00000006b5880000, 0x00000007c0000000)
  eden space 1185792K, 0% used [0x000000066ab00000,0x000000066ab00000,0x00000006b3100000)
  from space 3072K, 78% used [0x00000006b3100000,0x00000006b3358000,0x00000006b3400000)
  to   space 3584K, 0% used [0x00000006b5500000,0x00000006b5500000,0x00000006b5880000)
 ParOldGen       total 268800K, used 130688K [0x00000003c0000000, 0x00000003d0680000, 0x000000066ab00000)
  object space 268800K, 48% used [0x00000003c0000000,0x00000003c7fa0158,0x00000003d0680000)
 Metaspace       used 91579K, capacity 92554K, committed 92760K, reserved 1128448K
  class space    used 12634K, capacity 12849K, committed 12928K, reserved 1048576K
}
Event: 64.163 GC heap before
{Heap before GC invocations=67 (full 5):
 PSYoungGen      total 1188864K, used 1188192K [0x000000066ab00000, 0x00000006b5880000, 0x00000007c0000000)
  eden space 1185792K, 100% used [0x000000066ab00000,0x00000006b3100000,0x00000006b3100000)
  from space 3072K, 78% used [0x00000006b3100000,0x00000006b3358000,0x00000006b3400000)
  to   space 3584K, 0% used [0x00000006b5500000,0x00000006b5500000,0x00000006b5880000)
 ParOldGen       total 268800K, used 130688K [0x00000003c0000000, 0x00000003d0680000, 0x000000066ab00000)
  object space 268800K, 48% used [0x00000003c0000000,0x00000003c7fa0158,0x00000003d0680000)
 Metaspace       used 91579K, capacity 92554K, committed 92760K, reserved 1128448K
  class space    used 12634K, capacity 12849K, committed 12928K, reserved 1048576K
Event: 64.167 GC heap after
Heap after GC invocations=67 (full 5):
 PSYoungGen      total 1222656K, used 64K [0x000000066ab00000, 0x00000006b5900000, 0x00000007c0000000)
  eden space 1219072K, 0% used [0x000000066ab00000,0x000000066ab00000,0x00000006b5180000)
  from space 3584K, 1% used [0x00000006b5500000,0x00000006b5510000,0x00000006b5880000)
  to   space 3584K, 0% used [0x00000006b5180000,0x00000006b5180000,0x00000006b5500000)
 ParOldGen       total 268800K, used 130688K [0x00000003c0000000, 0x00000003d0680000, 0x000000066ab00000)
  object space 268800K, 48% used [0x00000003c0000000,0x00000003c7fa0158,0x00000003d0680000)
 Metaspace       used 91579K, capacity 92554K, committed 92760K, reserved 1128448K
  class space    used 12634K, capacity 12849K, committed 12928K, reserved 1048576K
}
Event: 65.189 GC heap before
{Heap before GC invocations=68 (full 5):
 PSYoungGen      total 1222656K, used 1219136K [0x000000066ab00000, 0x00000006b5900000, 0x00000007c0000000)
  eden space 1219072K, 100% used [0x000000066ab00000,0x00000006b5180000,0x00000006b5180000)
  from space 3584K, 1% used [0x00000006b5500000,0x00000006b5510000,0x00000006b5880000)
  to   space 3584K, 0% used [0x00000006b5180000,0x00000006b5180000,0x00000006b5500000)
 ParOldGen       total 268800K, used 130688K [0x00000003c0000000, 0x00000003d0680000, 0x000000066ab00000)
  object space 268800K, 48% used [0x00000003c0000000,0x00000003c7fa0158,0x00000003d0680000)
 Metaspace       used 91579K, capacity 92554K, committed 92760K, reserved 1128448K
  class space    used 12634K, capacity 12849K, committed 12928K, reserved 1048576K
Event: 65.192 GC heap after
Heap after GC invocations=68 (full 5):
 PSYoungGen      total 1222656K, used 160K [0x000000066ab00000, 0x00000006b7880000, 0x00000007c0000000)
  eden space 1219072K, 0% used [0x000000066ab00000,0x000000066ab00000,0x00000006b5180000)
  from space 3584K, 4% used [0x00000006b5180000,0x00000006b51a8000,0x00000006b5500000)
  to   space 3584K, 0% used [0x00000006b7500000,0x00000006b7500000,0x00000006b7880000)
 ParOldGen       total 268800K, used 130688K [0x00000003c0000000, 0x00000003d0680000, 0x000000066ab00000)
  object space 268800K, 48% used [0x00000003c0000000,0x00000003c7fa0158,0x00000003d0680000)
 Metaspace       used 91579K, capacity 92554K, committed 92760K, reserved 1128448K
  class space    used 12634K, capacity 12849K, committed 12928K, reserved 1048576K
}
Event: 66.203 GC heap before
{Heap before GC invocations=69 (full 5):
 PSYoungGen      total 1222656K, used 1219232K [0x000000066ab00000, 0x00000006b7880000, 0x00000007c0000000)
  eden space 1219072K, 100% used [0x000000066ab00000,0x00000006b5180000,0x00000006b5180000)
  from space 3584K, 4% used [0x00000006b5180000,0x00000006b51a8000,0x00000006b5500000)
  to   space 3584K, 0% used [0x00000006b7500000,0x00000006b7500000,0x00000006b7880000)
 ParOldGen       total 268800K, used 130688K [0x00000003c0000000, 0x00000003d0680000, 0x000000066ab00000)
  object space 268800K, 48% used [0x00000003c0000000,0x00000003c7fa0158,0x00000003d0680000)
 Metaspace       used 91580K, capacity 92554K, committed 92760K, reserved 1128448K
  class space    used 12634K, capacity 12849K, committed 12928K, reserved 1048576K
Event: 66.208 GC heap after
Heap after GC invocations=69 (full 5):
 PSYoungGen      total 1255424K, used 2393K [0x000000066ab00000, 0x00000006b7c80000, 0x00000007c0000000)
  eden space 1251840K, 0% used [0x000000066ab00000,0x000000066ab00000,0x00000006b7180000)
  from space 3584K, 66% used [0x00000006b7500000,0x00000006b7756598,0x00000006b7880000)
  to   space 3584K, 0% used [0x00000006b7180000,0x00000006b7180000,0x00000006b7500000)
 ParOldGen       total 268800K, used 130688K [0x00000003c0000000, 0x00000003d0680000, 0x000000066ab00000)
  object space 268800K, 48% used [0x00000003c0000000,0x00000003c7fa0158,0x00000003d0680000)
 Metaspace       used 91580K, capacity 92554K, committed 92760K, reserved 1128448K
  class space    used 12634K, capacity 12849K, committed 12928K, reserved 1048576K
}
Event: 67.251 GC heap before
{Heap before GC invocations=70 (full 5):
 PSYoungGen      total 1255424K, used 1254233K [0x000000066ab00000, 0x00000006b7c80000, 0x00000007c0000000)
  eden space 1251840K, 100% used [0x000000066ab00000,0x00000006b7180000,0x00000006b7180000)
  from space 3584K, 66% used [0x00000006b7500000,0x00000006b7756598,0x00000006b7880000)
  to   space 3584K, 0% used [0x00000006b7180000,0x00000006b7180000,0x00000006b7500000)
 ParOldGen       total 268800K, used 130688K [0x00000003c0000000, 0x00000003d0680000, 0x000000066ab00000)
  object space 268800K, 48% used [0x00000003c0000000,0x00000003c7fa0158,0x00000003d0680000)
 Metaspace       used 91589K, capacity 92554K, committed 92760K, reserved 1128448K
  class space    used 12634K, capacity 12849K, committed 12928K, reserved 1048576K
Event: 67.255 GC heap after
Heap after GC invocations=70 (full 5):
 PSYoungGen      total 1255424K, used 96K [0x000000066ab00000, 0x00000006b9c80000, 0x00000007c0000000)
  eden space 1251840K, 0% used [0x000000066ab00000,0x000000066ab00000,0x00000006b7180000)
  from space 3584K, 2% used [0x00000006b7180000,0x00000006b7198000,0x00000006b7500000)
  to   space 3584K, 0% used [0x00000006b9900000,0x00000006b9900000,0x00000006b9c80000)
 ParOldGen       total 268800K, used 130688K [0x00000003c0000000, 0x00000003d0680000, 0x000000066ab00000)
  object space 268800K, 48% used [0x00000003c0000000,0x00000003c7fa0158,0x00000003d0680000)
 Metaspace       used 91589K, capacity 92554K, committed 92760K, reserved 1128448K
  class space    used 12634K, capacity 12849K, committed 12928K, reserved 1048576K
}
Event: 68.279 GC heap before
{Heap before GC invocations=71 (full 5):
 PSYoungGen      total 1255424K, used 1251936K [0x000000066ab00000, 0x00000006b9c80000, 0x00000007c0000000)
  eden space 1251840K, 100% used [0x000000066ab00000,0x00000006b7180000,0x00000006b7180000)
  from space 3584K, 2% used [0x00000006b7180000,0x00000006b7198000,0x00000006b7500000)
  to   space 3584K, 0% used [0x00000006b9900000,0x00000006b9900000,0x00000006b9c80000)
 ParOldGen       total 268800K, used 130688K [0x00000003c0000000, 0x00000003d0680000, 0x000000066ab00000)
  object space 268800K, 48% used [0x00000003c0000000,0x00000003c7fa0158,0x00000003d0680000)
 Metaspace       used 91589K, capacity 92554K, committed 92760K, reserved 1128448K
  class space    used 12634K, capacity 12849K, committed 12928K, reserved 1048576K
Event: 68.281 GC heap after
Heap after GC invocations=71 (full 5):
 PSYoungGen      total 1287168K, used 64K [0x000000066ab00000, 0x00000006b9a00000, 0x00000007c0000000)
  eden space 1286144K, 0% used [0x000000066ab00000,0x000000066ab00000,0x00000006b9300000)
  from space 1024K, 6% used [0x00000006b9900000,0x00000006b9910000,0x00000006b9a00000)
  to   space 3584K, 0% used [0x00000006b9300000,0x00000006b9300000,0x00000006b9680000)
 ParOldGen       total 268800K, used 130688K [0x00000003c0000000, 0x00000003d0680000, 0x000000066ab00000)
  object space 268800K, 48% used [0x00000003c0000000,0x00000003c7fa0158,0x00000003d0680000)
 Metaspace       used 91589K, capacity 92554K, committed 92760K, reserved 1128448K
  class space    used 12634K, capacity 12849K, committed 12928K, reserved 1048576K
}
Event: 69.345 GC heap before
{Heap before GC invocations=72 (full 5):
 PSYoungGen      total 1287168K, used 1286208K [0x000000066ab00000, 0x00000006b9a00000, 0x00000007c0000000)
  eden space 1286144K, 100% used [0x000000066ab00000,0x00000006b9300000,0x00000006b9300000)
  from space 1024K, 6% used [0x00000006b9900000,0x00000006b9910000,0x00000006b9a00000)
  to   space 3584K, 0% used [0x00000006b9300000,0x00000006b9300000,0x00000006b9680000)
 ParOldGen       total 268800K, used 130688K [0x00000003c0000000, 0x00000003d0680000, 0x000000066ab00000)
  object space 268800K, 48% used [0x00000003c0000000,0x00000003c7fa0158,0x00000003d0680000)
 Metaspace       used 91600K, capacity 92554K, committed 92760K, reserved 1128448K
  class space    used 12634K, capacity 12849K, committed 12928K, reserved 1048576K
Event: 69.349 GC heap after
Heap after GC invocations=72 (full 5):
 PSYoungGen      total 1289728K, used 352K [0x000000066ab00000, 0x00000006bba00000, 0x00000007c0000000)
  eden space 1286144K, 0% used [0x000000066ab00000,0x000000066ab00000,0x00000006b9300000)
  from space 3584K, 9% used [0x00000006b9300000,0x00000006b9358000,0x00000006b9680000)
  to   space 3072K, 0% used [0x00000006bb700000,0x00000006bb700000,0x00000006bba00000)
 ParOldGen       total 268800K, used 130688K [0x00000003c0000000, 0x00000003d0680000, 0x000000066ab00000)
  object space 268800K, 48% used [0x00000003c0000000,0x00000003c7fa0158,0x00000003d0680000)
 Metaspace       used 91600K, capacity 92554K, committed 92760K, reserved 1128448K
  class space    used 12634K, capacity 12849K, committed 12928K, reserved 1048576K
}
Event: 70.394 GC heap before
{Heap before GC invocations=73 (full 5):
 PSYoungGen      total 1289728K, used 1286496K [0x000000066ab00000, 0x00000006bba00000, 0x00000007c0000000)
  eden space 1286144K, 100% used [0x000000066ab00000,0x00000006b9300000,0x00000006b9300000)
  from space 3584K, 9% used [0x00000006b9300000,0x00000006b9358000,0x00000006b9680000)
  to   space 3072K, 0% used [0x00000006bb700000,0x00000006bb700000,0x00000006bba00000)
 ParOldGen       total 268800K, used 130688K [0x00000003c0000000, 0x00000003d0680000, 0x000000066ab00000)
  object space 268800K, 48% used [0x00000003c0000000,0x00000003c7fa0158,0x00000003d0680000)
 Metaspace       used 91600K, capacity 92554K, committed 92760K, reserved 1128448K
  class space    used 12634K, capacity 12849K, committed 12928K, reserved 1048576K
Event: 70.397 GC heap after
Heap after GC invocations=73 (full 5):
 PSYoungGen      total 1319936K, used 128K [0x000000066ab00000, 0x00000006bb880000, 0x00000007c0000000)
  eden space 1318400K, 0% used [0x000000066ab00000,0x000000066ab00000,0x00000006bb280000)
  from space 1536K, 8% used [0x00000006bb700000,0x00000006bb720000,0x00000006bb880000)
  to   space 3072K, 0% used [0x00000006bb280000,0x00000006bb280000,0x00000006bb580000)
 ParOldGen       total 268800K, used 130688K [0x00000003c0000000, 0x00000003d0680000, 0x000000066ab00000)
  object space 268800K, 48% used [0x00000003c0000000,0x00000003c7fa0158,0x00000003d0680000)
 Metaspace       used 91600K, capacity 92554K, committed 92760K, reserved 1128448K
  class space    used 12634K, capacity 12849K, committed 12928K, reserved 1048576K
}
Event: 71.485 GC heap before
{Heap before GC invocations=74 (full 5):
 PSYoungGen      total 1319936K, used 1318528K [0x000000066ab00000, 0x00000006bb880000, 0x00000007c0000000)
  eden space 1318400K, 100% used [0x000000066ab00000,0x00000006bb280000,0x00000006bb280000)
  from space 1536K, 8% used [0x00000006bb700000,0x00000006bb720000,0x00000006bb880000)
  to   space 3072K, 0% used [0x00000006bb280000,0x00000006bb280000,0x00000006bb580000)
 ParOldGen       total 268800K, used 130688K [0x00000003c0000000, 0x00000003d0680000, 0x000000066ab00000)
  object space 268800K, 48% used [0x00000003c0000000,0x00000003c7fa0158,0x00000003d0680000)
 Metaspace       used 91600K, capacity 92554K, committed 92760K, reserved 1128448K
  class space    used 12634K, capacity 12849K, committed 12928K, reserved 1048576K
Event: 71.488 GC heap after
Heap after GC invocations=74 (full 5):
 PSYoungGen      total 1321472K, used 96K [0x000000066ab00000, 0x00000006bd700000, 0x00000007c0000000)
  eden space 1318400K, 0% used [0x000000066ab00000,0x000000066ab00000,0x00000006bb280000)
  from space 3072K, 3% used [0x00000006bb280000,0x00000006bb298000,0x00000006bb580000)
  to   space 3072K, 0% used [0x00000006bd400000,0x00000006bd400000,0x00000006bd700000)
 ParOldGen       total 268800K, used 130688K [0x00000003c0000000, 0x00000003d0680000, 0x000000066ab00000)
  object space 268800K, 48% used [0x00000003c0000000,0x00000003c7fa0158,0x00000003d0680000)
 Metaspace       used 91600K, capacity 92554K, committed 92760K, reserved 1128448K
  class space    used 12634K, capacity 12849K, committed 12928K, reserved 1048576K
}
Event: 72.590 GC heap before
{Heap before GC invocations=75 (full 5):
 PSYoungGen      total 1321472K, used 1318496K [0x000000066ab00000, 0x00000006bd700000, 0x00000007c0000000)
  eden space 1318400K, 100% used [0x000000066ab00000,0x00000006bb280000,0x00000006bb280000)
  from space 3072K, 3% used [0x00000006bb280000,0x00000006bb298000,0x00000006bb580000)
  to   space 3072K, 0% used [0x00000006bd400000,0x00000006bd400000,0x00000006bd700000)
 ParOldGen       total 268800K, used 130688K [0x00000003c0000000, 0x00000003d0680000, 0x000000066ab00000)
  object space 268800K, 48% used [0x00000003c0000000,0x00000003c7fa0158,0x00000003d0680000)
 Metaspace       used 91600K, capacity 92554K, committed 92760K, reserved 1128448K
  class space    used 12634K, capacity 12849K, committed 12928K, reserved 1048576K
Event: 72.599 GC heap after
Heap after GC invocations=75 (full 5):
 PSYoungGen      total 1351168K, used 3071K [0x000000066ab00000, 0x00000006be600000, 0x00000007c0000000)
  eden space 1348096K, 0% used [0x000000066ab00000,0x000000066ab00000,0x00000006bcf80000)
  from space 3072K, 99% used [0x00000006bd400000,0x00000006bd6fff48,0x00000006bd700000)
  to   space 4608K, 0% used [0x00000006bcf80000,0x00000006bcf80000,0x00000006bd400000)
 ParOldGen       total 268800K, used 132608K [0x00000003c0000000, 0x00000003d0680000, 0x000000066ab00000)
  object space 268800K, 49% used [0x00000003c0000000,0x00000003c8180158,0x00000003d0680000)
 Metaspace       used 91600K, capacity 92554K, committed 92760K, reserved 1128448K
  class space    used 12634K, capacity 12849K, committed 12928K, reserved 1048576K
}
Event: 73.681 GC heap before
{Heap before GC invocations=76 (full 5):
 PSYoungGen      total 1351168K, used 1351167K [0x000000066ab00000, 0x00000006be600000, 0x00000007c0000000)
  eden space 1348096K, 100% used [0x000000066ab00000,0x00000006bcf80000,0x00000006bcf80000)
  from space 3072K, 99% used [0x00000006bd400000,0x00000006bd6fff48,0x00000006bd700000)
  to   space 4608K, 0% used [0x00000006bcf80000,0x00000006bcf80000,0x00000006bd400000)
 ParOldGen       total 268800K, used 132608K [0x00000003c0000000, 0x00000003d0680000, 0x000000066ab00000)
  object space 268800K, 49% used [0x00000003c0000000,0x00000003c8180158,0x00000003d0680000)
 Metaspace       used 91600K, capacity 92554K, committed 92760K, reserved 1128448K
  class space    used 12634K, capacity 12849K, committed 12928K, reserved 1048576K
Event: 73.684 GC heap after
Heap after GC invocations=76 (full 5):
 PSYoungGen      total 1352704K, used 64K [0x000000066ab00000, 0x00000006c0000000, 0x00000007c0000000)
  eden space 1348096K, 0% used [0x000000066ab00000,0x000000066ab00000,0x00000006bcf80000)
  from space 4608K, 1% used [0x00000006bcf80000,0x00000006bcf90000,0x00000006bd400000)
  to   space 4096K, 0% used [0x00000006bfc00000,0x00000006bfc00000,0x00000006c0000000)
 ParOldGen       total 268800K, used 132616K [0x00000003c0000000, 0x00000003d0680000, 0x000000066ab00000)
  object space 268800K, 49% used [0x00000003c0000000,0x00000003c8182158,0x00000003d0680000)
 Metaspace       used 91600K, capacity 92554K, committed 92760K, reserved 1128448K
  class space    used 12634K, capacity 12849K, committed 12928K, reserved 1048576K
}
Event: 74.771 GC heap before
{Heap before GC invocations=77 (full 5):
 PSYoungGen      total 1352704K, used 1348160K [0x000000066ab00000, 0x00000006c0000000, 0x00000007c0000000)
  eden space 1348096K, 100% used [0x000000066ab00000,0x00000006bcf80000,0x00000006bcf80000)
  from space 4608K, 1% used [0x00000006bcf80000,0x00000006bcf90000,0x00000006bd400000)
  to   space 4096K, 0% used [0x00000006bfc00000,0x00000006bfc00000,0x00000006c0000000)
 ParOldGen       total 268800K, used 132616K [0x00000003c0000000, 0x00000003d0680000, 0x000000066ab00000)
  object space 268800K, 49% used [0x00000003c0000000,0x00000003c8182158,0x00000003d0680000)
 Metaspace       used 91602K, capacity 92554K, committed 92760K, reserved 1128448K
  class space    used 12634K, capacity 12849K, committed 12928K, reserved 1048576K
Event: 74.774 GC heap after
Heap after GC invocations=77 (full 5):
 PSYoungGen      total 1386496K, used 96K [0x000000066ab00000, 0x00000006bfc80000, 0x00000007c0000000)
  eden space 1385984K, 0% used [0x000000066ab00000,0x000000066ab00000,0x00000006bf480000)
  from space 512K, 18% used [0x00000006bfc00000,0x00000006bfc18000,0x00000006bfc80000)
  to   space 4096K, 0% used [0x00000006bf480000,0x00000006bf480000,0x00000006bf880000)
 ParOldGen       total 268800K, used 132616K [0x00000003c0000000, 0x00000003d0680000, 0x000000066ab00000)
  object space 268800K, 49% used [0x00000003c0000000,0x00000003c8182158,0x00000003d0680000)
 Metaspace       used 91602K, capacity 92554K, committed 92760K, reserved 1128448K
  class space    used 12634K, capacity 12849K, committed 12928K, reserved 1048576K
}
Event: 75.911 GC heap before
{Heap before GC invocations=78 (full 5):
 PSYoungGen      total 1386496K, used 1386080K [0x000000066ab00000, 0x00000006bfc80000, 0x00000007c0000000)
  eden space 1385984K, 100% used [0x000000066ab00000,0x00000006bf480000,0x00000006bf480000)
  from space 512K, 18% used [0x00000006bfc00000,0x00000006bfc18000,0x00000006bfc80000)
  to   space 4096K, 0% used [0x00000006bf480000,0x00000006bf480000,0x00000006bf880000)
 ParOldGen       total 268800K, used 132616K [0x00000003c0000000, 0x00000003d0680000, 0x000000066ab00000)
  object space 268800K, 49% used [0x00000003c0000000,0x00000003c8182158,0x00000003d0680000)
 Metaspace       used 91604K, capacity 92554K, committed 92760K, reserved 1128448K
  class space    used 12634K, capacity 12849K, committed 12928K, reserved 1048576K
Event: 75.914 GC heap after
Heap after GC invocations=78 (full 5):
 PSYoungGen      total 1390080K, used 96K [0x000000066ab00000, 0x00000006c2000000, 0x00000007c0000000)
  eden space 1385984K, 0% used [0x000000066ab00000,0x000000066ab00000,0x00000006bf480000)
  from space 4096K, 2% used [0x00000006bf480000,0x00000006bf498000,0x00000006bf880000)
  to   space 4096K, 0% used [0x00000006c1c00000,0x00000006c1c00000,0x00000006c2000000)
 ParOldGen       total 268800K, used 132616K [0x00000003c0000000, 0x00000003d0680000, 0x000000066ab00000)
  object space 268800K, 49% used [0x00000003c0000000,0x00000003c8182158,0x00000003d0680000)
 Metaspace       used 91604K, capacity 92554K, committed 92760K, reserved 1128448K
  class space    used 12634K, capacity 12849K, committed 12928K, reserved 1048576K
}
Event: 77.035 GC heap before
{Heap before GC invocations=79 (full 5):
 PSYoungGen      total 1390080K, used 1386080K [0x000000066ab00000, 0x00000006c2000000, 0x00000007c0000000)
  eden space 1385984K, 100% used [0x000000066ab00000,0x00000006bf480000,0x00000006bf480000)
  from space 4096K, 2% used [0x00000006bf480000,0x00000006bf498000,0x00000006bf880000)
  to   space 4096K, 0% used [0x00000006c1c00000,0x00000006c1c00000,0x00000006c2000000)
 ParOldGen       total 268800K, used 132616K [0x00000003c0000000, 0x00000003d0680000, 0x000000066ab00000)
  object space 268800K, 49% used [0x00000003c0000000,0x00000003c8182158,0x00000003d0680000)
 Metaspace       used 91615K, capacity 92554K, committed 92760K, reserved 1128448K
  class space    used 12634K, capacity 12849K, committed 12928K, reserved 1048576K
Event: 77.039 GC heap after
Heap after GC invocations=79 (full 5):
 PSYoungGen      total 1422336K, used 224K [0x000000066ab00000, 0x00000006c1d80000, 0x00000007c0000000)
  eden space 1420800K, 0% used [0x000000066ab00000,0x000000066ab00000,0x00000006c1680000)
  from space 1536K, 14% used [0x00000006c1c00000,0x00000006c1c38000,0x00000006c1d80000)
  to   space 3584K, 0% used [0x00000006c1680000,0x00000006c1680000,0x00000006c1a00000)
 ParOldGen       total 268800K, used 132624K [0x00000003c0000000, 0x00000003d0680000, 0x000000066ab00000)
  object space 268800K, 49% used [0x00000003c0000000,0x00000003c8184158,0x00000003d0680000)
 Metaspace       used 91615K, capacity 92554K, committed 92760K, reserved 1128448K
  class space    used 12634K, capacity 12849K, committed 12928K, reserved 1048576K
}
Event: 78.190 GC heap before
{Heap before GC invocations=80 (full 5):
 PSYoungGen      total 1422336K, used 1421024K [0x000000066ab00000, 0x00000006c1d80000, 0x00000007c0000000)
  eden space 1420800K, 100% used [0x000000066ab00000,0x00000006c1680000,0x00000006c1680000)
  from space 1536K, 14% used [0x00000006c1c00000,0x00000006c1c38000,0x00000006c1d80000)
  to   space 3584K, 0% used [0x00000006c1680000,0x00000006c1680000,0x00000006c1a00000)
 ParOldGen       total 268800K, used 132624K [0x00000003c0000000, 0x00000003d0680000, 0x000000066ab00000)
  object space 268800K, 49% used [0x00000003c0000000,0x00000003c8184158,0x00000003d0680000)
 Metaspace       used 91616K, capacity 92554K, committed 92760K, reserved 1128448K
  class space    used 12634K, capacity 12849K, committed 12928K, reserved 1048576K
Event: 78.193 GC heap after
Heap after GC invocations=80 (full 5):
 PSYoungGen      total 1424384K, used 224K [0x000000066ab00000, 0x00000006c3e80000, 0x00000007c0000000)
  eden space 1420800K, 0% used [0x000000066ab00000,0x000000066ab00000,0x00000006c1680000)
  from space 3584K, 6% used [0x00000006c1680000,0x00000006c16b8000,0x00000006c1a00000)
  to   space 3584K, 0% used [0x00000006c3b00000,0x00000006c3b00000,0x00000006c3e80000)
 ParOldGen       total 268800K, used 132624K [0x00000003c0000000, 0x00000003d0680000, 0x000000066ab00000)
  object space 268800K, 49% used [0x00000003c0000000,0x00000003c8184158,0x00000003d0680000)
 Metaspace       used 91616K, capacity 92554K, committed 92760K, reserved 1128448K
  class space    used 12634K, capacity 12849K, committed 12928K, reserved 1048576K
}
Event: 79.334 GC heap before
{Heap before GC invocations=81 (full 5):
 PSYoungGen      total 1424384K, used 1421024K [0x000000066ab00000, 0x00000006c3e80000, 0x00000007c0000000)
  eden space 1420800K, 100% used [0x000000066ab00000,0x00000006c1680000,0x00000006c1680000)
  from space 3584K, 6% used [0x00000006c1680000,0x00000006c16b8000,0x00000006c1a00000)
  to   space 3584K, 0% used [0x00000006c3b00000,0x00000006c3b00000,0x00000006c3e80000)
 ParOldGen       total 268800K, used 132624K [0x00000003c0000000, 0x00000003d0680000, 0x000000066ab00000)
  object space 268800K, 49% used [0x00000003c0000000,0x00000003c8184158,0x00000003d0680000)
 Metaspace       used 91616K, capacity 92554K, committed 92760K, reserved 1128448K
  class space    used 12634K, capacity 12849K, committed 12928K, reserved 1048576K
Event: 79.337 GC heap after
Heap after GC invocations=81 (full 5):
 PSYoungGen      total 1455104K, used 64K [0x000000066ab00000, 0x00000006c3d00000, 0x00000007c0000000)
  eden space 1453056K, 0% used [0x000000066ab00000,0x000000066ab00000,0x00000006c3600000)
  from space 2048K, 3% used [0x00000006c3b00000,0x00000006c3b10000,0x00000006c3d00000)
  to   space 3584K, 0% used [0x00000006c3600000,0x00000006c3600000,0x00000006c3980000)
 ParOldGen       total 268800K, used 132632K [0x00000003c0000000, 0x00000003d0680000, 0x000000066ab00000)
  object space 268800K, 49% used [0x00000003c0000000,0x00000003c8186158,0x00000003d0680000)
 Metaspace       used 91616K, capacity 92554K, committed 92760K, reserved 1128448K
  class space    used 12634K, capacity 12849K, committed 12928K, reserved 1048576K
}
Event: 80.547 GC heap before
{Heap before GC invocations=82 (full 5):
 PSYoungGen      total 1455104K, used 1453120K [0x000000066ab00000, 0x00000006c3d00000, 0x00000007c0000000)
  eden space 1453056K, 100% used [0x000000066ab00000,0x00000006c3600000,0x00000006c3600000)
  from space 2048K, 3% used [0x00000006c3b00000,0x00000006c3b10000,0x00000006c3d00000)
  to   space 3584K, 0% used [0x00000006c3600000,0x00000006c3600000,0x00000006c3980000)
 ParOldGen       total 268800K, used 132632K [0x00000003c0000000, 0x00000003d0680000, 0x000000066ab00000)
  object space 268800K, 49% used [0x00000003c0000000,0x00000003c8186158,0x00000003d0680000)
 Metaspace       used 91616K, capacity 92554K, committed 92760K, reserved 1128448K
  class space    used 12634K, capacity 12849K, committed 12928K, reserved 1048576K
Event: 80.552 GC heap after
Heap after GC invocations=82 (full 5):
 PSYoungGen      total 1456640K, used 2400K [0x000000066ab00000, 0x00000006c6000000, 0x00000007c0000000)
  eden space 1453056K, 0% used [0x000000066ab00000,0x000000066ab00000,0x00000006c3600000)
  from space 3584K, 66% used [0x00000006c3600000,0x00000006c3858010,0x00000006c3980000)
  to   space 3584K, 0% used [0x00000006c5c80000,0x00000006c5c80000,0x00000006c6000000)
 ParOldGen       total 268800K, used 132640K [0x00000003c0000000, 0x00000003d0680000, 0x000000066ab00000)
  object space 268800K, 49% used [0x00000003c0000000,0x00000003c8188158,0x00000003d0680000)
 Metaspace       used 91616K, capacity 92554K, committed 92760K, reserved 1128448K
  class space    used 12634K, capacity 12849K, committed 12928K, reserved 1048576K
}
Event: 81.699 GC heap before
{Heap before GC invocations=83 (full 5):
 PSYoungGen      total 1456640K, used 1455456K [0x000000066ab00000, 0x00000006c6000000, 0x00000007c0000000)
  eden space 1453056K, 100% used [0x000000066ab00000,0x00000006c3600000,0x00000006c3600000)
  from space 3584K, 66% used [0x00000006c3600000,0x00000006c3858010,0x00000006c3980000)
  to   space 3584K, 0% used [0x00000006c5c80000,0x00000006c5c80000,0x00000006c6000000)
 ParOldGen       total 268800K, used 132640K [0x00000003c0000000, 0x00000003d0680000, 0x000000066ab00000)
  object space 268800K, 49% used [0x00000003c0000000,0x00000003c8188158,0x00000003d0680000)
 Metaspace       used 91616K, capacity 92554K, committed 92760K, reserved 1128448K
  class space    used 12634K, capacity 12849K, committed 12928K, reserved 1048576K
Event: 81.702 GC heap after
Heap after GC invocations=83 (full 5):
 PSYoungGen      total 1488384K, used 128K [0x000000066ab00000, 0x00000006c5e00000, 0x00000007c0000000)
  eden space 1486848K, 0% used [0x000000066ab00000,0x000000066ab00000,0x00000006c5700000)
  from space 1536K, 8% used [0x00000006c5c80000,0x00000006c5ca0000,0x00000006c5e00000)
  to   space 3584K, 0% used [0x00000006c5700000,0x00000006c5700000,0x00000006c5a80000)
 ParOldGen       total 268800K, used 132640K [0x00000003c0000000, 0x00000003d0680000, 0x000000066ab00000)
  object space 268800K, 49% used [0x00000003c0000000,0x00000003c8188158,0x00000003d0680000)
 Metaspace       used 91616K, capacity 92554K, committed 92760K, reserved 1128448K
  class space    used 12634K, capacity 12849K, committed 12928K, reserved 1048576K
}
Event: 82.904 GC heap before
{Heap before GC invocations=84 (full 5):
 PSYoungGen      total 1488384K, used 1486976K [0x000000066ab00000, 0x00000006c5e00000, 0x00000007c0000000)
  eden space 1486848K, 100% used [0x000000066ab00000,0x00000006c5700000,0x00000006c5700000)
  from space 1536K, 8% used [0x00000006c5c80000,0x00000006c5ca0000,0x00000006c5e00000)
  to   space 3584K, 0% used [0x00000006c5700000,0x00000006c5700000,0x00000006c5a80000)
 ParOldGen       total 268800K, used 132640K [0x00000003c0000000, 0x00000003d0680000, 0x000000066ab00000)
  object space 268800K, 49% used [0x00000003c0000000,0x00000003c8188158,0x00000003d0680000)
 Metaspace       used 91619K, capacity 92618K, committed 92760K, reserved 1128448K
  class space    used 12634K, capacity 12849K, committed 12928K, reserved 1048576K
Event: 82.907 GC heap after
Heap after GC invocations=84 (full 5):
 PSYoungGen      total 1490432K, used 64K [0x000000066ab00000, 0x00000006c7e00000, 0x00000007c0000000)
  eden space 1486848K, 0% used [0x000000066ab00000,0x000000066ab00000,0x00000006c5700000)
  from space 3584K, 1% used [0x00000006c5700000,0x00000006c5710000,0x00000006c5a80000)
  to   space 3584K, 0% used [0x00000006c7a80000,0x00000006c7a80000,0x00000006c7e00000)
 ParOldGen       total 268800K, used 132648K [0x00000003c0000000, 0x00000003d0680000, 0x000000066ab00000)
  object space 268800K, 49% used [0x00000003c0000000,0x00000003c818a158,0x00000003d0680000)
 Metaspace       used 91619K, capacity 92618K, committed 92760K, reserved 1128448K
  class space    used 12634K, capacity 12849K, committed 12928K, reserved 1048576K
}
Event: 84.097 GC heap before
{Heap before GC invocations=85 (full 5):
 PSYoungGen      total 1490432K, used 1486912K [0x000000066ab00000, 0x00000006c7e00000, 0x00000007c0000000)
  eden space 1486848K, 100% used [0x000000066ab00000,0x00000006c5700000,0x00000006c5700000)
  from space 3584K, 1% used [0x00000006c5700000,0x00000006c5710000,0x00000006c5a80000)
  to   space 3584K, 0% used [0x00000006c7a80000,0x00000006c7a80000,0x00000006c7e00000)
 ParOldGen       total 268800K, used 132648K [0x00000003c0000000, 0x00000003d0680000, 0x000000066ab00000)
  object space 268800K, 49% used [0x00000003c0000000,0x00000003c818a158,0x00000003d0680000)
 Metaspace       used 91620K, capacity 92618K, committed 92760K, reserved 1128448K
  class space    used 12634K, capacity 12849K, committed 12928K, reserved 1048576K
Event: 84.100 GC heap after
Heap after GC invocations=85 (full 5):
 PSYoungGen      total 1519104K, used 96K [0x000000066ab00000, 0x00000006c7b80000, 0x00000007c0000000)
  eden space 1518080K, 0% used [0x000000066ab00000,0x000000066ab00000,0x00000006c7580000)
  from space 1024K, 9% used [0x00000006c7a80000,0x00000006c7a98000,0x00000006c7b80000)
  to   space 3072K, 0% used [0x00000006c7580000,0x00000006c7580000,0x00000006c7880000)
 ParOldGen       total 268800K, used 132656K [0x00000003c0000000, 0x00000003d0680000, 0x000000066ab00000)
  object space 268800K, 49% used [0x00000003c0000000,0x00000003c818c158,0x00000003d0680000)
 Metaspace       used 91620K, capacity 92618K, committed 92760K, reserved 1128448K
  class space    used 12634K, capacity 12849K, committed 12928K, reserved 1048576K
}
Event: 85.332 GC heap before
{Heap before GC invocations=86 (full 5):
 PSYoungGen      total 1519104K, used 1518176K [0x000000066ab00000, 0x00000006c7b80000, 0x00000007c0000000)
  eden space 1518080K, 100% used [0x000000066ab00000,0x00000006c7580000,0x00000006c7580000)
  from space 1024K, 9% used [0x00000006c7a80000,0x00000006c7a98000,0x00000006c7b80000)
  to   space 3072K, 0% used [0x00000006c7580000,0x00000006c7580000,0x00000006c7880000)
 ParOldGen       total 268800K, used 132656K [0x00000003c0000000, 0x00000003d0680000, 0x000000066ab00000)
  object space 268800K, 49% used [0x00000003c0000000,0x00000003c818c158,0x00000003d0680000)
 Metaspace       used 91620K, capacity 92618K, committed 92760K, reserved 1128448K
  class space    used 12634K, capacity 12849K, committed 12928K, reserved 1048576K
Event: 85.335 GC heap after
Heap after GC invocations=86 (full 5):
 PSYoungGen      total 1521152K, used 64K [0x000000066ab00000, 0x00000006c9980000, 0x00000007c0000000)
  eden space 1518080K, 0% used [0x000000066ab00000,0x000000066ab00000,0x00000006c7580000)
  from space 3072K, 2% used [0x00000006c7580000,0x00000006c7590000,0x00000006c7880000)
  to   space 3072K, 0% used [0x00000006c9680000,0x00000006c9680000,0x00000006c9980000)
 ParOldGen       total 268800K, used 132664K [0x00000003c0000000, 0x00000003d0680000, 0x000000066ab00000)
  object space 268800K, 49% used [0x00000003c0000000,0x00000003c818e158,0x00000003d0680000)
 Metaspace       used 91620K, capacity 92618K, committed 92760K, reserved 1128448K
  class space    used 12634K, capacity 12849K, committed 12928K, reserved 1048576K
}
Event: 86.561 GC heap before
{Heap before GC invocations=87 (full 5):
 PSYoungGen      total 1521152K, used 1518144K [0x000000066ab00000, 0x00000006c9980000, 0x00000007c0000000)
  eden space 1518080K, 100% used [0x000000066ab00000,0x00000006c7580000,0x00000006c7580000)
  from space 3072K, 2% used [0x00000006c7580000,0x00000006c7590000,0x00000006c7880000)
  to   space 3072K, 0% used [0x00000006c9680000,0x00000006c9680000,0x00000006c9980000)
 ParOldGen       total 268800K, used 132664K [0x00000003c0000000, 0x00000003d0680000, 0x000000066ab00000)
  object space 268800K, 49% used [0x00000003c0000000,0x00000003c818e158,0x00000003d0680000)
 Metaspace       used 91623K, capacity 92618K, committed 92760K, reserved 1128448K
  class space    used 12634K, capacity 12849K, committed 12928K, reserved 1048576K
Event: 86.564 GC heap after
Heap after GC invocations=87 (full 5):
 PSYoungGen      total 1550848K, used 192K [0x000000066ab00000, 0x00000006c9900000, 0x00000007c0000000)
  eden space 1548288K, 0% used [0x000000066ab00000,0x000000066ab00000,0x00000006c9300000)
  from space 2560K, 7% used [0x00000006c9680000,0x00000006c96b0000,0x00000006c9900000)
  to   space 3072K, 0% used [0x00000006c9300000,0x00000006c9300000,0x00000006c9600000)
 ParOldGen       total 268800K, used 132664K [0x00000003c0000000, 0x00000003d0680000, 0x000000066ab00000)
  object space 268800K, 49% used [0x00000003c0000000,0x00000003c818e158,0x00000003d0680000)
 Metaspace       used 91623K, capacity 92618K, committed 92760K, reserved 1128448K
  class space    used 12634K, capacity 12849K, committed 12928K, reserved 1048576K
}
Event: 87.819 GC heap before
{Heap before GC invocations=88 (full 5):
 PSYoungGen      total 1550848K, used 1548480K [0x000000066ab00000, 0x00000006c9900000, 0x00000007c0000000)
  eden space 1548288K, 100% used [0x000000066ab00000,0x00000006c9300000,0x00000006c9300000)
  from space 2560K, 7% used [0x00000006c9680000,0x00000006c96b0000,0x00000006c9900000)
  to   space 3072K, 0% used [0x00000006c9300000,0x00000006c9300000,0x00000006c9600000)
 ParOldGen       total 268800K, used 132664K [0x00000003c0000000, 0x00000003d0680000, 0x000000066ab00000)
  object space 268800K, 49% used [0x00000003c0000000,0x00000003c818e158,0x00000003d0680000)
 Metaspace       used 91623K, capacity 92618K, committed 92760K, reserved 1128448K
  class space    used 12634K, capacity 12849K, committed 12928K, reserved 1048576K
Event: 87.822 GC heap after
Heap after GC invocations=88 (full 5):
 PSYoungGen      total 1551360K, used 96K [0x000000066ab00000, 0x00000006cb580000, 0x00000007c0000000)
  eden space 1548288K, 0% used [0x000000066ab00000,0x000000066ab00000,0x00000006c9300000)
  from space 3072K, 3% used [0x00000006c9300000,0x00000006c9318000,0x00000006c9600000)
  to   space 2560K, 0% used [0x00000006cb300000,0x00000006cb300000,0x00000006cb580000)
 ParOldGen       total 268800K, used 132664K [0x00000003c0000000, 0x00000003d0680000, 0x000000066ab00000)
  object space 268800K, 49% used [0x00000003c0000000,0x00000003c818e158,0x00000003d0680000)
 Metaspace       used 91623K, capacity 92618K, committed 92760K, reserved 1128448K
  class space    used 12634K, capacity 12849K, committed 12928K, reserved 1048576K
}
Event: 89.073 GC heap before
{Heap before GC invocations=89 (full 5):
 PSYoungGen      total 1551360K, used 1548384K [0x000000066ab00000, 0x00000006cb580000, 0x00000007c0000000)
  eden space 1548288K, 100% used [0x000000066ab00000,0x00000006c9300000,0x00000006c9300000)
  from space 3072K, 3% used [0x00000006c9300000,0x00000006c9318000,0x00000006c9600000)
  to   space 2560K, 0% used [0x00000006cb300000,0x00000006cb300000,0x00000006cb580000)
 ParOldGen       total 268800K, used 132664K [0x00000003c0000000, 0x00000003d0680000, 0x000000066ab00000)
  object space 268800K, 49% used [0x00000003c0000000,0x00000003c818e158,0x00000003d0680000)
 Metaspace       used 91623K, capacity 92618K, committed 92760K, reserved 1128448K
  class space    used 12634K, capacity 12849K, committed 12928K, reserved 1048576K
Event: 89.076 GC heap after
Heap after GC invocations=89 (full 5):
 PSYoungGen      total 1580032K, used 352K [0x000000066ab00000, 0x00000006cb500000, 0x00000007c0000000)
  eden space 1577984K, 0% used [0x000000066ab00000,0x000000066ab00000,0x00000006cb000000)
  from space 2048K, 17% used [0x00000006cb300000,0x00000006cb358000,0x00000006cb500000)
  to   space 2560K, 0% used [0x00000006cb000000,0x00000006cb000000,0x00000006cb280000)
 ParOldGen       total 268800K, used 132672K [0x00000003c0000000, 0x00000003d0680000, 0x000000066ab00000)
  object space 268800K, 49% used [0x00000003c0000000,0x00000003c8190158,0x00000003d0680000)
 Metaspace       used 91623K, capacity 92618K, committed 92760K, reserved 1128448K
  class space    used 12634K, capacity 12849K, committed 12928K, reserved 1048576K
}
Event: 90.348 GC heap before
{Heap before GC invocations=90 (full 5):
 PSYoungGen      total 1580032K, used 1578336K [0x000000066ab00000, 0x00000006cb500000, 0x00000007c0000000)
  eden space 1577984K, 100% used [0x000000066ab00000,0x00000006cb000000,0x00000006cb000000)
  from space 2048K, 17% used [0x00000006cb300000,0x00000006cb358000,0x00000006cb500000)
  to   space 2560K, 0% used [0x00000006cb000000,0x00000006cb000000,0x00000006cb280000)
 ParOldGen       total 268800K, used 132672K [0x00000003c0000000, 0x00000003d0680000, 0x000000066ab00000)
  object space 268800K, 49% used [0x00000003c0000000,0x00000003c8190158,0x00000003d0680000)
 Metaspace       used 91623K, capacity 92618K, committed 92760K, reserved 1128448K
  class space    used 12634K, capacity 12849K, committed 12928K, reserved 1048576K
Event: 90.352 GC heap after
Heap after GC invocations=90 (full 5):
 PSYoungGen      total 1580544K, used 160K [0x000000066ab00000, 0x00000006cd480000, 0x00000007c0000000)
  eden space 1577984K, 0% used [0x000000066ab00000,0x000000066ab00000,0x00000006cb000000)
  from space 2560K, 6% used [0x00000006cb000000,0x00000006cb028000,0x00000006cb280000)
  to   space 2560K, 0% used [0x00000006cd200000,0x00000006cd200000,0x00000006cd480000)
 ParOldGen       total 268800K, used 132672K [0x00000003c0000000, 0x00000003d0680000, 0x000000066ab00000)
  object space 268800K, 49% used [0x00000003c0000000,0x00000003c8190158,0x00000003d0680000)
 Metaspace       used 91623K, capacity 92618K, committed 92760K, reserved 1128448K
  class space    used 12634K, capacity 12849K, committed 12928K, reserved 1048576K
}
Event: 91.621 GC heap before
{Heap before GC invocations=91 (full 5):
 PSYoungGen      total 1580544K, used 1578144K [0x000000066ab00000, 0x00000006cd480000, 0x00000007c0000000)
  eden space 1577984K, 100% used [0x000000066ab00000,0x00000006cb000000,0x00000006cb000000)
  from space 2560K, 6% used [0x00000006cb000000,0x00000006cb028000,0x00000006cb280000)
  to   space 2560K, 0% used [0x00000006cd200000,0x00000006cd200000,0x00000006cd480000)
 ParOldGen       total 268800K, used 132672K [0x00000003c0000000, 0x00000003d0680000, 0x000000066ab00000)
  object space 268800K, 49% used [0x00000003c0000000,0x00000003c8190158,0x00000003d0680000)
 Metaspace       used 91623K, capacity 92618K, committed 92760K, reserved 1128448K
  class space    used 12634K, capacity 12849K, committed 12928K, reserved 1048576K
Event: 91.624 GC heap after
Heap after GC invocations=91 (full 5):
 PSYoungGen      total 1610752K, used 96K [0x000000066ab00000, 0x00000006cd380000, 0x00000007c0000000)
  eden space 1609216K, 0% used [0x000000066ab00000,0x000000066ab00000,0x00000006cce80000)
  from space 1536K, 6% used [0x00000006cd200000,0x00000006cd218000,0x00000006cd380000)
  to   space 2560K, 0% used [0x00000006cce80000,0x00000006cce80000,0x00000006cd100000)
 ParOldGen       total 268800K, used 132680K [0x00000003c0000000, 0x00000003d0680000, 0x000000066ab00000)
  object space 268800K, 49% used [0x00000003c0000000,0x00000003c8192158,0x00000003d0680000)
 Metaspace       used 91623K, capacity 92618K, committed 92760K, reserved 1128448K
  class space    used 12634K, capacity 12849K, committed 12928K, reserved 1048576K
}
Event: 92.959 GC heap before
{Heap before GC invocations=92 (full 5):
 PSYoungGen      total 1610752K, used 1609312K [0x000000066ab00000, 0x00000006cd380000, 0x00000007c0000000)
  eden space 1609216K, 100% used [0x000000066ab00000,0x00000006cce80000,0x00000006cce80000)
  from space 1536K, 6% used [0x00000006cd200000,0x00000006cd218000,0x00000006cd380000)
  to   space 2560K, 0% used [0x00000006cce80000,0x00000006cce80000,0x00000006cd100000)
 ParOldGen       total 268800K, used 132680K [0x00000003c0000000, 0x00000003d0680000, 0x000000066ab00000)
  object space 268800K, 49% used [0x00000003c0000000,0x00000003c8192158,0x00000003d0680000)
 Metaspace       used 91623K, capacity 92618K, committed 92760K, reserved 1128448K
  class space    used 12634K, capacity 12849K, committed 12928K, reserved 1048576K
Event: 92.962 GC heap after
Heap after GC invocations=92 (full 5):
 PSYoungGen      total 1611776K, used 96K [0x000000066ab00000, 0x00000006cf080000, 0x00000007c0000000)
  eden space 1609216K, 0% used [0x000000066ab00000,0x000000066ab00000,0x00000006cce80000)
  from space 2560K, 3% used [0x00000006cce80000,0x00000006cce98000,0x00000006cd100000)
  to   space 2048K, 0% used [0x00000006cee80000,0x00000006cee80000,0x00000006cf080000)
 ParOldGen       total 268800K, used 132680K [0x00000003c0000000, 0x00000003d0680000, 0x000000066ab00000)
  object space 268800K, 49% used [0x00000003c0000000,0x00000003c8192158,0x00000003d0680000)
 Metaspace       used 91623K, capacity 92618K, committed 92760K, reserved 1128448K
  class space    used 12634K, capacity 12849K, committed 12928K, reserved 1048576K
}
Event: 94.286 GC heap before
{Heap before GC invocations=93 (full 5):
 PSYoungGen      total 1611776K, used 1609312K [0x000000066ab00000, 0x00000006cf080000, 0x00000007c0000000)
  eden space 1609216K, 100% used [0x000000066ab00000,0x00000006cce80000,0x00000006cce80000)
  from space 2560K, 3% used [0x00000006cce80000,0x00000006cce98000,0x00000006cd100000)
  to   space 2048K, 0% used [0x00000006cee80000,0x00000006cee80000,0x00000006cf080000)
 ParOldGen       total 268800K, used 132680K [0x00000003c0000000, 0x00000003d0680000, 0x000000066ab00000)
  object space 268800K, 49% used [0x00000003c0000000,0x00000003c8192158,0x00000003d0680000)
 Metaspace       used 91623K, capacity 92618K, committed 92760K, reserved 1128448K
  class space    used 12634K, capacity 12849K, committed 12928K, reserved 1048576K
Event: 94.290 GC heap after
Heap after GC invocations=93 (full 5):
 PSYoungGen      total 1641984K, used 192K [0x000000066ab00000, 0x00000006cf200000, 0x00000007c0000000)
  eden space 1639936K, 0% used [0x000000066ab00000,0x000000066ab00000,0x00000006cec80000)
  from space 2048K, 9% used [0x00000006cee80000,0x00000006ceeb0000,0x00000006cf080000)
  to   space 2048K, 0% used [0x00000006cec80000,0x00000006cec80000,0x00000006cee80000)
 ParOldGen       total 268800K, used 132680K [0x00000003c0000000, 0x00000003d0680000, 0x000000066ab00000)
  object space 268800K, 49% used [0x00000003c0000000,0x00000003c8192158,0x00000003d0680000)
 Metaspace       used 91623K, capacity 92618K, committed 92760K, reserved 1128448K
  class space    used 12634K, capacity 12849K, committed 12928K, reserved 1048576K
}
Event: 95.629 GC heap before
{Heap before GC invocations=94 (full 5):
 PSYoungGen      total 1641984K, used 1640128K [0x000000066ab00000, 0x00000006cf200000, 0x00000007c0000000)
  eden space 1639936K, 100% used [0x000000066ab00000,0x00000006cec80000,0x00000006cec80000)
  from space 2048K, 9% used [0x00000006cee80000,0x00000006ceeb0000,0x00000006cf080000)
  to   space 2048K, 0% used [0x00000006cec80000,0x00000006cec80000,0x00000006cee80000)
 ParOldGen       total 268800K, used 132680K [0x00000003c0000000, 0x00000003d0680000, 0x000000066ab00000)
  object space 268800K, 49% used [0x00000003c0000000,0x00000003c8192158,0x00000003d0680000)
 Metaspace       used 91623K, capacity 92618K, committed 92760K, reserved 1128448K
  class space    used 12634K, capacity 12849K, committed 12928K, reserved 1048576K
Event: 95.632 GC heap after
Heap after GC invocations=94 (full 5):
 PSYoungGen      total 1641984K, used 64K [0x000000066ab00000, 0x00000006d0f80000, 0x00000007c0000000)
  eden space 1639936K, 0% used [0x000000066ab00000,0x000000066ab00000,0x00000006cec80000)
  from space 2048K, 3% used [0x00000006cec80000,0x00000006cec90000,0x00000006cee80000)
  to   space 2048K, 0% used [0x00000006d0d80000,0x00000006d0d80000,0x00000006d0f80000)
 ParOldGen       total 268800K, used 132688K [0x00000003c0000000, 0x00000003d0680000, 0x000000066ab00000)
  object space 268800K, 49% used [0x00000003c0000000,0x00000003c8194158,0x00000003d0680000)
 Metaspace       used 91623K, capacity 92618K, committed 92760K, reserved 1128448K
  class space    used 12634K, capacity 12849K, committed 12928K, reserved 1048576K
}
Event: 96.934 GC heap before
{Heap before GC invocations=95 (full 5):
 PSYoungGen      total 1641984K, used 1640000K [0x000000066ab00000, 0x00000006d0f80000, 0x00000007c0000000)
  eden space 1639936K, 100% used [0x000000066ab00000,0x00000006cec80000,0x00000006cec80000)
  from space 2048K, 3% used [0x00000006cec80000,0x00000006cec90000,0x00000006cee80000)
  to   space 2048K, 0% used [0x00000006d0d80000,0x00000006d0d80000,0x00000006d0f80000)
 ParOldGen       total 268800K, used 132688K [0x00000003c0000000, 0x00000003d0680000, 0x000000066ab00000)
  object space 268800K, 49% used [0x00000003c0000000,0x00000003c8194158,0x00000003d0680000)
 Metaspace       used 91626K, capacity 92618K, committed 92760K, reserved 1128448K
  class space    used 12634K, capacity 12849K, committed 12928K, reserved 1048576K
Event: 96.938 GC heap after
Heap after GC invocations=95 (full 5):
 PSYoungGen      total 1672704K, used 192K [0x000000066ab00000, 0x00000006d0f00000, 0x00000007c0000000)
  eden space 1671168K, 0% used [0x000000066ab00000,0x000000066ab00000,0x00000006d0b00000)
  from space 1536K, 12% used [0x00000006d0d80000,0x00000006d0db0000,0x00000006d0f00000)
  to   space 2048K, 0% used [0x00000006d0b00000,0x00000006d0b00000,0x00000006d0d00000)
 ParOldGen       total 268800K, used 132688K [0x00000003c0000000, 0x00000003d0680000, 0x000000066ab00000)
  object space 268800K, 49% used [0x00000003c0000000,0x00000003c8194158,0x00000003d0680000)
 Metaspace       used 91626K, capacity 92618K, committed 92760K, reserved 1128448K
  class space    used 12634K, capacity 12849K, committed 12928K, reserved 1048576K
}
Event: 98.294 GC heap before
{Heap before GC invocations=96 (full 5):
 PSYoungGen      total 1672704K, used 1671360K [0x000000066ab00000, 0x00000006d0f00000, 0x00000007c0000000)
  eden space 1671168K, 100% used [0x000000066ab00000,0x00000006d0b00000,0x00000006d0b00000)
  from space 1536K, 12% used [0x00000006d0d80000,0x00000006d0db0000,0x00000006d0f00000)
  to   space 2048K, 0% used [0x00000006d0b00000,0x00000006d0b00000,0x00000006d0d00000)
 ParOldGen       total 268800K, used 132688K [0x00000003c0000000, 0x00000003d0680000, 0x000000066ab00000)
  object space 268800K, 49% used [0x00000003c0000000,0x00000003c8194158,0x00000003d0680000)
 Metaspace       used 91626K, capacity 92618K, committed 92760K, reserved 1128448K
  class space    used 12634K, capacity 12849K, committed 12928K, reserved 1048576K
Event: 98.297 GC heap after
Heap after GC invocations=96 (full 5):
 PSYoungGen      total 1673216K, used 128K [0x000000066ab00000, 0x00000006d2c00000, 0x00000007c0000000)
  eden space 1671168K, 0% used [0x000000066ab00000,0x000000066ab00000,0x00000006d0b00000)
  from space 2048K, 6% used [0x00000006d0b00000,0x00000006d0b20000,0x00000006d0d00000)
  to   space 1536K, 0% used [0x00000006d2a80000,0x00000006d2a80000,0x00000006d2c00000)
 ParOldGen       total 268800K, used 132688K [0x00000003c0000000, 0x00000003d0680000, 0x000000066ab00000)
  object space 268800K, 49% used [0x00000003c0000000,0x00000003c8194158,0x00000003d0680000)
 Metaspace       used 91626K, capacity 92618K, committed 92760K, reserved 1128448K
  class space    used 12634K, capacity 12849K, committed 12928K, reserved 1048576K
}
Event: 99.639 GC heap before
{Heap before GC invocations=97 (full 5):
 PSYoungGen      total 1673216K, used 1671296K [0x000000066ab00000, 0x00000006d2c00000, 0x00000007c0000000)
  eden space 1671168K, 100% used [0x000000066ab00000,0x00000006d0b00000,0x00000006d0b00000)
  from space 2048K, 6% used [0x00000006d0b00000,0x00000006d0b20000,0x00000006d0d00000)
  to   space 1536K, 0% used [0x00000006d2a80000,0x00000006d2a80000,0x00000006d2c00000)
 ParOldGen       total 268800K, used 132688K [0x00000003c0000000, 0x00000003d0680000, 0x000000066ab00000)
  object space 268800K, 49% used [0x00000003c0000000,0x00000003c8194158,0x00000003d0680000)
 Metaspace       used 91627K, capacity 92618K, committed 92760K, reserved 1128448K
  class space    used 12634K, capacity 12849K, committed 12928K, reserved 1048576K
Event: 99.642 GC heap after
Heap after GC invocations=97 (full 5):
 PSYoungGen      total 1703424K, used 128K [0x000000066ab00000, 0x00000006d2c00000, 0x00000007c0000000)
  eden space 1701888K, 0% used [0x000000066ab00000,0x000000066ab00000,0x00000006d2900000)
  from space 1536K, 8% used [0x00000006d2a80000,0x00000006d2aa0000,0x00000006d2c00000)
  to   space 1536K, 0% used [0x00000006d2900000,0x00000006d2900000,0x00000006d2a80000)
 ParOldGen       total 268800K, used 132688K [0x00000003c0000000, 0x00000003d0680000, 0x000000066ab00000)
  object space 268800K, 49% used [0x00000003c0000000,0x00000003c8194158,0x00000003d0680000)
 Metaspace       used 91627K, capacity 92618K, committed 92760K, reserved 1128448K
  class space    used 12634K, capacity 12849K, committed 12928K, reserved 1048576K
}
Event: 102.079 GC heap before
{Heap before GC invocations=98 (full 5):
 PSYoungGen      total 1703424K, used 1685821K [0x000000066ab00000, 0x00000006d2c00000, 0x00000007c0000000)
  eden space 1701888K, 99% used [0x000000066ab00000,0x00000006d192f4e8,0x00000006d2900000)
  from space 1536K, 8% used [0x00000006d2a80000,0x00000006d2aa0000,0x00000006d2c00000)
  to   space 1536K, 0% used [0x00000006d2900000,0x00000006d2900000,0x00000006d2a80000)
 ParOldGen       total 268800K, used 132688K [0x00000003c0000000, 0x00000003d0680000, 0x000000066ab00000)
  object space 268800K, 49% used [0x00000003c0000000,0x00000003c8194158,0x00000003d0680000)
 Metaspace       used 92968K, capacity 94018K, committed 94168K, reserved 1130496K
  class space    used 12703K, capacity 12934K, committed 13056K, reserved 1048576K
Event: 102.092 GC heap after
Heap after GC invocations=98 (full 5):
 PSYoungGen      total 1703424K, used 1511K [0x000000066ab00000, 0x00000006d6000000, 0x00000007c0000000)
  eden space 1701888K, 0% used [0x000000066ab00000,0x000000066ab00000,0x00000006d2900000)
  from space 1536K, 98% used [0x00000006d2900000,0x00000006d2a79e18,0x00000006d2a80000)
  to   space 8192K, 0% used [0x00000006d5800000,0x00000006d5800000,0x00000006d6000000)
 ParOldGen       total 268800K, used 149436K [0x00000003c0000000, 0x00000003d0680000, 0x000000066ab00000)
  object space 268800K, 55% used [0x00000003c0000000,0x00000003c91ef008,0x00000003d0680000)
 Metaspace       used 92968K, capacity 94018K, committed 94168K, reserved 1130496K
  class space    used 12703K, capacity 12934K, committed 13056K, reserved 1048576K
}
Event: 103.731 GC heap before
{Heap before GC invocations=99 (full 5):
 PSYoungGen      total 1703424K, used 1703399K [0x000000066ab00000, 0x00000006d6000000, 0x00000007c0000000)
  eden space 1701888K, 100% used [0x000000066ab00000,0x00000006d2900000,0x00000006d2900000)
  from space 1536K, 98% used [0x00000006d2900000,0x00000006d2a79e18,0x00000006d2a80000)
  to   space 8192K, 0% used [0x00000006d5800000,0x00000006d5800000,0x00000006d6000000)
 ParOldGen       total 268800K, used 149436K [0x00000003c0000000, 0x00000003d0680000, 0x000000066ab00000)
  object space 268800K, 55% used [0x00000003c0000000,0x00000003c91ef008,0x00000003d0680000)
 Metaspace       used 92997K, capacity 94086K, committed 94424K, reserved 1130496K
  class space    used 12703K, capacity 12934K, committed 13056K, reserved 1048576K
Event: 103.741 GC heap after
Heap after GC invocations=99 (full 5):
 PSYoungGen      total 1750528K, used 2234K [0x000000066ab00000, 0x00000006d6800000, 0x00000007c0000000)
  eden space 1742336K, 0% used [0x000000066ab00000,0x000000066ab00000,0x00000006d5080000)
  from space 8192K, 27% used [0x00000006d5800000,0x00000006d5a2e910,0x00000006d6000000)
  to   space 7680K, 0% used [0x00000006d5080000,0x00000006d5080000,0x00000006d5800000)
 ParOldGen       total 268800K, used 219621K [0x00000003c0000000, 0x00000003d0680000, 0x000000066ab00000)
  object space 268800K, 81% used [0x00000003c0000000,0x00000003cd679408,0x00000003d0680000)
 Metaspace       used 92997K, capacity 94086K, committed 94424K, reserved 1130496K
  class space    used 12703K, capacity 12934K, committed 13056K, reserved 1048576K
}
Event: 105.199 GC heap before
{Heap before GC invocations=100 (full 5):
 PSYoungGen      total 1750528K, used 1744570K [0x000000066ab00000, 0x00000006d6800000, 0x00000007c0000000)
  eden space 1742336K, 100% used [0x000000066ab00000,0x00000006d5080000,0x00000006d5080000)
  from space 8192K, 27% used [0x00000006d5800000,0x00000006d5a2e910,0x00000006d6000000)
  to   space 7680K, 0% used [0x00000006d5080000,0x00000006d5080000,0x00000006d5800000)
 ParOldGen       total 268800K, used 219621K [0x00000003c0000000, 0x00000003d0680000, 0x000000066ab00000)
  object space 268800K, 81% used [0x00000003c0000000,0x00000003cd679408,0x00000003d0680000)
 Metaspace       used 93000K, capacity 94086K, committed 94424K, reserved 1130496K
  class space    used 12703K, capacity 12934K, committed 13056K, reserved 1048576K
Event: 105.204 GC heap after
Heap after GC invocations=100 (full 5):
 PSYoungGen      total 1750016K, used 2106K [0x000000066ab00000, 0x00000006d8d80000, 0x00000007c0000000)
  eden space 1742336K, 0% used [0x000000066ab00000,0x000000066ab00000,0x00000006d5080000)
  from space 7680K, 27% used [0x00000006d5080000,0x00000006d528e910,0x00000006d5800000)
  to   space 7168K, 0% used [0x00000006d8680000,0x00000006d8680000,0x00000006d8d80000)
 ParOldGen       total 268800K, used 219621K [0x00000003c0000000, 0x00000003d0680000, 0x000000066ab00000)
  object space 268800K, 81% used [0x00000003c0000000,0x00000003cd679408,0x00000003d0680000)
 Metaspace       used 93000K, capacity 94086K, committed 94424K, reserved 1130496K
  class space    used 12703K, capacity 12934K, committed 13056K, reserved 1048576K
}
Event: 106.634 GC heap before
{Heap before GC invocations=101 (full 5):
 PSYoungGen      total 1750016K, used 1744442K [0x000000066ab00000, 0x00000006d8d80000, 0x00000007c0000000)
  eden space 1742336K, 100% used [0x000000066ab00000,0x00000006d5080000,0x00000006d5080000)
  from space 7680K, 27% used [0x00000006d5080000,0x00000006d528e910,0x00000006d5800000)
  to   space 7168K, 0% used [0x00000006d8680000,0x00000006d8680000,0x00000006d8d80000)
 ParOldGen       total 268800K, used 219621K [0x00000003c0000000, 0x00000003d0680000, 0x000000066ab00000)
  object space 268800K, 81% used [0x00000003c0000000,0x00000003cd679408,0x00000003d0680000)
 Metaspace       used 93002K, capacity 94086K, committed 94424K, reserved 1130496K
  class space    used 12703K, capacity 12934K, committed 13056K, reserved 1048576K
Event: 106.639 GC heap after
Heap after GC invocations=101 (full 5):
 PSYoungGen      total 1793536K, used 2154K [0x000000066ab00000, 0x00000006d8b00000, 0x00000007c0000000)
  eden space 1788928K, 0% used [0x000000066ab00000,0x000000066ab00000,0x00000006d7e00000)
  from space 4608K, 46% used [0x00000006d8680000,0x00000006d889aa50,0x00000006d8b00000)
  to   space 6656K, 0% used [0x00000006d7e00000,0x00000006d7e00000,0x00000006d8480000)
 ParOldGen       total 268800K, used 219621K [0x00000003c0000000, 0x00000003d0680000, 0x000000066ab00000)
  object space 268800K, 81% used [0x00000003c0000000,0x00000003cd679408,0x00000003d0680000)
 Metaspace       used 93002K, capacity 94086K, committed 94424K, reserved 1130496K
  class space    used 12703K, capacity 12934K, committed 13056K, reserved 1048576K
}
Event: 108.124 GC heap before
{Heap before GC invocations=102 (full 5):
 PSYoungGen      total 1793536K, used 1791082K [0x000000066ab00000, 0x00000006d8b00000, 0x00000007c0000000)
  eden space 1788928K, 100% used [0x000000066ab00000,0x00000006d7e00000,0x00000006d7e00000)
  from space 4608K, 46% used [0x00000006d8680000,0x00000006d889aa50,0x00000006d8b00000)
  to   space 6656K, 0% used [0x00000006d7e00000,0x00000006d7e00000,0x00000006d8480000)
 ParOldGen       total 268800K, used 219621K [0x00000003c0000000, 0x00000003d0680000, 0x000000066ab00000)
  object space 268800K, 81% used [0x00000003c0000000,0x00000003cd679408,0x00000003d0680000)
 Metaspace       used 93002K, capacity 94086K, committed 94424K, reserved 1130496K
  class space    used 12703K, capacity 12934K, committed 13056K, reserved 1048576K
Event: 108.129 GC heap after
Heap after GC invocations=102 (full 5):
 PSYoungGen      total 1795584K, used 2218K [0x000000066ab00000, 0x00000006db780000, 0x00000007c0000000)
  eden space 1788928K, 0% used [0x000000066ab00000,0x000000066ab00000,0x00000006d7e00000)
  from space 6656K, 33% used [0x00000006d7e00000,0x00000006d802aa50,0x00000006d8480000)
  to   space 6144K, 0% used [0x00000006db180000,0x00000006db180000,0x00000006db780000)
 ParOldGen       total 268800K, used 219637K [0x00000003c0000000, 0x00000003d0680000, 0x000000066ab00000)
  object space 268800K, 81% used [0x00000003c0000000,0x00000003cd67d408,0x00000003d0680000)
 Metaspace       used 93002K, capacity 94086K, committed 94424K, reserved 1130496K
  class space    used 12703K, capacity 12934K, committed 13056K, reserved 1048576K
}
Event: 109.583 GC heap before
{Heap before GC invocations=103 (full 5):
 PSYoungGen      total 1795584K, used 1791146K [0x000000066ab00000, 0x00000006db780000, 0x00000007c0000000)
  eden space 1788928K, 100% used [0x000000066ab00000,0x00000006d7e00000,0x00000006d7e00000)
  from space 6656K, 33% used [0x00000006d7e00000,0x00000006d802aa50,0x00000006d8480000)
  to   space 6144K, 0% used [0x00000006db180000,0x00000006db180000,0x00000006db780000)
 ParOldGen       total 268800K, used 219637K [0x00000003c0000000, 0x00000003d0680000, 0x000000066ab00000)
  object space 268800K, 81% used [0x00000003c0000000,0x00000003cd67d408,0x00000003d0680000)
 Metaspace       used 93003K, capacity 94086K, committed 94424K, reserved 1130496K
  class space    used 12703K, capacity 12934K, committed 13056K, reserved 1048576K
Event: 109.588 GC heap after
Heap after GC invocations=103 (full 5):
 PSYoungGen      total 1840640K, used 2186K [0x000000066ab00000, 0x00000006db700000, 0x00000007c0000000)
  eden space 1835008K, 0% used [0x000000066ab00000,0x000000066ab00000,0x00000006dab00000)
  from space 5632K, 38% used [0x00000006db180000,0x00000006db3a2a50,0x00000006db700000)
  to   space 6144K, 0% used [0x00000006dab00000,0x00000006dab00000,0x00000006db100000)
 ParOldGen       total 268800K, used 219637K [0x00000003c0000000, 0x00000003d0680000, 0x000000066ab00000)
  object space 268800K, 81% used [0x00000003c0000000,0x00000003cd67d408,0x00000003d0680000)
 Metaspace       used 93003K, capacity 94086K, committed 94424K, reserved 1130496K
  class space    used 12703K, capacity 12934K, committed 13056K, reserved 1048576K
}
Event: 111.101 GC heap before
{Heap before GC invocations=104 (full 5):
 PSYoungGen      total 1840640K, used 1837194K [0x000000066ab00000, 0x00000006db700000, 0x00000007c0000000)
  eden space 1835008K, 100% used [0x000000066ab00000,0x00000006dab00000,0x00000006dab00000)
  from space 5632K, 38% used [0x00000006db180000,0x00000006db3a2a50,0x00000006db700000)
  to   space 6144K, 0% used [0x00000006dab00000,0x00000006dab00000,0x00000006db100000)
 ParOldGen       total 268800K, used 219637K [0x00000003c0000000, 0x00000003d0680000, 0x000000066ab00000)
  object space 268800K, 81% used [0x00000003c0000000,0x00000003cd67d408,0x00000003d0680000)
 Metaspace       used 93003K, capacity 94086K, committed 94424K, reserved 1130496K
  class space    used 12703K, capacity 12934K, committed 13056K, reserved 1048576K
Event: 111.106 GC heap after
Heap after GC invocations=104 (full 5):
 PSYoungGen      total 1841152K, used 2218K [0x000000066ab00000, 0x00000006de300000, 0x00000007c0000000)
  eden space 1835008K, 0% used [0x000000066ab00000,0x000000066ab00000,0x00000006dab00000)
  from space 6144K, 36% used [0x00000006dab00000,0x00000006dad2aa50,0x00000006db100000)
  to   space 5632K, 0% used [0x00000006ddd80000,0x00000006ddd80000,0x00000006de300000)
 ParOldGen       total 268800K, used 219637K [0x00000003c0000000, 0x00000003d0680000, 0x000000066ab00000)
  object space 268800K, 81% used [0x00000003c0000000,0x00000003cd67d408,0x00000003d0680000)
 Metaspace       used 93003K, capacity 94086K, committed 94424K, reserved 1130496K
  class space    used 12703K, capacity 12934K, committed 13056K, reserved 1048576K
}
Event: 112.596 GC heap before
{Heap before GC invocations=105 (full 5):
 PSYoungGen      total 1841152K, used 1837226K [0x000000066ab00000, 0x00000006de300000, 0x00000007c0000000)
  eden space 1835008K, 100% used [0x000000066ab00000,0x00000006dab00000,0x00000006dab00000)
  from space 6144K, 36% used [0x00000006dab00000,0x00000006dad2aa50,0x00000006db100000)
  to   space 5632K, 0% used [0x00000006ddd80000,0x00000006ddd80000,0x00000006de300000)
 ParOldGen       total 268800K, used 219637K [0x00000003c0000000, 0x00000003d0680000, 0x000000066ab00000)
  object space 268800K, 81% used [0x00000003c0000000,0x00000003cd67d408,0x00000003d0680000)
 Metaspace       used 93003K, capacity 94086K, committed 94424K, reserved 1130496K
  class space    used 12703K, capacity 12934K, committed 13056K, reserved 1048576K
Event: 112.601 GC heap after
Heap after GC invocations=105 (full 5):
 PSYoungGen      total 1886720K, used 2442K [0x000000066ab00000, 0x00000006de380000, 0x00000007c0000000)
  eden space 1881088K, 0% used [0x000000066ab00000,0x000000066ab00000,0x00000006dd800000)
  from space 5632K, 43% used [0x00000006ddd80000,0x00000006ddfe2a50,0x00000006de300000)
  to   space 5632K, 0% used [0x00000006dd800000,0x00000006dd800000,0x00000006ddd80000)
 ParOldGen       total 268800K, used 219637K [0x00000003c0000000, 0x00000003d0680000, 0x000000066ab00000)
  object space 268800K, 81% used [0x00000003c0000000,0x00000003cd67d408,0x00000003d0680000)
 Metaspace       used 93003K, capacity 94086K, committed 94424K, reserved 1130496K
  class space    used 12703K, capacity 12934K, committed 13056K, reserved 1048576K
}
Event: 114.162 GC heap before
{Heap before GC invocations=106 (full 5):
 PSYoungGen      total 1886720K, used 1883530K [0x000000066ab00000, 0x00000006de380000, 0x00000007c0000000)
  eden space 1881088K, 100% used [0x000000066ab00000,0x00000006dd800000,0x00000006dd800000)
  from space 5632K, 43% used [0x00000006ddd80000,0x00000006ddfe2a50,0x00000006de300000)
  to   space 5632K, 0% used [0x00000006dd800000,0x00000006dd800000,0x00000006ddd80000)
 ParOldGen       total 268800K, used 219637K [0x00000003c0000000, 0x00000003d0680000, 0x000000066ab00000)
  object space 268800K, 81% used [0x00000003c0000000,0x00000003cd67d408,0x00000003d0680000)
 Metaspace       used 93003K, capacity 94086K, committed 94424K, reserved 1130496K
  class space    used 12703K, capacity 12934K, committed 13056K, reserved 1048576K
Event: 114.166 GC heap after
Heap after GC invocations=106 (full 5):
 PSYoungGen      total 1886720K, used 2218K [0x000000066ab00000, 0x00000006e0f80000, 0x00000007c0000000)
  eden space 1881088K, 0% used [0x000000066ab00000,0x000000066ab00000,0x00000006dd800000)
  from space 5632K, 39% used [0x00000006dd800000,0x00000006dda2aa50,0x00000006ddd80000)
  to   space 5120K, 0% used [0x00000006e0a80000,0x00000006e0a80000,0x00000006e0f80000)
 ParOldGen       total 268800K, used 219637K [0x00000003c0000000, 0x00000003d0680000, 0x000000066ab00000)
  object space 268800K, 81% used [0x00000003c0000000,0x00000003cd67d408,0x00000003d0680000)
 Metaspace       used 93003K, capacity 94086K, committed 94424K, reserved 1130496K
  class space    used 12703K, capacity 12934K, committed 13056K, reserved 1048576K
}
Event: 115.697 GC heap before
{Heap before GC invocations=107 (full 5):
 PSYoungGen      total 1886720K, used 1883306K [0x000000066ab00000, 0x00000006e0f80000, 0x00000007c0000000)
  eden space 1881088K, 100% used [0x000000066ab00000,0x00000006dd800000,0x00000006dd800000)
  from space 5632K, 39% used [0x00000006dd800000,0x00000006dda2aa50,0x00000006ddd80000)
  to   space 5120K, 0% used [0x00000006e0a80000,0x00000006e0a80000,0x00000006e0f80000)
 ParOldGen       total 268800K, used 219637K [0x00000003c0000000, 0x00000003d0680000, 0x000000066ab00000)
  object space 268800K, 81% used [0x00000003c0000000,0x00000003cd67d408,0x00000003d0680000)
 Metaspace       used 93003K, capacity 94086K, committed 94424K, reserved 1130496K
  class space    used 12703K, capacity 12934K, committed 13056K, reserved 1048576K
Event: 115.701 GC heap after
Heap after GC invocations=107 (full 5):
 PSYoungGen      total 1930752K, used 2122K [0x000000066ab00000, 0x00000006e0e80000, 0x00000007c0000000)
  eden space 1926656K, 0% used [0x000000066ab00000,0x000000066ab00000,0x00000006e0480000)
  from space 4096K, 51% used [0x00000006e0a80000,0x00000006e0c92a50,0x00000006e0e80000)
  to   space 5120K, 0% used [0x00000006e0480000,0x00000006e0480000,0x00000006e0980000)
 ParOldGen       total 268800K, used 219637K [0x00000003c0000000, 0x00000003d0680000, 0x000000066ab00000)
  object space 268800K, 81% used [0x00000003c0000000,0x00000003cd67d408,0x00000003d0680000)
 Metaspace       used 93003K, capacity 94086K, committed 94424K, reserved 1130496K
  class space    used 12703K, capacity 12934K, committed 13056K, reserved 1048576K
}
Event: 117.287 GC heap before
{Heap before GC invocations=108 (full 5):
 PSYoungGen      total 1930752K, used 1928778K [0x000000066ab00000, 0x00000006e0e80000, 0x00000007c0000000)
  eden space 1926656K, 100% used [0x000000066ab00000,0x00000006e0480000,0x00000006e0480000)
  from space 4096K, 51% used [0x00000006e0a80000,0x00000006e0c92a50,0x00000006e0e80000)
  to   space 5120K, 0% used [0x00000006e0480000,0x00000006e0480000,0x00000006e0980000)
 ParOldGen       total 268800K, used 219637K [0x00000003c0000000, 0x00000003d0680000, 0x000000066ab00000)
  object space 268800K, 81% used [0x00000003c0000000,0x00000003cd67d408,0x00000003d0680000)
 Metaspace       used 93003K, capacity 94086K, committed 94424K, reserved 1130496K
  class space    used 12703K, capacity 12934K, committed 13056K, reserved 1048576K
Event: 117.292 GC heap after
Heap after GC invocations=108 (full 5):
 PSYoungGen      total 1931776K, used 2186K [0x000000066ab00000, 0x00000006e3a00000, 0x00000007c0000000)
  eden space 1926656K, 0% used [0x000000066ab00000,0x000000066ab00000,0x00000006e0480000)
  from space 5120K, 42% used [0x00000006e0480000,0x00000006e06a2a50,0x00000006e0980000)
  to   space 4608K, 0% used [0x00000006e3580000,0x00000006e3580000,0x00000006e3a00000)
 ParOldGen       total 268800K, used 219645K [0x00000003c0000000, 0x00000003d0680000, 0x000000066ab00000)
  object space 268800K, 81% used [0x00000003c0000000,0x00000003cd67f408,0x00000003d0680000)
 Metaspace       used 93003K, capacity 94086K, committed 94424K, reserved 1130496K
  class space    used 12703K, capacity 12934K, committed 13056K, reserved 1048576K
}
Event: 118.867 GC heap before
{Heap before GC invocations=109 (full 5):
 PSYoungGen      total 1931776K, used 1928842K [0x000000066ab00000, 0x00000006e3a00000, 0x00000007c0000000)
  eden space 1926656K, 100% used [0x000000066ab00000,0x00000006e0480000,0x00000006e0480000)
  from space 5120K, 42% used [0x00000006e0480000,0x00000006e06a2a50,0x00000006e0980000)
  to   space 4608K, 0% used [0x00000006e3580000,0x00000006e3580000,0x00000006e3a00000)
 ParOldGen       total 268800K, used 219645K [0x00000003c0000000, 0x00000003d0680000, 0x000000066ab00000)
  object space 268800K, 81% used [0x00000003c0000000,0x00000003cd67f408,0x00000003d0680000)
 Metaspace       used 93003K, capacity 94086K, committed 94424K, reserved 1130496K
  class space    used 12703K, capacity 12934K, committed 13056K, reserved 1048576K
Event: 118.872 GC heap after
Heap after GC invocations=109 (full 5):
 PSYoungGen      total 1976832K, used 2314K [0x000000066ab00000, 0x00000006e3a00000, 0x00000007c0000000)
  eden space 1972224K, 0% used [0x000000066ab00000,0x000000066ab00000,0x00000006e3100000)
  from space 4608K, 50% used [0x00000006e3580000,0x00000006e37c2a50,0x00000006e3a00000)
  to   space 4608K, 0% used [0x00000006e3100000,0x00000006e3100000,0x00000006e3580000)
 ParOldGen       total 268800K, used 219645K [0x00000003c0000000, 0x00000003d0680000, 0x000000066ab00000)
  object space 268800K, 81% used [0x00000003c0000000,0x00000003cd67f408,0x00000003d0680000)
 Metaspace       used 93003K, capacity 94086K, committed 94424K, reserved 1130496K
  class space    used 12703K, capacity 12934K, committed 13056K, reserved 1048576K
}
Event: 120.498 GC heap before
{Heap before GC invocations=110 (full 5):
 PSYoungGen      total 1976832K, used 1974538K [0x000000066ab00000, 0x00000006e3a00000, 0x00000007c0000000)
  eden space 1972224K, 100% used [0x000000066ab00000,0x00000006e3100000,0x00000006e3100000)
  from space 4608K, 50% used [0x00000006e3580000,0x00000006e37c2a50,0x00000006e3a00000)
  to   space 4608K, 0% used [0x00000006e3100000,0x00000006e3100000,0x00000006e3580000)
 ParOldGen       total 268800K, used 219645K [0x00000003c0000000, 0x00000003d0680000, 0x000000066ab00000)
  object space 268800K, 81% used [0x00000003c0000000,0x00000003cd67f408,0x00000003d0680000)
 Metaspace       used 93003K, capacity 94086K, committed 94424K, reserved 1130496K
  class space    used 12703K, capacity 12934K, committed 13056K, reserved 1048576K
Event: 120.503 GC heap after
Heap after GC invocations=110 (full 5):
 PSYoungGen      total 1976832K, used 2218K [0x000000066ab00000, 0x00000006e6600000, 0x00000007c0000000)
  eden space 1972224K, 0% used [0x000000066ab00000,0x000000066ab00000,0x00000006e3100000)
  from space 4608K, 48% used [0x00000006e3100000,0x00000006e332aa50,0x00000006e3580000)
  to   space 4096K, 0% used [0x00000006e6200000,0x00000006e6200000,0x00000006e6600000)
 ParOldGen       total 268800K, used 219653K [0x00000003c0000000, 0x00000003d0680000, 0x000000066ab00000)
  object space 268800K, 81% used [0x00000003c0000000,0x00000003cd681408,0x00000003d0680000)
 Metaspace       used 93003K, capacity 94086K, committed 94424K, reserved 1130496K
  class space    used 12703K, capacity 12934K, committed 13056K, reserved 1048576K
}
Event: 122.150 GC heap before
{Heap before GC invocations=111 (full 5):
 PSYoungGen      total 1976832K, used 1974442K [0x000000066ab00000, 0x00000006e6600000, 0x00000007c0000000)
  eden space 1972224K, 100% used [0x000000066ab00000,0x00000006e3100000,0x00000006e3100000)
  from space 4608K, 48% used [0x00000006e3100000,0x00000006e332aa50,0x00000006e3580000)
  to   space 4096K, 0% used [0x00000006e6200000,0x00000006e6200000,0x00000006e6600000)
 ParOldGen       total 268800K, used 219653K [0x00000003c0000000, 0x00000003d0680000, 0x000000066ab00000)
  object space 268800K, 81% used [0x00000003c0000000,0x00000003cd681408,0x00000003d0680000)
 Metaspace       used 93003K, capacity 94086K, committed 94424K, reserved 1130496K
  class space    used 12703K, capacity 12934K, committed 13056K, reserved 1048576K
Event: 122.155 GC heap after
Heap after GC invocations=111 (full 5):
 PSYoungGen      total 2020352K, used 2186K [0x000000066ab00000, 0x00000006e6500000, 0x00000007c0000000)
  eden space 2017280K, 0% used [0x000000066ab00000,0x000000066ab00000,0x00000006e5d00000)
  from space 3072K, 71% used [0x00000006e6200000,0x00000006e6422a50,0x00000006e6500000)
  to   space 4096K, 0% used [0x00000006e5d00000,0x00000006e5d00000,0x00000006e6100000)
 ParOldGen       total 268800K, used 219653K [0x00000003c0000000, 0x00000003d0680000, 0x000000066ab00000)
  object space 268800K, 81% used [0x00000003c0000000,0x00000003cd681408,0x00000003d0680000)
 Metaspace       used 93003K, capacity 94086K, committed 94424K, reserved 1130496K
  class space    used 12703K, capacity 12934K, committed 13056K, reserved 1048576K
}
Event: 123.818 GC heap before
{Heap before GC invocations=112 (full 5):
 PSYoungGen      total 2020352K, used 2019466K [0x000000066ab00000, 0x00000006e6500000, 0x00000007c0000000)
  eden space 2017280K, 100% used [0x000000066ab00000,0x00000006e5d00000,0x00000006e5d00000)
  from space 3072K, 71% used [0x00000006e6200000,0x00000006e6422a50,0x00000006e6500000)
  to   space 4096K, 0% used [0x00000006e5d00000,0x00000006e5d00000,0x00000006e6100000)
 ParOldGen       total 268800K, used 219653K [0x00000003c0000000, 0x00000003d0680000, 0x000000066ab00000)
  object space 268800K, 81% used [0x00000003c0000000,0x00000003cd681408,0x00000003d0680000)
 Metaspace       used 93003K, capacity 94086K, committed 94424K, reserved 1130496K
  class space    used 12703K, capacity 12934K, committed 13056K, reserved 1048576K
Event: 123.823 GC heap after
Heap after GC invocations=112 (full 5):
 PSYoungGen      total 2021376K, used 2154K [0x000000066ab00000, 0x00000006e9100000, 0x00000007c0000000)
  eden space 2017280K, 0% used [0x000000066ab00000,0x000000066ab00000,0x00000006e5d00000)
  from space 4096K, 52% used [0x00000006e5d00000,0x00000006e5f1aa50,0x00000006e6100000)
  to   space 4096K, 0% used [0x00000006e8d00000,0x00000006e8d00000,0x00000006e9100000)
 ParOldGen       total 268800K, used 219653K [0x00000003c0000000, 0x00000003d0680000, 0x000000066ab00000)
  object space 268800K, 81% used [0x00000003c0000000,0x00000003cd681408,0x00000003d0680000)
 Metaspace       used 93003K, capacity 94086K, committed 94424K, reserved 1130496K
  class space    used 12703K, capacity 12934K, committed 13056K, reserved 1048576K
}
Event: 125.473 GC heap before
{Heap before GC invocations=113 (full 5):
 PSYoungGen      total 2021376K, used 2019434K [0x000000066ab00000, 0x00000006e9100000, 0x00000007c0000000)
  eden space 2017280K, 100% used [0x000000066ab00000,0x00000006e5d00000,0x00000006e5d00000)
  from space 4096K, 52% used [0x00000006e5d00000,0x00000006e5f1aa50,0x00000006e6100000)
  to   space 4096K, 0% used [0x00000006e8d00000,0x00000006e8d00000,0x00000006e9100000)
 ParOldGen       total 268800K, used 219653K [0x00000003c0000000, 0x00000003d0680000, 0x000000066ab00000)
  object space 268800K, 81% used [0x00000003c0000000,0x00000003cd681408,0x00000003d0680000)
 Metaspace       used 93003K, capacity 94086K, committed 94424K, reserved 1130496K
  class space    used 12703K, capacity 12934K, committed 13056K, reserved 1048576K
Event: 125.478 GC heap after
Heap after GC invocations=113 (full 5):
 PSYoungGen      total 2066432K, used 1337K [0x000000066ab00000, 0x00000006e9100000, 0x00000007c0000000)
  eden space 2062336K, 0% used [0x000000066ab00000,0x000000066ab00000,0x00000006e8900000)
  from space 4096K, 32% used [0x00000006e8d00000,0x00000006e8e4e730,0x00000006e9100000)
  to   space 4096K, 0% used [0x00000006e8900000,0x00000006e8900000,0x00000006e8d00000)
 ParOldGen       total 268800K, used 220807K [0x00000003c0000000, 0x00000003d0680000, 0x000000066ab00000)
  object space 268800K, 82% used [0x00000003c0000000,0x00000003cd7a1e90,0x00000003d0680000)
 Metaspace       used 93003K, capacity 94086K, committed 94424K, reserved 1130496K
  class space    used 12703K, capacity 12934K, committed 13056K, reserved 1048576K
}
Event: 127.179 GC heap before
{Heap before GC invocations=114 (full 5):
 PSYoungGen      total 2066432K, used 2063673K [0x000000066ab00000, 0x00000006e9100000, 0x00000007c0000000)
  eden space 2062336K, 100% used [0x000000066ab00000,0x00000006e8900000,0x00000006e8900000)
  from space 4096K, 32% used [0x00000006e8d00000,0x00000006e8e4e730,0x00000006e9100000)
  to   space 4096K, 0% used [0x00000006e8900000,0x00000006e8900000,0x00000006e8d00000)
 ParOldGen       total 268800K, used 220807K [0x00000003c0000000, 0x00000003d0680000, 0x000000066ab00000)
  object space 268800K, 82% used [0x00000003c0000000,0x00000003cd7a1e90,0x00000003d0680000)
 Metaspace       used 93004K, capacity 94086K, committed 94424K, reserved 1130496K
  class space    used 12703K, capacity 12934K, committed 13056K, reserved 1048576K
Event: 127.184 GC heap after
Heap after GC invocations=114 (full 5):
 PSYoungGen      total 2066432K, used 1728K [0x000000066ab00000, 0x00000006ebd00000, 0x00000007c0000000)
  eden space 2062336K, 0% used [0x000000066ab00000,0x000000066ab00000,0x00000006e8900000)
  from space 4096K, 42% used [0x00000006e8900000,0x00000006e8ab0010,0x00000006e8d00000)
  to   space 3584K, 0% used [0x00000006eb980000,0x00000006eb980000,0x00000006ebd00000)
 ParOldGen       total 268800K, used 221705K [0x00000003c0000000, 0x00000003d0680000, 0x000000066ab00000)
  object space 268800K, 82% used [0x00000003c0000000,0x00000003cd8825c0,0x00000003d0680000)
 Metaspace       used 93004K, capacity 94086K, committed 94424K, reserved 1130496K
  class space    used 12703K, capacity 12934K, committed 13056K, reserved 1048576K
}
Event: 128.867 GC heap before
{Heap before GC invocations=115 (full 5):
 PSYoungGen      total 2066432K, used 2064064K [0x000000066ab00000, 0x00000006ebd00000, 0x00000007c0000000)
  eden space 2062336K, 100% used [0x000000066ab00000,0x00000006e8900000,0x00000006e8900000)
  from space 4096K, 42% used [0x00000006e8900000,0x00000006e8ab0010,0x00000006e8d00000)
  to   space 3584K, 0% used [0x00000006eb980000,0x00000006eb980000,0x00000006ebd00000)
 ParOldGen       total 268800K, used 221705K [0x00000003c0000000, 0x00000003d0680000, 0x000000066ab00000)
  object space 268800K, 82% used [0x00000003c0000000,0x00000003cd8825c0,0x00000003d0680000)
 Metaspace       used 93004K, capacity 94086K, committed 94424K, reserved 1130496K
  class space    used 12703K, capacity 12934K, committed 13056K, reserved 1048576K
Event: 128.870 GC heap after
Heap after GC invocations=115 (full 5):
 PSYoungGen      total 2107904K, used 928K [0x000000066ab00000, 0x00000006ebb80000, 0x00000007c0000000)
  eden space 2105856K, 0% used [0x000000066ab00000,0x000000066ab00000,0x00000006eb380000)
  from space 2048K, 45% used [0x00000006eb980000,0x00000006eba68000,0x00000006ebb80000)
  to   space 4096K, 0% used [0x00000006eb380000,0x00000006eb380000,0x00000006eb780000)
 ParOldGen       total 268800K, used 221721K [0x00000003c0000000, 0x00000003d0680000, 0x000000066ab00000)
  object space 268800K, 82% used [0x00000003c0000000,0x00000003cd886700,0x00000003d0680000)
 Metaspace       used 93004K, capacity 94086K, committed 94424K, reserved 1130496K
  class space    used 12703K, capacity 12934K, committed 13056K, reserved 1048576K
}
Event: 130.593 GC heap before
{Heap before GC invocations=116 (full 5):
 PSYoungGen      total 2107904K, used 2106784K [0x000000066ab00000, 0x00000006ebb80000, 0x00000007c0000000)
  eden space 2105856K, 100% used [0x000000066ab00000,0x00000006eb380000,0x00000006eb380000)
  from space 2048K, 45% used [0x00000006eb980000,0x00000006eba68000,0x00000006ebb80000)
  to   space 4096K, 0% used [0x00000006eb380000,0x00000006eb380000,0x00000006eb780000)
 ParOldGen       total 268800K, used 221721K [0x00000003c0000000, 0x00000003d0680000, 0x000000066ab00000)
  object space 268800K, 82% used [0x00000003c0000000,0x00000003cd886700,0x00000003d0680000)
 Metaspace       used 93004K, capacity 94086K, committed 94424K, reserved 1130496K
  class space    used 12703K, capacity 12934K, committed 13056K, reserved 1048576K
Event: 130.596 GC heap after
Heap after GC invocations=116 (full 5):
 PSYoungGen      total 2109952K, used 64K [0x000000066ab00000, 0x00000006ee380000, 0x00000007c0000000)
  eden space 2105856K, 0% used [0x000000066ab00000,0x000000066ab00000,0x00000006eb380000)
  from space 4096K, 1% used [0x00000006eb380000,0x00000006eb390000,0x00000006eb780000)
  to   space 4096K, 0% used [0x00000006edf80000,0x00000006edf80000,0x00000006ee380000)
 ParOldGen       total 268800K, used 221729K [0x00000003c0000000, 0x00000003d0680000, 0x000000066ab00000)
  object space 268800K, 82% used [0x00000003c0000000,0x00000003cd888700,0x00000003d0680000)
 Metaspace       used 93004K, capacity 94086K, committed 94424K, reserved 1130496K
  class space    used 12703K, capacity 12934K, committed 13056K, reserved 1048576K
}
Event: 132.322 GC heap before
{Heap before GC invocations=117 (full 5):
 PSYoungGen      total 2109952K, used 2105920K [0x000000066ab00000, 0x00000006ee380000, 0x00000007c0000000)
  eden space 2105856K, 100% used [0x000000066ab00000,0x00000006eb380000,0x00000006eb380000)
  from space 4096K, 1% used [0x00000006eb380000,0x00000006eb390000,0x00000006eb780000)
  to   space 4096K, 0% used [0x00000006edf80000,0x00000006edf80000,0x00000006ee380000)
 ParOldGen       total 268800K, used 221729K [0x00000003c0000000, 0x00000003d0680000, 0x000000066ab00000)
  object space 268800K, 82% used [0x00000003c0000000,0x00000003cd888700,0x00000003d0680000)
 Metaspace       used 93004K, capacity 94086K, committed 94424K, reserved 1130496K
  class space    used 12703K, capacity 12934K, committed 13056K, reserved 1048576K
Event: 132.326 GC heap after
Heap after GC invocations=117 (full 5):
 PSYoungGen      total 2146816K, used 160K [0x000000066ab00000, 0x00000006ee180000, 0x00000007c0000000)
  eden space 2144768K, 0% used [0x000000066ab00000,0x000000066ab00000,0x00000006ed980000)
  from space 2048K, 7% used [0x00000006edf80000,0x00000006edfa8000,0x00000006ee180000)
  to   space 4096K, 0% used [0x00000006ed980000,0x00000006ed980000,0x00000006edd80000)
 ParOldGen       total 268800K, used 221729K [0x00000003c0000000, 0x00000003d0680000, 0x000000066ab00000)
  object space 268800K, 82% used [0x00000003c0000000,0x00000003cd888700,0x00000003d0680000)
 Metaspace       used 93004K, capacity 94086K, committed 94424K, reserved 1130496K
  class space    used 12703K, capacity 12934K, committed 13056K, reserved 1048576K
}
Event: 134.097 GC heap before
{Heap before GC invocations=118 (full 5):
 PSYoungGen      total 2146816K, used 2144928K [0x000000066ab00000, 0x00000006ee180000, 0x00000007c0000000)
  eden space 2144768K, 100% used [0x000000066ab00000,0x00000006ed980000,0x00000006ed980000)
  from space 2048K, 7% used [0x00000006edf80000,0x00000006edfa8000,0x00000006ee180000)
  to   space 4096K, 0% used [0x00000006ed980000,0x00000006ed980000,0x00000006edd80000)
 ParOldGen       total 268800K, used 221729K [0x00000003c0000000, 0x00000003d0680000, 0x000000066ab00000)
  object space 268800K, 82% used [0x00000003c0000000,0x00000003cd888700,0x00000003d0680000)
 Metaspace       used 93004K, capacity 94086K, committed 94424K, reserved 1130496K
  class space    used 12703K, capacity 12934K, committed 13056K, reserved 1048576K
Event: 134.100 GC heap after
Heap after GC invocations=118 (full 5):
 PSYoungGen      total 2148864K, used 128K [0x000000066ab00000, 0x00000006f0600000, 0x00000007c0000000)
  eden space 2144768K, 0% used [0x000000066ab00000,0x000000066ab00000,0x00000006ed980000)
  from space 4096K, 3% used [0x00000006ed980000,0x00000006ed9a0000,0x00000006edd80000)
  to   space 4096K, 0% used [0x00000006f0200000,0x00000006f0200000,0x00000006f0600000)
 ParOldGen       total 268800K, used 221729K [0x00000003c0000000, 0x00000003d0680000, 0x000000066ab00000)
  object space 268800K, 82% used [0x00000003c0000000,0x00000003cd888700,0x00000003d0680000)
 Metaspace       used 93004K, capacity 94086K, committed 94424K, reserved 1130496K
  class space    used 12703K, capacity 12934K, committed 13056K, reserved 1048576K
}
Event: 135.857 GC heap before
{Heap before GC invocations=119 (full 5):
 PSYoungGen      total 2148864K, used 2144896K [0x000000066ab00000, 0x00000006f0600000, 0x00000007c0000000)
  eden space 2144768K, 100% used [0x000000066ab00000,0x00000006ed980000,0x00000006ed980000)
  from space 4096K, 3% used [0x00000006ed980000,0x00000006ed9a0000,0x00000006edd80000)
  to   space 4096K, 0% used [0x00000006f0200000,0x00000006f0200000,0x00000006f0600000)
 ParOldGen       total 268800K, used 221729K [0x00000003c0000000, 0x00000003d0680000, 0x000000066ab00000)
  object space 268800K, 82% used [0x00000003c0000000,0x00000003cd888700,0x00000003d0680000)
 Metaspace       used 93004K, capacity 94086K, committed 94424K, reserved 1130496K
  class space    used 12703K, capacity 12934K, committed 13056K, reserved 1048576K
Event: 135.860 GC heap after
Heap after GC invocations=119 (full 5):
 PSYoungGen      total 2182144K, used 96K [0x000000066ab00000, 0x00000006f0400000, 0x00000007c0000000)
  eden space 2180096K, 0% used [0x000000066ab00000,0x000000066ab00000,0x00000006efc00000)
  from space 2048K, 4% used [0x00000006f0200000,0x00000006f0218000,0x00000006f0400000)
  to   space 4096K, 0% used [0x00000006efc00000,0x00000006efc00000,0x00000006f0000000)
 ParOldGen       total 268800K, used 221729K [0x00000003c0000000, 0x00000003d0680000, 0x000000066ab00000)
  object space 268800K, 82% used [0x00000003c0000000,0x00000003cd888700,0x00000003d0680000)
 Metaspace       used 93004K, capacity 94086K, committed 94424K, reserved 1130496K
  class space    used 12703K, capacity 12934K, committed 13056K, reserved 1048576K
}
Event: 137.655 GC heap before
{Heap before GC invocations=120 (full 5):
 PSYoungGen      total 2182144K, used 2180192K [0x000000066ab00000, 0x00000006f0400000, 0x00000007c0000000)
  eden space 2180096K, 100% used [0x000000066ab00000,0x00000006efc00000,0x00000006efc00000)
  from space 2048K, 4% used [0x00000006f0200000,0x00000006f0218000,0x00000006f0400000)
  to   space 4096K, 0% used [0x00000006efc00000,0x00000006efc00000,0x00000006f0000000)
 ParOldGen       total 268800K, used 221729K [0x00000003c0000000, 0x00000003d0680000, 0x000000066ab00000)
  object space 268800K, 82% used [0x00000003c0000000,0x00000003cd888700,0x00000003d0680000)
 Metaspace       used 93004K, capacity 94086K, committed 94424K, reserved 1130496K
  class space    used 12703K, capacity 12934K, committed 13056K, reserved 1048576K
Event: 137.659 GC heap after
Heap after GC invocations=120 (full 5):
 PSYoungGen      total 2184192K, used 544K [0x000000066ab00000, 0x00000006f2680000, 0x00000007c0000000)
  eden space 2180096K, 0% used [0x000000066ab00000,0x000000066ab00000,0x00000006efc00000)
  from space 4096K, 13% used [0x00000006efc00000,0x00000006efc88000,0x00000006f0000000)
  to   space 4096K, 0% used [0x00000006f2280000,0x00000006f2280000,0x00000006f2680000)
 ParOldGen       total 268800K, used 221729K [0x00000003c0000000, 0x00000003d0680000, 0x000000066ab00000)
  object space 268800K, 82% used [0x00000003c0000000,0x00000003cd888700,0x00000003d0680000)
 Metaspace       used 93004K, capacity 94086K, committed 94424K, reserved 1130496K
  class space    used 12703K, capacity 12934K, committed 13056K, reserved 1048576K
}
Event: 139.441 GC heap before
{Heap before GC invocations=121 (full 5):
 PSYoungGen      total 2184192K, used 2180640K [0x000000066ab00000, 0x00000006f2680000, 0x00000007c0000000)
  eden space 2180096K, 100% used [0x000000066ab00000,0x00000006efc00000,0x00000006efc00000)
  from space 4096K, 13% used [0x00000006efc00000,0x00000006efc88000,0x00000006f0000000)
  to   space 4096K, 0% used [0x00000006f2280000,0x00000006f2280000,0x00000006f2680000)
 ParOldGen       total 268800K, used 221729K [0x00000003c0000000, 0x00000003d0680000, 0x000000066ab00000)
  object space 268800K, 82% used [0x00000003c0000000,0x00000003cd888700,0x00000003d0680000)
 Metaspace       used 93005K, capacity 94086K, committed 94424K, reserved 1130496K
  class space    used 12703K, capacity 12934K, committed 13056K, reserved 1048576K
Event: 139.445 GC heap after
Heap after GC invocations=121 (full 5):
 PSYoungGen      total 2217472K, used 128K [0x000000066ab00000, 0x00000006f2580000, 0x00000007c0000000)
  eden space 2214400K, 0% used [0x000000066ab00000,0x000000066ab00000,0x00000006f1d80000)
  from space 3072K, 4% used [0x00000006f2280000,0x00000006f22a0000,0x00000006f2580000)
  to   space 4096K, 0% used [0x00000006f1d80000,0x00000006f1d80000,0x00000006f2180000)
 ParOldGen       total 268800K, used 221729K [0x00000003c0000000, 0x00000003d0680000, 0x000000066ab00000)
  object space 268800K, 82% used [0x00000003c0000000,0x00000003cd888700,0x00000003d0680000)
 Metaspace       used 93005K, capacity 94086K, committed 94424K, reserved 1130496K
  class space    used 12703K, capacity 12934K, committed 13056K, reserved 1048576K
}
Event: 141.262 GC heap before
{Heap before GC invocations=122 (full 5):
 PSYoungGen      total 2217472K, used 2214528K [0x000000066ab00000, 0x00000006f2580000, 0x00000007c0000000)
  eden space 2214400K, 100% used [0x000000066ab00000,0x00000006f1d80000,0x00000006f1d80000)
  from space 3072K, 4% used [0x00000006f2280000,0x00000006f22a0000,0x00000006f2580000)
  to   space 4096K, 0% used [0x00000006f1d80000,0x00000006f1d80000,0x00000006f2180000)
 ParOldGen       total 268800K, used 221729K [0x00000003c0000000, 0x00000003d0680000, 0x000000066ab00000)
  object space 268800K, 82% used [0x00000003c0000000,0x00000003cd888700,0x00000003d0680000)
 Metaspace       used 93005K, capacity 94086K, committed 94424K, reserved 1130496K
  class space    used 12703K, capacity 12934K, committed 13056K, reserved 1048576K
Event: 141.266 GC heap after
Heap after GC invocations=122 (full 5):
 PSYoungGen      total 2218496K, used 64K [0x000000066ab00000, 0x00000006f4680000, 0x00000007c0000000)
  eden space 2214400K, 0% used [0x000000066ab00000,0x000000066ab00000,0x00000006f1d80000)
  from space 4096K, 1% used [0x00000006f1d80000,0x00000006f1d90000,0x00000006f2180000)
  to   space 4096K, 0% used [0x00000006f4280000,0x00000006f4280000,0x00000006f4680000)
 ParOldGen       total 268800K, used 221729K [0x00000003c0000000, 0x00000003d0680000, 0x000000066ab00000)
  object space 268800K, 82% used [0x00000003c0000000,0x00000003cd888700,0x00000003d0680000)
 Metaspace       used 93005K, capacity 94086K, committed 94424K, reserved 1130496K
  class space    used 12703K, capacity 12934K, committed 13056K, reserved 1048576K
}
Event: 143.063 GC heap before
{Heap before GC invocations=123 (full 5):
 PSYoungGen      total 2218496K, used 2214464K [0x000000066ab00000, 0x00000006f4680000, 0x00000007c0000000)
  eden space 2214400K, 100% used [0x000000066ab00000,0x00000006f1d80000,0x00000006f1d80000)
  from space 4096K, 1% used [0x00000006f1d80000,0x00000006f1d90000,0x00000006f2180000)
  to   space 4096K, 0% used [0x00000006f4280000,0x00000006f4280000,0x00000006f4680000)
 ParOldGen       total 268800K, used 221729K [0x00000003c0000000, 0x00000003d0680000, 0x000000066ab00000)
  object space 268800K, 82% used [0x00000003c0000000,0x00000003cd888700,0x00000003d0680000)
 Metaspace       used 93005K, capacity 94086K, committed 94424K, reserved 1130496K
  class space    used 12703K, capacity 12934K, committed 13056K, reserved 1048576K
Event: 143.067 GC heap after
Heap after GC invocations=123 (full 5):
 PSYoungGen      total 2251264K, used 160K [0x000000066ab00000, 0x00000006f4580000, 0x00000007c0000000)
  eden space 2248192K, 0% used [0x000000066ab00000,0x000000066ab00000,0x00000006f3e80000)
  from space 3072K, 5% used [0x00000006f4280000,0x00000006f42a8000,0x00000006f4580000)
  to   space 3584K, 0% used [0x00000006f3e80000,0x00000006f3e80000,0x00000006f4200000)
 ParOldGen       total 268800K, used 221737K [0x00000003c0000000, 0x00000003d0680000, 0x000000066ab00000)
  object space 268800K, 82% used [0x00000003c0000000,0x00000003cd88a700,0x00000003d0680000)
 Metaspace       used 93005K, capacity 94086K, committed 94424K, reserved 1130496K
  class space    used 12703K, capacity 12934K, committed 13056K, reserved 1048576K
}
Event: 144.863 GC heap before
{Heap before GC invocations=124 (full 5):
 PSYoungGen      total 2251264K, used 2248352K [0x000000066ab00000, 0x00000006f4580000, 0x00000007c0000000)
  eden space 2248192K, 100% used [0x000000066ab00000,0x00000006f3e80000,0x00000006f3e80000)
  from space 3072K, 5% used [0x00000006f4280000,0x00000006f42a8000,0x00000006f4580000)
  to   space 3584K, 0% used [0x00000006f3e80000,0x00000006f3e80000,0x00000006f4200000)
 ParOldGen       total 268800K, used 221737K [0x00000003c0000000, 0x00000003d0680000, 0x000000066ab00000)
  object space 268800K, 82% used [0x00000003c0000000,0x00000003cd88a700,0x00000003d0680000)
 Metaspace       used 93023K, capacity 94150K, committed 94424K, reserved 1130496K
  class space    used 12706K, capacity 12934K, committed 13056K, reserved 1048576K
Event: 144.867 GC heap after
Heap after GC invocations=124 (full 5):
 PSYoungGen      total 2251776K, used 192K [0x000000066ab00000, 0x00000006f6700000, 0x00000007c0000000)
  eden space 2248192K, 0% used [0x000000066ab00000,0x000000066ab00000,0x00000006f3e80000)
  from space 3584K, 5% used [0x00000006f3e80000,0x00000006f3eb0000,0x00000006f4200000)
  to   space 3584K, 0% used [0x00000006f6380000,0x00000006f6380000,0x00000006f6700000)
 ParOldGen       total 268800K, used 221737K [0x00000003c0000000, 0x00000003d0680000, 0x000000066ab00000)
  object space 268800K, 82% used [0x00000003c0000000,0x00000003cd88a700,0x00000003d0680000)
 Metaspace       used 93023K, capacity 94150K, committed 94424K, reserved 1130496K
  class space    used 12706K, capacity 12934K, committed 13056K, reserved 1048576K
}
Event: 146.705 GC heap before
{Heap before GC invocations=125 (full 5):
 PSYoungGen      total 2251776K, used 2248384K [0x000000066ab00000, 0x00000006f6700000, 0x00000007c0000000)
  eden space 2248192K, 100% used [0x000000066ab00000,0x00000006f3e80000,0x00000006f3e80000)
  from space 3584K, 5% used [0x00000006f3e80000,0x00000006f3eb0000,0x00000006f4200000)
  to   space 3584K, 0% used [0x00000006f6380000,0x00000006f6380000,0x00000006f6700000)
 ParOldGen       total 268800K, used 221737K [0x00000003c0000000, 0x00000003d0680000, 0x000000066ab00000)
  object space 268800K, 82% used [0x00000003c0000000,0x00000003cd88a700,0x00000003d0680000)
 Metaspace       used 93026K, capacity 94150K, committed 94424K, reserved 1130496K
  class space    used 12706K, capacity 12934K, committed 13056K, reserved 1048576K
Event: 146.708 GC heap after
Heap after GC invocations=125 (full 5):
 PSYoungGen      total 2285056K, used 128K [0x000000066ab00000, 0x00000006f6680000, 0x00000007c0000000)
  eden space 2281984K, 0% used [0x000000066ab00000,0x000000066ab00000,0x00000006f5f80000)
  from space 3072K, 4% used [0x00000006f6380000,0x00000006f63a0000,0x00000006f6680000)
  to   space 3584K, 0% used [0x00000006f5f80000,0x00000006f5f80000,0x00000006f6300000)
 ParOldGen       total 268800K, used 221737K [0x00000003c0000000, 0x00000003d0680000, 0x000000066ab00000)
  object space 268800K, 82% used [0x00000003c0000000,0x00000003cd88a700,0x00000003d0680000)
 Metaspace       used 93026K, capacity 94150K, committed 94424K, reserved 1130496K
  class space    used 12706K, capacity 12934K, committed 13056K, reserved 1048576K
}
Event: 148.591 GC heap before
{Heap before GC invocations=126 (full 5):
 PSYoungGen      total 2285056K, used 2282112K [0x000000066ab00000, 0x00000006f6680000, 0x00000007c0000000)
  eden space 2281984K, 100% used [0x000000066ab00000,0x00000006f5f80000,0x00000006f5f80000)
  from space 3072K, 4% used [0x00000006f6380000,0x00000006f63a0000,0x00000006f6680000)
  to   space 3584K, 0% used [0x00000006f5f80000,0x00000006f5f80000,0x00000006f6300000)
 ParOldGen       total 268800K, used 221737K [0x00000003c0000000, 0x00000003d0680000, 0x000000066ab00000)
  object space 268800K, 82% used [0x00000003c0000000,0x00000003cd88a700,0x00000003d0680000)
 Metaspace       used 93026K, capacity 94150K, committed 94424K, reserved 1130496K
  class space    used 12706K, capacity 12934K, committed 13056K, reserved 1048576K
Event: 148.597 GC heap after
Heap after GC invocations=126 (full 5):
 PSYoungGen      total 2285568K, used 1984K [0x000000066ab00000, 0x00000006f8c80000, 0x00000007c0000000)
  eden space 2281984K, 0% used [0x000000066ab00000,0x000000066ab00000,0x00000006f5f80000)
  from space 3584K, 55% used [0x00000006f5f80000,0x00000006f6170010,0x00000006f6300000)
  to   space 3584K, 0% used [0x00000006f8900000,0x00000006f8900000,0x00000006f8c80000)
 ParOldGen       total 268800K, used 221737K [0x00000003c0000000, 0x00000003d0680000, 0x000000066ab00000)
  object space 268800K, 82% used [0x00000003c0000000,0x00000003cd88a700,0x00000003d0680000)
 Metaspace       used 93026K, capacity 94150K, committed 94424K, reserved 1130496K
  class space    used 12706K, capacity 12934K, committed 13056K, reserved 1048576K
}
Event: 150.448 GC heap before
{Heap before GC invocations=127 (full 5):
 PSYoungGen      total 2285568K, used 2283968K [0x000000066ab00000, 0x00000006f8c80000, 0x00000007c0000000)
  eden space 2281984K, 100% used [0x000000066ab00000,0x00000006f5f80000,0x00000006f5f80000)
  from space 3584K, 55% used [0x00000006f5f80000,0x00000006f6170010,0x00000006f6300000)
  to   space 3584K, 0% used [0x00000006f8900000,0x00000006f8900000,0x00000006f8c80000)
 ParOldGen       total 268800K, used 221737K [0x00000003c0000000, 0x00000003d0680000, 0x000000066ab00000)
  object space 268800K, 82% used [0x00000003c0000000,0x00000003cd88a700,0x00000003d0680000)
 Metaspace       used 93026K, capacity 94150K, committed 94424K, reserved 1130496K
  class space    used 12706K, capacity 12934K, committed 13056K, reserved 1048576K
Event: 150.452 GC heap after
Heap after GC invocations=127 (full 5):
 PSYoungGen      total 2323456K, used 800K [0x000000066ab00000, 0x00000006f8c00000, 0x00000007c0000000)
  eden space 2320384K, 0% used [0x000000066ab00000,0x000000066ab00000,0x00000006f8500000)
  from space 3072K, 26% used [0x00000006f8900000,0x00000006f89c8000,0x00000006f8c00000)
  to   space 3584K, 0% used [0x00000006f8500000,0x00000006f8500000,0x00000006f8880000)
 ParOldGen       total 268800K, used 221737K [0x00000003c0000000, 0x00000003d0680000, 0x000000066ab00000)
  object space 268800K, 82% used [0x00000003c0000000,0x00000003cd88a700,0x00000003d0680000)
 Metaspace       used 93026K, capacity 94150K, committed 94424K, reserved 1130496K
  class space    used 12706K, capacity 12934K, committed 13056K, reserved 1048576K
}
Event: 152.346 GC heap before
{Heap before GC invocations=128 (full 5):
 PSYoungGen      total 2323456K, used 2321184K [0x000000066ab00000, 0x00000006f8c00000, 0x00000007c0000000)
  eden space 2320384K, 100% used [0x000000066ab00000,0x00000006f8500000,0x00000006f8500000)
  from space 3072K, 26% used [0x00000006f8900000,0x00000006f89c8000,0x00000006f8c00000)
  to   space 3584K, 0% used [0x00000006f8500000,0x00000006f8500000,0x00000006f8880000)
 ParOldGen       total 268800K, used 221737K [0x00000003c0000000, 0x00000003d0680000, 0x000000066ab00000)
  object space 268800K, 82% used [0x00000003c0000000,0x00000003cd88a700,0x00000003d0680000)
 Metaspace       used 93026K, capacity 94150K, committed 94424K, reserved 1130496K
  class space    used 12706K, capacity 12934K, committed 13056K, reserved 1048576K
Event: 152.349 GC heap after
Heap after GC invocations=128 (full 5):
 PSYoungGen      total 2323968K, used 96K [0x000000066ab00000, 0x00000006fb080000, 0x00000007c0000000)
  eden space 2320384K, 0% used [0x000000066ab00000,0x000000066ab00000,0x00000006f8500000)
  from space 3584K, 2% used [0x00000006f8500000,0x00000006f8518000,0x00000006f8880000)
  to   space 3584K, 0% used [0x00000006fad00000,0x00000006fad00000,0x00000006fb080000)
 ParOldGen       total 268800K, used 221745K [0x00000003c0000000, 0x00000003d0680000, 0x000000066ab00000)
  object space 268800K, 82% used [0x00000003c0000000,0x00000003cd88c700,0x00000003d0680000)
 Metaspace       used 93026K, capacity 94150K, committed 94424K, reserved 1130496K
  class space    used 12706K, capacity 12934K, committed 13056K, reserved 1048576K
}
Event: 154.234 GC heap before
{Heap before GC invocations=129 (full 5):
 PSYoungGen      total 2323968K, used 2320480K [0x000000066ab00000, 0x00000006fb080000, 0x00000007c0000000)
  eden space 2320384K, 100% used [0x000000066ab00000,0x00000006f8500000,0x00000006f8500000)
  from space 3584K, 2% used [0x00000006f8500000,0x00000006f8518000,0x00000006f8880000)
  to   space 3584K, 0% used [0x00000006fad00000,0x00000006fad00000,0x00000006fb080000)
 ParOldGen       total 268800K, used 221745K [0x00000003c0000000, 0x00000003d0680000, 0x000000066ab00000)
  object space 268800K, 82% used [0x00000003c0000000,0x00000003cd88c700,0x00000003d0680000)
 Metaspace       used 93026K, capacity 94150K, committed 94424K, reserved 1130496K
  class space    used 12706K, capacity 12934K, committed 13056K, reserved 1048576K
Event: 154.238 GC heap after
Heap after GC invocations=129 (full 5):
 PSYoungGen      total 2359296K, used 256K [0x000000066ab00000, 0x00000006faf00000, 0x00000007c0000000)
  eden space 2357248K, 0% used [0x000000066ab00000,0x000000066ab00000,0x00000006fa900000)
  from space 2048K, 12% used [0x00000006fad00000,0x00000006fad40000,0x00000006faf00000)
  to   space 3072K, 0% used [0x00000006fa900000,0x00000006fa900000,0x00000006fac00000)
 ParOldGen       total 268800K, used 221753K [0x00000003c0000000, 0x00000003d0680000, 0x000000066ab00000)
  object space 268800K, 82% used [0x00000003c0000000,0x00000003cd88e700,0x00000003d0680000)
 Metaspace       used 93026K, capacity 94150K, committed 94424K, reserved 1130496K
  class space    used 12706K, capacity 12934K, committed 13056K, reserved 1048576K
}
Event: 156.172 GC heap before
{Heap before GC invocations=130 (full 5):
 PSYoungGen      total 2359296K, used 2357504K [0x000000066ab00000, 0x00000006faf00000, 0x00000007c0000000)
  eden space 2357248K, 100% used [0x000000066ab00000,0x00000006fa900000,0x00000006fa900000)
  from space 2048K, 12% used [0x00000006fad00000,0x00000006fad40000,0x00000006faf00000)
  to   space 3072K, 0% used [0x00000006fa900000,0x00000006fa900000,0x00000006fac00000)
 ParOldGen       total 268800K, used 221753K [0x00000003c0000000, 0x00000003d0680000, 0x000000066ab00000)
  object space 268800K, 82% used [0x00000003c0000000,0x00000003cd88e700,0x00000003d0680000)
 Metaspace       used 93026K, capacity 94150K, committed 94424K, reserved 1130496K
  class space    used 12706K, capacity 12934K, committed 13056K, reserved 1048576K
Event: 156.176 GC heap after
Heap after GC invocations=130 (full 5):
 PSYoungGen      total 2360320K, used 128K [0x000000066ab00000, 0x00000006fd200000, 0x00000007c0000000)
  eden space 2357248K, 0% used [0x000000066ab00000,0x000000066ab00000,0x00000006fa900000)
  from space 3072K, 4% used [0x00000006fa900000,0x00000006fa920000,0x00000006fac00000)
  to   space 3072K, 0% used [0x00000006fcf00000,0x00000006fcf00000,0x00000006fd200000)
 ParOldGen       total 268800K, used 221753K [0x00000003c0000000, 0x00000003d0680000, 0x000000066ab00000)
  object space 268800K, 82% used [0x00000003c0000000,0x00000003cd88e700,0x00000003d0680000)
 Metaspace       used 93026K, capacity 94150K, committed 94424K, reserved 1130496K
  class space    used 12706K, capacity 12934K, committed 13056K, reserved 1048576K
}
Event: 158.086 GC heap before
{Heap before GC invocations=131 (full 5):
 PSYoungGen      total 2360320K, used 2357376K [0x000000066ab00000, 0x00000006fd200000, 0x00000007c0000000)
  eden space 2357248K, 100% used [0x000000066ab00000,0x00000006fa900000,0x00000006fa900000)
  from space 3072K, 4% used [0x00000006fa900000,0x00000006fa920000,0x00000006fac00000)
  to   space 3072K, 0% used [0x00000006fcf00000,0x00000006fcf00000,0x00000006fd200000)
 ParOldGen       total 268800K, used 221753K [0x00000003c0000000, 0x00000003d0680000, 0x000000066ab00000)
  object space 268800K, 82% used [0x00000003c0000000,0x00000003cd88e700,0x00000003d0680000)
 Metaspace       used 93026K, capacity 94150K, committed 94424K, reserved 1130496K
  class space    used 12706K, capacity 12934K, committed 13056K, reserved 1048576K
Event: 158.089 GC heap after
Heap after GC invocations=131 (full 5):
 PSYoungGen      total 2396160K, used 544K [0x000000066ab00000, 0x00000006fd280000, 0x00000007c0000000)
  eden space 2393088K, 0% used [0x000000066ab00000,0x000000066ab00000,0x00000006fcc00000)
  from space 3072K, 17% used [0x00000006fcf00000,0x00000006fcf88000,0x00000006fd200000)
  to   space 3072K, 0% used [0x00000006fcc00000,0x00000006fcc00000,0x00000006fcf00000)
 ParOldGen       total 268800K, used 221753K [0x00000003c0000000, 0x00000003d0680000, 0x000000066ab00000)
  object space 268800K, 82% used [0x00000003c0000000,0x00000003cd88e700,0x00000003d0680000)
 Metaspace       used 93026K, capacity 94150K, committed 94424K, reserved 1130496K
  class space    used 12706K, capacity 12934K, committed 13056K, reserved 1048576K
}
Event: 160.046 GC heap before
{Heap before GC invocations=132 (full 5):
 PSYoungGen      total 2396160K, used 2393632K [0x000000066ab00000, 0x00000006fd280000, 0x00000007c0000000)
  eden space 2393088K, 100% used [0x000000066ab00000,0x00000006fcc00000,0x00000006fcc00000)
  from space 3072K, 17% used [0x00000006fcf00000,0x00000006fcf88000,0x00000006fd200000)
  to   space 3072K, 0% used [0x00000006fcc00000,0x00000006fcc00000,0x00000006fcf00000)
 ParOldGen       total 268800K, used 221753K [0x00000003c0000000, 0x00000003d0680000, 0x000000066ab00000)
  object space 268800K, 82% used [0x00000003c0000000,0x00000003cd88e700,0x00000003d0680000)
 Metaspace       used 93026K, capacity 94150K, committed 94424K, reserved 1130496K
  class space    used 12706K, capacity 12934K, committed 13056K, reserved 1048576K
Event: 160.049 GC heap after
Heap after GC invocations=132 (full 5):
 PSYoungGen      total 2396160K, used 64K [0x000000066ab00000, 0x00000006ff480000, 0x00000007c0000000)
  eden space 2393088K, 0% used [0x000000066ab00000,0x000000066ab00000,0x00000006fcc00000)
  from space 3072K, 2% used [0x00000006fcc00000,0x00000006fcc10000,0x00000006fcf00000)
  to   space 3072K, 0% used [0x00000006ff180000,0x00000006ff180000,0x00000006ff480000)
 ParOldGen       total 268800K, used 221753K [0x00000003c0000000, 0x00000003d0680000, 0x000000066ab00000)
  object space 268800K, 82% used [0x00000003c0000000,0x00000003cd88e700,0x00000003d0680000)
 Metaspace       used 93026K, capacity 94150K, committed 94424K, reserved 1130496K
  class space    used 12706K, capacity 12934K, committed 13056K, reserved 1048576K
}
Event: 161.997 GC heap before
{Heap before GC invocations=133 (full 5):
 PSYoungGen      total 2396160K, used 2393152K [0x000000066ab00000, 0x00000006ff480000, 0x00000007c0000000)
  eden space 2393088K, 100% used [0x000000066ab00000,0x00000006fcc00000,0x00000006fcc00000)
  from space 3072K, 2% used [0x00000006fcc00000,0x00000006fcc10000,0x00000006fcf00000)
  to   space 3072K, 0% used [0x00000006ff180000,0x00000006ff180000,0x00000006ff480000)
 ParOldGen       total 268800K, used 221753K [0x00000003c0000000, 0x00000003d0680000, 0x000000066ab00000)
  object space 268800K, 82% used [0x00000003c0000000,0x00000003cd88e700,0x00000003d0680000)
 Metaspace       used 93026K, capacity 94150K, committed 94424K, reserved 1130496K
  class space    used 12706K, capacity 12934K, committed 13056K, reserved 1048576K
Event: 162.000 GC heap after
Heap after GC invocations=133 (full 5):
 PSYoungGen      total 2429440K, used 128K [0x000000066ab00000, 0x00000006ff300000, 0x00000007c0000000)
  eden space 2427904K, 0% used [0x000000066ab00000,0x000000066ab00000,0x00000006fee00000)
  from space 1536K, 8% used [0x00000006ff180000,0x00000006ff1a0000,0x00000006ff300000)
  to   space 2560K, 0% used [0x00000006fee00000,0x00000006fee00000,0x00000006ff080000)
 ParOldGen       total 268800K, used 221753K [0x00000003c0000000, 0x00000003d0680000, 0x000000066ab00000)
  object space 268800K, 82% used [0x00000003c0000000,0x00000003cd88e700,0x00000003d0680000)
 Metaspace       used 93026K, capacity 94150K, committed 94424K, reserved 1130496K
  class space    used 12706K, capacity 12934K, committed 13056K, reserved 1048576K
}
Event: 163.992 GC heap before
{Heap before GC invocations=134 (full 5):
 PSYoungGen      total 2429440K, used 2428032K [0x000000066ab00000, 0x00000006ff300000, 0x00000007c0000000)
  eden space 2427904K, 100% used [0x000000066ab00000,0x00000006fee00000,0x00000006fee00000)
  from space 1536K, 8% used [0x00000006ff180000,0x00000006ff1a0000,0x00000006ff300000)
  to   space 2560K, 0% used [0x00000006fee00000,0x00000006fee00000,0x00000006ff080000)
 ParOldGen       total 268800K, used 221753K [0x00000003c0000000, 0x00000003d0680000, 0x000000066ab00000)
  object space 268800K, 82% used [0x00000003c0000000,0x00000003cd88e700,0x00000003d0680000)
 Metaspace       used 93026K, capacity 94150K, committed 94424K, reserved 1130496K
  class space    used 12706K, capacity 12934K, committed 13056K, reserved 1048576K
Event: 163.995 GC heap after
Heap after GC invocations=134 (full 5):
 PSYoungGen      total 2430464K, used 64K [0x000000066ab00000, 0x0000000701480000, 0x00000007c0000000)
  eden space 2427904K, 0% used [0x000000066ab00000,0x000000066ab00000,0x00000006fee00000)
  from space 2560K, 2% used [0x00000006fee00000,0x00000006fee10000,0x00000006ff080000)
  to   space 2560K, 0% used [0x0000000701200000,0x0000000701200000,0x0000000701480000)
 ParOldGen       total 268800K, used 221753K [0x00000003c0000000, 0x00000003d0680000, 0x000000066ab00000)
  object space 268800K, 82% used [0x00000003c0000000,0x00000003cd88e700,0x00000003d0680000)
 Metaspace       used 93026K, capacity 94150K, committed 94424K, reserved 1130496K
  class space    used 12706K, capacity 12934K, committed 13056K, reserved 1048576K
}
Event: 165.953 GC heap before
{Heap before GC invocations=135 (full 5):
 PSYoungGen      total 2430464K, used 2427968K [0x000000066ab00000, 0x0000000701480000, 0x00000007c0000000)
  eden space 2427904K, 100% used [0x000000066ab00000,0x00000006fee00000,0x00000006fee00000)
  from space 2560K, 2% used [0x00000006fee00000,0x00000006fee10000,0x00000006ff080000)
  to   space 2560K, 0% used [0x0000000701200000,0x0000000701200000,0x0000000701480000)
 ParOldGen       total 268800K, used 221753K [0x00000003c0000000, 0x00000003d0680000, 0x000000066ab00000)
  object space 268800K, 82% used [0x00000003c0000000,0x00000003cd88e700,0x00000003d0680000)
 Metaspace       used 93026K, capacity 94150K, committed 94424K, reserved 1130496K
  class space    used 12706K, capacity 12934K, committed 13056K, reserved 1048576K
Event: 165.956 GC heap after
Heap after GC invocations=135 (full 5):
 PSYoungGen      total 2464768K, used 128K [0x000000066ab00000, 0x0000000701480000, 0x00000007c0000000)
  eden space 2462208K, 0% used [0x000000066ab00000,0x000000066ab00000,0x0000000700f80000)
  from space 2560K, 5% used [0x0000000701200000,0x0000000701220000,0x0000000701480000)
  to   space 2560K, 0% used [0x0000000700f80000,0x0000000700f80000,0x0000000701200000)
 ParOldGen       total 268800K, used 221761K [0x00000003c0000000, 0x00000003d0680000, 0x000000066ab00000)
  object space 268800K, 82% used [0x00000003c0000000,0x00000003cd890700,0x00000003d0680000)
 Metaspace       used 93026K, capacity 94150K, committed 94424K, reserved 1130496K
  class space    used 12706K, capacity 12934K, committed 13056K, reserved 1048576K
}
Event: 167.971 GC heap before
{Heap before GC invocations=136 (full 5):
 PSYoungGen      total 2464768K, used 2462336K [0x000000066ab00000, 0x0000000701480000, 0x00000007c0000000)
  eden space 2462208K, 100% used [0x000000066ab00000,0x0000000700f80000,0x0000000700f80000)
  from space 2560K, 5% used [0x0000000701200000,0x0000000701220000,0x0000000701480000)
  to   space 2560K, 0% used [0x0000000700f80000,0x0000000700f80000,0x0000000701200000)
 ParOldGen       total 268800K, used 221761K [0x00000003c0000000, 0x00000003d0680000, 0x000000066ab00000)
  object space 268800K, 82% used [0x00000003c0000000,0x00000003cd890700,0x00000003d0680000)
 Metaspace       used 93028K, capacity 94150K, committed 94424K, reserved 1130496K
  class space    used 12706K, capacity 12934K, committed 13056K, reserved 1048576K
Event: 167.975 GC heap after
Heap after GC invocations=136 (full 5):
 PSYoungGen      total 2464768K, used 288K [0x000000066ab00000, 0x0000000703700000, 0x00000007c0000000)
  eden space 2462208K, 0% used [0x000000066ab00000,0x000000066ab00000,0x0000000700f80000)
  from space 2560K, 11% used [0x0000000700f80000,0x0000000700fc8000,0x0000000701200000)
  to   space 2560K, 0% used [0x0000000703480000,0x0000000703480000,0x0000000703700000)
 ParOldGen       total 268800K, used 221769K [0x00000003c0000000, 0x00000003d0680000, 0x000000066ab00000)
  object space 268800K, 82% used [0x00000003c0000000,0x00000003cd892700,0x00000003d0680000)
 Metaspace       used 93028K, capacity 94150K, committed 94424K, reserved 1130496K
  class space    used 12706K, capacity 12934K, committed 13056K, reserved 1048576K
}
Event: 171.764 GC heap before
{Heap before GC invocations=137 (full 5):
 PSYoungGen      total 2464768K, used 2462496K [0x000000066ab00000, 0x0000000703700000, 0x00000007c0000000)
  eden space 2462208K, 100% used [0x000000066ab00000,0x0000000700f80000,0x0000000700f80000)
  from space 2560K, 11% used [0x0000000700f80000,0x0000000700fc8000,0x0000000701200000)
  to   space 2560K, 0% used [0x0000000703480000,0x0000000703480000,0x0000000703700000)
 ParOldGen       total 268800K, used 221769K [0x00000003c0000000, 0x00000003d0680000, 0x000000066ab00000)
  object space 268800K, 82% used [0x00000003c0000000,0x00000003cd892700,0x00000003d0680000)
 Metaspace       used 99544K, capacity 100715K, committed 101080K, reserved 1136640K
  class space    used 13202K, capacity 13450K, committed 13568K, reserved 1048576K
Event: 171.770 GC heap after
Heap after GC invocations=137 (full 5):
 PSYoungGen      total 2496512K, used 2550K [0x000000066ab00000, 0x0000000703e00000, 0x00000007c0000000)
  eden space 2493952K, 0% used [0x000000066ab00000,0x000000066ab00000,0x0000000702e80000)
  from space 2560K, 99% used [0x0000000703480000,0x00000007036fdb60,0x0000000703700000)
  to   space 6144K, 0% used [0x0000000702e80000,0x0000000702e80000,0x0000000703480000)
 ParOldGen       total 268800K, used 229843K [0x00000003c0000000, 0x00000003d0680000, 0x000000066ab00000)
  object space 268800K, 85% used [0x00000003c0000000,0x00000003ce074d88,0x00000003d0680000)
 Metaspace       used 99544K, capacity 100715K, committed 101080K, reserved 1136640K
  class space    used 13202K, capacity 13450K, committed 13568K, reserved 1048576K
}
Event: 173.953 GC heap before
{Heap before GC invocations=138 (full 5):
 PSYoungGen      total 2496512K, used 2496502K [0x000000066ab00000, 0x0000000703e00000, 0x00000007c0000000)
  eden space 2493952K, 100% used [0x000000066ab00000,0x0000000702e80000,0x0000000702e80000)
  from space 2560K, 99% used [0x0000000703480000,0x00000007036fdb60,0x0000000703700000)
  to   space 6144K, 0% used [0x0000000702e80000,0x0000000702e80000,0x0000000703480000)
 ParOldGen       total 268800K, used 229843K [0x00000003c0000000, 0x00000003d0680000, 0x000000066ab00000)
  object space 268800K, 85% used [0x00000003c0000000,0x00000003ce074d88,0x00000003d0680000)
 Metaspace       used 99562K, capacity 100779K, committed 101080K, reserved 1136640K
  class space    used 13202K, capacity 13450K, committed 13568K, reserved 1048576K
Event: 173.963 GC heap after
Heap after GC invocations=138 (full 5):
 PSYoungGen      total 2500096K, used 6126K [0x000000066ab00000, 0x0000000706b00000, 0x00000007c0000000)
  eden space 2493952K, 0% used [0x000000066ab00000,0x000000066ab00000,0x0000000702e80000)
  from space 6144K, 99% used [0x0000000702e80000,0x000000070347ba60,0x0000000703480000)
  to   space 7168K, 0% used [0x0000000706400000,0x0000000706400000,0x0000000706b00000)
 ParOldGen       total 268800K, used 230099K [0x00000003c0000000, 0x00000003d0680000, 0x000000066ab00000)
  object space 268800K, 85% used [0x00000003c0000000,0x00000003ce0b4d88,0x00000003d0680000)
 Metaspace       used 99562K, capacity 100779K, committed 101080K, reserved 1136640K
  class space    used 13202K, capacity 13450K, committed 13568K, reserved 1048576K
}
Event: 176.079 GC heap before
{Heap before GC invocations=139 (full 5):
 PSYoungGen      total 2500096K, used 2500078K [0x000000066ab00000, 0x0000000706b00000, 0x00000007c0000000)
  eden space 2493952K, 100% used [0x000000066ab00000,0x0000000702e80000,0x0000000702e80000)
  from space 6144K, 99% used [0x0000000702e80000,0x000000070347ba60,0x0000000703480000)
  to   space 7168K, 0% used [0x0000000706400000,0x0000000706400000,0x0000000706b00000)
 ParOldGen       total 268800K, used 230099K [0x00000003c0000000, 0x00000003d0680000, 0x000000066ab00000)
  object space 268800K, 85% used [0x00000003c0000000,0x00000003ce0b4d88,0x00000003d0680000)
 Metaspace       used 99567K, capacity 100779K, committed 101080K, reserved 1136640K
  class space    used 13202K, capacity 13450K, committed 13568K, reserved 1048576K
Event: 176.084 GC heap after
Heap after GC invocations=139 (full 5):
 PSYoungGen      total 2547712K, used 2840K [0x000000066ab00000, 0x0000000706a80000, 0x00000007c0000000)
  eden space 2541056K, 0% used [0x000000066ab00000,0x000000066ab00000,0x0000000705c80000)
  from space 6656K, 42% used [0x0000000706400000,0x00000007066c6170,0x0000000706a80000)
  to   space 7168K, 0% used [0x0000000705c80000,0x0000000705c80000,0x0000000706380000)
 ParOldGen       total 268800K, used 230107K [0x00000003c0000000, 0x00000003d0680000, 0x000000066ab00000)
  object space 268800K, 85% used [0x00000003c0000000,0x00000003ce0b6d88,0x00000003d0680000)
 Metaspace       used 99567K, capacity 100779K, committed 101080K, reserved 1136640K
  class space    used 13202K, capacity 13450K, committed 13568K, reserved 1048576K
}
Event: 178.323 GC heap before
{Heap before GC invocations=140 (full 5):
 PSYoungGen      total 2547712K, used 2543896K [0x000000066ab00000, 0x0000000706a80000, 0x00000007c0000000)
  eden space 2541056K, 100% used [0x000000066ab00000,0x0000000705c80000,0x0000000705c80000)
  from space 6656K, 42% used [0x0000000706400000,0x00000007066c6170,0x0000000706a80000)
  to   space 7168K, 0% used [0x0000000705c80000,0x0000000705c80000,0x0000000706380000)
 ParOldGen       total 268800K, used 230107K [0x00000003c0000000, 0x00000003d0680000, 0x000000066ab00000)
  object space 268800K, 85% used [0x00000003c0000000,0x00000003ce0b6d88,0x00000003d0680000)
 Metaspace       used 99568K, capacity 100779K, committed 101080K, reserved 1136640K
  class space    used 13202K, capacity 13450K, committed 13568K, reserved 1048576K
Event: 178.328 GC heap after
Heap after GC invocations=140 (full 5):
 PSYoungGen      total 2548224K, used 2840K [0x000000066ab00000, 0x0000000709880000, 0x00000007c0000000)
  eden space 2541056K, 0% used [0x000000066ab00000,0x000000066ab00000,0x0000000705c80000)
  from space 7168K, 39% used [0x0000000705c80000,0x0000000705f46170,0x0000000706380000)
  to   space 7168K, 0% used [0x0000000709180000,0x0000000709180000,0x0000000709880000)
 ParOldGen       total 268800K, used 230107K [0x00000003c0000000, 0x00000003d0680000, 0x000000066ab00000)
  object space 268800K, 85% used [0x00000003c0000000,0x00000003ce0b6d88,0x00000003d0680000)
 Metaspace       used 99568K, capacity 100779K, committed 101080K, reserved 1136640K
  class space    used 13202K, capacity 13450K, committed 13568K, reserved 1048576K
}
Event: 180.486 GC heap before
{Heap before GC invocations=141 (full 5):
 PSYoungGen      total 2548224K, used 2543896K [0x000000066ab00000, 0x0000000709880000, 0x00000007c0000000)
  eden space 2541056K, 100% used [0x000000066ab00000,0x0000000705c80000,0x0000000705c80000)
  from space 7168K, 39% used [0x0000000705c80000,0x0000000705f46170,0x0000000706380000)
  to   space 7168K, 0% used [0x0000000709180000,0x0000000709180000,0x0000000709880000)
 ParOldGen       total 268800K, used 230107K [0x00000003c0000000, 0x00000003d0680000, 0x000000066ab00000)
  object space 268800K, 85% used [0x00000003c0000000,0x00000003ce0b6d88,0x00000003d0680000)
 Metaspace       used 99569K, capacity 100779K, committed 101080K, reserved 1136640K
  class space    used 13202K, capacity 13450K, committed 13568K, reserved 1048576K
Event: 180.491 GC heap after
Heap after GC invocations=141 (full 5):
 PSYoungGen      total 2593280K, used 2808K [0x000000066ab00000, 0x0000000709700000, 0x00000007c0000000)
  eden space 2587648K, 0% used [0x000000066ab00000,0x000000066ab00000,0x0000000708a00000)
  from space 5632K, 49% used [0x0000000709180000,0x000000070943e170,0x0000000709700000)
  to   space 6656K, 0% used [0x0000000708a00000,0x0000000708a00000,0x0000000709080000)
 ParOldGen       total 268800K, used 230107K [0x00000003c0000000, 0x00000003d0680000, 0x000000066ab00000)
  object space 268800K, 85% used [0x00000003c0000000,0x00000003ce0b6d88,0x00000003d0680000)
 Metaspace       used 99569K, capacity 100779K, committed 101080K, reserved 1136640K
  class space    used 13202K, capacity 13450K, committed 13568K, reserved 1048576K
}
Event: 182.795 GC heap before
{Heap before GC invocations=142 (full 5):
 PSYoungGen      total 2593280K, used 2590456K [0x000000066ab00000, 0x0000000709700000, 0x00000007c0000000)
  eden space 2587648K, 100% used [0x000000066ab00000,0x0000000708a00000,0x0000000708a00000)
  from space 5632K, 49% used [0x0000000709180000,0x000000070943e170,0x0000000709700000)
  to   space 6656K, 0% used [0x0000000708a00000,0x0000000708a00000,0x0000000709080000)
 ParOldGen       total 268800K, used 230107K [0x00000003c0000000, 0x00000003d0680000, 0x000000066ab00000)
  object space 268800K, 85% used [0x00000003c0000000,0x00000003ce0b6d88,0x00000003d0680000)
 Metaspace       used 99571K, capacity 100779K, committed 101080K, reserved 1136640K
  class space    used 13202K, capacity 13450K, committed 13568K, reserved 1048576K
Event: 182.801 GC heap after
Heap after GC invocations=142 (full 5):
 PSYoungGen      total 2594304K, used 3375K [0x000000066ab00000, 0x000000070c580000, 0x00000007c0000000)
  eden space 2587648K, 0% used [0x000000066ab00000,0x000000066ab00000,0x0000000708a00000)
  from space 6656K, 50% used [0x0000000708a00000,0x0000000708d4bea0,0x0000000709080000)
  to   space 6656K, 0% used [0x000000070bf00000,0x000000070bf00000,0x000000070c580000)
 ParOldGen       total 268800K, used 230107K [0x00000003c0000000, 0x00000003d0680000, 0x000000066ab00000)
  object space 268800K, 85% used [0x00000003c0000000,0x00000003ce0b6d88,0x00000003d0680000)
 Metaspace       used 99571K, capacity 100779K, committed 101080K, reserved 1136640K
  class space    used 13202K, capacity 13450K, committed 13568K, reserved 1048576K
}
Event: 185.004 GC heap before
{Heap before GC invocations=143 (full 5):
 PSYoungGen      total 2594304K, used 2591023K [0x000000066ab00000, 0x000000070c580000, 0x00000007c0000000)
  eden space 2587648K, 100% used [0x000000066ab00000,0x0000000708a00000,0x0000000708a00000)
  from space 6656K, 50% used [0x0000000708a00000,0x0000000708d4bea0,0x0000000709080000)
  to   space 6656K, 0% used [0x000000070bf00000,0x000000070bf00000,0x000000070c580000)
 ParOldGen       total 268800K, used 230107K [0x00000003c0000000, 0x00000003d0680000, 0x000000066ab00000)
  object space 268800K, 85% used [0x00000003c0000000,0x00000003ce0b6d88,0x00000003d0680000)
 Metaspace       used 99584K, capacity 100779K, committed 101080K, reserved 1136640K
  class space    used 13202K, capacity 13450K, committed 13568K, reserved 1048576K
Event: 185.009 GC heap after
Heap after GC invocations=143 (full 5):
 PSYoungGen      total 2640896K, used 2776K [0x000000066ab00000, 0x000000070c500000, 0x00000007c0000000)
  eden space 2634752K, 0% used [0x000000066ab00000,0x000000066ab00000,0x000000070b800000)
  from space 6144K, 45% used [0x000000070bf00000,0x000000070c1b6170,0x000000070c500000)
  to   space 6656K, 0% used [0x000000070b800000,0x000000070b800000,0x000000070be80000)
 ParOldGen       total 268800K, used 230107K [0x00000003c0000000, 0x00000003d0680000, 0x000000066ab00000)
  object space 268800K, 85% used [0x00000003c0000000,0x00000003ce0b6d88,0x00000003d0680000)
 Metaspace       used 99584K, capacity 100779K, committed 101080K, reserved 1136640K
  class space    used 13202K, capacity 13450K, committed 13568K, reserved 1048576K
}
Event: 187.348 GC heap before
{Heap before GC invocations=144 (full 5):
 PSYoungGen      total 2640896K, used 2637528K [0x000000066ab00000, 0x000000070c500000, 0x00000007c0000000)
  eden space 2634752K, 100% used [0x000000066ab00000,0x000000070b800000,0x000000070b800000)
  from space 6144K, 45% used [0x000000070bf00000,0x000000070c1b6170,0x000000070c500000)
  to   space 6656K, 0% used [0x000000070b800000,0x000000070b800000,0x000000070be80000)
 ParOldGen       total 268800K, used 230107K [0x00000003c0000000, 0x00000003d0680000, 0x000000066ab00000)
  object space 268800K, 85% used [0x00000003c0000000,0x00000003ce0b6d88,0x00000003d0680000)
 Metaspace       used 99589K, capacity 100779K, committed 101080K, reserved 1136640K
  class space    used 13202K, capacity 13450K, committed 13568K, reserved 1048576K

