# JRE version: OpenJDK Runtime Environment (8.0_252-b09) (build 1.8.0_252-b09)
# Java VM: OpenJDK 64-Bit Server VM (25.252-b09 mixed mode linux-amd64 compressed oops)
Heap:
 PSYoungGen      total 2876928K, used 544K [0x000000066ab00000, 0x000000071af80000, 0x00000007c0000000)
  eden space 2872832K, 0% used [0x000000066ab00000,0x000000066ab00000,0x000000071a080000)
  from space 4096K, 13% used [0x000000071a780000,0x000000071a808000,0x000000071ab80000)
  to   space 1024K, 0% used [0x000000071ae80000,0x000000071ae80000,0x000000071af80000)
 ParOldGen       total 271360K, used 126493K [0x00000003c0000000, 0x00000003d0900000, 0x000000066ab00000)
  object space 271360K, 46% used [0x00000003c0000000,0x00000003c7b87778,0x00000003d0900000)
 Metaspace       used 86173K, capacity 87094K, committed 87256K, reserved 1124352K
  class space    used 12185K, capacity 12411K, committed 12504K, reserved 1048576K
GC Heap History (197 events):
Event: 0.432 GC heap before
{Heap before GC invocations=1 (full 0):
 PSYoungGen      total 18432K, used 15872K [0x000000066ab00000, 0x000000066bf80000, 0x00000007c0000000)
  eden space 15872K, 100% used [0x000000066ab00000,0x000000066ba80000,0x000000066ba80000)
  from space 2560K, 0% used [0x000000066bd00000,0x000000066bd00000,0x000000066bf80000)
  to   space 2560K, 0% used [0x000000066ba80000,0x000000066ba80000,0x000000066bd00000)
 ParOldGen       total 42496K, used 0K [0x00000003c0000000, 0x00000003c2980000, 0x000000066ab00000)
  object space 42496K, 0% used [0x00000003c0000000,0x00000003c0000000,0x00000003c2980000)
 Metaspace       used 4967K, capacity 5944K, committed 6016K, reserved 1056768K
  class space    used 542K, capacity 616K, committed 640K, reserved 1048576K
Event: 0.436 GC heap after
Heap after GC invocations=1 (full 0):
 PSYoungGen      total 18432K, used 2555K [0x000000066ab00000, 0x000000066bf80000, 0x00000007c0000000)
  eden space 15872K, 0% used [0x000000066ab00000,0x000000066ab00000,0x000000066ba80000)
  from space 2560K, 99% used [0x000000066ba80000,0x000000066bcfeca0,0x000000066bd00000)
  to   space 2560K, 0% used [0x000000066bd00000,0x000000066bd00000,0x000000066bf80000)
 ParOldGen       total 42496K, used 505K [0x00000003c0000000, 0x00000003c2980000, 0x000000066ab00000)
  object space 42496K, 1% used [0x00000003c0000000,0x00000003c007e450,0x00000003c2980000)
 Metaspace       used 4967K, capacity 5944K, committed 6016K, reserved 1056768K
  class space    used 542K, capacity 616K, committed 640K, reserved 1048576K
}
Event: 0.850 GC heap before
{Heap before GC invocations=2 (full 0):
 PSYoungGen      total 18432K, used 18427K [0x000000066ab00000, 0x000000066bf80000, 0x00000007c0000000)
  eden space 15872K, 100% used [0x000000066ab00000,0x000000066ba80000,0x000000066ba80000)
  from space 2560K, 99% used [0x000000066ba80000,0x000000066bcfeca0,0x000000066bd00000)
  to   space 2560K, 0% used [0x000000066bd00000,0x000000066bd00000,0x000000066bf80000)
 ParOldGen       total 42496K, used 505K [0x00000003c0000000, 0x00000003c2980000, 0x000000066ab00000)
  object space 42496K, 1% used [0x00000003c0000000,0x00000003c007e450,0x00000003c2980000)
 Metaspace       used 9270K, capacity 9328K, committed 9472K, reserved 1056768K
  class space    used 1220K, capacity 1232K, committed 1280K, reserved 1048576K
Event: 0.854 GC heap after
Heap after GC invocations=2 (full 0):
 PSYoungGen      total 18432K, used 2540K [0x000000066ab00000, 0x000000066bf80000, 0x00000007c0000000)
  eden space 15872K, 0% used [0x000000066ab00000,0x000000066ab00000,0x000000066ba80000)
  from space 2560K, 99% used [0x000000066bd00000,0x000000066bf7b300,0x000000066bf80000)
  to   space 2560K, 0% used [0x000000066ba80000,0x000000066ba80000,0x000000066bd00000)
 ParOldGen       total 42496K, used 1650K [0x00000003c0000000, 0x00000003c2980000, 0x000000066ab00000)
  object space 42496K, 3% used [0x00000003c0000000,0x00000003c019ca10,0x00000003c2980000)
 Metaspace       used 9270K, capacity 9328K, committed 9472K, reserved 1056768K
  class space    used 1220K, capacity 1232K, committed 1280K, reserved 1048576K
}
Event: 1.122 GC heap before
{Heap before GC invocations=3 (full 0):
 PSYoungGen      total 18432K, used 18412K [0x000000066ab00000, 0x000000066bf80000, 0x00000007c0000000)
  eden space 15872K, 100% used [0x000000066ab00000,0x000000066ba80000,0x000000066ba80000)
  from space 2560K, 99% used [0x000000066bd00000,0x000000066bf7b300,0x000000066bf80000)
  to   space 2560K, 0% used [0x000000066ba80000,0x000000066ba80000,0x000000066bd00000)
 ParOldGen       total 42496K, used 1650K [0x00000003c0000000, 0x00000003c2980000, 0x000000066ab00000)
  object space 42496K, 3% used [0x00000003c0000000,0x00000003c019ca10,0x00000003c2980000)
 Metaspace       used 11345K, capacity 11440K, committed 11648K, reserved 1058816K
  class space    used 1531K, capacity 1552K, committed 1664K, reserved 1048576K
Event: 1.125 GC heap after
Heap after GC invocations=3 (full 0):
 PSYoungGen      total 18432K, used 2531K [0x000000066ab00000, 0x000000066cf00000, 0x00000007c0000000)
  eden space 15872K, 0% used [0x000000066ab00000,0x000000066ab00000,0x000000066ba80000)
  from space 2560K, 98% used [0x000000066ba80000,0x000000066bcf8d80,0x000000066bd00000)
  to   space 2560K, 0% used [0x000000066cc80000,0x000000066cc80000,0x000000066cf00000)
 ParOldGen       total 42496K, used 2860K [0x00000003c0000000, 0x00000003c2980000, 0x000000066ab00000)
  object space 42496K, 6% used [0x00000003c0000000,0x00000003c02cb0c0,0x00000003c2980000)
 Metaspace       used 11345K, capacity 11440K, committed 11648K, reserved 1058816K
  class space    used 1531K, capacity 1552K, committed 1664K, reserved 1048576K
}
Event: 1.296 GC heap before
{Heap before GC invocations=4 (full 0):
 PSYoungGen      total 18432K, used 18403K [0x000000066ab00000, 0x000000066cf00000, 0x00000007c0000000)
  eden space 15872K, 100% used [0x000000066ab00000,0x000000066ba80000,0x000000066ba80000)
  from space 2560K, 98% used [0x000000066ba80000,0x000000066bcf8d80,0x000000066bd00000)
  to   space 2560K, 0% used [0x000000066cc80000,0x000000066cc80000,0x000000066cf00000)
 ParOldGen       total 42496K, used 2860K [0x00000003c0000000, 0x00000003c2980000, 0x000000066ab00000)
  object space 42496K, 6% used [0x00000003c0000000,0x00000003c02cb0c0,0x00000003c2980000)
 Metaspace       used 12917K, capacity 13072K, committed 13312K, reserved 1060864K
  class space    used 1728K, capacity 1776K, committed 1792K, reserved 1048576K
Event: 1.301 GC heap after
Heap after GC invocations=4 (full 0):
 PSYoungGen      total 34304K, used 2542K [0x000000066ab00000, 0x000000066cf00000, 0x00000007c0000000)
  eden space 31744K, 0% used [0x000000066ab00000,0x000000066ab00000,0x000000066ca00000)
  from space 2560K, 99% used [0x000000066cc80000,0x000000066cefba28,0x000000066cf00000)
  to   space 2560K, 0% used [0x000000066ca00000,0x000000066ca00000,0x000000066cc80000)
 ParOldGen       total 42496K, used 3923K [0x00000003c0000000, 0x00000003c2980000, 0x000000066ab00000)
  object space 42496K, 9% used [0x00000003c0000000,0x00000003c03d4f58,0x00000003c2980000)
 Metaspace       used 12917K, capacity 13072K, committed 13312K, reserved 1060864K
  class space    used 1728K, capacity 1776K, committed 1792K, reserved 1048576K
}
Event: 1.809 GC heap before
{Heap before GC invocations=5 (full 0):
 PSYoungGen      total 34304K, used 34286K [0x000000066ab00000, 0x000000066cf00000, 0x00000007c0000000)
  eden space 31744K, 100% used [0x000000066ab00000,0x000000066ca00000,0x000000066ca00000)
  from space 2560K, 99% used [0x000000066cc80000,0x000000066cefba28,0x000000066cf00000)
  to   space 2560K, 0% used [0x000000066ca00000,0x000000066ca00000,0x000000066cc80000)
 ParOldGen       total 42496K, used 3923K [0x00000003c0000000, 0x00000003c2980000, 0x000000066ab00000)
  object space 42496K, 9% used [0x00000003c0000000,0x00000003c03d4f58,0x00000003c2980000)
 Metaspace       used 15322K, capacity 15414K, committed 15616K, reserved 1062912K
  class space    used 1979K, capacity 2001K, committed 2048K, reserved 1048576K
Event: 1.817 GC heap after
Heap after GC invocations=5 (full 0):
 PSYoungGen      total 34304K, used 2542K [0x000000066ab00000, 0x000000066f300000, 0x00000007c0000000)
  eden space 31744K, 0% used [0x000000066ab00000,0x000000066ab00000,0x000000066ca00000)
  from space 2560K, 99% used [0x000000066ca00000,0x000000066cc7ba28,0x000000066cc80000)
  to   space 5120K, 0% used [0x000000066ee00000,0x000000066ee00000,0x000000066f300000)
 ParOldGen       total 42496K, used 6269K [0x00000003c0000000, 0x00000003c2980000, 0x000000066ab00000)
  object space 42496K, 14% used [0x00000003c0000000,0x00000003c061f4e8,0x00000003c2980000)
 Metaspace       used 15322K, capacity 15414K, committed 15616K, reserved 1062912K
  class space    used 1979K, capacity 2001K, committed 2048K, reserved 1048576K
}
Event: 2.124 GC heap before
{Heap before GC invocations=6 (full 0):
 PSYoungGen      total 34304K, used 34286K [0x000000066ab00000, 0x000000066f300000, 0x00000007c0000000)
  eden space 31744K, 100% used [0x000000066ab00000,0x000000066ca00000,0x000000066ca00000)
  from space 2560K, 99% used [0x000000066ca00000,0x000000066cc7ba28,0x000000066cc80000)
  to   space 5120K, 0% used [0x000000066ee00000,0x000000066ee00000,0x000000066f300000)
 ParOldGen       total 42496K, used 6269K [0x00000003c0000000, 0x00000003c2980000, 0x000000066ab00000)
  object space 42496K, 14% used [0x00000003c0000000,0x00000003c061f4e8,0x00000003c2980000)
 Metaspace       used 15644K, capacity 15752K, committed 15872K, reserved 1062912K
  class space    used 1982K, capacity 2004K, committed 2048K, reserved 1048576K
Event: 2.130 GC heap after
Heap after GC invocations=6 (full 0):
 PSYoungGen      total 68608K, used 3582K [0x000000066ab00000, 0x000000066f300000, 0x00000007c0000000)
  eden space 63488K, 0% used [0x000000066ab00000,0x000000066ab00000,0x000000066e900000)
  from space 5120K, 69% used [0x000000066ee00000,0x000000066f17fa18,0x000000066f300000)
  to   space 5120K, 0% used [0x000000066e900000,0x000000066e900000,0x000000066ee00000)
 ParOldGen       total 42496K, used 6277K [0x00000003c0000000, 0x00000003c2980000, 0x000000066ab00000)
  object space 42496K, 14% used [0x00000003c0000000,0x00000003c06214e8,0x00000003c2980000)
 Metaspace       used 15644K, capacity 15752K, committed 15872K, reserved 1062912K
  class space    used 1982K, capacity 2004K, committed 2048K, reserved 1048576K
}
Event: 2.706 GC heap before
{Heap before GC invocations=7 (full 0):
 PSYoungGen      total 68608K, used 67070K [0x000000066ab00000, 0x000000066f300000, 0x00000007c0000000)
  eden space 63488K, 100% used [0x000000066ab00000,0x000000066e900000,0x000000066e900000)
  from space 5120K, 69% used [0x000000066ee00000,0x000000066f17fa18,0x000000066f300000)
  to   space 5120K, 0% used [0x000000066e900000,0x000000066e900000,0x000000066ee00000)
 ParOldGen       total 42496K, used 6277K [0x00000003c0000000, 0x00000003c2980000, 0x000000066ab00000)
  object space 42496K, 14% used [0x00000003c0000000,0x00000003c06214e8,0x00000003c2980000)
 Metaspace       used 17050K, capacity 17192K, committed 17408K, reserved 1064960K
  class space    used 2189K, capacity 2228K, committed 2304K, reserved 1048576K
Event: 2.714 GC heap after
Heap after GC invocations=7 (full 0):
 PSYoungGen      total 68608K, used 4483K [0x000000066ab00000, 0x0000000673100000, 0x00000007c0000000)
  eden space 63488K, 0% used [0x000000066ab00000,0x000000066ab00000,0x000000066e900000)
  from space 5120K, 87% used [0x000000066e900000,0x000000066ed60c88,0x000000066ee00000)
  to   space 5120K, 0% used [0x0000000672c00000,0x0000000672c00000,0x0000000673100000)
 ParOldGen       total 42496K, used 7313K [0x00000003c0000000, 0x00000003c2980000, 0x000000066ab00000)
  object space 42496K, 17% used [0x00000003c0000000,0x00000003c0724770,0x00000003c2980000)
 Metaspace       used 17050K, capacity 17192K, committed 17408K, reserved 1064960K
  class space    used 2189K, capacity 2228K, committed 2304K, reserved 1048576K
}
Event: 3.187 GC heap before
{Heap before GC invocations=8 (full 0):
 PSYoungGen      total 68608K, used 46443K [0x000000066ab00000, 0x0000000673100000, 0x00000007c0000000)
  eden space 63488K, 66% used [0x000000066ab00000,0x000000066d3fa2a0,0x000000066e900000)
  from space 5120K, 87% used [0x000000066e900000,0x000000066ed60c88,0x000000066ee00000)
  to   space 5120K, 0% used [0x0000000672c00000,0x0000000672c00000,0x0000000673100000)
 ParOldGen       total 42496K, used 7313K [0x00000003c0000000, 0x00000003c2980000, 0x000000066ab00000)
  object space 42496K, 17% used [0x00000003c0000000,0x00000003c0724770,0x00000003c2980000)
 Metaspace       used 20902K, capacity 21096K, committed 21248K, reserved 1067008K
  class space    used 2666K, capacity 2760K, committed 2816K, reserved 1048576K
Event: 3.196 GC heap after
Heap after GC invocations=8 (full 0):
 PSYoungGen      total 131072K, used 5093K [0x000000066ab00000, 0x0000000673300000, 0x00000007c0000000)
  eden space 125952K, 0% used [0x000000066ab00000,0x000000066ab00000,0x0000000672600000)
  from space 5120K, 99% used [0x0000000672c00000,0x00000006730f9558,0x0000000673100000)
  to   space 6144K, 0% used [0x0000000672600000,0x0000000672600000,0x0000000672c00000)
 ParOldGen       total 42496K, used 8334K [0x00000003c0000000, 0x00000003c2980000, 0x000000066ab00000)
  object space 42496K, 19% used [0x00000003c0000000,0x00000003c0823820,0x00000003c2980000)
 Metaspace       used 20902K, capacity 21096K, committed 21248K, reserved 1067008K
  class space    used 2666K, capacity 2760K, committed 2816K, reserved 1048576K
}
Event: 3.196 GC heap before
{Heap before GC invocations=9 (full 1):
 PSYoungGen      total 131072K, used 5093K [0x000000066ab00000, 0x0000000673300000, 0x00000007c0000000)
  eden space 125952K, 0% used [0x000000066ab00000,0x000000066ab00000,0x0000000672600000)
  from space 5120K, 99% used [0x0000000672c00000,0x00000006730f9558,0x0000000673100000)
  to   space 6144K, 0% used [0x0000000672600000,0x0000000672600000,0x0000000672c00000)
 ParOldGen       total 42496K, used 8334K [0x00000003c0000000, 0x00000003c2980000, 0x000000066ab00000)
  object space 42496K, 19% used [0x00000003c0000000,0x00000003c0823820,0x00000003c2980000)
 Metaspace       used 20902K, capacity 21096K, committed 21248K, reserved 1067008K
  class space    used 2666K, capacity 2760K, committed 2816K, reserved 1048576K
Event: 3.226 GC heap after
Heap after GC invocations=9 (full 1):
 PSYoungGen      total 131072K, used 0K [0x000000066ab00000, 0x0000000673300000, 0x00000007c0000000)
  eden space 125952K, 0% used [0x000000066ab00000,0x000000066ab00000,0x0000000672600000)
  from space 5120K, 0% used [0x0000000672c00000,0x0000000672c00000,0x0000000673100000)
  to   space 6144K, 0% used [0x0000000672600000,0x0000000672600000,0x0000000672c00000)
 ParOldGen       total 32256K, used 7659K [0x00000003c0000000, 0x00000003c1f80000, 0x000000066ab00000)
  object space 32256K, 23% used [0x00000003c0000000,0x00000003c077ac58,0x00000003c1f80000)
 Metaspace       used 20902K, capacity 21096K, committed 21248K, reserved 1067008K
  class space    used 2666K, capacity 2760K, committed 2816K, reserved 1048576K
}
Event: 4.796 GC heap before
{Heap before GC invocations=10 (full 1):
 PSYoungGen      total 131072K, used 125952K [0x000000066ab00000, 0x0000000673300000, 0x00000007c0000000)
  eden space 125952K, 100% used [0x000000066ab00000,0x0000000672600000,0x0000000672600000)
  from space 5120K, 0% used [0x0000000672c00000,0x0000000672c00000,0x0000000673100000)
  to   space 6144K, 0% used [0x0000000672600000,0x0000000672600000,0x0000000672c00000)
 ParOldGen       total 32256K, used 7659K [0x00000003c0000000, 0x00000003c1f80000, 0x000000066ab00000)
  object space 32256K, 23% used [0x00000003c0000000,0x00000003c077ac58,0x00000003c1f80000)
 Metaspace       used 32398K, capacity 32610K, committed 33024K, reserved 1077248K
  class space    used 4223K, capacity 4309K, committed 4352K, reserved 1048576K
Event: 4.810 GC heap after
Heap after GC invocations=10 (full 1):
 PSYoungGen      total 132096K, used 6130K [0x000000066ab00000, 0x0000000676500000, 0x00000007c0000000)
  eden space 125952K, 0% used [0x000000066ab00000,0x000000066ab00000,0x0000000672600000)
  from space 6144K, 99% used [0x0000000672600000,0x0000000672bfc8f8,0x0000000672c00000)
  to   space 9216K, 0% used [0x0000000675c00000,0x0000000675c00000,0x0000000676500000)
 ParOldGen       total 32256K, used 13691K [0x00000003c0000000, 0x00000003c1f80000, 0x000000066ab00000)
  object space 32256K, 42% used [0x00000003c0000000,0x00000003c0d5ed78,0x00000003c1f80000)
 Metaspace       used 32398K, capacity 32610K, committed 33024K, reserved 1077248K
  class space    used 4223K, capacity 4309K, committed 4352K, reserved 1048576K
}
Event: 7.827 GC heap before
{Heap before GC invocations=11 (full 1):
 PSYoungGen      total 132096K, used 65769K [0x000000066ab00000, 0x0000000676500000, 0x00000007c0000000)
  eden space 125952K, 47% used [0x000000066ab00000,0x000000066e53dd88,0x0000000672600000)
  from space 6144K, 99% used [0x0000000672600000,0x0000000672bfc8f8,0x0000000672c00000)
  to   space 9216K, 0% used [0x0000000675c00000,0x0000000675c00000,0x0000000676500000)
 ParOldGen       total 32256K, used 13691K [0x00000003c0000000, 0x00000003c1f80000, 0x000000066ab00000)
  object space 32256K, 42% used [0x00000003c0000000,0x00000003c0d5ed78,0x00000003c1f80000)
 Metaspace       used 34971K, capacity 35202K, committed 35416K, reserved 1079296K
  class space    used 4569K, capacity 4661K, committed 4696K, reserved 1048576K
Event: 7.836 GC heap after
Heap after GC invocations=11 (full 1):
 PSYoungGen      total 174080K, used 5831K [0x000000066ab00000, 0x0000000676200000, 0x00000007c0000000)
  eden space 167936K, 0% used [0x000000066ab00000,0x000000066ab00000,0x0000000674f00000)
  from space 6144K, 94% used [0x0000000675c00000,0x00000006761b1eb8,0x0000000676200000)
  to   space 9216K, 0% used [0x0000000675000000,0x0000000675000000,0x0000000675900000)
 ParOldGen       total 32256K, used 13699K [0x00000003c0000000, 0x00000003c1f80000, 0x000000066ab00000)
  object space 32256K, 42% used [0x00000003c0000000,0x00000003c0d60d78,0x00000003c1f80000)
 Metaspace       used 34971K, capacity 35202K, committed 35416K, reserved 1079296K
  class space    used 4569K, capacity 4661K, committed 4696K, reserved 1048576K
}
Event: 7.836 GC heap before
{Heap before GC invocations=12 (full 2):
 PSYoungGen      total 174080K, used 5831K [0x000000066ab00000, 0x0000000676200000, 0x00000007c0000000)
  eden space 167936K, 0% used [0x000000066ab00000,0x000000066ab00000,0x0000000674f00000)
  from space 6144K, 94% used [0x0000000675c00000,0x00000006761b1eb8,0x0000000676200000)
  to   space 9216K, 0% used [0x0000000675000000,0x0000000675000000,0x0000000675900000)
 ParOldGen       total 32256K, used 13699K [0x00000003c0000000, 0x00000003c1f80000, 0x000000066ab00000)
  object space 32256K, 42% used [0x00000003c0000000,0x00000003c0d60d78,0x00000003c1f80000)
 Metaspace       used 34971K, capacity 35202K, committed 35416K, reserved 1079296K
  class space    used 4569K, capacity 4661K, committed 4696K, reserved 1048576K
Event: 7.883 GC heap after
Heap after GC invocations=12 (full 2):
 PSYoungGen      total 174080K, used 0K [0x000000066ab00000, 0x0000000676200000, 0x00000007c0000000)
  eden space 167936K, 0% used [0x000000066ab00000,0x000000066ab00000,0x0000000674f00000)
  from space 6144K, 0% used [0x0000000675c00000,0x0000000675c00000,0x0000000676200000)
  to   space 9216K, 0% used [0x0000000675000000,0x0000000675000000,0x0000000675900000)
 ParOldGen       total 46080K, used 9297K [0x00000003c0000000, 0x00000003c2d00000, 0x000000066ab00000)
  object space 46080K, 20% used [0x00000003c0000000,0x00000003c0914438,0x00000003c2d00000)
 Metaspace       used 34971K, capacity 35202K, committed 35416K, reserved 1079296K
  class space    used 4569K, capacity 4661K, committed 4696K, reserved 1048576K
}
Event: 9.881 GC heap before
{Heap before GC invocations=13 (full 2):
 PSYoungGen      total 174080K, used 167936K [0x000000066ab00000, 0x0000000676200000, 0x00000007c0000000)
  eden space 167936K, 100% used [0x000000066ab00000,0x0000000674f00000,0x0000000674f00000)
  from space 6144K, 0% used [0x0000000675c00000,0x0000000675c00000,0x0000000676200000)
  to   space 9216K, 0% used [0x0000000675000000,0x0000000675000000,0x0000000675900000)
 ParOldGen       total 46080K, used 9297K [0x00000003c0000000, 0x00000003c2d00000, 0x000000066ab00000)
  object space 46080K, 20% used [0x00000003c0000000,0x00000003c0914438,0x00000003c2d00000)
 Metaspace       used 54443K, capacity 54750K, committed 55128K, reserved 1097728K
  class space    used 7619K, capacity 7685K, committed 7768K, reserved 1048576K
Event: 9.901 GC heap after
Heap after GC invocations=13 (full 2):
 PSYoungGen      total 178176K, used 9203K [0x000000066ab00000, 0x000000067a200000, 0x00000007c0000000)
  eden space 168960K, 0% used [0x000000066ab00000,0x000000066ab00000,0x0000000675000000)
  from space 9216K, 99% used [0x0000000675000000,0x00000006758fcd28,0x0000000675900000)
  to   space 15360K, 0% used [0x0000000679300000,0x0000000679300000,0x000000067a200000)
 ParOldGen       total 46080K, used 23315K [0x00000003c0000000, 0x00000003c2d00000, 0x000000066ab00000)
  object space 46080K, 50% used [0x00000003c0000000,0x00000003c16c4c10,0x00000003c2d00000)
 Metaspace       used 54443K, capacity 54750K, committed 55128K, reserved 1097728K
  class space    used 7619K, capacity 7685K, committed 7768K, reserved 1048576K
}
Event: 10.530 GC heap before
{Heap before GC invocations=14 (full 2):
 PSYoungGen      total 178176K, used 56198K [0x000000066ab00000, 0x000000067a200000, 0x00000007c0000000)
  eden space 168960K, 27% used [0x000000066ab00000,0x000000066d8e4bd8,0x0000000675000000)
  from space 9216K, 99% used [0x0000000675000000,0x00000006758fcd28,0x0000000675900000)
  to   space 15360K, 0% used [0x0000000679300000,0x0000000679300000,0x000000067a200000)
 ParOldGen       total 46080K, used 23315K [0x00000003c0000000, 0x00000003c2d00000, 0x000000066ab00000)
  object space 46080K, 50% used [0x00000003c0000000,0x00000003c16c4c10,0x00000003c2d00000)
 Metaspace       used 58370K, capacity 58632K, committed 59028K, reserved 1099776K
  class space    used 8209K, capacity 8296K, committed 8408K, reserved 1048576K
Event: 10.545 GC heap after
Heap after GC invocations=14 (full 2):
 PSYoungGen      total 238592K, used 6797K [0x000000066ab00000, 0x000000067a680000, 0x00000007c0000000)
  eden space 223232K, 0% used [0x000000066ab00000,0x000000066ab00000,0x0000000678500000)
  from space 15360K, 44% used [0x0000000679300000,0x00000006799a35a0,0x000000067a200000)
  to   space 14336K, 0% used [0x0000000678500000,0x0000000678500000,0x0000000679300000)
 ParOldGen       total 46080K, used 28618K [0x00000003c0000000, 0x00000003c2d00000, 0x000000066ab00000)
  object space 46080K, 62% used [0x00000003c0000000,0x00000003c1bf2ba0,0x00000003c2d00000)
 Metaspace       used 58370K, capacity 58632K, committed 59028K, reserved 1099776K
  class space    used 8209K, capacity 8296K, committed 8408K, reserved 1048576K
}
Event: 10.545 GC heap before
{Heap before GC invocations=15 (full 3):
 PSYoungGen      total 238592K, used 6797K [0x000000066ab00000, 0x000000067a680000, 0x00000007c0000000)
  eden space 223232K, 0% used [0x000000066ab00000,0x000000066ab00000,0x0000000678500000)
  from space 15360K, 44% used [0x0000000679300000,0x00000006799a35a0,0x000000067a200000)
  to   space 14336K, 0% used [0x0000000678500000,0x0000000678500000,0x0000000679300000)
 ParOldGen       total 46080K, used 28618K [0x00000003c0000000, 0x00000003c2d00000, 0x000000066ab00000)
  object space 46080K, 62% used [0x00000003c0000000,0x00000003c1bf2ba0,0x00000003c2d00000)
 Metaspace       used 58370K, capacity 58632K, committed 59028K, reserved 1099776K
  class space    used 8209K, capacity 8296K, committed 8408K, reserved 1048576K
Event: 10.633 GC heap after
Heap after GC invocations=15 (full 3):
 PSYoungGen      total 238592K, used 0K [0x000000066ab00000, 0x000000067a680000, 0x00000007c0000000)
  eden space 223232K, 0% used [0x000000066ab00000,0x000000066ab00000,0x0000000678500000)
  from space 15360K, 0% used [0x0000000679300000,0x0000000679300000,0x000000067a200000)
  to   space 14336K, 0% used [0x0000000678500000,0x0000000678500000,0x0000000679300000)
 ParOldGen       total 70144K, used 18210K [0x00000003c0000000, 0x00000003c4480000, 0x000000066ab00000)
  object space 70144K, 25% used [0x00000003c0000000,0x00000003c11c8bb0,0x00000003c4480000)
 Metaspace       used 58370K, capacity 58632K, committed 59028K, reserved 1099776K
  class space    used 8209K, capacity 8296K, committed 8408K, reserved 1048576K
}
Event: 16.545 GC heap before
{Heap before GC invocations=16 (full 3):
 PSYoungGen      total 238592K, used 223232K [0x000000066ab00000, 0x000000067a680000, 0x00000007c0000000)
  eden space 223232K, 100% used [0x000000066ab00000,0x0000000678500000,0x0000000678500000)
  from space 15360K, 0% used [0x0000000679300000,0x0000000679300000,0x000000067a200000)
  to   space 14336K, 0% used [0x0000000678500000,0x0000000678500000,0x0000000679300000)
 ParOldGen       total 70144K, used 18210K [0x00000003c0000000, 0x00000003c4480000, 0x000000066ab00000)
  object space 70144K, 25% used [0x00000003c0000000,0x00000003c11c8bb0,0x00000003c4480000)
 Metaspace       used 71353K, capacity 71896K, committed 72152K, reserved 1112064K
  class space    used 10185K, capacity 10335K, committed 10456K, reserved 1048576K
Event: 16.571 GC heap after
Heap after GC invocations=16 (full 3):
 PSYoungGen      total 237568K, used 13631K [0x000000066ab00000, 0x000000067da00000, 0x00000007c0000000)
  eden space 223232K, 0% used [0x000000066ab00000,0x000000066ab00000,0x0000000678500000)
  from space 14336K, 95% used [0x0000000678500000,0x000000067924fd28,0x0000000679300000)
  to   space 16384K, 0% used [0x000000067ca00000,0x000000067ca00000,0x000000067da00000)
 ParOldGen       total 70144K, used 50986K [0x00000003c0000000, 0x00000003c4480000, 0x000000066ab00000)
  object space 70144K, 72% used [0x00000003c0000000,0x00000003c31cabd0,0x00000003c4480000)
 Metaspace       used 71353K, capacity 71896K, committed 72152K, reserved 1112064K
  class space    used 10185K, capacity 10335K, committed 10456K, reserved 1048576K
}
Event: 16.571 GC heap before
{Heap before GC invocations=17 (full 4):
 PSYoungGen      total 237568K, used 13631K [0x000000066ab00000, 0x000000067da00000, 0x00000007c0000000)
  eden space 223232K, 0% used [0x000000066ab00000,0x000000066ab00000,0x0000000678500000)
  from space 14336K, 95% used [0x0000000678500000,0x000000067924fd28,0x0000000679300000)
  to   space 16384K, 0% used [0x000000067ca00000,0x000000067ca00000,0x000000067da00000)
 ParOldGen       total 70144K, used 50986K [0x00000003c0000000, 0x00000003c4480000, 0x000000066ab00000)
  object space 70144K, 72% used [0x00000003c0000000,0x00000003c31cabd0,0x00000003c4480000)
 Metaspace       used 71353K, capacity 71896K, committed 72152K, reserved 1112064K
  class space    used 10185K, capacity 10335K, committed 10456K, reserved 1048576K
Event: 16.661 GC heap after
Heap after GC invocations=17 (full 4):
 PSYoungGen      total 237568K, used 0K [0x000000066ab00000, 0x000000067da00000, 0x00000007c0000000)
  eden space 223232K, 0% used [0x000000066ab00000,0x000000066ab00000,0x0000000678500000)
  from space 14336K, 0% used [0x0000000678500000,0x0000000678500000,0x0000000679300000)
  to   space 16384K, 0% used [0x000000067ca00000,0x000000067ca00000,0x000000067da00000)
 ParOldGen       total 138752K, used 60439K [0x00000003c0000000, 0x00000003c8780000, 0x000000066ab00000)
  object space 138752K, 43% used [0x00000003c0000000,0x00000003c3b05e48,0x00000003c8780000)
 Metaspace       used 71350K, capacity 71890K, committed 72152K, reserved 1112064K
  class space    used 10184K, capacity 10334K, committed 10456K, reserved 1048576K
}
Event: 20.566 GC heap before
{Heap before GC invocations=18 (full 4):
 PSYoungGen      total 237568K, used 223232K [0x000000066ab00000, 0x000000067da00000, 0x00000007c0000000)
  eden space 223232K, 100% used [0x000000066ab00000,0x0000000678500000,0x0000000678500000)
  from space 14336K, 0% used [0x0000000678500000,0x0000000678500000,0x0000000679300000)
  to   space 16384K, 0% used [0x000000067ca00000,0x000000067ca00000,0x000000067da00000)
 ParOldGen       total 138752K, used 60439K [0x00000003c0000000, 0x00000003c8780000, 0x000000066ab00000)
  object space 138752K, 43% used [0x00000003c0000000,0x00000003c3b05e48,0x00000003c8780000)
 Metaspace       used 79582K, capacity 80302K, committed 80472K, reserved 1118208K
  class space    used 11383K, capacity 11574K, committed 11608K, reserved 1048576K
Event: 20.589 GC heap after
Heap after GC invocations=18 (full 4):
 PSYoungGen      total 287744K, used 11040K [0x000000066ab00000, 0x000000067d780000, 0x00000007c0000000)
  eden space 273920K, 0% used [0x000000066ab00000,0x000000066ab00000,0x000000067b680000)
  from space 13824K, 79% used [0x000000067ca00000,0x000000067d4c8360,0x000000067d780000)
  to   space 16896K, 0% used [0x000000067b680000,0x000000067b680000,0x000000067c700000)
 ParOldGen       total 138752K, used 75149K [0x00000003c0000000, 0x00000003c8780000, 0x000000066ab00000)
  object space 138752K, 54% used [0x00000003c0000000,0x00000003c4963678,0x00000003c8780000)
 Metaspace       used 79582K, capacity 80302K, committed 80472K, reserved 1118208K
  class space    used 11383K, capacity 11574K, committed 11608K, reserved 1048576K
}
Event: 21.565 GC heap before
{Heap before GC invocations=19 (full 4):
 PSYoungGen      total 287744K, used 284960K [0x000000066ab00000, 0x000000067d780000, 0x00000007c0000000)
  eden space 273920K, 100% used [0x000000066ab00000,0x000000067b680000,0x000000067b680000)
  from space 13824K, 79% used [0x000000067ca00000,0x000000067d4c8360,0x000000067d780000)
  to   space 16896K, 0% used [0x000000067b680000,0x000000067b680000,0x000000067c700000)
 ParOldGen       total 138752K, used 75149K [0x00000003c0000000, 0x00000003c8780000, 0x000000066ab00000)
  object space 138752K, 54% used [0x00000003c0000000,0x00000003c4963678,0x00000003c8780000)
 Metaspace       used 80518K, capacity 81286K, committed 81368K, reserved 1118208K
  class space    used 11510K, capacity 11724K, committed 11736K, reserved 1048576K
Event: 21.572 GC heap after
Heap after GC invocations=19 (full 4):
 PSYoungGen      total 290816K, used 3949K [0x000000066ab00000, 0x0000000681080000, 0x00000007c0000000)
  eden space 273920K, 0% used [0x000000066ab00000,0x000000066ab00000,0x000000067b680000)
  from space 16896K, 23% used [0x000000067b680000,0x000000067ba5b740,0x000000067c700000)
  to   space 16384K, 0% used [0x0000000680080000,0x0000000680080000,0x0000000681080000)
 ParOldGen       total 138752K, used 75157K [0x00000003c0000000, 0x00000003c8780000, 0x000000066ab00000)
  object space 138752K, 54% used [0x00000003c0000000,0x00000003c4965678,0x00000003c8780000)
 Metaspace       used 80518K, capacity 81286K, committed 81368K, reserved 1118208K
  class space    used 11510K, capacity 11724K, committed 11736K, reserved 1048576K
}
Event: 23.475 GC heap before
{Heap before GC invocations=20 (full 4):
 PSYoungGen      total 290816K, used 275076K [0x000000066ab00000, 0x0000000681080000, 0x00000007c0000000)
  eden space 273920K, 98% used [0x000000066ab00000,0x000000067b3c5c78,0x000000067b680000)
  from space 16896K, 23% used [0x000000067b680000,0x000000067ba5b740,0x000000067c700000)
  to   space 16384K, 0% used [0x0000000680080000,0x0000000680080000,0x0000000681080000)
 ParOldGen       total 138752K, used 75157K [0x00000003c0000000, 0x00000003c8780000, 0x000000066ab00000)
  object space 138752K, 54% used [0x00000003c0000000,0x00000003c4965678,0x00000003c8780000)
 Metaspace       used 84692K, capacity 85572K, committed 85720K, reserved 1122304K
  class space    used 11997K, capacity 12248K, committed 12248K, reserved 1048576K
Event: 23.536 GC heap after
Heap after GC invocations=20 (full 4):
 PSYoungGen      total 316416K, used 16376K [0x000000066ab00000, 0x0000000686300000, 0x00000007c0000000)
  eden space 300032K, 0% used [0x000000066ab00000,0x000000066ab00000,0x000000067d000000)
  from space 16384K, 99% used [0x0000000680080000,0x000000068107e388,0x0000000681080000)
  to   space 49664K, 0% used [0x000000067d000000,0x000000067d000000,0x0000000680080000)
 ParOldGen       total 174080K, used 158683K [0x00000003c0000000, 0x00000003caa00000, 0x000000066ab00000)
  object space 174080K, 91% used [0x00000003c0000000,0x00000003c9af6ca8,0x00000003caa00000)
 Metaspace       used 84692K, capacity 85572K, committed 85720K, reserved 1122304K
  class space    used 11997K, capacity 12248K, committed 12248K, reserved 1048576K
}
Event: 23.536 GC heap before
{Heap before GC invocations=21 (full 5):
 PSYoungGen      total 316416K, used 16376K [0x000000066ab00000, 0x0000000686300000, 0x00000007c0000000)
  eden space 300032K, 0% used [0x000000066ab00000,0x000000066ab00000,0x000000067d000000)
  from space 16384K, 99% used [0x0000000680080000,0x000000068107e388,0x0000000681080000)
  to   space 49664K, 0% used [0x000000067d000000,0x000000067d000000,0x0000000680080000)
 ParOldGen       total 174080K, used 158683K [0x00000003c0000000, 0x00000003caa00000, 0x000000066ab00000)
  object space 174080K, 91% used [0x00000003c0000000,0x00000003c9af6ca8,0x00000003caa00000)
 Metaspace       used 84692K, capacity 85572K, committed 85720K, reserved 1122304K
  class space    used 11997K, capacity 12248K, committed 12248K, reserved 1048576K
Event: 23.645 GC heap after
Heap after GC invocations=21 (full 5):
 PSYoungGen      total 316416K, used 0K [0x000000066ab00000, 0x0000000686300000, 0x00000007c0000000)
  eden space 300032K, 0% used [0x000000066ab00000,0x000000066ab00000,0x000000067d000000)
  from space 16384K, 0% used [0x0000000680080000,0x0000000680080000,0x0000000681080000)
  to   space 49664K, 0% used [0x000000067d000000,0x000000067d000000,0x0000000680080000)
 ParOldGen       total 235520K, used 115616K [0x00000003c0000000, 0x00000003ce600000, 0x000000066ab00000)
  object space 235520K, 49% used [0x00000003c0000000,0x00000003c70e8290,0x00000003ce600000)
 Metaspace       used 84673K, capacity 85542K, committed 85720K, reserved 1122304K
  class space    used 11994K, capacity 12243K, committed 12248K, reserved 1048576K
}
Event: 104.552 GC heap before
{Heap before GC invocations=22 (full 5):
 PSYoungGen      total 316416K, used 300032K [0x000000066ab00000, 0x0000000686300000, 0x00000007c0000000)
  eden space 300032K, 100% used [0x000000066ab00000,0x000000067d000000,0x000000067d000000)
  from space 16384K, 0% used [0x0000000680080000,0x0000000680080000,0x0000000681080000)
  to   space 49664K, 0% used [0x000000067d000000,0x000000067d000000,0x0000000680080000)
 ParOldGen       total 235520K, used 115616K [0x00000003c0000000, 0x00000003ce600000, 0x000000066ab00000)
  object space 235520K, 49% used [0x00000003c0000000,0x00000003c70e8290,0x00000003ce600000)
 Metaspace       used 86037K, capacity 86966K, committed 87256K, reserved 1124352K
  class space    used 12176K, capacity 12411K, committed 12504K, reserved 1048576K
Event: 104.612 GC heap after
Heap after GC invocations=22 (full 5):
 PSYoungGen      total 349696K, used 39241K [0x000000066ab00000, 0x0000000686b00000, 0x00000007c0000000)
  eden space 300032K, 0% used [0x000000066ab00000,0x000000066ab00000,0x000000067d000000)
  from space 49664K, 79% used [0x000000067d000000,0x000000067f652540,0x0000000680080000)
  to   space 54784K, 0% used [0x0000000683580000,0x0000000683580000,0x0000000686b00000)
 ParOldGen       total 235520K, used 176456K [0x00000003c0000000, 0x00000003ce600000, 0x000000066ab00000)
  object space 235520K, 74% used [0x00000003c0000000,0x00000003cac52250,0x00000003ce600000)
 Metaspace       used 86037K, capacity 86966K, committed 87256K, reserved 1124352K
  class space    used 12176K, capacity 12411K, committed 12504K, reserved 1048576K
}
Event: 104.612 GC heap before
{Heap before GC invocations=23 (full 6):
 PSYoungGen      total 349696K, used 39241K [0x000000066ab00000, 0x0000000686b00000, 0x00000007c0000000)
  eden space 300032K, 0% used [0x000000066ab00000,0x000000066ab00000,0x000000067d000000)
  from space 49664K, 79% used [0x000000067d000000,0x000000067f652540,0x0000000680080000)
  to   space 54784K, 0% used [0x0000000683580000,0x0000000683580000,0x0000000686b00000)
 ParOldGen       total 235520K, used 176456K [0x00000003c0000000, 0x00000003ce600000, 0x000000066ab00000)
  object space 235520K, 74% used [0x00000003c0000000,0x00000003cac52250,0x00000003ce600000)
 Metaspace       used 86037K, capacity 86966K, committed 87256K, reserved 1124352K
  class space    used 12176K, capacity 12411K, committed 12504K, reserved 1048576K
Event: 104.722 GC heap after
Heap after GC invocations=23 (full 6):
 PSYoungGen      total 349696K, used 0K [0x000000066ab00000, 0x0000000686b00000, 0x00000007c0000000)
  eden space 300032K, 0% used [0x000000066ab00000,0x000000066ab00000,0x000000067d000000)
  from space 49664K, 0% used [0x000000067d000000,0x000000067d000000,0x0000000680080000)
  to   space 54784K, 0% used [0x0000000683580000,0x0000000683580000,0x0000000686b00000)
 ParOldGen       total 271360K, used 122082K [0x00000003c0000000, 0x00000003d0900000, 0x000000066ab00000)
  object space 271360K, 44% used [0x00000003c0000000,0x00000003c77389c0,0x00000003d0900000)
 Metaspace       used 86037K, capacity 86966K, committed 87256K, reserved 1124352K
  class space    used 12176K, capacity 12411K, committed 12504K, reserved 1048576K
}
Event: 105.234 GC heap before
{Heap before GC invocations=24 (full 6):
 PSYoungGen      total 349696K, used 300032K [0x000000066ab00000, 0x0000000686b00000, 0x00000007c0000000)
  eden space 300032K, 100% used [0x000000066ab00000,0x000000067d000000,0x000000067d000000)
  from space 49664K, 0% used [0x000000067d000000,0x000000067d000000,0x0000000680080000)
  to   space 54784K, 0% used [0x0000000683580000,0x0000000683580000,0x0000000686b00000)
 ParOldGen       total 271360K, used 122082K [0x00000003c0000000, 0x00000003d0900000, 0x000000066ab00000)
  object space 271360K, 44% used [0x00000003c0000000,0x00000003c77389c0,0x00000003d0900000)
 Metaspace       used 86059K, capacity 86966K, committed 87256K, reserved 1124352K
  class space    used 12176K, capacity 12411K, committed 12504K, reserved 1048576K
Event: 105.238 GC heap after
Heap after GC invocations=24 (full 6):
 PSYoungGen      total 404480K, used 704K [0x000000066ab00000, 0x0000000686e00000, 0x00000007c0000000)
  eden space 349696K, 0% used [0x000000066ab00000,0x000000066ab00000,0x0000000680080000)
  from space 54784K, 1% used [0x0000000683580000,0x0000000683630000,0x0000000686b00000)
  to   space 54272K, 0% used [0x0000000680080000,0x0000000680080000,0x0000000683580000)
 ParOldGen       total 271360K, used 122090K [0x00000003c0000000, 0x00000003d0900000, 0x000000066ab00000)
  object space 271360K, 44% used [0x00000003c0000000,0x00000003c773a9c0,0x00000003d0900000)
 Metaspace       used 86059K, capacity 86966K, committed 87256K, reserved 1124352K
  class space    used 12176K, capacity 12411K, committed 12504K, reserved 1048576K
}
Event: 105.665 GC heap before
{Heap before GC invocations=25 (full 6):
 PSYoungGen      total 404480K, used 350400K [0x000000066ab00000, 0x0000000686e00000, 0x00000007c0000000)
  eden space 349696K, 100% used [0x000000066ab00000,0x0000000680080000,0x0000000680080000)
  from space 54784K, 1% used [0x0000000683580000,0x0000000683630000,0x0000000686b00000)
  to   space 54272K, 0% used [0x0000000680080000,0x0000000680080000,0x0000000683580000)
 ParOldGen       total 271360K, used 122090K [0x00000003c0000000, 0x00000003d0900000, 0x000000066ab00000)
  object space 271360K, 44% used [0x00000003c0000000,0x00000003c773a9c0,0x00000003d0900000)
 Metaspace       used 86063K, capacity 86966K, committed 87256K, reserved 1124352K
  class space    used 12176K, capacity 12411K, committed 12504K, reserved 1048576K
Event: 105.670 GC heap after
Heap after GC invocations=25 (full 6):
 PSYoungGen      total 403968K, used 1824K [0x000000066ab00000, 0x000000068a580000, 0x00000007c0000000)
  eden space 349696K, 0% used [0x000000066ab00000,0x000000066ab00000,0x0000000680080000)
  from space 54272K, 3% used [0x0000000680080000,0x0000000680248000,0x0000000683580000)
  to   space 53248K, 0% used [0x0000000687180000,0x0000000687180000,0x000000068a580000)
 ParOldGen       total 271360K, used 122090K [0x00000003c0000000, 0x00000003d0900000, 0x000000066ab00000)
  object space 271360K, 44% used [0x00000003c0000000,0x00000003c773a9c0,0x00000003d0900000)
 Metaspace       used 86063K, capacity 86966K, committed 87256K, reserved 1124352K
  class space    used 12176K, capacity 12411K, committed 12504K, reserved 1048576K
}
Event: 106.032 GC heap before
{Heap before GC invocations=26 (full 6):
 PSYoungGen      total 403968K, used 351520K [0x000000066ab00000, 0x000000068a580000, 0x00000007c0000000)
  eden space 349696K, 100% used [0x000000066ab00000,0x0000000680080000,0x0000000680080000)
  from space 54272K, 3% used [0x0000000680080000,0x0000000680248000,0x0000000683580000)
  to   space 53248K, 0% used [0x0000000687180000,0x0000000687180000,0x000000068a580000)
 ParOldGen       total 271360K, used 122090K [0x00000003c0000000, 0x00000003d0900000, 0x000000066ab00000)
  object space 271360K, 44% used [0x00000003c0000000,0x00000003c773a9c0,0x00000003d0900000)
 Metaspace       used 86065K, capacity 86966K, committed 87256K, reserved 1124352K
  class space    used 12176K, capacity 12411K, committed 12504K, reserved 1048576K
Event: 106.036 GC heap after
Heap after GC invocations=26 (full 6):
 PSYoungGen      total 463360K, used 864K [0x000000066ab00000, 0x000000068a380000, 0x00000007c0000000)
  eden space 412160K, 0% used [0x000000066ab00000,0x000000066ab00000,0x0000000683d80000)
  from space 51200K, 1% used [0x0000000687180000,0x0000000687258000,0x000000068a380000)
  to   space 52224K, 0% used [0x0000000683d80000,0x0000000683d80000,0x0000000687080000)
 ParOldGen       total 271360K, used 122090K [0x00000003c0000000, 0x00000003d0900000, 0x000000066ab00000)
  object space 271360K, 44% used [0x00000003c0000000,0x00000003c773a9c0,0x00000003d0900000)
 Metaspace       used 86065K, capacity 86966K, committed 87256K, reserved 1124352K
  class space    used 12176K, capacity 12411K, committed 12504K, reserved 1048576K
}
Event: 106.483 GC heap before
{Heap before GC invocations=27 (full 6):
 PSYoungGen      total 463360K, used 413024K [0x000000066ab00000, 0x000000068a380000, 0x00000007c0000000)
  eden space 412160K, 100% used [0x000000066ab00000,0x0000000683d80000,0x0000000683d80000)
  from space 51200K, 1% used [0x0000000687180000,0x0000000687258000,0x000000068a380000)
  to   space 52224K, 0% used [0x0000000683d80000,0x0000000683d80000,0x0000000687080000)
 ParOldGen       total 271360K, used 122090K [0x00000003c0000000, 0x00000003d0900000, 0x000000066ab00000)
  object space 271360K, 44% used [0x00000003c0000000,0x00000003c773a9c0,0x00000003d0900000)
 Metaspace       used 86065K, capacity 86966K, committed 87256K, reserved 1124352K
  class space    used 12176K, capacity 12411K, committed 12504K, reserved 1048576K
Event: 106.487 GC heap after
Heap after GC invocations=27 (full 6):
 PSYoungGen      total 464384K, used 736K [0x000000066ab00000, 0x000000068e680000, 0x00000007c0000000)
  eden space 412160K, 0% used [0x000000066ab00000,0x000000066ab00000,0x0000000683d80000)
  from space 52224K, 1% used [0x0000000683d80000,0x0000000683e38000,0x0000000687080000)
  to   space 50688K, 0% used [0x000000068b500000,0x000000068b500000,0x000000068e680000)
 ParOldGen       total 271360K, used 122090K [0x00000003c0000000, 0x00000003d0900000, 0x000000066ab00000)
  object space 271360K, 44% used [0x00000003c0000000,0x00000003c773a9c0,0x00000003d0900000)
 Metaspace       used 86065K, capacity 86966K, committed 87256K, reserved 1124352K
  class space    used 12176K, capacity 12411K, committed 12504K, reserved 1048576K
}
Event: 106.897 GC heap before
{Heap before GC invocations=28 (full 6):
 PSYoungGen      total 464384K, used 412896K [0x000000066ab00000, 0x000000068e680000, 0x00000007c0000000)
  eden space 412160K, 100% used [0x000000066ab00000,0x0000000683d80000,0x0000000683d80000)
  from space 52224K, 1% used [0x0000000683d80000,0x0000000683e38000,0x0000000687080000)
  to   space 50688K, 0% used [0x000000068b500000,0x000000068b500000,0x000000068e680000)
 ParOldGen       total 271360K, used 122090K [0x00000003c0000000, 0x00000003d0900000, 0x000000066ab00000)
  object space 271360K, 44% used [0x00000003c0000000,0x00000003c773a9c0,0x00000003d0900000)
 Metaspace       used 86085K, capacity 87030K, committed 87256K, reserved 1124352K
  class space    used 12176K, capacity 12411K, committed 12504K, reserved 1048576K
Event: 106.901 GC heap after
Heap after GC invocations=28 (full 6):
 PSYoungGen      total 530432K, used 768K [0x000000066ab00000, 0x000000068e300000, 0x00000007c0000000)
  eden space 483328K, 0% used [0x000000066ab00000,0x000000066ab00000,0x0000000688300000)
  from space 47104K, 1% used [0x000000068b500000,0x000000068b5c0000,0x000000068e300000)
  to   space 49152K, 0% used [0x0000000688300000,0x0000000688300000,0x000000068b300000)
 ParOldGen       total 271360K, used 122090K [0x00000003c0000000, 0x00000003d0900000, 0x000000066ab00000)
  object space 271360K, 44% used [0x00000003c0000000,0x00000003c773a9c0,0x00000003d0900000)
 Metaspace       used 86085K, capacity 87030K, committed 87256K, reserved 1124352K
  class space    used 12176K, capacity 12411K, committed 12504K, reserved 1048576K
}
Event: 107.341 GC heap before
{Heap before GC invocations=29 (full 6):
 PSYoungGen      total 530432K, used 484096K [0x000000066ab00000, 0x000000068e300000, 0x00000007c0000000)
  eden space 483328K, 100% used [0x000000066ab00000,0x0000000688300000,0x0000000688300000)
  from space 47104K, 1% used [0x000000068b500000,0x000000068b5c0000,0x000000068e300000)
  to   space 49152K, 0% used [0x0000000688300000,0x0000000688300000,0x000000068b300000)
 ParOldGen       total 271360K, used 122090K [0x00000003c0000000, 0x00000003d0900000, 0x000000066ab00000)
  object space 271360K, 44% used [0x00000003c0000000,0x00000003c773a9c0,0x00000003d0900000)
 Metaspace       used 86108K, capacity 87030K, committed 87256K, reserved 1124352K
  class space    used 12182K, capacity 12411K, committed 12504K, reserved 1048576K
Event: 107.344 GC heap after
Heap after GC invocations=29 (full 6):
 PSYoungGen      total 532480K, used 544K [0x000000066ab00000, 0x0000000692e80000, 0x00000007c0000000)
  eden space 483328K, 0% used [0x000000066ab00000,0x000000066ab00000,0x0000000688300000)
  from space 49152K, 1% used [0x0000000688300000,0x0000000688388000,0x000000068b300000)
  to   space 47104K, 0% used [0x0000000690080000,0x0000000690080000,0x0000000692e80000)
 ParOldGen       total 271360K, used 122090K [0x00000003c0000000, 0x00000003d0900000, 0x000000066ab00000)
  object space 271360K, 44% used [0x00000003c0000000,0x00000003c773a9c0,0x00000003d0900000)
 Metaspace       used 86108K, capacity 87030K, committed 87256K, reserved 1124352K
  class space    used 12182K, capacity 12411K, committed 12504K, reserved 1048576K
}
Event: 107.743 GC heap before
{Heap before GC invocations=30 (full 6):
 PSYoungGen      total 532480K, used 483872K [0x000000066ab00000, 0x0000000692e80000, 0x00000007c0000000)
  eden space 483328K, 100% used [0x000000066ab00000,0x0000000688300000,0x0000000688300000)
  from space 49152K, 1% used [0x0000000688300000,0x0000000688388000,0x000000068b300000)
  to   space 47104K, 0% used [0x0000000690080000,0x0000000690080000,0x0000000692e80000)
 ParOldGen       total 271360K, used 122090K [0x00000003c0000000, 0x00000003d0900000, 0x000000066ab00000)
  object space 271360K, 44% used [0x00000003c0000000,0x00000003c773a9c0,0x00000003d0900000)
 Metaspace       used 86111K, capacity 87030K, committed 87256K, reserved 1124352K
  class space    used 12182K, capacity 12411K, committed 12504K, reserved 1048576K
Event: 107.756 GC heap after
Heap after GC invocations=30 (full 6):
 PSYoungGen      total 613888K, used 1568K [0x000000066ab00000, 0x0000000693f80000, 0x00000007c0000000)
  eden space 566784K, 0% used [0x000000066ab00000,0x000000066ab00000,0x000000068d480000)
  from space 47104K, 3% used [0x0000000690080000,0x0000000690208000,0x0000000692e80000)
  to   space 45056K, 0% used [0x000000068d480000,0x000000068d480000,0x0000000690080000)
 ParOldGen       total 271360K, used 122090K [0x00000003c0000000, 0x00000003d0900000, 0x000000066ab00000)
  object space 271360K, 44% used [0x00000003c0000000,0x00000003c773a9c0,0x00000003d0900000)
 Metaspace       used 86111K, capacity 87030K, committed 87256K, reserved 1124352K
  class space    used 12182K, capacity 12411K, committed 12504K, reserved 1048576K
}
Event: 108.255 GC heap before
{Heap before GC invocations=31 (full 6):
 PSYoungGen      total 613888K, used 568352K [0x000000066ab00000, 0x0000000693f80000, 0x00000007c0000000)
  eden space 566784K, 100% used [0x000000066ab00000,0x000000068d480000,0x000000068d480000)
  from space 47104K, 3% used [0x0000000690080000,0x0000000690208000,0x0000000692e80000)
  to   space 45056K, 0% used [0x000000068d480000,0x000000068d480000,0x0000000690080000)
 ParOldGen       total 271360K, used 122090K [0x00000003c0000000, 0x00000003d0900000, 0x000000066ab00000)
  object space 271360K, 44% used [0x00000003c0000000,0x00000003c773a9c0,0x00000003d0900000)
 Metaspace       used 86112K, capacity 87030K, committed 87256K, reserved 1124352K
  class space    used 12182K, capacity 12411K, committed 12504K, reserved 1048576K
Event: 108.259 GC heap after
Heap after GC invocations=31 (full 6):
 PSYoungGen      total 611840K, used 1504K [0x000000066ab00000, 0x0000000697c80000, 0x00000007c0000000)
  eden space 566784K, 0% used [0x000000066ab00000,0x000000066ab00000,0x000000068d480000)
  from space 45056K, 3% used [0x000000068d480000,0x000000068d5f8000,0x0000000690080000)
  to   space 43008K, 0% used [0x0000000695280000,0x0000000695280000,0x0000000697c80000)
 ParOldGen       total 271360K, used 122090K [0x00000003c0000000, 0x00000003d0900000, 0x000000066ab00000)
  object space 271360K, 44% used [0x00000003c0000000,0x00000003c773a9c0,0x00000003d0900000)
 Metaspace       used 86112K, capacity 87030K, committed 87256K, reserved 1124352K
  class space    used 12182K, capacity 12411K, committed 12504K, reserved 1048576K
}
Event: 108.718 GC heap before
{Heap before GC invocations=32 (full 6):
 PSYoungGen      total 611840K, used 568288K [0x000000066ab00000, 0x0000000697c80000, 0x00000007c0000000)
  eden space 566784K, 100% used [0x000000066ab00000,0x000000068d480000,0x000000068d480000)
  from space 45056K, 3% used [0x000000068d480000,0x000000068d5f8000,0x0000000690080000)
  to   space 43008K, 0% used [0x0000000695280000,0x0000000695280000,0x0000000697c80000)
 ParOldGen       total 271360K, used 122090K [0x00000003c0000000, 0x00000003d0900000, 0x000000066ab00000)
  object space 271360K, 44% used [0x00000003c0000000,0x00000003c773a9c0,0x00000003d0900000)
 Metaspace       used 86121K, capacity 87030K, committed 87256K, reserved 1124352K
  class space    used 12182K, capacity 12411K, committed 12504K, reserved 1048576K
Event: 108.722 GC heap after
Heap after GC invocations=32 (full 6):
 PSYoungGen      total 683520K, used 896K [0x000000066ab00000, 0x0000000697480000, 0x00000007c0000000)
  eden space 648704K, 0% used [0x000000066ab00000,0x000000066ab00000,0x0000000692480000)
  from space 34816K, 2% used [0x0000000695280000,0x0000000695360000,0x0000000697480000)
  to   space 40960K, 0% used [0x0000000692480000,0x0000000692480000,0x0000000694c80000)
 ParOldGen       total 271360K, used 122090K [0x00000003c0000000, 0x00000003d0900000, 0x000000066ab00000)
  object space 271360K, 44% used [0x00000003c0000000,0x00000003c773a9c0,0x00000003d0900000)
 Metaspace       used 86121K, capacity 87030K, committed 87256K, reserved 1124352K
  class space    used 12182K, capacity 12411K, committed 12504K, reserved 1048576K
}
Event: 109.279 GC heap before
{Heap before GC invocations=33 (full 6):
 PSYoungGen      total 683520K, used 649600K [0x000000066ab00000, 0x0000000697480000, 0x00000007c0000000)
  eden space 648704K, 100% used [0x000000066ab00000,0x0000000692480000,0x0000000692480000)
  from space 34816K, 2% used [0x0000000695280000,0x0000000695360000,0x0000000697480000)
  to   space 40960K, 0% used [0x0000000692480000,0x0000000692480000,0x0000000694c80000)
 ParOldGen       total 271360K, used 122090K [0x00000003c0000000, 0x00000003d0900000, 0x000000066ab00000)
  object space 271360K, 44% used [0x00000003c0000000,0x00000003c773a9c0,0x00000003d0900000)
 Metaspace       used 86121K, capacity 87030K, committed 87256K, reserved 1124352K
  class space    used 12182K, capacity 12411K, committed 12504K, reserved 1048576K
Event: 109.283 GC heap after
Heap after GC invocations=33 (full 6):
 PSYoungGen      total 689664K, used 1376K [0x000000066ab00000, 0x000000069c800000, 0x00000007c0000000)
  eden space 648704K, 0% used [0x000000066ab00000,0x000000066ab00000,0x0000000692480000)
  from space 40960K, 3% used [0x0000000692480000,0x00000006925d8000,0x0000000694c80000)
  to   space 38912K, 0% used [0x000000069a200000,0x000000069a200000,0x000000069c800000)
 ParOldGen       total 271360K, used 122554K [0x00000003c0000000, 0x00000003d0900000, 0x000000066ab00000)
  object space 271360K, 45% used [0x00000003c0000000,0x00000003c77ae9c0,0x00000003d0900000)
 Metaspace       used 86121K, capacity 87030K, committed 87256K, reserved 1124352K
  class space    used 12182K, capacity 12411K, committed 12504K, reserved 1048576K
}
Event: 109.816 GC heap before
{Heap before GC invocations=34 (full 6):
 PSYoungGen      total 689664K, used 650080K [0x000000066ab00000, 0x000000069c800000, 0x00000007c0000000)
  eden space 648704K, 100% used [0x000000066ab00000,0x0000000692480000,0x0000000692480000)
  from space 40960K, 3% used [0x0000000692480000,0x00000006925d8000,0x0000000694c80000)
  to   space 38912K, 0% used [0x000000069a200000,0x000000069a200000,0x000000069c800000)
 ParOldGen       total 271360K, used 122554K [0x00000003c0000000, 0x00000003d0900000, 0x000000066ab00000)
  object space 271360K, 45% used [0x00000003c0000000,0x00000003c77ae9c0,0x00000003d0900000)
 Metaspace       used 86122K, capacity 87030K, committed 87256K, reserved 1124352K
  class space    used 12182K, capacity 12411K, committed 12504K, reserved 1048576K
Event: 109.819 GC heap after
Heap after GC invocations=34 (full 6):
 PSYoungGen      total 760832K, used 256K [0x000000066ab00000, 0x000000069be00000, 0x00000007c0000000)
  eden space 732160K, 0% used [0x000000066ab00000,0x000000066ab00000,0x0000000697600000)
  from space 28672K, 0% used [0x000000069a200000,0x000000069a240000,0x000000069be00000)
  to   space 36864K, 0% used [0x0000000697600000,0x0000000697600000,0x0000000699a00000)
 ParOldGen       total 271360K, used 122562K [0x00000003c0000000, 0x00000003d0900000, 0x000000066ab00000)
  object space 271360K, 45% used [0x00000003c0000000,0x00000003c77b09c0,0x00000003d0900000)
 Metaspace       used 86122K, capacity 87030K, committed 87256K, reserved 1124352K
  class space    used 12182K, capacity 12411K, committed 12504K, reserved 1048576K
}
Event: 110.448 GC heap before
{Heap before GC invocations=35 (full 6):
 PSYoungGen      total 760832K, used 732416K [0x000000066ab00000, 0x000000069be00000, 0x00000007c0000000)
  eden space 732160K, 100% used [0x000000066ab00000,0x0000000697600000,0x0000000697600000)
  from space 28672K, 0% used [0x000000069a200000,0x000000069a240000,0x000000069be00000)
  to   space 36864K, 0% used [0x0000000697600000,0x0000000697600000,0x0000000699a00000)
 ParOldGen       total 271360K, used 122562K [0x00000003c0000000, 0x00000003d0900000, 0x000000066ab00000)
  object space 271360K, 45% used [0x00000003c0000000,0x00000003c77b09c0,0x00000003d0900000)
 Metaspace       used 86122K, capacity 87030K, committed 87256K, reserved 1124352K
  class space    used 12182K, capacity 12411K, committed 12504K, reserved 1048576K
Event: 110.452 GC heap after
Heap after GC invocations=35 (full 6):
 PSYoungGen      total 769024K, used 480K [0x000000066ab00000, 0x00000006a0f80000, 0x00000007c0000000)
  eden space 732160K, 0% used [0x000000066ab00000,0x000000066ab00000,0x0000000697600000)
  from space 36864K, 1% used [0x0000000697600000,0x0000000697678000,0x0000000699a00000)
  to   space 34816K, 0% used [0x000000069ed80000,0x000000069ed80000,0x00000006a0f80000)
 ParOldGen       total 271360K, used 122562K [0x00000003c0000000, 0x00000003d0900000, 0x000000066ab00000)
  object space 271360K, 45% used [0x00000003c0000000,0x00000003c77b09c0,0x00000003d0900000)
 Metaspace       used 86122K, capacity 87030K, committed 87256K, reserved 1124352K
  class space    used 12182K, capacity 12411K, committed 12504K, reserved 1048576K
}
Event: 111.037 GC heap before
{Heap before GC invocations=36 (full 6):
 PSYoungGen      total 769024K, used 732640K [0x000000066ab00000, 0x00000006a0f80000, 0x00000007c0000000)
  eden space 732160K, 100% used [0x000000066ab00000,0x0000000697600000,0x0000000697600000)
  from space 36864K, 1% used [0x0000000697600000,0x0000000697678000,0x0000000699a00000)
  to   space 34816K, 0% used [0x000000069ed80000,0x000000069ed80000,0x00000006a0f80000)
 ParOldGen       total 271360K, used 122562K [0x00000003c0000000, 0x00000003d0900000, 0x000000066ab00000)
  object space 271360K, 45% used [0x00000003c0000000,0x00000003c77b09c0,0x00000003d0900000)
 Metaspace       used 86122K, capacity 87030K, committed 87256K, reserved 1124352K
  class space    used 12182K, capacity 12411K, committed 12504K, reserved 1048576K
Event: 111.040 GC heap after
Heap after GC invocations=36 (full 6):
 PSYoungGen      total 838144K, used 96K [0x000000066ab00000, 0x00000006a0580000, 0x00000007c0000000)
  eden space 813568K, 0% used [0x000000066ab00000,0x000000066ab00000,0x000000069c580000)
  from space 24576K, 0% used [0x000000069ed80000,0x000000069ed98000,0x00000006a0580000)
  to   space 32768K, 0% used [0x000000069c580000,0x000000069c580000,0x000000069e580000)
 ParOldGen       total 271360K, used 122562K [0x00000003c0000000, 0x00000003d0900000, 0x000000066ab00000)
  object space 271360K, 45% used [0x00000003c0000000,0x00000003c77b09c0,0x00000003d0900000)
 Metaspace       used 86122K, capacity 87030K, committed 87256K, reserved 1124352K
  class space    used 12182K, capacity 12411K, committed 12504K, reserved 1048576K
}
Event: 111.737 GC heap before
{Heap before GC invocations=37 (full 6):
 PSYoungGen      total 838144K, used 813664K [0x000000066ab00000, 0x00000006a0580000, 0x00000007c0000000)
  eden space 813568K, 100% used [0x000000066ab00000,0x000000069c580000,0x000000069c580000)
  from space 24576K, 0% used [0x000000069ed80000,0x000000069ed98000,0x00000006a0580000)
  to   space 32768K, 0% used [0x000000069c580000,0x000000069c580000,0x000000069e580000)
 ParOldGen       total 271360K, used 122562K [0x00000003c0000000, 0x00000003d0900000, 0x000000066ab00000)
  object space 271360K, 45% used [0x00000003c0000000,0x00000003c77b09c0,0x00000003d0900000)
 Metaspace       used 86122K, capacity 87030K, committed 87256K, reserved 1124352K
  class space    used 12182K, capacity 12411K, committed 12504K, reserved 1048576K
Event: 111.741 GC heap after
Heap after GC invocations=37 (full 6):
 PSYoungGen      total 846336K, used 1664K [0x000000066ab00000, 0x00000006a5780000, 0x00000007c0000000)
  eden space 813568K, 0% used [0x000000066ab00000,0x000000066ab00000,0x000000069c580000)
  from space 32768K, 5% used [0x000000069c580000,0x000000069c720000,0x000000069e580000)
  to   space 30720K, 0% used [0x00000006a3980000,0x00000006a3980000,0x00000006a5780000)
 ParOldGen       total 271360K, used 122562K [0x00000003c0000000, 0x00000003d0900000, 0x000000066ab00000)
  object space 271360K, 45% used [0x00000003c0000000,0x00000003c77b09c0,0x00000003d0900000)
 Metaspace       used 86122K, capacity 87030K, committed 87256K, reserved 1124352K
  class space    used 12182K, capacity 12411K, committed 12504K, reserved 1048576K
}
Event: 112.384 GC heap before
{Heap before GC invocations=38 (full 6):
 PSYoungGen      total 846336K, used 815232K [0x000000066ab00000, 0x00000006a5780000, 0x00000007c0000000)
  eden space 813568K, 100% used [0x000000066ab00000,0x000000069c580000,0x000000069c580000)
  from space 32768K, 5% used [0x000000069c580000,0x000000069c720000,0x000000069e580000)
  to   space 30720K, 0% used [0x00000006a3980000,0x00000006a3980000,0x00000006a5780000)
 ParOldGen       total 271360K, used 122562K [0x00000003c0000000, 0x00000003d0900000, 0x000000066ab00000)
  object space 271360K, 45% used [0x00000003c0000000,0x00000003c77b09c0,0x00000003d0900000)
 Metaspace       used 86122K, capacity 87030K, committed 87256K, reserved 1124352K
  class space    used 12182K, capacity 12411K, committed 12504K, reserved 1048576K
Event: 112.389 GC heap after
Heap after GC invocations=38 (full 6):
 PSYoungGen      total 927232K, used 1376K [0x000000066ab00000, 0x00000006a5380000, 0x00000007c0000000)
  eden space 900608K, 0% used [0x000000066ab00000,0x000000066ab00000,0x00000006a1a80000)
  from space 26624K, 5% used [0x00000006a3980000,0x00000006a3ad8000,0x00000006a5380000)
  to   space 29184K, 0% used [0x00000006a1a80000,0x00000006a1a80000,0x00000006a3700000)
 ParOldGen       total 271360K, used 122562K [0x00000003c0000000, 0x00000003d0900000, 0x000000066ab00000)
  object space 271360K, 45% used [0x00000003c0000000,0x00000003c77b09c0,0x00000003d0900000)
 Metaspace       used 86122K, capacity 87030K, committed 87256K, reserved 1124352K
  class space    used 12182K, capacity 12411K, committed 12504K, reserved 1048576K
}
Event: 113.151 GC heap before
{Heap before GC invocations=39 (full 6):
 PSYoungGen      total 927232K, used 901984K [0x000000066ab00000, 0x00000006a5380000, 0x00000007c0000000)
  eden space 900608K, 100% used [0x000000066ab00000,0x00000006a1a80000,0x00000006a1a80000)
  from space 26624K, 5% used [0x00000006a3980000,0x00000006a3ad8000,0x00000006a5380000)
  to   space 29184K, 0% used [0x00000006a1a80000,0x00000006a1a80000,0x00000006a3700000)
 ParOldGen       total 271360K, used 122562K [0x00000003c0000000, 0x00000003d0900000, 0x000000066ab00000)
  object space 271360K, 45% used [0x00000003c0000000,0x00000003c77b09c0,0x00000003d0900000)
 Metaspace       used 86122K, capacity 87030K, committed 87256K, reserved 1124352K
  class space    used 12182K, capacity 12411K, committed 12504K, reserved 1048576K
Event: 113.154 GC heap after
Heap after GC invocations=39 (full 6):
 PSYoungGen      total 929792K, used 128K [0x000000066ab00000, 0x00000006a9780000, 0x00000007c0000000)
  eden space 900608K, 0% used [0x000000066ab00000,0x000000066ab00000,0x00000006a1a80000)
  from space 29184K, 0% used [0x00000006a1a80000,0x00000006a1aa0000,0x00000006a3700000)
  to   space 27136K, 0% used [0x00000006a7d00000,0x00000006a7d00000,0x00000006a9780000)
 ParOldGen       total 271360K, used 122562K [0x00000003c0000000, 0x00000003d0900000, 0x000000066ab00000)
  object space 271360K, 45% used [0x00000003c0000000,0x00000003c77b09c0,0x00000003d0900000)
 Metaspace       used 86122K, capacity 87030K, committed 87256K, reserved 1124352K
  class space    used 12182K, capacity 12411K, committed 12504K, reserved 1048576K
}
Event: 113.869 GC heap before
{Heap before GC invocations=40 (full 6):
 PSYoungGen      total 929792K, used 900736K [0x000000066ab00000, 0x00000006a9780000, 0x00000007c0000000)
  eden space 900608K, 100% used [0x000000066ab00000,0x00000006a1a80000,0x00000006a1a80000)
  from space 29184K, 0% used [0x00000006a1a80000,0x00000006a1aa0000,0x00000006a3700000)
  to   space 27136K, 0% used [0x00000006a7d00000,0x00000006a7d00000,0x00000006a9780000)
 ParOldGen       total 271360K, used 122562K [0x00000003c0000000, 0x00000003d0900000, 0x000000066ab00000)
  object space 271360K, 45% used [0x00000003c0000000,0x00000003c77b09c0,0x00000003d0900000)
 Metaspace       used 86122K, capacity 87030K, committed 87256K, reserved 1124352K
  class space    used 12182K, capacity 12411K, committed 12504K, reserved 1048576K
Event: 113.871 GC heap after
Heap after GC invocations=40 (full 6):
 PSYoungGen      total 988160K, used 512K [0x000000066ab00000, 0x00000006a8f80000, 0x00000007c0000000)
  eden space 969216K, 0% used [0x000000066ab00000,0x000000066ab00000,0x00000006a5d80000)
  from space 18944K, 2% used [0x00000006a7d00000,0x00000006a7d80000,0x00000006a8f80000)
  to   space 25600K, 0% used [0x00000006a5d80000,0x00000006a5d80000,0x00000006a7680000)
 ParOldGen       total 271360K, used 122562K [0x00000003c0000000, 0x00000003d0900000, 0x000000066ab00000)
  object space 271360K, 45% used [0x00000003c0000000,0x00000003c77b09c0,0x00000003d0900000)
 Metaspace       used 86122K, capacity 87030K, committed 87256K, reserved 1124352K
  class space    used 12182K, capacity 12411K, committed 12504K, reserved 1048576K
}
Event: 114.694 GC heap before
{Heap before GC invocations=41 (full 6):
 PSYoungGen      total 988160K, used 969728K [0x000000066ab00000, 0x00000006a8f80000, 0x00000007c0000000)
  eden space 969216K, 100% used [0x000000066ab00000,0x00000006a5d80000,0x00000006a5d80000)
  from space 18944K, 2% used [0x00000006a7d00000,0x00000006a7d80000,0x00000006a8f80000)
  to   space 25600K, 0% used [0x00000006a5d80000,0x00000006a5d80000,0x00000006a7680000)
 ParOldGen       total 271360K, used 122562K [0x00000003c0000000, 0x00000003d0900000, 0x000000066ab00000)
  object space 271360K, 45% used [0x00000003c0000000,0x00000003c77b09c0,0x00000003d0900000)
 Metaspace       used 86122K, capacity 87030K, committed 87256K, reserved 1124352K
  class space    used 12182K, capacity 12411K, committed 12504K, reserved 1048576K
Event: 114.697 GC heap after
Heap after GC invocations=41 (full 6):
 PSYoungGen      total 994816K, used 96K [0x000000066ab00000, 0x00000006acf80000, 0x00000007c0000000)
  eden space 969216K, 0% used [0x000000066ab00000,0x000000066ab00000,0x00000006a5d80000)
  from space 25600K, 0% used [0x00000006a5d80000,0x00000006a5d98000,0x00000006a7680000)
  to   space 24064K, 0% used [0x00000006ab800000,0x00000006ab800000,0x00000006acf80000)
 ParOldGen       total 271360K, used 122570K [0x00000003c0000000, 0x00000003d0900000, 0x000000066ab00000)
  object space 271360K, 45% used [0x00000003c0000000,0x00000003c77b29c0,0x00000003d0900000)
 Metaspace       used 86122K, capacity 87030K, committed 87256K, reserved 1124352K
  class space    used 12182K, capacity 12411K, committed 12504K, reserved 1048576K
}
Event: 115.468 GC heap before
{Heap before GC invocations=42 (full 6):
 PSYoungGen      total 994816K, used 969312K [0x000000066ab00000, 0x00000006acf80000, 0x00000007c0000000)
  eden space 969216K, 100% used [0x000000066ab00000,0x00000006a5d80000,0x00000006a5d80000)
  from space 25600K, 0% used [0x00000006a5d80000,0x00000006a5d98000,0x00000006a7680000)
  to   space 24064K, 0% used [0x00000006ab800000,0x00000006ab800000,0x00000006acf80000)
 ParOldGen       total 271360K, used 122570K [0x00000003c0000000, 0x00000003d0900000, 0x000000066ab00000)
  object space 271360K, 45% used [0x00000003c0000000,0x00000003c77b29c0,0x00000003d0900000)
 Metaspace       used 86122K, capacity 87030K, committed 87256K, reserved 1124352K
  class space    used 12182K, capacity 12411K, committed 12504K, reserved 1048576K
Event: 115.471 GC heap after
Heap after GC invocations=42 (full 6):
 PSYoungGen      total 1051648K, used 96K [0x000000066ab00000, 0x00000006ac900000, 0x00000007c0000000)
  eden space 1034240K, 0% used [0x000000066ab00000,0x000000066ab00000,0x00000006a9d00000)
  from space 17408K, 0% used [0x00000006ab800000,0x00000006ab818000,0x00000006ac900000)
  to   space 22528K, 0% used [0x00000006a9d00000,0x00000006a9d00000,0x00000006ab300000)
 ParOldGen       total 271360K, used 122570K [0x00000003c0000000, 0x00000003d0900000, 0x000000066ab00000)
  object space 271360K, 45% used [0x00000003c0000000,0x00000003c77b29c0,0x00000003d0900000)
 Metaspace       used 86122K, capacity 87030K, committed 87256K, reserved 1124352K
  class space    used 12182K, capacity 12411K, committed 12504K, reserved 1048576K
}
Event: 116.327 GC heap before
{Heap before GC invocations=43 (full 6):
 PSYoungGen      total 1051648K, used 1034336K [0x000000066ab00000, 0x00000006ac900000, 0x00000007c0000000)
  eden space 1034240K, 100% used [0x000000066ab00000,0x00000006a9d00000,0x00000006a9d00000)
  from space 17408K, 0% used [0x00000006ab800000,0x00000006ab818000,0x00000006ac900000)
  to   space 22528K, 0% used [0x00000006a9d00000,0x00000006a9d00000,0x00000006ab300000)
 ParOldGen       total 271360K, used 122570K [0x00000003c0000000, 0x00000003d0900000, 0x000000066ab00000)
  object space 271360K, 45% used [0x00000003c0000000,0x00000003c77b29c0,0x00000003d0900000)
 Metaspace       used 86122K, capacity 87030K, committed 87256K, reserved 1124352K
  class space    used 12182K, capacity 12411K, committed 12504K, reserved 1048576K
Event: 116.331 GC heap after
Heap after GC invocations=43 (full 6):
 PSYoungGen      total 1056768K, used 768K [0x000000066ab00000, 0x00000006b0780000, 0x00000007c0000000)
  eden space 1034240K, 0% used [0x000000066ab00000,0x000000066ab00000,0x00000006a9d00000)
  from space 22528K, 3% used [0x00000006a9d00000,0x00000006a9dc0000,0x00000006ab300000)
  to   space 20992K, 0% used [0x00000006af300000,0x00000006af300000,0x00000006b0780000)
 ParOldGen       total 271360K, used 122570K [0x00000003c0000000, 0x00000003d0900000, 0x000000066ab00000)
  object space 271360K, 45% used [0x00000003c0000000,0x00000003c77b29c0,0x00000003d0900000)
 Metaspace       used 86122K, capacity 87030K, committed 87256K, reserved 1124352K
  class space    used 12182K, capacity 12411K, committed 12504K, reserved 1048576K
}
Event: 117.152 GC heap before
{Heap before GC invocations=44 (full 6):
 PSYoungGen      total 1056768K, used 1035008K [0x000000066ab00000, 0x00000006b0780000, 0x00000007c0000000)
  eden space 1034240K, 100% used [0x000000066ab00000,0x00000006a9d00000,0x00000006a9d00000)
  from space 22528K, 3% used [0x00000006a9d00000,0x00000006a9dc0000,0x00000006ab300000)
  to   space 20992K, 0% used [0x00000006af300000,0x00000006af300000,0x00000006b0780000)
 ParOldGen       total 271360K, used 122570K [0x00000003c0000000, 0x00000003d0900000, 0x000000066ab00000)
  object space 271360K, 45% used [0x00000003c0000000,0x00000003c77b29c0,0x00000003d0900000)
 Metaspace       used 86124K, capacity 87030K, committed 87256K, reserved 1124352K
  class space    used 12182K, capacity 12411K, committed 12504K, reserved 1048576K
Event: 117.154 GC heap after
Heap after GC invocations=44 (full 6):
 PSYoungGen      total 1113088K, used 96K [0x000000066ab00000, 0x00000006b0200000, 0x00000007c0000000)
  eden space 1097728K, 0% used [0x000000066ab00000,0x000000066ab00000,0x00000006adb00000)
  from space 15360K, 0% used [0x00000006af300000,0x00000006af318000,0x00000006b0200000)
  to   space 19968K, 0% used [0x00000006adb00000,0x00000006adb00000,0x00000006aee80000)
 ParOldGen       total 271360K, used 122578K [0x00000003c0000000, 0x00000003d0900000, 0x000000066ab00000)
  object space 271360K, 45% used [0x00000003c0000000,0x00000003c77b49c0,0x00000003d0900000)
 Metaspace       used 86124K, capacity 87030K, committed 87256K, reserved 1124352K
  class space    used 12182K, capacity 12411K, committed 12504K, reserved 1048576K
}
Event: 118.047 GC heap before
{Heap before GC invocations=45 (full 6):
 PSYoungGen      total 1113088K, used 1097824K [0x000000066ab00000, 0x00000006b0200000, 0x00000007c0000000)
  eden space 1097728K, 100% used [0x000000066ab00000,0x00000006adb00000,0x00000006adb00000)
  from space 15360K, 0% used [0x00000006af300000,0x00000006af318000,0x00000006b0200000)
  to   space 19968K, 0% used [0x00000006adb00000,0x00000006adb00000,0x00000006aee80000)
 ParOldGen       total 271360K, used 122578K [0x00000003c0000000, 0x00000003d0900000, 0x000000066ab00000)
  object space 271360K, 45% used [0x00000003c0000000,0x00000003c77b49c0,0x00000003d0900000)
 Metaspace       used 86124K, capacity 87030K, committed 87256K, reserved 1124352K
  class space    used 12182K, capacity 12411K, committed 12504K, reserved 1048576K
Event: 118.050 GC heap after
Heap after GC invocations=45 (full 6):
 PSYoungGen      total 1117696K, used 416K [0x000000066ab00000, 0x00000006b3d80000, 0x00000007c0000000)
  eden space 1097728K, 0% used [0x000000066ab00000,0x000000066ab00000,0x00000006adb00000)
  from space 19968K, 2% used [0x00000006adb00000,0x00000006adb68000,0x00000006aee80000)
  to   space 18432K, 0% used [0x00000006b2b80000,0x00000006b2b80000,0x00000006b3d80000)
 ParOldGen       total 271360K, used 122586K [0x00000003c0000000, 0x00000003d0900000, 0x000000066ab00000)
  object space 271360K, 45% used [0x00000003c0000000,0x00000003c77b69c0,0x00000003d0900000)
 Metaspace       used 86124K, capacity 87030K, committed 87256K, reserved 1124352K
  class space    used 12182K, capacity 12411K, committed 12504K, reserved 1048576K
}
Event: 118.929 GC heap before
{Heap before GC invocations=46 (full 6):
 PSYoungGen      total 1117696K, used 1098144K [0x000000066ab00000, 0x00000006b3d80000, 0x00000007c0000000)
  eden space 1097728K, 100% used [0x000000066ab00000,0x00000006adb00000,0x00000006adb00000)
  from space 19968K, 2% used [0x00000006adb00000,0x00000006adb68000,0x00000006aee80000)
  to   space 18432K, 0% used [0x00000006b2b80000,0x00000006b2b80000,0x00000006b3d80000)
 ParOldGen       total 271360K, used 122586K [0x00000003c0000000, 0x00000003d0900000, 0x000000066ab00000)
  object space 271360K, 45% used [0x00000003c0000000,0x00000003c77b69c0,0x00000003d0900000)
 Metaspace       used 86124K, capacity 87030K, committed 87256K, reserved 1124352K
  class space    used 12182K, capacity 12411K, committed 12504K, reserved 1048576K
Event: 118.932 GC heap after
Heap after GC invocations=46 (full 6):
 PSYoungGen      total 1171968K, used 512K [0x000000066ab00000, 0x00000006b3880000, 0x00000007c0000000)
  eden space 1158656K, 0% used [0x000000066ab00000,0x000000066ab00000,0x00000006b1680000)
  from space 13312K, 3% used [0x00000006b2b80000,0x00000006b2c00000,0x00000006b3880000)
  to   space 17408K, 0% used [0x00000006b1680000,0x00000006b1680000,0x00000006b2780000)
 ParOldGen       total 271360K, used 122586K [0x00000003c0000000, 0x00000003d0900000, 0x000000066ab00000)
  object space 271360K, 45% used [0x00000003c0000000,0x00000003c77b69c0,0x00000003d0900000)
 Metaspace       used 86124K, capacity 87030K, committed 87256K, reserved 1124352K
  class space    used 12182K, capacity 12411K, committed 12504K, reserved 1048576K
}
Event: 119.882 GC heap before
{Heap before GC invocations=47 (full 6):
 PSYoungGen      total 1171968K, used 1159168K [0x000000066ab00000, 0x00000006b3880000, 0x00000007c0000000)
  eden space 1158656K, 100% used [0x000000066ab00000,0x00000006b1680000,0x00000006b1680000)
  from space 13312K, 3% used [0x00000006b2b80000,0x00000006b2c00000,0x00000006b3880000)
  to   space 17408K, 0% used [0x00000006b1680000,0x00000006b1680000,0x00000006b2780000)
 ParOldGen       total 271360K, used 122586K [0x00000003c0000000, 0x00000003d0900000, 0x000000066ab00000)
  object space 271360K, 45% used [0x00000003c0000000,0x00000003c77b69c0,0x00000003d0900000)
 Metaspace       used 86124K, capacity 87030K, committed 87256K, reserved 1124352K
  class space    used 12182K, capacity 12411K, committed 12504K, reserved 1048576K
Event: 119.889 GC heap after
Heap after GC invocations=47 (full 6):
 PSYoungGen      total 1176064K, used 3303K [0x000000066ab00000, 0x00000006b7880000, 0x00000007c0000000)
  eden space 1158656K, 0% used [0x000000066ab00000,0x000000066ab00000,0x00000006b1680000)
  from space 17408K, 18% used [0x00000006b1680000,0x00000006b19b9d60,0x00000006b2780000)
  to   space 16384K, 0% used [0x00000006b6880000,0x00000006b6880000,0x00000006b7880000)
 ParOldGen       total 271360K, used 122586K [0x00000003c0000000, 0x00000003d0900000, 0x000000066ab00000)
  object space 271360K, 45% used [0x00000003c0000000,0x00000003c77b69c0,0x00000003d0900000)
 Metaspace       used 86124K, capacity 87030K, committed 87256K, reserved 1124352K
  class space    used 12182K, capacity 12411K, committed 12504K, reserved 1048576K
}
Event: 120.799 GC heap before
{Heap before GC invocations=48 (full 6):
 PSYoungGen      total 1176064K, used 1161959K [0x000000066ab00000, 0x00000006b7880000, 0x00000007c0000000)
  eden space 1158656K, 100% used [0x000000066ab00000,0x00000006b1680000,0x00000006b1680000)
  from space 17408K, 18% used [0x00000006b1680000,0x00000006b19b9d60,0x00000006b2780000)
  to   space 16384K, 0% used [0x00000006b6880000,0x00000006b6880000,0x00000006b7880000)
 ParOldGen       total 271360K, used 122586K [0x00000003c0000000, 0x00000003d0900000, 0x000000066ab00000)
  object space 271360K, 45% used [0x00000003c0000000,0x00000003c77b69c0,0x00000003d0900000)
 Metaspace       used 86124K, capacity 87030K, committed 87256K, reserved 1124352K
  class space    used 12182K, capacity 12411K, committed 12504K, reserved 1048576K
Event: 120.806 GC heap after
Heap after GC invocations=48 (full 6):
 PSYoungGen      total 1243648K, used 3127K [0x000000066ab00000, 0x00000006b7d80000, 0x00000007c0000000)
  eden space 1227264K, 0% used [0x000000066ab00000,0x000000066ab00000,0x00000006b5980000)
  from space 16384K, 19% used [0x00000006b6880000,0x00000006b6b8de40,0x00000006b7880000)
  to   space 15360K, 0% used [0x00000006b5980000,0x00000006b5980000,0x00000006b6880000)
 ParOldGen       total 271360K, used 122586K [0x00000003c0000000, 0x00000003d0900000, 0x000000066ab00000)
  object space 271360K, 45% used [0x00000003c0000000,0x00000003c77b69c0,0x00000003d0900000)
 Metaspace       used 86124K, capacity 87030K, committed 87256K, reserved 1124352K
  class space    used 12182K, capacity 12411K, committed 12504K, reserved 1048576K
}
Event: 121.804 GC heap before
{Heap before GC invocations=49 (full 6):
 PSYoungGen      total 1243648K, used 1230391K [0x000000066ab00000, 0x00000006b7d80000, 0x00000007c0000000)
  eden space 1227264K, 100% used [0x000000066ab00000,0x00000006b5980000,0x00000006b5980000)
  from space 16384K, 19% used [0x00000006b6880000,0x00000006b6b8de40,0x00000006b7880000)
  to   space 15360K, 0% used [0x00000006b5980000,0x00000006b5980000,0x00000006b6880000)
 ParOldGen       total 271360K, used 122586K [0x00000003c0000000, 0x00000003d0900000, 0x000000066ab00000)
  object space 271360K, 45% used [0x00000003c0000000,0x00000003c77b69c0,0x00000003d0900000)
 Metaspace       used 86124K, capacity 87030K, committed 87256K, reserved 1124352K
  class space    used 12182K, capacity 12411K, committed 12504K, reserved 1048576K
Event: 121.807 GC heap after
Heap after GC invocations=49 (full 6):
 PSYoungGen      total 1242624K, used 64K [0x000000066ab00000, 0x00000006bbc80000, 0x00000007c0000000)
  eden space 1227264K, 0% used [0x000000066ab00000,0x000000066ab00000,0x00000006b5980000)
  from space 15360K, 0% used [0x00000006b5980000,0x00000006b5990000,0x00000006b6880000)
  to   space 14336K, 0% used [0x00000006bae80000,0x00000006bae80000,0x00000006bbc80000)
 ParOldGen       total 271360K, used 122586K [0x00000003c0000000, 0x00000003d0900000, 0x000000066ab00000)
  object space 271360K, 45% used [0x00000003c0000000,0x00000003c77b69c0,0x00000003d0900000)
 Metaspace       used 86124K, capacity 87030K, committed 87256K, reserved 1124352K
  class space    used 12182K, capacity 12411K, committed 12504K, reserved 1048576K
}
Event: 122.783 GC heap before
{Heap before GC invocations=50 (full 6):
 PSYoungGen      total 1242624K, used 1227328K [0x000000066ab00000, 0x00000006bbc80000, 0x00000007c0000000)
  eden space 1227264K, 100% used [0x000000066ab00000,0x00000006b5980000,0x00000006b5980000)
  from space 15360K, 0% used [0x00000006b5980000,0x00000006b5990000,0x00000006b6880000)
  to   space 14336K, 0% used [0x00000006bae80000,0x00000006bae80000,0x00000006bbc80000)
 ParOldGen       total 271360K, used 122586K [0x00000003c0000000, 0x00000003d0900000, 0x000000066ab00000)
  object space 271360K, 45% used [0x00000003c0000000,0x00000003c77b69c0,0x00000003d0900000)
 Metaspace       used 86124K, capacity 87030K, committed 87256K, reserved 1124352K
  class space    used 12182K, capacity 12411K, committed 12504K, reserved 1048576K
Event: 122.787 GC heap after
Heap after GC invocations=50 (full 6):
 PSYoungGen      total 1303040K, used 512K [0x000000066ab00000, 0x00000006bb600000, 0x00000007c0000000)
  eden space 1295360K, 0% used [0x000000066ab00000,0x000000066ab00000,0x00000006b9c00000)
  from space 7680K, 6% used [0x00000006bae80000,0x00000006baf00000,0x00000006bb600000)
  to   space 13312K, 0% used [0x00000006b9c00000,0x00000006b9c00000,0x00000006ba900000)
 ParOldGen       total 271360K, used 122586K [0x00000003c0000000, 0x00000003d0900000, 0x000000066ab00000)
  object space 271360K, 45% used [0x00000003c0000000,0x00000003c77b69c0,0x00000003d0900000)
 Metaspace       used 86124K, capacity 87030K, committed 87256K, reserved 1124352K
  class space    used 12182K, capacity 12411K, committed 12504K, reserved 1048576K
}
Event: 123.818 GC heap before
{Heap before GC invocations=51 (full 6):
 PSYoungGen      total 1303040K, used 1295872K [0x000000066ab00000, 0x00000006bb600000, 0x00000007c0000000)
  eden space 1295360K, 100% used [0x000000066ab00000,0x00000006b9c00000,0x00000006b9c00000)
  from space 7680K, 6% used [0x00000006bae80000,0x00000006baf00000,0x00000006bb600000)
  to   space 13312K, 0% used [0x00000006b9c00000,0x00000006b9c00000,0x00000006ba900000)
 ParOldGen       total 271360K, used 122586K [0x00000003c0000000, 0x00000003d0900000, 0x000000066ab00000)
  object space 271360K, 45% used [0x00000003c0000000,0x00000003c77b69c0,0x00000003d0900000)
 Metaspace       used 86126K, capacity 87030K, committed 87256K, reserved 1124352K
  class space    used 12182K, capacity 12411K, committed 12504K, reserved 1048576K
Event: 123.823 GC heap after
Heap after GC invocations=51 (full 6):
 PSYoungGen      total 1308672K, used 1792K [0x000000066ab00000, 0x00000006bfb00000, 0x00000007c0000000)
  eden space 1295360K, 0% used [0x000000066ab00000,0x000000066ab00000,0x00000006b9c00000)
  from space 13312K, 13% used [0x00000006b9c00000,0x00000006b9dc0000,0x00000006ba900000)
  to   space 12288K, 0% used [0x00000006bef00000,0x00000006bef00000,0x00000006bfb00000)
 ParOldGen       total 271360K, used 122586K [0x00000003c0000000, 0x00000003d0900000, 0x000000066ab00000)
  object space 271360K, 45% used [0x00000003c0000000,0x00000003c77b69c0,0x00000003d0900000)
 Metaspace       used 86126K, capacity 87030K, committed 87256K, reserved 1124352K
  class space    used 12182K, capacity 12411K, committed 12504K, reserved 1048576K
}
Event: 124.842 GC heap before
{Heap before GC invocations=52 (full 6):
 PSYoungGen      total 1308672K, used 1297152K [0x000000066ab00000, 0x00000006bfb00000, 0x00000007c0000000)
  eden space 1295360K, 100% used [0x000000066ab00000,0x00000006b9c00000,0x00000006b9c00000)
  from space 13312K, 13% used [0x00000006b9c00000,0x00000006b9dc0000,0x00000006ba900000)
  to   space 12288K, 0% used [0x00000006bef00000,0x00000006bef00000,0x00000006bfb00000)
 ParOldGen       total 271360K, used 122586K [0x00000003c0000000, 0x00000003d0900000, 0x000000066ab00000)
  object space 271360K, 45% used [0x00000003c0000000,0x00000003c77b69c0,0x00000003d0900000)
 Metaspace       used 86126K, capacity 87030K, committed 87256K, reserved 1124352K
  class space    used 12182K, capacity 12411K, committed 12504K, reserved 1048576K
Event: 124.845 GC heap after
Heap after GC invocations=52 (full 6):
 PSYoungGen      total 1371136K, used 896K [0x000000066ab00000, 0x00000006bf580000, 0x00000007c0000000)
  eden space 1364480K, 0% used [0x000000066ab00000,0x000000066ab00000,0x00000006bdf80000)
  from space 6656K, 13% used [0x00000006bef00000,0x00000006befe0000,0x00000006bf580000)
  to   space 11264K, 0% used [0x00000006bdf80000,0x00000006bdf80000,0x00000006bea80000)
 ParOldGen       total 271360K, used 122586K [0x00000003c0000000, 0x00000003d0900000, 0x000000066ab00000)
  object space 271360K, 45% used [0x00000003c0000000,0x00000003c77b69c0,0x00000003d0900000)
 Metaspace       used 86126K, capacity 87030K, committed 87256K, reserved 1124352K
  class space    used 12182K, capacity 12411K, committed 12504K, reserved 1048576K
}
Event: 125.939 GC heap before
{Heap before GC invocations=53 (full 6):
 PSYoungGen      total 1371136K, used 1365376K [0x000000066ab00000, 0x00000006bf580000, 0x00000007c0000000)
  eden space 1364480K, 100% used [0x000000066ab00000,0x00000006bdf80000,0x00000006bdf80000)
  from space 6656K, 13% used [0x00000006bef00000,0x00000006befe0000,0x00000006bf580000)
  to   space 11264K, 0% used [0x00000006bdf80000,0x00000006bdf80000,0x00000006bea80000)
 ParOldGen       total 271360K, used 122586K [0x00000003c0000000, 0x00000003d0900000, 0x000000066ab00000)
  object space 271360K, 45% used [0x00000003c0000000,0x00000003c77b69c0,0x00000003d0900000)
 Metaspace       used 86126K, capacity 87030K, committed 87256K, reserved 1124352K
  class space    used 12182K, capacity 12411K, committed 12504K, reserved 1048576K
Event: 125.944 GC heap after
Heap after GC invocations=53 (full 6):
 PSYoungGen      total 1375744K, used 1440K [0x000000066ab00000, 0x00000006c3b00000, 0x00000007c0000000)
  eden space 1364480K, 0% used [0x000000066ab00000,0x000000066ab00000,0x00000006bdf80000)
  from space 11264K, 12% used [0x00000006bdf80000,0x00000006be0e8000,0x00000006bea80000)
  to   space 10752K, 0% used [0x00000006c3080000,0x00000006c3080000,0x00000006c3b00000)
 ParOldGen       total 271360K, used 122586K [0x00000003c0000000, 0x00000003d0900000, 0x000000066ab00000)
  object space 271360K, 45% used [0x00000003c0000000,0x00000003c77b69c0,0x00000003d0900000)
 Metaspace       used 86126K, capacity 87030K, committed 87256K, reserved 1124352K
  class space    used 12182K, capacity 12411K, committed 12504K, reserved 1048576K
}
Event: 127.029 GC heap before
{Heap before GC invocations=54 (full 6):
 PSYoungGen      total 1375744K, used 1365920K [0x000000066ab00000, 0x00000006c3b00000, 0x00000007c0000000)
  eden space 1364480K, 100% used [0x000000066ab00000,0x00000006bdf80000,0x00000006bdf80000)
  from space 11264K, 12% used [0x00000006bdf80000,0x00000006be0e8000,0x00000006bea80000)
  to   space 10752K, 0% used [0x00000006c3080000,0x00000006c3080000,0x00000006c3b00000)
 ParOldGen       total 271360K, used 122586K [0x00000003c0000000, 0x00000003d0900000, 0x000000066ab00000)
  object space 271360K, 45% used [0x00000003c0000000,0x00000003c77b69c0,0x00000003d0900000)
 Metaspace       used 86129K, capacity 87030K, committed 87256K, reserved 1124352K
  class space    used 12182K, capacity 12411K, committed 12504K, reserved 1048576K
Event: 127.031 GC heap after
Heap after GC invocations=54 (full 6):
 PSYoungGen      total 1435136K, used 96K [0x000000066ab00000, 0x00000006c3480000, 0x00000007c0000000)
  eden space 1431040K, 0% used [0x000000066ab00000,0x000000066ab00000,0x00000006c2080000)
  from space 4096K, 2% used [0x00000006c3080000,0x00000006c3098000,0x00000006c3480000)
  to   space 10240K, 0% used [0x00000006c2080000,0x00000006c2080000,0x00000006c2a80000)
 ParOldGen       total 271360K, used 122586K [0x00000003c0000000, 0x00000003d0900000, 0x000000066ab00000)
  object space 271360K, 45% used [0x00000003c0000000,0x00000003c77b69c0,0x00000003d0900000)
 Metaspace       used 86129K, capacity 87030K, committed 87256K, reserved 1124352K
  class space    used 12182K, capacity 12411K, committed 12504K, reserved 1048576K
}
Event: 128.198 GC heap before
{Heap before GC invocations=55 (full 6):
 PSYoungGen      total 1435136K, used 1431136K [0x000000066ab00000, 0x00000006c3480000, 0x00000007c0000000)
  eden space 1431040K, 100% used [0x000000066ab00000,0x00000006c2080000,0x00000006c2080000)
  from space 4096K, 2% used [0x00000006c3080000,0x00000006c3098000,0x00000006c3480000)
  to   space 10240K, 0% used [0x00000006c2080000,0x00000006c2080000,0x00000006c2a80000)
 ParOldGen       total 271360K, used 122586K [0x00000003c0000000, 0x00000003d0900000, 0x000000066ab00000)
  object space 271360K, 45% used [0x00000003c0000000,0x00000003c77b69c0,0x00000003d0900000)
 Metaspace       used 86129K, capacity 87030K, committed 87256K, reserved 1124352K
  class space    used 12182K, capacity 12411K, committed 12504K, reserved 1048576K
Event: 128.206 GC heap after
Heap after GC invocations=55 (full 6):
 PSYoungGen      total 1441280K, used 1536K [0x000000066ab00000, 0x00000006c7e00000, 0x00000007c0000000)
  eden space 1431040K, 0% used [0x000000066ab00000,0x000000066ab00000,0x00000006c2080000)
  from space 10240K, 15% used [0x00000006c2080000,0x00000006c2200000,0x00000006c2a80000)
  to   space 9216K, 0% used [0x00000006c7500000,0x00000006c7500000,0x00000006c7e00000)
 ParOldGen       total 271360K, used 122586K [0x00000003c0000000, 0x00000003d0900000, 0x000000066ab00000)
  object space 271360K, 45% used [0x00000003c0000000,0x00000003c77b69c0,0x00000003d0900000)
 Metaspace       used 86129K, capacity 87030K, committed 87256K, reserved 1124352K
  class space    used 12182K, capacity 12411K, committed 12504K, reserved 1048576K
}
Event: 129.361 GC heap before
{Heap before GC invocations=56 (full 6):
 PSYoungGen      total 1441280K, used 1432576K [0x000000066ab00000, 0x00000006c7e00000, 0x00000007c0000000)
  eden space 1431040K, 100% used [0x000000066ab00000,0x00000006c2080000,0x00000006c2080000)
  from space 10240K, 15% used [0x00000006c2080000,0x00000006c2200000,0x00000006c2a80000)
  to   space 9216K, 0% used [0x00000006c7500000,0x00000006c7500000,0x00000006c7e00000)
 ParOldGen       total 271360K, used 122586K [0x00000003c0000000, 0x00000003d0900000, 0x000000066ab00000)
  object space 271360K, 45% used [0x00000003c0000000,0x00000003c77b69c0,0x00000003d0900000)
 Metaspace       used 86129K, capacity 87030K, committed 87256K, reserved 1124352K
  class space    used 12182K, capacity 12411K, committed 12504K, reserved 1048576K
Event: 129.364 GC heap after
Heap after GC invocations=56 (full 6):
 PSYoungGen      total 1504256K, used 320K [0x000000066ab00000, 0x00000006c7700000, 0x00000007c0000000)
  eden space 1502208K, 0% used [0x000000066ab00000,0x000000066ab00000,0x00000006c6600000)
  from space 2048K, 15% used [0x00000006c7500000,0x00000006c7550000,0x00000006c7700000)
  to   space 8704K, 0% used [0x00000006c6600000,0x00000006c6600000,0x00000006c6e80000)
 ParOldGen       total 271360K, used 122586K [0x00000003c0000000, 0x00000003d0900000, 0x000000066ab00000)
  object space 271360K, 45% used [0x00000003c0000000,0x00000003c77b69c0,0x00000003d0900000)
 Metaspace       used 86129K, capacity 87030K, committed 87256K, reserved 1124352K
  class space    used 12182K, capacity 12411K, committed 12504K, reserved 1048576K
}
Event: 130.598 GC heap before
{Heap before GC invocations=57 (full 6):
 PSYoungGen      total 1504256K, used 1502528K [0x000000066ab00000, 0x00000006c7700000, 0x00000007c0000000)
  eden space 1502208K, 100% used [0x000000066ab00000,0x00000006c6600000,0x00000006c6600000)
  from space 2048K, 15% used [0x00000006c7500000,0x00000006c7550000,0x00000006c7700000)
  to   space 8704K, 0% used [0x00000006c6600000,0x00000006c6600000,0x00000006c6e80000)
 ParOldGen       total 271360K, used 122586K [0x00000003c0000000, 0x00000003d0900000, 0x000000066ab00000)
  object space 271360K, 45% used [0x00000003c0000000,0x00000003c77b69c0,0x00000003d0900000)
 Metaspace       used 86129K, capacity 87030K, committed 87256K, reserved 1124352K
  class space    used 12182K, capacity 12411K, committed 12504K, reserved 1048576K
Event: 130.605 GC heap after
Heap after GC invocations=57 (full 6):
 PSYoungGen      total 1510912K, used 192K [0x000000066ab00000, 0x00000006cc480000, 0x00000007c0000000)
  eden space 1502208K, 0% used [0x000000066ab00000,0x000000066ab00000,0x00000006c6600000)
  from space 8704K, 2% used [0x00000006c6600000,0x00000006c6630000,0x00000006c6e80000)
  to   space 8192K, 0% used [0x00000006cbc80000,0x00000006cbc80000,0x00000006cc480000)
 ParOldGen       total 271360K, used 122586K [0x00000003c0000000, 0x00000003d0900000, 0x000000066ab00000)
  object space 271360K, 45% used [0x00000003c0000000,0x00000003c77b69c0,0x00000003d0900000)
 Metaspace       used 86129K, capacity 87030K, committed 87256K, reserved 1124352K
  class space    used 12182K, capacity 12411K, committed 12504K, reserved 1048576K
}
Event: 131.784 GC heap before
{Heap before GC invocations=58 (full 6):
 PSYoungGen      total 1510912K, used 1502400K [0x000000066ab00000, 0x00000006cc480000, 0x00000007c0000000)
  eden space 1502208K, 100% used [0x000000066ab00000,0x00000006c6600000,0x00000006c6600000)
  from space 8704K, 2% used [0x00000006c6600000,0x00000006c6630000,0x00000006c6e80000)
  to   space 8192K, 0% used [0x00000006cbc80000,0x00000006cbc80000,0x00000006cc480000)
 ParOldGen       total 271360K, used 122586K [0x00000003c0000000, 0x00000003d0900000, 0x000000066ab00000)
  object space 271360K, 45% used [0x00000003c0000000,0x00000003c77b69c0,0x00000003d0900000)
 Metaspace       used 86129K, capacity 87030K, committed 87256K, reserved 1124352K
  class space    used 12182K, capacity 12411K, committed 12504K, reserved 1048576K
Event: 131.787 GC heap after
Heap after GC invocations=58 (full 6):
 PSYoungGen      total 1575936K, used 352K [0x000000066ab00000, 0x00000006cbd00000, 0x00000007c0000000)
  eden space 1575424K, 0% used [0x000000066ab00000,0x000000066ab00000,0x00000006cad80000)
  from space 512K, 68% used [0x00000006cbc80000,0x00000006cbcd8000,0x00000006cbd00000)
  to   space 7680K, 0% used [0x00000006cae00000,0x00000006cae00000,0x00000006cb580000)
 ParOldGen       total 271360K, used 122586K [0x00000003c0000000, 0x00000003d0900000, 0x000000066ab00000)
  object space 271360K, 45% used [0x00000003c0000000,0x00000003c77b69c0,0x00000003d0900000)
 Metaspace       used 86129K, capacity 87030K, committed 87256K, reserved 1124352K
  class space    used 12182K, capacity 12411K, committed 12504K, reserved 1048576K
}
Event: 133.076 GC heap before
{Heap before GC invocations=59 (full 6):
 PSYoungGen      total 1575936K, used 1575776K [0x000000066ab00000, 0x00000006cbd00000, 0x00000007c0000000)
  eden space 1575424K, 100% used [0x000000066ab00000,0x00000006cad80000,0x00000006cad80000)
  from space 512K, 68% used [0x00000006cbc80000,0x00000006cbcd8000,0x00000006cbd00000)
  to   space 7680K, 0% used [0x00000006cae00000,0x00000006cae00000,0x00000006cb580000)
 ParOldGen       total 271360K, used 122586K [0x00000003c0000000, 0x00000003d0900000, 0x000000066ab00000)
  object space 271360K, 45% used [0x00000003c0000000,0x00000003c77b69c0,0x00000003d0900000)
 Metaspace       used 86129K, capacity 87030K, committed 87256K, reserved 1124352K
  class space    used 12182K, capacity 12411K, committed 12504K, reserved 1048576K
Event: 133.078 GC heap after
Heap after GC invocations=59 (full 6):
 PSYoungGen      total 1583616K, used 256K [0x000000066ab00000, 0x00000006d0000000, 0x00000007c0000000)
  eden space 1575936K, 0% used [0x000000066ab00000,0x000000066ab00000,0x00000006cae00000)
  from space 7680K, 3% used [0x00000006cae00000,0x00000006cae40000,0x00000006cb580000)
  to   space 7168K, 0% used [0x00000006cf900000,0x00000006cf900000,0x00000006d0000000)
 ParOldGen       total 271360K, used 122594K [0x00000003c0000000, 0x00000003d0900000, 0x000000066ab00000)
  object space 271360K, 45% used [0x00000003c0000000,0x00000003c77b89c0,0x00000003d0900000)
 Metaspace       used 86129K, capacity 87030K, committed 87256K, reserved 1124352K
  class space    used 12182K, capacity 12411K, committed 12504K, reserved 1048576K
}
Event: 134.329 GC heap before
{Heap before GC invocations=60 (full 6):
 PSYoungGen      total 1583616K, used 1576192K [0x000000066ab00000, 0x00000006d0000000, 0x00000007c0000000)
  eden space 1575936K, 100% used [0x000000066ab00000,0x00000006cae00000,0x00000006cae00000)
  from space 7680K, 3% used [0x00000006cae00000,0x00000006cae40000,0x00000006cb580000)
  to   space 7168K, 0% used [0x00000006cf900000,0x00000006cf900000,0x00000006d0000000)
 ParOldGen       total 271360K, used 122594K [0x00000003c0000000, 0x00000003d0900000, 0x000000066ab00000)
  object space 271360K, 45% used [0x00000003c0000000,0x00000003c77b89c0,0x00000003d0900000)
 Metaspace       used 86129K, capacity 87030K, committed 87256K, reserved 1124352K
  class space    used 12182K, capacity 12411K, committed 12504K, reserved 1048576K
Event: 134.337 GC heap after
Heap after GC invocations=60 (full 6):
 PSYoungGen      total 1652224K, used 4067K [0x000000066ab00000, 0x00000006d0c80000, 0x00000007c0000000)
  eden space 1645056K, 0% used [0x000000066ab00000,0x000000066ab00000,0x00000006cf180000)
  from space 7168K, 56% used [0x00000006cf900000,0x00000006cfcf8d50,0x00000006d0000000)
  to   space 7680K, 0% used [0x00000006cf180000,0x00000006cf180000,0x00000006cf900000)
 ParOldGen       total 271360K, used 122594K [0x00000003c0000000, 0x00000003d0900000, 0x000000066ab00000)
  object space 271360K, 45% used [0x00000003c0000000,0x00000003c77b89c0,0x00000003d0900000)
 Metaspace       used 86129K, capacity 87030K, committed 87256K, reserved 1124352K
  class space    used 12182K, capacity 12411K, committed 12504K, reserved 1048576K
}
Event: 135.677 GC heap before
{Heap before GC invocations=61 (full 6):
 PSYoungGen      total 1652224K, used 1649123K [0x000000066ab00000, 0x00000006d0c80000, 0x00000007c0000000)
  eden space 1645056K, 100% used [0x000000066ab00000,0x00000006cf180000,0x00000006cf180000)
  from space 7168K, 56% used [0x00000006cf900000,0x00000006cfcf8d50,0x00000006d0000000)
  to   space 7680K, 0% used [0x00000006cf180000,0x00000006cf180000,0x00000006cf900000)
 ParOldGen       total 271360K, used 122594K [0x00000003c0000000, 0x00000003d0900000, 0x000000066ab00000)
  object space 271360K, 45% used [0x00000003c0000000,0x00000003c77b89c0,0x00000003d0900000)
 Metaspace       used 86129K, capacity 87030K, committed 87256K, reserved 1124352K
  class space    used 12182K, capacity 12411K, committed 12504K, reserved 1048576K
Event: 135.680 GC heap after
Heap after GC invocations=61 (full 6):
 PSYoungGen      total 1652736K, used 288K [0x000000066ab00000, 0x00000006d4a80000, 0x00000007c0000000)
  eden space 1645056K, 0% used [0x000000066ab00000,0x000000066ab00000,0x00000006cf180000)
  from space 7680K, 3% used [0x00000006cf180000,0x00000006cf1c8000,0x00000006cf900000)
  to   space 7168K, 0% used [0x00000006d4380000,0x00000006d4380000,0x00000006d4a80000)
 ParOldGen       total 271360K, used 122594K [0x00000003c0000000, 0x00000003d0900000, 0x000000066ab00000)
  object space 271360K, 45% used [0x00000003c0000000,0x00000003c77b89c0,0x00000003d0900000)
 Metaspace       used 86129K, capacity 87030K, committed 87256K, reserved 1124352K
  class space    used 12182K, capacity 12411K, committed 12504K, reserved 1048576K
}
Event: 136.975 GC heap before
{Heap before GC invocations=62 (full 6):
 PSYoungGen      total 1652736K, used 1645344K [0x000000066ab00000, 0x00000006d4a80000, 0x00000007c0000000)
  eden space 1645056K, 100% used [0x000000066ab00000,0x00000006cf180000,0x00000006cf180000)
  from space 7680K, 3% used [0x00000006cf180000,0x00000006cf1c8000,0x00000006cf900000)
  to   space 7168K, 0% used [0x00000006d4380000,0x00000006d4380000,0x00000006d4a80000)
 ParOldGen       total 271360K, used 122594K [0x00000003c0000000, 0x00000003d0900000, 0x000000066ab00000)
  object space 271360K, 45% used [0x00000003c0000000,0x00000003c77b89c0,0x00000003d0900000)
 Metaspace       used 86157K, capacity 87094K, committed 87256K, reserved 1124352K
  class space    used 12185K, capacity 12411K, committed 12504K, reserved 1048576K
Event: 136.978 GC heap after
Heap after GC invocations=62 (full 6):
 PSYoungGen      total 1716736K, used 480K [0x000000066ab00000, 0x00000006d4480000, 0x00000007c0000000)
  eden space 1715712K, 0% used [0x000000066ab00000,0x000000066ab00000,0x00000006d3680000)
  from space 1024K, 46% used [0x00000006d4380000,0x00000006d43f8000,0x00000006d4480000)
  to   space 7168K, 0% used [0x00000006d3680000,0x00000006d3680000,0x00000006d3d80000)
 ParOldGen       total 271360K, used 122594K [0x00000003c0000000, 0x00000003d0900000, 0x000000066ab00000)
  object space 271360K, 45% used [0x00000003c0000000,0x00000003c77b89c0,0x00000003d0900000)
 Metaspace       used 86157K, capacity 87094K, committed 87256K, reserved 1124352K
  class space    used 12185K, capacity 12411K, committed 12504K, reserved 1048576K
}
Event: 138.390 GC heap before
{Heap before GC invocations=63 (full 6):
 PSYoungGen      total 1716736K, used 1716192K [0x000000066ab00000, 0x00000006d4480000, 0x00000007c0000000)
  eden space 1715712K, 100% used [0x000000066ab00000,0x00000006d3680000,0x00000006d3680000)
  from space 1024K, 46% used [0x00000006d4380000,0x00000006d43f8000,0x00000006d4480000)
  to   space 7168K, 0% used [0x00000006d3680000,0x00000006d3680000,0x00000006d3d80000)
 ParOldGen       total 271360K, used 122594K [0x00000003c0000000, 0x00000003d0900000, 0x000000066ab00000)
  object space 271360K, 45% used [0x00000003c0000000,0x00000003c77b89c0,0x00000003d0900000)
 Metaspace       used 86157K, capacity 87094K, committed 87256K, reserved 1124352K
  class space    used 12185K, capacity 12411K, committed 12504K, reserved 1048576K
Event: 138.393 GC heap after
Heap after GC invocations=63 (full 6):
 PSYoungGen      total 1722880K, used 288K [0x000000066ab00000, 0x00000006d8280000, 0x00000007c0000000)
  eden space 1715712K, 0% used [0x000000066ab00000,0x000000066ab00000,0x00000006d3680000)
  from space 7168K, 4% used [0x00000006d3680000,0x00000006d36c8000,0x00000006d3d80000)
  to   space 6656K, 0% used [0x00000006d7c00000,0x00000006d7c00000,0x00000006d8280000)
 ParOldGen       total 271360K, used 122594K [0x00000003c0000000, 0x00000003d0900000, 0x000000066ab00000)
  object space 271360K, 45% used [0x00000003c0000000,0x00000003c77b89c0,0x00000003d0900000)
 Metaspace       used 86157K, capacity 87094K, committed 87256K, reserved 1124352K
  class space    used 12185K, capacity 12411K, committed 12504K, reserved 1048576K
}
Event: 139.740 GC heap before
{Heap before GC invocations=64 (full 6):
 PSYoungGen      total 1722880K, used 1716000K [0x000000066ab00000, 0x00000006d8280000, 0x00000007c0000000)
  eden space 1715712K, 100% used [0x000000066ab00000,0x00000006d3680000,0x00000006d3680000)
  from space 7168K, 4% used [0x00000006d3680000,0x00000006d36c8000,0x00000006d3d80000)
  to   space 6656K, 0% used [0x00000006d7c00000,0x00000006d7c00000,0x00000006d8280000)
 ParOldGen       total 271360K, used 122594K [0x00000003c0000000, 0x00000003d0900000, 0x000000066ab00000)
  object space 271360K, 45% used [0x00000003c0000000,0x00000003c77b89c0,0x00000003d0900000)
 Metaspace       used 86158K, capacity 87094K, committed 87256K, reserved 1124352K
  class space    used 12185K, capacity 12411K, committed 12504K, reserved 1048576K
Event: 139.743 GC heap after
Heap after GC invocations=64 (full 6):
 PSYoungGen      total 1777664K, used 448K [0x000000066ab00000, 0x00000006d7d80000, 0x00000007c0000000)
  eden space 1776128K, 0% used [0x000000066ab00000,0x000000066ab00000,0x00000006d7180000)
  from space 1536K, 29% used [0x00000006d7c00000,0x00000006d7c70198,0x00000006d7d80000)
  to   space 6144K, 0% used [0x00000006d7180000,0x00000006d7180000,0x00000006d7780000)
 ParOldGen       total 271360K, used 122594K [0x00000003c0000000, 0x00000003d0900000, 0x000000066ab00000)
  object space 271360K, 45% used [0x00000003c0000000,0x00000003c77b89c0,0x00000003d0900000)
 Metaspace       used 86158K, capacity 87094K, committed 87256K, reserved 1124352K
  class space    used 12185K, capacity 12411K, committed 12504K, reserved 1048576K
}
Event: 141.157 GC heap before
{Heap before GC invocations=65 (full 6):
 PSYoungGen      total 1777664K, used 1776576K [0x000000066ab00000, 0x00000006d7d80000, 0x00000007c0000000)
  eden space 1776128K, 100% used [0x000000066ab00000,0x00000006d7180000,0x00000006d7180000)
  from space 1536K, 29% used [0x00000006d7c00000,0x00000006d7c70198,0x00000006d7d80000)
  to   space 6144K, 0% used [0x00000006d7180000,0x00000006d7180000,0x00000006d7780000)
 ParOldGen       total 271360K, used 122594K [0x00000003c0000000, 0x00000003d0900000, 0x000000066ab00000)
  object space 271360K, 45% used [0x00000003c0000000,0x00000003c77b89c0,0x00000003d0900000)
 Metaspace       used 86158K, capacity 87094K, committed 87256K, reserved 1124352K
  class space    used 12185K, capacity 12411K, committed 12504K, reserved 1048576K
Event: 141.161 GC heap after
Heap after GC invocations=65 (full 6):
 PSYoungGen      total 1782272K, used 1088K [0x000000066ab00000, 0x00000006db980000, 0x00000007c0000000)
  eden space 1776128K, 0% used [0x000000066ab00000,0x000000066ab00000,0x00000006d7180000)
  from space 6144K, 17% used [0x00000006d7180000,0x00000006d7290000,0x00000006d7780000)
  to   space 5632K, 0% used [0x00000006db400000,0x00000006db400000,0x00000006db980000)
 ParOldGen       total 271360K, used 122594K [0x00000003c0000000, 0x00000003d0900000, 0x000000066ab00000)
  object space 271360K, 45% used [0x00000003c0000000,0x00000003c77b89c0,0x00000003d0900000)
 Metaspace       used 86158K, capacity 87094K, committed 87256K, reserved 1124352K
  class space    used 12185K, capacity 12411K, committed 12504K, reserved 1048576K
}
Event: 142.549 GC heap before
{Heap before GC invocations=66 (full 6):
 PSYoungGen      total 1782272K, used 1777216K [0x000000066ab00000, 0x00000006db980000, 0x00000007c0000000)
  eden space 1776128K, 100% used [0x000000066ab00000,0x00000006d7180000,0x00000006d7180000)
  from space 6144K, 17% used [0x00000006d7180000,0x00000006d7290000,0x00000006d7780000)
  to   space 5632K, 0% used [0x00000006db400000,0x00000006db400000,0x00000006db980000)
 ParOldGen       total 271360K, used 122594K [0x00000003c0000000, 0x00000003d0900000, 0x000000066ab00000)
  object space 271360K, 45% used [0x00000003c0000000,0x00000003c77b89c0,0x00000003d0900000)
 Metaspace       used 86158K, capacity 87094K, committed 87256K, reserved 1124352K
  class space    used 12185K, capacity 12411K, committed 12504K, reserved 1048576K
Event: 142.553 GC heap after
Heap after GC invocations=66 (full 6):
 PSYoungGen      total 1843200K, used 1319K [0x000000066ab00000, 0x00000006db880000, 0x00000007c0000000)
  eden space 1838592K, 0% used [0x000000066ab00000,0x000000066ab00000,0x00000006dae80000)
  from space 4608K, 28% used [0x00000006db400000,0x00000006db549d70,0x00000006db880000)
  to   space 5120K, 0% used [0x00000006dae80000,0x00000006dae80000,0x00000006db380000)
 ParOldGen       total 271360K, used 122602K [0x00000003c0000000, 0x00000003d0900000, 0x000000066ab00000)
  object space 271360K, 45% used [0x00000003c0000000,0x00000003c77ba9c0,0x00000003d0900000)
 Metaspace       used 86158K, capacity 87094K, committed 87256K, reserved 1124352K
  class space    used 12185K, capacity 12411K, committed 12504K, reserved 1048576K
}
Event: 144.012 GC heap before
{Heap before GC invocations=67 (full 6):
 PSYoungGen      total 1843200K, used 1839911K [0x000000066ab00000, 0x00000006db880000, 0x00000007c0000000)
  eden space 1838592K, 100% used [0x000000066ab00000,0x00000006dae80000,0x00000006dae80000)
  from space 4608K, 28% used [0x00000006db400000,0x00000006db549d70,0x00000006db880000)
  to   space 5120K, 0% used [0x00000006dae80000,0x00000006dae80000,0x00000006db380000)
 ParOldGen       total 271360K, used 122602K [0x00000003c0000000, 0x00000003d0900000, 0x000000066ab00000)
  object space 271360K, 45% used [0x00000003c0000000,0x00000003c77ba9c0,0x00000003d0900000)
 Metaspace       used 86158K, capacity 87094K, committed 87256K, reserved 1124352K
  class space    used 12185K, capacity 12411K, committed 12504K, reserved 1048576K
Event: 144.016 GC heap after
Heap after GC invocations=67 (full 6):
 PSYoungGen      total 1843712K, used 1376K [0x000000066ab00000, 0x00000006df800000, 0x00000007c0000000)
  eden space 1838592K, 0% used [0x000000066ab00000,0x000000066ab00000,0x00000006dae80000)
  from space 5120K, 26% used [0x00000006dae80000,0x00000006dafd8000,0x00000006db380000)
  to   space 5120K, 0% used [0x00000006df300000,0x00000006df300000,0x00000006df800000)
 ParOldGen       total 271360K, used 122610K [0x00000003c0000000, 0x00000003d0900000, 0x000000066ab00000)
  object space 271360K, 45% used [0x00000003c0000000,0x00000003c77bc9c0,0x00000003d0900000)
 Metaspace       used 86158K, capacity 87094K, committed 87256K, reserved 1124352K
  class space    used 12185K, capacity 12411K, committed 12504K, reserved 1048576K
}
Event: 145.453 GC heap before
{Heap before GC invocations=68 (full 6):
 PSYoungGen      total 1843712K, used 1839968K [0x000000066ab00000, 0x00000006df800000, 0x00000007c0000000)
  eden space 1838592K, 100% used [0x000000066ab00000,0x00000006dae80000,0x00000006dae80000)
  from space 5120K, 26% used [0x00000006dae80000,0x00000006dafd8000,0x00000006db380000)
  to   space 5120K, 0% used [0x00000006df300000,0x00000006df300000,0x00000006df800000)
 ParOldGen       total 271360K, used 122610K [0x00000003c0000000, 0x00000003d0900000, 0x000000066ab00000)
  object space 271360K, 45% used [0x00000003c0000000,0x00000003c77bc9c0,0x00000003d0900000)
 Metaspace       used 86158K, capacity 87094K, committed 87256K, reserved 1124352K
  class space    used 12185K, capacity 12411K, committed 12504K, reserved 1048576K
Event: 145.456 GC heap after
Heap after GC invocations=68 (full 6):
 PSYoungGen      total 1900544K, used 64K [0x000000066ab00000, 0x00000006df400000, 0x00000007c0000000)
  eden space 1899520K, 0% used [0x000000066ab00000,0x000000066ab00000,0x00000006dea00000)
  from space 1024K, 6% used [0x00000006df300000,0x00000006df310000,0x00000006df400000)
  to   space 5120K, 0% used [0x00000006dea00000,0x00000006dea00000,0x00000006def00000)
 ParOldGen       total 271360K, used 122610K [0x00000003c0000000, 0x00000003d0900000, 0x000000066ab00000)
  object space 271360K, 45% used [0x00000003c0000000,0x00000003c77bc9c0,0x00000003d0900000)
 Metaspace       used 86158K, capacity 87094K, committed 87256K, reserved 1124352K
  class space    used 12185K, capacity 12411K, committed 12504K, reserved 1048576K
}
Event: 146.977 GC heap before
{Heap before GC invocations=69 (full 6):
 PSYoungGen      total 1900544K, used 1899584K [0x000000066ab00000, 0x00000006df400000, 0x00000007c0000000)
  eden space 1899520K, 100% used [0x000000066ab00000,0x00000006dea00000,0x00000006dea00000)
  from space 1024K, 6% used [0x00000006df300000,0x00000006df310000,0x00000006df400000)
  to   space 5120K, 0% used [0x00000006dea00000,0x00000006dea00000,0x00000006def00000)
 ParOldGen       total 271360K, used 122610K [0x00000003c0000000, 0x00000003d0900000, 0x000000066ab00000)
  object space 271360K, 45% used [0x00000003c0000000,0x00000003c77bc9c0,0x00000003d0900000)
 Metaspace       used 86158K, capacity 87094K, committed 87256K, reserved 1124352K
  class space    used 12185K, capacity 12411K, committed 12504K, reserved 1048576K
Event: 146.981 GC heap after
Heap after GC invocations=69 (full 6):
 PSYoungGen      total 1904640K, used 800K [0x000000066ab00000, 0x00000006e2e80000, 0x00000007c0000000)
  eden space 1899520K, 0% used [0x000000066ab00000,0x000000066ab00000,0x00000006dea00000)
  from space 5120K, 15% used [0x00000006dea00000,0x00000006deac8000,0x00000006def00000)
  to   space 4608K, 0% used [0x00000006e2a00000,0x00000006e2a00000,0x00000006e2e80000)
 ParOldGen       total 271360K, used 122618K [0x00000003c0000000, 0x00000003d0900000, 0x000000066ab00000)
  object space 271360K, 45% used [0x00000003c0000000,0x00000003c77be9c0,0x00000003d0900000)
 Metaspace       used 86158K, capacity 87094K, committed 87256K, reserved 1124352K
  class space    used 12185K, capacity 12411K, committed 12504K, reserved 1048576K
}
Event: 148.457 GC heap before
{Heap before GC invocations=70 (full 6):
 PSYoungGen      total 1904640K, used 1900320K [0x000000066ab00000, 0x00000006e2e80000, 0x00000007c0000000)
  eden space 1899520K, 100% used [0x000000066ab00000,0x00000006dea00000,0x00000006dea00000)
  from space 5120K, 15% used [0x00000006dea00000,0x00000006deac8000,0x00000006def00000)
  to   space 4608K, 0% used [0x00000006e2a00000,0x00000006e2a00000,0x00000006e2e80000)
 ParOldGen       total 271360K, used 122618K [0x00000003c0000000, 0x00000003d0900000, 0x000000066ab00000)
  object space 271360K, 45% used [0x00000003c0000000,0x00000003c77be9c0,0x00000003d0900000)
 Metaspace       used 86159K, capacity 87094K, committed 87256K, reserved 1124352K
  class space    used 12185K, capacity 12411K, committed 12504K, reserved 1048576K
Event: 148.460 GC heap after
Heap after GC invocations=70 (full 6):
 PSYoungGen      total 1958912K, used 224K [0x000000066ab00000, 0x00000006e2b80000, 0x00000007c0000000)
  eden space 1957376K, 0% used [0x000000066ab00000,0x000000066ab00000,0x00000006e2280000)
  from space 1536K, 14% used [0x00000006e2a00000,0x00000006e2a38000,0x00000006e2b80000)
  to   space 4608K, 0% used [0x00000006e2280000,0x00000006e2280000,0x00000006e2700000)
 ParOldGen       total 271360K, used 122618K [0x00000003c0000000, 0x00000003d0900000, 0x000000066ab00000)
  object space 271360K, 45% used [0x00000003c0000000,0x00000003c77be9c0,0x00000003d0900000)
 Metaspace       used 86159K, capacity 87094K, committed 87256K, reserved 1124352K
  class space    used 12185K, capacity 12411K, committed 12504K, reserved 1048576K
}
Event: 150.028 GC heap before
{Heap before GC invocations=71 (full 6):
 PSYoungGen      total 1958912K, used 1957600K [0x000000066ab00000, 0x00000006e2b80000, 0x00000007c0000000)
  eden space 1957376K, 100% used [0x000000066ab00000,0x00000006e2280000,0x00000006e2280000)
  from space 1536K, 14% used [0x00000006e2a00000,0x00000006e2a38000,0x00000006e2b80000)
  to   space 4608K, 0% used [0x00000006e2280000,0x00000006e2280000,0x00000006e2700000)
 ParOldGen       total 271360K, used 122618K [0x00000003c0000000, 0x00000003d0900000, 0x000000066ab00000)
  object space 271360K, 45% used [0x00000003c0000000,0x00000003c77be9c0,0x00000003d0900000)
 Metaspace       used 86161K, capacity 87094K, committed 87256K, reserved 1124352K
  class space    used 12185K, capacity 12411K, committed 12504K, reserved 1048576K
Event: 150.031 GC heap after
Heap after GC invocations=71 (full 6):
 PSYoungGen      total 1961984K, used 128K [0x000000066ab00000, 0x00000006e6200000, 0x00000007c0000000)
  eden space 1957376K, 0% used [0x000000066ab00000,0x000000066ab00000,0x00000006e2280000)
  from space 4608K, 2% used [0x00000006e2280000,0x00000006e22a0000,0x00000006e2700000)
  to   space 4096K, 0% used [0x00000006e5e00000,0x00000006e5e00000,0x00000006e6200000)
 ParOldGen       total 271360K, used 122618K [0x00000003c0000000, 0x00000003d0900000, 0x000000066ab00000)
  object space 271360K, 45% used [0x00000003c0000000,0x00000003c77be9c0,0x00000003d0900000)
 Metaspace       used 86161K, capacity 87094K, committed 87256K, reserved 1124352K
  class space    used 12185K, capacity 12411K, committed 12504K, reserved 1048576K
}
Event: 151.553 GC heap before
{Heap before GC invocations=72 (full 6):
 PSYoungGen      total 1961984K, used 1957504K [0x000000066ab00000, 0x00000006e6200000, 0x00000007c0000000)
  eden space 1957376K, 100% used [0x000000066ab00000,0x00000006e2280000,0x00000006e2280000)
  from space 4608K, 2% used [0x00000006e2280000,0x00000006e22a0000,0x00000006e2700000)
  to   space 4096K, 0% used [0x00000006e5e00000,0x00000006e5e00000,0x00000006e6200000)
 ParOldGen       total 271360K, used 122618K [0x00000003c0000000, 0x00000003d0900000, 0x000000066ab00000)
  object space 271360K, 45% used [0x00000003c0000000,0x00000003c77be9c0,0x00000003d0900000)
 Metaspace       used 86162K, capacity 87094K, committed 87256K, reserved 1124352K
  class space    used 12185K, capacity 12411K, committed 12504K, reserved 1048576K
Event: 151.556 GC heap after
Heap after GC invocations=72 (full 6):
 PSYoungGen      total 2014208K, used 64K [0x000000066ab00000, 0x00000006e6000000, 0x00000007c0000000)
  eden space 2012160K, 0% used [0x000000066ab00000,0x000000066ab00000,0x00000006e5800000)
  from space 2048K, 3% used [0x00000006e5e00000,0x00000006e5e10000,0x00000006e6000000)
  to   space 4096K, 0% used [0x00000006e5800000,0x00000006e5800000,0x00000006e5c00000)
 ParOldGen       total 271360K, used 122618K [0x00000003c0000000, 0x00000003d0900000, 0x000000066ab00000)
  object space 271360K, 45% used [0x00000003c0000000,0x00000003c77be9c0,0x00000003d0900000)
 Metaspace       used 86162K, capacity 87094K, committed 87256K, reserved 1124352K
  class space    used 12185K, capacity 12411K, committed 12504K, reserved 1048576K
}
Event: 153.149 GC heap before
{Heap before GC invocations=73 (full 6):
 PSYoungGen      total 2014208K, used 2012224K [0x000000066ab00000, 0x00000006e6000000, 0x00000007c0000000)
  eden space 2012160K, 100% used [0x000000066ab00000,0x00000006e5800000,0x00000006e5800000)
  from space 2048K, 3% used [0x00000006e5e00000,0x00000006e5e10000,0x00000006e6000000)
  to   space 4096K, 0% used [0x00000006e5800000,0x00000006e5800000,0x00000006e5c00000)
 ParOldGen       total 271360K, used 122618K [0x00000003c0000000, 0x00000003d0900000, 0x000000066ab00000)
  object space 271360K, 45% used [0x00000003c0000000,0x00000003c77be9c0,0x00000003d0900000)
 Metaspace       used 86162K, capacity 87094K, committed 87256K, reserved 1124352K
  class space    used 12185K, capacity 12411K, committed 12504K, reserved 1048576K
Event: 153.153 GC heap after
Heap after GC invocations=73 (full 6):
 PSYoungGen      total 2016256K, used 352K [0x000000066ab00000, 0x00000006e9600000, 0x00000007c0000000)
  eden space 2012160K, 0% used [0x000000066ab00000,0x000000066ab00000,0x00000006e5800000)
  from space 4096K, 8% used [0x00000006e5800000,0x00000006e5858000,0x00000006e5c00000)
  to   space 3584K, 0% used [0x00000006e9280000,0x00000006e9280000,0x00000006e9600000)
 ParOldGen       total 271360K, used 122618K [0x00000003c0000000, 0x00000003d0900000, 0x000000066ab00000)
  object space 271360K, 45% used [0x00000003c0000000,0x00000003c77be9c0,0x00000003d0900000)
 Metaspace       used 86162K, capacity 87094K, committed 87256K, reserved 1124352K
  class space    used 12185K, capacity 12411K, committed 12504K, reserved 1048576K
}
Event: 154.709 GC heap before
{Heap before GC invocations=74 (full 6):
 PSYoungGen      total 2016256K, used 2012512K [0x000000066ab00000, 0x00000006e9600000, 0x00000007c0000000)
  eden space 2012160K, 100% used [0x000000066ab00000,0x00000006e5800000,0x00000006e5800000)
  from space 4096K, 8% used [0x00000006e5800000,0x00000006e5858000,0x00000006e5c00000)
  to   space 3584K, 0% used [0x00000006e9280000,0x00000006e9280000,0x00000006e9600000)
 ParOldGen       total 271360K, used 122618K [0x00000003c0000000, 0x00000003d0900000, 0x000000066ab00000)
  object space 271360K, 45% used [0x00000003c0000000,0x00000003c77be9c0,0x00000003d0900000)
 Metaspace       used 86162K, capacity 87094K, committed 87256K, reserved 1124352K
  class space    used 12185K, capacity 12411K, committed 12504K, reserved 1048576K
Event: 154.713 GC heap after
Heap after GC invocations=74 (full 6):
 PSYoungGen      total 2072064K, used 1216K [0x000000066ab00000, 0x00000006e9880000, 0x00000007c0000000)
  eden space 2068480K, 0% used [0x000000066ab00000,0x000000066ab00000,0x00000006e8f00000)
  from space 3584K, 33% used [0x00000006e9280000,0x00000006e93b0000,0x00000006e9600000)
  to   space 3584K, 0% used [0x00000006e8f00000,0x00000006e8f00000,0x00000006e9280000)
 ParOldGen       total 271360K, used 122626K [0x00000003c0000000, 0x00000003d0900000, 0x000000066ab00000)
  object space 271360K, 45% used [0x00000003c0000000,0x00000003c77c09c0,0x00000003d0900000)
 Metaspace       used 86162K, capacity 87094K, committed 87256K, reserved 1124352K
  class space    used 12185K, capacity 12411K, committed 12504K, reserved 1048576K
}
Event: 156.344 GC heap before
{Heap before GC invocations=75 (full 6):
 PSYoungGen      total 2072064K, used 2069696K [0x000000066ab00000, 0x00000006e9880000, 0x00000007c0000000)
  eden space 2068480K, 100% used [0x000000066ab00000,0x00000006e8f00000,0x00000006e8f00000)
  from space 3584K, 33% used [0x00000006e9280000,0x00000006e93b0000,0x00000006e9600000)
  to   space 3584K, 0% used [0x00000006e8f00000,0x00000006e8f00000,0x00000006e9280000)
 ParOldGen       total 271360K, used 122626K [0x00000003c0000000, 0x00000003d0900000, 0x000000066ab00000)
  object space 271360K, 45% used [0x00000003c0000000,0x00000003c77c09c0,0x00000003d0900000)
 Metaspace       used 86163K, capacity 87094K, committed 87256K, reserved 1124352K
  class space    used 12185K, capacity 12411K, committed 12504K, reserved 1048576K
Event: 156.348 GC heap after
Heap after GC invocations=75 (full 6):
 PSYoungGen      total 2072064K, used 320K [0x000000066ab00000, 0x00000006ed380000, 0x00000007c0000000)
  eden space 2068480K, 0% used [0x000000066ab00000,0x000000066ab00000,0x00000006e8f00000)
  from space 3584K, 8% used [0x00000006e8f00000,0x00000006e8f50000,0x00000006e9280000)
  to   space 3584K, 0% used [0x00000006ed000000,0x00000006ed000000,0x00000006ed380000)
 ParOldGen       total 271360K, used 122626K [0x00000003c0000000, 0x00000003d0900000, 0x000000066ab00000)
  object space 271360K, 45% used [0x00000003c0000000,0x00000003c77c09c0,0x00000003d0900000)
 Metaspace       used 86163K, capacity 87094K, committed 87256K, reserved 1124352K
  class space    used 12185K, capacity 12411K, committed 12504K, reserved 1048576K
}
Event: 157.951 GC heap before
{Heap before GC invocations=76 (full 6):
 PSYoungGen      total 2072064K, used 2068800K [0x000000066ab00000, 0x00000006ed380000, 0x00000007c0000000)
  eden space 2068480K, 100% used [0x000000066ab00000,0x00000006e8f00000,0x00000006e8f00000)
  from space 3584K, 8% used [0x00000006e8f00000,0x00000006e8f50000,0x00000006e9280000)
  to   space 3584K, 0% used [0x00000006ed000000,0x00000006ed000000,0x00000006ed380000)
 ParOldGen       total 271360K, used 122626K [0x00000003c0000000, 0x00000003d0900000, 0x000000066ab00000)
  object space 271360K, 45% used [0x00000003c0000000,0x00000003c77c09c0,0x00000003d0900000)
 Metaspace       used 86163K, capacity 87094K, committed 87256K, reserved 1124352K
  class space    used 12185K, capacity 12411K, committed 12504K, reserved 1048576K
Event: 157.953 GC heap after
Heap after GC invocations=76 (full 6):
 PSYoungGen      total 2128896K, used 599K [0x000000066ab00000, 0x00000006ed100000, 0x00000007c0000000)
  eden space 2127872K, 0% used [0x000000066ab00000,0x000000066ab00000,0x00000006ec900000)
  from space 1024K, 58% used [0x00000006ed000000,0x00000006ed095fd8,0x00000006ed100000)
  to   space 3072K, 0% used [0x00000006ecb00000,0x00000006ecb00000,0x00000006ece00000)
 ParOldGen       total 271360K, used 122626K [0x00000003c0000000, 0x00000003d0900000, 0x000000066ab00000)
  object space 271360K, 45% used [0x00000003c0000000,0x00000003c77c09c0,0x00000003d0900000)
 Metaspace       used 86163K, capacity 87094K, committed 87256K, reserved 1124352K
  class space    used 12185K, capacity 12411K, committed 12504K, reserved 1048576K
}
Event: 159.641 GC heap before
{Heap before GC invocations=77 (full 6):
 PSYoungGen      total 2128896K, used 2128471K [0x000000066ab00000, 0x00000006ed100000, 0x00000007c0000000)
  eden space 2127872K, 100% used [0x000000066ab00000,0x00000006ec900000,0x00000006ec900000)
  from space 1024K, 58% used [0x00000006ed000000,0x00000006ed095fd8,0x00000006ed100000)
  to   space 3072K, 0% used [0x00000006ecb00000,0x00000006ecb00000,0x00000006ece00000)
 ParOldGen       total 271360K, used 122626K [0x00000003c0000000, 0x00000003d0900000, 0x000000066ab00000)
  object space 271360K, 45% used [0x00000003c0000000,0x00000003c77c09c0,0x00000003d0900000)
 Metaspace       used 86163K, capacity 87094K, committed 87256K, reserved 1124352K
  class space    used 12185K, capacity 12411K, committed 12504K, reserved 1048576K
Event: 159.644 GC heap after
Heap after GC invocations=77 (full 6):
 PSYoungGen      total 2132992K, used 320K [0x000000066ab00000, 0x00000006f0880000, 0x00000007c0000000)
  eden space 2129920K, 0% used [0x000000066ab00000,0x000000066ab00000,0x00000006ecb00000)
  from space 3072K, 10% used [0x00000006ecb00000,0x00000006ecb50000,0x00000006ece00000)
  to   space 3072K, 0% used [0x00000006f0580000,0x00000006f0580000,0x00000006f0880000)
 ParOldGen       total 271360K, used 122642K [0x00000003c0000000, 0x00000003d0900000, 0x000000066ab00000)
  object space 271360K, 45% used [0x00000003c0000000,0x00000003c77c49c0,0x00000003d0900000)
 Metaspace       used 86163K, capacity 87094K, committed 87256K, reserved 1124352K
  class space    used 12185K, capacity 12411K, committed 12504K, reserved 1048576K
}
Event: 161.300 GC heap before
{Heap before GC invocations=78 (full 6):
 PSYoungGen      total 2132992K, used 2130240K [0x000000066ab00000, 0x00000006f0880000, 0x00000007c0000000)
  eden space 2129920K, 100% used [0x000000066ab00000,0x00000006ecb00000,0x00000006ecb00000)
  from space 3072K, 10% used [0x00000006ecb00000,0x00000006ecb50000,0x00000006ece00000)
  to   space 3072K, 0% used [0x00000006f0580000,0x00000006f0580000,0x00000006f0880000)
 ParOldGen       total 271360K, used 122642K [0x00000003c0000000, 0x00000003d0900000, 0x000000066ab00000)
  object space 271360K, 45% used [0x00000003c0000000,0x00000003c77c49c0,0x00000003d0900000)
 Metaspace       used 86163K, capacity 87094K, committed 87256K, reserved 1124352K
  class space    used 12185K, capacity 12411K, committed 12504K, reserved 1048576K
Event: 161.303 GC heap after
Heap after GC invocations=78 (full 6):
 PSYoungGen      total 2188800K, used 256K [0x000000066ab00000, 0x00000006f0800000, 0x00000007c0000000)
  eden space 2186240K, 0% used [0x000000066ab00000,0x000000066ab00000,0x00000006f0200000)
  from space 2560K, 10% used [0x00000006f0580000,0x00000006f05c0140,0x00000006f0800000)
  to   space 3072K, 0% used [0x00000006f0200000,0x00000006f0200000,0x00000006f0500000)
 ParOldGen       total 271360K, used 122650K [0x00000003c0000000, 0x00000003d0900000, 0x000000066ab00000)
  object space 271360K, 45% used [0x00000003c0000000,0x00000003c77c69c0,0x00000003d0900000)
 Metaspace       used 86163K, capacity 87094K, committed 87256K, reserved 1124352K
  class space    used 12185K, capacity 12411K, committed 12504K, reserved 1048576K
}
Event: 163.018 GC heap before
{Heap before GC invocations=79 (full 6):
 PSYoungGen      total 2188800K, used 2186496K [0x000000066ab00000, 0x00000006f0800000, 0x00000007c0000000)
  eden space 2186240K, 100% used [0x000000066ab00000,0x00000006f0200000,0x00000006f0200000)
  from space 2560K, 10% used [0x00000006f0580000,0x00000006f05c0140,0x00000006f0800000)
  to   space 3072K, 0% used [0x00000006f0200000,0x00000006f0200000,0x00000006f0500000)
 ParOldGen       total 271360K, used 122650K [0x00000003c0000000, 0x00000003d0900000, 0x000000066ab00000)
  object space 271360K, 45% used [0x00000003c0000000,0x00000003c77c69c0,0x00000003d0900000)
 Metaspace       used 86163K, capacity 87094K, committed 87256K, reserved 1124352K
  class space    used 12185K, capacity 12411K, committed 12504K, reserved 1048576K
Event: 163.022 GC heap after
Heap after GC invocations=79 (full 6):
 PSYoungGen      total 2189312K, used 672K [0x000000066ab00000, 0x00000006f3e80000, 0x00000007c0000000)
  eden space 2186240K, 0% used [0x000000066ab00000,0x000000066ab00000,0x00000006f0200000)
  from space 3072K, 21% used [0x00000006f0200000,0x00000006f02a8000,0x00000006f0500000)
  to   space 2560K, 0% used [0x00000006f3c00000,0x00000006f3c00000,0x00000006f3e80000)
 ParOldGen       total 271360K, used 122650K [0x00000003c0000000, 0x00000003d0900000, 0x000000066ab00000)
  object space 271360K, 45% used [0x00000003c0000000,0x00000003c77c69c0,0x00000003d0900000)
 Metaspace       used 86163K, capacity 87094K, committed 87256K, reserved 1124352K
  class space    used 12185K, capacity 12411K, committed 12504K, reserved 1048576K
}
Event: 164.723 GC heap before
{Heap before GC invocations=80 (full 6):
 PSYoungGen      total 2189312K, used 2186912K [0x000000066ab00000, 0x00000006f3e80000, 0x00000007c0000000)
  eden space 2186240K, 100% used [0x000000066ab00000,0x00000006f0200000,0x00000006f0200000)
  from space 3072K, 21% used [0x00000006f0200000,0x00000006f02a8000,0x00000006f0500000)
  to   space 2560K, 0% used [0x00000006f3c00000,0x00000006f3c00000,0x00000006f3e80000)
 ParOldGen       total 271360K, used 122650K [0x00000003c0000000, 0x00000003d0900000, 0x000000066ab00000)
  object space 271360K, 45% used [0x00000003c0000000,0x00000003c77c69c0,0x00000003d0900000)
 Metaspace       used 86163K, capacity 87094K, committed 87256K, reserved 1124352K
  class space    used 12185K, capacity 12411K, committed 12504K, reserved 1048576K
Event: 164.732 GC heap after
Heap after GC invocations=80 (full 6):
 PSYoungGen      total 2244096K, used 2537K [0x000000066ab00000, 0x00000006f5680000, 0x00000007c0000000)
  eden space 2241536K, 0% used [0x000000066ab00000,0x000000066ab00000,0x00000006f3800000)
  from space 2560K, 99% used [0x00000006f3c00000,0x00000006f3e7a7c0,0x00000006f3e80000)
  to   space 4096K, 0% used [0x00000006f3800000,0x00000006f3800000,0x00000006f3c00000)
 ParOldGen       total 271360K, used 124452K [0x00000003c0000000, 0x00000003d0900000, 0x000000066ab00000)
  object space 271360K, 45% used [0x00000003c0000000,0x00000003c79893c0,0x00000003d0900000)
 Metaspace       used 86163K, capacity 87094K, committed 87256K, reserved 1124352K
  class space    used 12185K, capacity 12411K, committed 12504K, reserved 1048576K
}
Event: 166.507 GC heap before
{Heap before GC invocations=81 (full 6):
 PSYoungGen      total 2244096K, used 2244073K [0x000000066ab00000, 0x00000006f5680000, 0x00000007c0000000)
  eden space 2241536K, 100% used [0x000000066ab00000,0x00000006f3800000,0x00000006f3800000)
  from space 2560K, 99% used [0x00000006f3c00000,0x00000006f3e7a7c0,0x00000006f3e80000)
  to   space 4096K, 0% used [0x00000006f3800000,0x00000006f3800000,0x00000006f3c00000)
 ParOldGen       total 271360K, used 124452K [0x00000003c0000000, 0x00000003d0900000, 0x000000066ab00000)
  object space 271360K, 45% used [0x00000003c0000000,0x00000003c79893c0,0x00000003d0900000)
 Metaspace       used 86163K, capacity 87094K, committed 87256K, reserved 1124352K
  class space    used 12185K, capacity 12411K, committed 12504K, reserved 1048576K
Event: 166.510 GC heap after
Heap after GC invocations=81 (full 6):
 PSYoungGen      total 2245632K, used 480K [0x000000066ab00000, 0x00000006f8680000, 0x00000007c0000000)
  eden space 2241536K, 0% used [0x000000066ab00000,0x000000066ab00000,0x00000006f3800000)
  from space 4096K, 11% used [0x00000006f3800000,0x00000006f3878000,0x00000006f3c00000)
  to   space 3584K, 0% used [0x00000006f8300000,0x00000006f8300000,0x00000006f8680000)
 ParOldGen       total 271360K, used 124452K [0x00000003c0000000, 0x00000003d0900000, 0x000000066ab00000)
  object space 271360K, 45% used [0x00000003c0000000,0x00000003c79893c0,0x00000003d0900000)
 Metaspace       used 86163K, capacity 87094K, committed 87256K, reserved 1124352K
  class space    used 12185K, capacity 12411K, committed 12504K, reserved 1048576K
}
Event: 168.194 GC heap before
{Heap before GC invocations=82 (full 6):
 PSYoungGen      total 2245632K, used 2242016K [0x000000066ab00000, 0x00000006f8680000, 0x00000007c0000000)
  eden space 2241536K, 100% used [0x000000066ab00000,0x00000006f3800000,0x00000006f3800000)
  from space 4096K, 11% used [0x00000006f3800000,0x00000006f3878000,0x00000006f3c00000)
  to   space 3584K, 0% used [0x00000006f8300000,0x00000006f8300000,0x00000006f8680000)
 ParOldGen       total 271360K, used 124452K [0x00000003c0000000, 0x00000003d0900000, 0x000000066ab00000)
  object space 271360K, 45% used [0x00000003c0000000,0x00000003c79893c0,0x00000003d0900000)
 Metaspace       used 86164K, capacity 87094K, committed 87256K, reserved 1124352K
  class space    used 12185K, capacity 12411K, committed 12504K, reserved 1048576K
Event: 168.200 GC heap after
Heap after GC invocations=82 (full 6):
 PSYoungGen      total 2317824K, used 2368K [0x000000066ab00000, 0x00000006f8c80000, 0x00000007c0000000)
  eden space 2314240K, 0% used [0x000000066ab00000,0x000000066ab00000,0x00000006f7f00000)
  from space 3584K, 66% used [0x00000006f8300000,0x00000006f8550000,0x00000006f8680000)
  to   space 4096K, 0% used [0x00000006f7f00000,0x00000006f7f00000,0x00000006f8300000)
 ParOldGen       total 271360K, used 124452K [0x00000003c0000000, 0x00000003d0900000, 0x000000066ab00000)
  object space 271360K, 45% used [0x00000003c0000000,0x00000003c79893c0,0x00000003d0900000)
 Metaspace       used 86164K, capacity 87094K, committed 87256K, reserved 1124352K
  class space    used 12185K, capacity 12411K, committed 12504K, reserved 1048576K
}
Event: 170.003 GC heap before
{Heap before GC invocations=83 (full 6):
 PSYoungGen      total 2317824K, used 2316608K [0x000000066ab00000, 0x00000006f8c80000, 0x00000007c0000000)
  eden space 2314240K, 100% used [0x000000066ab00000,0x00000006f7f00000,0x00000006f7f00000)
  from space 3584K, 66% used [0x00000006f8300000,0x00000006f8550000,0x00000006f8680000)
  to   space 4096K, 0% used [0x00000006f7f00000,0x00000006f7f00000,0x00000006f8300000)
 ParOldGen       total 271360K, used 124452K [0x00000003c0000000, 0x00000003d0900000, 0x000000066ab00000)
  object space 271360K, 45% used [0x00000003c0000000,0x00000003c79893c0,0x00000003d0900000)
 Metaspace       used 86164K, capacity 87094K, committed 87256K, reserved 1124352K
  class space    used 12185K, capacity 12411K, committed 12504K, reserved 1048576K
Event: 170.007 GC heap after
Heap after GC invocations=83 (full 6):
 PSYoungGen      total 2318336K, used 1152K [0x000000066ab00000, 0x00000006fd200000, 0x00000007c0000000)
  eden space 2314240K, 0% used [0x000000066ab00000,0x000000066ab00000,0x00000006f7f00000)
  from space 4096K, 28% used [0x00000006f7f00000,0x00000006f8020000,0x00000006f8300000)
  to   space 3584K, 0% used [0x00000006fce80000,0x00000006fce80000,0x00000006fd200000)
 ParOldGen       total 271360K, used 124452K [0x00000003c0000000, 0x00000003d0900000, 0x000000066ab00000)
  object space 271360K, 45% used [0x00000003c0000000,0x00000003c79893c0,0x00000003d0900000)
 Metaspace       used 86164K, capacity 87094K, committed 87256K, reserved 1124352K
  class space    used 12185K, capacity 12411K, committed 12504K, reserved 1048576K
}
Event: 171.776 GC heap before
{Heap before GC invocations=84 (full 6):
 PSYoungGen      total 2318336K, used 2315392K [0x000000066ab00000, 0x00000006fd200000, 0x00000007c0000000)
  eden space 2314240K, 100% used [0x000000066ab00000,0x00000006f7f00000,0x00000006f7f00000)
  from space 4096K, 28% used [0x00000006f7f00000,0x00000006f8020000,0x00000006f8300000)
  to   space 3584K, 0% used [0x00000006fce80000,0x00000006fce80000,0x00000006fd200000)
 ParOldGen       total 271360K, used 124452K [0x00000003c0000000, 0x00000003d0900000, 0x000000066ab00000)
  object space 271360K, 45% used [0x00000003c0000000,0x00000003c79893c0,0x00000003d0900000)
 Metaspace       used 86164K, capacity 87094K, committed 87256K, reserved 1124352K
  class space    used 12185K, capacity 12411K, committed 12504K, reserved 1048576K
Event: 171.779 GC heap after
Heap after GC invocations=84 (full 6):
 PSYoungGen      total 2385920K, used 128K [0x000000066ab00000, 0x00000006fcf00000, 0x00000007c0000000)
  eden space 2385408K, 0% used [0x000000066ab00000,0x000000066ab00000,0x00000006fc480000)
  from space 512K, 25% used [0x00000006fce80000,0x00000006fcea0000,0x00000006fcf00000)
  to   space 3584K, 0% used [0x00000006fc800000,0x00000006fc800000,0x00000006fcb80000)
 ParOldGen       total 271360K, used 124452K [0x00000003c0000000, 0x00000003d0900000, 0x000000066ab00000)
  object space 271360K, 45% used [0x00000003c0000000,0x00000003c79893c0,0x00000003d0900000)
 Metaspace       used 86164K, capacity 87094K, committed 87256K, reserved 1124352K
  class space    used 12185K, capacity 12411K, committed 12504K, reserved 1048576K
}
Event: 173.648 GC heap before
{Heap before GC invocations=85 (full 6):
 PSYoungGen      total 2385920K, used 2385536K [0x000000066ab00000, 0x00000006fcf00000, 0x00000007c0000000)
  eden space 2385408K, 100% used [0x000000066ab00000,0x00000006fc480000,0x00000006fc480000)
  from space 512K, 25% used [0x00000006fce80000,0x00000006fcea0000,0x00000006fcf00000)
  to   space 3584K, 0% used [0x00000006fc800000,0x00000006fc800000,0x00000006fcb80000)
 ParOldGen       total 271360K, used 124452K [0x00000003c0000000, 0x00000003d0900000, 0x000000066ab00000)
  object space 271360K, 45% used [0x00000003c0000000,0x00000003c79893c0,0x00000003d0900000)
 Metaspace       used 86165K, capacity 87094K, committed 87256K, reserved 1124352K
  class space    used 12185K, capacity 12411K, committed 12504K, reserved 1048576K
Event: 173.652 GC heap after
Heap after GC invocations=85 (full 6):
 PSYoungGen      total 2392576K, used 1376K [0x000000066ab00000, 0x0000000701280000, 0x00000007c0000000)
  eden space 2388992K, 0% used [0x000000066ab00000,0x000000066ab00000,0x00000006fc800000)
  from space 3584K, 38% used [0x00000006fc800000,0x00000006fc958000,0x00000006fcb80000)
  to   space 3584K, 0% used [0x0000000700f00000,0x0000000700f00000,0x0000000701280000)
 ParOldGen       total 271360K, used 124460K [0x00000003c0000000, 0x00000003d0900000, 0x000000066ab00000)
  object space 271360K, 45% used [0x00000003c0000000,0x00000003c798b3c0,0x00000003d0900000)
 Metaspace       used 86165K, capacity 87094K, committed 87256K, reserved 1124352K
  class space    used 12185K, capacity 12411K, committed 12504K, reserved 1048576K
}
Event: 175.494 GC heap before
{Heap before GC invocations=86 (full 6):
 PSYoungGen      total 2392576K, used 2390368K [0x000000066ab00000, 0x0000000701280000, 0x00000007c0000000)
  eden space 2388992K, 100% used [0x000000066ab00000,0x00000006fc800000,0x00000006fc800000)
  from space 3584K, 38% used [0x00000006fc800000,0x00000006fc958000,0x00000006fcb80000)
  to   space 3584K, 0% used [0x0000000700f00000,0x0000000700f00000,0x0000000701280000)
 ParOldGen       total 271360K, used 124460K [0x00000003c0000000, 0x00000003d0900000, 0x000000066ab00000)
  object space 271360K, 45% used [0x00000003c0000000,0x00000003c798b3c0,0x00000003d0900000)
 Metaspace       used 86168K, capacity 87094K, committed 87256K, reserved 1124352K
  class space    used 12185K, capacity 12411K, committed 12504K, reserved 1048576K
Event: 175.499 GC heap after
Heap after GC invocations=86 (full 6):
 PSYoungGen      total 2461184K, used 2368K [0x000000066ab00000, 0x0000000701c80000, 0x00000007c0000000)
  eden space 2457600K, 0% used [0x000000066ab00000,0x000000066ab00000,0x0000000700b00000)
  from space 3584K, 66% used [0x0000000700f00000,0x0000000701150000,0x0000000701280000)
  to   space 4096K, 0% used [0x0000000700b00000,0x0000000700b00000,0x0000000700f00000)
 ParOldGen       total 271360K, used 124460K [0x00000003c0000000, 0x00000003d0900000, 0x000000066ab00000)
  object space 271360K, 45% used [0x00000003c0000000,0x00000003c798b3c0,0x00000003d0900000)
 Metaspace       used 86168K, capacity 87094K, committed 87256K, reserved 1124352K
  class space    used 12185K, capacity 12411K, committed 12504K, reserved 1048576K
}
Event: 177.417 GC heap before
{Heap before GC invocations=87 (full 6):
 PSYoungGen      total 2461184K, used 2459968K [0x000000066ab00000, 0x0000000701c80000, 0x00000007c0000000)
  eden space 2457600K, 100% used [0x000000066ab00000,0x0000000700b00000,0x0000000700b00000)
  from space 3584K, 66% used [0x0000000700f00000,0x0000000701150000,0x0000000701280000)
  to   space 4096K, 0% used [0x0000000700b00000,0x0000000700b00000,0x0000000700f00000)
 ParOldGen       total 271360K, used 124460K [0x00000003c0000000, 0x00000003d0900000, 0x000000066ab00000)
  object space 271360K, 45% used [0x00000003c0000000,0x00000003c798b3c0,0x00000003d0900000)
 Metaspace       used 86169K, capacity 87094K, committed 87256K, reserved 1124352K
  class space    used 12185K, capacity 12411K, committed 12504K, reserved 1048576K
Event: 177.423 GC heap after
Heap after GC invocations=87 (full 6):
 PSYoungGen      total 2461696K, used 2816K [0x000000066ab00000, 0x0000000706680000, 0x00000007c0000000)
  eden space 2457600K, 0% used [0x000000066ab00000,0x000000066ab00000,0x0000000700b00000)
  from space 4096K, 68% used [0x0000000700b00000,0x0000000700dc0000,0x0000000700f00000)
  to   space 4096K, 0% used [0x0000000706280000,0x0000000706280000,0x0000000706680000)
 ParOldGen       total 271360K, used 124460K [0x00000003c0000000, 0x00000003d0900000, 0x000000066ab00000)
  object space 271360K, 45% used [0x00000003c0000000,0x00000003c798b3c0,0x00000003d0900000)
 Metaspace       used 86169K, capacity 87094K, committed 87256K, reserved 1124352K
  class space    used 12185K, capacity 12411K, committed 12504K, reserved 1048576K
}
Event: 179.306 GC heap before
{Heap before GC invocations=88 (full 6):
 PSYoungGen      total 2461696K, used 2460416K [0x000000066ab00000, 0x0000000706680000, 0x00000007c0000000)
  eden space 2457600K, 100% used [0x000000066ab00000,0x0000000700b00000,0x0000000700b00000)
  from space 4096K, 68% used [0x0000000700b00000,0x0000000700dc0000,0x0000000700f00000)
  to   space 4096K, 0% used [0x0000000706280000,0x0000000706280000,0x0000000706680000)
 ParOldGen       total 271360K, used 124460K [0x00000003c0000000, 0x00000003d0900000, 0x000000066ab00000)
  object space 271360K, 45% used [0x00000003c0000000,0x00000003c798b3c0,0x00000003d0900000)
 Metaspace       used 86169K, capacity 87094K, committed 87256K, reserved 1124352K
  class space    used 12185K, capacity 12411K, committed 12504K, reserved 1048576K
Event: 179.309 GC heap after
Heap after GC invocations=88 (full 6):
 PSYoungGen      total 2535424K, used 544K [0x000000066ab00000, 0x0000000706380000, 0x00000007c0000000)
  eden space 2534400K, 0% used [0x000000066ab00000,0x000000066ab00000,0x0000000705600000)
  from space 1024K, 53% used [0x0000000706280000,0x0000000706308000,0x0000000706380000)
  to   space 4096K, 0% used [0x0000000705b80000,0x0000000705b80000,0x0000000705f80000)
 ParOldGen       total 271360K, used 124460K [0x00000003c0000000, 0x00000003d0900000, 0x000000066ab00000)
  object space 271360K, 45% used [0x00000003c0000000,0x00000003c798b3c0,0x00000003d0900000)
 Metaspace       used 86169K, capacity 87094K, committed 87256K, reserved 1124352K
  class space    used 12185K, capacity 12411K, committed 12504K, reserved 1048576K
}
Event: 181.299 GC heap before
{Heap before GC invocations=89 (full 6):
 PSYoungGen      total 2535424K, used 2534944K [0x000000066ab00000, 0x0000000706380000, 0x00000007c0000000)
  eden space 2534400K, 100% used [0x000000066ab00000,0x0000000705600000,0x0000000705600000)
  from space 1024K, 53% used [0x0000000706280000,0x0000000706308000,0x0000000706380000)
  to   space 4096K, 0% used [0x0000000705b80000,0x0000000705b80000,0x0000000705f80000)
 ParOldGen       total 271360K, used 124460K [0x00000003c0000000, 0x00000003d0900000, 0x000000066ab00000)
  object space 271360K, 45% used [0x00000003c0000000,0x00000003c798b3c0,0x00000003d0900000)
 Metaspace       used 86169K, capacity 87094K, committed 87256K, reserved 1124352K
  class space    used 12185K, capacity 12411K, committed 12504K, reserved 1048576K
Event: 181.302 GC heap after
Heap after GC invocations=89 (full 6):
 PSYoungGen      total 2544128K, used 256K [0x000000066ab00000, 0x000000070a480000, 0x00000007c0000000)
  eden space 2540032K, 0% used [0x000000066ab00000,0x000000066ab00000,0x0000000705b80000)
  from space 4096K, 6% used [0x0000000705b80000,0x0000000705bc0000,0x0000000705f80000)
  to   space 4096K, 0% used [0x000000070a080000,0x000000070a080000,0x000000070a480000)
 ParOldGen       total 271360K, used 124468K [0x00000003c0000000, 0x00000003d0900000, 0x000000066ab00000)
  object space 271360K, 45% used [0x00000003c0000000,0x00000003c798d3c0,0x00000003d0900000)
 Metaspace       used 86169K, capacity 87094K, committed 87256K, reserved 1124352K
  class space    used 12185K, capacity 12411K, committed 12504K, reserved 1048576K
}
Event: 183.248 GC heap before
{Heap before GC invocations=90 (full 6):
 PSYoungGen      total 2544128K, used 2540288K [0x000000066ab00000, 0x000000070a480000, 0x00000007c0000000)
  eden space 2540032K, 100% used [0x000000066ab00000,0x0000000705b80000,0x0000000705b80000)
  from space 4096K, 6% used [0x0000000705b80000,0x0000000705bc0000,0x0000000705f80000)
  to   space 4096K, 0% used [0x000000070a080000,0x000000070a080000,0x000000070a480000)
 ParOldGen       total 271360K, used 124468K [0x00000003c0000000, 0x00000003d0900000, 0x000000066ab00000)
  object space 271360K, 45% used [0x00000003c0000000,0x00000003c798d3c0,0x00000003d0900000)
 Metaspace       used 86169K, capacity 87094K, committed 87256K, reserved 1124352K
  class space    used 12185K, capacity 12411K, committed 12504K, reserved 1048576K
Event: 183.251 GC heap after
Heap after GC invocations=90 (full 6):
 PSYoungGen      total 2610688K, used 128K [0x000000066ab00000, 0x000000070a500000, 0x00000007c0000000)
  eden space 2606592K, 0% used [0x000000066ab00000,0x000000066ab00000,0x0000000709c80000)
  from space 4096K, 3% used [0x000000070a080000,0x000000070a0a0000,0x000000070a480000)
  to   space 4096K, 0% used [0x0000000709c80000,0x0000000709c80000,0x000000070a080000)
 ParOldGen       total 271360K, used 124476K [0x00000003c0000000, 0x00000003d0900000, 0x000000066ab00000)
  object space 271360K, 45% used [0x00000003c0000000,0x00000003c798f3c0,0x00000003d0900000)
 Metaspace       used 86169K, capacity 87094K, committed 87256K, reserved 1124352K
  class space    used 12185K, capacity 12411K, committed 12504K, reserved 1048576K
}
Event: 185.236 GC heap before
{Heap before GC invocations=91 (full 6):
 PSYoungGen      total 2610688K, used 2606720K [0x000000066ab00000, 0x000000070a500000, 0x00000007c0000000)
  eden space 2606592K, 100% used [0x000000066ab00000,0x0000000709c80000,0x0000000709c80000)
  from space 4096K, 3% used [0x000000070a080000,0x000000070a0a0000,0x000000070a480000)
  to   space 4096K, 0% used [0x0000000709c80000,0x0000000709c80000,0x000000070a080000)
 ParOldGen       total 271360K, used 124476K [0x00000003c0000000, 0x00000003d0900000, 0x000000066ab00000)
  object space 271360K, 45% used [0x00000003c0000000,0x00000003c798f3c0,0x00000003d0900000)
 Metaspace       used 86169K, capacity 87094K, committed 87256K, reserved 1124352K
  class space    used 12185K, capacity 12411K, committed 12504K, reserved 1048576K
Event: 185.240 GC heap after
Heap after GC invocations=91 (full 6):
 PSYoungGen      total 2610688K, used 1088K [0x000000066ab00000, 0x000000070e680000, 0x00000007c0000000)
  eden space 2606592K, 0% used [0x000000066ab00000,0x000000066ab00000,0x0000000709c80000)
  from space 4096K, 26% used [0x0000000709c80000,0x0000000709d90000,0x000000070a080000)
  to   space 3584K, 0% used [0x000000070e300000,0x000000070e300000,0x000000070e680000)
 ParOldGen       total 271360K, used 124484K [0x00000003c0000000, 0x00000003d0900000, 0x000000066ab00000)
  object space 271360K, 45% used [0x00000003c0000000,0x00000003c79913c0,0x00000003d0900000)
 Metaspace       used 86169K, capacity 87094K, committed 87256K, reserved 1124352K
  class space    used 12185K, capacity 12411K, committed 12504K, reserved 1048576K
}
Event: 187.239 GC heap before
{Heap before GC invocations=92 (full 6):
 PSYoungGen      total 2610688K, used 2607680K [0x000000066ab00000, 0x000000070e680000, 0x00000007c0000000)
  eden space 2606592K, 100% used [0x000000066ab00000,0x0000000709c80000,0x0000000709c80000)
  from space 4096K, 26% used [0x0000000709c80000,0x0000000709d90000,0x000000070a080000)
  to   space 3584K, 0% used [0x000000070e300000,0x000000070e300000,0x000000070e680000)
 ParOldGen       total 271360K, used 124484K [0x00000003c0000000, 0x00000003d0900000, 0x000000066ab00000)
  object space 271360K, 45% used [0x00000003c0000000,0x00000003c79913c0,0x00000003d0900000)
 Metaspace       used 86169K, capacity 87094K, committed 87256K, reserved 1124352K
  class space    used 12185K, capacity 12411K, committed 12504K, reserved 1048576K
Event: 187.241 GC heap after
Heap after GC invocations=92 (full 6):
 PSYoungGen      total 2671104K, used 256K [0x000000066ab00000, 0x000000070e380000, 0x00000007c0000000)
  eden space 2670592K, 0% used [0x000000066ab00000,0x000000066ab00000,0x000000070db00000)
  from space 512K, 50% used [0x000000070e300000,0x000000070e340000,0x000000070e380000)
  to   space 3584K, 0% used [0x000000070dc80000,0x000000070dc80000,0x000000070e000000)
 ParOldGen       total 271360K, used 124484K [0x00000003c0000000, 0x00000003d0900000, 0x000000066ab00000)
  object space 271360K, 45% used [0x00000003c0000000,0x00000003c79913c0,0x00000003d0900000)
 Metaspace       used 86169K, capacity 87094K, committed 87256K, reserved 1124352K
  class space    used 12185K, capacity 12411K, committed 12504K, reserved 1048576K
}
Event: 189.336 GC heap before
{Heap before GC invocations=93 (full 6):
 PSYoungGen      total 2671104K, used 2670848K [0x000000066ab00000, 0x000000070e380000, 0x00000007c0000000)
  eden space 2670592K, 100% used [0x000000066ab00000,0x000000070db00000,0x000000070db00000)
  from space 512K, 50% used [0x000000070e300000,0x000000070e340000,0x000000070e380000)
  to   space 3584K, 0% used [0x000000070dc80000,0x000000070dc80000,0x000000070e000000)
 ParOldGen       total 271360K, used 124484K [0x00000003c0000000, 0x00000003d0900000, 0x000000066ab00000)
  object space 271360K, 45% used [0x00000003c0000000,0x00000003c79913c0,0x00000003d0900000)
 Metaspace       used 86169K, capacity 87094K, committed 87256K, reserved 1124352K
  class space    used 12185K, capacity 12411K, committed 12504K, reserved 1048576K
Event: 189.339 GC heap after
Heap after GC invocations=93 (full 6):
 PSYoungGen      total 2675712K, used 992K [0x000000066ab00000, 0x0000000712080000, 0x00000007c0000000)
  eden space 2672128K, 0% used [0x000000066ab00000,0x000000066ab00000,0x000000070dc80000)
  from space 3584K, 27% used [0x000000070dc80000,0x000000070dd78000,0x000000070e000000)
  to   space 3584K, 0% used [0x0000000711d00000,0x0000000711d00000,0x0000000712080000)
 ParOldGen       total 271360K, used 124484K [0x00000003c0000000, 0x00000003d0900000, 0x000000066ab00000)
  object space 271360K, 45% used [0x00000003c0000000,0x00000003c79913c0,0x00000003d0900000)
 Metaspace       used 86169K, capacity 87094K, committed 87256K, reserved 1124352K
  class space    used 12185K, capacity 12411K, committed 12504K, reserved 1048576K
}
Event: 191.387 GC heap before
{Heap before GC invocations=94 (full 6):
 PSYoungGen      total 2675712K, used 2673120K [0x000000066ab00000, 0x0000000712080000, 0x00000007c0000000)
  eden space 2672128K, 100% used [0x000000066ab00000,0x000000070dc80000,0x000000070dc80000)
  from space 3584K, 27% used [0x000000070dc80000,0x000000070dd78000,0x000000070e000000)
  to   space 3584K, 0% used [0x0000000711d00000,0x0000000711d00000,0x0000000712080000)
 ParOldGen       total 271360K, used 124484K [0x00000003c0000000, 0x00000003d0900000, 0x000000066ab00000)
  object space 271360K, 45% used [0x00000003c0000000,0x00000003c79913c0,0x00000003d0900000)
 Metaspace       used 86169K, capacity 87094K, committed 87256K, reserved 1124352K
  class space    used 12185K, capacity 12411K, committed 12504K, reserved 1048576K
Event: 191.390 GC heap after
Heap after GC invocations=94 (full 6):
 PSYoungGen      total 2735104K, used 288K [0x000000066ab00000, 0x0000000711e80000, 0x00000007c0000000)
  eden space 2733568K, 0% used [0x000000066ab00000,0x000000066ab00000,0x0000000711880000)
  from space 1536K, 18% used [0x0000000711d00000,0x0000000711d48000,0x0000000711e80000)
  to   space 3072K, 0% used [0x0000000711880000,0x0000000711880000,0x0000000711b80000)
 ParOldGen       total 271360K, used 124484K [0x00000003c0000000, 0x00000003d0900000, 0x000000066ab00000)
  object space 271360K, 45% used [0x00000003c0000000,0x00000003c79913c0,0x00000003d0900000)
 Metaspace       used 86169K, capacity 87094K, committed 87256K, reserved 1124352K
  class space    used 12185K, capacity 12411K, committed 12504K, reserved 1048576K
}
Event: 193.521 GC heap before
{Heap before GC invocations=95 (full 6):
 PSYoungGen      total 2735104K, used 2733856K [0x000000066ab00000, 0x0000000711e80000, 0x00000007c0000000)
  eden space 2733568K, 100% used [0x000000066ab00000,0x0000000711880000,0x0000000711880000)
  from space 1536K, 18% used [0x0000000711d00000,0x0000000711d48000,0x0000000711e80000)
  to   space 3072K, 0% used [0x0000000711880000,0x0000000711880000,0x0000000711b80000)
 ParOldGen       total 271360K, used 124484K [0x00000003c0000000, 0x00000003d0900000, 0x000000066ab00000)
  object space 271360K, 45% used [0x00000003c0000000,0x00000003c79913c0,0x00000003d0900000)
 Metaspace       used 86169K, capacity 87094K, committed 87256K, reserved 1124352K
  class space    used 12185K, capacity 12411K, committed 12504K, reserved 1048576K
Event: 193.524 GC heap after
Heap after GC invocations=95 (full 6):
 PSYoungGen      total 2736640K, used 288K [0x000000066ab00000, 0x0000000715900000, 0x00000007c0000000)
  eden space 2733568K, 0% used [0x000000066ab00000,0x000000066ab00000,0x0000000711880000)
  from space 3072K, 9% used [0x0000000711880000,0x00000007118c8000,0x0000000711b80000)
  to   space 3072K, 0% used [0x0000000715600000,0x0000000715600000,0x0000000715900000)
 ParOldGen       total 271360K, used 124484K [0x00000003c0000000, 0x00000003d0900000, 0x000000066ab00000)
  object space 271360K, 45% used [0x00000003c0000000,0x00000003c79913c0,0x00000003d0900000)
 Metaspace       used 86169K, capacity 87094K, committed 87256K, reserved 1124352K
  class space    used 12185K, capacity 12411K, committed 12504K, reserved 1048576K
}
Event: 195.630 GC heap before
{Heap before GC invocations=96 (full 6):
 PSYoungGen      total 2736640K, used 2733856K [0x000000066ab00000, 0x0000000715900000, 0x00000007c0000000)
  eden space 2733568K, 100% used [0x000000066ab00000,0x0000000711880000,0x0000000711880000)
  from space 3072K, 9% used [0x0000000711880000,0x00000007118c8000,0x0000000711b80000)
  to   space 3072K, 0% used [0x0000000715600000,0x0000000715600000,0x0000000715900000)
 ParOldGen       total 271360K, used 124484K [0x00000003c0000000, 0x00000003d0900000, 0x000000066ab00000)
  object space 271360K, 45% used [0x00000003c0000000,0x00000003c79913c0,0x00000003d0900000)
 Metaspace       used 86169K, capacity 87094K, committed 87256K, reserved 1124352K
  class space    used 12185K, capacity 12411K, committed 12504K, reserved 1048576K
Event: 195.633 GC heap after
Heap after GC invocations=96 (full 6):
 PSYoungGen      total 2792448K, used 96K [0x000000066ab00000, 0x0000000715700000, 0x00000007c0000000)
  eden space 2791424K, 0% used [0x000000066ab00000,0x000000066ab00000,0x0000000715100000)
  from space 1024K, 9% used [0x0000000715600000,0x0000000715618000,0x0000000715700000)
  to   space 3072K, 0% used [0x0000000715100000,0x0000000715100000,0x0000000715400000)
 ParOldGen       total 271360K, used 124484K [0x00000003c0000000, 0x00000003d0900000, 0x000000066ab00000)
  object space 271360K, 45% used [0x00000003c0000000,0x00000003c79913c0,0x00000003d0900000)
 Metaspace       used 86169K, capacity 87094K, committed 87256K, reserved 1124352K
  class space    used 12185K, capacity 12411K, committed 12504K, reserved 1048576K
}
Event: 197.835 GC heap before
{Heap before GC invocations=97 (full 6):
 PSYoungGen      total 2792448K, used 2791520K [0x000000066ab00000, 0x0000000715700000, 0x00000007c0000000)
  eden space 2791424K, 100% used [0x000000066ab00000,0x0000000715100000,0x0000000715100000)
  from space 1024K, 9% used [0x0000000715600000,0x0000000715618000,0x0000000715700000)
  to   space 3072K, 0% used [0x0000000715100000,0x0000000715100000,0x0000000715400000)
 ParOldGen       total 271360K, used 124484K [0x00000003c0000000, 0x00000003d0900000, 0x000000066ab00000)
  object space 271360K, 45% used [0x00000003c0000000,0x00000003c79913c0,0x00000003d0900000)
 Metaspace       used 86173K, capacity 87094K, committed 87256K, reserved 1124352K
  class space    used 12185K, capacity 12411K, committed 12504K, reserved 1048576K
Event: 197.848 GC heap after
Heap after GC invocations=97 (full 6):
 PSYoungGen      total 2794496K, used 3072K [0x000000066ab00000, 0x000000071b300000, 0x00000007c0000000)
  eden space 2791424K, 0% used [0x000000066ab00000,0x000000066ab00000,0x0000000715100000)
  from space 3072K, 100% used [0x0000000715100000,0x0000000715400000,0x0000000715400000)
  to   space 4608K, 0% used [0x000000071ae80000,0x000000071ae80000,0x000000071b300000)
 ParOldGen       total 271360K, used 126493K [0x00000003c0000000, 0x00000003d0900000, 0x000000066ab00000)
  object space 271360K, 46% used [0x00000003c0000000,0x00000003c7b87778,0x00000003d0900000)
 Metaspace       used 86173K, capacity 87094K, committed 87256K, reserved 1124352K
  class space    used 12185K, capacity 12411K, committed 12504K, reserved 1048576K
}
Event: 199.989 GC heap before
{Heap before GC invocations=98 (full 6):
 PSYoungGen      total 2794496K, used 2794496K [0x000000066ab00000, 0x000000071b300000, 0x00000007c0000000)
  eden space 2791424K, 100% used [0x000000066ab00000,0x0000000715100000,0x0000000715100000)
  from space 3072K, 100% used [0x0000000715100000,0x0000000715400000,0x0000000715400000)
  to   space 4608K, 0% used [0x000000071ae80000,0x000000071ae80000,0x000000071b300000)
 ParOldGen       total 271360K, used 126493K [0x00000003c0000000, 0x00000003d0900000, 0x000000066ab00000)
  object space 271360K, 46% used [0x00000003c0000000,0x00000003c7b87778,0x00000003d0900000)
 Metaspace       used 86173K, capacity 87094K, committed 87256K, reserved 1124352K
  class space    used 12185K, capacity 12411K, committed 12504K, reserved 1048576K
Event: 199.992 GC heap after
Heap after GC invocations=98 (full 6):
 PSYoungGen      total 2873856K, used 576K [0x000000066ab00000, 0x000000071af80000, 0x00000007c0000000)
  eden space 2872832K, 0% used [0x000000066ab00000,0x000000066ab00000,0x000000071a080000)
  from space 1024K, 56% used [0x000000071ae80000,0x000000071af10000,0x000000071af80000)
  to   space 4096K, 0% used [0x000000071a780000,0x000000071a780000,0x000000071ab80000)
 ParOldGen       total 271360K, used 126493K [0x00000003c0000000, 0x00000003d0900000, 0x000000066ab00000)
  object space 271360K, 46% used [0x00000003c0000000,0x00000003c7b87778,0x00000003d0900000)
 Metaspace       used 86173K, capacity 87094K, committed 87256K, reserved 1124352K
  class space    used 12185K, capacity 12411K, committed 12504K, reserved 1048576K
}
Event: 202.246 GC heap before
{Heap before GC invocations=99 (full 6):
 PSYoungGen      total 2873856K, used 2873408K [0x000000066ab00000, 0x000000071af80000, 0x00000007c0000000)
  eden space 2872832K, 100% used [0x000000066ab00000,0x000000071a080000,0x000000071a080000)
  from space 1024K, 56% used [0x000000071ae80000,0x000000071af10000,0x000000071af80000)
  to   space 4096K, 0% used [0x000000071a780000,0x000000071a780000,0x000000071ab80000)
 ParOldGen       total 271360K, used 126493K [0x00000003c0000000, 0x00000003d0900000, 0x000000066ab00000)
  object space 271360K, 46% used [0x00000003c0000000,0x00000003c7b87778,0x00000003d0900000)
 Metaspace       used 86173K, capacity 87094K, committed 87256K, reserved 1124352K
  class space    used 12185K, capacity 12411K, committed 12504K, reserved 1048576K

