# JRE version: OpenJDK Runtime Environment (8.0_252-b09) (build 1.8.0_252-b09)
# Java VM: OpenJDK 64-Bit Server VM (25.252-b09 mixed mode linux-amd64 compressed oops)
Heap:
 PSYoungGen      total 2910720K, used 4992K [0x000000066ab00000, 0x000000071cf00000, 0x00000007c0000000)
  eden space 2902016K, 0% used [0x000000066ab00000,0x000000066ab00000,0x000000071bd00000)
  from space 8704K, 57% used [0x000000071bd00000,0x000000071c1e0000,0x000000071c580000)
  to   space 8704K, 0% used [0x000000071c580000,0x000000071c580000,0x000000071ce00000)
 ParOldGen       total 272384K, used 137988K [0x00000003c0000000, 0x00000003d0a00000, 0x000000066ab00000)
  object space 272384K, 50% used [0x00000003c0000000,0x00000003c86c13e8,0x00000003d0a00000)
 Metaspace       used 86540K, capacity 87640K, committed 87828K, reserved 1124352K
  class space    used 12251K, capacity 12504K, committed 12604K, reserved 1048576K
GC Heap History (197 events):
Event: 0.461 GC heap before
{Heap before GC invocations=1 (full 0):
 PSYoungGen      total 18432K, used 15872K [0x000000066ab00000, 0x000000066bf80000, 0x00000007c0000000)
  eden space 15872K, 100% used [0x000000066ab00000,0x000000066ba80000,0x000000066ba80000)
  from space 2560K, 0% used [0x000000066bd00000,0x000000066bd00000,0x000000066bf80000)
  to   space 2560K, 0% used [0x000000066ba80000,0x000000066ba80000,0x000000066bd00000)
 ParOldGen       total 42496K, used 0K [0x00000003c0000000, 0x00000003c2980000, 0x000000066ab00000)
  object space 42496K, 0% used [0x00000003c0000000,0x00000003c0000000,0x00000003c2980000)
 Metaspace       used 4972K, capacity 5944K, committed 6016K, reserved 1056768K
  class space    used 542K, capacity 616K, committed 640K, reserved 1048576K
Event: 0.467 GC heap after
Heap after GC invocations=1 (full 0):
 PSYoungGen      total 18432K, used 2536K [0x000000066ab00000, 0x000000066cf00000, 0x00000007c0000000)
  eden space 15872K, 0% used [0x000000066ab00000,0x000000066ab00000,0x000000066ba80000)
  from space 2560K, 99% used [0x000000066ba80000,0x000000066bcfa320,0x000000066bd00000)
  to   space 2560K, 0% used [0x000000066cc80000,0x000000066cc80000,0x000000066cf00000)
 ParOldGen       total 42496K, used 475K [0x00000003c0000000, 0x00000003c2980000, 0x000000066ab00000)
  object space 42496K, 1% used [0x00000003c0000000,0x00000003c0076d10,0x00000003c2980000)
 Metaspace       used 4972K, capacity 5944K, committed 6016K, reserved 1056768K
  class space    used 542K, capacity 616K, committed 640K, reserved 1048576K
}
Event: 0.939 GC heap before
{Heap before GC invocations=2 (full 0):
 PSYoungGen      total 18432K, used 18408K [0x000000066ab00000, 0x000000066cf00000, 0x00000007c0000000)
  eden space 15872K, 100% used [0x000000066ab00000,0x000000066ba80000,0x000000066ba80000)
  from space 2560K, 99% used [0x000000066ba80000,0x000000066bcfa320,0x000000066bd00000)
  to   space 2560K, 0% used [0x000000066cc80000,0x000000066cc80000,0x000000066cf00000)
 ParOldGen       total 42496K, used 475K [0x00000003c0000000, 0x00000003c2980000, 0x000000066ab00000)
  object space 42496K, 1% used [0x00000003c0000000,0x00000003c0076d10,0x00000003c2980000)
 Metaspace       used 9305K, capacity 9376K, committed 9472K, reserved 1056768K
  class space    used 1221K, capacity 1232K, committed 1280K, reserved 1048576K
Event: 0.943 GC heap after
Heap after GC invocations=2 (full 0):
 PSYoungGen      total 18432K, used 2550K [0x000000066ab00000, 0x000000066cf00000, 0x00000007c0000000)
  eden space 15872K, 0% used [0x000000066ab00000,0x000000066ab00000,0x000000066ba80000)
  from space 2560K, 99% used [0x000000066cc80000,0x000000066cefda00,0x000000066cf00000)
  to   space 2560K, 0% used [0x000000066ba80000,0x000000066ba80000,0x000000066bd00000)
 ParOldGen       total 42496K, used 1590K [0x00000003c0000000, 0x00000003c2980000, 0x000000066ab00000)
  object space 42496K, 3% used [0x00000003c0000000,0x00000003c018dba0,0x00000003c2980000)
 Metaspace       used 9305K, capacity 9376K, committed 9472K, reserved 1056768K
  class space    used 1221K, capacity 1232K, committed 1280K, reserved 1048576K
}
Event: 1.235 GC heap before
{Heap before GC invocations=3 (full 0):
 PSYoungGen      total 18432K, used 18422K [0x000000066ab00000, 0x000000066cf00000, 0x00000007c0000000)
  eden space 15872K, 100% used [0x000000066ab00000,0x000000066ba80000,0x000000066ba80000)
  from space 2560K, 99% used [0x000000066cc80000,0x000000066cefda00,0x000000066cf00000)
  to   space 2560K, 0% used [0x000000066ba80000,0x000000066ba80000,0x000000066bd00000)
 ParOldGen       total 42496K, used 1590K [0x00000003c0000000, 0x00000003c2980000, 0x000000066ab00000)
  object space 42496K, 3% used [0x00000003c0000000,0x00000003c018dba0,0x00000003c2980000)
 Metaspace       used 11378K, capacity 11424K, committed 11648K, reserved 1058816K
  class space    used 1531K, capacity 1552K, committed 1664K, reserved 1048576K
Event: 1.238 GC heap after
Heap after GC invocations=3 (full 0):
 PSYoungGen      total 18432K, used 2547K [0x000000066ab00000, 0x000000066cf00000, 0x00000007c0000000)
  eden space 15872K, 0% used [0x000000066ab00000,0x000000066ab00000,0x000000066ba80000)
  from space 2560K, 99% used [0x000000066ba80000,0x000000066bcfcd90,0x000000066bd00000)
  to   space 2560K, 0% used [0x000000066cc80000,0x000000066cc80000,0x000000066cf00000)
 ParOldGen       total 42496K, used 2750K [0x00000003c0000000, 0x00000003c2980000, 0x000000066ab00000)
  object space 42496K, 6% used [0x00000003c0000000,0x00000003c02afb60,0x00000003c2980000)
 Metaspace       used 11378K, capacity 11424K, committed 11648K, reserved 1058816K
  class space    used 1531K, capacity 1552K, committed 1664K, reserved 1048576K
}
Event: 1.417 GC heap before
{Heap before GC invocations=4 (full 0):
 PSYoungGen      total 18432K, used 18419K [0x000000066ab00000, 0x000000066cf00000, 0x00000007c0000000)
  eden space 15872K, 100% used [0x000000066ab00000,0x000000066ba80000,0x000000066ba80000)
  from space 2560K, 99% used [0x000000066ba80000,0x000000066bcfcd90,0x000000066bd00000)
  to   space 2560K, 0% used [0x000000066cc80000,0x000000066cc80000,0x000000066cf00000)
 ParOldGen       total 42496K, used 2750K [0x00000003c0000000, 0x00000003c2980000, 0x000000066ab00000)
  object space 42496K, 6% used [0x00000003c0000000,0x00000003c02afb60,0x00000003c2980000)
 Metaspace       used 12951K, capacity 13056K, committed 13312K, reserved 1060864K
  class space    used 1728K, capacity 1776K, committed 1792K, reserved 1048576K
Event: 1.421 GC heap after
Heap after GC invocations=4 (full 0):
 PSYoungGen      total 34304K, used 2542K [0x000000066ab00000, 0x000000066cf00000, 0x00000007c0000000)
  eden space 31744K, 0% used [0x000000066ab00000,0x000000066ab00000,0x000000066ca00000)
  from space 2560K, 99% used [0x000000066cc80000,0x000000066cefba28,0x000000066cf00000)
  to   space 2560K, 0% used [0x000000066ca00000,0x000000066ca00000,0x000000066cc80000)
 ParOldGen       total 42496K, used 3774K [0x00000003c0000000, 0x00000003c2980000, 0x000000066ab00000)
  object space 42496K, 8% used [0x00000003c0000000,0x00000003c03af838,0x00000003c2980000)
 Metaspace       used 12951K, capacity 13056K, committed 13312K, reserved 1060864K
  class space    used 1728K, capacity 1776K, committed 1792K, reserved 1048576K
}
Event: 1.921 GC heap before
{Heap before GC invocations=5 (full 0):
 PSYoungGen      total 34304K, used 34286K [0x000000066ab00000, 0x000000066cf00000, 0x00000007c0000000)
  eden space 31744K, 100% used [0x000000066ab00000,0x000000066ca00000,0x000000066ca00000)
  from space 2560K, 99% used [0x000000066cc80000,0x000000066cefba28,0x000000066cf00000)
  to   space 2560K, 0% used [0x000000066ca00000,0x000000066ca00000,0x000000066cc80000)
 ParOldGen       total 42496K, used 3774K [0x00000003c0000000, 0x00000003c2980000, 0x000000066ab00000)
  object space 42496K, 8% used [0x00000003c0000000,0x00000003c03af838,0x00000003c2980000)
 Metaspace       used 15366K, capacity 15462K, committed 15616K, reserved 1062912K
  class space    used 1979K, capacity 2001K, committed 2048K, reserved 1048576K
Event: 1.932 GC heap after
Heap after GC invocations=5 (full 0):
 PSYoungGen      total 34304K, used 2558K [0x000000066ab00000, 0x000000066f300000, 0x00000007c0000000)
  eden space 31744K, 0% used [0x000000066ab00000,0x000000066ab00000,0x000000066ca00000)
  from space 2560K, 99% used [0x000000066ca00000,0x000000066cc7fa18,0x000000066cc80000)
  to   space 5120K, 0% used [0x000000066ee00000,0x000000066ee00000,0x000000066f300000)
 ParOldGen       total 42496K, used 6146K [0x00000003c0000000, 0x00000003c2980000, 0x000000066ab00000)
  object space 42496K, 14% used [0x00000003c0000000,0x00000003c0600980,0x00000003c2980000)
 Metaspace       used 15366K, capacity 15462K, committed 15616K, reserved 1062912K
  class space    used 1979K, capacity 2001K, committed 2048K, reserved 1048576K
}
Event: 2.227 GC heap before
{Heap before GC invocations=6 (full 0):
 PSYoungGen      total 34304K, used 34302K [0x000000066ab00000, 0x000000066f300000, 0x00000007c0000000)
  eden space 31744K, 100% used [0x000000066ab00000,0x000000066ca00000,0x000000066ca00000)
  from space 2560K, 99% used [0x000000066ca00000,0x000000066cc7fa18,0x000000066cc80000)
  to   space 5120K, 0% used [0x000000066ee00000,0x000000066ee00000,0x000000066f300000)
 ParOldGen       total 42496K, used 6146K [0x00000003c0000000, 0x00000003c2980000, 0x000000066ab00000)
  object space 42496K, 14% used [0x00000003c0000000,0x00000003c0600980,0x00000003c2980000)
 Metaspace       used 15707K, capacity 15800K, committed 16128K, reserved 1062912K
  class space    used 1982K, capacity 2004K, committed 2048K, reserved 1048576K
Event: 2.237 GC heap after
Heap after GC invocations=6 (full 0):
 PSYoungGen      total 68608K, used 3486K [0x000000066ab00000, 0x000000066f300000, 0x00000007c0000000)
  eden space 63488K, 0% used [0x000000066ab00000,0x000000066ab00000,0x000000066e900000)
  from space 5120K, 68% used [0x000000066ee00000,0x000000066f167a18,0x000000066f300000)
  to   space 5120K, 0% used [0x000000066e900000,0x000000066e900000,0x000000066ee00000)
 ParOldGen       total 42496K, used 6146K [0x00000003c0000000, 0x00000003c2980000, 0x000000066ab00000)
  object space 42496K, 14% used [0x00000003c0000000,0x00000003c0600980,0x00000003c2980000)
 Metaspace       used 15707K, capacity 15800K, committed 16128K, reserved 1062912K
  class space    used 1982K, capacity 2004K, committed 2048K, reserved 1048576K
}
Event: 2.758 GC heap before
{Heap before GC invocations=7 (full 0):
 PSYoungGen      total 68608K, used 66974K [0x000000066ab00000, 0x000000066f300000, 0x00000007c0000000)
  eden space 63488K, 100% used [0x000000066ab00000,0x000000066e900000,0x000000066e900000)
  from space 5120K, 68% used [0x000000066ee00000,0x000000066f167a18,0x000000066f300000)
  to   space 5120K, 0% used [0x000000066e900000,0x000000066e900000,0x000000066ee00000)
 ParOldGen       total 42496K, used 6146K [0x00000003c0000000, 0x00000003c2980000, 0x000000066ab00000)
  object space 42496K, 14% used [0x00000003c0000000,0x00000003c0600980,0x00000003c2980000)
 Metaspace       used 17017K, capacity 17112K, committed 17408K, reserved 1064960K
  class space    used 2187K, capacity 2228K, committed 2304K, reserved 1048576K
Event: 2.766 GC heap after
Heap after GC invocations=7 (full 0):
 PSYoungGen      total 68608K, used 4489K [0x000000066ab00000, 0x0000000673100000, 0x00000007c0000000)
  eden space 63488K, 0% used [0x000000066ab00000,0x000000066ab00000,0x000000066e900000)
  from space 5120K, 87% used [0x000000066e900000,0x000000066ed62628,0x000000066ee00000)
  to   space 5120K, 0% used [0x0000000672c00000,0x0000000672c00000,0x0000000673100000)
 ParOldGen       total 42496K, used 7183K [0x00000003c0000000, 0x00000003c2980000, 0x000000066ab00000)
  object space 42496K, 16% used [0x00000003c0000000,0x00000003c0703cb8,0x00000003c2980000)
 Metaspace       used 17017K, capacity 17112K, committed 17408K, reserved 1064960K
  class space    used 2187K, capacity 2228K, committed 2304K, reserved 1048576K
}
Event: 3.288 GC heap before
{Heap before GC invocations=8 (full 0):
 PSYoungGen      total 68608K, used 46387K [0x000000066ab00000, 0x0000000673100000, 0x00000007c0000000)
  eden space 63488K, 65% used [0x000000066ab00000,0x000000066d3ea7f0,0x000000066e900000)
  from space 5120K, 87% used [0x000000066e900000,0x000000066ed62628,0x000000066ee00000)
  to   space 5120K, 0% used [0x0000000672c00000,0x0000000672c00000,0x0000000673100000)
 ParOldGen       total 42496K, used 7183K [0x00000003c0000000, 0x00000003c2980000, 0x000000066ab00000)
  object space 42496K, 16% used [0x00000003c0000000,0x00000003c0703cb8,0x00000003c2980000)
 Metaspace       used 20899K, capacity 21080K, committed 21248K, reserved 1067008K
  class space    used 2665K, capacity 2760K, committed 2816K, reserved 1048576K
Event: 3.296 GC heap after
Heap after GC invocations=8 (full 0):
 PSYoungGen      total 131072K, used 5094K [0x000000066ab00000, 0x0000000673300000, 0x00000007c0000000)
  eden space 125952K, 0% used [0x000000066ab00000,0x000000066ab00000,0x0000000672600000)
  from space 5120K, 99% used [0x0000000672c00000,0x00000006730f9b40,0x0000000673100000)
  to   space 6144K, 0% used [0x0000000672600000,0x0000000672600000,0x0000000672c00000)
 ParOldGen       total 42496K, used 8245K [0x00000003c0000000, 0x00000003c2980000, 0x000000066ab00000)
  object space 42496K, 19% used [0x00000003c0000000,0x00000003c080d450,0x00000003c2980000)
 Metaspace       used 20899K, capacity 21080K, committed 21248K, reserved 1067008K
  class space    used 2665K, capacity 2760K, committed 2816K, reserved 1048576K
}
Event: 3.296 GC heap before
{Heap before GC invocations=9 (full 1):
 PSYoungGen      total 131072K, used 5094K [0x000000066ab00000, 0x0000000673300000, 0x00000007c0000000)
  eden space 125952K, 0% used [0x000000066ab00000,0x000000066ab00000,0x0000000672600000)
  from space 5120K, 99% used [0x0000000672c00000,0x00000006730f9b40,0x0000000673100000)
  to   space 6144K, 0% used [0x0000000672600000,0x0000000672600000,0x0000000672c00000)
 ParOldGen       total 42496K, used 8245K [0x00000003c0000000, 0x00000003c2980000, 0x000000066ab00000)
  object space 42496K, 19% used [0x00000003c0000000,0x00000003c080d450,0x00000003c2980000)
 Metaspace       used 20899K, capacity 21080K, committed 21248K, reserved 1067008K
  class space    used 2665K, capacity 2760K, committed 2816K, reserved 1048576K
Event: 3.327 GC heap after
Heap after GC invocations=9 (full 1):
 PSYoungGen      total 131072K, used 0K [0x000000066ab00000, 0x0000000673300000, 0x00000007c0000000)
  eden space 125952K, 0% used [0x000000066ab00000,0x000000066ab00000,0x0000000672600000)
  from space 5120K, 0% used [0x0000000672c00000,0x0000000672c00000,0x0000000673100000)
  to   space 6144K, 0% used [0x0000000672600000,0x0000000672600000,0x0000000672c00000)
 ParOldGen       total 30208K, used 6335K [0x00000003c0000000, 0x00000003c1d80000, 0x000000066ab00000)
  object space 30208K, 20% used [0x00000003c0000000,0x00000003c062ffd8,0x00000003c1d80000)
 Metaspace       used 20899K, capacity 21080K, committed 21248K, reserved 1067008K
  class space    used 2665K, capacity 2760K, committed 2816K, reserved 1048576K
}
Event: 4.966 GC heap before
{Heap before GC invocations=10 (full 1):
 PSYoungGen      total 131072K, used 125952K [0x000000066ab00000, 0x0000000673300000, 0x00000007c0000000)
  eden space 125952K, 100% used [0x000000066ab00000,0x0000000672600000,0x0000000672600000)
  from space 5120K, 0% used [0x0000000672c00000,0x0000000672c00000,0x0000000673100000)
  to   space 6144K, 0% used [0x0000000672600000,0x0000000672600000,0x0000000672c00000)
 ParOldGen       total 30208K, used 6335K [0x00000003c0000000, 0x00000003c1d80000, 0x000000066ab00000)
  object space 30208K, 20% used [0x00000003c0000000,0x00000003c062ffd8,0x00000003c1d80000)
 Metaspace       used 32379K, capacity 32594K, committed 33024K, reserved 1077248K
  class space    used 4223K, capacity 4309K, committed 4352K, reserved 1048576K
Event: 4.980 GC heap after
Heap after GC invocations=10 (full 1):
 PSYoungGen      total 132096K, used 6136K [0x000000066ab00000, 0x0000000676700000, 0x00000007c0000000)
  eden space 125952K, 0% used [0x000000066ab00000,0x000000066ab00000,0x0000000672600000)
  from space 6144K, 99% used [0x0000000672600000,0x0000000672bfe1b0,0x0000000672c00000)
  to   space 9216K, 0% used [0x0000000675e00000,0x0000000675e00000,0x0000000676700000)
 ParOldGen       total 30208K, used 12551K [0x00000003c0000000, 0x00000003c1d80000, 0x000000066ab00000)
  object space 30208K, 41% used [0x00000003c0000000,0x00000003c0c41f48,0x00000003c1d80000)
 Metaspace       used 32379K, capacity 32594K, committed 33024K, reserved 1077248K
  class space    used 4223K, capacity 4309K, committed 4352K, reserved 1048576K
}
Event: 7.991 GC heap before
{Heap before GC invocations=11 (full 1):
 PSYoungGen      total 132096K, used 64077K [0x000000066ab00000, 0x0000000676700000, 0x00000007c0000000)
  eden space 125952K, 46% used [0x000000066ab00000,0x000000066e395620,0x0000000672600000)
  from space 6144K, 99% used [0x0000000672600000,0x0000000672bfe1b0,0x0000000672c00000)
  to   space 9216K, 0% used [0x0000000675e00000,0x0000000675e00000,0x0000000676700000)
 ParOldGen       total 30208K, used 12551K [0x00000003c0000000, 0x00000003c1d80000, 0x000000066ab00000)
  object space 30208K, 41% used [0x00000003c0000000,0x00000003c0c41f48,0x00000003c1d80000)
 Metaspace       used 34892K, capacity 35122K, committed 35416K, reserved 1079296K
  class space    used 4569K, capacity 4661K, committed 4736K, reserved 1048576K
Event: 7.998 GC heap after
Heap after GC invocations=11 (full 1):
 PSYoungGen      total 175616K, used 5791K [0x000000066ab00000, 0x0000000676400000, 0x00000007c0000000)
  eden space 169472K, 0% used [0x000000066ab00000,0x000000066ab00000,0x0000000675080000)
  from space 6144K, 94% used [0x0000000675e00000,0x00000006763a7c78,0x0000000676400000)
  to   space 9216K, 0% used [0x0000000675200000,0x0000000675200000,0x0000000675b00000)
 ParOldGen       total 30208K, used 12559K [0x00000003c0000000, 0x00000003c1d80000, 0x000000066ab00000)
  object space 30208K, 41% used [0x00000003c0000000,0x00000003c0c43f48,0x00000003c1d80000)
 Metaspace       used 34892K, capacity 35122K, committed 35416K, reserved 1079296K
  class space    used 4569K, capacity 4661K, committed 4736K, reserved 1048576K
}
Event: 7.998 GC heap before
{Heap before GC invocations=12 (full 2):
 PSYoungGen      total 175616K, used 5791K [0x000000066ab00000, 0x0000000676400000, 0x00000007c0000000)
  eden space 169472K, 0% used [0x000000066ab00000,0x000000066ab00000,0x0000000675080000)
  from space 6144K, 94% used [0x0000000675e00000,0x00000006763a7c78,0x0000000676400000)
  to   space 9216K, 0% used [0x0000000675200000,0x0000000675200000,0x0000000675b00000)
 ParOldGen       total 30208K, used 12559K [0x00000003c0000000, 0x00000003c1d80000, 0x000000066ab00000)
  object space 30208K, 41% used [0x00000003c0000000,0x00000003c0c43f48,0x00000003c1d80000)
 Metaspace       used 34892K, capacity 35122K, committed 35416K, reserved 1079296K
  class space    used 4569K, capacity 4661K, committed 4736K, reserved 1048576K
Event: 8.038 GC heap after
Heap after GC invocations=12 (full 2):
 PSYoungGen      total 175616K, used 0K [0x000000066ab00000, 0x0000000676400000, 0x00000007c0000000)
  eden space 169472K, 0% used [0x000000066ab00000,0x000000066ab00000,0x0000000675080000)
  from space 6144K, 0% used [0x0000000675e00000,0x0000000675e00000,0x0000000676400000)
  to   space 9216K, 0% used [0x0000000675200000,0x0000000675200000,0x0000000675b00000)
 ParOldGen       total 44032K, used 9290K [0x00000003c0000000, 0x00000003c2b00000, 0x000000066ab00000)
  object space 44032K, 21% used [0x00000003c0000000,0x00000003c0912968,0x00000003c2b00000)
 Metaspace       used 34892K, capacity 35122K, committed 35416K, reserved 1079296K
  class space    used 4569K, capacity 4661K, committed 4736K, reserved 1048576K
}
Event: 10.104 GC heap before
{Heap before GC invocations=13 (full 2):
 PSYoungGen      total 175616K, used 169472K [0x000000066ab00000, 0x0000000676400000, 0x00000007c0000000)
  eden space 169472K, 100% used [0x000000066ab00000,0x0000000675080000,0x0000000675080000)
  from space 6144K, 0% used [0x0000000675e00000,0x0000000675e00000,0x0000000676400000)
  to   space 9216K, 0% used [0x0000000675200000,0x0000000675200000,0x0000000675b00000)
 ParOldGen       total 44032K, used 9290K [0x00000003c0000000, 0x00000003c2b00000, 0x000000066ab00000)
  object space 44032K, 21% used [0x00000003c0000000,0x00000003c0912968,0x00000003c2b00000)
 Metaspace       used 54433K, capacity 54670K, committed 55128K, reserved 1097728K
  class space    used 7621K, capacity 7685K, committed 7808K, reserved 1048576K
Event: 10.126 GC heap after
Heap after GC invocations=13 (full 2):
 PSYoungGen      total 180224K, used 9203K [0x000000066ab00000, 0x000000067a780000, 0x00000007c0000000)
  eden space 171008K, 0% used [0x000000066ab00000,0x000000066ab00000,0x0000000675200000)
  from space 9216K, 99% used [0x0000000675200000,0x0000000675afcd28,0x0000000675b00000)
  to   space 15360K, 0% used [0x0000000679880000,0x0000000679880000,0x000000067a780000)
 ParOldGen       total 44032K, used 23403K [0x00000003c0000000, 0x00000003c2b00000, 0x000000066ab00000)
  object space 44032K, 53% used [0x00000003c0000000,0x00000003c16dad88,0x00000003c2b00000)
 Metaspace       used 54433K, capacity 54670K, committed 55128K, reserved 1097728K
  class space    used 7621K, capacity 7685K, committed 7808K, reserved 1048576K
}
Event: 10.806 GC heap before
{Heap before GC invocations=14 (full 2):
 PSYoungGen      total 180224K, used 56895K [0x000000066ab00000, 0x000000067a780000, 0x00000007c0000000)
  eden space 171008K, 27% used [0x000000066ab00000,0x000000066d992f48,0x0000000675200000)
  from space 9216K, 99% used [0x0000000675200000,0x0000000675afcd28,0x0000000675b00000)
  to   space 15360K, 0% used [0x0000000679880000,0x0000000679880000,0x000000067a780000)
 ParOldGen       total 44032K, used 23403K [0x00000003c0000000, 0x00000003c2b00000, 0x000000066ab00000)
  object space 44032K, 53% used [0x00000003c0000000,0x00000003c16dad88,0x00000003c2b00000)
 Metaspace       used 58460K, capacity 58712K, committed 59028K, reserved 1099776K
  class space    used 8243K, capacity 8328K, committed 8380K, reserved 1048576K
Event: 10.821 GC heap after
Heap after GC invocations=14 (full 2):
 PSYoungGen      total 243712K, used 6936K [0x000000066ab00000, 0x000000067ad00000, 0x00000007c0000000)
  eden space 228352K, 0% used [0x000000066ab00000,0x000000066ab00000,0x0000000678a00000)
  from space 15360K, 45% used [0x0000000679880000,0x0000000679f462c8,0x000000067a780000)
  to   space 14848K, 0% used [0x0000000678a00000,0x0000000678a00000,0x0000000679880000)
 ParOldGen       total 44032K, used 28715K [0x00000003c0000000, 0x00000003c2b00000, 0x000000066ab00000)
  object space 44032K, 65% used [0x00000003c0000000,0x00000003c1c0ac28,0x00000003c2b00000)
 Metaspace       used 58460K, capacity 58712K, committed 59028K, reserved 1099776K
  class space    used 8243K, capacity 8328K, committed 8380K, reserved 1048576K
}
Event: 10.821 GC heap before
{Heap before GC invocations=15 (full 3):
 PSYoungGen      total 243712K, used 6936K [0x000000066ab00000, 0x000000067ad00000, 0x00000007c0000000)
  eden space 228352K, 0% used [0x000000066ab00000,0x000000066ab00000,0x0000000678a00000)
  from space 15360K, 45% used [0x0000000679880000,0x0000000679f462c8,0x000000067a780000)
  to   space 14848K, 0% used [0x0000000678a00000,0x0000000678a00000,0x0000000679880000)
 ParOldGen       total 44032K, used 28715K [0x00000003c0000000, 0x00000003c2b00000, 0x000000066ab00000)
  object space 44032K, 65% used [0x00000003c0000000,0x00000003c1c0ac28,0x00000003c2b00000)
 Metaspace       used 58460K, capacity 58712K, committed 59028K, reserved 1099776K
  class space    used 8243K, capacity 8328K, committed 8380K, reserved 1048576K
Event: 10.905 GC heap after
Heap after GC invocations=15 (full 3):
 PSYoungGen      total 243712K, used 0K [0x000000066ab00000, 0x000000067ad00000, 0x00000007c0000000)
  eden space 228352K, 0% used [0x000000066ab00000,0x000000066ab00000,0x0000000678a00000)
  from space 15360K, 0% used [0x0000000679880000,0x0000000679880000,0x000000067a780000)
  to   space 14848K, 0% used [0x0000000678a00000,0x0000000678a00000,0x0000000679880000)
 ParOldGen       total 68096K, used 18366K [0x00000003c0000000, 0x00000003c4280000, 0x000000066ab00000)
  object space 68096K, 26% used [0x00000003c0000000,0x00000003c11efb18,0x00000003c4280000)
 Metaspace       used 58460K, capacity 58712K, committed 59028K, reserved 1099776K
  class space    used 8243K, capacity 8328K, committed 8380K, reserved 1048576K
}
Event: 17.322 GC heap before
{Heap before GC invocations=16 (full 3):
 PSYoungGen      total 243712K, used 228352K [0x000000066ab00000, 0x000000067ad00000, 0x00000007c0000000)
  eden space 228352K, 100% used [0x000000066ab00000,0x0000000678a00000,0x0000000678a00000)
  from space 15360K, 0% used [0x0000000679880000,0x0000000679880000,0x000000067a780000)
  to   space 14848K, 0% used [0x0000000678a00000,0x0000000678a00000,0x0000000679880000)
 ParOldGen       total 68096K, used 18366K [0x00000003c0000000, 0x00000003c4280000, 0x000000066ab00000)
  object space 68096K, 26% used [0x00000003c0000000,0x00000003c11efb18,0x00000003c4280000)
 Metaspace       used 71341K, capacity 71880K, committed 72084K, reserved 1112064K
  class space    used 10187K, capacity 10335K, committed 10428K, reserved 1048576K
Event: 17.348 GC heap after
Heap after GC invocations=16 (full 3):
 PSYoungGen      total 243200K, used 13583K [0x000000066ab00000, 0x000000067e300000, 0x00000007c0000000)
  eden space 228352K, 0% used [0x000000066ab00000,0x000000066ab00000,0x0000000678a00000)
  from space 14848K, 91% used [0x0000000678a00000,0x0000000679743c90,0x0000000679880000)
  to   space 16384K, 0% used [0x000000067d300000,0x000000067d300000,0x000000067e300000)
 ParOldGen       total 68096K, used 51142K [0x00000003c0000000, 0x00000003c4280000, 0x000000066ab00000)
  object space 68096K, 75% used [0x00000003c0000000,0x00000003c31f1b38,0x00000003c4280000)
 Metaspace       used 71341K, capacity 71880K, committed 72084K, reserved 1112064K
  class space    used 10187K, capacity 10335K, committed 10428K, reserved 1048576K
}
Event: 17.348 GC heap before
{Heap before GC invocations=17 (full 4):
 PSYoungGen      total 243200K, used 13583K [0x000000066ab00000, 0x000000067e300000, 0x00000007c0000000)
  eden space 228352K, 0% used [0x000000066ab00000,0x000000066ab00000,0x0000000678a00000)
  from space 14848K, 91% used [0x0000000678a00000,0x0000000679743c90,0x0000000679880000)
  to   space 16384K, 0% used [0x000000067d300000,0x000000067d300000,0x000000067e300000)
 ParOldGen       total 68096K, used 51142K [0x00000003c0000000, 0x00000003c4280000, 0x000000066ab00000)
  object space 68096K, 75% used [0x00000003c0000000,0x00000003c31f1b38,0x00000003c4280000)
 Metaspace       used 71341K, capacity 71880K, committed 72084K, reserved 1112064K
  class space    used 10187K, capacity 10335K, committed 10428K, reserved 1048576K
Event: 17.427 GC heap after
Heap after GC invocations=17 (full 4):
 PSYoungGen      total 243200K, used 0K [0x000000066ab00000, 0x000000067e300000, 0x00000007c0000000)
  eden space 228352K, 0% used [0x000000066ab00000,0x000000066ab00000,0x0000000678a00000)
  from space 14848K, 0% used [0x0000000678a00000,0x0000000678a00000,0x0000000679880000)
  to   space 16384K, 0% used [0x000000067d300000,0x000000067d300000,0x000000067e300000)
 ParOldGen       total 135168K, used 60436K [0x00000003c0000000, 0x00000003c8400000, 0x000000066ab00000)
  object space 135168K, 44% used [0x00000003c0000000,0x00000003c3b05000,0x00000003c8400000)
 Metaspace       used 71337K, capacity 71874K, committed 72084K, reserved 1112064K
  class space    used 10186K, capacity 10334K, committed 10428K, reserved 1048576K
}
Event: 20.678 GC heap before
{Heap before GC invocations=18 (full 4):
 PSYoungGen      total 243200K, used 224281K [0x000000066ab00000, 0x000000067e300000, 0x00000007c0000000)
  eden space 228352K, 98% used [0x000000066ab00000,0x00000006786067e8,0x0000000678a00000)
  from space 14848K, 0% used [0x0000000678a00000,0x0000000678a00000,0x0000000679880000)
  to   space 16384K, 0% used [0x000000067d300000,0x000000067d300000,0x000000067e300000)
 ParOldGen       total 135168K, used 60436K [0x00000003c0000000, 0x00000003c8400000, 0x000000066ab00000)
  object space 135168K, 44% used [0x00000003c0000000,0x00000003c3b05000,0x00000003c8400000)
 Metaspace       used 79687K, capacity 80350K, committed 80404K, reserved 1118208K
  class space    used 11402K, capacity 11574K, committed 11580K, reserved 1048576K
Event: 20.700 GC heap after
Heap after GC invocations=18 (full 4):
 PSYoungGen      total 300032K, used 11139K [0x000000066ab00000, 0x000000067e200000, 0x00000007c0000000)
  eden space 284672K, 0% used [0x000000066ab00000,0x000000066ab00000,0x000000067c100000)
  from space 15360K, 72% used [0x000000067d300000,0x000000067dde0c68,0x000000067e200000)
  to   space 16896K, 0% used [0x000000067c100000,0x000000067c100000,0x000000067d180000)
 ParOldGen       total 135168K, used 75146K [0x00000003c0000000, 0x00000003c8400000, 0x000000066ab00000)
  object space 135168K, 55% used [0x00000003c0000000,0x00000003c4962830,0x00000003c8400000)
 Metaspace       used 79687K, capacity 80350K, committed 80404K, reserved 1118208K
  class space    used 11402K, capacity 11574K, committed 11580K, reserved 1048576K
}
Event: 21.760 GC heap before
{Heap before GC invocations=19 (full 4):
 PSYoungGen      total 300032K, used 295811K [0x000000066ab00000, 0x000000067e200000, 0x00000007c0000000)
  eden space 284672K, 100% used [0x000000066ab00000,0x000000067c100000,0x000000067c100000)
  from space 15360K, 72% used [0x000000067d300000,0x000000067dde0c68,0x000000067e200000)
  to   space 16896K, 0% used [0x000000067c100000,0x000000067c100000,0x000000067d180000)
 ParOldGen       total 135168K, used 75146K [0x00000003c0000000, 0x00000003c8400000, 0x000000066ab00000)
  object space 135168K, 55% used [0x00000003c0000000,0x00000003c4962830,0x00000003c8400000)
 Metaspace       used 81015K, capacity 81846K, committed 81940K, reserved 1120256K
  class space    used 11576K, capacity 11788K, committed 11836K, reserved 1048576K
Event: 21.768 GC heap after
Heap after GC invocations=19 (full 4):
 PSYoungGen      total 301568K, used 4881K [0x000000066ab00000, 0x0000000682300000, 0x00000007c0000000)
  eden space 284672K, 0% used [0x000000066ab00000,0x000000066ab00000,0x000000067c100000)
  from space 16896K, 28% used [0x000000067c100000,0x000000067c5c4780,0x000000067d180000)
  to   space 16384K, 0% used [0x0000000681300000,0x0000000681300000,0x0000000682300000)
 ParOldGen       total 135168K, used 75154K [0x00000003c0000000, 0x00000003c8400000, 0x000000066ab00000)
  object space 135168K, 55% used [0x00000003c0000000,0x00000003c4964830,0x00000003c8400000)
 Metaspace       used 81015K, capacity 81846K, committed 81940K, reserved 1120256K
  class space    used 11576K, capacity 11788K, committed 11836K, reserved 1048576K
}
Event: 23.445 GC heap before
{Heap before GC invocations=20 (full 4):
 PSYoungGen      total 301568K, used 289553K [0x000000066ab00000, 0x0000000682300000, 0x00000007c0000000)
  eden space 284672K, 100% used [0x000000066ab00000,0x000000067c100000,0x000000067c100000)
  from space 16896K, 28% used [0x000000067c100000,0x000000067c5c4780,0x000000067d180000)
  to   space 16384K, 0% used [0x0000000681300000,0x0000000681300000,0x0000000682300000)
 ParOldGen       total 135168K, used 75154K [0x00000003c0000000, 0x00000003c8400000, 0x000000066ab00000)
  object space 135168K, 55% used [0x00000003c0000000,0x00000003c4964830,0x00000003c8400000)
 Metaspace       used 85158K, capacity 86104K, committed 86292K, reserved 1124352K
  class space    used 12104K, capacity 12344K, committed 12348K, reserved 1048576K
Event: 23.506 GC heap after
Heap after GC invocations=20 (full 4):
 PSYoungGen      total 368128K, used 11505K [0x000000066ab00000, 0x0000000683900000, 0x00000007c0000000)
  eden space 351744K, 0% used [0x000000066ab00000,0x000000066ab00000,0x0000000680280000)
  from space 16384K, 70% used [0x0000000681300000,0x0000000681e3c748,0x0000000682300000)
  to   space 16896K, 0% used [0x0000000680280000,0x0000000680280000,0x0000000681300000)
 ParOldGen       total 183808K, used 171082K [0x00000003c0000000, 0x00000003cb380000, 0x000000066ab00000)
  object space 183808K, 93% used [0x00000003c0000000,0x00000003ca7129f0,0x00000003cb380000)
 Metaspace       used 85158K, capacity 86104K, committed 86292K, reserved 1124352K
  class space    used 12104K, capacity 12344K, committed 12348K, reserved 1048576K
}
Event: 23.506 GC heap before
{Heap before GC invocations=21 (full 5):
 PSYoungGen      total 368128K, used 11505K [0x000000066ab00000, 0x0000000683900000, 0x00000007c0000000)
  eden space 351744K, 0% used [0x000000066ab00000,0x000000066ab00000,0x0000000680280000)
  from space 16384K, 70% used [0x0000000681300000,0x0000000681e3c748,0x0000000682300000)
  to   space 16896K, 0% used [0x0000000680280000,0x0000000680280000,0x0000000681300000)
 ParOldGen       total 183808K, used 171082K [0x00000003c0000000, 0x00000003cb380000, 0x000000066ab00000)
  object space 183808K, 93% used [0x00000003c0000000,0x00000003ca7129f0,0x00000003cb380000)
 Metaspace       used 85158K, capacity 86104K, committed 86292K, reserved 1124352K
  class space    used 12104K, capacity 12344K, committed 12348K, reserved 1048576K
Event: 23.616 GC heap after
Heap after GC invocations=21 (full 5):
 PSYoungGen      total 368128K, used 0K [0x000000066ab00000, 0x0000000683900000, 0x00000007c0000000)
  eden space 351744K, 0% used [0x000000066ab00000,0x000000066ab00000,0x0000000680280000)
  from space 16384K, 0% used [0x0000000681300000,0x0000000681300000,0x0000000682300000)
  to   space 16896K, 0% used [0x0000000680280000,0x0000000680280000,0x0000000681300000)
 ParOldGen       total 242688K, used 123178K [0x00000003c0000000, 0x00000003ced00000, 0x000000066ab00000)
  object space 242688K, 50% used [0x00000003c0000000,0x00000003c784ab20,0x00000003ced00000)
 Metaspace       used 85139K, capacity 86074K, committed 86292K, reserved 1124352K
  class space    used 12101K, capacity 12339K, committed 12348K, reserved 1048576K
}
Event: 24.963 GC heap before
{Heap before GC invocations=22 (full 5):
 PSYoungGen      total 368128K, used 351744K [0x000000066ab00000, 0x0000000683900000, 0x00000007c0000000)
  eden space 351744K, 100% used [0x000000066ab00000,0x0000000680280000,0x0000000680280000)
  from space 16384K, 0% used [0x0000000681300000,0x0000000681300000,0x0000000682300000)
  to   space 16896K, 0% used [0x0000000680280000,0x0000000680280000,0x0000000681300000)
 ParOldGen       total 242688K, used 123178K [0x00000003c0000000, 0x00000003ced00000, 0x000000066ab00000)
  object space 242688K, 50% used [0x00000003c0000000,0x00000003c784ab20,0x00000003ced00000)
 Metaspace       used 86366K, capacity 87316K, committed 87572K, reserved 1124352K
  class space    used 12249K, capacity 12504K, committed 12604K, reserved 1048576K
Event: 24.983 GC heap after
Heap after GC invocations=22 (full 5):
 PSYoungGen      total 368640K, used 16051K [0x000000066ab00000, 0x0000000686c80000, 0x00000007c0000000)
  eden space 351744K, 0% used [0x000000066ab00000,0x000000066ab00000,0x0000000680280000)
  from space 16896K, 95% used [0x0000000680280000,0x000000068122ce40,0x0000000681300000)
  to   space 18944K, 0% used [0x0000000685a00000,0x0000000685a00000,0x0000000686c80000)
 ParOldGen       total 242688K, used 184018K [0x00000003c0000000, 0x00000003ced00000, 0x000000066ab00000)
  object space 242688K, 75% used [0x00000003c0000000,0x00000003cb3b4ae0,0x00000003ced00000)
 Metaspace       used 86366K, capacity 87316K, committed 87572K, reserved 1124352K
  class space    used 12249K, capacity 12504K, committed 12604K, reserved 1048576K
}
Event: 24.983 GC heap before
{Heap before GC invocations=23 (full 6):
 PSYoungGen      total 368640K, used 16051K [0x000000066ab00000, 0x0000000686c80000, 0x00000007c0000000)
  eden space 351744K, 0% used [0x000000066ab00000,0x000000066ab00000,0x0000000680280000)
  from space 16896K, 95% used [0x0000000680280000,0x000000068122ce40,0x0000000681300000)
  to   space 18944K, 0% used [0x0000000685a00000,0x0000000685a00000,0x0000000686c80000)
 ParOldGen       total 242688K, used 184018K [0x00000003c0000000, 0x00000003ced00000, 0x000000066ab00000)
  object space 242688K, 75% used [0x00000003c0000000,0x00000003cb3b4ae0,0x00000003ced00000)
 Metaspace       used 86366K, capacity 87316K, committed 87572K, reserved 1124352K
  class space    used 12249K, capacity 12504K, committed 12604K, reserved 1048576K
Event: 25.087 GC heap after
Heap after GC invocations=23 (full 6):
 PSYoungGen      total 368640K, used 0K [0x000000066ab00000, 0x0000000686c80000, 0x00000007c0000000)
  eden space 351744K, 0% used [0x000000066ab00000,0x000000066ab00000,0x0000000680280000)
  from space 16896K, 0% used [0x0000000680280000,0x0000000680280000,0x0000000681300000)
  to   space 18944K, 0% used [0x0000000685a00000,0x0000000685a00000,0x0000000686c80000)
 ParOldGen       total 272384K, used 121655K [0x00000003c0000000, 0x00000003d0a00000, 0x000000066ab00000)
  object space 272384K, 44% used [0x00000003c0000000,0x00000003c76cdc68,0x00000003d0a00000)
 Metaspace       used 86366K, capacity 87316K, committed 87572K, reserved 1124352K
  class space    used 12249K, capacity 12504K, committed 12604K, reserved 1048576K
}
Event: 25.718 GC heap before
{Heap before GC invocations=24 (full 6):
 PSYoungGen      total 368640K, used 351744K [0x000000066ab00000, 0x0000000686c80000, 0x00000007c0000000)
  eden space 351744K, 100% used [0x000000066ab00000,0x0000000680280000,0x0000000680280000)
  from space 16896K, 0% used [0x0000000680280000,0x0000000680280000,0x0000000681300000)
  to   space 18944K, 0% used [0x0000000685a00000,0x0000000685a00000,0x0000000686c80000)
 ParOldGen       total 272384K, used 121655K [0x00000003c0000000, 0x00000003d0a00000, 0x000000066ab00000)
  object space 272384K, 44% used [0x00000003c0000000,0x00000003c76cdc68,0x00000003d0a00000)
 Metaspace       used 86387K, capacity 87380K, committed 87572K, reserved 1124352K
  class space    used 12249K, capacity 12504K, committed 12604K, reserved 1048576K
Event: 25.724 GC heap after
Heap after GC invocations=24 (full 6):
 PSYoungGen      total 397312K, used 665K [0x000000066ab00000, 0x0000000685b00000, 0x00000007c0000000)
  eden space 396288K, 0% used [0x000000066ab00000,0x000000066ab00000,0x0000000682e00000)
  from space 1024K, 65% used [0x0000000685a00000,0x0000000685aa6750,0x0000000685b00000)
  to   space 19456K, 0% used [0x0000000683500000,0x0000000683500000,0x0000000684800000)
 ParOldGen       total 272384K, used 121655K [0x00000003c0000000, 0x00000003d0a00000, 0x000000066ab00000)
  object space 272384K, 44% used [0x00000003c0000000,0x00000003c76cdc68,0x00000003d0a00000)
 Metaspace       used 86387K, capacity 87380K, committed 87572K, reserved 1124352K
  class space    used 12249K, capacity 12504K, committed 12604K, reserved 1048576K
}
Event: 26.227 GC heap before
{Heap before GC invocations=25 (full 6):
 PSYoungGen      total 397312K, used 396953K [0x000000066ab00000, 0x0000000685b00000, 0x00000007c0000000)
  eden space 396288K, 100% used [0x000000066ab00000,0x0000000682e00000,0x0000000682e00000)
  from space 1024K, 65% used [0x0000000685a00000,0x0000000685aa6750,0x0000000685b00000)
  to   space 19456K, 0% used [0x0000000683500000,0x0000000683500000,0x0000000684800000)
 ParOldGen       total 272384K, used 121655K [0x00000003c0000000, 0x00000003d0a00000, 0x000000066ab00000)
  object space 272384K, 44% used [0x00000003c0000000,0x00000003c76cdc68,0x00000003d0a00000)
 Metaspace       used 86409K, capacity 87448K, committed 87572K, reserved 1124352K
  class space    used 12249K, capacity 12504K, committed 12604K, reserved 1048576K
Event: 26.230 GC heap after
Heap after GC invocations=25 (full 6):
 PSYoungGen      total 422912K, used 1049K [0x000000066ab00000, 0x0000000688100000, 0x00000007c0000000)
  eden space 403456K, 0% used [0x000000066ab00000,0x000000066ab00000,0x0000000683500000)
  from space 19456K, 5% used [0x0000000683500000,0x0000000683606750,0x0000000684800000)
  to   space 19456K, 0% used [0x0000000686e00000,0x0000000686e00000,0x0000000688100000)
 ParOldGen       total 272384K, used 121655K [0x00000003c0000000, 0x00000003d0a00000, 0x000000066ab00000)
  object space 272384K, 44% used [0x00000003c0000000,0x00000003c76cdc68,0x00000003d0a00000)
 Metaspace       used 86409K, capacity 87448K, committed 87572K, reserved 1124352K
  class space    used 12249K, capacity 12504K, committed 12604K, reserved 1048576K
}
Event: 26.692 GC heap before
{Heap before GC invocations=26 (full 6):
 PSYoungGen      total 422912K, used 404505K [0x000000066ab00000, 0x0000000688100000, 0x00000007c0000000)
  eden space 403456K, 100% used [0x000000066ab00000,0x0000000683500000,0x0000000683500000)
  from space 19456K, 5% used [0x0000000683500000,0x0000000683606750,0x0000000684800000)
  to   space 19456K, 0% used [0x0000000686e00000,0x0000000686e00000,0x0000000688100000)
 ParOldGen       total 272384K, used 121655K [0x00000003c0000000, 0x00000003d0a00000, 0x000000066ab00000)
  object space 272384K, 44% used [0x00000003c0000000,0x00000003c76cdc68,0x00000003d0a00000)
 Metaspace       used 86413K, capacity 87448K, committed 87572K, reserved 1124352K
  class space    used 12249K, capacity 12504K, committed 12604K, reserved 1048576K
Event: 26.702 GC heap after
Heap after GC invocations=26 (full 6):
 PSYoungGen      total 461824K, used 1177K [0x000000066ab00000, 0x0000000688e00000, 0x00000007c0000000)
  eden space 442368K, 0% used [0x000000066ab00000,0x000000066ab00000,0x0000000685b00000)
  from space 19456K, 6% used [0x0000000686e00000,0x0000000686f26750,0x0000000688100000)
  to   space 19456K, 0% used [0x0000000685b00000,0x0000000685b00000,0x0000000686e00000)
 ParOldGen       total 272384K, used 121663K [0x00000003c0000000, 0x00000003d0a00000, 0x000000066ab00000)
  object space 272384K, 44% used [0x00000003c0000000,0x00000003c76cfc68,0x00000003d0a00000)
 Metaspace       used 86413K, capacity 87448K, committed 87572K, reserved 1124352K
  class space    used 12249K, capacity 12504K, committed 12604K, reserved 1048576K
}
Event: 27.239 GC heap before
{Heap before GC invocations=27 (full 6):
 PSYoungGen      total 461824K, used 443545K [0x000000066ab00000, 0x0000000688e00000, 0x00000007c0000000)
  eden space 442368K, 100% used [0x000000066ab00000,0x0000000685b00000,0x0000000685b00000)
  from space 19456K, 6% used [0x0000000686e00000,0x0000000686f26750,0x0000000688100000)
  to   space 19456K, 0% used [0x0000000685b00000,0x0000000685b00000,0x0000000686e00000)
 ParOldGen       total 272384K, used 121663K [0x00000003c0000000, 0x00000003d0a00000, 0x000000066ab00000)
  object space 272384K, 44% used [0x00000003c0000000,0x00000003c76cfc68,0x00000003d0a00000)
 Metaspace       used 86426K, capacity 87448K, committed 87572K, reserved 1124352K
  class space    used 12249K, capacity 12504K, committed 12604K, reserved 1048576K
Event: 27.243 GC heap after
Heap after GC invocations=27 (full 6):
 PSYoungGen      total 461824K, used 1113K [0x000000066ab00000, 0x000000068b280000, 0x00000007c0000000)
  eden space 442368K, 0% used [0x000000066ab00000,0x000000066ab00000,0x0000000685b00000)
  from space 19456K, 5% used [0x0000000685b00000,0x0000000685c16750,0x0000000686e00000)
  to   space 18944K, 0% used [0x000000068a000000,0x000000068a000000,0x000000068b280000)
 ParOldGen       total 272384K, used 121663K [0x00000003c0000000, 0x00000003d0a00000, 0x000000066ab00000)
  object space 272384K, 44% used [0x00000003c0000000,0x00000003c76cfc68,0x00000003d0a00000)
 Metaspace       used 86426K, capacity 87448K, committed 87572K, reserved 1124352K
  class space    used 12249K, capacity 12504K, committed 12604K, reserved 1048576K
}
Event: 27.655 GC heap before
{Heap before GC invocations=28 (full 6):
 PSYoungGen      total 461824K, used 443481K [0x000000066ab00000, 0x000000068b280000, 0x00000007c0000000)
  eden space 442368K, 100% used [0x000000066ab00000,0x0000000685b00000,0x0000000685b00000)
  from space 19456K, 5% used [0x0000000685b00000,0x0000000685c16750,0x0000000686e00000)
  to   space 18944K, 0% used [0x000000068a000000,0x000000068a000000,0x000000068b280000)
 ParOldGen       total 272384K, used 121663K [0x00000003c0000000, 0x00000003d0a00000, 0x000000066ab00000)
  object space 272384K, 44% used [0x00000003c0000000,0x00000003c76cfc68,0x00000003d0a00000)
 Metaspace       used 86442K, capacity 87512K, committed 87828K, reserved 1124352K
  class space    used 12249K, capacity 12504K, committed 12604K, reserved 1048576K
Event: 27.659 GC heap after
Heap after GC invocations=28 (full 6):
 PSYoungGen      total 507904K, used 1369K [0x000000066ab00000, 0x000000068af80000, 0x00000007c0000000)
  eden space 492032K, 0% used [0x000000066ab00000,0x000000066ab00000,0x0000000688b80000)
  from space 15872K, 8% used [0x000000068a000000,0x000000068a156750,0x000000068af80000)
  to   space 18432K, 0% used [0x0000000688b80000,0x0000000688b80000,0x0000000689d80000)
 ParOldGen       total 272384K, used 121663K [0x00000003c0000000, 0x00000003d0a00000, 0x000000066ab00000)
  object space 272384K, 44% used [0x00000003c0000000,0x00000003c76cfc68,0x00000003d0a00000)
 Metaspace       used 86442K, capacity 87512K, committed 87828K, reserved 1124352K
  class space    used 12249K, capacity 12504K, committed 12604K, reserved 1048576K
}
Event: 28.122 GC heap before
{Heap before GC invocations=29 (full 6):
 PSYoungGen      total 507904K, used 493401K [0x000000066ab00000, 0x000000068af80000, 0x00000007c0000000)
  eden space 492032K, 100% used [0x000000066ab00000,0x0000000688b80000,0x0000000688b80000)
  from space 15872K, 8% used [0x000000068a000000,0x000000068a156750,0x000000068af80000)
  to   space 18432K, 0% used [0x0000000688b80000,0x0000000688b80000,0x0000000689d80000)
 ParOldGen       total 272384K, used 121663K [0x00000003c0000000, 0x00000003d0a00000, 0x000000066ab00000)
  object space 272384K, 44% used [0x00000003c0000000,0x00000003c76cfc68,0x00000003d0a00000)
 Metaspace       used 86448K, capacity 87512K, committed 87828K, reserved 1124352K
  class space    used 12249K, capacity 12504K, committed 12604K, reserved 1048576K
Event: 28.129 GC heap after
Heap after GC invocations=29 (full 6):
 PSYoungGen      total 510464K, used 1657K [0x000000066ab00000, 0x000000068e780000, 0x00000007c0000000)
  eden space 492032K, 0% used [0x000000066ab00000,0x000000066ab00000,0x0000000688b80000)
  from space 18432K, 8% used [0x0000000688b80000,0x0000000688d1e750,0x0000000689d80000)
  to   space 17920K, 0% used [0x000000068d600000,0x000000068d600000,0x000000068e780000)
 ParOldGen       total 272384K, used 121671K [0x00000003c0000000, 0x00000003d0a00000, 0x000000066ab00000)
  object space 272384K, 44% used [0x00000003c0000000,0x00000003c76d1c68,0x00000003d0a00000)
 Metaspace       used 86448K, capacity 87512K, committed 87828K, reserved 1124352K
  class space    used 12249K, capacity 12504K, committed 12604K, reserved 1048576K
}
Event: 28.542 GC heap before
{Heap before GC invocations=30 (full 6):
 PSYoungGen      total 510464K, used 493689K [0x000000066ab00000, 0x000000068e780000, 0x00000007c0000000)
  eden space 492032K, 100% used [0x000000066ab00000,0x0000000688b80000,0x0000000688b80000)
  from space 18432K, 8% used [0x0000000688b80000,0x0000000688d1e750,0x0000000689d80000)
  to   space 17920K, 0% used [0x000000068d600000,0x000000068d600000,0x000000068e780000)
 ParOldGen       total 272384K, used 121671K [0x00000003c0000000, 0x00000003d0a00000, 0x000000066ab00000)
  object space 272384K, 44% used [0x00000003c0000000,0x00000003c76d1c68,0x00000003d0a00000)
 Metaspace       used 86452K, capacity 87512K, committed 87828K, reserved 1124352K
  class space    used 12249K, capacity 12504K, committed 12604K, reserved 1048576K
Event: 28.547 GC heap after
Heap after GC invocations=30 (full 6):
 PSYoungGen      total 567296K, used 2409K [0x000000066ab00000, 0x000000068e680000, 0x00000007c0000000)
  eden space 550400K, 0% used [0x000000066ab00000,0x000000066ab00000,0x000000068c480000)
  from space 16896K, 14% used [0x000000068d600000,0x000000068d85a760,0x000000068e680000)
  to   space 17408K, 0% used [0x000000068c480000,0x000000068c480000,0x000000068d580000)
 ParOldGen       total 272384K, used 121671K [0x00000003c0000000, 0x00000003d0a00000, 0x000000066ab00000)
  object space 272384K, 44% used [0x00000003c0000000,0x00000003c76d1c68,0x00000003d0a00000)
 Metaspace       used 86452K, capacity 87512K, committed 87828K, reserved 1124352K
  class space    used 12249K, capacity 12504K, committed 12604K, reserved 1048576K
}
Event: 29.034 GC heap before
{Heap before GC invocations=31 (full 6):
 PSYoungGen      total 567296K, used 552809K [0x000000066ab00000, 0x000000068e680000, 0x00000007c0000000)
  eden space 550400K, 100% used [0x000000066ab00000,0x000000068c480000,0x000000068c480000)
  from space 16896K, 14% used [0x000000068d600000,0x000000068d85a760,0x000000068e680000)
  to   space 17408K, 0% used [0x000000068c480000,0x000000068c480000,0x000000068d580000)
 ParOldGen       total 272384K, used 121671K [0x00000003c0000000, 0x00000003d0a00000, 0x000000066ab00000)
  object space 272384K, 44% used [0x00000003c0000000,0x00000003c76d1c68,0x00000003d0a00000)
 Metaspace       used 86452K, capacity 87512K, committed 87828K, reserved 1124352K
  class space    used 12249K, capacity 12504K, committed 12604K, reserved 1048576K
Event: 29.039 GC heap after
Heap after GC invocations=31 (full 6):
 PSYoungGen      total 567808K, used 2131K [0x000000066ab00000, 0x0000000691280000, 0x00000007c0000000)
  eden space 550400K, 0% used [0x000000066ab00000,0x000000066ab00000,0x000000068c480000)
  from space 17408K, 12% used [0x000000068c480000,0x000000068c694ea0,0x000000068d580000)
  to   space 16384K, 0% used [0x0000000690280000,0x0000000690280000,0x0000000691280000)
 ParOldGen       total 272384K, used 121671K [0x00000003c0000000, 0x00000003d0a00000, 0x000000066ab00000)
  object space 272384K, 44% used [0x00000003c0000000,0x00000003c76d1c68,0x00000003d0a00000)
 Metaspace       used 86452K, capacity 87512K, committed 87828K, reserved 1124352K
  class space    used 12249K, capacity 12504K, committed 12604K, reserved 1048576K
}
Event: 29.498 GC heap before
{Heap before GC invocations=32 (full 6):
 PSYoungGen      total 567808K, used 552531K [0x000000066ab00000, 0x0000000691280000, 0x00000007c0000000)
  eden space 550400K, 100% used [0x000000066ab00000,0x000000068c480000,0x000000068c480000)
  from space 17408K, 12% used [0x000000068c480000,0x000000068c694ea0,0x000000068d580000)
  to   space 16384K, 0% used [0x0000000690280000,0x0000000690280000,0x0000000691280000)
 ParOldGen       total 272384K, used 121671K [0x00000003c0000000, 0x00000003d0a00000, 0x000000066ab00000)
  object space 272384K, 44% used [0x00000003c0000000,0x00000003c76d1c68,0x00000003d0a00000)
 Metaspace       used 86473K, capacity 87512K, committed 87828K, reserved 1124352K
  class space    used 12249K, capacity 12504K, committed 12604K, reserved 1048576K
Event: 29.503 GC heap after
Heap after GC invocations=32 (full 6):
 PSYoungGen      total 611840K, used 2323K [0x000000066ab00000, 0x0000000691100000, 0x00000007c0000000)
  eden space 596992K, 0% used [0x000000066ab00000,0x000000066ab00000,0x000000068f200000)
  from space 14848K, 15% used [0x0000000690280000,0x00000006904c4ea0,0x0000000691100000)
  to   space 15872K, 0% used [0x000000068f200000,0x000000068f200000,0x0000000690180000)
 ParOldGen       total 272384K, used 121671K [0x00000003c0000000, 0x00000003d0a00000, 0x000000066ab00000)
  object space 272384K, 44% used [0x00000003c0000000,0x00000003c76d1c68,0x00000003d0a00000)
 Metaspace       used 86473K, capacity 87512K, committed 87828K, reserved 1124352K
  class space    used 12249K, capacity 12504K, committed 12604K, reserved 1048576K
}
Event: 30.009 GC heap before
{Heap before GC invocations=33 (full 6):
 PSYoungGen      total 611840K, used 599315K [0x000000066ab00000, 0x0000000691100000, 0x00000007c0000000)
  eden space 596992K, 100% used [0x000000066ab00000,0x000000068f200000,0x000000068f200000)
  from space 14848K, 15% used [0x0000000690280000,0x00000006904c4ea0,0x0000000691100000)
  to   space 15872K, 0% used [0x000000068f200000,0x000000068f200000,0x0000000690180000)
 ParOldGen       total 272384K, used 121671K [0x00000003c0000000, 0x00000003d0a00000, 0x000000066ab00000)
  object space 272384K, 44% used [0x00000003c0000000,0x00000003c76d1c68,0x00000003d0a00000)
 Metaspace       used 86473K, capacity 87512K, committed 87828K, reserved 1124352K
  class space    used 12249K, capacity 12504K, committed 12604K, reserved 1048576K
Event: 30.014 GC heap after
Heap after GC invocations=33 (full 6):
 PSYoungGen      total 612864K, used 2355K [0x000000066ab00000, 0x0000000693f00000, 0x00000007c0000000)
  eden space 596992K, 0% used [0x000000066ab00000,0x000000066ab00000,0x000000068f200000)
  from space 15872K, 14% used [0x000000068f200000,0x000000068f44cea0,0x0000000690180000)
  to   space 14848K, 0% used [0x0000000693080000,0x0000000693080000,0x0000000693f00000)
 ParOldGen       total 272384K, used 121671K [0x00000003c0000000, 0x00000003d0a00000, 0x000000066ab00000)
  object space 272384K, 44% used [0x00000003c0000000,0x00000003c76d1c68,0x00000003d0a00000)
 Metaspace       used 86473K, capacity 87512K, committed 87828K, reserved 1124352K
  class space    used 12249K, capacity 12504K, committed 12604K, reserved 1048576K
}
Event: 30.509 GC heap before
{Heap before GC invocations=34 (full 6):
 PSYoungGen      total 612864K, used 599347K [0x000000066ab00000, 0x0000000693f00000, 0x00000007c0000000)
  eden space 596992K, 100% used [0x000000066ab00000,0x000000068f200000,0x000000068f200000)
  from space 15872K, 14% used [0x000000068f200000,0x000000068f44cea0,0x0000000690180000)
  to   space 14848K, 0% used [0x0000000693080000,0x0000000693080000,0x0000000693f00000)
 ParOldGen       total 272384K, used 121671K [0x00000003c0000000, 0x00000003d0a00000, 0x000000066ab00000)
  object space 272384K, 44% used [0x00000003c0000000,0x00000003c76d1c68,0x00000003d0a00000)
 Metaspace       used 86473K, capacity 87512K, committed 87828K, reserved 1124352K
  class space    used 12249K, capacity 12504K, committed 12604K, reserved 1048576K
Event: 30.514 GC heap after
Heap after GC invocations=34 (full 6):
 PSYoungGen      total 658944K, used 2375K [0x000000066ab00000, 0x0000000693d80000, 0x00000007c0000000)
  eden space 645632K, 0% used [0x000000066ab00000,0x000000066ab00000,0x0000000692180000)
  from space 13312K, 17% used [0x0000000693080000,0x00000006932d1d30,0x0000000693d80000)
  to   space 14336K, 0% used [0x0000000692180000,0x0000000692180000,0x0000000692f80000)
 ParOldGen       total 272384K, used 121671K [0x00000003c0000000, 0x00000003d0a00000, 0x000000066ab00000)
  object space 272384K, 44% used [0x00000003c0000000,0x00000003c76d1c68,0x00000003d0a00000)
 Metaspace       used 86473K, capacity 87512K, committed 87828K, reserved 1124352K
  class space    used 12249K, capacity 12504K, committed 12604K, reserved 1048576K
}
Event: 31.061 GC heap before
{Heap before GC invocations=35 (full 6):
 PSYoungGen      total 658944K, used 648007K [0x000000066ab00000, 0x0000000693d80000, 0x00000007c0000000)
  eden space 645632K, 100% used [0x000000066ab00000,0x0000000692180000,0x0000000692180000)
  from space 13312K, 17% used [0x0000000693080000,0x00000006932d1d30,0x0000000693d80000)
  to   space 14336K, 0% used [0x0000000692180000,0x0000000692180000,0x0000000692f80000)
 ParOldGen       total 272384K, used 121671K [0x00000003c0000000, 0x00000003d0a00000, 0x000000066ab00000)
  object space 272384K, 44% used [0x00000003c0000000,0x00000003c76d1c68,0x00000003d0a00000)
 Metaspace       used 86473K, capacity 87512K, committed 87828K, reserved 1124352K
  class space    used 12249K, capacity 12504K, committed 12604K, reserved 1048576K
Event: 31.066 GC heap after
Heap after GC invocations=35 (full 6):
 PSYoungGen      total 659968K, used 2631K [0x000000066ab00000, 0x0000000696f00000, 0x00000007c0000000)
  eden space 645632K, 0% used [0x000000066ab00000,0x000000066ab00000,0x0000000692180000)
  from space 14336K, 18% used [0x0000000692180000,0x0000000692411d30,0x0000000692f80000)
  to   space 13824K, 0% used [0x0000000696180000,0x0000000696180000,0x0000000696f00000)
 ParOldGen       total 272384K, used 121671K [0x00000003c0000000, 0x00000003d0a00000, 0x000000066ab00000)
  object space 272384K, 44% used [0x00000003c0000000,0x00000003c76d1c68,0x00000003d0a00000)
 Metaspace       used 86473K, capacity 87512K, committed 87828K, reserved 1124352K
  class space    used 12249K, capacity 12504K, committed 12604K, reserved 1048576K
}
Event: 31.594 GC heap before
{Heap before GC invocations=36 (full 6):
 PSYoungGen      total 659968K, used 648263K [0x000000066ab00000, 0x0000000696f00000, 0x00000007c0000000)
  eden space 645632K, 100% used [0x000000066ab00000,0x0000000692180000,0x0000000692180000)
  from space 14336K, 18% used [0x0000000692180000,0x0000000692411d30,0x0000000692f80000)
  to   space 13824K, 0% used [0x0000000696180000,0x0000000696180000,0x0000000696f00000)
 ParOldGen       total 272384K, used 121671K [0x00000003c0000000, 0x00000003d0a00000, 0x000000066ab00000)
  object space 272384K, 44% used [0x00000003c0000000,0x00000003c76d1c68,0x00000003d0a00000)
 Metaspace       used 86473K, capacity 87512K, committed 87828K, reserved 1124352K
  class space    used 12249K, capacity 12504K, committed 12604K, reserved 1048576K
Event: 31.600 GC heap after
Heap after GC invocations=36 (full 6):
 PSYoungGen      total 709120K, used 2919K [0x000000066ab00000, 0x0000000696d00000, 0x00000007c0000000)
  eden space 697344K, 0% used [0x000000066ab00000,0x000000066ab00000,0x0000000695400000)
  from space 11776K, 24% used [0x0000000696180000,0x0000000696459d30,0x0000000696d00000)
  to   space 12800K, 0% used [0x0000000695400000,0x0000000695400000,0x0000000696080000)
 ParOldGen       total 272384K, used 121671K [0x00000003c0000000, 0x00000003d0a00000, 0x000000066ab00000)
  object space 272384K, 44% used [0x00000003c0000000,0x00000003c76d1c68,0x00000003d0a00000)
 Metaspace       used 86473K, capacity 87512K, committed 87828K, reserved 1124352K
  class space    used 12249K, capacity 12504K, committed 12604K, reserved 1048576K
}
Event: 32.190 GC heap before
{Heap before GC invocations=37 (full 6):
 PSYoungGen      total 709120K, used 700263K [0x000000066ab00000, 0x0000000696d00000, 0x00000007c0000000)
  eden space 697344K, 100% used [0x000000066ab00000,0x0000000695400000,0x0000000695400000)
  from space 11776K, 24% used [0x0000000696180000,0x0000000696459d30,0x0000000696d00000)
  to   space 12800K, 0% used [0x0000000695400000,0x0000000695400000,0x0000000696080000)
 ParOldGen       total 272384K, used 121671K [0x00000003c0000000, 0x00000003d0a00000, 0x000000066ab00000)
  object space 272384K, 44% used [0x00000003c0000000,0x00000003c76d1c68,0x00000003d0a00000)
 Metaspace       used 86474K, capacity 87512K, committed 87828K, reserved 1124352K
  class space    used 12249K, capacity 12504K, committed 12604K, reserved 1048576K
Event: 32.196 GC heap after
Heap after GC invocations=37 (full 6):
 PSYoungGen      total 710144K, used 2983K [0x000000066ab00000, 0x000000069a200000, 0x00000007c0000000)
  eden space 697344K, 0% used [0x000000066ab00000,0x000000066ab00000,0x0000000695400000)
  from space 12800K, 23% used [0x0000000695400000,0x00000006956e9d30,0x0000000696080000)
  to   space 12288K, 0% used [0x0000000699600000,0x0000000699600000,0x000000069a200000)
 ParOldGen       total 272384K, used 121671K [0x00000003c0000000, 0x00000003d0a00000, 0x000000066ab00000)
  object space 272384K, 44% used [0x00000003c0000000,0x00000003c76d1c68,0x00000003d0a00000)
 Metaspace       used 86474K, capacity 87512K, committed 87828K, reserved 1124352K
  class space    used 12249K, capacity 12504K, committed 12604K, reserved 1048576K
}
Event: 32.767 GC heap before
{Heap before GC invocations=38 (full 6):
 PSYoungGen      total 710144K, used 700327K [0x000000066ab00000, 0x000000069a200000, 0x00000007c0000000)
  eden space 697344K, 100% used [0x000000066ab00000,0x0000000695400000,0x0000000695400000)
  from space 12800K, 23% used [0x0000000695400000,0x00000006956e9d30,0x0000000696080000)
  to   space 12288K, 0% used [0x0000000699600000,0x0000000699600000,0x000000069a200000)
 ParOldGen       total 272384K, used 121671K [0x00000003c0000000, 0x00000003d0a00000, 0x000000066ab00000)
  object space 272384K, 44% used [0x00000003c0000000,0x00000003c76d1c68,0x00000003d0a00000)
 Metaspace       used 86474K, capacity 87512K, committed 87828K, reserved 1124352K
  class space    used 12249K, capacity 12504K, committed 12604K, reserved 1048576K
Event: 32.774 GC heap after
Heap after GC invocations=38 (full 6):
 PSYoungGen      total 764928K, used 3527K [0x000000066ab00000, 0x000000069a100000, 0x00000007c0000000)
  eden space 753664K, 0% used [0x000000066ab00000,0x000000066ab00000,0x0000000698b00000)
  from space 11264K, 31% used [0x0000000699600000,0x0000000699971d30,0x000000069a100000)
  to   space 11264K, 0% used [0x0000000698b00000,0x0000000698b00000,0x0000000699600000)
 ParOldGen       total 272384K, used 121671K [0x00000003c0000000, 0x00000003d0a00000, 0x000000066ab00000)
  object space 272384K, 44% used [0x00000003c0000000,0x00000003c76d1c68,0x00000003d0a00000)
 Metaspace       used 86474K, capacity 87512K, committed 87828K, reserved 1124352K
  class space    used 12249K, capacity 12504K, committed 12604K, reserved 1048576K
}
Event: 33.405 GC heap before
{Heap before GC invocations=39 (full 6):
 PSYoungGen      total 764928K, used 757191K [0x000000066ab00000, 0x000000069a100000, 0x00000007c0000000)
  eden space 753664K, 100% used [0x000000066ab00000,0x0000000698b00000,0x0000000698b00000)
  from space 11264K, 31% used [0x0000000699600000,0x0000000699971d30,0x000000069a100000)
  to   space 11264K, 0% used [0x0000000698b00000,0x0000000698b00000,0x0000000699600000)
 ParOldGen       total 272384K, used 121671K [0x00000003c0000000, 0x00000003d0a00000, 0x000000066ab00000)
  object space 272384K, 44% used [0x00000003c0000000,0x00000003c76d1c68,0x00000003d0a00000)
 Metaspace       used 86474K, capacity 87512K, committed 87828K, reserved 1124352K
  class space    used 12249K, capacity 12504K, committed 12604K, reserved 1048576K
Event: 33.412 GC heap after
Heap after GC invocations=39 (full 6):
 PSYoungGen      total 764928K, used 3207K [0x000000066ab00000, 0x000000069d100000, 0x00000007c0000000)
  eden space 753664K, 0% used [0x000000066ab00000,0x000000066ab00000,0x0000000698b00000)
  from space 11264K, 28% used [0x0000000698b00000,0x0000000698e21d30,0x0000000699600000)
  to   space 10752K, 0% used [0x000000069c680000,0x000000069c680000,0x000000069d100000)
 ParOldGen       total 272384K, used 121975K [0x00000003c0000000, 0x00000003d0a00000, 0x000000066ab00000)
  object space 272384K, 44% used [0x00000003c0000000,0x00000003c771dc68,0x00000003d0a00000)
 Metaspace       used 86474K, capacity 87512K, committed 87828K, reserved 1124352K
  class space    used 12249K, capacity 12504K, committed 12604K, reserved 1048576K
}
Event: 34.022 GC heap before
{Heap before GC invocations=40 (full 6):
 PSYoungGen      total 764928K, used 756871K [0x000000066ab00000, 0x000000069d100000, 0x00000007c0000000)
  eden space 753664K, 100% used [0x000000066ab00000,0x0000000698b00000,0x0000000698b00000)
  from space 11264K, 28% used [0x0000000698b00000,0x0000000698e21d30,0x0000000699600000)
  to   space 10752K, 0% used [0x000000069c680000,0x000000069c680000,0x000000069d100000)
 ParOldGen       total 272384K, used 121975K [0x00000003c0000000, 0x00000003d0a00000, 0x000000066ab00000)
  object space 272384K, 44% used [0x00000003c0000000,0x00000003c771dc68,0x00000003d0a00000)
 Metaspace       used 86475K, capacity 87512K, committed 87828K, reserved 1124352K
  class space    used 12249K, capacity 12504K, committed 12604K, reserved 1048576K
Event: 34.028 GC heap after
Heap after GC invocations=40 (full 6):
 PSYoungGen      total 813568K, used 3207K [0x000000066ab00000, 0x000000069d000000, 0x00000007c0000000)
  eden space 803840K, 0% used [0x000000066ab00000,0x000000066ab00000,0x000000069bc00000)
  from space 9728K, 32% used [0x000000069c680000,0x000000069c9a1d30,0x000000069d000000)
  to   space 10240K, 0% used [0x000000069bc00000,0x000000069bc00000,0x000000069c600000)
 ParOldGen       total 272384K, used 122151K [0x00000003c0000000, 0x00000003d0a00000, 0x000000066ab00000)
  object space 272384K, 44% used [0x00000003c0000000,0x00000003c7749c68,0x00000003d0a00000)
 Metaspace       used 86475K, capacity 87512K, committed 87828K, reserved 1124352K
  class space    used 12249K, capacity 12504K, committed 12604K, reserved 1048576K
}
Event: 34.705 GC heap before
{Heap before GC invocations=41 (full 6):
 PSYoungGen      total 813568K, used 807047K [0x000000066ab00000, 0x000000069d000000, 0x00000007c0000000)
  eden space 803840K, 100% used [0x000000066ab00000,0x000000069bc00000,0x000000069bc00000)
  from space 9728K, 32% used [0x000000069c680000,0x000000069c9a1d30,0x000000069d000000)
  to   space 10240K, 0% used [0x000000069bc00000,0x000000069bc00000,0x000000069c600000)
 ParOldGen       total 272384K, used 122151K [0x00000003c0000000, 0x00000003d0a00000, 0x000000066ab00000)
  object space 272384K, 44% used [0x00000003c0000000,0x00000003c7749c68,0x00000003d0a00000)
 Metaspace       used 86476K, capacity 87512K, committed 87828K, reserved 1124352K
  class space    used 12249K, capacity 12504K, committed 12604K, reserved 1048576K
Event: 34.712 GC heap after
Heap after GC invocations=41 (full 6):
 PSYoungGen      total 814080K, used 3335K [0x000000066ab00000, 0x00000006a0280000, 0x00000007c0000000)
  eden space 803840K, 0% used [0x000000066ab00000,0x000000066ab00000,0x000000069bc00000)
  from space 10240K, 32% used [0x000000069bc00000,0x000000069bf41d30,0x000000069c600000)
  to   space 9728K, 0% used [0x000000069f900000,0x000000069f900000,0x00000006a0280000)
 ParOldGen       total 272384K, used 122311K [0x00000003c0000000, 0x00000003d0a00000, 0x000000066ab00000)
  object space 272384K, 44% used [0x00000003c0000000,0x00000003c7771c68,0x00000003d0a00000)
 Metaspace       used 86476K, capacity 87512K, committed 87828K, reserved 1124352K
  class space    used 12249K, capacity 12504K, committed 12604K, reserved 1048576K
}
Event: 35.377 GC heap before
{Heap before GC invocations=42 (full 6):
 PSYoungGen      total 814080K, used 807175K [0x000000066ab00000, 0x00000006a0280000, 0x00000007c0000000)
  eden space 803840K, 100% used [0x000000066ab00000,0x000000069bc00000,0x000000069bc00000)
  from space 10240K, 32% used [0x000000069bc00000,0x000000069bf41d30,0x000000069c600000)
  to   space 9728K, 0% used [0x000000069f900000,0x000000069f900000,0x00000006a0280000)
 ParOldGen       total 272384K, used 122311K [0x00000003c0000000, 0x00000003d0a00000, 0x000000066ab00000)
  object space 272384K, 44% used [0x00000003c0000000,0x00000003c7771c68,0x00000003d0a00000)
 Metaspace       used 86476K, capacity 87512K, committed 87828K, reserved 1124352K
  class space    used 12249K, capacity 12504K, committed 12604K, reserved 1048576K
Event: 35.385 GC heap after
Heap after GC invocations=42 (full 6):
 PSYoungGen      total 866304K, used 3463K [0x000000066ab00000, 0x00000006a0180000, 0x00000007c0000000)
  eden space 857600K, 0% used [0x000000066ab00000,0x000000066ab00000,0x000000069f080000)
  from space 8704K, 39% used [0x000000069f900000,0x000000069fc61d30,0x00000006a0180000)
  to   space 8704K, 0% used [0x000000069f080000,0x000000069f080000,0x000000069f900000)
 ParOldGen       total 272384K, used 122455K [0x00000003c0000000, 0x00000003d0a00000, 0x000000066ab00000)
  object space 272384K, 44% used [0x00000003c0000000,0x00000003c7795c68,0x00000003d0a00000)
 Metaspace       used 86476K, capacity 87512K, committed 87828K, reserved 1124352K
  class space    used 12249K, capacity 12504K, committed 12604K, reserved 1048576K
}
Event: 36.104 GC heap before
{Heap before GC invocations=43 (full 6):
 PSYoungGen      total 866304K, used 861063K [0x000000066ab00000, 0x00000006a0180000, 0x00000007c0000000)
  eden space 857600K, 100% used [0x000000066ab00000,0x000000069f080000,0x000000069f080000)
  from space 8704K, 39% used [0x000000069f900000,0x000000069fc61d30,0x00000006a0180000)
  to   space 8704K, 0% used [0x000000069f080000,0x000000069f080000,0x000000069f900000)
 ParOldGen       total 272384K, used 122455K [0x00000003c0000000, 0x00000003d0a00000, 0x000000066ab00000)
  object space 272384K, 44% used [0x00000003c0000000,0x00000003c7795c68,0x00000003d0a00000)
 Metaspace       used 86476K, capacity 87512K, committed 87828K, reserved 1124352K
  class space    used 12249K, capacity 12504K, committed 12604K, reserved 1048576K
Event: 36.111 GC heap after
Heap after GC invocations=43 (full 6):
 PSYoungGen      total 866304K, used 3463K [0x000000066ab00000, 0x00000006a3800000, 0x00000007c0000000)
  eden space 857600K, 0% used [0x000000066ab00000,0x000000066ab00000,0x000000069f080000)
  from space 8704K, 39% used [0x000000069f080000,0x000000069f3e1d30,0x000000069f900000)
  to   space 8704K, 0% used [0x00000006a2f80000,0x00000006a2f80000,0x00000006a3800000)
 ParOldGen       total 272384K, used 122583K [0x00000003c0000000, 0x00000003d0a00000, 0x000000066ab00000)
  object space 272384K, 45% used [0x00000003c0000000,0x00000003c77b5c68,0x00000003d0a00000)
 Metaspace       used 86476K, capacity 87512K, committed 87828K, reserved 1124352K
  class space    used 12249K, capacity 12504K, committed 12604K, reserved 1048576K
}
Event: 36.815 GC heap before
{Heap before GC invocations=44 (full 6):
 PSYoungGen      total 866304K, used 861063K [0x000000066ab00000, 0x00000006a3800000, 0x00000007c0000000)
  eden space 857600K, 100% used [0x000000066ab00000,0x000000069f080000,0x000000069f080000)
  from space 8704K, 39% used [0x000000069f080000,0x000000069f3e1d30,0x000000069f900000)
  to   space 8704K, 0% used [0x00000006a2f80000,0x00000006a2f80000,0x00000006a3800000)
 ParOldGen       total 272384K, used 122583K [0x00000003c0000000, 0x00000003d0a00000, 0x000000066ab00000)
  object space 272384K, 45% used [0x00000003c0000000,0x00000003c77b5c68,0x00000003d0a00000)
 Metaspace       used 86477K, capacity 87512K, committed 87828K, reserved 1124352K
  class space    used 12249K, capacity 12504K, committed 12604K, reserved 1048576K
Event: 36.822 GC heap after
Heap after GC invocations=44 (full 6):
 PSYoungGen      total 920064K, used 3399K [0x000000066ab00000, 0x00000006a3680000, 0x00000007c0000000)
  eden space 912896K, 0% used [0x000000066ab00000,0x000000066ab00000,0x00000006a2680000)
  from space 7168K, 47% used [0x00000006a2f80000,0x00000006a32d1d30,0x00000006a3680000)
  to   space 8192K, 0% used [0x00000006a2680000,0x00000006a2680000,0x00000006a2e80000)
 ParOldGen       total 272384K, used 122775K [0x00000003c0000000, 0x00000003d0a00000, 0x000000066ab00000)
  object space 272384K, 45% used [0x00000003c0000000,0x00000003c77e5c68,0x00000003d0a00000)
 Metaspace       used 86477K, capacity 87512K, committed 87828K, reserved 1124352K
  class space    used 12249K, capacity 12504K, committed 12604K, reserved 1048576K
}
Event: 37.611 GC heap before
{Heap before GC invocations=45 (full 6):
 PSYoungGen      total 920064K, used 916295K [0x000000066ab00000, 0x00000006a3680000, 0x00000007c0000000)
  eden space 912896K, 100% used [0x000000066ab00000,0x00000006a2680000,0x00000006a2680000)
  from space 7168K, 47% used [0x00000006a2f80000,0x00000006a32d1d30,0x00000006a3680000)
  to   space 8192K, 0% used [0x00000006a2680000,0x00000006a2680000,0x00000006a2e80000)
 ParOldGen       total 272384K, used 122775K [0x00000003c0000000, 0x00000003d0a00000, 0x000000066ab00000)
  object space 272384K, 45% used [0x00000003c0000000,0x00000003c77e5c68,0x00000003d0a00000)
 Metaspace       used 86477K, capacity 87512K, committed 87828K, reserved 1124352K
  class space    used 12249K, capacity 12504K, committed 12604K, reserved 1048576K
Event: 37.618 GC heap after
Heap after GC invocations=45 (full 6):
 PSYoungGen      total 921088K, used 3431K [0x000000066ab00000, 0x00000006a6d00000, 0x00000007c0000000)
  eden space 912896K, 0% used [0x000000066ab00000,0x000000066ab00000,0x00000006a2680000)
  from space 8192K, 41% used [0x00000006a2680000,0x00000006a29d9d30,0x00000006a2e80000)
  to   space 7680K, 0% used [0x00000006a6580000,0x00000006a6580000,0x00000006a6d00000)
 ParOldGen       total 272384K, used 122879K [0x00000003c0000000, 0x00000003d0a00000, 0x000000066ab00000)
  object space 272384K, 45% used [0x00000003c0000000,0x00000003c77ffc68,0x00000003d0a00000)
 Metaspace       used 86477K, capacity 87512K, committed 87828K, reserved 1124352K
  class space    used 12249K, capacity 12504K, committed 12604K, reserved 1048576K
}
Event: 38.354 GC heap before
{Heap before GC invocations=46 (full 6):
 PSYoungGen      total 921088K, used 916327K [0x000000066ab00000, 0x00000006a6d00000, 0x00000007c0000000)
  eden space 912896K, 100% used [0x000000066ab00000,0x00000006a2680000,0x00000006a2680000)
  from space 8192K, 41% used [0x00000006a2680000,0x00000006a29d9d30,0x00000006a2e80000)
  to   space 7680K, 0% used [0x00000006a6580000,0x00000006a6580000,0x00000006a6d00000)
 ParOldGen       total 272384K, used 122879K [0x00000003c0000000, 0x00000003d0a00000, 0x000000066ab00000)
  object space 272384K, 45% used [0x00000003c0000000,0x00000003c77ffc68,0x00000003d0a00000)
 Metaspace       used 86477K, capacity 87512K, committed 87828K, reserved 1124352K
  class space    used 12249K, capacity 12504K, committed 12604K, reserved 1048576K
Event: 38.361 GC heap after
Heap after GC invocations=46 (full 6):
 PSYoungGen      total 975360K, used 3463K [0x000000066ab00000, 0x00000006a6b80000, 0x00000007c0000000)
  eden space 969216K, 0% used [0x000000066ab00000,0x000000066ab00000,0x00000006a5d80000)
  from space 6144K, 56% used [0x00000006a6580000,0x00000006a68e1d30,0x00000006a6b80000)
  to   space 7168K, 0% used [0x00000006a5d80000,0x00000006a5d80000,0x00000006a6480000)
 ParOldGen       total 272384K, used 123103K [0x00000003c0000000, 0x00000003d0a00000, 0x000000066ab00000)
  object space 272384K, 45% used [0x00000003c0000000,0x00000003c7837c68,0x00000003d0a00000)
 Metaspace       used 86477K, capacity 87512K, committed 87828K, reserved 1124352K
  class space    used 12249K, capacity 12504K, committed 12604K, reserved 1048576K
}
Event: 39.169 GC heap before
{Heap before GC invocations=47 (full 6):
 PSYoungGen      total 975360K, used 972679K [0x000000066ab00000, 0x00000006a6b80000, 0x00000007c0000000)
  eden space 969216K, 100% used [0x000000066ab00000,0x00000006a5d80000,0x00000006a5d80000)
  from space 6144K, 56% used [0x00000006a6580000,0x00000006a68e1d30,0x00000006a6b80000)
  to   space 7168K, 0% used [0x00000006a5d80000,0x00000006a5d80000,0x00000006a6480000)
 ParOldGen       total 272384K, used 123103K [0x00000003c0000000, 0x00000003d0a00000, 0x000000066ab00000)
  object space 272384K, 45% used [0x00000003c0000000,0x00000003c7837c68,0x00000003d0a00000)
 Metaspace       used 86477K, capacity 87512K, committed 87828K, reserved 1124352K
  class space    used 12249K, capacity 12504K, committed 12604K, reserved 1048576K
Event: 39.176 GC heap after
Heap after GC invocations=47 (full 6):
 PSYoungGen      total 976384K, used 3559K [0x000000066ab00000, 0x00000006a9d00000, 0x00000007c0000000)
  eden space 969216K, 0% used [0x000000066ab00000,0x000000066ab00000,0x00000006a5d80000)
  from space 7168K, 49% used [0x00000006a5d80000,0x00000006a60f9d30,0x00000006a6480000)
  to   space 6656K, 0% used [0x00000006a9680000,0x00000006a9680000,0x00000006a9d00000)
 ParOldGen       total 272384K, used 123247K [0x00000003c0000000, 0x00000003d0a00000, 0x000000066ab00000)
  object space 272384K, 45% used [0x00000003c0000000,0x00000003c785bc68,0x00000003d0a00000)
 Metaspace       used 86477K, capacity 87512K, committed 87828K, reserved 1124352K
  class space    used 12249K, capacity 12504K, committed 12604K, reserved 1048576K
}
Event: 39.950 GC heap before
{Heap before GC invocations=48 (full 6):
 PSYoungGen      total 976384K, used 972775K [0x000000066ab00000, 0x00000006a9d00000, 0x00000007c0000000)
  eden space 969216K, 100% used [0x000000066ab00000,0x00000006a5d80000,0x00000006a5d80000)
  from space 7168K, 49% used [0x00000006a5d80000,0x00000006a60f9d30,0x00000006a6480000)
  to   space 6656K, 0% used [0x00000006a9680000,0x00000006a9680000,0x00000006a9d00000)
 ParOldGen       total 272384K, used 123247K [0x00000003c0000000, 0x00000003d0a00000, 0x000000066ab00000)
  object space 272384K, 45% used [0x00000003c0000000,0x00000003c785bc68,0x00000003d0a00000)
 Metaspace       used 86477K, capacity 87512K, committed 87828K, reserved 1124352K
  class space    used 12249K, capacity 12504K, committed 12604K, reserved 1048576K
Event: 39.959 GC heap after
Heap after GC invocations=48 (full 6):
 PSYoungGen      total 1027584K, used 3559K [0x000000066ab00000, 0x00000006a9e80000, 0x00000007c0000000)
  eden space 1020928K, 0% used [0x000000066ab00000,0x000000066ab00000,0x00000006a9000000)
  from space 6656K, 53% used [0x00000006a9680000,0x00000006a99f9d30,0x00000006a9d00000)
  to   space 6656K, 0% used [0x00000006a9000000,0x00000006a9000000,0x00000006a9680000)
 ParOldGen       total 272384K, used 123391K [0x00000003c0000000, 0x00000003d0a00000, 0x000000066ab00000)
  object space 272384K, 45% used [0x00000003c0000000,0x00000003c787fc68,0x00000003d0a00000)
 Metaspace       used 86477K, capacity 87512K, committed 87828K, reserved 1124352K
  class space    used 12249K, capacity 12504K, committed 12604K, reserved 1048576K
}
Event: 40.810 GC heap before
{Heap before GC invocations=49 (full 6):
 PSYoungGen      total 1027584K, used 1024487K [0x000000066ab00000, 0x00000006a9e80000, 0x00000007c0000000)
  eden space 1020928K, 100% used [0x000000066ab00000,0x00000006a9000000,0x00000006a9000000)
  from space 6656K, 53% used [0x00000006a9680000,0x00000006a99f9d30,0x00000006a9d00000)
  to   space 6656K, 0% used [0x00000006a9000000,0x00000006a9000000,0x00000006a9680000)
 ParOldGen       total 272384K, used 123391K [0x00000003c0000000, 0x00000003d0a00000, 0x000000066ab00000)
  object space 272384K, 45% used [0x00000003c0000000,0x00000003c787fc68,0x00000003d0a00000)
 Metaspace       used 86477K, capacity 87512K, committed 87828K, reserved 1124352K
  class space    used 12249K, capacity 12504K, committed 12604K, reserved 1048576K
Event: 40.817 GC heap after
Heap after GC invocations=49 (full 6):
 PSYoungGen      total 1027584K, used 3424K [0x000000066ab00000, 0x00000006ad080000, 0x00000007c0000000)
  eden space 1020928K, 0% used [0x000000066ab00000,0x000000066ab00000,0x00000006a9000000)
  from space 6656K, 51% used [0x00000006a9000000,0x00000006a9358010,0x00000006a9680000)
  to   space 6144K, 0% used [0x00000006aca80000,0x00000006aca80000,0x00000006ad080000)
 ParOldGen       total 272384K, used 123598K [0x00000003c0000000, 0x00000003d0a00000, 0x000000066ab00000)
  object space 272384K, 45% used [0x00000003c0000000,0x00000003c78b3988,0x00000003d0a00000)
 Metaspace       used 86477K, capacity 87512K, committed 87828K, reserved 1124352K
  class space    used 12249K, capacity 12504K, committed 12604K, reserved 1048576K
}
Event: 41.633 GC heap before
{Heap before GC invocations=50 (full 6):
 PSYoungGen      total 1027584K, used 1024352K [0x000000066ab00000, 0x00000006ad080000, 0x00000007c0000000)
  eden space 1020928K, 100% used [0x000000066ab00000,0x00000006a9000000,0x00000006a9000000)
  from space 6656K, 51% used [0x00000006a9000000,0x00000006a9358010,0x00000006a9680000)
  to   space 6144K, 0% used [0x00000006aca80000,0x00000006aca80000,0x00000006ad080000)
 ParOldGen       total 272384K, used 123598K [0x00000003c0000000, 0x00000003d0a00000, 0x000000066ab00000)
  object space 272384K, 45% used [0x00000003c0000000,0x00000003c78b3988,0x00000003d0a00000)
 Metaspace       used 86477K, capacity 87512K, committed 87828K, reserved 1124352K
  class space    used 12249K, capacity 12504K, committed 12604K, reserved 1048576K
Event: 41.640 GC heap after
Heap after GC invocations=50 (full 6):
 PSYoungGen      total 1080832K, used 3904K [0x000000066ab00000, 0x00000006ad080000, 0x00000007c0000000)
  eden space 1074688K, 0% used [0x000000066ab00000,0x000000066ab00000,0x00000006ac480000)
  from space 6144K, 63% used [0x00000006aca80000,0x00000006ace50010,0x00000006ad080000)
  to   space 6144K, 0% used [0x00000006ac480000,0x00000006ac480000,0x00000006aca80000)
 ParOldGen       total 272384K, used 123726K [0x00000003c0000000, 0x00000003d0a00000, 0x000000066ab00000)
  object space 272384K, 45% used [0x00000003c0000000,0x00000003c78d3988,0x00000003d0a00000)
 Metaspace       used 86477K, capacity 87512K, committed 87828K, reserved 1124352K
  class space    used 12249K, capacity 12504K, committed 12604K, reserved 1048576K
}
Event: 42.531 GC heap before
{Heap before GC invocations=51 (full 6):
 PSYoungGen      total 1080832K, used 1078592K [0x000000066ab00000, 0x00000006ad080000, 0x00000007c0000000)
  eden space 1074688K, 100% used [0x000000066ab00000,0x00000006ac480000,0x00000006ac480000)
  from space 6144K, 63% used [0x00000006aca80000,0x00000006ace50010,0x00000006ad080000)
  to   space 6144K, 0% used [0x00000006ac480000,0x00000006ac480000,0x00000006aca80000)
 ParOldGen       total 272384K, used 123726K [0x00000003c0000000, 0x00000003d0a00000, 0x000000066ab00000)
  object space 272384K, 45% used [0x00000003c0000000,0x00000003c78d3988,0x00000003d0a00000)
 Metaspace       used 86490K, capacity 87576K, committed 87828K, reserved 1124352K
  class space    used 12251K, capacity 12504K, committed 12604K, reserved 1048576K
Event: 42.538 GC heap after
Heap after GC invocations=51 (full 6):
 PSYoungGen      total 1080832K, used 3776K [0x000000066ab00000, 0x00000006b0680000, 0x00000007c0000000)
  eden space 1074688K, 0% used [0x000000066ab00000,0x000000066ab00000,0x00000006ac480000)
  from space 6144K, 61% used [0x00000006ac480000,0x00000006ac830010,0x00000006aca80000)
  to   space 6144K, 0% used [0x00000006b0080000,0x00000006b0080000,0x00000006b0680000)
 ParOldGen       total 272384K, used 123870K [0x00000003c0000000, 0x00000003d0a00000, 0x000000066ab00000)
  object space 272384K, 45% used [0x00000003c0000000,0x00000003c78f7988,0x00000003d0a00000)
 Metaspace       used 86490K, capacity 87576K, committed 87828K, reserved 1124352K
  class space    used 12251K, capacity 12504K, committed 12604K, reserved 1048576K
}
Event: 43.407 GC heap before
{Heap before GC invocations=52 (full 6):
 PSYoungGen      total 1080832K, used 1078464K [0x000000066ab00000, 0x00000006b0680000, 0x00000007c0000000)
  eden space 1074688K, 100% used [0x000000066ab00000,0x00000006ac480000,0x00000006ac480000)
  from space 6144K, 61% used [0x00000006ac480000,0x00000006ac830010,0x00000006aca80000)
  to   space 6144K, 0% used [0x00000006b0080000,0x00000006b0080000,0x00000006b0680000)
 ParOldGen       total 272384K, used 123870K [0x00000003c0000000, 0x00000003d0a00000, 0x000000066ab00000)
  object space 272384K, 45% used [0x00000003c0000000,0x00000003c78f7988,0x00000003d0a00000)
 Metaspace       used 86494K, capacity 87576K, committed 87828K, reserved 1124352K
  class space    used 12251K, capacity 12504K, committed 12604K, reserved 1048576K
Event: 43.414 GC heap after
Heap after GC invocations=52 (full 6):
 PSYoungGen      total 1134080K, used 3584K [0x000000066ab00000, 0x00000006b0500000, 0x00000007c0000000)
  eden space 1129472K, 0% used [0x000000066ab00000,0x000000066ab00000,0x00000006afa00000)
  from space 4608K, 77% used [0x00000006b0080000,0x00000006b0400010,0x00000006b0500000)
  to   space 5632K, 0% used [0x00000006afa00000,0x00000006afa00000,0x00000006aff80000)
 ParOldGen       total 272384K, used 124078K [0x00000003c0000000, 0x00000003d0a00000, 0x000000066ab00000)
  object space 272384K, 45% used [0x00000003c0000000,0x00000003c792b988,0x00000003d0a00000)
 Metaspace       used 86494K, capacity 87576K, committed 87828K, reserved 1124352K
  class space    used 12251K, capacity 12504K, committed 12604K, reserved 1048576K
}
Event: 44.360 GC heap before
{Heap before GC invocations=53 (full 6):
 PSYoungGen      total 1134080K, used 1133056K [0x000000066ab00000, 0x00000006b0500000, 0x00000007c0000000)
  eden space 1129472K, 100% used [0x000000066ab00000,0x00000006afa00000,0x00000006afa00000)
  from space 4608K, 77% used [0x00000006b0080000,0x00000006b0400010,0x00000006b0500000)
  to   space 5632K, 0% used [0x00000006afa00000,0x00000006afa00000,0x00000006aff80000)
 ParOldGen       total 272384K, used 124078K [0x00000003c0000000, 0x00000003d0a00000, 0x000000066ab00000)
  object space 272384K, 45% used [0x00000003c0000000,0x00000003c792b988,0x00000003d0a00000)
 Metaspace       used 86496K, capacity 87576K, committed 87828K, reserved 1124352K
  class space    used 12251K, capacity 12504K, committed 12604K, reserved 1048576K
Event: 44.370 GC heap after
Heap after GC invocations=53 (full 6):
 PSYoungGen      total 1135104K, used 5248K [0x000000066ab00000, 0x00000006b4000000, 0x00000007c0000000)
  eden space 1129472K, 0% used [0x000000066ab00000,0x000000066ab00000,0x00000006afa00000)
  from space 5632K, 93% used [0x00000006afa00000,0x00000006aff20010,0x00000006aff80000)
  to   space 6144K, 0% used [0x00000006b3a00000,0x00000006b3a00000,0x00000006b4000000)
 ParOldGen       total 272384K, used 124222K [0x00000003c0000000, 0x00000003d0a00000, 0x000000066ab00000)
  object space 272384K, 45% used [0x00000003c0000000,0x00000003c794f988,0x00000003d0a00000)
 Metaspace       used 86496K, capacity 87576K, committed 87828K, reserved 1124352K
  class space    used 12251K, capacity 12504K, committed 12604K, reserved 1048576K
}
Event: 45.277 GC heap before
{Heap before GC invocations=54 (full 6):
 PSYoungGen      total 1135104K, used 1134720K [0x000000066ab00000, 0x00000006b4000000, 0x00000007c0000000)
  eden space 1129472K, 100% used [0x000000066ab00000,0x00000006afa00000,0x00000006afa00000)
  from space 5632K, 93% used [0x00000006afa00000,0x00000006aff20010,0x00000006aff80000)
  to   space 6144K, 0% used [0x00000006b3a00000,0x00000006b3a00000,0x00000006b4000000)
 ParOldGen       total 272384K, used 124222K [0x00000003c0000000, 0x00000003d0a00000, 0x000000066ab00000)
  object space 272384K, 45% used [0x00000003c0000000,0x00000003c794f988,0x00000003d0a00000)
 Metaspace       used 86496K, capacity 87576K, committed 87828K, reserved 1124352K
  class space    used 12251K, capacity 12504K, committed 12604K, reserved 1048576K
Event: 45.285 GC heap after
Heap after GC invocations=54 (full 6):
 PSYoungGen      total 1195008K, used 4448K [0x000000066ab00000, 0x00000006b4000000, 0x00000007c0000000)
  eden space 1188864K, 0% used [0x000000066ab00000,0x000000066ab00000,0x00000006b3400000)
  from space 6144K, 72% used [0x00000006b3a00000,0x00000006b3e58010,0x00000006b4000000)
  to   space 6144K, 0% used [0x00000006b3400000,0x00000006b3400000,0x00000006b3a00000)
 ParOldGen       total 272384K, used 124398K [0x00000003c0000000, 0x00000003d0a00000, 0x000000066ab00000)
  object space 272384K, 45% used [0x00000003c0000000,0x00000003c797b988,0x00000003d0a00000)
 Metaspace       used 86496K, capacity 87576K, committed 87828K, reserved 1124352K
  class space    used 12251K, capacity 12504K, committed 12604K, reserved 1048576K
}
Event: 46.268 GC heap before
{Heap before GC invocations=55 (full 6):
 PSYoungGen      total 1195008K, used 1193312K [0x000000066ab00000, 0x00000006b4000000, 0x00000007c0000000)
  eden space 1188864K, 100% used [0x000000066ab00000,0x00000006b3400000,0x00000006b3400000)
  from space 6144K, 72% used [0x00000006b3a00000,0x00000006b3e58010,0x00000006b4000000)
  to   space 6144K, 0% used [0x00000006b3400000,0x00000006b3400000,0x00000006b3a00000)
 ParOldGen       total 272384K, used 124398K [0x00000003c0000000, 0x00000003d0a00000, 0x000000066ab00000)
  object space 272384K, 45% used [0x00000003c0000000,0x00000003c797b988,0x00000003d0a00000)
 Metaspace       used 86497K, capacity 87576K, committed 87828K, reserved 1124352K
  class space    used 12251K, capacity 12504K, committed 12604K, reserved 1048576K
Event: 46.276 GC heap after
Heap after GC invocations=55 (full 6):
 PSYoungGen      total 1195008K, used 4192K [0x000000066ab00000, 0x00000006b7880000, 0x00000007c0000000)
  eden space 1188864K, 0% used [0x000000066ab00000,0x000000066ab00000,0x00000006b3400000)
  from space 6144K, 68% used [0x00000006b3400000,0x00000006b3818010,0x00000006b3a00000)
  to   space 6144K, 0% used [0x00000006b7280000,0x00000006b7280000,0x00000006b7880000)
 ParOldGen       total 272384K, used 124542K [0x00000003c0000000, 0x00000003d0a00000, 0x000000066ab00000)
  object space 272384K, 45% used [0x00000003c0000000,0x00000003c799f988,0x00000003d0a00000)
 Metaspace       used 86497K, capacity 87576K, committed 87828K, reserved 1124352K
  class space    used 12251K, capacity 12504K, committed 12604K, reserved 1048576K
}
Event: 47.240 GC heap before
{Heap before GC invocations=56 (full 6):
 PSYoungGen      total 1195008K, used 1193056K [0x000000066ab00000, 0x00000006b7880000, 0x00000007c0000000)
  eden space 1188864K, 100% used [0x000000066ab00000,0x00000006b3400000,0x00000006b3400000)
  from space 6144K, 68% used [0x00000006b3400000,0x00000006b3818010,0x00000006b3a00000)
  to   space 6144K, 0% used [0x00000006b7280000,0x00000006b7280000,0x00000006b7880000)
 ParOldGen       total 272384K, used 124542K [0x00000003c0000000, 0x00000003d0a00000, 0x000000066ab00000)
  object space 272384K, 45% used [0x00000003c0000000,0x00000003c799f988,0x00000003d0a00000)
 Metaspace       used 86499K, capacity 87576K, committed 87828K, reserved 1124352K
  class space    used 12251K, capacity 12504K, committed 12604K, reserved 1048576K
Event: 47.248 GC heap after
Heap after GC invocations=56 (full 6):
 PSYoungGen      total 1251840K, used 4320K [0x000000066ab00000, 0x00000006b7800000, 0x00000007c0000000)
  eden space 1246208K, 0% used [0x000000066ab00000,0x000000066ab00000,0x00000006b6c00000)
  from space 5632K, 76% used [0x00000006b7280000,0x00000006b76b8010,0x00000006b7800000)
  to   space 6144K, 0% used [0x00000006b6c00000,0x00000006b6c00000,0x00000006b7200000)
 ParOldGen       total 272384K, used 124742K [0x00000003c0000000, 0x00000003d0a00000, 0x000000066ab00000)
  object space 272384K, 45% used [0x00000003c0000000,0x00000003c79d1988,0x00000003d0a00000)
 Metaspace       used 86499K, capacity 87576K, committed 87828K, reserved 1124352K
  class space    used 12251K, capacity 12504K, committed 12604K, reserved 1048576K
}
Event: 48.272 GC heap before
{Heap before GC invocations=57 (full 6):
 PSYoungGen      total 1251840K, used 1250528K [0x000000066ab00000, 0x00000006b7800000, 0x00000007c0000000)
  eden space 1246208K, 100% used [0x000000066ab00000,0x00000006b6c00000,0x00000006b6c00000)
  from space 5632K, 76% used [0x00000006b7280000,0x00000006b76b8010,0x00000006b7800000)
  to   space 6144K, 0% used [0x00000006b6c00000,0x00000006b6c00000,0x00000006b7200000)
 ParOldGen       total 272384K, used 124742K [0x00000003c0000000, 0x00000003d0a00000, 0x000000066ab00000)
  object space 272384K, 45% used [0x00000003c0000000,0x00000003c79d1988,0x00000003d0a00000)
 Metaspace       used 86499K, capacity 87576K, committed 87828K, reserved 1124352K
  class space    used 12251K, capacity 12504K, committed 12604K, reserved 1048576K
Event: 48.281 GC heap after
Heap after GC invocations=57 (full 6):
 PSYoungGen      total 1252352K, used 5120K [0x000000066ab00000, 0x00000006bb380000, 0x00000007c0000000)
  eden space 1246208K, 0% used [0x000000066ab00000,0x000000066ab00000,0x00000006b6c00000)
  from space 6144K, 83% used [0x00000006b6c00000,0x00000006b7100010,0x00000006b7200000)
  to   space 6656K, 0% used [0x00000006bad00000,0x00000006bad00000,0x00000006bb380000)
 ParOldGen       total 272384K, used 124878K [0x00000003c0000000, 0x00000003d0a00000, 0x000000066ab00000)
  object space 272384K, 45% used [0x00000003c0000000,0x00000003c79f3988,0x00000003d0a00000)
 Metaspace       used 86499K, capacity 87576K, committed 87828K, reserved 1124352K
  class space    used 12251K, capacity 12504K, committed 12604K, reserved 1048576K
}
Event: 49.284 GC heap before
{Heap before GC invocations=58 (full 6):
 PSYoungGen      total 1252352K, used 1251328K [0x000000066ab00000, 0x00000006bb380000, 0x00000007c0000000)
  eden space 1246208K, 100% used [0x000000066ab00000,0x00000006b6c00000,0x00000006b6c00000)
  from space 6144K, 83% used [0x00000006b6c00000,0x00000006b7100010,0x00000006b7200000)
  to   space 6656K, 0% used [0x00000006bad00000,0x00000006bad00000,0x00000006bb380000)
 ParOldGen       total 272384K, used 124878K [0x00000003c0000000, 0x00000003d0a00000, 0x000000066ab00000)
  object space 272384K, 45% used [0x00000003c0000000,0x00000003c79f3988,0x00000003d0a00000)
 Metaspace       used 86499K, capacity 87576K, committed 87828K, reserved 1124352K
  class space    used 12251K, capacity 12504K, committed 12604K, reserved 1048576K
Event: 49.292 GC heap after
Heap after GC invocations=58 (full 6):
 PSYoungGen      total 1309696K, used 4416K [0x000000066ab00000, 0x00000006bb180000, 0x00000007c0000000)
  eden space 1305088K, 0% used [0x000000066ab00000,0x000000066ab00000,0x00000006ba580000)
  from space 4608K, 95% used [0x00000006bad00000,0x00000006bb150010,0x00000006bb180000)
  to   space 6144K, 0% used [0x00000006ba580000,0x00000006ba580000,0x00000006bab80000)
 ParOldGen       total 272384K, used 125022K [0x00000003c0000000, 0x00000003d0a00000, 0x000000066ab00000)
  object space 272384K, 45% used [0x00000003c0000000,0x00000003c7a17988,0x00000003d0a00000)
 Metaspace       used 86499K, capacity 87576K, committed 87828K, reserved 1124352K
  class space    used 12251K, capacity 12504K, committed 12604K, reserved 1048576K
}
Event: 50.392 GC heap before
{Heap before GC invocations=59 (full 6):
 PSYoungGen      total 1309696K, used 1309504K [0x000000066ab00000, 0x00000006bb180000, 0x00000007c0000000)
  eden space 1305088K, 100% used [0x000000066ab00000,0x00000006ba580000,0x00000006ba580000)
  from space 4608K, 95% used [0x00000006bad00000,0x00000006bb150010,0x00000006bb180000)
  to   space 6144K, 0% used [0x00000006ba580000,0x00000006ba580000,0x00000006bab80000)
 ParOldGen       total 272384K, used 125022K [0x00000003c0000000, 0x00000003d0a00000, 0x000000066ab00000)
  object space 272384K, 45% used [0x00000003c0000000,0x00000003c7a17988,0x00000003d0a00000)
 Metaspace       used 86499K, capacity 87576K, committed 87828K, reserved 1124352K
  class space    used 12251K, capacity 12504K, committed 12604K, reserved 1048576K
Event: 50.401 GC heap after
Heap after GC invocations=59 (full 6):
 PSYoungGen      total 1311232K, used 4736K [0x000000066ab00000, 0x00000006bed00000, 0x00000007c0000000)
  eden space 1305088K, 0% used [0x000000066ab00000,0x000000066ab00000,0x00000006ba580000)
  from space 6144K, 77% used [0x00000006ba580000,0x00000006baa20010,0x00000006bab80000)
  to   space 6144K, 0% used [0x00000006be700000,0x00000006be700000,0x00000006bed00000)
 ParOldGen       total 272384K, used 125158K [0x00000003c0000000, 0x00000003d0a00000, 0x000000066ab00000)
  object space 272384K, 45% used [0x00000003c0000000,0x00000003c7a39988,0x00000003d0a00000)
 Metaspace       used 86499K, capacity 87576K, committed 87828K, reserved 1124352K
  class space    used 12251K, capacity 12504K, committed 12604K, reserved 1048576K
}
Event: 51.457 GC heap before
{Heap before GC invocations=60 (full 6):
 PSYoungGen      total 1311232K, used 1309824K [0x000000066ab00000, 0x00000006bed00000, 0x00000007c0000000)
  eden space 1305088K, 100% used [0x000000066ab00000,0x00000006ba580000,0x00000006ba580000)
  from space 6144K, 77% used [0x00000006ba580000,0x00000006baa20010,0x00000006bab80000)
  to   space 6144K, 0% used [0x00000006be700000,0x00000006be700000,0x00000006bed00000)
 ParOldGen       total 272384K, used 125158K [0x00000003c0000000, 0x00000003d0a00000, 0x000000066ab00000)
  object space 272384K, 45% used [0x00000003c0000000,0x00000003c7a39988,0x00000003d0a00000)
 Metaspace       used 86499K, capacity 87576K, committed 87828K, reserved 1124352K
  class space    used 12251K, capacity 12504K, committed 12604K, reserved 1048576K
Event: 51.465 GC heap after
Heap after GC invocations=60 (full 6):
 PSYoungGen      total 1371648K, used 4736K [0x000000066ab00000, 0x00000006bed80000, 0x00000007c0000000)
  eden space 1365504K, 0% used [0x000000066ab00000,0x000000066ab00000,0x00000006be080000)
  from space 6144K, 77% used [0x00000006be700000,0x00000006beba0010,0x00000006bed00000)
  to   space 6656K, 0% used [0x00000006be080000,0x00000006be080000,0x00000006be700000)
 ParOldGen       total 272384K, used 125342K [0x00000003c0000000, 0x00000003d0a00000, 0x000000066ab00000)
  object space 272384K, 46% used [0x00000003c0000000,0x00000003c7a67988,0x00000003d0a00000)
 Metaspace       used 86499K, capacity 87576K, committed 87828K, reserved 1124352K
  class space    used 12251K, capacity 12504K, committed 12604K, reserved 1048576K
}
Event: 52.591 GC heap before
{Heap before GC invocations=61 (full 6):
 PSYoungGen      total 1371648K, used 1370240K [0x000000066ab00000, 0x00000006bed80000, 0x00000007c0000000)
  eden space 1365504K, 100% used [0x000000066ab00000,0x00000006be080000,0x00000006be080000)
  from space 6144K, 77% used [0x00000006be700000,0x00000006beba0010,0x00000006bed00000)
  to   space 6656K, 0% used [0x00000006be080000,0x00000006be080000,0x00000006be700000)
 ParOldGen       total 272384K, used 125342K [0x00000003c0000000, 0x00000003d0a00000, 0x000000066ab00000)
  object space 272384K, 46% used [0x00000003c0000000,0x00000003c7a67988,0x00000003d0a00000)
 Metaspace       used 86499K, capacity 87576K, committed 87828K, reserved 1124352K
  class space    used 12251K, capacity 12504K, committed 12604K, reserved 1048576K
Event: 52.601 GC heap after
Heap after GC invocations=61 (full 6):
 PSYoungGen      total 1372160K, used 4576K [0x000000066ab00000, 0x00000006c2a80000, 0x00000007c0000000)
  eden space 1365504K, 0% used [0x000000066ab00000,0x000000066ab00000,0x00000006be080000)
  from space 6656K, 68% used [0x00000006be080000,0x00000006be4f8010,0x00000006be700000)
  to   space 6144K, 0% used [0x00000006c2480000,0x00000006c2480000,0x00000006c2a80000)
 ParOldGen       total 272384K, used 125630K [0x00000003c0000000, 0x00000003d0a00000, 0x000000066ab00000)
  object space 272384K, 46% used [0x00000003c0000000,0x00000003c7aaf988,0x00000003d0a00000)
 Metaspace       used 86499K, capacity 87576K, committed 87828K, reserved 1124352K
  class space    used 12251K, capacity 12504K, committed 12604K, reserved 1048576K
}
Event: 53.670 GC heap before
{Heap before GC invocations=62 (full 6):
 PSYoungGen      total 1372160K, used 1370080K [0x000000066ab00000, 0x00000006c2a80000, 0x00000007c0000000)
  eden space 1365504K, 100% used [0x000000066ab00000,0x00000006be080000,0x00000006be080000)
  from space 6656K, 68% used [0x00000006be080000,0x00000006be4f8010,0x00000006be700000)
  to   space 6144K, 0% used [0x00000006c2480000,0x00000006c2480000,0x00000006c2a80000)
 ParOldGen       total 272384K, used 125630K [0x00000003c0000000, 0x00000003d0a00000, 0x000000066ab00000)
  object space 272384K, 46% used [0x00000003c0000000,0x00000003c7aaf988,0x00000003d0a00000)
 Metaspace       used 86501K, capacity 87576K, committed 87828K, reserved 1124352K
  class space    used 12251K, capacity 12504K, committed 12604K, reserved 1048576K
Event: 53.679 GC heap after
Heap after GC invocations=62 (full 6):
 PSYoungGen      total 1434624K, used 5038K [0x000000066ab00000, 0x00000006c2b80000, 0x00000007c0000000)
  eden space 1428480K, 0% used [0x000000066ab00000,0x000000066ab00000,0x00000006c1e00000)
  from space 6144K, 82% used [0x00000006c2480000,0x00000006c296ba50,0x00000006c2a80000)
  to   space 6656K, 0% used [0x00000006c1e00000,0x00000006c1e00000,0x00000006c2480000)
 ParOldGen       total 272384K, used 125742K [0x00000003c0000000, 0x00000003d0a00000, 0x000000066ab00000)
  object space 272384K, 46% used [0x00000003c0000000,0x00000003c7acb988,0x00000003d0a00000)
 Metaspace       used 86501K, capacity 87576K, committed 87828K, reserved 1124352K
  class space    used 12251K, capacity 12504K, committed 12604K, reserved 1048576K
}
Event: 54.860 GC heap before
{Heap before GC invocations=63 (full 6):
 PSYoungGen      total 1434624K, used 1433518K [0x000000066ab00000, 0x00000006c2b80000, 0x00000007c0000000)
  eden space 1428480K, 100% used [0x000000066ab00000,0x00000006c1e00000,0x00000006c1e00000)
  from space 6144K, 82% used [0x00000006c2480000,0x00000006c296ba50,0x00000006c2a80000)
  to   space 6656K, 0% used [0x00000006c1e00000,0x00000006c1e00000,0x00000006c2480000)
 ParOldGen       total 272384K, used 125742K [0x00000003c0000000, 0x00000003d0a00000, 0x000000066ab00000)
  object space 272384K, 46% used [0x00000003c0000000,0x00000003c7acb988,0x00000003d0a00000)
 Metaspace       used 86501K, capacity 87576K, committed 87828K, reserved 1124352K
  class space    used 12251K, capacity 12504K, committed 12604K, reserved 1048576K
Event: 54.870 GC heap after
Heap after GC invocations=63 (full 6):
 PSYoungGen      total 1435136K, used 5582K [0x000000066ab00000, 0x00000006c6880000, 0x00000007c0000000)
  eden space 1428480K, 0% used [0x000000066ab00000,0x000000066ab00000,0x00000006c1e00000)
  from space 6656K, 83% used [0x00000006c1e00000,0x00000006c2373a50,0x00000006c2480000)
  to   space 6656K, 0% used [0x00000006c6200000,0x00000006c6200000,0x00000006c6880000)
 ParOldGen       total 272384K, used 125918K [0x00000003c0000000, 0x00000003d0a00000, 0x000000066ab00000)
  object space 272384K, 46% used [0x00000003c0000000,0x00000003c7af7988,0x00000003d0a00000)
 Metaspace       used 86501K, capacity 87576K, committed 87828K, reserved 1124352K
  class space    used 12251K, capacity 12504K, committed 12604K, reserved 1048576K
}
Event: 56.033 GC heap before
{Heap before GC invocations=64 (full 6):
 PSYoungGen      total 1435136K, used 1434062K [0x000000066ab00000, 0x00000006c6880000, 0x00000007c0000000)
  eden space 1428480K, 100% used [0x000000066ab00000,0x00000006c1e00000,0x00000006c1e00000)
  from space 6656K, 83% used [0x00000006c1e00000,0x00000006c2373a50,0x00000006c2480000)
  to   space 6656K, 0% used [0x00000006c6200000,0x00000006c6200000,0x00000006c6880000)
 ParOldGen       total 272384K, used 125918K [0x00000003c0000000, 0x00000003d0a00000, 0x000000066ab00000)
  object space 272384K, 46% used [0x00000003c0000000,0x00000003c7af7988,0x00000003d0a00000)
 Metaspace       used 86509K, capacity 87576K, committed 87828K, reserved 1124352K
  class space    used 12251K, capacity 12504K, committed 12604K, reserved 1048576K
Event: 56.049 GC heap after
Heap after GC invocations=64 (full 6):
 PSYoungGen      total 1498112K, used 5006K [0x000000066ab00000, 0x00000006c6f80000, 0x00000007c0000000)
  eden space 1491456K, 0% used [0x000000066ab00000,0x000000066ab00000,0x00000006c5b80000)
  from space 6656K, 75% used [0x00000006c6200000,0x00000006c66e3a50,0x00000006c6880000)
  to   space 6656K, 0% used [0x00000006c5b80000,0x00000006c5b80000,0x00000006c6200000)
 ParOldGen       total 272384K, used 126126K [0x00000003c0000000, 0x00000003d0a00000, 0x000000066ab00000)
  object space 272384K, 46% used [0x00000003c0000000,0x00000003c7b2b988,0x00000003d0a00000)
 Metaspace       used 86509K, capacity 87576K, committed 87828K, reserved 1124352K
  class space    used 12251K, capacity 12504K, committed 12604K, reserved 1048576K
}
Event: 57.285 GC heap before
{Heap before GC invocations=65 (full 6):
 PSYoungGen      total 1498112K, used 1496462K [0x000000066ab00000, 0x00000006c6f80000, 0x00000007c0000000)
  eden space 1491456K, 100% used [0x000000066ab00000,0x00000006c5b80000,0x00000006c5b80000)
  from space 6656K, 75% used [0x00000006c6200000,0x00000006c66e3a50,0x00000006c6880000)
  to   space 6656K, 0% used [0x00000006c5b80000,0x00000006c5b80000,0x00000006c6200000)
 ParOldGen       total 272384K, used 126126K [0x00000003c0000000, 0x00000003d0a00000, 0x000000066ab00000)
  object space 272384K, 46% used [0x00000003c0000000,0x00000003c7b2b988,0x00000003d0a00000)
 Metaspace       used 86510K, capacity 87576K, committed 87828K, reserved 1124352K
  class space    used 12251K, capacity 12504K, committed 12604K, reserved 1048576K
Event: 57.294 GC heap after
Heap after GC invocations=65 (full 6):
 PSYoungGen      total 1498112K, used 5102K [0x000000066ab00000, 0x00000006cad00000, 0x00000007c0000000)
  eden space 1491456K, 0% used [0x000000066ab00000,0x000000066ab00000,0x00000006c5b80000)
  from space 6656K, 76% used [0x00000006c5b80000,0x00000006c607ba50,0x00000006c6200000)
  to   space 6656K, 0% used [0x00000006ca680000,0x00000006ca680000,0x00000006cad00000)
 ParOldGen       total 272384K, used 126342K [0x00000003c0000000, 0x00000003d0a00000, 0x000000066ab00000)
  object space 272384K, 46% used [0x00000003c0000000,0x00000003c7b61988,0x00000003d0a00000)
 Metaspace       used 86510K, capacity 87576K, committed 87828K, reserved 1124352K
  class space    used 12251K, capacity 12504K, committed 12604K, reserved 1048576K
}
Event: 58.502 GC heap before
{Heap before GC invocations=66 (full 6):
 PSYoungGen      total 1498112K, used 1496558K [0x000000066ab00000, 0x00000006cad00000, 0x00000007c0000000)
  eden space 1491456K, 100% used [0x000000066ab00000,0x00000006c5b80000,0x00000006c5b80000)
  from space 6656K, 76% used [0x00000006c5b80000,0x00000006c607ba50,0x00000006c6200000)
  to   space 6656K, 0% used [0x00000006ca680000,0x00000006ca680000,0x00000006cad00000)
 ParOldGen       total 272384K, used 126342K [0x00000003c0000000, 0x00000003d0a00000, 0x000000066ab00000)
  object space 272384K, 46% used [0x00000003c0000000,0x00000003c7b61988,0x00000003d0a00000)
 Metaspace       used 86510K, capacity 87576K, committed 87828K, reserved 1124352K
  class space    used 12251K, capacity 12504K, committed 12604K, reserved 1048576K
Event: 58.511 GC heap after
Heap after GC invocations=66 (full 6):
 PSYoungGen      total 1565184K, used 5388K [0x000000066ab00000, 0x00000006cac00000, 0x00000007c0000000)
  eden space 1559552K, 0% used [0x000000066ab00000,0x000000066ab00000,0x00000006c9e00000)
  from space 5632K, 95% used [0x00000006ca680000,0x00000006cabc30b0,0x00000006cac00000)
  to   space 6656K, 0% used [0x00000006c9f00000,0x00000006c9f00000,0x00000006ca580000)
 ParOldGen       total 272384K, used 126494K [0x00000003c0000000, 0x00000003d0a00000, 0x000000066ab00000)
  object space 272384K, 46% used [0x00000003c0000000,0x00000003c7b87988,0x00000003d0a00000)
 Metaspace       used 86510K, capacity 87576K, committed 87828K, reserved 1124352K
  class space    used 12251K, capacity 12504K, committed 12604K, reserved 1048576K
}
Event: 59.798 GC heap before
{Heap before GC invocations=67 (full 6):
 PSYoungGen      total 1565184K, used 1564940K [0x000000066ab00000, 0x00000006cac00000, 0x00000007c0000000)
  eden space 1559552K, 100% used [0x000000066ab00000,0x00000006c9e00000,0x00000006c9e00000)
  from space 5632K, 95% used [0x00000006ca680000,0x00000006cabc30b0,0x00000006cac00000)
  to   space 6656K, 0% used [0x00000006c9f00000,0x00000006c9f00000,0x00000006ca580000)
 ParOldGen       total 272384K, used 126494K [0x00000003c0000000, 0x00000003d0a00000, 0x000000066ab00000)
  object space 272384K, 46% used [0x00000003c0000000,0x00000003c7b87988,0x00000003d0a00000)
 Metaspace       used 86510K, capacity 87576K, committed 87828K, reserved 1124352K
  class space    used 12251K, capacity 12504K, committed 12604K, reserved 1048576K
Event: 59.808 GC heap after
Heap after GC invocations=67 (full 6):
 PSYoungGen      total 1567232K, used 5582K [0x000000066ab00000, 0x00000006cf000000, 0x00000007c0000000)
  eden space 1560576K, 0% used [0x000000066ab00000,0x000000066ab00000,0x00000006c9f00000)
  from space 6656K, 83% used [0x00000006c9f00000,0x00000006ca473a50,0x00000006ca580000)
  to   space 7168K, 0% used [0x00000006ce900000,0x00000006ce900000,0x00000006cf000000)
 ParOldGen       total 272384K, used 126702K [0x00000003c0000000, 0x00000003d0a00000, 0x000000066ab00000)
  object space 272384K, 46% used [0x00000003c0000000,0x00000003c7bbb988,0x00000003d0a00000)
 Metaspace       used 86510K, capacity 87576K, committed 87828K, reserved 1124352K
  class space    used 12251K, capacity 12504K, committed 12604K, reserved 1048576K
}
Event: 61.069 GC heap before
{Heap before GC invocations=68 (full 6):
 PSYoungGen      total 1567232K, used 1566158K [0x000000066ab00000, 0x00000006cf000000, 0x00000007c0000000)
  eden space 1560576K, 100% used [0x000000066ab00000,0x00000006c9f00000,0x00000006c9f00000)
  from space 6656K, 83% used [0x00000006c9f00000,0x00000006ca473a50,0x00000006ca580000)
  to   space 7168K, 0% used [0x00000006ce900000,0x00000006ce900000,0x00000006cf000000)
 ParOldGen       total 272384K, used 126702K [0x00000003c0000000, 0x00000003d0a00000, 0x000000066ab00000)
  object space 272384K, 46% used [0x00000003c0000000,0x00000003c7bbb988,0x00000003d0a00000)
 Metaspace       used 86514K, capacity 87576K, committed 87828K, reserved 1124352K
  class space    used 12251K, capacity 12504K, committed 12604K, reserved 1048576K
Event: 61.079 GC heap after
Heap after GC invocations=68 (full 6):
 PSYoungGen      total 1635328K, used 4078K [0x000000066ab00000, 0x00000006cef80000, 0x00000007c0000000)
  eden space 1628672K, 0% used [0x000000066ab00000,0x000000066ab00000,0x00000006ce180000)
  from space 6656K, 61% used [0x00000006ce900000,0x00000006cecfba40,0x00000006cef80000)
  to   space 7168K, 0% used [0x00000006ce180000,0x00000006ce180000,0x00000006ce880000)
 ParOldGen       total 272384K, used 127998K [0x00000003c0000000, 0x00000003d0a00000, 0x000000066ab00000)
  object space 272384K, 46% used [0x00000003c0000000,0x00000003c7cff998,0x00000003d0a00000)
 Metaspace       used 86514K, capacity 87576K, committed 87828K, reserved 1124352K
  class space    used 12251K, capacity 12504K, committed 12604K, reserved 1048576K
}
Event: 62.415 GC heap before
{Heap before GC invocations=69 (full 6):
 PSYoungGen      total 1635328K, used 1632750K [0x000000066ab00000, 0x00000006cef80000, 0x00000007c0000000)
  eden space 1628672K, 100% used [0x000000066ab00000,0x00000006ce180000,0x00000006ce180000)
  from space 6656K, 61% used [0x00000006ce900000,0x00000006cecfba40,0x00000006cef80000)
  to   space 7168K, 0% used [0x00000006ce180000,0x00000006ce180000,0x00000006ce880000)
 ParOldGen       total 272384K, used 127998K [0x00000003c0000000, 0x00000003d0a00000, 0x000000066ab00000)
  object space 272384K, 46% used [0x00000003c0000000,0x00000003c7cff998,0x00000003d0a00000)
 Metaspace       used 86514K, capacity 87576K, committed 87828K, reserved 1124352K
  class space    used 12251K, capacity 12504K, committed 12604K, reserved 1048576K
Event: 62.428 GC heap after
Heap after GC invocations=69 (full 6):
 PSYoungGen      total 1635840K, used 4718K [0x000000066ab00000, 0x00000006d3580000, 0x00000007c0000000)
  eden space 1628672K, 0% used [0x000000066ab00000,0x000000066ab00000,0x00000006ce180000)
  from space 7168K, 65% used [0x00000006ce180000,0x00000006ce61ba40,0x00000006ce880000)
  to   space 6656K, 0% used [0x00000006d2f00000,0x00000006d2f00000,0x00000006d3580000)
 ParOldGen       total 272384K, used 128142K [0x00000003c0000000, 0x00000003d0a00000, 0x000000066ab00000)
  object space 272384K, 47% used [0x00000003c0000000,0x00000003c7d23998,0x00000003d0a00000)
 Metaspace       used 86514K, capacity 87576K, committed 87828K, reserved 1124352K
  class space    used 12251K, capacity 12504K, committed 12604K, reserved 1048576K
}
Event: 63.714 GC heap before
{Heap before GC invocations=70 (full 6):
 PSYoungGen      total 1635840K, used 1633390K [0x000000066ab00000, 0x00000006d3580000, 0x00000007c0000000)
  eden space 1628672K, 100% used [0x000000066ab00000,0x00000006ce180000,0x00000006ce180000)
  from space 7168K, 65% used [0x00000006ce180000,0x00000006ce61ba40,0x00000006ce880000)
  to   space 6656K, 0% used [0x00000006d2f00000,0x00000006d2f00000,0x00000006d3580000)
 ParOldGen       total 272384K, used 128142K [0x00000003c0000000, 0x00000003d0a00000, 0x000000066ab00000)
  object space 272384K, 47% used [0x00000003c0000000,0x00000003c7d23998,0x00000003d0a00000)
 Metaspace       used 86515K, capacity 87576K, committed 87828K, reserved 1124352K
  class space    used 12251K, capacity 12504K, committed 12604K, reserved 1048576K
Event: 63.726 GC heap after
Heap after GC invocations=70 (full 6):
 PSYoungGen      total 1708032K, used 4142K [0x000000066ab00000, 0x00000006d3700000, 0x00000007c0000000)
  eden space 1701376K, 0% used [0x000000066ab00000,0x000000066ab00000,0x00000006d2880000)
  from space 6656K, 62% used [0x00000006d2f00000,0x00000006d330ba40,0x00000006d3580000)
  to   space 6656K, 0% used [0x00000006d2880000,0x00000006d2880000,0x00000006d2f00000)
 ParOldGen       total 272384K, used 128294K [0x00000003c0000000, 0x00000003d0a00000, 0x000000066ab00000)
  object space 272384K, 47% used [0x00000003c0000000,0x00000003c7d49998,0x00000003d0a00000)
 Metaspace       used 86515K, capacity 87576K, committed 87828K, reserved 1124352K
  class space    used 12251K, capacity 12504K, committed 12604K, reserved 1048576K
}
Event: 65.085 GC heap before
{Heap before GC invocations=71 (full 6):
 PSYoungGen      total 1708032K, used 1705518K [0x000000066ab00000, 0x00000006d3700000, 0x00000007c0000000)
  eden space 1701376K, 100% used [0x000000066ab00000,0x00000006d2880000,0x00000006d2880000)
  from space 6656K, 62% used [0x00000006d2f00000,0x00000006d330ba40,0x00000006d3580000)
  to   space 6656K, 0% used [0x00000006d2880000,0x00000006d2880000,0x00000006d2f00000)
 ParOldGen       total 272384K, used 128294K [0x00000003c0000000, 0x00000003d0a00000, 0x000000066ab00000)
  object space 272384K, 47% used [0x00000003c0000000,0x00000003c7d49998,0x00000003d0a00000)
 Metaspace       used 86515K, capacity 87576K, committed 87828K, reserved 1124352K
  class space    used 12251K, capacity 12504K, committed 12604K, reserved 1048576K
Event: 65.096 GC heap after
Heap after GC invocations=71 (full 6):
 PSYoungGen      total 1708032K, used 4142K [0x000000066ab00000, 0x00000006d8080000, 0x00000007c0000000)
  eden space 1701376K, 0% used [0x000000066ab00000,0x000000066ab00000,0x00000006d2880000)
  from space 6656K, 62% used [0x00000006d2880000,0x00000006d2c8ba40,0x00000006d2f00000)
  to   space 6656K, 0% used [0x00000006d7a00000,0x00000006d7a00000,0x00000006d8080000)
 ParOldGen       total 272384K, used 128590K [0x00000003c0000000, 0x00000003d0a00000, 0x000000066ab00000)
  object space 272384K, 47% used [0x00000003c0000000,0x00000003c7d93998,0x00000003d0a00000)
 Metaspace       used 86515K, capacity 87576K, committed 87828K, reserved 1124352K
  class space    used 12251K, capacity 12504K, committed 12604K, reserved 1048576K
}
Event: 66.467 GC heap before
{Heap before GC invocations=72 (full 6):
 PSYoungGen      total 1708032K, used 1705518K [0x000000066ab00000, 0x00000006d8080000, 0x00000007c0000000)
  eden space 1701376K, 100% used [0x000000066ab00000,0x00000006d2880000,0x00000006d2880000)
  from space 6656K, 62% used [0x00000006d2880000,0x00000006d2c8ba40,0x00000006d2f00000)
  to   space 6656K, 0% used [0x00000006d7a00000,0x00000006d7a00000,0x00000006d8080000)
 ParOldGen       total 272384K, used 128590K [0x00000003c0000000, 0x00000003d0a00000, 0x000000066ab00000)
  object space 272384K, 47% used [0x00000003c0000000,0x00000003c7d93998,0x00000003d0a00000)
 Metaspace       used 86515K, capacity 87576K, committed 87828K, reserved 1124352K
  class space    used 12251K, capacity 12504K, committed 12604K, reserved 1048576K
Event: 66.478 GC heap after
Heap after GC invocations=72 (full 6):
 PSYoungGen      total 1781760K, used 4142K [0x000000066ab00000, 0x00000006d7f00000, 0x00000007c0000000)
  eden space 1776640K, 0% used [0x000000066ab00000,0x000000066ab00000,0x00000006d7200000)
  from space 5120K, 80% used [0x00000006d7a00000,0x00000006d7e0ba40,0x00000006d7f00000)
  to   space 6656K, 0% used [0x00000006d7200000,0x00000006d7200000,0x00000006d7880000)
 ParOldGen       total 272384K, used 128750K [0x00000003c0000000, 0x00000003d0a00000, 0x000000066ab00000)
  object space 272384K, 47% used [0x00000003c0000000,0x00000003c7dbb998,0x00000003d0a00000)
 Metaspace       used 86515K, capacity 87576K, committed 87828K, reserved 1124352K
  class space    used 12251K, capacity 12504K, committed 12604K, reserved 1048576K
}
Event: 67.933 GC heap before
{Heap before GC invocations=73 (full 6):
 PSYoungGen      total 1781760K, used 1780782K [0x000000066ab00000, 0x00000006d7f00000, 0x00000007c0000000)
  eden space 1776640K, 100% used [0x000000066ab00000,0x00000006d7200000,0x00000006d7200000)
  from space 5120K, 80% used [0x00000006d7a00000,0x00000006d7e0ba40,0x00000006d7f00000)
  to   space 6656K, 0% used [0x00000006d7200000,0x00000006d7200000,0x00000006d7880000)
 ParOldGen       total 272384K, used 128750K [0x00000003c0000000, 0x00000003d0a00000, 0x000000066ab00000)
  object space 272384K, 47% used [0x00000003c0000000,0x00000003c7dbb998,0x00000003d0a00000)
 Metaspace       used 86516K, capacity 87576K, committed 87828K, reserved 1124352K
  class space    used 12251K, capacity 12504K, committed 12604K, reserved 1048576K
Event: 67.946 GC heap after
Heap after GC invocations=73 (full 6):
 PSYoungGen      total 1783296K, used 4494K [0x000000066ab00000, 0x00000006dcc00000, 0x00000007c0000000)
  eden space 1776640K, 0% used [0x000000066ab00000,0x000000066ab00000,0x00000006d7200000)
  from space 6656K, 67% used [0x00000006d7200000,0x00000006d7663a40,0x00000006d7880000)
  to   space 6144K, 0% used [0x00000006dc600000,0x00000006dc600000,0x00000006dcc00000)
 ParOldGen       total 272384K, used 128902K [0x00000003c0000000, 0x00000003d0a00000, 0x000000066ab00000)
  object space 272384K, 47% used [0x00000003c0000000,0x00000003c7de1998,0x00000003d0a00000)
 Metaspace       used 86516K, capacity 87576K, committed 87828K, reserved 1124352K
  class space    used 12251K, capacity 12504K, committed 12604K, reserved 1048576K
}
Event: 69.372 GC heap before
{Heap before GC invocations=74 (full 6):
 PSYoungGen      total 1783296K, used 1781134K [0x000000066ab00000, 0x00000006dcc00000, 0x00000007c0000000)
  eden space 1776640K, 100% used [0x000000066ab00000,0x00000006d7200000,0x00000006d7200000)
  from space 6656K, 67% used [0x00000006d7200000,0x00000006d7663a40,0x00000006d7880000)
  to   space 6144K, 0% used [0x00000006dc600000,0x00000006dc600000,0x00000006dcc00000)
 ParOldGen       total 272384K, used 128902K [0x00000003c0000000, 0x00000003d0a00000, 0x000000066ab00000)
  object space 272384K, 47% used [0x00000003c0000000,0x00000003c7de1998,0x00000003d0a00000)
 Metaspace       used 86518K, capacity 87576K, committed 87828K, reserved 1124352K
  class space    used 12251K, capacity 12504K, committed 12604K, reserved 1048576K
Event: 69.383 GC heap after
Heap after GC invocations=74 (full 6):
 PSYoungGen      total 1860608K, used 4078K [0x000000066ab00000, 0x00000006dcb00000, 0x00000007c0000000)
  eden space 1855488K, 0% used [0x000000066ab00000,0x000000066ab00000,0x00000006dbf00000)
  from space 5120K, 79% used [0x00000006dc600000,0x00000006dc9fba40,0x00000006dcb00000)
  to   space 6144K, 0% used [0x00000006dbf00000,0x00000006dbf00000,0x00000006dc500000)
 ParOldGen       total 272384K, used 129406K [0x00000003c0000000, 0x00000003d0a00000, 0x000000066ab00000)
  object space 272384K, 47% used [0x00000003c0000000,0x00000003c7e5f998,0x00000003d0a00000)
 Metaspace       used 86518K, capacity 87576K, committed 87828K, reserved 1124352K
  class space    used 12251K, capacity 12504K, committed 12604K, reserved 1048576K
}
Event: 70.908 GC heap before
{Heap before GC invocations=75 (full 6):
 PSYoungGen      total 1860608K, used 1859566K [0x000000066ab00000, 0x00000006dcb00000, 0x00000007c0000000)
  eden space 1855488K, 100% used [0x000000066ab00000,0x00000006dbf00000,0x00000006dbf00000)
  from space 5120K, 79% used [0x00000006dc600000,0x00000006dc9fba40,0x00000006dcb00000)
  to   space 6144K, 0% used [0x00000006dbf00000,0x00000006dbf00000,0x00000006dc500000)
 ParOldGen       total 272384K, used 129406K [0x00000003c0000000, 0x00000003d0a00000, 0x000000066ab00000)
  object space 272384K, 47% used [0x00000003c0000000,0x00000003c7e5f998,0x00000003d0a00000)
 Metaspace       used 86518K, capacity 87576K, committed 87828K, reserved 1124352K
  class space    used 12251K, capacity 12504K, committed 12604K, reserved 1048576K
Event: 70.919 GC heap after
Heap after GC invocations=75 (full 6):
 PSYoungGen      total 1861632K, used 4558K [0x000000066ab00000, 0x00000006e1900000, 0x00000007c0000000)
  eden space 1855488K, 0% used [0x000000066ab00000,0x000000066ab00000,0x00000006dbf00000)
  from space 6144K, 74% used [0x00000006dbf00000,0x00000006dc373a40,0x00000006dc500000)
  to   space 6144K, 0% used [0x00000006e1300000,0x00000006e1300000,0x00000006e1900000)
 ParOldGen       total 272384K, used 129590K [0x00000003c0000000, 0x00000003d0a00000, 0x000000066ab00000)
  object space 272384K, 47% used [0x00000003c0000000,0x00000003c7e8d998,0x00000003d0a00000)
 Metaspace       used 86518K, capacity 87576K, committed 87828K, reserved 1124352K
  class space    used 12251K, capacity 12504K, committed 12604K, reserved 1048576K
}
Event: 72.406 GC heap before
{Heap before GC invocations=76 (full 6):
 PSYoungGen      total 1861632K, used 1860046K [0x000000066ab00000, 0x00000006e1900000, 0x00000007c0000000)
  eden space 1855488K, 100% used [0x000000066ab00000,0x00000006dbf00000,0x00000006dbf00000)
  from space 6144K, 74% used [0x00000006dbf00000,0x00000006dc373a40,0x00000006dc500000)
  to   space 6144K, 0% used [0x00000006e1300000,0x00000006e1300000,0x00000006e1900000)
 ParOldGen       total 272384K, used 129590K [0x00000003c0000000, 0x00000003d0a00000, 0x000000066ab00000)
  object space 272384K, 47% used [0x00000003c0000000,0x00000003c7e8d998,0x00000003d0a00000)
 Metaspace       used 86518K, capacity 87576K, committed 87828K, reserved 1124352K
  class space    used 12251K, capacity 12504K, committed 12604K, reserved 1048576K
Event: 72.417 GC heap after
Heap after GC invocations=76 (full 6):
 PSYoungGen      total 1938432K, used 4046K [0x000000066ab00000, 0x00000006e1780000, 0x00000007c0000000)
  eden space 1933824K, 0% used [0x000000066ab00000,0x000000066ab00000,0x00000006e0b80000)
  from space 4608K, 87% used [0x00000006e1300000,0x00000006e16f3a40,0x00000006e1780000)
  to   space 6144K, 0% used [0x00000006e0b80000,0x00000006e0b80000,0x00000006e1180000)
 ParOldGen       total 272384K, used 129798K [0x00000003c0000000, 0x00000003d0a00000, 0x000000066ab00000)
  object space 272384K, 47% used [0x00000003c0000000,0x00000003c7ec1998,0x00000003d0a00000)
 Metaspace       used 86518K, capacity 87576K, committed 87828K, reserved 1124352K
  class space    used 12251K, capacity 12504K, committed 12604K, reserved 1048576K
}
Event: 74.002 GC heap before
{Heap before GC invocations=77 (full 6):
 PSYoungGen      total 1938432K, used 1937870K [0x000000066ab00000, 0x00000006e1780000, 0x00000007c0000000)
  eden space 1933824K, 100% used [0x000000066ab00000,0x00000006e0b80000,0x00000006e0b80000)
  from space 4608K, 87% used [0x00000006e1300000,0x00000006e16f3a40,0x00000006e1780000)
  to   space 6144K, 0% used [0x00000006e0b80000,0x00000006e0b80000,0x00000006e1180000)
 ParOldGen       total 272384K, used 129798K [0x00000003c0000000, 0x00000003d0a00000, 0x000000066ab00000)
  object space 272384K, 47% used [0x00000003c0000000,0x00000003c7ec1998,0x00000003d0a00000)
 Metaspace       used 86523K, capacity 87640K, committed 87828K, reserved 1124352K
  class space    used 12251K, capacity 12504K, committed 12604K, reserved 1048576K
Event: 74.014 GC heap after
Heap after GC invocations=77 (full 6):
 PSYoungGen      total 1939968K, used 3904K [0x000000066ab00000, 0x00000006e6680000, 0x00000007c0000000)
  eden space 1933824K, 0% used [0x000000066ab00000,0x000000066ab00000,0x00000006e0b80000)
  from space 6144K, 63% used [0x00000006e0b80000,0x00000006e0f50000,0x00000006e1180000)
  to   space 6144K, 0% used [0x00000006e6080000,0x00000006e6080000,0x00000006e6680000)
 ParOldGen       total 272384K, used 130196K [0x00000003c0000000, 0x00000003d0a00000, 0x000000066ab00000)
  object space 272384K, 47% used [0x00000003c0000000,0x00000003c7f253d8,0x00000003d0a00000)
 Metaspace       used 86523K, capacity 87640K, committed 87828K, reserved 1124352K
  class space    used 12251K, capacity 12504K, committed 12604K, reserved 1048576K
}
Event: 75.558 GC heap before
{Heap before GC invocations=78 (full 6):
 PSYoungGen      total 1939968K, used 1937728K [0x000000066ab00000, 0x00000006e6680000, 0x00000007c0000000)
  eden space 1933824K, 100% used [0x000000066ab00000,0x00000006e0b80000,0x00000006e0b80000)
  from space 6144K, 63% used [0x00000006e0b80000,0x00000006e0f50000,0x00000006e1180000)
  to   space 6144K, 0% used [0x00000006e6080000,0x00000006e6080000,0x00000006e6680000)
 ParOldGen       total 272384K, used 130196K [0x00000003c0000000, 0x00000003d0a00000, 0x000000066ab00000)
  object space 272384K, 47% used [0x00000003c0000000,0x00000003c7f253d8,0x00000003d0a00000)
 Metaspace       used 86523K, capacity 87640K, committed 87828K, reserved 1124352K
  class space    used 12251K, capacity 12504K, committed 12604K, reserved 1048576K
Event: 75.569 GC heap after
Heap after GC invocations=78 (full 6):
 PSYoungGen      total 2018816K, used 4000K [0x000000066ab00000, 0x00000006e6580000, 0x00000007c0000000)
  eden space 2013696K, 0% used [0x000000066ab00000,0x000000066ab00000,0x00000006e5980000)
  from space 5120K, 78% used [0x00000006e6080000,0x00000006e6468000,0x00000006e6580000)
  to   space 6144K, 0% used [0x00000006e5980000,0x00000006e5980000,0x00000006e5f80000)
 ParOldGen       total 272384K, used 130404K [0x00000003c0000000, 0x00000003d0a00000, 0x000000066ab00000)
  object space 272384K, 47% used [0x00000003c0000000,0x00000003c7f593d8,0x00000003d0a00000)
 Metaspace       used 86523K, capacity 87640K, committed 87828K, reserved 1124352K
  class space    used 12251K, capacity 12504K, committed 12604K, reserved 1048576K
}
Event: 77.203 GC heap before
{Heap before GC invocations=79 (full 6):
 PSYoungGen      total 2018816K, used 2017696K [0x000000066ab00000, 0x00000006e6580000, 0x00000007c0000000)
  eden space 2013696K, 100% used [0x000000066ab00000,0x00000006e5980000,0x00000006e5980000)
  from space 5120K, 78% used [0x00000006e6080000,0x00000006e6468000,0x00000006e6580000)
  to   space 6144K, 0% used [0x00000006e5980000,0x00000006e5980000,0x00000006e5f80000)
 ParOldGen       total 272384K, used 130404K [0x00000003c0000000, 0x00000003d0a00000, 0x000000066ab00000)
  object space 272384K, 47% used [0x00000003c0000000,0x00000003c7f593d8,0x00000003d0a00000)
 Metaspace       used 86523K, capacity 87640K, committed 87828K, reserved 1124352K
  class space    used 12251K, capacity 12504K, committed 12604K, reserved 1048576K
Event: 77.214 GC heap after
Heap after GC invocations=79 (full 6):
 PSYoungGen      total 2019840K, used 4000K [0x000000066ab00000, 0x00000006eb480000, 0x00000007c0000000)
  eden space 2013696K, 0% used [0x000000066ab00000,0x000000066ab00000,0x00000006e5980000)
  from space 6144K, 65% used [0x00000006e5980000,0x00000006e5d68000,0x00000006e5f80000)
  to   space 5632K, 0% used [0x00000006eaf00000,0x00000006eaf00000,0x00000006eb480000)
 ParOldGen       total 272384K, used 130612K [0x00000003c0000000, 0x00000003d0a00000, 0x000000066ab00000)
  object space 272384K, 47% used [0x00000003c0000000,0x00000003c7f8d3d8,0x00000003d0a00000)
 Metaspace       used 86523K, capacity 87640K, committed 87828K, reserved 1124352K
  class space    used 12251K, capacity 12504K, committed 12604K, reserved 1048576K
}
Event: 78.801 GC heap before
{Heap before GC invocations=80 (full 6):
 PSYoungGen      total 2019840K, used 2017696K [0x000000066ab00000, 0x00000006eb480000, 0x00000007c0000000)
  eden space 2013696K, 100% used [0x000000066ab00000,0x00000006e5980000,0x00000006e5980000)
  from space 6144K, 65% used [0x00000006e5980000,0x00000006e5d68000,0x00000006e5f80000)
  to   space 5632K, 0% used [0x00000006eaf00000,0x00000006eaf00000,0x00000006eb480000)
 ParOldGen       total 272384K, used 130612K [0x00000003c0000000, 0x00000003d0a00000, 0x000000066ab00000)
  object space 272384K, 47% used [0x00000003c0000000,0x00000003c7f8d3d8,0x00000003d0a00000)
 Metaspace       used 86523K, capacity 87640K, committed 87828K, reserved 1124352K
  class space    used 12251K, capacity 12504K, committed 12604K, reserved 1048576K
Event: 78.817 GC heap after
Heap after GC invocations=80 (full 6):
 PSYoungGen      total 2101248K, used 3904K [0x000000066ab00000, 0x00000006eb980000, 0x00000007c0000000)
  eden space 2095616K, 0% used [0x000000066ab00000,0x000000066ab00000,0x00000006ea980000)
  from space 5632K, 69% used [0x00000006eaf00000,0x00000006eb2d0000,0x00000006eb480000)
  to   space 5632K, 0% used [0x00000006ea980000,0x00000006ea980000,0x00000006eaf00000)
 ParOldGen       total 272384K, used 130948K [0x00000003c0000000, 0x00000003d0a00000, 0x000000066ab00000)
  object space 272384K, 48% used [0x00000003c0000000,0x00000003c7fe13d8,0x00000003d0a00000)
 Metaspace       used 86523K, capacity 87640K, committed 87828K, reserved 1124352K
  class space    used 12251K, capacity 12504K, committed 12604K, reserved 1048576K
}
Event: 80.549 GC heap before
{Heap before GC invocations=81 (full 6):
 PSYoungGen      total 2101248K, used 2099520K [0x000000066ab00000, 0x00000006eb980000, 0x00000007c0000000)
  eden space 2095616K, 100% used [0x000000066ab00000,0x00000006ea980000,0x00000006ea980000)
  from space 5632K, 69% used [0x00000006eaf00000,0x00000006eb2d0000,0x00000006eb480000)
  to   space 5632K, 0% used [0x00000006ea980000,0x00000006ea980000,0x00000006eaf00000)
 ParOldGen       total 272384K, used 130948K [0x00000003c0000000, 0x00000003d0a00000, 0x000000066ab00000)
  object space 272384K, 48% used [0x00000003c0000000,0x00000003c7fe13d8,0x00000003d0a00000)
 Metaspace       used 86523K, capacity 87640K, committed 87828K, reserved 1124352K
  class space    used 12251K, capacity 12504K, committed 12604K, reserved 1048576K
Event: 80.562 GC heap after
Heap after GC invocations=81 (full 6):
 PSYoungGen      total 2101248K, used 5600K [0x000000066ab00000, 0x00000006f0e00000, 0x00000007c0000000)
  eden space 2095616K, 0% used [0x000000066ab00000,0x000000066ab00000,0x00000006ea980000)
  from space 5632K, 99% used [0x00000006ea980000,0x00000006eaef8010,0x00000006eaf00000)
  to   space 6656K, 0% used [0x00000006f0780000,0x00000006f0780000,0x00000006f0e00000)
 ParOldGen       total 272384K, used 131860K [0x00000003c0000000, 0x00000003d0a00000, 0x000000066ab00000)
  object space 272384K, 48% used [0x00000003c0000000,0x00000003c80c53d8,0x00000003d0a00000)
 Metaspace       used 86523K, capacity 87640K, committed 87828K, reserved 1124352K
  class space    used 12251K, capacity 12504K, committed 12604K, reserved 1048576K
}
Event: 82.227 GC heap before
{Heap before GC invocations=82 (full 6):
 PSYoungGen      total 2101248K, used 2101216K [0x000000066ab00000, 0x00000006f0e00000, 0x00000007c0000000)
  eden space 2095616K, 100% used [0x000000066ab00000,0x00000006ea980000,0x00000006ea980000)
  from space 5632K, 99% used [0x00000006ea980000,0x00000006eaef8010,0x00000006eaf00000)
  to   space 6656K, 0% used [0x00000006f0780000,0x00000006f0780000,0x00000006f0e00000)
 ParOldGen       total 272384K, used 131860K [0x00000003c0000000, 0x00000003d0a00000, 0x000000066ab00000)
  object space 272384K, 48% used [0x00000003c0000000,0x00000003c80c53d8,0x00000003d0a00000)
 Metaspace       used 86526K, capacity 87640K, committed 87828K, reserved 1124352K
  class space    used 12251K, capacity 12504K, committed 12604K, reserved 1048576K
Event: 82.236 GC heap after
Heap after GC invocations=82 (full 6):
 PSYoungGen      total 2186752K, used 5632K [0x000000066ab00000, 0x00000006f0d80000, 0x00000007c0000000)
  eden space 2180608K, 0% used [0x000000066ab00000,0x000000066ab00000,0x00000006efc80000)
  from space 6144K, 91% used [0x00000006f0780000,0x00000006f0d00010,0x00000006f0d80000)
  to   space 6656K, 0% used [0x00000006f0080000,0x00000006f0080000,0x00000006f0700000)
 ParOldGen       total 272384K, used 132276K [0x00000003c0000000, 0x00000003d0a00000, 0x000000066ab00000)
  object space 272384K, 48% used [0x00000003c0000000,0x00000003c812d3d8,0x00000003d0a00000)
 Metaspace       used 86526K, capacity 87640K, committed 87828K, reserved 1124352K
  class space    used 12251K, capacity 12504K, committed 12604K, reserved 1048576K
}
Event: 83.929 GC heap before
{Heap before GC invocations=83 (full 6):
 PSYoungGen      total 2186752K, used 2186240K [0x000000066ab00000, 0x00000006f0d80000, 0x00000007c0000000)
  eden space 2180608K, 100% used [0x000000066ab00000,0x00000006efc80000,0x00000006efc80000)
  from space 6144K, 91% used [0x00000006f0780000,0x00000006f0d00010,0x00000006f0d80000)
  to   space 6656K, 0% used [0x00000006f0080000,0x00000006f0080000,0x00000006f0700000)
 ParOldGen       total 272384K, used 132276K [0x00000003c0000000, 0x00000003d0a00000, 0x000000066ab00000)
  object space 272384K, 48% used [0x00000003c0000000,0x00000003c812d3d8,0x00000003d0a00000)
 Metaspace       used 86530K, capacity 87640K, committed 87828K, reserved 1124352K
  class space    used 12251K, capacity 12504K, committed 12604K, reserved 1048576K
Event: 83.941 GC heap after
Heap after GC invocations=83 (full 6):
 PSYoungGen      total 2191360K, used 5920K [0x000000066ab00000, 0x00000006f5f00000, 0x00000007c0000000)
  eden space 2184704K, 0% used [0x000000066ab00000,0x000000066ab00000,0x00000006f0080000)
  from space 6656K, 88% used [0x00000006f0080000,0x00000006f0648010,0x00000006f0700000)
  to   space 7168K, 0% used [0x00000006f5800000,0x00000006f5800000,0x00000006f5f00000)
 ParOldGen       total 272384K, used 132284K [0x00000003c0000000, 0x00000003d0a00000, 0x000000066ab00000)
  object space 272384K, 48% used [0x00000003c0000000,0x00000003c812f3d8,0x00000003d0a00000)
 Metaspace       used 86530K, capacity 87640K, committed 87828K, reserved 1124352K
  class space    used 12251K, capacity 12504K, committed 12604K, reserved 1048576K
}
Event: 85.673 GC heap before
{Heap before GC invocations=84 (full 6):
 PSYoungGen      total 2191360K, used 2190624K [0x000000066ab00000, 0x00000006f5f00000, 0x00000007c0000000)
  eden space 2184704K, 100% used [0x000000066ab00000,0x00000006f0080000,0x00000006f0080000)
  from space 6656K, 88% used [0x00000006f0080000,0x00000006f0648010,0x00000006f0700000)
  to   space 7168K, 0% used [0x00000006f5800000,0x00000006f5800000,0x00000006f5f00000)
 ParOldGen       total 272384K, used 132284K [0x00000003c0000000, 0x00000003d0a00000, 0x000000066ab00000)
  object space 272384K, 48% used [0x00000003c0000000,0x00000003c812f3d8,0x00000003d0a00000)
 Metaspace       used 86530K, capacity 87640K, committed 87828K, reserved 1124352K
  class space    used 12251K, capacity 12504K, committed 12604K, reserved 1048576K
Event: 85.684 GC heap after
Heap after GC invocations=84 (full 6):
 PSYoungGen      total 2274304K, used 5952K [0x000000066ab00000, 0x00000006f6080000, 0x00000007c0000000)
  eden space 2267136K, 0% used [0x000000066ab00000,0x000000066ab00000,0x00000006f5100000)
  from space 7168K, 83% used [0x00000006f5800000,0x00000006f5dd0010,0x00000006f5f00000)
  to   space 7168K, 0% used [0x00000006f5100000,0x00000006f5100000,0x00000006f5800000)
 ParOldGen       total 272384K, used 132444K [0x00000003c0000000, 0x00000003d0a00000, 0x000000066ab00000)
  object space 272384K, 48% used [0x00000003c0000000,0x00000003c81573d8,0x00000003d0a00000)
 Metaspace       used 86530K, capacity 87640K, committed 87828K, reserved 1124352K
  class space    used 12251K, capacity 12504K, committed 12604K, reserved 1048576K
}
Event: 87.499 GC heap before
{Heap before GC invocations=85 (full 6):
 PSYoungGen      total 2274304K, used 2273088K [0x000000066ab00000, 0x00000006f6080000, 0x00000007c0000000)
  eden space 2267136K, 100% used [0x000000066ab00000,0x00000006f5100000,0x00000006f5100000)
  from space 7168K, 83% used [0x00000006f5800000,0x00000006f5dd0010,0x00000006f5f00000)
  to   space 7168K, 0% used [0x00000006f5100000,0x00000006f5100000,0x00000006f5800000)
 ParOldGen       total 272384K, used 132444K [0x00000003c0000000, 0x00000003d0a00000, 0x000000066ab00000)
  object space 272384K, 48% used [0x00000003c0000000,0x00000003c81573d8,0x00000003d0a00000)
 Metaspace       used 86532K, capacity 87640K, committed 87828K, reserved 1124352K
  class space    used 12251K, capacity 12504K, committed 12604K, reserved 1048576K
Event: 87.510 GC heap after
Heap after GC invocations=85 (full 6):
 PSYoungGen      total 2274304K, used 6304K [0x000000066ab00000, 0x00000006fb280000, 0x00000007c0000000)
  eden space 2267136K, 0% used [0x000000066ab00000,0x000000066ab00000,0x00000006f5100000)
  from space 7168K, 87% used [0x00000006f5100000,0x00000006f5728010,0x00000006f5800000)
  to   space 7680K, 0% used [0x00000006fab00000,0x00000006fab00000,0x00000006fb280000)
 ParOldGen       total 272384K, used 132628K [0x00000003c0000000, 0x00000003d0a00000, 0x000000066ab00000)
  object space 272384K, 48% used [0x00000003c0000000,0x00000003c81853d8,0x00000003d0a00000)
 Metaspace       used 86532K, capacity 87640K, committed 87828K, reserved 1124352K
  class space    used 12251K, capacity 12504K, committed 12604K, reserved 1048576K
}
Event: 89.290 GC heap before
{Heap before GC invocations=86 (full 6):
 PSYoungGen      total 2274304K, used 2273440K [0x000000066ab00000, 0x00000006fb280000, 0x00000007c0000000)
  eden space 2267136K, 100% used [0x000000066ab00000,0x00000006f5100000,0x00000006f5100000)
  from space 7168K, 87% used [0x00000006f5100000,0x00000006f5728010,0x00000006f5800000)
  to   space 7680K, 0% used [0x00000006fab00000,0x00000006fab00000,0x00000006fb280000)
 ParOldGen       total 272384K, used 132628K [0x00000003c0000000, 0x00000003d0a00000, 0x000000066ab00000)
  object space 272384K, 48% used [0x00000003c0000000,0x00000003c81853d8,0x00000003d0a00000)
 Metaspace       used 86532K, capacity 87640K, committed 87828K, reserved 1124352K
  class space    used 12251K, capacity 12504K, committed 12604K, reserved 1048576K
Event: 89.302 GC heap after
Heap after GC invocations=86 (full 6):
 PSYoungGen      total 2358272K, used 6624K [0x000000066ab00000, 0x00000006fb280000, 0x00000007c0000000)
  eden space 2350592K, 0% used [0x000000066ab00000,0x000000066ab00000,0x00000006fa280000)
  from space 7680K, 86% used [0x00000006fab00000,0x00000006fb178010,0x00000006fb280000)
  to   space 8192K, 0% used [0x00000006fa280000,0x00000006fa280000,0x00000006faa80000)
 ParOldGen       total 272384K, used 132852K [0x00000003c0000000, 0x00000003d0a00000, 0x000000066ab00000)
  object space 272384K, 48% used [0x00000003c0000000,0x00000003c81bd3d8,0x00000003d0a00000)
 Metaspace       used 86532K, capacity 87640K, committed 87828K, reserved 1124352K
  class space    used 12251K, capacity 12504K, committed 12604K, reserved 1048576K
}
Event: 91.184 GC heap before
{Heap before GC invocations=87 (full 6):
 PSYoungGen      total 2358272K, used 2357216K [0x000000066ab00000, 0x00000006fb280000, 0x00000007c0000000)
  eden space 2350592K, 100% used [0x000000066ab00000,0x00000006fa280000,0x00000006fa280000)
  from space 7680K, 86% used [0x00000006fab00000,0x00000006fb178010,0x00000006fb280000)
  to   space 8192K, 0% used [0x00000006fa280000,0x00000006fa280000,0x00000006faa80000)
 ParOldGen       total 272384K, used 132852K [0x00000003c0000000, 0x00000003d0a00000, 0x000000066ab00000)
  object space 272384K, 48% used [0x00000003c0000000,0x00000003c81bd3d8,0x00000003d0a00000)
 Metaspace       used 86532K, capacity 87640K, committed 87828K, reserved 1124352K
  class space    used 12251K, capacity 12504K, committed 12604K, reserved 1048576K
Event: 91.196 GC heap after
Heap after GC invocations=87 (full 6):
 PSYoungGen      total 2358784K, used 6528K [0x000000066ab00000, 0x0000000700600000, 0x00000007c0000000)
  eden space 2350592K, 0% used [0x000000066ab00000,0x000000066ab00000,0x00000006fa280000)
  from space 8192K, 79% used [0x00000006fa280000,0x00000006fa8e0010,0x00000006faa80000)
  to   space 8192K, 0% used [0x00000006ffe00000,0x00000006ffe00000,0x0000000700600000)
 ParOldGen       total 272384K, used 133012K [0x00000003c0000000, 0x00000003d0a00000, 0x000000066ab00000)
  object space 272384K, 48% used [0x00000003c0000000,0x00000003c81e53d8,0x00000003d0a00000)
 Metaspace       used 86532K, capacity 87640K, committed 87828K, reserved 1124352K
  class space    used 12251K, capacity 12504K, committed 12604K, reserved 1048576K
}
Event: 93.027 GC heap before
{Heap before GC invocations=88 (full 6):
 PSYoungGen      total 2358784K, used 2357120K [0x000000066ab00000, 0x0000000700600000, 0x00000007c0000000)
  eden space 2350592K, 100% used [0x000000066ab00000,0x00000006fa280000,0x00000006fa280000)
  from space 8192K, 79% used [0x00000006fa280000,0x00000006fa8e0010,0x00000006faa80000)
  to   space 8192K, 0% used [0x00000006ffe00000,0x00000006ffe00000,0x0000000700600000)
 ParOldGen       total 272384K, used 133012K [0x00000003c0000000, 0x00000003d0a00000, 0x000000066ab00000)
  object space 272384K, 48% used [0x00000003c0000000,0x00000003c81e53d8,0x00000003d0a00000)
 Metaspace       used 86532K, capacity 87640K, committed 87828K, reserved 1124352K
  class space    used 12251K, capacity 12504K, committed 12604K, reserved 1048576K
Event: 93.039 GC heap after
Heap after GC invocations=88 (full 6):
 PSYoungGen      total 2442240K, used 6400K [0x000000066ab00000, 0x0000000700500000, 0x00000007c0000000)
  eden space 2435072K, 0% used [0x000000066ab00000,0x000000066ab00000,0x00000006ff500000)
  from space 7168K, 89% used [0x00000006ffe00000,0x0000000700440010,0x0000000700500000)
  to   space 8192K, 0% used [0x00000006ff500000,0x00000006ff500000,0x00000006ffd00000)
 ParOldGen       total 272384K, used 133380K [0x00000003c0000000, 0x00000003d0a00000, 0x000000066ab00000)
  object space 272384K, 48% used [0x00000003c0000000,0x00000003c82413d8,0x00000003d0a00000)
 Metaspace       used 86532K, capacity 87640K, committed 87828K, reserved 1124352K
  class space    used 12251K, capacity 12504K, committed 12604K, reserved 1048576K
}
Event: 94.911 GC heap before
{Heap before GC invocations=89 (full 6):
 PSYoungGen      total 2442240K, used 2441472K [0x000000066ab00000, 0x0000000700500000, 0x00000007c0000000)
  eden space 2435072K, 100% used [0x000000066ab00000,0x00000006ff500000,0x00000006ff500000)
  from space 7168K, 89% used [0x00000006ffe00000,0x0000000700440010,0x0000000700500000)
  to   space 8192K, 0% used [0x00000006ff500000,0x00000006ff500000,0x00000006ffd00000)
 ParOldGen       total 272384K, used 133380K [0x00000003c0000000, 0x00000003d0a00000, 0x000000066ab00000)
  object space 272384K, 48% used [0x00000003c0000000,0x00000003c82413d8,0x00000003d0a00000)
 Metaspace       used 86536K, capacity 87640K, committed 87828K, reserved 1124352K
  class space    used 12251K, capacity 12504K, committed 12604K, reserved 1048576K
Event: 94.922 GC heap after
Heap after GC invocations=89 (full 6):
 PSYoungGen      total 2443264K, used 6400K [0x000000066ab00000, 0x0000000705a80000, 0x00000007c0000000)
  eden space 2435072K, 0% used [0x000000066ab00000,0x000000066ab00000,0x00000006ff500000)
  from space 8192K, 78% used [0x00000006ff500000,0x00000006ffb40010,0x00000006ffd00000)
  to   space 8704K, 0% used [0x0000000705200000,0x0000000705200000,0x0000000705a80000)
 ParOldGen       total 272384K, used 133556K [0x00000003c0000000, 0x00000003d0a00000, 0x000000066ab00000)
  object space 272384K, 49% used [0x00000003c0000000,0x00000003c826d3d8,0x00000003d0a00000)
 Metaspace       used 86536K, capacity 87640K, committed 87828K, reserved 1124352K
  class space    used 12251K, capacity 12504K, committed 12604K, reserved 1048576K
}
Event: 96.825 GC heap before
{Heap before GC invocations=90 (full 6):
 PSYoungGen      total 2443264K, used 2441472K [0x000000066ab00000, 0x0000000705a80000, 0x00000007c0000000)
  eden space 2435072K, 100% used [0x000000066ab00000,0x00000006ff500000,0x00000006ff500000)
  from space 8192K, 78% used [0x00000006ff500000,0x00000006ffb40010,0x00000006ffd00000)
  to   space 8704K, 0% used [0x0000000705200000,0x0000000705200000,0x0000000705a80000)
 ParOldGen       total 272384K, used 133556K [0x00000003c0000000, 0x00000003d0a00000, 0x000000066ab00000)
  object space 272384K, 49% used [0x00000003c0000000,0x00000003c826d3d8,0x00000003d0a00000)
 Metaspace       used 86536K, capacity 87640K, committed 87828K, reserved 1124352K
  class space    used 12251K, capacity 12504K, committed 12604K, reserved 1048576K
Event: 96.840 GC heap after
Heap after GC invocations=90 (full 6):
 PSYoungGen      total 2530304K, used 7072K [0x000000066ab00000, 0x0000000705d80000, 0x00000007c0000000)
  eden space 2521600K, 0% used [0x000000066ab00000,0x000000066ab00000,0x0000000704980000)
  from space 8704K, 81% used [0x0000000705200000,0x00000007058e8010,0x0000000705a80000)
  to   space 8704K, 0% used [0x0000000704980000,0x0000000704980000,0x0000000705200000)
 ParOldGen       total 272384K, used 133748K [0x00000003c0000000, 0x00000003d0a00000, 0x000000066ab00000)
  object space 272384K, 49% used [0x00000003c0000000,0x00000003c829d3d8,0x00000003d0a00000)
 Metaspace       used 86536K, capacity 87640K, committed 87828K, reserved 1124352K
  class space    used 12251K, capacity 12504K, committed 12604K, reserved 1048576K
}
Event: 98.876 GC heap before
{Heap before GC invocations=91 (full 6):
 PSYoungGen      total 2530304K, used 2528672K [0x000000066ab00000, 0x0000000705d80000, 0x00000007c0000000)
  eden space 2521600K, 100% used [0x000000066ab00000,0x0000000704980000,0x0000000704980000)
  from space 8704K, 81% used [0x0000000705200000,0x00000007058e8010,0x0000000705a80000)
  to   space 8704K, 0% used [0x0000000704980000,0x0000000704980000,0x0000000705200000)
 ParOldGen       total 272384K, used 133748K [0x00000003c0000000, 0x00000003d0a00000, 0x000000066ab00000)
  object space 272384K, 49% used [0x00000003c0000000,0x00000003c829d3d8,0x00000003d0a00000)
 Metaspace       used 86536K, capacity 87640K, committed 87828K, reserved 1124352K
  class space    used 12251K, capacity 12504K, committed 12604K, reserved 1048576K
Event: 98.889 GC heap after
Heap after GC invocations=91 (full 6):
 PSYoungGen      total 2530304K, used 6688K [0x000000066ab00000, 0x000000070b480000, 0x00000007c0000000)
  eden space 2521600K, 0% used [0x000000066ab00000,0x000000066ab00000,0x0000000704980000)
  from space 8704K, 76% used [0x0000000704980000,0x0000000705008010,0x0000000705200000)
  to   space 8704K, 0% used [0x000000070ac00000,0x000000070ac00000,0x000000070b480000)
 ParOldGen       total 272384K, used 133916K [0x00000003c0000000, 0x00000003d0a00000, 0x000000066ab00000)
  object space 272384K, 49% used [0x00000003c0000000,0x00000003c82c73d8,0x00000003d0a00000)
 Metaspace       used 86536K, capacity 87640K, committed 87828K, reserved 1124352K
  class space    used 12251K, capacity 12504K, committed 12604K, reserved 1048576K
}
Event: 100.846 GC heap before
{Heap before GC invocations=92 (full 6):
 PSYoungGen      total 2530304K, used 2528288K [0x000000066ab00000, 0x000000070b480000, 0x00000007c0000000)
  eden space 2521600K, 100% used [0x000000066ab00000,0x0000000704980000,0x0000000704980000)
  from space 8704K, 76% used [0x0000000704980000,0x0000000705008010,0x0000000705200000)
  to   space 8704K, 0% used [0x000000070ac00000,0x000000070ac00000,0x000000070b480000)
 ParOldGen       total 272384K, used 133916K [0x00000003c0000000, 0x00000003d0a00000, 0x000000066ab00000)
  object space 272384K, 49% used [0x00000003c0000000,0x00000003c82c73d8,0x00000003d0a00000)
 Metaspace       used 86536K, capacity 87640K, committed 87828K, reserved 1124352K
  class space    used 12251K, capacity 12504K, committed 12604K, reserved 1048576K
Event: 100.858 GC heap after
Heap after GC invocations=92 (full 6):
 PSYoungGen      total 2619392K, used 6624K [0x000000066ab00000, 0x000000070b300000, 0x00000007c0000000)
  eden space 2612224K, 0% used [0x000000066ab00000,0x000000066ab00000,0x000000070a200000)
  from space 7168K, 92% used [0x000000070ac00000,0x000000070b278010,0x000000070b300000)
  to   space 8704K, 0% used [0x000000070a200000,0x000000070a200000,0x000000070aa80000)
 ParOldGen       total 272384K, used 134156K [0x00000003c0000000, 0x00000003d0a00000, 0x000000066ab00000)
  object space 272384K, 49% used [0x00000003c0000000,0x00000003c83033d8,0x00000003d0a00000)
 Metaspace       used 86536K, capacity 87640K, committed 87828K, reserved 1124352K
  class space    used 12251K, capacity 12504K, committed 12604K, reserved 1048576K
}
Event: 102.943 GC heap before
{Heap before GC invocations=93 (full 6):
 PSYoungGen      total 2619392K, used 2618848K [0x000000066ab00000, 0x000000070b300000, 0x00000007c0000000)
  eden space 2612224K, 100% used [0x000000066ab00000,0x000000070a200000,0x000000070a200000)
  from space 7168K, 92% used [0x000000070ac00000,0x000000070b278010,0x000000070b300000)
  to   space 8704K, 0% used [0x000000070a200000,0x000000070a200000,0x000000070aa80000)
 ParOldGen       total 272384K, used 134156K [0x00000003c0000000, 0x00000003d0a00000, 0x000000066ab00000)
  object space 272384K, 49% used [0x00000003c0000000,0x00000003c83033d8,0x00000003d0a00000)
 Metaspace       used 86536K, capacity 87640K, committed 87828K, reserved 1124352K
  class space    used 12251K, capacity 12504K, committed 12604K, reserved 1048576K
Event: 102.960 GC heap after
Heap after GC invocations=93 (full 6):
 PSYoungGen      total 2620928K, used 6432K [0x000000066ab00000, 0x0000000711380000, 0x00000007c0000000)
  eden space 2612224K, 0% used [0x000000066ab00000,0x000000066ab00000,0x000000070a200000)
  from space 8704K, 73% used [0x000000070a200000,0x000000070a848010,0x000000070aa80000)
  to   space 8704K, 0% used [0x0000000710b00000,0x0000000710b00000,0x0000000711380000)
 ParOldGen       total 272384K, used 134484K [0x00000003c0000000, 0x00000003d0a00000, 0x000000066ab00000)
  object space 272384K, 49% used [0x00000003c0000000,0x00000003c83553d8,0x00000003d0a00000)
 Metaspace       used 86536K, capacity 87640K, committed 87828K, reserved 1124352K
  class space    used 12251K, capacity 12504K, committed 12604K, reserved 1048576K
}
Event: 104.995 GC heap before
{Heap before GC invocations=94 (full 6):
 PSYoungGen      total 2620928K, used 2618656K [0x000000066ab00000, 0x0000000711380000, 0x00000007c0000000)
  eden space 2612224K, 100% used [0x000000066ab00000,0x000000070a200000,0x000000070a200000)
  from space 8704K, 73% used [0x000000070a200000,0x000000070a848010,0x000000070aa80000)
  to   space 8704K, 0% used [0x0000000710b00000,0x0000000710b00000,0x0000000711380000)
 ParOldGen       total 272384K, used 134484K [0x00000003c0000000, 0x00000003d0a00000, 0x000000066ab00000)
  object space 272384K, 49% used [0x00000003c0000000,0x00000003c83553d8,0x00000003d0a00000)
 Metaspace       used 86539K, capacity 87640K, committed 87828K, reserved 1124352K
  class space    used 12251K, capacity 12504K, committed 12604K, reserved 1048576K
Event: 105.007 GC heap after
Heap after GC invocations=94 (full 6):
 PSYoungGen      total 2714624K, used 6592K [0x000000066ab00000, 0x0000000711180000, 0x00000007c0000000)
  eden space 2707968K, 0% used [0x000000066ab00000,0x000000066ab00000,0x000000070ff80000)
  from space 6656K, 99% used [0x0000000710b00000,0x0000000711170010,0x0000000711180000)
  to   space 8704K, 0% used [0x0000000710080000,0x0000000710080000,0x0000000710900000)
 ParOldGen       total 272384K, used 134716K [0x00000003c0000000, 0x00000003d0a00000, 0x000000066ab00000)
  object space 272384K, 49% used [0x00000003c0000000,0x00000003c838f3d8,0x00000003d0a00000)
 Metaspace       used 86539K, capacity 87640K, committed 87828K, reserved 1124352K
  class space    used 12251K, capacity 12504K, committed 12604K, reserved 1048576K
}
Event: 107.161 GC heap before
{Heap before GC invocations=95 (full 6):
 PSYoungGen      total 2714624K, used 2714560K [0x000000066ab00000, 0x0000000711180000, 0x00000007c0000000)
  eden space 2707968K, 100% used [0x000000066ab00000,0x000000070ff80000,0x000000070ff80000)
  from space 6656K, 99% used [0x0000000710b00000,0x0000000711170010,0x0000000711180000)
  to   space 8704K, 0% used [0x0000000710080000,0x0000000710080000,0x0000000710900000)
 ParOldGen       total 272384K, used 134716K [0x00000003c0000000, 0x00000003d0a00000, 0x000000066ab00000)
  object space 272384K, 49% used [0x00000003c0000000,0x00000003c838f3d8,0x00000003d0a00000)
 Metaspace       used 86539K, capacity 87640K, committed 87828K, reserved 1124352K
  class space    used 12251K, capacity 12504K, committed 12604K, reserved 1048576K
Event: 107.174 GC heap after
Heap after GC invocations=95 (full 6):
 PSYoungGen      total 2717696K, used 6592K [0x000000066ab00000, 0x0000000716f00000, 0x00000007c0000000)
  eden space 2708992K, 0% used [0x000000066ab00000,0x000000066ab00000,0x0000000710080000)
  from space 8704K, 75% used [0x0000000710080000,0x00000007106f0010,0x0000000710900000)
  to   space 8704K, 0% used [0x0000000716680000,0x0000000716680000,0x0000000716f00000)
 ParOldGen       total 272384K, used 134996K [0x00000003c0000000, 0x00000003d0a00000, 0x000000066ab00000)
  object space 272384K, 49% used [0x00000003c0000000,0x00000003c83d53d8,0x00000003d0a00000)
 Metaspace       used 86539K, capacity 87640K, committed 87828K, reserved 1124352K
  class space    used 12251K, capacity 12504K, committed 12604K, reserved 1048576K
}
Event: 109.290 GC heap before
{Heap before GC invocations=96 (full 6):
 PSYoungGen      total 2717696K, used 2715584K [0x000000066ab00000, 0x0000000716f00000, 0x00000007c0000000)
  eden space 2708992K, 100% used [0x000000066ab00000,0x0000000710080000,0x0000000710080000)
  from space 8704K, 75% used [0x0000000710080000,0x00000007106f0010,0x0000000710900000)
  to   space 8704K, 0% used [0x0000000716680000,0x0000000716680000,0x0000000716f00000)
 ParOldGen       total 272384K, used 134996K [0x00000003c0000000, 0x00000003d0a00000, 0x000000066ab00000)
  object space 272384K, 49% used [0x00000003c0000000,0x00000003c83d53d8,0x00000003d0a00000)
 Metaspace       used 86539K, capacity 87640K, committed 87828K, reserved 1124352K
  class space    used 12251K, capacity 12504K, committed 12604K, reserved 1048576K
Event: 109.302 GC heap after
Heap after GC invocations=96 (full 6):
 PSYoungGen      total 2811392K, used 4768K [0x000000066ab00000, 0x0000000716e00000, 0x00000007c0000000)
  eden space 2803712K, 0% used [0x000000066ab00000,0x000000066ab00000,0x0000000715d00000)
  from space 7680K, 62% used [0x0000000716680000,0x0000000716b28000,0x0000000716e00000)
  to   space 8704K, 0% used [0x0000000715d00000,0x0000000715d00000,0x0000000716580000)
 ParOldGen       total 272384K, used 137276K [0x00000003c0000000, 0x00000003d0a00000, 0x000000066ab00000)
  object space 272384K, 50% used [0x00000003c0000000,0x00000003c860f3e8,0x00000003d0a00000)
 Metaspace       used 86539K, capacity 87640K, committed 87828K, reserved 1124352K
  class space    used 12251K, capacity 12504K, committed 12604K, reserved 1048576K
}
Event: 111.545 GC heap before
{Heap before GC invocations=97 (full 6):
 PSYoungGen      total 2811392K, used 2808480K [0x000000066ab00000, 0x0000000716e00000, 0x00000007c0000000)
  eden space 2803712K, 100% used [0x000000066ab00000,0x0000000715d00000,0x0000000715d00000)
  from space 7680K, 62% used [0x0000000716680000,0x0000000716b28000,0x0000000716e00000)
  to   space 8704K, 0% used [0x0000000715d00000,0x0000000715d00000,0x0000000716580000)
 ParOldGen       total 272384K, used 137276K [0x00000003c0000000, 0x00000003d0a00000, 0x000000066ab00000)
  object space 272384K, 50% used [0x00000003c0000000,0x00000003c860f3e8,0x00000003d0a00000)
 Metaspace       used 86539K, capacity 87640K, committed 87828K, reserved 1124352K
  class space    used 12251K, capacity 12504K, committed 12604K, reserved 1048576K
Event: 111.559 GC heap after
Heap after GC invocations=97 (full 6):
 PSYoungGen      total 2812416K, used 4768K [0x000000066ab00000, 0x000000071ce00000, 0x00000007c0000000)
  eden space 2803712K, 0% used [0x000000066ab00000,0x000000066ab00000,0x0000000715d00000)
  from space 8704K, 54% used [0x0000000715d00000,0x00000007161a8000,0x0000000716580000)
  to   space 8704K, 0% used [0x000000071c580000,0x000000071c580000,0x000000071ce00000)
 ParOldGen       total 272384K, used 137468K [0x00000003c0000000, 0x00000003d0a00000, 0x000000066ab00000)
  object space 272384K, 50% used [0x00000003c0000000,0x00000003c863f3e8,0x00000003d0a00000)
 Metaspace       used 86539K, capacity 87640K, committed 87828K, reserved 1124352K
  class space    used 12251K, capacity 12504K, committed 12604K, reserved 1048576K
}
Event: 113.736 GC heap before
{Heap before GC invocations=98 (full 6):
 PSYoungGen      total 2812416K, used 2808480K [0x000000066ab00000, 0x000000071ce00000, 0x00000007c0000000)
  eden space 2803712K, 100% used [0x000000066ab00000,0x0000000715d00000,0x0000000715d00000)
  from space 8704K, 54% used [0x0000000715d00000,0x00000007161a8000,0x0000000716580000)
  to   space 8704K, 0% used [0x000000071c580000,0x000000071c580000,0x000000071ce00000)
 ParOldGen       total 272384K, used 137468K [0x00000003c0000000, 0x00000003d0a00000, 0x000000066ab00000)
  object space 272384K, 50% used [0x00000003c0000000,0x00000003c863f3e8,0x00000003d0a00000)
 Metaspace       used 86540K, capacity 87640K, committed 87828K, reserved 1124352K
  class space    used 12251K, capacity 12504K, committed 12604K, reserved 1048576K
Event: 113.750 GC heap after
Heap after GC invocations=98 (full 6):
 PSYoungGen      total 2910720K, used 5152K [0x000000066ab00000, 0x000000071cf00000, 0x00000007c0000000)
  eden space 2902016K, 0% used [0x000000066ab00000,0x000000066ab00000,0x000000071bd00000)
  from space 8704K, 59% used [0x000000071c580000,0x000000071ca88000,0x000000071ce00000)
  to   space 8704K, 0% used [0x000000071bd00000,0x000000071bd00000,0x000000071c580000)
 ParOldGen       total 272384K, used 137660K [0x00000003c0000000, 0x00000003d0a00000, 0x000000066ab00000)
  object space 272384K, 50% used [0x00000003c0000000,0x00000003c866f3e8,0x00000003d0a00000)
 Metaspace       used 86540K, capacity 87640K, committed 87828K, reserved 1124352K
  class space    used 12251K, capacity 12504K, committed 12604K, reserved 1048576K
}
Event: 116.062 GC heap before
{Heap before GC invocations=99 (full 6):
 PSYoungGen      total 2910720K, used 2907168K [0x000000066ab00000, 0x000000071cf00000, 0x00000007c0000000)
  eden space 2902016K, 100% used [0x000000066ab00000,0x000000071bd00000,0x000000071bd00000)
  from space 8704K, 59% used [0x000000071c580000,0x000000071ca88000,0x000000071ce00000)
  to   space 8704K, 0% used [0x000000071bd00000,0x000000071bd00000,0x000000071c580000)
 ParOldGen       total 272384K, used 137660K [0x00000003c0000000, 0x00000003d0a00000, 0x000000066ab00000)
  object space 272384K, 50% used [0x00000003c0000000,0x00000003c866f3e8,0x00000003d0a00000)
 Metaspace       used 86540K, capacity 87640K, committed 87828K, reserved 1124352K
  class space    used 12251K, capacity 12504K, committed 12604K, reserved 1048576K

