# JRE version: OpenJDK Runtime Environment (8.0_252-b09) (build 1.8.0_252-b09)
# Java VM: OpenJDK 64-Bit Server VM (25.252-b09 mixed mode linux-amd64 compressed oops)
Heap:
 PSYoungGen      total 2954752K, used 64K [0x000000066ab00000, 0x0000000720400000, 0x00000007c0000000)
  eden space 2944000K, 0% used [0x000000066ab00000,0x000000066ab00000,0x000000071e600000)
  from space 10752K, 0% used [0x000000071ef00000,0x000000071ef10000,0x000000071f980000)
  to   space 512K, 0% used [0x0000000720380000,0x0000000720380000,0x0000000720400000)
 ParOldGen       total 269312K, used 131291K [0x00000003c0000000, 0x00000003d0700000, 0x000000066ab00000)
  object space 269312K, 48% used [0x00000003c0000000,0x00000003c8036da8,0x00000003d0700000)
 Metaspace       used 86001K, capacity 86974K, committed 87256K, reserved 1124352K
  class space    used 12165K, capacity 12412K, committed 12504K, reserved 1048576K
GC Heap History (161 events):
Event: 0.444 GC heap before
{Heap before GC invocations=1 (full 0):
 PSYoungGen      total 18432K, used 15872K [0x000000066ab00000, 0x000000066bf80000, 0x00000007c0000000)
  eden space 15872K, 100% used [0x000000066ab00000,0x000000066ba80000,0x000000066ba80000)
  from space 2560K, 0% used [0x000000066bd00000,0x000000066bd00000,0x000000066bf80000)
  to   space 2560K, 0% used [0x000000066ba80000,0x000000066ba80000,0x000000066bd00000)
 ParOldGen       total 42496K, used 0K [0x00000003c0000000, 0x00000003c2980000, 0x000000066ab00000)
  object space 42496K, 0% used [0x00000003c0000000,0x00000003c0000000,0x00000003c2980000)
 Metaspace       used 4968K, capacity 5944K, committed 6016K, reserved 1056768K
  class space    used 542K, capacity 616K, committed 640K, reserved 1048576K
Event: 0.448 GC heap after
Heap after GC invocations=1 (full 0):
 PSYoungGen      total 18432K, used 2536K [0x000000066ab00000, 0x000000066bf80000, 0x00000007c0000000)
  eden space 15872K, 0% used [0x000000066ab00000,0x000000066ab00000,0x000000066ba80000)
  from space 2560K, 99% used [0x000000066ba80000,0x000000066bcfa320,0x000000066bd00000)
  to   space 2560K, 0% used [0x000000066bd00000,0x000000066bd00000,0x000000066bf80000)
 ParOldGen       total 42496K, used 498K [0x00000003c0000000, 0x00000003c2980000, 0x000000066ab00000)
  object space 42496K, 1% used [0x00000003c0000000,0x00000003c007ca30,0x00000003c2980000)
 Metaspace       used 4968K, capacity 5944K, committed 6016K, reserved 1056768K
  class space    used 542K, capacity 616K, committed 640K, reserved 1048576K
}
Event: 0.862 GC heap before
{Heap before GC invocations=2 (full 0):
 PSYoungGen      total 18432K, used 18408K [0x000000066ab00000, 0x000000066bf80000, 0x00000007c0000000)
  eden space 15872K, 100% used [0x000000066ab00000,0x000000066ba80000,0x000000066ba80000)
  from space 2560K, 99% used [0x000000066ba80000,0x000000066bcfa320,0x000000066bd00000)
  to   space 2560K, 0% used [0x000000066bd00000,0x000000066bd00000,0x000000066bf80000)
 ParOldGen       total 42496K, used 498K [0x00000003c0000000, 0x00000003c2980000, 0x000000066ab00000)
  object space 42496K, 1% used [0x00000003c0000000,0x00000003c007ca30,0x00000003c2980000)
 Metaspace       used 9296K, capacity 9328K, committed 9472K, reserved 1056768K
  class space    used 1220K, capacity 1232K, committed 1280K, reserved 1048576K
Event: 0.866 GC heap after
Heap after GC invocations=2 (full 0):
 PSYoungGen      total 18432K, used 2540K [0x000000066ab00000, 0x000000066bf80000, 0x00000007c0000000)
  eden space 15872K, 0% used [0x000000066ab00000,0x000000066ab00000,0x000000066ba80000)
  from space 2560K, 99% used [0x000000066bd00000,0x000000066bf7b300,0x000000066bf80000)
  to   space 2560K, 0% used [0x000000066ba80000,0x000000066ba80000,0x000000066bd00000)
 ParOldGen       total 42496K, used 1643K [0x00000003c0000000, 0x00000003c2980000, 0x000000066ab00000)
  object space 42496K, 3% used [0x00000003c0000000,0x00000003c019aff0,0x00000003c2980000)
 Metaspace       used 9296K, capacity 9328K, committed 9472K, reserved 1056768K
  class space    used 1220K, capacity 1232K, committed 1280K, reserved 1048576K
}
Event: 1.135 GC heap before
{Heap before GC invocations=3 (full 0):
 PSYoungGen      total 18432K, used 18412K [0x000000066ab00000, 0x000000066bf80000, 0x00000007c0000000)
  eden space 15872K, 100% used [0x000000066ab00000,0x000000066ba80000,0x000000066ba80000)
  from space 2560K, 99% used [0x000000066bd00000,0x000000066bf7b300,0x000000066bf80000)
  to   space 2560K, 0% used [0x000000066ba80000,0x000000066ba80000,0x000000066bd00000)
 ParOldGen       total 42496K, used 1643K [0x00000003c0000000, 0x00000003c2980000, 0x000000066ab00000)
  object space 42496K, 3% used [0x00000003c0000000,0x00000003c019aff0,0x00000003c2980000)
 Metaspace       used 11364K, capacity 11440K, committed 11648K, reserved 1058816K
  class space    used 1531K, capacity 1552K, committed 1664K, reserved 1048576K
Event: 1.139 GC heap after
Heap after GC invocations=3 (full 0):
 PSYoungGen      total 18432K, used 2531K [0x000000066ab00000, 0x000000066cf00000, 0x00000007c0000000)
  eden space 15872K, 0% used [0x000000066ab00000,0x000000066ab00000,0x000000066ba80000)
  from space 2560K, 98% used [0x000000066ba80000,0x000000066bcf8da0,0x000000066bd00000)
  to   space 2560K, 0% used [0x000000066cc80000,0x000000066cc80000,0x000000066cf00000)
 ParOldGen       total 42496K, used 2803K [0x00000003c0000000, 0x00000003c2980000, 0x000000066ab00000)
  object space 42496K, 6% used [0x00000003c0000000,0x00000003c02bcfb0,0x00000003c2980000)
 Metaspace       used 11364K, capacity 11440K, committed 11648K, reserved 1058816K
  class space    used 1531K, capacity 1552K, committed 1664K, reserved 1048576K
}
Event: 1.315 GC heap before
{Heap before GC invocations=4 (full 0):
 PSYoungGen      total 18432K, used 18403K [0x000000066ab00000, 0x000000066cf00000, 0x00000007c0000000)
  eden space 15872K, 100% used [0x000000066ab00000,0x000000066ba80000,0x000000066ba80000)
  from space 2560K, 98% used [0x000000066ba80000,0x000000066bcf8da0,0x000000066bd00000)
  to   space 2560K, 0% used [0x000000066cc80000,0x000000066cc80000,0x000000066cf00000)
 ParOldGen       total 42496K, used 2803K [0x00000003c0000000, 0x00000003c2980000, 0x000000066ab00000)
  object space 42496K, 6% used [0x00000003c0000000,0x00000003c02bcfb0,0x00000003c2980000)
 Metaspace       used 12935K, capacity 13072K, committed 13312K, reserved 1060864K
  class space    used 1728K, capacity 1776K, committed 1792K, reserved 1048576K
Event: 1.319 GC heap after
Heap after GC invocations=4 (full 0):
 PSYoungGen      total 34304K, used 2558K [0x000000066ab00000, 0x000000066cf00000, 0x00000007c0000000)
  eden space 31744K, 0% used [0x000000066ab00000,0x000000066ab00000,0x000000066ca00000)
  from space 2560K, 99% used [0x000000066cc80000,0x000000066ceffa18,0x000000066cf00000)
  to   space 2560K, 0% used [0x000000066ca00000,0x000000066ca00000,0x000000066cc80000)
 ParOldGen       total 42496K, used 3826K [0x00000003c0000000, 0x00000003c2980000, 0x000000066ab00000)
  object space 42496K, 9% used [0x00000003c0000000,0x00000003c03bcb90,0x00000003c2980000)
 Metaspace       used 12935K, capacity 13072K, committed 13312K, reserved 1060864K
  class space    used 1728K, capacity 1776K, committed 1792K, reserved 1048576K
}
Event: 1.825 GC heap before
{Heap before GC invocations=5 (full 0):
 PSYoungGen      total 34304K, used 34302K [0x000000066ab00000, 0x000000066cf00000, 0x00000007c0000000)
  eden space 31744K, 100% used [0x000000066ab00000,0x000000066ca00000,0x000000066ca00000)
  from space 2560K, 99% used [0x000000066cc80000,0x000000066ceffa18,0x000000066cf00000)
  to   space 2560K, 0% used [0x000000066ca00000,0x000000066ca00000,0x000000066cc80000)
 ParOldGen       total 42496K, used 3826K [0x00000003c0000000, 0x00000003c2980000, 0x000000066ab00000)
  object space 42496K, 9% used [0x00000003c0000000,0x00000003c03bcb90,0x00000003c2980000)
 Metaspace       used 15321K, capacity 15350K, committed 15616K, reserved 1062912K
  class space    used 1979K, capacity 2001K, committed 2048K, reserved 1048576K
Event: 1.832 GC heap after
Heap after GC invocations=5 (full 0):
 PSYoungGen      total 34304K, used 2542K [0x000000066ab00000, 0x000000066f300000, 0x00000007c0000000)
  eden space 31744K, 0% used [0x000000066ab00000,0x000000066ab00000,0x000000066ca00000)
  from space 2560K, 99% used [0x000000066ca00000,0x000000066cc7ba28,0x000000066cc80000)
  to   space 5120K, 0% used [0x000000066ee00000,0x000000066ee00000,0x000000066f300000)
 ParOldGen       total 42496K, used 6182K [0x00000003c0000000, 0x00000003c2980000, 0x000000066ab00000)
  object space 42496K, 14% used [0x00000003c0000000,0x00000003c0609b30,0x00000003c2980000)
 Metaspace       used 15321K, capacity 15350K, committed 15616K, reserved 1062912K
  class space    used 1979K, capacity 2001K, committed 2048K, reserved 1048576K
}
Event: 2.163 GC heap before
{Heap before GC invocations=6 (full 0):
 PSYoungGen      total 34304K, used 34286K [0x000000066ab00000, 0x000000066f300000, 0x00000007c0000000)
  eden space 31744K, 100% used [0x000000066ab00000,0x000000066ca00000,0x000000066ca00000)
  from space 2560K, 99% used [0x000000066ca00000,0x000000066cc7ba28,0x000000066cc80000)
  to   space 5120K, 0% used [0x000000066ee00000,0x000000066ee00000,0x000000066f300000)
 ParOldGen       total 42496K, used 6182K [0x00000003c0000000, 0x00000003c2980000, 0x000000066ab00000)
  object space 42496K, 14% used [0x00000003c0000000,0x00000003c0609b30,0x00000003c2980000)
 Metaspace       used 15676K, capacity 15752K, committed 15872K, reserved 1062912K
  class space    used 1982K, capacity 2004K, committed 2048K, reserved 1048576K
Event: 2.174 GC heap after
Heap after GC invocations=6 (full 0):
 PSYoungGen      total 68608K, used 3630K [0x000000066ab00000, 0x000000066f300000, 0x00000007c0000000)
  eden space 63488K, 0% used [0x000000066ab00000,0x000000066ab00000,0x000000066e900000)
  from space 5120K, 70% used [0x000000066ee00000,0x000000066f18ba28,0x000000066f300000)
  to   space 5120K, 0% used [0x000000066e900000,0x000000066e900000,0x000000066ee00000)
 ParOldGen       total 42496K, used 6182K [0x00000003c0000000, 0x00000003c2980000, 0x000000066ab00000)
  object space 42496K, 14% used [0x00000003c0000000,0x00000003c0609b30,0x00000003c2980000)
 Metaspace       used 15676K, capacity 15752K, committed 15872K, reserved 1062912K
  class space    used 1982K, capacity 2004K, committed 2048K, reserved 1048576K
}
Event: 2.790 GC heap before
{Heap before GC invocations=7 (full 0):
 PSYoungGen      total 68608K, used 67118K [0x000000066ab00000, 0x000000066f300000, 0x00000007c0000000)
  eden space 63488K, 100% used [0x000000066ab00000,0x000000066e900000,0x000000066e900000)
  from space 5120K, 70% used [0x000000066ee00000,0x000000066f18ba28,0x000000066f300000)
  to   space 5120K, 0% used [0x000000066e900000,0x000000066e900000,0x000000066ee00000)
 ParOldGen       total 42496K, used 6182K [0x00000003c0000000, 0x00000003c2980000, 0x000000066ab00000)
  object space 42496K, 14% used [0x00000003c0000000,0x00000003c0609b30,0x00000003c2980000)
 Metaspace       used 17087K, capacity 17256K, committed 17408K, reserved 1064960K
  class space    used 2191K, capacity 2228K, committed 2304K, reserved 1048576K
Event: 2.799 GC heap after
Heap after GC invocations=7 (full 0):
 PSYoungGen      total 68608K, used 4565K [0x000000066ab00000, 0x0000000673100000, 0x00000007c0000000)
  eden space 63488K, 0% used [0x000000066ab00000,0x000000066ab00000,0x000000066e900000)
  from space 5120K, 89% used [0x000000066e900000,0x000000066ed75478,0x000000066ee00000)
  to   space 5120K, 0% used [0x0000000672c00000,0x0000000672c00000,0x0000000673100000)
 ParOldGen       total 42496K, used 7219K [0x00000003c0000000, 0x00000003c2980000, 0x000000066ab00000)
  object space 42496K, 16% used [0x00000003c0000000,0x00000003c070ce68,0x00000003c2980000)
 Metaspace       used 17087K, capacity 17256K, committed 17408K, reserved 1064960K
  class space    used 2191K, capacity 2228K, committed 2304K, reserved 1048576K
}
Event: 3.279 GC heap before
{Heap before GC invocations=8 (full 0):
 PSYoungGen      total 68608K, used 45169K [0x000000066ab00000, 0x0000000673100000, 0x00000007c0000000)
  eden space 63488K, 63% used [0x000000066ab00000,0x000000066d2a7360,0x000000066e900000)
  from space 5120K, 89% used [0x000000066e900000,0x000000066ed75478,0x000000066ee00000)
  to   space 5120K, 0% used [0x0000000672c00000,0x0000000672c00000,0x0000000673100000)
 ParOldGen       total 42496K, used 7219K [0x00000003c0000000, 0x00000003c2980000, 0x000000066ab00000)
  object space 42496K, 16% used [0x00000003c0000000,0x00000003c070ce68,0x00000003c2980000)
 Metaspace       used 20819K, capacity 21000K, committed 21248K, reserved 1067008K
  class space    used 2653K, capacity 2728K, committed 2816K, reserved 1048576K
Event: 3.287 GC heap after
Heap after GC invocations=8 (full 0):
 PSYoungGen      total 131072K, used 5092K [0x000000066ab00000, 0x0000000673300000, 0x00000007c0000000)
  eden space 125952K, 0% used [0x000000066ab00000,0x000000066ab00000,0x0000000672600000)
  from space 5120K, 99% used [0x0000000672c00000,0x00000006730f9108,0x0000000673100000)
  to   space 6144K, 0% used [0x0000000672600000,0x0000000672600000,0x0000000672c00000)
 ParOldGen       total 42496K, used 8108K [0x00000003c0000000, 0x00000003c2980000, 0x000000066ab00000)
  object space 42496K, 19% used [0x00000003c0000000,0x00000003c07eb140,0x00000003c2980000)
 Metaspace       used 20819K, capacity 21000K, committed 21248K, reserved 1067008K
  class space    used 2653K, capacity 2728K, committed 2816K, reserved 1048576K
}
Event: 3.287 GC heap before
{Heap before GC invocations=9 (full 1):
 PSYoungGen      total 131072K, used 5092K [0x000000066ab00000, 0x0000000673300000, 0x00000007c0000000)
  eden space 125952K, 0% used [0x000000066ab00000,0x000000066ab00000,0x0000000672600000)
  from space 5120K, 99% used [0x0000000672c00000,0x00000006730f9108,0x0000000673100000)
  to   space 6144K, 0% used [0x0000000672600000,0x0000000672600000,0x0000000672c00000)
 ParOldGen       total 42496K, used 8108K [0x00000003c0000000, 0x00000003c2980000, 0x000000066ab00000)
  object space 42496K, 19% used [0x00000003c0000000,0x00000003c07eb140,0x00000003c2980000)
 Metaspace       used 20819K, capacity 21000K, committed 21248K, reserved 1067008K
  class space    used 2653K, capacity 2728K, committed 2816K, reserved 1048576K
Event: 3.318 GC heap after
Heap after GC invocations=9 (full 1):
 PSYoungGen      total 131072K, used 0K [0x000000066ab00000, 0x0000000673300000, 0x00000007c0000000)
  eden space 125952K, 0% used [0x000000066ab00000,0x000000066ab00000,0x0000000672600000)
  from space 5120K, 0% used [0x0000000672c00000,0x0000000672c00000,0x0000000673100000)
  to   space 6144K, 0% used [0x0000000672600000,0x0000000672600000,0x0000000672c00000)
 ParOldGen       total 31744K, used 7469K [0x00000003c0000000, 0x00000003c1f00000, 0x000000066ab00000)
  object space 31744K, 23% used [0x00000003c0000000,0x00000003c074b6f0,0x00000003c1f00000)
 Metaspace       used 20819K, capacity 21000K, committed 21248K, reserved 1067008K
  class space    used 2653K, capacity 2728K, committed 2816K, reserved 1048576K
}
Event: 4.988 GC heap before
{Heap before GC invocations=10 (full 1):
 PSYoungGen      total 131072K, used 125952K [0x000000066ab00000, 0x0000000673300000, 0x00000007c0000000)
  eden space 125952K, 100% used [0x000000066ab00000,0x0000000672600000,0x0000000672600000)
  from space 5120K, 0% used [0x0000000672c00000,0x0000000672c00000,0x0000000673100000)
  to   space 6144K, 0% used [0x0000000672600000,0x0000000672600000,0x0000000672c00000)
 ParOldGen       total 31744K, used 7469K [0x00000003c0000000, 0x00000003c1f00000, 0x000000066ab00000)
  object space 31744K, 23% used [0x00000003c0000000,0x00000003c074b6f0,0x00000003c1f00000)
 Metaspace       used 32392K, capacity 32610K, committed 33024K, reserved 1077248K
  class space    used 4222K, capacity 4309K, committed 4352K, reserved 1048576K
Event: 5.001 GC heap after
Heap after GC invocations=10 (full 1):
 PSYoungGen      total 132096K, used 6126K [0x000000066ab00000, 0x0000000676580000, 0x00000007c0000000)
  eden space 125952K, 0% used [0x000000066ab00000,0x000000066ab00000,0x0000000672600000)
  from space 6144K, 99% used [0x0000000672600000,0x0000000672bfbad8,0x0000000672c00000)
  to   space 9216K, 0% used [0x0000000675c80000,0x0000000675c80000,0x0000000676580000)
 ParOldGen       total 31744K, used 13806K [0x00000003c0000000, 0x00000003c1f00000, 0x000000066ab00000)
  object space 31744K, 43% used [0x00000003c0000000,0x00000003c0d7bae8,0x00000003c1f00000)
 Metaspace       used 32392K, capacity 32610K, committed 33024K, reserved 1077248K
  class space    used 4222K, capacity 4309K, committed 4352K, reserved 1048576K
}
Event: 8.005 GC heap before
{Heap before GC invocations=11 (full 1):
 PSYoungGen      total 132096K, used 66138K [0x000000066ab00000, 0x0000000676580000, 0x00000007c0000000)
  eden space 125952K, 47% used [0x000000066ab00000,0x000000066e59af38,0x0000000672600000)
  from space 6144K, 99% used [0x0000000672600000,0x0000000672bfbad8,0x0000000672c00000)
  to   space 9216K, 0% used [0x0000000675c80000,0x0000000675c80000,0x0000000676580000)
 ParOldGen       total 31744K, used 13806K [0x00000003c0000000, 0x00000003c1f00000, 0x000000066ab00000)
  object space 31744K, 43% used [0x00000003c0000000,0x00000003c0d7bae8,0x00000003c1f00000)
 Metaspace       used 34951K, capacity 35138K, committed 35416K, reserved 1079296K
  class space    used 4566K, capacity 4661K, committed 4696K, reserved 1048576K
Event: 8.012 GC heap after
Heap after GC invocations=11 (full 1):
 PSYoungGen      total 174080K, used 5849K [0x000000066ab00000, 0x0000000676280000, 0x00000007c0000000)
  eden space 167936K, 0% used [0x000000066ab00000,0x000000066ab00000,0x0000000674f00000)
  from space 6144K, 95% used [0x0000000675c80000,0x0000000676236588,0x0000000676280000)
  to   space 9216K, 0% used [0x0000000675080000,0x0000000675080000,0x0000000675980000)
 ParOldGen       total 31744K, used 13814K [0x00000003c0000000, 0x00000003c1f00000, 0x000000066ab00000)
  object space 31744K, 43% used [0x00000003c0000000,0x00000003c0d7dae8,0x00000003c1f00000)
 Metaspace       used 34951K, capacity 35138K, committed 35416K, reserved 1079296K
  class space    used 4566K, capacity 4661K, committed 4696K, reserved 1048576K
}
Event: 8.012 GC heap before
{Heap before GC invocations=12 (full 2):
 PSYoungGen      total 174080K, used 5849K [0x000000066ab00000, 0x0000000676280000, 0x00000007c0000000)
  eden space 167936K, 0% used [0x000000066ab00000,0x000000066ab00000,0x0000000674f00000)
  from space 6144K, 95% used [0x0000000675c80000,0x0000000676236588,0x0000000676280000)
  to   space 9216K, 0% used [0x0000000675080000,0x0000000675080000,0x0000000675980000)
 ParOldGen       total 31744K, used 13814K [0x00000003c0000000, 0x00000003c1f00000, 0x000000066ab00000)
  object space 31744K, 43% used [0x00000003c0000000,0x00000003c0d7dae8,0x00000003c1f00000)
 Metaspace       used 34951K, capacity 35138K, committed 35416K, reserved 1079296K
  class space    used 4566K, capacity 4661K, committed 4696K, reserved 1048576K
Event: 8.063 GC heap after
Heap after GC invocations=12 (full 2):
 PSYoungGen      total 174080K, used 0K [0x000000066ab00000, 0x0000000676280000, 0x00000007c0000000)
  eden space 167936K, 0% used [0x000000066ab00000,0x000000066ab00000,0x0000000674f00000)
  from space 6144K, 0% used [0x0000000675c80000,0x0000000675c80000,0x0000000676280000)
  to   space 9216K, 0% used [0x0000000675080000,0x0000000675080000,0x0000000675980000)
 ParOldGen       total 46080K, used 9301K [0x00000003c0000000, 0x00000003c2d00000, 0x000000066ab00000)
  object space 46080K, 20% used [0x00000003c0000000,0x00000003c09154a0,0x00000003c2d00000)
 Metaspace       used 34951K, capacity 35138K, committed 35416K, reserved 1079296K
  class space    used 4566K, capacity 4661K, committed 4696K, reserved 1048576K
}
Event: 10.167 GC heap before
{Heap before GC invocations=13 (full 2):
 PSYoungGen      total 174080K, used 167936K [0x000000066ab00000, 0x0000000676280000, 0x00000007c0000000)
  eden space 167936K, 100% used [0x000000066ab00000,0x0000000674f00000,0x0000000674f00000)
  from space 6144K, 0% used [0x0000000675c80000,0x0000000675c80000,0x0000000676280000)
  to   space 9216K, 0% used [0x0000000675080000,0x0000000675080000,0x0000000675980000)
 ParOldGen       total 46080K, used 9301K [0x00000003c0000000, 0x00000003c2d00000, 0x000000066ab00000)
  object space 46080K, 20% used [0x00000003c0000000,0x00000003c09154a0,0x00000003c2d00000)
 Metaspace       used 54438K, capacity 54718K, committed 55128K, reserved 1097728K
  class space    used 7621K, capacity 7717K, committed 7768K, reserved 1048576K
Event: 10.189 GC heap after
Heap after GC invocations=13 (full 2):
 PSYoungGen      total 178688K, used 9203K [0x000000066ab00000, 0x000000067a200000, 0x00000007c0000000)
  eden space 169472K, 0% used [0x000000066ab00000,0x000000066ab00000,0x0000000675080000)
  from space 9216K, 99% used [0x0000000675080000,0x000000067597cd28,0x0000000675980000)
  to   space 15872K, 0% used [0x0000000679280000,0x0000000679280000,0x000000067a200000)
 ParOldGen       total 46080K, used 23856K [0x00000003c0000000, 0x00000003c2d00000, 0x000000066ab00000)
  object space 46080K, 51% used [0x00000003c0000000,0x00000003c174c0b8,0x00000003c2d00000)
 Metaspace       used 54438K, capacity 54718K, committed 55128K, reserved 1097728K
  class space    used 7621K, capacity 7717K, committed 7768K, reserved 1048576K
}
Event: 10.829 GC heap before
{Heap before GC invocations=14 (full 2):
 PSYoungGen      total 178688K, used 54221K [0x000000066ab00000, 0x000000067a200000, 0x00000007c0000000)
  eden space 169472K, 26% used [0x000000066ab00000,0x000000066d6f6970,0x0000000675080000)
  from space 9216K, 99% used [0x0000000675080000,0x000000067597cd28,0x0000000675980000)
  to   space 15872K, 0% used [0x0000000679280000,0x0000000679280000,0x000000067a200000)
 ParOldGen       total 46080K, used 23856K [0x00000003c0000000, 0x00000003c2d00000, 0x000000066ab00000)
  object space 46080K, 51% used [0x00000003c0000000,0x00000003c174c0b8,0x00000003c2d00000)
 Metaspace       used 58350K, capacity 58568K, committed 59028K, reserved 1099776K
  class space    used 8208K, capacity 8296K, committed 8408K, reserved 1048576K
Event: 10.844 GC heap after
Heap after GC invocations=14 (full 2):
 PSYoungGen      total 238080K, used 6703K [0x000000066ab00000, 0x000000067a800000, 0x00000007c0000000)
  eden space 222208K, 0% used [0x000000066ab00000,0x000000066ab00000,0x0000000678400000)
  from space 15872K, 42% used [0x0000000679280000,0x000000067990bf70,0x000000067a200000)
  to   space 14848K, 0% used [0x0000000678400000,0x0000000678400000,0x0000000679280000)
 ParOldGen       total 46080K, used 29190K [0x00000003c0000000, 0x00000003c2d00000, 0x000000066ab00000)
  object space 46080K, 63% used [0x00000003c0000000,0x00000003c1c81988,0x00000003c2d00000)
 Metaspace       used 58350K, capacity 58568K, committed 59028K, reserved 1099776K
  class space    used 8208K, capacity 8296K, committed 8408K, reserved 1048576K
}
Event: 10.845 GC heap before
{Heap before GC invocations=15 (full 3):
 PSYoungGen      total 238080K, used 6703K [0x000000066ab00000, 0x000000067a800000, 0x00000007c0000000)
  eden space 222208K, 0% used [0x000000066ab00000,0x000000066ab00000,0x0000000678400000)
  from space 15872K, 42% used [0x0000000679280000,0x000000067990bf70,0x000000067a200000)
  to   space 14848K, 0% used [0x0000000678400000,0x0000000678400000,0x0000000679280000)
 ParOldGen       total 46080K, used 29190K [0x00000003c0000000, 0x00000003c2d00000, 0x000000066ab00000)
  object space 46080K, 63% used [0x00000003c0000000,0x00000003c1c81988,0x00000003c2d00000)
 Metaspace       used 58350K, capacity 58568K, committed 59028K, reserved 1099776K
  class space    used 8208K, capacity 8296K, committed 8408K, reserved 1048576K
Event: 10.932 GC heap after
Heap after GC invocations=15 (full 3):
 PSYoungGen      total 238080K, used 0K [0x000000066ab00000, 0x000000067a800000, 0x00000007c0000000)
  eden space 222208K, 0% used [0x000000066ab00000,0x000000066ab00000,0x0000000678400000)
  from space 15872K, 0% used [0x0000000679280000,0x0000000679280000,0x000000067a200000)
  to   space 14848K, 0% used [0x0000000678400000,0x0000000678400000,0x0000000679280000)
 ParOldGen       total 71168K, used 18106K [0x00000003c0000000, 0x00000003c4580000, 0x000000066ab00000)
  object space 71168K, 25% used [0x00000003c0000000,0x00000003c11aea20,0x00000003c4580000)
 Metaspace       used 58350K, capacity 58568K, committed 59028K, reserved 1099776K
  class space    used 8208K, capacity 8296K, committed 8408K, reserved 1048576K
}
Event: 13.839 GC heap before
{Heap before GC invocations=16 (full 3):
 PSYoungGen      total 238080K, used 222208K [0x000000066ab00000, 0x000000067a800000, 0x00000007c0000000)
  eden space 222208K, 100% used [0x000000066ab00000,0x0000000678400000,0x0000000678400000)
  from space 15872K, 0% used [0x0000000679280000,0x0000000679280000,0x000000067a200000)
  to   space 14848K, 0% used [0x0000000678400000,0x0000000678400000,0x0000000679280000)
 ParOldGen       total 71168K, used 18106K [0x00000003c0000000, 0x00000003c4580000, 0x000000066ab00000)
  object space 71168K, 25% used [0x00000003c0000000,0x00000003c11aea20,0x00000003c4580000)
 Metaspace       used 71357K, capacity 71960K, committed 72152K, reserved 1112064K
  class space    used 10183K, capacity 10335K, committed 10456K, reserved 1048576K
Event: 13.869 GC heap after
Heap after GC invocations=16 (full 3):
 PSYoungGen      total 237056K, used 13624K [0x000000066ab00000, 0x000000067dd80000, 0x00000007c0000000)
  eden space 222208K, 0% used [0x000000066ab00000,0x000000066ab00000,0x0000000678400000)
  from space 14848K, 91% used [0x0000000678400000,0x000000067914e1f0,0x0000000679280000)
  to   space 16384K, 0% used [0x000000067cd80000,0x000000067cd80000,0x000000067dd80000)
 ParOldGen       total 71168K, used 67266K [0x00000003c0000000, 0x00000003c4580000, 0x000000066ab00000)
  object space 71168K, 94% used [0x00000003c0000000,0x00000003c41b0a50,0x00000003c4580000)
 Metaspace       used 71357K, capacity 71960K, committed 72152K, reserved 1112064K
  class space    used 10183K, capacity 10335K, committed 10456K, reserved 1048576K
}
Event: 13.869 GC heap before
{Heap before GC invocations=17 (full 4):
 PSYoungGen      total 237056K, used 13624K [0x000000066ab00000, 0x000000067dd80000, 0x00000007c0000000)
  eden space 222208K, 0% used [0x000000066ab00000,0x000000066ab00000,0x0000000678400000)
  from space 14848K, 91% used [0x0000000678400000,0x000000067914e1f0,0x0000000679280000)
  to   space 16384K, 0% used [0x000000067cd80000,0x000000067cd80000,0x000000067dd80000)
 ParOldGen       total 71168K, used 67266K [0x00000003c0000000, 0x00000003c4580000, 0x000000066ab00000)
  object space 71168K, 94% used [0x00000003c0000000,0x00000003c41b0a50,0x00000003c4580000)
 Metaspace       used 71357K, capacity 71960K, committed 72152K, reserved 1112064K
  class space    used 10183K, capacity 10335K, committed 10456K, reserved 1048576K
Event: 13.944 GC heap after
Heap after GC invocations=17 (full 4):
 PSYoungGen      total 237056K, used 0K [0x000000066ab00000, 0x000000067dd80000, 0x00000007c0000000)
  eden space 222208K, 0% used [0x000000066ab00000,0x000000066ab00000,0x0000000678400000)
  from space 14848K, 0% used [0x0000000678400000,0x0000000678400000,0x0000000679280000)
  to   space 16384K, 0% used [0x000000067cd80000,0x000000067cd80000,0x000000067dd80000)
 ParOldGen       total 145920K, used 60416K [0x00000003c0000000, 0x00000003c8e80000, 0x000000066ab00000)
  object space 145920K, 41% used [0x00000003c0000000,0x00000003c3b000c8,0x00000003c8e80000)
 Metaspace       used 71353K, capacity 71954K, committed 72152K, reserved 1112064K
  class space    used 10183K, capacity 10334K, committed 10456K, reserved 1048576K
}
Event: 19.546 GC heap before
{Heap before GC invocations=18 (full 4):
 PSYoungGen      total 237056K, used 222208K [0x000000066ab00000, 0x000000067dd80000, 0x00000007c0000000)
  eden space 222208K, 100% used [0x000000066ab00000,0x0000000678400000,0x0000000678400000)
  from space 14848K, 0% used [0x0000000678400000,0x0000000678400000,0x0000000679280000)
  to   space 16384K, 0% used [0x000000067cd80000,0x000000067cd80000,0x000000067dd80000)
 ParOldGen       total 145920K, used 60416K [0x00000003c0000000, 0x00000003c8e80000, 0x000000066ab00000)
  object space 145920K, 41% used [0x00000003c0000000,0x00000003c3b000c8,0x00000003c8e80000)
 Metaspace       used 79592K, capacity 80296K, committed 80472K, reserved 1118208K
  class space    used 11377K, capacity 11573K, committed 11608K, reserved 1048576K
Event: 19.565 GC heap after
Heap after GC invocations=18 (full 4):
 PSYoungGen      total 282112K, used 11032K [0x000000066ab00000, 0x000000067d880000, 0x00000007c0000000)
  eden space 270848K, 0% used [0x000000066ab00000,0x000000066ab00000,0x000000067b380000)
  from space 11264K, 97% used [0x000000067cd80000,0x000000067d846110,0x000000067d880000)
  to   space 16896K, 0% used [0x000000067b780000,0x000000067b780000,0x000000067c800000)
 ParOldGen       total 145920K, used 75126K [0x00000003c0000000, 0x00000003c8e80000, 0x000000066ab00000)
  object space 145920K, 51% used [0x00000003c0000000,0x00000003c495d8f8,0x00000003c8e80000)
 Metaspace       used 79592K, capacity 80296K, committed 80472K, reserved 1118208K
  class space    used 11377K, capacity 11573K, committed 11608K, reserved 1048576K
}
Event: 20.366 GC heap before
{Heap before GC invocations=19 (full 4):
 PSYoungGen      total 282112K, used 281880K [0x000000066ab00000, 0x000000067d880000, 0x00000007c0000000)
  eden space 270848K, 100% used [0x000000066ab00000,0x000000067b380000,0x000000067b380000)
  from space 11264K, 97% used [0x000000067cd80000,0x000000067d846110,0x000000067d880000)
  to   space 16896K, 0% used [0x000000067b780000,0x000000067b780000,0x000000067c800000)
 ParOldGen       total 145920K, used 75126K [0x00000003c0000000, 0x00000003c8e80000, 0x000000066ab00000)
  object space 145920K, 51% used [0x00000003c0000000,0x00000003c495d8f8,0x00000003c8e80000)
 Metaspace       used 80304K, capacity 81088K, committed 81368K, reserved 1118208K
  class space    used 11473K, capacity 11659K, committed 11736K, reserved 1048576K
Event: 20.373 GC heap after
Heap after GC invocations=19 (full 4):
 PSYoungGen      total 291840K, used 3695K [0x000000066ab00000, 0x0000000680d00000, 0x00000007c0000000)
  eden space 274944K, 0% used [0x000000066ab00000,0x000000066ab00000,0x000000067b780000)
  from space 16896K, 21% used [0x000000067b780000,0x000000067bb1bde0,0x000000067c800000)
  to   space 16896K, 0% used [0x000000067fc80000,0x000000067fc80000,0x0000000680d00000)
 ParOldGen       total 145920K, used 75134K [0x00000003c0000000, 0x00000003c8e80000, 0x000000066ab00000)
  object space 145920K, 51% used [0x00000003c0000000,0x00000003c495f8f8,0x00000003c8e80000)
 Metaspace       used 80304K, capacity 81088K, committed 81368K, reserved 1118208K
  class space    used 11473K, capacity 11659K, committed 11736K, reserved 1048576K
}
Event: 24.002 GC heap before
{Heap before GC invocations=20 (full 4):
 PSYoungGen      total 291840K, used 269288K [0x000000066ab00000, 0x0000000680d00000, 0x00000007c0000000)
  eden space 274944K, 96% used [0x000000066ab00000,0x000000067ae5e458,0x000000067b780000)
  from space 16896K, 21% used [0x000000067b780000,0x000000067bb1bde0,0x000000067c800000)
  to   space 16896K, 0% used [0x000000067fc80000,0x000000067fc80000,0x0000000680d00000)
 ParOldGen       total 145920K, used 75134K [0x00000003c0000000, 0x00000003c8e80000, 0x000000066ab00000)
  object space 145920K, 51% used [0x00000003c0000000,0x00000003c495f8f8,0x00000003c8e80000)
 Metaspace       used 84706K, capacity 85630K, committed 85720K, reserved 1122304K
  class space    used 12006K, capacity 12247K, committed 12248K, reserved 1048576K
Event: 24.061 GC heap after
Heap after GC invocations=20 (full 4):
 PSYoungGen      total 314880K, used 16882K [0x000000066ab00000, 0x0000000685280000, 0x00000007c0000000)
  eden space 297984K, 0% used [0x000000066ab00000,0x000000066ab00000,0x000000067ce00000)
  from space 16896K, 99% used [0x000000067fc80000,0x0000000680cfca80,0x0000000680d00000)
  to   space 47616K, 0% used [0x000000067ce00000,0x000000067ce00000,0x000000067fc80000)
 ParOldGen       total 152576K, used 152092K [0x00000003c0000000, 0x00000003c9500000, 0x000000066ab00000)
  object space 152576K, 99% used [0x00000003c0000000,0x00000003c9487368,0x00000003c9500000)
 Metaspace       used 84706K, capacity 85630K, committed 85720K, reserved 1122304K
  class space    used 12006K, capacity 12247K, committed 12248K, reserved 1048576K
}
Event: 24.061 GC heap before
{Heap before GC invocations=21 (full 5):
 PSYoungGen      total 314880K, used 16882K [0x000000066ab00000, 0x0000000685280000, 0x00000007c0000000)
  eden space 297984K, 0% used [0x000000066ab00000,0x000000066ab00000,0x000000067ce00000)
  from space 16896K, 99% used [0x000000067fc80000,0x0000000680cfca80,0x0000000680d00000)
  to   space 47616K, 0% used [0x000000067ce00000,0x000000067ce00000,0x000000067fc80000)
 ParOldGen       total 152576K, used 152092K [0x00000003c0000000, 0x00000003c9500000, 0x000000066ab00000)
  object space 152576K, 99% used [0x00000003c0000000,0x00000003c9487368,0x00000003c9500000)
 Metaspace       used 84706K, capacity 85630K, committed 85720K, reserved 1122304K
  class space    used 12006K, capacity 12247K, committed 12248K, reserved 1048576K
Event: 24.170 GC heap after
Heap after GC invocations=21 (full 5):
 PSYoungGen      total 314880K, used 0K [0x000000066ab00000, 0x0000000685280000, 0x00000007c0000000)
  eden space 297984K, 0% used [0x000000066ab00000,0x000000066ab00000,0x000000067ce00000)
  from space 16896K, 0% used [0x000000067fc80000,0x000000067fc80000,0x0000000680d00000)
  to   space 47616K, 0% used [0x000000067ce00000,0x000000067ce00000,0x000000067fc80000)
 ParOldGen       total 233984K, used 109578K [0x00000003c0000000, 0x00000003ce480000, 0x000000066ab00000)
  object space 233984K, 46% used [0x00000003c0000000,0x00000003c6b02ab0,0x00000003ce480000)
 Metaspace       used 84691K, capacity 85606K, committed 85720K, reserved 1122304K
  class space    used 12003K, capacity 12243K, committed 12248K, reserved 1048576K
}
Event: 293.580 GC heap before
{Heap before GC invocations=22 (full 5):
 PSYoungGen      total 314880K, used 297984K [0x000000066ab00000, 0x0000000685280000, 0x00000007c0000000)
  eden space 297984K, 100% used [0x000000066ab00000,0x000000067ce00000,0x000000067ce00000)
  from space 16896K, 0% used [0x000000067fc80000,0x000000067fc80000,0x0000000680d00000)
  to   space 47616K, 0% used [0x000000067ce00000,0x000000067ce00000,0x000000067fc80000)
 ParOldGen       total 233984K, used 109578K [0x00000003c0000000, 0x00000003ce480000, 0x000000066ab00000)
  object space 233984K, 46% used [0x00000003c0000000,0x00000003c6b02ab0,0x00000003ce480000)
 Metaspace       used 85896K, capacity 86820K, committed 87000K, reserved 1124352K
  class space    used 12158K, capacity 12381K, committed 12504K, reserved 1048576K
Event: 293.614 GC heap after
Heap after GC invocations=22 (full 5):
 PSYoungGen      total 345600K, used 38656K [0x000000066ab00000, 0x0000000685e80000, 0x00000007c0000000)
  eden space 297984K, 0% used [0x000000066ab00000,0x000000066ab00000,0x000000067ce00000)
  from space 47616K, 81% used [0x000000067ce00000,0x000000067f3c0288,0x000000067fc80000)
  to   space 53248K, 0% used [0x0000000682a80000,0x0000000682a80000,0x0000000685e80000)
 ParOldGen       total 233984K, used 170418K [0x00000003c0000000, 0x00000003ce480000, 0x000000066ab00000)
  object space 233984K, 72% used [0x00000003c0000000,0x00000003ca66ca70,0x00000003ce480000)
 Metaspace       used 85896K, capacity 86820K, committed 87000K, reserved 1124352K
  class space    used 12158K, capacity 12381K, committed 12504K, reserved 1048576K
}
Event: 294.037 GC heap before
{Heap before GC invocations=23 (full 5):
 PSYoungGen      total 345600K, used 336640K [0x000000066ab00000, 0x0000000685e80000, 0x00000007c0000000)
  eden space 297984K, 100% used [0x000000066ab00000,0x000000067ce00000,0x000000067ce00000)
  from space 47616K, 81% used [0x000000067ce00000,0x000000067f3c0288,0x000000067fc80000)
  to   space 53248K, 0% used [0x0000000682a80000,0x0000000682a80000,0x0000000685e80000)
 ParOldGen       total 233984K, used 170418K [0x00000003c0000000, 0x00000003ce480000, 0x000000066ab00000)
  object space 233984K, 72% used [0x00000003c0000000,0x00000003ca66ca70,0x00000003ce480000)
 Metaspace       used 85902K, capacity 86820K, committed 87000K, reserved 1124352K
  class space    used 12158K, capacity 12381K, committed 12504K, reserved 1048576K
Event: 294.075 GC heap after
Heap after GC invocations=23 (full 5):
 PSYoungGen      total 389632K, used 37295K [0x000000066ab00000, 0x0000000688480000, 0x00000007c0000000)
  eden space 336384K, 0% used [0x000000066ab00000,0x000000066ab00000,0x000000067f380000)
  from space 53248K, 70% used [0x0000000682a80000,0x0000000684eebd48,0x0000000685e80000)
  to   space 56320K, 0% used [0x000000067f380000,0x000000067f380000,0x0000000682a80000)
 ParOldGen       total 233984K, used 205515K [0x00000003c0000000, 0x00000003ce480000, 0x000000066ab00000)
  object space 233984K, 87% used [0x00000003c0000000,0x00000003cc8b2c70,0x00000003ce480000)
 Metaspace       used 85902K, capacity 86820K, committed 87000K, reserved 1124352K
  class space    used 12158K, capacity 12381K, committed 12504K, reserved 1048576K
}
Event: 294.075 GC heap before
{Heap before GC invocations=24 (full 6):
 PSYoungGen      total 389632K, used 37295K [0x000000066ab00000, 0x0000000688480000, 0x00000007c0000000)
  eden space 336384K, 0% used [0x000000066ab00000,0x000000066ab00000,0x000000067f380000)
  from space 53248K, 70% used [0x0000000682a80000,0x0000000684eebd48,0x0000000685e80000)
  to   space 56320K, 0% used [0x000000067f380000,0x000000067f380000,0x0000000682a80000)
 ParOldGen       total 233984K, used 205515K [0x00000003c0000000, 0x00000003ce480000, 0x000000066ab00000)
  object space 233984K, 87% used [0x00000003c0000000,0x00000003cc8b2c70,0x00000003ce480000)
 Metaspace       used 85902K, capacity 86820K, committed 87000K, reserved 1124352K
  class space    used 12158K, capacity 12381K, committed 12504K, reserved 1048576K
Event: 294.182 GC heap after
Heap after GC invocations=24 (full 6):
 PSYoungGen      total 389632K, used 0K [0x000000066ab00000, 0x0000000688480000, 0x00000007c0000000)
  eden space 336384K, 0% used [0x000000066ab00000,0x000000066ab00000,0x000000067f380000)
  from space 53248K, 0% used [0x0000000682a80000,0x0000000682a80000,0x0000000685e80000)
  to   space 56320K, 0% used [0x000000067f380000,0x000000067f380000,0x0000000682a80000)
 ParOldGen       total 269312K, used 120143K [0x00000003c0000000, 0x00000003d0700000, 0x000000066ab00000)
  object space 269312K, 44% used [0x00000003c0000000,0x00000003c7553d50,0x00000003d0700000)
 Metaspace       used 85898K, capacity 86814K, committed 87000K, reserved 1124352K
  class space    used 12158K, capacity 12380K, committed 12504K, reserved 1048576K
}
Event: 294.554 GC heap before
{Heap before GC invocations=25 (full 6):
 PSYoungGen      total 389632K, used 336384K [0x000000066ab00000, 0x0000000688480000, 0x00000007c0000000)
  eden space 336384K, 100% used [0x000000066ab00000,0x000000067f380000,0x000000067f380000)
  from space 53248K, 0% used [0x0000000682a80000,0x0000000682a80000,0x0000000685e80000)
  to   space 56320K, 0% used [0x000000067f380000,0x000000067f380000,0x0000000682a80000)
 ParOldGen       total 269312K, used 120143K [0x00000003c0000000, 0x00000003d0700000, 0x000000066ab00000)
  object space 269312K, 44% used [0x00000003c0000000,0x00000003c7553d50,0x00000003d0700000)
 Metaspace       used 85907K, capacity 86814K, committed 87000K, reserved 1124352K
  class space    used 12158K, capacity 12380K, committed 12504K, reserved 1048576K
Event: 294.558 GC heap after
Heap after GC invocations=25 (full 6):
 PSYoungGen      total 392704K, used 960K [0x000000066ab00000, 0x000000068b580000, 0x00000007c0000000)
  eden space 336384K, 0% used [0x000000066ab00000,0x000000066ab00000,0x000000067f380000)
  from space 56320K, 1% used [0x000000067f380000,0x000000067f470000,0x0000000682a80000)
  to   space 56320K, 0% used [0x0000000687e80000,0x0000000687e80000,0x000000068b580000)
 ParOldGen       total 269312K, used 120143K [0x00000003c0000000, 0x00000003d0700000, 0x000000066ab00000)
  object space 269312K, 44% used [0x00000003c0000000,0x00000003c7553d50,0x00000003d0700000)
 Metaspace       used 85907K, capacity 86814K, committed 87000K, reserved 1124352K
  class space    used 12158K, capacity 12380K, committed 12504K, reserved 1048576K
}
Event: 294.912 GC heap before
{Heap before GC invocations=26 (full 6):
 PSYoungGen      total 392704K, used 337344K [0x000000066ab00000, 0x000000068b580000, 0x00000007c0000000)
  eden space 336384K, 100% used [0x000000066ab00000,0x000000067f380000,0x000000067f380000)
  from space 56320K, 1% used [0x000000067f380000,0x000000067f470000,0x0000000682a80000)
  to   space 56320K, 0% used [0x0000000687e80000,0x0000000687e80000,0x000000068b580000)
 ParOldGen       total 269312K, used 120143K [0x00000003c0000000, 0x00000003d0700000, 0x000000066ab00000)
  object space 269312K, 44% used [0x00000003c0000000,0x00000003c7553d50,0x00000003d0700000)
 Metaspace       used 85909K, capacity 86814K, committed 87000K, reserved 1124352K
  class space    used 12158K, capacity 12380K, committed 12504K, reserved 1048576K
Event: 294.914 GC heap after
Heap after GC invocations=26 (full 6):
 PSYoungGen      total 465408K, used 416K [0x000000066ab00000, 0x000000068ae00000, 0x00000007c0000000)
  eden space 416768K, 0% used [0x000000066ab00000,0x000000066ab00000,0x0000000684200000)
  from space 48640K, 0% used [0x0000000687e80000,0x0000000687ee8000,0x000000068ae00000)
  to   space 55296K, 0% used [0x0000000684200000,0x0000000684200000,0x0000000687800000)
 ParOldGen       total 269312K, used 120143K [0x00000003c0000000, 0x00000003d0700000, 0x000000066ab00000)
  object space 269312K, 44% used [0x00000003c0000000,0x00000003c7553d50,0x00000003d0700000)
 Metaspace       used 85909K, capacity 86814K, committed 87000K, reserved 1124352K
  class space    used 12158K, capacity 12380K, committed 12504K, reserved 1048576K
}
Event: 295.342 GC heap before
{Heap before GC invocations=27 (full 6):
 PSYoungGen      total 465408K, used 417184K [0x000000066ab00000, 0x000000068ae00000, 0x00000007c0000000)
  eden space 416768K, 100% used [0x000000066ab00000,0x0000000684200000,0x0000000684200000)
  from space 48640K, 0% used [0x0000000687e80000,0x0000000687ee8000,0x000000068ae00000)
  to   space 55296K, 0% used [0x0000000684200000,0x0000000684200000,0x0000000687800000)
 ParOldGen       total 269312K, used 120143K [0x00000003c0000000, 0x00000003d0700000, 0x000000066ab00000)
  object space 269312K, 44% used [0x00000003c0000000,0x00000003c7553d50,0x00000003d0700000)
 Metaspace       used 85910K, capacity 86814K, committed 87000K, reserved 1124352K
  class space    used 12158K, capacity 12380K, committed 12504K, reserved 1048576K
Event: 295.345 GC heap after
Heap after GC invocations=27 (full 6):
 PSYoungGen      total 472064K, used 64K [0x000000066ab00000, 0x0000000690600000, 0x00000007c0000000)
  eden space 416768K, 0% used [0x000000066ab00000,0x000000066ab00000,0x0000000684200000)
  from space 55296K, 0% used [0x0000000684200000,0x0000000684210000,0x0000000687800000)
  to   space 54272K, 0% used [0x000000068d100000,0x000000068d100000,0x0000000690600000)
 ParOldGen       total 269312K, used 120319K [0x00000003c0000000, 0x00000003d0700000, 0x000000066ab00000)
  object space 269312K, 44% used [0x00000003c0000000,0x00000003c757fd50,0x00000003d0700000)
 Metaspace       used 85910K, capacity 86814K, committed 87000K, reserved 1124352K
  class space    used 12158K, capacity 12380K, committed 12504K, reserved 1048576K
}
Event: 295.765 GC heap before
{Heap before GC invocations=28 (full 6):
 PSYoungGen      total 472064K, used 416832K [0x000000066ab00000, 0x0000000690600000, 0x00000007c0000000)
  eden space 416768K, 100% used [0x000000066ab00000,0x0000000684200000,0x0000000684200000)
  from space 55296K, 0% used [0x0000000684200000,0x0000000684210000,0x0000000687800000)
  to   space 54272K, 0% used [0x000000068d100000,0x000000068d100000,0x0000000690600000)
 ParOldGen       total 269312K, used 120319K [0x00000003c0000000, 0x00000003d0700000, 0x000000066ab00000)
  object space 269312K, 44% used [0x00000003c0000000,0x00000003c757fd50,0x00000003d0700000)
 Metaspace       used 85929K, capacity 86878K, committed 87256K, reserved 1124352K
  class space    used 12158K, capacity 12380K, committed 12504K, reserved 1048576K
Event: 295.768 GC heap after
Heap after GC invocations=28 (full 6):
 PSYoungGen      total 547840K, used 128K [0x000000066ab00000, 0x000000068fd80000, 0x00000007c0000000)
  eden space 502272K, 0% used [0x000000066ab00000,0x000000066ab00000,0x0000000689580000)
  from space 45568K, 0% used [0x000000068d100000,0x000000068d120000,0x000000068fd80000)
  to   space 53248K, 0% used [0x0000000689580000,0x0000000689580000,0x000000068c980000)
 ParOldGen       total 269312K, used 120319K [0x00000003c0000000, 0x00000003d0700000, 0x000000066ab00000)
  object space 269312K, 44% used [0x00000003c0000000,0x00000003c757fd50,0x00000003d0700000)
 Metaspace       used 85929K, capacity 86878K, committed 87256K, reserved 1124352K
  class space    used 12158K, capacity 12380K, committed 12504K, reserved 1048576K
}
Event: 296.312 GC heap before
{Heap before GC invocations=29 (full 6):
 PSYoungGen      total 547840K, used 502400K [0x000000066ab00000, 0x000000068fd80000, 0x00000007c0000000)
  eden space 502272K, 100% used [0x000000066ab00000,0x0000000689580000,0x0000000689580000)
  from space 45568K, 0% used [0x000000068d100000,0x000000068d120000,0x000000068fd80000)
  to   space 53248K, 0% used [0x0000000689580000,0x0000000689580000,0x000000068c980000)
 ParOldGen       total 269312K, used 120319K [0x00000003c0000000, 0x00000003d0700000, 0x000000066ab00000)
  object space 269312K, 44% used [0x00000003c0000000,0x00000003c757fd50,0x00000003d0700000)
 Metaspace       used 85929K, capacity 86878K, committed 87256K, reserved 1124352K
  class space    used 12158K, capacity 12380K, committed 12504K, reserved 1048576K
Event: 296.315 GC heap after
Heap after GC invocations=29 (full 6):
 PSYoungGen      total 555520K, used 576K [0x000000066ab00000, 0x0000000695680000, 0x00000007c0000000)
  eden space 502272K, 0% used [0x000000066ab00000,0x000000066ab00000,0x0000000689580000)
  from space 53248K, 1% used [0x0000000689580000,0x0000000689610000,0x000000068c980000)
  to   space 51200K, 0% used [0x0000000692480000,0x0000000692480000,0x0000000695680000)
 ParOldGen       total 269312K, used 120319K [0x00000003c0000000, 0x00000003d0700000, 0x000000066ab00000)
  object space 269312K, 44% used [0x00000003c0000000,0x00000003c757fd50,0x00000003d0700000)
 Metaspace       used 85929K, capacity 86878K, committed 87256K, reserved 1124352K
  class space    used 12158K, capacity 12380K, committed 12504K, reserved 1048576K
}
Event: 296.738 GC heap before
{Heap before GC invocations=30 (full 6):
 PSYoungGen      total 555520K, used 502848K [0x000000066ab00000, 0x0000000695680000, 0x00000007c0000000)
  eden space 502272K, 100% used [0x000000066ab00000,0x0000000689580000,0x0000000689580000)
  from space 53248K, 1% used [0x0000000689580000,0x0000000689610000,0x000000068c980000)
  to   space 51200K, 0% used [0x0000000692480000,0x0000000692480000,0x0000000695680000)
 ParOldGen       total 269312K, used 120319K [0x00000003c0000000, 0x00000003d0700000, 0x000000066ab00000)
  object space 269312K, 44% used [0x00000003c0000000,0x00000003c757fd50,0x00000003d0700000)
 Metaspace       used 85932K, capacity 86878K, committed 87256K, reserved 1124352K
  class space    used 12158K, capacity 12380K, committed 12504K, reserved 1048576K
Event: 296.743 GC heap after
Heap after GC invocations=30 (full 6):
 PSYoungGen      total 644608K, used 2168K [0x000000066ab00000, 0x0000000695280000, 0x00000007c0000000)
  eden space 597504K, 0% used [0x000000066ab00000,0x000000066ab00000,0x000000068f280000)
  from space 47104K, 4% used [0x0000000692480000,0x000000069269e250,0x0000000695280000)
  to   space 49152K, 0% used [0x000000068f280000,0x000000068f280000,0x0000000692280000)
 ParOldGen       total 269312K, used 120327K [0x00000003c0000000, 0x00000003d0700000, 0x000000066ab00000)
  object space 269312K, 44% used [0x00000003c0000000,0x00000003c7581d50,0x00000003d0700000)
 Metaspace       used 85932K, capacity 86878K, committed 87256K, reserved 1124352K
  class space    used 12158K, capacity 12380K, committed 12504K, reserved 1048576K
}
Event: 297.277 GC heap before
{Heap before GC invocations=31 (full 6):
 PSYoungGen      total 644608K, used 599672K [0x000000066ab00000, 0x0000000695280000, 0x00000007c0000000)
  eden space 597504K, 100% used [0x000000066ab00000,0x000000068f280000,0x000000068f280000)
  from space 47104K, 4% used [0x0000000692480000,0x000000069269e250,0x0000000695280000)
  to   space 49152K, 0% used [0x000000068f280000,0x000000068f280000,0x0000000692280000)
 ParOldGen       total 269312K, used 120327K [0x00000003c0000000, 0x00000003d0700000, 0x000000066ab00000)
  object space 269312K, 44% used [0x00000003c0000000,0x00000003c7581d50,0x00000003d0700000)
 Metaspace       used 85932K, capacity 86878K, committed 87256K, reserved 1124352K
  class space    used 12158K, capacity 12380K, committed 12504K, reserved 1048576K
Event: 297.280 GC heap after
Heap after GC invocations=31 (full 6):
 PSYoungGen      total 646656K, used 416K [0x000000066ab00000, 0x0000000699b00000, 0x00000007c0000000)
  eden space 597504K, 0% used [0x000000066ab00000,0x000000066ab00000,0x000000068f280000)
  from space 49152K, 0% used [0x000000068f280000,0x000000068f2e8000,0x0000000692280000)
  to   space 47104K, 0% used [0x0000000696d00000,0x0000000696d00000,0x0000000699b00000)
 ParOldGen       total 269312K, used 120327K [0x00000003c0000000, 0x00000003d0700000, 0x000000066ab00000)
  object space 269312K, 44% used [0x00000003c0000000,0x00000003c7581d50,0x00000003d0700000)
 Metaspace       used 85932K, capacity 86878K, committed 87256K, reserved 1124352K
  class space    used 12158K, capacity 12380K, committed 12504K, reserved 1048576K
}
Event: 297.764 GC heap before
{Heap before GC invocations=32 (full 6):
 PSYoungGen      total 646656K, used 597920K [0x000000066ab00000, 0x0000000699b00000, 0x00000007c0000000)
  eden space 597504K, 100% used [0x000000066ab00000,0x000000068f280000,0x000000068f280000)
  from space 49152K, 0% used [0x000000068f280000,0x000000068f2e8000,0x0000000692280000)
  to   space 47104K, 0% used [0x0000000696d00000,0x0000000696d00000,0x0000000699b00000)
 ParOldGen       total 269312K, used 120327K [0x00000003c0000000, 0x00000003d0700000, 0x000000066ab00000)
  object space 269312K, 44% used [0x00000003c0000000,0x00000003c7581d50,0x00000003d0700000)
 Metaspace       used 85944K, capacity 86878K, committed 87256K, reserved 1124352K
  class space    used 12158K, capacity 12380K, committed 12504K, reserved 1048576K
Event: 297.767 GC heap after
Heap after GC invocations=32 (full 6):
 PSYoungGen      total 708608K, used 352K [0x000000066ab00000, 0x0000000699200000, 0x00000007c0000000)
  eden space 670720K, 0% used [0x000000066ab00000,0x000000066ab00000,0x0000000693a00000)
  from space 37888K, 0% used [0x0000000696d00000,0x0000000696d58000,0x0000000699200000)
  to   space 45056K, 0% used [0x0000000693a00000,0x0000000693a00000,0x0000000696600000)
 ParOldGen       total 269312K, used 120327K [0x00000003c0000000, 0x00000003d0700000, 0x000000066ab00000)
  object space 269312K, 44% used [0x00000003c0000000,0x00000003c7581d50,0x00000003d0700000)
 Metaspace       used 85944K, capacity 86878K, committed 87256K, reserved 1124352K
  class space    used 12158K, capacity 12380K, committed 12504K, reserved 1048576K
}
Event: 298.364 GC heap before
{Heap before GC invocations=33 (full 6):
 PSYoungGen      total 708608K, used 671072K [0x000000066ab00000, 0x0000000699200000, 0x00000007c0000000)
  eden space 670720K, 100% used [0x000000066ab00000,0x0000000693a00000,0x0000000693a00000)
  from space 37888K, 0% used [0x0000000696d00000,0x0000000696d58000,0x0000000699200000)
  to   space 45056K, 0% used [0x0000000693a00000,0x0000000693a00000,0x0000000696600000)
 ParOldGen       total 269312K, used 120327K [0x00000003c0000000, 0x00000003d0700000, 0x000000066ab00000)
  object space 269312K, 44% used [0x00000003c0000000,0x00000003c7581d50,0x00000003d0700000)
 Metaspace       used 85944K, capacity 86878K, committed 87256K, reserved 1124352K
  class space    used 12158K, capacity 12380K, committed 12504K, reserved 1048576K
Event: 298.371 GC heap after
Heap after GC invocations=33 (full 6):
 PSYoungGen      total 715776K, used 2967K [0x000000066ab00000, 0x000000069df80000, 0x00000007c0000000)
  eden space 670720K, 0% used [0x000000066ab00000,0x000000066ab00000,0x0000000693a00000)
  from space 45056K, 6% used [0x0000000693a00000,0x0000000693ce5e58,0x0000000696600000)
  to   space 42496K, 0% used [0x000000069b600000,0x000000069b600000,0x000000069df80000)
 ParOldGen       total 269312K, used 120327K [0x00000003c0000000, 0x00000003d0700000, 0x000000066ab00000)
  object space 269312K, 44% used [0x00000003c0000000,0x00000003c7581d50,0x00000003d0700000)
 Metaspace       used 85944K, capacity 86878K, committed 87256K, reserved 1124352K
  class space    used 12158K, capacity 12380K, committed 12504K, reserved 1048576K
}
Event: 298.920 GC heap before
{Heap before GC invocations=34 (full 6):
 PSYoungGen      total 715776K, used 673687K [0x000000066ab00000, 0x000000069df80000, 0x00000007c0000000)
  eden space 670720K, 100% used [0x000000066ab00000,0x0000000693a00000,0x0000000693a00000)
  from space 45056K, 6% used [0x0000000693a00000,0x0000000693ce5e58,0x0000000696600000)
  to   space 42496K, 0% used [0x000000069b600000,0x000000069b600000,0x000000069df80000)
 ParOldGen       total 269312K, used 120327K [0x00000003c0000000, 0x00000003d0700000, 0x000000066ab00000)
  object space 269312K, 44% used [0x00000003c0000000,0x00000003c7581d50,0x00000003d0700000)
 Metaspace       used 85944K, capacity 86878K, committed 87256K, reserved 1124352K
  class space    used 12158K, capacity 12380K, committed 12504K, reserved 1048576K
Event: 298.935 GC heap after
Heap after GC invocations=34 (full 6):
 PSYoungGen      total 800768K, used 8534K [0x000000066ab00000, 0x000000069ed00000, 0x00000007c0000000)
  eden space 758272K, 0% used [0x000000066ab00000,0x000000066ab00000,0x0000000698f80000)
  from space 42496K, 20% used [0x000000069b600000,0x000000069be55ad0,0x000000069df80000)
  to   space 39424K, 0% used [0x0000000698f80000,0x0000000698f80000,0x000000069b600000)
 ParOldGen       total 269312K, used 120327K [0x00000003c0000000, 0x00000003d0700000, 0x000000066ab00000)
  object space 269312K, 44% used [0x00000003c0000000,0x00000003c7581d50,0x00000003d0700000)
 Metaspace       used 85944K, capacity 86878K, committed 87256K, reserved 1124352K
  class space    used 12158K, capacity 12380K, committed 12504K, reserved 1048576K
}
Event: 299.595 GC heap before
{Heap before GC invocations=35 (full 6):
 PSYoungGen      total 800768K, used 766806K [0x000000066ab00000, 0x000000069ed00000, 0x00000007c0000000)
  eden space 758272K, 100% used [0x000000066ab00000,0x0000000698f80000,0x0000000698f80000)
  from space 42496K, 20% used [0x000000069b600000,0x000000069be55ad0,0x000000069df80000)
  to   space 39424K, 0% used [0x0000000698f80000,0x0000000698f80000,0x000000069b600000)
 ParOldGen       total 269312K, used 120327K [0x00000003c0000000, 0x00000003d0700000, 0x000000066ab00000)
  object space 269312K, 44% used [0x00000003c0000000,0x00000003c7581d50,0x00000003d0700000)
 Metaspace       used 85944K, capacity 86878K, committed 87256K, reserved 1124352K
  class space    used 12158K, capacity 12380K, committed 12504K, reserved 1048576K
Event: 299.603 GC heap after
Heap after GC invocations=35 (full 6):
 PSYoungGen      total 797696K, used 3840K [0x000000066ab00000, 0x00000006a4900000, 0x00000007c0000000)
  eden space 758272K, 0% used [0x000000066ab00000,0x000000066ab00000,0x0000000698f80000)
  from space 39424K, 9% used [0x0000000698f80000,0x0000000699340000,0x000000069b600000)
  to   space 36864K, 0% used [0x00000006a2500000,0x00000006a2500000,0x00000006a4900000)
 ParOldGen       total 269312K, used 120335K [0x00000003c0000000, 0x00000003d0700000, 0x000000066ab00000)
  object space 269312K, 44% used [0x00000003c0000000,0x00000003c7583d50,0x00000003d0700000)
 Metaspace       used 85944K, capacity 86878K, committed 87256K, reserved 1124352K
  class space    used 12158K, capacity 12380K, committed 12504K, reserved 1048576K
}
Event: 300.220 GC heap before
{Heap before GC invocations=36 (full 6):
 PSYoungGen      total 797696K, used 762112K [0x000000066ab00000, 0x00000006a4900000, 0x00000007c0000000)
  eden space 758272K, 100% used [0x000000066ab00000,0x0000000698f80000,0x0000000698f80000)
  from space 39424K, 9% used [0x0000000698f80000,0x0000000699340000,0x000000069b600000)
  to   space 36864K, 0% used [0x00000006a2500000,0x00000006a2500000,0x00000006a4900000)
 ParOldGen       total 269312K, used 120335K [0x00000003c0000000, 0x00000003d0700000, 0x000000066ab00000)
  object space 269312K, 44% used [0x00000003c0000000,0x00000003c7583d50,0x00000003d0700000)
 Metaspace       used 85944K, capacity 86878K, committed 87256K, reserved 1124352K
  class space    used 12158K, capacity 12380K, committed 12504K, reserved 1048576K
Event: 300.225 GC heap after
Heap after GC invocations=36 (full 6):
 PSYoungGen      total 896000K, used 2208K [0x000000066ab00000, 0x00000006a4000000, 0x00000007c0000000)
  eden space 868352K, 0% used [0x000000066ab00000,0x000000066ab00000,0x000000069fb00000)
  from space 27648K, 7% used [0x00000006a2500000,0x00000006a2728000,0x00000006a4000000)
  to   space 35328K, 0% used [0x000000069fb00000,0x000000069fb00000,0x00000006a1d80000)
 ParOldGen       total 269312K, used 120343K [0x00000003c0000000, 0x00000003d0700000, 0x000000066ab00000)
  object space 269312K, 44% used [0x00000003c0000000,0x00000003c7585d50,0x00000003d0700000)
 Metaspace       used 85944K, capacity 86878K, committed 87256K, reserved 1124352K
  class space    used 12158K, capacity 12380K, committed 12504K, reserved 1048576K
}
Event: 300.987 GC heap before
{Heap before GC invocations=37 (full 6):
 PSYoungGen      total 896000K, used 870560K [0x000000066ab00000, 0x00000006a4000000, 0x00000007c0000000)
  eden space 868352K, 100% used [0x000000066ab00000,0x000000069fb00000,0x000000069fb00000)
  from space 27648K, 7% used [0x00000006a2500000,0x00000006a2728000,0x00000006a4000000)
  to   space 35328K, 0% used [0x000000069fb00000,0x000000069fb00000,0x00000006a1d80000)
 ParOldGen       total 269312K, used 120343K [0x00000003c0000000, 0x00000003d0700000, 0x000000066ab00000)
  object space 269312K, 44% used [0x00000003c0000000,0x00000003c7585d50,0x00000003d0700000)
 Metaspace       used 85944K, capacity 86878K, committed 87256K, reserved 1124352K
  class space    used 12158K, capacity 12380K, committed 12504K, reserved 1048576K
Event: 300.990 GC heap after
Heap after GC invocations=37 (full 6):
 PSYoungGen      total 903680K, used 480K [0x000000066ab00000, 0x00000006aac00000, 0x00000007c0000000)
  eden space 868352K, 0% used [0x000000066ab00000,0x000000066ab00000,0x000000069fb00000)
  from space 35328K, 1% used [0x000000069fb00000,0x000000069fb78000,0x00000006a1d80000)
  to   space 33792K, 0% used [0x00000006a8b00000,0x00000006a8b00000,0x00000006aac00000)
 ParOldGen       total 269312K, used 120343K [0x00000003c0000000, 0x00000003d0700000, 0x000000066ab00000)
  object space 269312K, 44% used [0x00000003c0000000,0x00000003c7585d50,0x00000003d0700000)
 Metaspace       used 85944K, capacity 86878K, committed 87256K, reserved 1124352K
  class space    used 12158K, capacity 12380K, committed 12504K, reserved 1048576K
}
Event: 301.687 GC heap before
{Heap before GC invocations=38 (full 6):
 PSYoungGen      total 903680K, used 868832K [0x000000066ab00000, 0x00000006aac00000, 0x00000007c0000000)
  eden space 868352K, 100% used [0x000000066ab00000,0x000000069fb00000,0x000000069fb00000)
  from space 35328K, 1% used [0x000000069fb00000,0x000000069fb78000,0x00000006a1d80000)
  to   space 33792K, 0% used [0x00000006a8b00000,0x00000006a8b00000,0x00000006aac00000)
 ParOldGen       total 269312K, used 120343K [0x00000003c0000000, 0x00000003d0700000, 0x000000066ab00000)
  object space 269312K, 44% used [0x00000003c0000000,0x00000003c7585d50,0x00000003d0700000)
 Metaspace       used 85944K, capacity 86878K, committed 87256K, reserved 1124352K
  class space    used 12158K, capacity 12380K, committed 12504K, reserved 1048576K
Event: 301.690 GC heap after
Heap after GC invocations=38 (full 6):
 PSYoungGen      total 991232K, used 608K [0x000000066ab00000, 0x00000006a9e00000, 0x00000007c0000000)
  eden space 971776K, 0% used [0x000000066ab00000,0x000000066ab00000,0x00000006a6000000)
  from space 19456K, 3% used [0x00000006a8b00000,0x00000006a8b98000,0x00000006a9e00000)
  to   space 31744K, 0% used [0x00000006a6000000,0x00000006a6000000,0x00000006a7f00000)
 ParOldGen       total 269312K, used 120343K [0x00000003c0000000, 0x00000003d0700000, 0x000000066ab00000)
  object space 269312K, 44% used [0x00000003c0000000,0x00000003c7585d50,0x00000003d0700000)
 Metaspace       used 85944K, capacity 86878K, committed 87256K, reserved 1124352K
  class space    used 12158K, capacity 12380K, committed 12504K, reserved 1048576K
}
Event: 302.539 GC heap before
{Heap before GC invocations=39 (full 6):
 PSYoungGen      total 991232K, used 972384K [0x000000066ab00000, 0x00000006a9e00000, 0x00000007c0000000)
  eden space 971776K, 100% used [0x000000066ab00000,0x00000006a6000000,0x00000006a6000000)
  from space 19456K, 3% used [0x00000006a8b00000,0x00000006a8b98000,0x00000006a9e00000)
  to   space 31744K, 0% used [0x00000006a6000000,0x00000006a6000000,0x00000006a7f00000)
 ParOldGen       total 269312K, used 120343K [0x00000003c0000000, 0x00000003d0700000, 0x000000066ab00000)
  object space 269312K, 44% used [0x00000003c0000000,0x00000003c7585d50,0x00000003d0700000)
 Metaspace       used 85944K, capacity 86878K, committed 87256K, reserved 1124352K
  class space    used 12158K, capacity 12380K, committed 12504K, reserved 1048576K
Event: 302.542 GC heap after
Heap after GC invocations=39 (full 6):
 PSYoungGen      total 1003520K, used 384K [0x000000066ab00000, 0x00000006af000000, 0x00000007c0000000)
  eden space 971776K, 0% used [0x000000066ab00000,0x000000066ab00000,0x00000006a6000000)
  from space 31744K, 1% used [0x00000006a6000000,0x00000006a6060000,0x00000006a7f00000)
  to   space 30208K, 0% used [0x00000006ad280000,0x00000006ad280000,0x00000006af000000)
 ParOldGen       total 269312K, used 120343K [0x00000003c0000000, 0x00000003d0700000, 0x000000066ab00000)
  object space 269312K, 44% used [0x00000003c0000000,0x00000003c7585d50,0x00000003d0700000)
 Metaspace       used 85944K, capacity 86878K, committed 87256K, reserved 1124352K
  class space    used 12158K, capacity 12380K, committed 12504K, reserved 1048576K
}
Event: 303.341 GC heap before
{Heap before GC invocations=40 (full 6):
 PSYoungGen      total 1003520K, used 972160K [0x000000066ab00000, 0x00000006af000000, 0x00000007c0000000)
  eden space 971776K, 100% used [0x000000066ab00000,0x00000006a6000000,0x00000006a6000000)
  from space 31744K, 1% used [0x00000006a6000000,0x00000006a6060000,0x00000006a7f00000)
  to   space 30208K, 0% used [0x00000006ad280000,0x00000006ad280000,0x00000006af000000)
 ParOldGen       total 269312K, used 120343K [0x00000003c0000000, 0x00000003d0700000, 0x000000066ab00000)
  object space 269312K, 44% used [0x00000003c0000000,0x00000003c7585d50,0x00000003d0700000)
 Metaspace       used 85968K, capacity 86910K, committed 87256K, reserved 1124352K
  class space    used 12165K, capacity 12412K, committed 12504K, reserved 1048576K
Event: 303.368 GC heap after
Heap after GC invocations=40 (full 6):
 PSYoungGen      total 1087488K, used 15979K [0x000000066ab00000, 0x00000006b1900000, 0x00000007c0000000)
  eden space 1057280K, 0% used [0x000000066ab00000,0x000000066ab00000,0x00000006ab380000)
  from space 30208K, 52% used [0x00000006ad280000,0x00000006ae21adf8,0x00000006af000000)
  to   space 31744K, 0% used [0x00000006ab380000,0x00000006ab380000,0x00000006ad280000)
 ParOldGen       total 269312K, used 120351K [0x00000003c0000000, 0x00000003d0700000, 0x000000066ab00000)
  object space 269312K, 44% used [0x00000003c0000000,0x00000003c7587d50,0x00000003d0700000)
 Metaspace       used 85968K, capacity 86910K, committed 87256K, reserved 1124352K
  class space    used 12165K, capacity 12412K, committed 12504K, reserved 1048576K
}
Event: 304.260 GC heap before
{Heap before GC invocations=41 (full 6):
 PSYoungGen      total 1087488K, used 1073259K [0x000000066ab00000, 0x00000006b1900000, 0x00000007c0000000)
  eden space 1057280K, 100% used [0x000000066ab00000,0x00000006ab380000,0x00000006ab380000)
  from space 30208K, 52% used [0x00000006ad280000,0x00000006ae21adf8,0x00000006af000000)
  to   space 31744K, 0% used [0x00000006ab380000,0x00000006ab380000,0x00000006ad280000)
 ParOldGen       total 269312K, used 120351K [0x00000003c0000000, 0x00000003d0700000, 0x000000066ab00000)
  object space 269312K, 44% used [0x00000003c0000000,0x00000003c7587d50,0x00000003d0700000)
 Metaspace       used 85969K, capacity 86910K, committed 87256K, reserved 1124352K
  class space    used 12165K, capacity 12412K, committed 12504K, reserved 1048576K
Event: 304.268 GC heap after
Heap after GC invocations=41 (full 6):
 PSYoungGen      total 1089024K, used 3534K [0x000000066ab00000, 0x00000006b6c80000, 0x00000007c0000000)
  eden space 1057280K, 0% used [0x000000066ab00000,0x000000066ab00000,0x00000006ab380000)
  from space 31744K, 11% used [0x00000006ab380000,0x00000006ab6f3940,0x00000006ad280000)
  to   space 29696K, 0% used [0x00000006b4f80000,0x00000006b4f80000,0x00000006b6c80000)
 ParOldGen       total 269312K, used 120351K [0x00000003c0000000, 0x00000003d0700000, 0x000000066ab00000)
  object space 269312K, 44% used [0x00000003c0000000,0x00000003c7587d50,0x00000003d0700000)
 Metaspace       used 85969K, capacity 86910K, committed 87256K, reserved 1124352K
  class space    used 12165K, capacity 12412K, committed 12504K, reserved 1048576K
}
Event: 305.112 GC heap before
{Heap before GC invocations=42 (full 6):
 PSYoungGen      total 1089024K, used 1060814K [0x000000066ab00000, 0x00000006b6c80000, 0x00000007c0000000)
  eden space 1057280K, 100% used [0x000000066ab00000,0x00000006ab380000,0x00000006ab380000)
  from space 31744K, 11% used [0x00000006ab380000,0x00000006ab6f3940,0x00000006ad280000)
  to   space 29696K, 0% used [0x00000006b4f80000,0x00000006b4f80000,0x00000006b6c80000)
 ParOldGen       total 269312K, used 120351K [0x00000003c0000000, 0x00000003d0700000, 0x000000066ab00000)
  object space 269312K, 44% used [0x00000003c0000000,0x00000003c7587d50,0x00000003d0700000)
 Metaspace       used 85969K, capacity 86910K, committed 87256K, reserved 1124352K
  class space    used 12165K, capacity 12412K, committed 12504K, reserved 1048576K
Event: 305.115 GC heap after
Heap after GC invocations=42 (full 6):
 PSYoungGen      total 1188352K, used 352K [0x000000066ab00000, 0x00000006b5d80000, 0x00000007c0000000)
  eden space 1174016K, 0% used [0x000000066ab00000,0x000000066ab00000,0x00000006b2580000)
  from space 14336K, 2% used [0x00000006b4f80000,0x00000006b4fd8000,0x00000006b5d80000)
  to   space 28672K, 0% used [0x00000006b2580000,0x00000006b2580000,0x00000006b4180000)
 ParOldGen       total 269312K, used 120351K [0x00000003c0000000, 0x00000003d0700000, 0x000000066ab00000)
  object space 269312K, 44% used [0x00000003c0000000,0x00000003c7587d50,0x00000003d0700000)
 Metaspace       used 85969K, capacity 86910K, committed 87256K, reserved 1124352K
  class space    used 12165K, capacity 12412K, committed 12504K, reserved 1048576K
}
Event: 306.118 GC heap before
{Heap before GC invocations=43 (full 6):
 PSYoungGen      total 1188352K, used 1174368K [0x000000066ab00000, 0x00000006b5d80000, 0x00000007c0000000)
  eden space 1174016K, 100% used [0x000000066ab00000,0x00000006b2580000,0x00000006b2580000)
  from space 14336K, 2% used [0x00000006b4f80000,0x00000006b4fd8000,0x00000006b5d80000)
  to   space 28672K, 0% used [0x00000006b2580000,0x00000006b2580000,0x00000006b4180000)
 ParOldGen       total 269312K, used 120351K [0x00000003c0000000, 0x00000003d0700000, 0x000000066ab00000)
  object space 269312K, 44% used [0x00000003c0000000,0x00000003c7587d50,0x00000003d0700000)
 Metaspace       used 85969K, capacity 86910K, committed 87256K, reserved 1124352K
  class space    used 12165K, capacity 12412K, committed 12504K, reserved 1048576K
Event: 306.121 GC heap after
Heap after GC invocations=43 (full 6):
 PSYoungGen      total 1202688K, used 928K [0x000000066ab00000, 0x00000006bcc00000, 0x00000007c0000000)
  eden space 1174016K, 0% used [0x000000066ab00000,0x000000066ab00000,0x00000006b2580000)
  from space 28672K, 3% used [0x00000006b2580000,0x00000006b2668000,0x00000006b4180000)
  to   space 27136K, 0% used [0x00000006bb180000,0x00000006bb180000,0x00000006bcc00000)
 ParOldGen       total 269312K, used 120351K [0x00000003c0000000, 0x00000003d0700000, 0x000000066ab00000)
  object space 269312K, 44% used [0x00000003c0000000,0x00000003c7587d50,0x00000003d0700000)
 Metaspace       used 85969K, capacity 86910K, committed 87256K, reserved 1124352K
  class space    used 12165K, capacity 12412K, committed 12504K, reserved 1048576K
}
Event: 307.068 GC heap before
{Heap before GC invocations=44 (full 6):
 PSYoungGen      total 1202688K, used 1174944K [0x000000066ab00000, 0x00000006bcc00000, 0x00000007c0000000)
  eden space 1174016K, 100% used [0x000000066ab00000,0x00000006b2580000,0x00000006b2580000)
  from space 28672K, 3% used [0x00000006b2580000,0x00000006b2668000,0x00000006b4180000)
  to   space 27136K, 0% used [0x00000006bb180000,0x00000006bb180000,0x00000006bcc00000)
 ParOldGen       total 269312K, used 120351K [0x00000003c0000000, 0x00000003d0700000, 0x000000066ab00000)
  object space 269312K, 44% used [0x00000003c0000000,0x00000003c7587d50,0x00000003d0700000)
 Metaspace       used 85969K, capacity 86910K, committed 87256K, reserved 1124352K
  class space    used 12165K, capacity 12412K, committed 12504K, reserved 1048576K
Event: 307.079 GC heap after
Heap after GC invocations=44 (full 6):
 PSYoungGen      total 1319424K, used 5788K [0x000000066ab00000, 0x00000006bcf00000, 0x00000007c0000000)
  eden space 1292288K, 0% used [0x000000066ab00000,0x000000066ab00000,0x00000006b9900000)
  from space 27136K, 21% used [0x00000006bb180000,0x00000006bb727040,0x00000006bcc00000)
  to   space 25088K, 0% used [0x00000006b9900000,0x00000006b9900000,0x00000006bb180000)
 ParOldGen       total 269312K, used 120351K [0x00000003c0000000, 0x00000003d0700000, 0x000000066ab00000)
  object space 269312K, 44% used [0x00000003c0000000,0x00000003c7587d50,0x00000003d0700000)
 Metaspace       used 85969K, capacity 86910K, committed 87256K, reserved 1124352K
  class space    used 12165K, capacity 12412K, committed 12504K, reserved 1048576K
}
Event: 308.192 GC heap before
{Heap before GC invocations=45 (full 6):
 PSYoungGen      total 1319424K, used 1298076K [0x000000066ab00000, 0x00000006bcf00000, 0x00000007c0000000)
  eden space 1292288K, 100% used [0x000000066ab00000,0x00000006b9900000,0x00000006b9900000)
  from space 27136K, 21% used [0x00000006bb180000,0x00000006bb727040,0x00000006bcc00000)
  to   space 25088K, 0% used [0x00000006b9900000,0x00000006b9900000,0x00000006bb180000)
 ParOldGen       total 269312K, used 120351K [0x00000003c0000000, 0x00000003d0700000, 0x000000066ab00000)
  object space 269312K, 44% used [0x00000003c0000000,0x00000003c7587d50,0x00000003d0700000)
 Metaspace       used 85969K, capacity 86910K, committed 87256K, reserved 1124352K
  class space    used 12165K, capacity 12412K, committed 12504K, reserved 1048576K
Event: 308.195 GC heap after
Heap after GC invocations=45 (full 6):
 PSYoungGen      total 1317376K, used 256K [0x000000066ab00000, 0x00000006c3d00000, 0x00000007c0000000)
  eden space 1292288K, 0% used [0x000000066ab00000,0x000000066ab00000,0x00000006b9900000)
  from space 25088K, 1% used [0x00000006b9900000,0x00000006b9940000,0x00000006bb180000)
  to   space 24064K, 0% used [0x00000006c2580000,0x00000006c2580000,0x00000006c3d00000)
 ParOldGen       total 269312K, used 120351K [0x00000003c0000000, 0x00000003d0700000, 0x000000066ab00000)
  object space 269312K, 44% used [0x00000003c0000000,0x00000003c7587d50,0x00000003d0700000)
 Metaspace       used 85969K, capacity 86910K, committed 87256K, reserved 1124352K
  class space    used 12165K, capacity 12412K, committed 12504K, reserved 1048576K
}
Event: 309.226 GC heap before
{Heap before GC invocations=46 (full 6):
 PSYoungGen      total 1317376K, used 1292544K [0x000000066ab00000, 0x00000006c3d00000, 0x00000007c0000000)
  eden space 1292288K, 100% used [0x000000066ab00000,0x00000006b9900000,0x00000006b9900000)
  from space 25088K, 1% used [0x00000006b9900000,0x00000006b9940000,0x00000006bb180000)
  to   space 24064K, 0% used [0x00000006c2580000,0x00000006c2580000,0x00000006c3d00000)
 ParOldGen       total 269312K, used 120351K [0x00000003c0000000, 0x00000003d0700000, 0x000000066ab00000)
  object space 269312K, 44% used [0x00000003c0000000,0x00000003c7587d50,0x00000003d0700000)
 Metaspace       used 85969K, capacity 86910K, committed 87256K, reserved 1124352K
  class space    used 12165K, capacity 12412K, committed 12504K, reserved 1048576K
Event: 309.229 GC heap after
Heap after GC invocations=46 (full 6):
 PSYoungGen      total 1408512K, used 512K [0x000000066ab00000, 0x00000006c2e80000, 0x00000007c0000000)
  eden space 1399296K, 0% used [0x000000066ab00000,0x000000066ab00000,0x00000006c0180000)
  from space 9216K, 5% used [0x00000006c2580000,0x00000006c2600000,0x00000006c2e80000)
  to   space 23040K, 0% used [0x00000006c0180000,0x00000006c0180000,0x00000006c1800000)
 ParOldGen       total 269312K, used 120351K [0x00000003c0000000, 0x00000003d0700000, 0x000000066ab00000)
  object space 269312K, 44% used [0x00000003c0000000,0x00000003c7587d50,0x00000003d0700000)
 Metaspace       used 85969K, capacity 86910K, committed 87256K, reserved 1124352K
  class space    used 12165K, capacity 12412K, committed 12504K, reserved 1048576K
}
Event: 310.401 GC heap before
{Heap before GC invocations=47 (full 6):
 PSYoungGen      total 1408512K, used 1399808K [0x000000066ab00000, 0x00000006c2e80000, 0x00000007c0000000)
  eden space 1399296K, 100% used [0x000000066ab00000,0x00000006c0180000,0x00000006c0180000)
  from space 9216K, 5% used [0x00000006c2580000,0x00000006c2600000,0x00000006c2e80000)
  to   space 23040K, 0% used [0x00000006c0180000,0x00000006c0180000,0x00000006c1800000)
 ParOldGen       total 269312K, used 120351K [0x00000003c0000000, 0x00000003d0700000, 0x000000066ab00000)
  object space 269312K, 44% used [0x00000003c0000000,0x00000003c7587d50,0x00000003d0700000)
 Metaspace       used 85969K, capacity 86910K, committed 87256K, reserved 1124352K
  class space    used 12165K, capacity 12412K, committed 12504K, reserved 1048576K
Event: 310.405 GC heap after
Heap after GC invocations=47 (full 6):
 PSYoungGen      total 1422336K, used 1344K [0x000000066ab00000, 0x00000006c8780000, 0x00000007c0000000)
  eden space 1399296K, 0% used [0x000000066ab00000,0x000000066ab00000,0x00000006c0180000)
  from space 23040K, 5% used [0x00000006c0180000,0x00000006c02d0000,0x00000006c1800000)
  to   space 21504K, 0% used [0x00000006c7280000,0x00000006c7280000,0x00000006c8780000)
 ParOldGen       total 269312K, used 120351K [0x00000003c0000000, 0x00000003d0700000, 0x000000066ab00000)
  object space 269312K, 44% used [0x00000003c0000000,0x00000003c7587d50,0x00000003d0700000)
 Metaspace       used 85969K, capacity 86910K, committed 87256K, reserved 1124352K
  class space    used 12165K, capacity 12412K, committed 12504K, reserved 1048576K
}
Event: 311.549 GC heap before
{Heap before GC invocations=48 (full 6):
 PSYoungGen      total 1422336K, used 1400640K [0x000000066ab00000, 0x00000006c8780000, 0x00000007c0000000)
  eden space 1399296K, 100% used [0x000000066ab00000,0x00000006c0180000,0x00000006c0180000)
  from space 23040K, 5% used [0x00000006c0180000,0x00000006c02d0000,0x00000006c1800000)
  to   space 21504K, 0% used [0x00000006c7280000,0x00000006c7280000,0x00000006c8780000)
 ParOldGen       total 269312K, used 120351K [0x00000003c0000000, 0x00000003d0700000, 0x000000066ab00000)
  object space 269312K, 44% used [0x00000003c0000000,0x00000003c7587d50,0x00000003d0700000)
 Metaspace       used 85969K, capacity 86910K, committed 87256K, reserved 1124352K
  class space    used 12165K, capacity 12412K, committed 12504K, reserved 1048576K
Event: 311.555 GC heap after
Heap after GC invocations=48 (full 6):
 PSYoungGen      total 1509888K, used 2916K [0x000000066ab00000, 0x00000006c8380000, 0x00000007c0000000)
  eden space 1492480K, 0% used [0x000000066ab00000,0x000000066ab00000,0x00000006c5c80000)
  from space 17408K, 16% used [0x00000006c7280000,0x00000006c7559308,0x00000006c8380000)
  to   space 19968K, 0% used [0x00000006c5c80000,0x00000006c5c80000,0x00000006c7000000)
 ParOldGen       total 269312K, used 120351K [0x00000003c0000000, 0x00000003d0700000, 0x000000066ab00000)
  object space 269312K, 44% used [0x00000003c0000000,0x00000003c7587d50,0x00000003d0700000)
 Metaspace       used 85969K, capacity 86910K, committed 87256K, reserved 1124352K
  class space    used 12165K, capacity 12412K, committed 12504K, reserved 1048576K
}
Event: 312.793 GC heap before
{Heap before GC invocations=49 (full 6):
 PSYoungGen      total 1509888K, used 1495396K [0x000000066ab00000, 0x00000006c8380000, 0x00000007c0000000)
  eden space 1492480K, 100% used [0x000000066ab00000,0x00000006c5c80000,0x00000006c5c80000)
  from space 17408K, 16% used [0x00000006c7280000,0x00000006c7559308,0x00000006c8380000)
  to   space 19968K, 0% used [0x00000006c5c80000,0x00000006c5c80000,0x00000006c7000000)
 ParOldGen       total 269312K, used 120351K [0x00000003c0000000, 0x00000003d0700000, 0x000000066ab00000)
  object space 269312K, 44% used [0x00000003c0000000,0x00000003c7587d50,0x00000003d0700000)
 Metaspace       used 85970K, capacity 86910K, committed 87256K, reserved 1124352K
  class space    used 12165K, capacity 12412K, committed 12504K, reserved 1048576K
Event: 312.797 GC heap after
Heap after GC invocations=49 (full 6):
 PSYoungGen      total 1512448K, used 704K [0x000000066ab00000, 0x00000006cd900000, 0x00000007c0000000)
  eden space 1492480K, 0% used [0x000000066ab00000,0x000000066ab00000,0x00000006c5c80000)
  from space 19968K, 3% used [0x00000006c5c80000,0x00000006c5d30000,0x00000006c7000000)
  to   space 18944K, 0% used [0x00000006cc680000,0x00000006cc680000,0x00000006cd900000)
 ParOldGen       total 269312K, used 120351K [0x00000003c0000000, 0x00000003d0700000, 0x000000066ab00000)
  object space 269312K, 44% used [0x00000003c0000000,0x00000003c7587d50,0x00000003d0700000)
 Metaspace       used 85970K, capacity 86910K, committed 87256K, reserved 1124352K
  class space    used 12165K, capacity 12412K, committed 12504K, reserved 1048576K
}
Event: 314.010 GC heap before
{Heap before GC invocations=50 (full 6):
 PSYoungGen      total 1512448K, used 1493184K [0x000000066ab00000, 0x00000006cd900000, 0x00000007c0000000)
  eden space 1492480K, 100% used [0x000000066ab00000,0x00000006c5c80000,0x00000006c5c80000)
  from space 19968K, 3% used [0x00000006c5c80000,0x00000006c5d30000,0x00000006c7000000)
  to   space 18944K, 0% used [0x00000006cc680000,0x00000006cc680000,0x00000006cd900000)
 ParOldGen       total 269312K, used 120351K [0x00000003c0000000, 0x00000003d0700000, 0x000000066ab00000)
  object space 269312K, 44% used [0x00000003c0000000,0x00000003c7587d50,0x00000003d0700000)
 Metaspace       used 85972K, capacity 86910K, committed 87256K, reserved 1124352K
  class space    used 12165K, capacity 12412K, committed 12504K, reserved 1048576K
Event: 314.038 GC heap after
Heap after GC invocations=50 (full 6):
 PSYoungGen      total 1597952K, used 16270K [0x000000066ab00000, 0x00000006d0e80000, 0x00000007c0000000)
  eden space 1579008K, 0% used [0x000000066ab00000,0x000000066ab00000,0x00000006cb100000)
  from space 18944K, 85% used [0x00000006cc680000,0x00000006cd663968,0x00000006cd900000)
  to   space 22016K, 0% used [0x00000006cb100000,0x00000006cb100000,0x00000006cc680000)
 ParOldGen       total 269312K, used 120351K [0x00000003c0000000, 0x00000003d0700000, 0x000000066ab00000)
  object space 269312K, 44% used [0x00000003c0000000,0x00000003c7587d50,0x00000003d0700000)
 Metaspace       used 85972K, capacity 86910K, committed 87256K, reserved 1124352K
  class space    used 12165K, capacity 12412K, committed 12504K, reserved 1048576K
}
Event: 315.328 GC heap before
{Heap before GC invocations=51 (full 6):
 PSYoungGen      total 1597952K, used 1595278K [0x000000066ab00000, 0x00000006d0e80000, 0x00000007c0000000)
  eden space 1579008K, 100% used [0x000000066ab00000,0x00000006cb100000,0x00000006cb100000)
  from space 18944K, 85% used [0x00000006cc680000,0x00000006cd663968,0x00000006cd900000)
  to   space 22016K, 0% used [0x00000006cb100000,0x00000006cb100000,0x00000006cc680000)
 ParOldGen       total 269312K, used 120351K [0x00000003c0000000, 0x00000003d0700000, 0x000000066ab00000)
  object space 269312K, 44% used [0x00000003c0000000,0x00000003c7587d50,0x00000003d0700000)
 Metaspace       used 85972K, capacity 86910K, committed 87256K, reserved 1124352K
  class space    used 12165K, capacity 12412K, committed 12504K, reserved 1048576K
Event: 315.333 GC heap after
Heap after GC invocations=51 (full 6):
 PSYoungGen      total 1601024K, used 1696K [0x000000066ab00000, 0x00000006d5b80000, 0x00000007c0000000)
  eden space 1579008K, 0% used [0x000000066ab00000,0x000000066ab00000,0x00000006cb100000)
  from space 22016K, 7% used [0x00000006cb100000,0x00000006cb2a8000,0x00000006cc680000)
  to   space 20992K, 0% used [0x00000006d4700000,0x00000006d4700000,0x00000006d5b80000)
 ParOldGen       total 269312K, used 120351K [0x00000003c0000000, 0x00000003d0700000, 0x000000066ab00000)
  object space 269312K, 44% used [0x00000003c0000000,0x00000003c7587d50,0x00000003d0700000)
 Metaspace       used 85972K, capacity 86910K, committed 87256K, reserved 1124352K
  class space    used 12165K, capacity 12412K, committed 12504K, reserved 1048576K
}
Event: 316.586 GC heap before
{Heap before GC invocations=52 (full 6):
 PSYoungGen      total 1601024K, used 1580704K [0x000000066ab00000, 0x00000006d5b80000, 0x00000007c0000000)
  eden space 1579008K, 100% used [0x000000066ab00000,0x00000006cb100000,0x00000006cb100000)
  from space 22016K, 7% used [0x00000006cb100000,0x00000006cb2a8000,0x00000006cc680000)
  to   space 20992K, 0% used [0x00000006d4700000,0x00000006d4700000,0x00000006d5b80000)
 ParOldGen       total 269312K, used 120351K [0x00000003c0000000, 0x00000003d0700000, 0x000000066ab00000)
  object space 269312K, 44% used [0x00000003c0000000,0x00000003c7587d50,0x00000003d0700000)
 Metaspace       used 85972K, capacity 86910K, committed 87256K, reserved 1124352K
  class space    used 12165K, capacity 12412K, committed 12504K, reserved 1048576K
Event: 316.589 GC heap after
Heap after GC invocations=52 (full 6):
 PSYoungGen      total 1698816K, used 96K [0x000000066ab00000, 0x00000006d4a00000, 0x00000007c0000000)
  eden space 1695744K, 0% used [0x000000066ab00000,0x000000066ab00000,0x00000006d2300000)
  from space 3072K, 3% used [0x00000006d4700000,0x00000006d4718000,0x00000006d4a00000)
  to   space 19968K, 0% used [0x00000006d2300000,0x00000006d2300000,0x00000006d3680000)
 ParOldGen       total 269312K, used 120351K [0x00000003c0000000, 0x00000003d0700000, 0x000000066ab00000)
  object space 269312K, 44% used [0x00000003c0000000,0x00000003c7587d50,0x00000003d0700000)
 Metaspace       used 85972K, capacity 86910K, committed 87256K, reserved 1124352K
  class space    used 12165K, capacity 12412K, committed 12504K, reserved 1048576K
}
Event: 318.002 GC heap before
{Heap before GC invocations=53 (full 6):
 PSYoungGen      total 1698816K, used 1695840K [0x000000066ab00000, 0x00000006d4a00000, 0x00000007c0000000)
  eden space 1695744K, 100% used [0x000000066ab00000,0x00000006d2300000,0x00000006d2300000)
  from space 3072K, 3% used [0x00000006d4700000,0x00000006d4718000,0x00000006d4a00000)
  to   space 19968K, 0% used [0x00000006d2300000,0x00000006d2300000,0x00000006d3680000)
 ParOldGen       total 269312K, used 120351K [0x00000003c0000000, 0x00000003d0700000, 0x000000066ab00000)
  object space 269312K, 44% used [0x00000003c0000000,0x00000003c7587d50,0x00000003d0700000)
 Metaspace       used 85974K, capacity 86910K, committed 87256K, reserved 1124352K
  class space    used 12165K, capacity 12412K, committed 12504K, reserved 1048576K
Event: 318.028 GC heap after
Heap after GC invocations=53 (full 6):
 PSYoungGen      total 1715712K, used 15412K [0x000000066ab00000, 0x00000006dea00000, 0x00000007c0000000)
  eden space 1695744K, 0% used [0x000000066ab00000,0x000000066ab00000,0x00000006d2300000)
  from space 19968K, 77% used [0x00000006d2300000,0x00000006d320d198,0x00000006d3680000)
  to   space 22528K, 0% used [0x00000006dd400000,0x00000006dd400000,0x00000006dea00000)
 ParOldGen       total 269312K, used 120351K [0x00000003c0000000, 0x00000003d0700000, 0x000000066ab00000)
  object space 269312K, 44% used [0x00000003c0000000,0x00000003c7587d50,0x00000003d0700000)
 Metaspace       used 85974K, capacity 86910K, committed 87256K, reserved 1124352K
  class space    used 12165K, capacity 12412K, committed 12504K, reserved 1048576K
}
Event: 319.412 GC heap before
{Heap before GC invocations=54 (full 6):
 PSYoungGen      total 1715712K, used 1711156K [0x000000066ab00000, 0x00000006dea00000, 0x00000007c0000000)
  eden space 1695744K, 100% used [0x000000066ab00000,0x00000006d2300000,0x00000006d2300000)
  from space 19968K, 77% used [0x00000006d2300000,0x00000006d320d198,0x00000006d3680000)
  to   space 22528K, 0% used [0x00000006dd400000,0x00000006dd400000,0x00000006dea00000)
 ParOldGen       total 269312K, used 120351K [0x00000003c0000000, 0x00000003d0700000, 0x000000066ab00000)
  object space 269312K, 44% used [0x00000003c0000000,0x00000003c7587d50,0x00000003d0700000)
 Metaspace       used 85974K, capacity 86910K, committed 87256K, reserved 1124352K
  class space    used 12165K, capacity 12412K, committed 12504K, reserved 1048576K
Event: 319.431 GC heap after
Heap after GC invocations=54 (full 6):
 PSYoungGen      total 1876480K, used 11012K [0x000000066ab00000, 0x00000006df500000, 0x00000007c0000000)
  eden space 1853952K, 0% used [0x000000066ab00000,0x000000066ab00000,0x00000006dbd80000)
  from space 22528K, 48% used [0x00000006dd400000,0x00000006ddec10d8,0x00000006dea00000)
  to   space 23040K, 0% used [0x00000006dbd80000,0x00000006dbd80000,0x00000006dd400000)
 ParOldGen       total 269312K, used 120351K [0x00000003c0000000, 0x00000003d0700000, 0x000000066ab00000)
  object space 269312K, 44% used [0x00000003c0000000,0x00000003c7587d50,0x00000003d0700000)
 Metaspace       used 85974K, capacity 86910K, committed 87256K, reserved 1124352K
  class space    used 12165K, capacity 12412K, committed 12504K, reserved 1048576K
}
Event: 320.964 GC heap before
{Heap before GC invocations=55 (full 6):
 PSYoungGen      total 1876480K, used 1864964K [0x000000066ab00000, 0x00000006df500000, 0x00000007c0000000)
  eden space 1853952K, 100% used [0x000000066ab00000,0x00000006dbd80000,0x00000006dbd80000)
  from space 22528K, 48% used [0x00000006dd400000,0x00000006ddec10d8,0x00000006dea00000)
  to   space 23040K, 0% used [0x00000006dbd80000,0x00000006dbd80000,0x00000006dd400000)
 ParOldGen       total 269312K, used 120351K [0x00000003c0000000, 0x00000003d0700000, 0x000000066ab00000)
  object space 269312K, 44% used [0x00000003c0000000,0x00000003c7587d50,0x00000003d0700000)
 Metaspace       used 85974K, capacity 86910K, committed 87256K, reserved 1124352K
  class space    used 12165K, capacity 12412K, committed 12504K, reserved 1048576K
Event: 320.967 GC heap after
Heap after GC invocations=55 (full 6):
 PSYoungGen      total 1876992K, used 64K [0x000000066ab00000, 0x00000006e8000000, 0x00000007c0000000)
  eden space 1853952K, 0% used [0x000000066ab00000,0x000000066ab00000,0x00000006dbd80000)
  from space 23040K, 0% used [0x00000006dbd80000,0x00000006dbd90000,0x00000006dd400000)
  to   space 22528K, 0% used [0x00000006e6a00000,0x00000006e6a00000,0x00000006e8000000)
 ParOldGen       total 269312K, used 120359K [0x00000003c0000000, 0x00000003d0700000, 0x000000066ab00000)
  object space 269312K, 44% used [0x00000003c0000000,0x00000003c7589d50,0x00000003d0700000)
 Metaspace       used 85974K, capacity 86910K, committed 87256K, reserved 1124352K
  class space    used 12165K, capacity 12412K, committed 12504K, reserved 1048576K
}
Event: 322.445 GC heap before
{Heap before GC invocations=56 (full 6):
 PSYoungGen      total 1876992K, used 1854016K [0x000000066ab00000, 0x00000006e8000000, 0x00000007c0000000)
  eden space 1853952K, 100% used [0x000000066ab00000,0x00000006dbd80000,0x00000006dbd80000)
  from space 23040K, 0% used [0x00000006dbd80000,0x00000006dbd90000,0x00000006dd400000)
  to   space 22528K, 0% used [0x00000006e6a00000,0x00000006e6a00000,0x00000006e8000000)
 ParOldGen       total 269312K, used 120359K [0x00000003c0000000, 0x00000003d0700000, 0x000000066ab00000)
  object space 269312K, 44% used [0x00000003c0000000,0x00000003c7589d50,0x00000003d0700000)
 Metaspace       used 85974K, capacity 86910K, committed 87256K, reserved 1124352K
  class space    used 12165K, capacity 12412K, committed 12504K, reserved 1048576K
Event: 322.448 GC heap after
Heap after GC invocations=56 (full 6):
 PSYoungGen      total 1990656K, used 640K [0x000000066ab00000, 0x00000006e6b80000, 0x00000007c0000000)
  eden space 1989120K, 0% used [0x000000066ab00000,0x000000066ab00000,0x00000006e4180000)
  from space 1536K, 41% used [0x00000006e6a00000,0x00000006e6aa0000,0x00000006e6b80000)
  to   space 21504K, 0% used [0x00000006e4180000,0x00000006e4180000,0x00000006e5680000)
 ParOldGen       total 269312K, used 120367K [0x00000003c0000000, 0x00000003d0700000, 0x000000066ab00000)
  object space 269312K, 44% used [0x00000003c0000000,0x00000003c758bd50,0x00000003d0700000)
 Metaspace       used 85974K, capacity 86910K, committed 87256K, reserved 1124352K
  class space    used 12165K, capacity 12412K, committed 12504K, reserved 1048576K
}
Event: 324.055 GC heap before
{Heap before GC invocations=57 (full 6):
 PSYoungGen      total 1990656K, used 1989760K [0x000000066ab00000, 0x00000006e6b80000, 0x00000007c0000000)
  eden space 1989120K, 100% used [0x000000066ab00000,0x00000006e4180000,0x00000006e4180000)
  from space 1536K, 41% used [0x00000006e6a00000,0x00000006e6aa0000,0x00000006e6b80000)
  to   space 21504K, 0% used [0x00000006e4180000,0x00000006e4180000,0x00000006e5680000)
 ParOldGen       total 269312K, used 120367K [0x00000003c0000000, 0x00000003d0700000, 0x000000066ab00000)
  object space 269312K, 44% used [0x00000003c0000000,0x00000003c758bd50,0x00000003d0700000)
 Metaspace       used 85975K, capacity 86910K, committed 87256K, reserved 1124352K
  class space    used 12165K, capacity 12412K, committed 12504K, reserved 1048576K
Event: 324.058 GC heap after
Heap after GC invocations=57 (full 6):
 PSYoungGen      total 2010624K, used 32K [0x000000066ab00000, 0x00000006ee680000, 0x00000007c0000000)
  eden space 1989120K, 0% used [0x000000066ab00000,0x000000066ab00000,0x00000006e4180000)
  from space 21504K, 0% used [0x00000006e4180000,0x00000006e4188000,0x00000006e5680000)
  to   space 20480K, 0% used [0x00000006ed280000,0x00000006ed280000,0x00000006ee680000)
 ParOldGen       total 269312K, used 120375K [0x00000003c0000000, 0x00000003d0700000, 0x000000066ab00000)
  object space 269312K, 44% used [0x00000003c0000000,0x00000003c758dd50,0x00000003d0700000)
 Metaspace       used 85975K, capacity 86910K, committed 87256K, reserved 1124352K
  class space    used 12165K, capacity 12412K, committed 12504K, reserved 1048576K
}
Event: 325.661 GC heap before
{Heap before GC invocations=58 (full 6):
 PSYoungGen      total 2010624K, used 1989152K [0x000000066ab00000, 0x00000006ee680000, 0x00000007c0000000)
  eden space 1989120K, 100% used [0x000000066ab00000,0x00000006e4180000,0x00000006e4180000)
  from space 21504K, 0% used [0x00000006e4180000,0x00000006e4188000,0x00000006e5680000)
  to   space 20480K, 0% used [0x00000006ed280000,0x00000006ed280000,0x00000006ee680000)
 ParOldGen       total 269312K, used 120375K [0x00000003c0000000, 0x00000003d0700000, 0x000000066ab00000)
  object space 269312K, 44% used [0x00000003c0000000,0x00000003c758dd50,0x00000003d0700000)
 Metaspace       used 85975K, capacity 86910K, committed 87256K, reserved 1124352K
  class space    used 12165K, capacity 12412K, committed 12504K, reserved 1048576K
Event: 325.664 GC heap after
Heap after GC invocations=58 (full 6):
 PSYoungGen      total 2102784K, used 96K [0x000000066ab00000, 0x00000006ed500000, 0x00000007c0000000)
  eden space 2100224K, 0% used [0x000000066ab00000,0x000000066ab00000,0x00000006eae00000)
  from space 2560K, 3% used [0x00000006ed280000,0x00000006ed298000,0x00000006ed500000)
  to   space 19968K, 0% used [0x00000006eae00000,0x00000006eae00000,0x00000006ec180000)
 ParOldGen       total 269312K, used 120375K [0x00000003c0000000, 0x00000003d0700000, 0x000000066ab00000)
  object space 269312K, 44% used [0x00000003c0000000,0x00000003c758dd50,0x00000003d0700000)
 Metaspace       used 85975K, capacity 86910K, committed 87256K, reserved 1124352K
  class space    used 12165K, capacity 12412K, committed 12504K, reserved 1048576K
}
Event: 327.404 GC heap before
{Heap before GC invocations=59 (full 6):
 PSYoungGen      total 2102784K, used 2100320K [0x000000066ab00000, 0x00000006ed500000, 0x00000007c0000000)
  eden space 2100224K, 100% used [0x000000066ab00000,0x00000006eae00000,0x00000006eae00000)
  from space 2560K, 3% used [0x00000006ed280000,0x00000006ed298000,0x00000006ed500000)
  to   space 19968K, 0% used [0x00000006eae00000,0x00000006eae00000,0x00000006ec180000)
 ParOldGen       total 269312K, used 120375K [0x00000003c0000000, 0x00000003d0700000, 0x000000066ab00000)
  object space 269312K, 44% used [0x00000003c0000000,0x00000003c758dd50,0x00000003d0700000)
 Metaspace       used 85983K, capacity 86910K, committed 87256K, reserved 1124352K
  class space    used 12165K, capacity 12412K, committed 12504K, reserved 1048576K
Event: 327.409 GC heap after
Heap after GC invocations=59 (full 6):
 PSYoungGen      total 2120192K, used 1312K [0x000000066ab00000, 0x00000006f3980000, 0x00000007c0000000)
  eden space 2100224K, 0% used [0x000000066ab00000,0x000000066ab00000,0x00000006eae00000)
  from space 19968K, 6% used [0x00000006eae00000,0x00000006eaf48000,0x00000006ec180000)
  to   space 18432K, 0% used [0x00000006f2780000,0x00000006f2780000,0x00000006f3980000)
 ParOldGen       total 269312K, used 120375K [0x00000003c0000000, 0x00000003d0700000, 0x000000066ab00000)
  object space 269312K, 44% used [0x00000003c0000000,0x00000003c758dd50,0x00000003d0700000)
 Metaspace       used 85983K, capacity 86910K, committed 87256K, reserved 1124352K
  class space    used 12165K, capacity 12412K, committed 12504K, reserved 1048576K
}
Event: 329.076 GC heap before
{Heap before GC invocations=60 (full 6):
 PSYoungGen      total 2120192K, used 2101536K [0x000000066ab00000, 0x00000006f3980000, 0x00000007c0000000)
  eden space 2100224K, 100% used [0x000000066ab00000,0x00000006eae00000,0x00000006eae00000)
  from space 19968K, 6% used [0x00000006eae00000,0x00000006eaf48000,0x00000006ec180000)
  to   space 18432K, 0% used [0x00000006f2780000,0x00000006f2780000,0x00000006f3980000)
 ParOldGen       total 269312K, used 120375K [0x00000003c0000000, 0x00000003d0700000, 0x000000066ab00000)
  object space 269312K, 44% used [0x00000003c0000000,0x00000003c758dd50,0x00000003d0700000)
 Metaspace       used 85983K, capacity 86910K, committed 87256K, reserved 1124352K
  class space    used 12165K, capacity 12412K, committed 12504K, reserved 1048576K
Event: 329.080 GC heap after
Heap after GC invocations=60 (full 6):
 PSYoungGen      total 2204160K, used 1184K [0x000000066ab00000, 0x00000006f2e80000, 0x00000007c0000000)
  eden space 2196992K, 0% used [0x000000066ab00000,0x000000066ab00000,0x00000006f0c80000)
  from space 7168K, 16% used [0x00000006f2780000,0x00000006f28a8000,0x00000006f2e80000)
  to   space 17408K, 0% used [0x00000006f0c80000,0x00000006f0c80000,0x00000006f1d80000)
 ParOldGen       total 269312K, used 120375K [0x00000003c0000000, 0x00000003d0700000, 0x000000066ab00000)
  object space 269312K, 44% used [0x00000003c0000000,0x00000003c758dd50,0x00000003d0700000)
 Metaspace       used 85983K, capacity 86910K, committed 87256K, reserved 1124352K
  class space    used 12165K, capacity 12412K, committed 12504K, reserved 1048576K
}
Event: 330.873 GC heap before
{Heap before GC invocations=61 (full 6):
 PSYoungGen      total 2204160K, used 2198176K [0x000000066ab00000, 0x00000006f2e80000, 0x00000007c0000000)
  eden space 2196992K, 100% used [0x000000066ab00000,0x00000006f0c80000,0x00000006f0c80000)
  from space 7168K, 16% used [0x00000006f2780000,0x00000006f28a8000,0x00000006f2e80000)
  to   space 17408K, 0% used [0x00000006f0c80000,0x00000006f0c80000,0x00000006f1d80000)
 ParOldGen       total 269312K, used 120375K [0x00000003c0000000, 0x00000003d0700000, 0x000000066ab00000)
  object space 269312K, 44% used [0x00000003c0000000,0x00000003c758dd50,0x00000003d0700000)
 Metaspace       used 85983K, capacity 86910K, committed 87256K, reserved 1124352K
  class space    used 12165K, capacity 12412K, committed 12504K, reserved 1048576K
Event: 330.883 GC heap after
Heap after GC invocations=61 (full 6):
 PSYoungGen      total 2214400K, used 4310K [0x000000066ab00000, 0x00000006f9a80000, 0x00000007c0000000)
  eden space 2196992K, 0% used [0x000000066ab00000,0x000000066ab00000,0x00000006f0c80000)
  from space 17408K, 24% used [0x00000006f0c80000,0x00000006f10b5a30,0x00000006f1d80000)
  to   space 16384K, 0% used [0x00000006f8a80000,0x00000006f8a80000,0x00000006f9a80000)
 ParOldGen       total 269312K, used 120375K [0x00000003c0000000, 0x00000003d0700000, 0x000000066ab00000)
  object space 269312K, 44% used [0x00000003c0000000,0x00000003c758dd50,0x00000003d0700000)
 Metaspace       used 85983K, capacity 86910K, committed 87256K, reserved 1124352K
  class space    used 12165K, capacity 12412K, committed 12504K, reserved 1048576K
}
Event: 332.638 GC heap before
{Heap before GC invocations=62 (full 6):
 PSYoungGen      total 2214400K, used 2201302K [0x000000066ab00000, 0x00000006f9a80000, 0x00000007c0000000)
  eden space 2196992K, 100% used [0x000000066ab00000,0x00000006f0c80000,0x00000006f0c80000)
  from space 17408K, 24% used [0x00000006f0c80000,0x00000006f10b5a30,0x00000006f1d80000)
  to   space 16384K, 0% used [0x00000006f8a80000,0x00000006f8a80000,0x00000006f9a80000)
 ParOldGen       total 269312K, used 120375K [0x00000003c0000000, 0x00000003d0700000, 0x000000066ab00000)
  object space 269312K, 44% used [0x00000003c0000000,0x00000003c758dd50,0x00000003d0700000)
 Metaspace       used 85983K, capacity 86910K, committed 87256K, reserved 1124352K
  class space    used 12165K, capacity 12412K, committed 12504K, reserved 1048576K
Event: 332.642 GC heap after
Heap after GC invocations=62 (full 6):
 PSYoungGen      total 2303488K, used 1152K [0x000000066ab00000, 0x00000006f8f00000, 0x00000007c0000000)
  eden space 2298880K, 0% used [0x000000066ab00000,0x000000066ab00000,0x00000006f7000000)
  from space 4608K, 25% used [0x00000006f8a80000,0x00000006f8ba0000,0x00000006f8f00000)
  to   space 15872K, 0% used [0x00000006f7000000,0x00000006f7000000,0x00000006f7f80000)
 ParOldGen       total 269312K, used 120375K [0x00000003c0000000, 0x00000003d0700000, 0x000000066ab00000)
  object space 269312K, 44% used [0x00000003c0000000,0x00000003c758dd50,0x00000003d0700000)
 Metaspace       used 85983K, capacity 86910K, committed 87256K, reserved 1124352K
  class space    used 12165K, capacity 12412K, committed 12504K, reserved 1048576K
}
Event: 334.489 GC heap before
{Heap before GC invocations=63 (full 6):
 PSYoungGen      total 2303488K, used 2300032K [0x000000066ab00000, 0x00000006f8f00000, 0x00000007c0000000)
  eden space 2298880K, 100% used [0x000000066ab00000,0x00000006f7000000,0x00000006f7000000)
  from space 4608K, 25% used [0x00000006f8a80000,0x00000006f8ba0000,0x00000006f8f00000)
  to   space 15872K, 0% used [0x00000006f7000000,0x00000006f7000000,0x00000006f7f80000)
 ParOldGen       total 269312K, used 120375K [0x00000003c0000000, 0x00000003d0700000, 0x000000066ab00000)
  object space 269312K, 44% used [0x00000003c0000000,0x00000003c758dd50,0x00000003d0700000)
 Metaspace       used 85985K, capacity 86910K, committed 87256K, reserved 1124352K
  class space    used 12165K, capacity 12412K, committed 12504K, reserved 1048576K
Event: 334.492 GC heap after
Heap after GC invocations=63 (full 6):
 PSYoungGen      total 2314752K, used 64K [0x000000066ab00000, 0x00000006fe400000, 0x00000007c0000000)
  eden space 2298880K, 0% used [0x000000066ab00000,0x000000066ab00000,0x00000006f7000000)
  from space 15872K, 0% used [0x00000006f7000000,0x00000006f7010000,0x00000006f7f80000)
  to   space 14848K, 0% used [0x00000006fd580000,0x00000006fd580000,0x00000006fe400000)
 ParOldGen       total 269312K, used 120375K [0x00000003c0000000, 0x00000003d0700000, 0x000000066ab00000)
  object space 269312K, 44% used [0x00000003c0000000,0x00000003c758dd50,0x00000003d0700000)
 Metaspace       used 85985K, capacity 86910K, committed 87256K, reserved 1124352K
  class space    used 12165K, capacity 12412K, committed 12504K, reserved 1048576K
}
Event: 336.295 GC heap before
{Heap before GC invocations=64 (full 6):
 PSYoungGen      total 2314752K, used 2298944K [0x000000066ab00000, 0x00000006fe400000, 0x00000007c0000000)
  eden space 2298880K, 100% used [0x000000066ab00000,0x00000006f7000000,0x00000006f7000000)
  from space 15872K, 0% used [0x00000006f7000000,0x00000006f7010000,0x00000006f7f80000)
  to   space 14848K, 0% used [0x00000006fd580000,0x00000006fd580000,0x00000006fe400000)
 ParOldGen       total 269312K, used 120375K [0x00000003c0000000, 0x00000003d0700000, 0x000000066ab00000)
  object space 269312K, 44% used [0x00000003c0000000,0x00000003c758dd50,0x00000003d0700000)
 Metaspace       used 85985K, capacity 86910K, committed 87256K, reserved 1124352K
  class space    used 12165K, capacity 12412K, committed 12504K, reserved 1048576K
Event: 336.298 GC heap after
Heap after GC invocations=64 (full 6):
 PSYoungGen      total 2383360K, used 64K [0x000000066ab00000, 0x00000006fda00000, 0x00000007c0000000)
  eden space 2378752K, 0% used [0x000000066ab00000,0x000000066ab00000,0x00000006fbe00000)
  from space 4608K, 1% used [0x00000006fd580000,0x00000006fd590000,0x00000006fda00000)
  to   space 14336K, 0% used [0x00000006fbe00000,0x00000006fbe00000,0x00000006fcc00000)
 ParOldGen       total 269312K, used 120375K [0x00000003c0000000, 0x00000003d0700000, 0x000000066ab00000)
  object space 269312K, 44% used [0x00000003c0000000,0x00000003c758dd50,0x00000003d0700000)
 Metaspace       used 85985K, capacity 86910K, committed 87256K, reserved 1124352K
  class space    used 12165K, capacity 12412K, committed 12504K, reserved 1048576K
}
Event: 338.201 GC heap before
{Heap before GC invocations=65 (full 6):
 PSYoungGen      total 2383360K, used 2378816K [0x000000066ab00000, 0x00000006fda00000, 0x00000007c0000000)
  eden space 2378752K, 100% used [0x000000066ab00000,0x00000006fbe00000,0x00000006fbe00000)
  from space 4608K, 1% used [0x00000006fd580000,0x00000006fd590000,0x00000006fda00000)
  to   space 14336K, 0% used [0x00000006fbe00000,0x00000006fbe00000,0x00000006fcc00000)
 ParOldGen       total 269312K, used 120375K [0x00000003c0000000, 0x00000003d0700000, 0x000000066ab00000)
  object space 269312K, 44% used [0x00000003c0000000,0x00000003c758dd50,0x00000003d0700000)
 Metaspace       used 85986K, capacity 86910K, committed 87256K, reserved 1124352K
  class space    used 12165K, capacity 12412K, committed 12504K, reserved 1048576K
Event: 338.204 GC heap after
Heap after GC invocations=65 (full 6):
 PSYoungGen      total 2393088K, used 96K [0x000000066ab00000, 0x0000000702200000, 0x00000007c0000000)
  eden space 2378752K, 0% used [0x000000066ab00000,0x000000066ab00000,0x00000006fbe00000)
  from space 14336K, 0% used [0x00000006fbe00000,0x00000006fbe18000,0x00000006fcc00000)
  to   space 13824K, 0% used [0x0000000701480000,0x0000000701480000,0x0000000702200000)
 ParOldGen       total 269312K, used 120383K [0x00000003c0000000, 0x00000003d0700000, 0x000000066ab00000)
  object space 269312K, 44% used [0x00000003c0000000,0x00000003c758fd50,0x00000003d0700000)
 Metaspace       used 85986K, capacity 86910K, committed 87256K, reserved 1124352K
  class space    used 12165K, capacity 12412K, committed 12504K, reserved 1048576K
}
Event: 340.095 GC heap before
{Heap before GC invocations=66 (full 6):
 PSYoungGen      total 2393088K, used 2378848K [0x000000066ab00000, 0x0000000702200000, 0x00000007c0000000)
  eden space 2378752K, 100% used [0x000000066ab00000,0x00000006fbe00000,0x00000006fbe00000)
  from space 14336K, 0% used [0x00000006fbe00000,0x00000006fbe18000,0x00000006fcc00000)
  to   space 13824K, 0% used [0x0000000701480000,0x0000000701480000,0x0000000702200000)
 ParOldGen       total 269312K, used 120383K [0x00000003c0000000, 0x00000003d0700000, 0x000000066ab00000)
  object space 269312K, 44% used [0x00000003c0000000,0x00000003c758fd50,0x00000003d0700000)
 Metaspace       used 85988K, capacity 86910K, committed 87256K, reserved 1124352K
  class space    used 12165K, capacity 12412K, committed 12504K, reserved 1048576K
Event: 340.097 GC heap after
Heap after GC invocations=66 (full 6):
 PSYoungGen      total 2452992K, used 608K [0x000000066ab00000, 0x0000000701a00000, 0x00000007c0000000)
  eden space 2447360K, 0% used [0x000000066ab00000,0x000000066ab00000,0x0000000700100000)
  from space 5632K, 10% used [0x0000000701480000,0x0000000701518000,0x0000000701a00000)
  to   space 12800K, 0% used [0x0000000700100000,0x0000000700100000,0x0000000700d80000)
 ParOldGen       total 269312K, used 120383K [0x00000003c0000000, 0x00000003d0700000, 0x000000066ab00000)
  object space 269312K, 44% used [0x00000003c0000000,0x00000003c758fd50,0x00000003d0700000)
 Metaspace       used 85988K, capacity 86910K, committed 87256K, reserved 1124352K
  class space    used 12165K, capacity 12412K, committed 12504K, reserved 1048576K
}
Event: 342.086 GC heap before
{Heap before GC invocations=67 (full 6):
 PSYoungGen      total 2452992K, used 2447968K [0x000000066ab00000, 0x0000000701a00000, 0x00000007c0000000)
  eden space 2447360K, 100% used [0x000000066ab00000,0x0000000700100000,0x0000000700100000)
  from space 5632K, 10% used [0x0000000701480000,0x0000000701518000,0x0000000701a00000)
  to   space 12800K, 0% used [0x0000000700100000,0x0000000700100000,0x0000000700d80000)
 ParOldGen       total 269312K, used 120383K [0x00000003c0000000, 0x00000003d0700000, 0x000000066ab00000)
  object space 269312K, 44% used [0x00000003c0000000,0x00000003c758fd50,0x00000003d0700000)
 Metaspace       used 85988K, capacity 86910K, committed 87256K, reserved 1124352K
  class space    used 12165K, capacity 12412K, committed 12504K, reserved 1048576K
Event: 342.089 GC heap after
Heap after GC invocations=67 (full 6):
 PSYoungGen      total 2460160K, used 32K [0x000000066ab00000, 0x0000000705880000, 0x00000007c0000000)
  eden space 2447360K, 0% used [0x000000066ab00000,0x000000066ab00000,0x0000000700100000)
  from space 12800K, 0% used [0x0000000700100000,0x0000000700108000,0x0000000700d80000)
  to   space 12288K, 0% used [0x0000000704c80000,0x0000000704c80000,0x0000000705880000)
 ParOldGen       total 269312K, used 120383K [0x00000003c0000000, 0x00000003d0700000, 0x000000066ab00000)
  object space 269312K, 44% used [0x00000003c0000000,0x00000003c758fd50,0x00000003d0700000)
 Metaspace       used 85988K, capacity 86910K, committed 87256K, reserved 1124352K
  class space    used 12165K, capacity 12412K, committed 12504K, reserved 1048576K
}
Event: 344.021 GC heap before
{Heap before GC invocations=68 (full 6):
 PSYoungGen      total 2460160K, used 2447392K [0x000000066ab00000, 0x0000000705880000, 0x00000007c0000000)
  eden space 2447360K, 100% used [0x000000066ab00000,0x0000000700100000,0x0000000700100000)
  from space 12800K, 0% used [0x0000000700100000,0x0000000700108000,0x0000000700d80000)
  to   space 12288K, 0% used [0x0000000704c80000,0x0000000704c80000,0x0000000705880000)
 ParOldGen       total 269312K, used 120383K [0x00000003c0000000, 0x00000003d0700000, 0x000000066ab00000)
  object space 269312K, 44% used [0x00000003c0000000,0x00000003c758fd50,0x00000003d0700000)
 Metaspace       used 85993K, capacity 86910K, committed 87256K, reserved 1124352K
  class space    used 12165K, capacity 12412K, committed 12504K, reserved 1048576K
Event: 344.024 GC heap after
Heap after GC invocations=68 (full 6):
 PSYoungGen      total 2515456K, used 64K [0x000000066ab00000, 0x0000000705300000, 0x00000007c0000000)
  eden space 2508800K, 0% used [0x000000066ab00000,0x000000066ab00000,0x0000000703d00000)
  from space 6656K, 0% used [0x0000000704c80000,0x0000000704c90000,0x0000000705300000)
  to   space 11264K, 0% used [0x0000000703d00000,0x0000000703d00000,0x0000000704800000)
 ParOldGen       total 269312K, used 120383K [0x00000003c0000000, 0x00000003d0700000, 0x000000066ab00000)
  object space 269312K, 44% used [0x00000003c0000000,0x00000003c758fd50,0x00000003d0700000)
 Metaspace       used 85993K, capacity 86910K, committed 87256K, reserved 1124352K
  class space    used 12165K, capacity 12412K, committed 12504K, reserved 1048576K
}
Event: 346.031 GC heap before
{Heap before GC invocations=69 (full 6):
 PSYoungGen      total 2515456K, used 2508864K [0x000000066ab00000, 0x0000000705300000, 0x00000007c0000000)
  eden space 2508800K, 100% used [0x000000066ab00000,0x0000000703d00000,0x0000000703d00000)
  from space 6656K, 0% used [0x0000000704c80000,0x0000000704c90000,0x0000000705300000)
  to   space 11264K, 0% used [0x0000000703d00000,0x0000000703d00000,0x0000000704800000)
 ParOldGen       total 269312K, used 120383K [0x00000003c0000000, 0x00000003d0700000, 0x000000066ab00000)
  object space 269312K, 44% used [0x00000003c0000000,0x00000003c758fd50,0x00000003d0700000)
 Metaspace       used 85993K, capacity 86910K, committed 87256K, reserved 1124352K
  class space    used 12165K, capacity 12412K, committed 12504K, reserved 1048576K
Event: 346.037 GC heap after
Heap after GC invocations=69 (full 6):
 PSYoungGen      total 2520064K, used 2560K [0x000000066ab00000, 0x0000000709780000, 0x00000007c0000000)
  eden space 2508800K, 0% used [0x000000066ab00000,0x000000066ab00000,0x0000000703d00000)
  from space 11264K, 22% used [0x0000000703d00000,0x0000000703f80000,0x0000000704800000)
  to   space 10752K, 0% used [0x0000000708d00000,0x0000000708d00000,0x0000000709780000)
 ParOldGen       total 269312K, used 120383K [0x00000003c0000000, 0x00000003d0700000, 0x000000066ab00000)
  object space 269312K, 44% used [0x00000003c0000000,0x00000003c758fd50,0x00000003d0700000)
 Metaspace       used 85993K, capacity 86910K, committed 87256K, reserved 1124352K
  class space    used 12165K, capacity 12412K, committed 12504K, reserved 1048576K
}
Event: 348.003 GC heap before
{Heap before GC invocations=70 (full 6):
 PSYoungGen      total 2520064K, used 2511360K [0x000000066ab00000, 0x0000000709780000, 0x00000007c0000000)
  eden space 2508800K, 100% used [0x000000066ab00000,0x0000000703d00000,0x0000000703d00000)
  from space 11264K, 22% used [0x0000000703d00000,0x0000000703f80000,0x0000000704800000)
  to   space 10752K, 0% used [0x0000000708d00000,0x0000000708d00000,0x0000000709780000)
 ParOldGen       total 269312K, used 120383K [0x00000003c0000000, 0x00000003d0700000, 0x000000066ab00000)
  object space 269312K, 44% used [0x00000003c0000000,0x00000003c758fd50,0x00000003d0700000)
 Metaspace       used 85993K, capacity 86910K, committed 87256K, reserved 1124352K
  class space    used 12165K, capacity 12412K, committed 12504K, reserved 1048576K
Event: 348.006 GC heap after
Heap after GC invocations=70 (full 6):
 PSYoungGen      total 2579456K, used 160K [0x000000066ab00000, 0x0000000709180000, 0x00000007c0000000)
  eden space 2574848K, 0% used [0x000000066ab00000,0x000000066ab00000,0x0000000707d80000)
  from space 4608K, 3% used [0x0000000708d00000,0x0000000708d28000,0x0000000709180000)
  to   space 10240K, 0% used [0x0000000707d80000,0x0000000707d80000,0x0000000708780000)
 ParOldGen       total 269312K, used 120383K [0x00000003c0000000, 0x00000003d0700000, 0x000000066ab00000)
  object space 269312K, 44% used [0x00000003c0000000,0x00000003c758fd50,0x00000003d0700000)
 Metaspace       used 85993K, capacity 86910K, committed 87256K, reserved 1124352K
  class space    used 12165K, capacity 12412K, committed 12504K, reserved 1048576K
}
Event: 350.075 GC heap before
{Heap before GC invocations=71 (full 6):
 PSYoungGen      total 2579456K, used 2575008K [0x000000066ab00000, 0x0000000709180000, 0x00000007c0000000)
  eden space 2574848K, 100% used [0x000000066ab00000,0x0000000707d80000,0x0000000707d80000)
  from space 4608K, 3% used [0x0000000708d00000,0x0000000708d28000,0x0000000709180000)
  to   space 10240K, 0% used [0x0000000707d80000,0x0000000707d80000,0x0000000708780000)
 ParOldGen       total 269312K, used 120383K [0x00000003c0000000, 0x00000003d0700000, 0x000000066ab00000)
  object space 269312K, 44% used [0x00000003c0000000,0x00000003c758fd50,0x00000003d0700000)
 Metaspace       used 85993K, capacity 86910K, committed 87256K, reserved 1124352K
  class space    used 12165K, capacity 12412K, committed 12504K, reserved 1048576K
Event: 350.080 GC heap after
Heap after GC invocations=71 (full 6):
 PSYoungGen      total 2585088K, used 640K [0x000000066ab00000, 0x000000070d600000, 0x00000007c0000000)
  eden space 2574848K, 0% used [0x000000066ab00000,0x000000066ab00000,0x0000000707d80000)
  from space 10240K, 6% used [0x0000000707d80000,0x0000000707e20000,0x0000000708780000)
  to   space 9728K, 0% used [0x000000070cc80000,0x000000070cc80000,0x000000070d600000)
 ParOldGen       total 269312K, used 120391K [0x00000003c0000000, 0x00000003d0700000, 0x000000066ab00000)
  object space 269312K, 44% used [0x00000003c0000000,0x00000003c7591d50,0x00000003d0700000)
 Metaspace       used 85993K, capacity 86910K, committed 87256K, reserved 1124352K
  class space    used 12165K, capacity 12412K, committed 12504K, reserved 1048576K
}
Event: 352.111 GC heap before
{Heap before GC invocations=72 (full 6):
 PSYoungGen      total 2585088K, used 2575488K [0x000000066ab00000, 0x000000070d600000, 0x00000007c0000000)
  eden space 2574848K, 100% used [0x000000066ab00000,0x0000000707d80000,0x0000000707d80000)
  from space 10240K, 6% used [0x0000000707d80000,0x0000000707e20000,0x0000000708780000)
  to   space 9728K, 0% used [0x000000070cc80000,0x000000070cc80000,0x000000070d600000)
 ParOldGen       total 269312K, used 120391K [0x00000003c0000000, 0x00000003d0700000, 0x000000066ab00000)
  object space 269312K, 44% used [0x00000003c0000000,0x00000003c7591d50,0x00000003d0700000)
 Metaspace       used 85993K, capacity 86910K, committed 87256K, reserved 1124352K
  class space    used 12165K, capacity 12412K, committed 12504K, reserved 1048576K
Event: 352.114 GC heap after
Heap after GC invocations=72 (full 6):
 PSYoungGen      total 2645504K, used 704K [0x000000066ab00000, 0x000000070d080000, 0x00000007c0000000)
  eden space 2641408K, 0% used [0x000000066ab00000,0x000000066ab00000,0x000000070be80000)
  from space 4096K, 17% used [0x000000070cc80000,0x000000070cd30000,0x000000070d080000)
  to   space 9216K, 0% used [0x000000070be80000,0x000000070be80000,0x000000070c780000)
 ParOldGen       total 269312K, used 120399K [0x00000003c0000000, 0x00000003d0700000, 0x000000066ab00000)
  object space 269312K, 44% used [0x00000003c0000000,0x00000003c7593d50,0x00000003d0700000)
 Metaspace       used 85993K, capacity 86910K, committed 87256K, reserved 1124352K
  class space    used 12165K, capacity 12412K, committed 12504K, reserved 1048576K
}
Event: 354.217 GC heap before
{Heap before GC invocations=73 (full 6):
 PSYoungGen      total 2645504K, used 2642112K [0x000000066ab00000, 0x000000070d080000, 0x00000007c0000000)
  eden space 2641408K, 100% used [0x000000066ab00000,0x000000070be80000,0x000000070be80000)
  from space 4096K, 17% used [0x000000070cc80000,0x000000070cd30000,0x000000070d080000)
  to   space 9216K, 0% used [0x000000070be80000,0x000000070be80000,0x000000070c780000)
 ParOldGen       total 269312K, used 120399K [0x00000003c0000000, 0x00000003d0700000, 0x000000066ab00000)
  object space 269312K, 44% used [0x00000003c0000000,0x00000003c7593d50,0x00000003d0700000)
 Metaspace       used 85993K, capacity 86910K, committed 87256K, reserved 1124352K
  class space    used 12165K, capacity 12412K, committed 12504K, reserved 1048576K
Event: 354.220 GC heap after
Heap after GC invocations=73 (full 6):
 PSYoungGen      total 2650624K, used 864K [0x000000066ab00000, 0x0000000710e80000, 0x00000007c0000000)
  eden space 2641408K, 0% used [0x000000066ab00000,0x000000066ab00000,0x000000070be80000)
  from space 9216K, 9% used [0x000000070be80000,0x000000070bf58000,0x000000070c780000)
  to   space 8192K, 0% used [0x0000000710680000,0x0000000710680000,0x0000000710e80000)
 ParOldGen       total 269312K, used 120399K [0x00000003c0000000, 0x00000003d0700000, 0x000000066ab00000)
  object space 269312K, 44% used [0x00000003c0000000,0x00000003c7593d50,0x00000003d0700000)
 Metaspace       used 85993K, capacity 86910K, committed 87256K, reserved 1124352K
  class space    used 12165K, capacity 12412K, committed 12504K, reserved 1048576K
}
Event: 356.295 GC heap before
{Heap before GC invocations=74 (full 6):
 PSYoungGen      total 2650624K, used 2642272K [0x000000066ab00000, 0x0000000710e80000, 0x00000007c0000000)
  eden space 2641408K, 100% used [0x000000066ab00000,0x000000070be80000,0x000000070be80000)
  from space 9216K, 9% used [0x000000070be80000,0x000000070bf58000,0x000000070c780000)
  to   space 8192K, 0% used [0x0000000710680000,0x0000000710680000,0x0000000710e80000)
 ParOldGen       total 269312K, used 120399K [0x00000003c0000000, 0x00000003d0700000, 0x000000066ab00000)
  object space 269312K, 44% used [0x00000003c0000000,0x00000003c7593d50,0x00000003d0700000)
 Metaspace       used 85993K, capacity 86910K, committed 87256K, reserved 1124352K
  class space    used 12165K, capacity 12412K, committed 12504K, reserved 1048576K
Event: 356.298 GC heap after
Heap after GC invocations=74 (full 6):
 PSYoungGen      total 2708992K, used 768K [0x000000066ab00000, 0x0000000710b00000, 0x00000007c0000000)
  eden space 2704384K, 0% used [0x000000066ab00000,0x000000066ab00000,0x000000070fc00000)
  from space 4608K, 16% used [0x0000000710680000,0x0000000710740000,0x0000000710b00000)
  to   space 7680K, 0% used [0x000000070fc00000,0x000000070fc00000,0x0000000710380000)
 ParOldGen       total 269312K, used 120407K [0x00000003c0000000, 0x00000003d0700000, 0x000000066ab00000)
  object space 269312K, 44% used [0x00000003c0000000,0x00000003c7595d50,0x00000003d0700000)
 Metaspace       used 85993K, capacity 86910K, committed 87256K, reserved 1124352K
  class space    used 12165K, capacity 12412K, committed 12504K, reserved 1048576K
}
Event: 358.431 GC heap before
{Heap before GC invocations=75 (full 6):
 PSYoungGen      total 2708992K, used 2705152K [0x000000066ab00000, 0x0000000710b00000, 0x00000007c0000000)
  eden space 2704384K, 100% used [0x000000066ab00000,0x000000070fc00000,0x000000070fc00000)
  from space 4608K, 16% used [0x0000000710680000,0x0000000710740000,0x0000000710b00000)
  to   space 7680K, 0% used [0x000000070fc00000,0x000000070fc00000,0x0000000710380000)
 ParOldGen       total 269312K, used 120407K [0x00000003c0000000, 0x00000003d0700000, 0x000000066ab00000)
  object space 269312K, 44% used [0x00000003c0000000,0x00000003c7595d50,0x00000003d0700000)
 Metaspace       used 85993K, capacity 86910K, committed 87256K, reserved 1124352K
  class space    used 12165K, capacity 12412K, committed 12504K, reserved 1048576K
Event: 358.434 GC heap after
Heap after GC invocations=75 (full 6):
 PSYoungGen      total 2712064K, used 704K [0x000000066ab00000, 0x0000000714680000, 0x00000007c0000000)
  eden space 2704384K, 0% used [0x000000066ab00000,0x000000066ab00000,0x000000070fc00000)
  from space 7680K, 9% used [0x000000070fc00000,0x000000070fcb0000,0x0000000710380000)
  to   space 7168K, 0% used [0x0000000713f80000,0x0000000713f80000,0x0000000714680000)
 ParOldGen       total 269312K, used 120407K [0x00000003c0000000, 0x00000003d0700000, 0x000000066ab00000)
  object space 269312K, 44% used [0x00000003c0000000,0x00000003c7595d50,0x00000003d0700000)
 Metaspace       used 85993K, capacity 86910K, committed 87256K, reserved 1124352K
  class space    used 12165K, capacity 12412K, committed 12504K, reserved 1048576K
}
Event: 360.555 GC heap before
{Heap before GC invocations=76 (full 6):
 PSYoungGen      total 2712064K, used 2705088K [0x000000066ab00000, 0x0000000714680000, 0x00000007c0000000)
  eden space 2704384K, 100% used [0x000000066ab00000,0x000000070fc00000,0x000000070fc00000)
  from space 7680K, 9% used [0x000000070fc00000,0x000000070fcb0000,0x0000000710380000)
  to   space 7168K, 0% used [0x0000000713f80000,0x0000000713f80000,0x0000000714680000)
 ParOldGen       total 269312K, used 120407K [0x00000003c0000000, 0x00000003d0700000, 0x000000066ab00000)
  object space 269312K, 44% used [0x00000003c0000000,0x00000003c7595d50,0x00000003d0700000)
 Metaspace       used 85993K, capacity 86910K, committed 87256K, reserved 1124352K
  class space    used 12165K, capacity 12412K, committed 12504K, reserved 1048576K
Event: 360.559 GC heap after
Heap after GC invocations=76 (full 6):
 PSYoungGen      total 2769408K, used 768K [0x000000066ab00000, 0x0000000714400000, 0x00000007c0000000)
  eden space 2764800K, 0% used [0x000000066ab00000,0x000000066ab00000,0x0000000713700000)
  from space 4608K, 16% used [0x0000000713f80000,0x0000000714040000,0x0000000714400000)
  to   space 6656K, 0% used [0x0000000713700000,0x0000000713700000,0x0000000713d80000)
 ParOldGen       total 269312K, used 120407K [0x00000003c0000000, 0x00000003d0700000, 0x000000066ab00000)
  object space 269312K, 44% used [0x00000003c0000000,0x00000003c7595d50,0x00000003d0700000)
 Metaspace       used 85993K, capacity 86910K, committed 87256K, reserved 1124352K
  class space    used 12165K, capacity 12412K, committed 12504K, reserved 1048576K
}
Event: 362.729 GC heap before
{Heap before GC invocations=77 (full 6):
 PSYoungGen      total 2769408K, used 2765568K [0x000000066ab00000, 0x0000000714400000, 0x00000007c0000000)
  eden space 2764800K, 100% used [0x000000066ab00000,0x0000000713700000,0x0000000713700000)
  from space 4608K, 16% used [0x0000000713f80000,0x0000000714040000,0x0000000714400000)
  to   space 6656K, 0% used [0x0000000713700000,0x0000000713700000,0x0000000713d80000)
 ParOldGen       total 269312K, used 120407K [0x00000003c0000000, 0x00000003d0700000, 0x000000066ab00000)
  object space 269312K, 44% used [0x00000003c0000000,0x00000003c7595d50,0x00000003d0700000)
 Metaspace       used 85994K, capacity 86910K, committed 87256K, reserved 1124352K
  class space    used 12165K, capacity 12412K, committed 12504K, reserved 1048576K
Event: 362.733 GC heap after
Heap after GC invocations=77 (full 6):
 PSYoungGen      total 2771456K, used 480K [0x000000066ab00000, 0x0000000718180000, 0x00000007c0000000)
  eden space 2764800K, 0% used [0x000000066ab00000,0x000000066ab00000,0x0000000713700000)
  from space 6656K, 7% used [0x0000000713700000,0x0000000713778000,0x0000000713d80000)
  to   space 6656K, 0% used [0x0000000717b00000,0x0000000717b00000,0x0000000718180000)
 ParOldGen       total 269312K, used 120407K [0x00000003c0000000, 0x00000003d0700000, 0x000000066ab00000)
  object space 269312K, 44% used [0x00000003c0000000,0x00000003c7595d50,0x00000003d0700000)
 Metaspace       used 85994K, capacity 86910K, committed 87256K, reserved 1124352K
  class space    used 12165K, capacity 12412K, committed 12504K, reserved 1048576K
}
Event: 364.894 GC heap before
{Heap before GC invocations=78 (full 6):
 PSYoungGen      total 2771456K, used 2765280K [0x000000066ab00000, 0x0000000718180000, 0x00000007c0000000)
  eden space 2764800K, 100% used [0x000000066ab00000,0x0000000713700000,0x0000000713700000)
  from space 6656K, 7% used [0x0000000713700000,0x0000000713778000,0x0000000713d80000)
  to   space 6656K, 0% used [0x0000000717b00000,0x0000000717b00000,0x0000000718180000)
 ParOldGen       total 269312K, used 120407K [0x00000003c0000000, 0x00000003d0700000, 0x000000066ab00000)
  object space 269312K, 44% used [0x00000003c0000000,0x00000003c7595d50,0x00000003d0700000)
 Metaspace       used 86000K, capacity 86974K, committed 87256K, reserved 1124352K
  class space    used 12165K, capacity 12412K, committed 12504K, reserved 1048576K
Event: 364.928 GC heap after
Heap after GC invocations=78 (full 6):
 PSYoungGen      total 2829312K, used 6651K [0x000000066ab00000, 0x000000071e900000, 0x00000007c0000000)
  eden space 2822656K, 0% used [0x000000066ab00000,0x000000066ab00000,0x0000000716f80000)
  from space 6656K, 99% used [0x0000000717b00000,0x000000071817ed20,0x0000000718180000)
  to   space 11776K, 0% used [0x0000000716f80000,0x0000000716f80000,0x0000000717b00000)
 ParOldGen       total 269312K, used 131291K [0x00000003c0000000, 0x00000003d0700000, 0x000000066ab00000)
  object space 269312K, 48% used [0x00000003c0000000,0x00000003c8036da8,0x00000003d0700000)
 Metaspace       used 86000K, capacity 86974K, committed 87256K, reserved 1124352K
  class space    used 12165K, capacity 12412K, committed 12504K, reserved 1048576K
}
Event: 367.137 GC heap before
{Heap before GC invocations=79 (full 6):
 PSYoungGen      total 2829312K, used 2829307K [0x000000066ab00000, 0x000000071e900000, 0x00000007c0000000)
  eden space 2822656K, 100% used [0x000000066ab00000,0x0000000716f80000,0x0000000716f80000)
  from space 6656K, 99% used [0x0000000717b00000,0x000000071817ed20,0x0000000718180000)
  to   space 11776K, 0% used [0x0000000716f80000,0x0000000716f80000,0x0000000717b00000)
 ParOldGen       total 269312K, used 131291K [0x00000003c0000000, 0x00000003d0700000, 0x000000066ab00000)
  object space 269312K, 48% used [0x00000003c0000000,0x00000003c8036da8,0x00000003d0700000)
 Metaspace       used 86000K, capacity 86974K, committed 87256K, reserved 1124352K
  class space    used 12165K, capacity 12412K, committed 12504K, reserved 1048576K
Event: 367.141 GC heap after
Heap after GC invocations=79 (full 6):
 PSYoungGen      total 2834432K, used 864K [0x000000066ab00000, 0x0000000720e80000, 0x00000007c0000000)
  eden space 2822656K, 0% used [0x000000066ab00000,0x000000066ab00000,0x0000000716f80000)
  from space 11776K, 7% used [0x0000000716f80000,0x0000000717058000,0x0000000717b00000)
  to   space 11264K, 0% used [0x0000000720380000,0x0000000720380000,0x0000000720e80000)
 ParOldGen       total 269312K, used 131291K [0x00000003c0000000, 0x00000003d0700000, 0x000000066ab00000)
  object space 269312K, 48% used [0x00000003c0000000,0x00000003c8036da8,0x00000003d0700000)
 Metaspace       used 86000K, capacity 86974K, committed 87256K, reserved 1124352K
  class space    used 12165K, capacity 12412K, committed 12504K, reserved 1048576K
}
Event: 369.344 GC heap before
{Heap before GC invocations=80 (full 6):
 PSYoungGen      total 2834432K, used 2823520K [0x000000066ab00000, 0x0000000720e80000, 0x00000007c0000000)
  eden space 2822656K, 100% used [0x000000066ab00000,0x0000000716f80000,0x0000000716f80000)
  from space 11776K, 7% used [0x0000000716f80000,0x0000000717058000,0x0000000717b00000)
  to   space 11264K, 0% used [0x0000000720380000,0x0000000720380000,0x0000000720e80000)
 ParOldGen       total 269312K, used 131291K [0x00000003c0000000, 0x00000003d0700000, 0x000000066ab00000)
  object space 269312K, 48% used [0x00000003c0000000,0x00000003c8036da8,0x00000003d0700000)
 Metaspace       used 86000K, capacity 86974K, committed 87256K, reserved 1124352K
  class space    used 12165K, capacity 12412K, committed 12504K, reserved 1048576K
Event: 369.347 GC heap after
Heap after GC invocations=80 (full 6):
 PSYoungGen      total 2944512K, used 128K [0x000000066ab00000, 0x0000000720400000, 0x00000007c0000000)
  eden space 2944000K, 0% used [0x000000066ab00000,0x000000066ab00000,0x000000071e600000)
  from space 512K, 25% used [0x0000000720380000,0x00000007203a0000,0x0000000720400000)
  to   space 10752K, 0% used [0x000000071ef00000,0x000000071ef00000,0x000000071f980000)
 ParOldGen       total 269312K, used 131291K [0x00000003c0000000, 0x00000003d0700000, 0x000000066ab00000)
  object space 269312K, 48% used [0x00000003c0000000,0x00000003c8036da8,0x00000003d0700000)
 Metaspace       used 86000K, capacity 86974K, committed 87256K, reserved 1124352K
  class space    used 12165K, capacity 12412K, committed 12504K, reserved 1048576K
}
Event: 374.054 GC heap before
{Heap before GC invocations=81 (full 6):
 PSYoungGen      total 2944512K, used 2944128K [0x000000066ab00000, 0x0000000720400000, 0x00000007c0000000)
  eden space 2944000K, 100% used [0x000000066ab00000,0x000000071e600000,0x000000071e600000)
  from space 512K, 25% used [0x0000000720380000,0x00000007203a0000,0x0000000720400000)
  to   space 10752K, 0% used [0x000000071ef00000,0x000000071ef00000,0x000000071f980000)
 ParOldGen       total 269312K, used 131291K [0x00000003c0000000, 0x00000003d0700000, 0x000000066ab00000)
  object space 269312K, 48% used [0x00000003c0000000,0x00000003c8036da8,0x00000003d0700000)
 Metaspace       used 86001K, capacity 86974K, committed 87256K, reserved 1124352K
  class space    used 12165K, capacity 12412K, committed 12504K, reserved 1048576K

