# JRE version: OpenJDK Runtime Environment (8.0_252-b09) (build 1.8.0_252-b09)
# Java VM: OpenJDK 64-Bit Server VM (25.252-b09 mixed mode linux-amd64 compressed oops)
Heap:
 PSYoungGen      total 2774016K, used 6944K [0x000000066ab00000, 0x0000000714a80000, 0x00000007c0000000)
  eden space 2763264K, 0% used [0x000000066ab00000,0x000000066ab00000,0x0000000713580000)
  from space 10752K, 64% used [0x0000000713580000,0x0000000713c48010,0x0000000714000000)
  to   space 7168K, 0% used [0x0000000714380000,0x0000000714380000,0x0000000714a80000)
 ParOldGen       total 283136K, used 218496K [0x00000003c0000000, 0x00000003d1480000, 0x000000066ab00000)
  object space 283136K, 77% used [0x00000003c0000000,0x00000003cd560100,0x00000003d1480000)
 Metaspace       used 86587K, capacity 87700K, committed 87828K, reserved 1124352K
  class space    used 12252K, capacity 12504K, committed 12604K, reserved 1048576K
GC Heap History (173 events):
Event: 0.439 GC heap before
{Heap before GC invocations=1 (full 0):
 PSYoungGen      total 18432K, used 15872K [0x000000066ab00000, 0x000000066bf80000, 0x00000007c0000000)
  eden space 15872K, 100% used [0x000000066ab00000,0x000000066ba80000,0x000000066ba80000)
  from space 2560K, 0% used [0x000000066bd00000,0x000000066bd00000,0x000000066bf80000)
  to   space 2560K, 0% used [0x000000066ba80000,0x000000066ba80000,0x000000066bd00000)
 ParOldGen       total 42496K, used 0K [0x00000003c0000000, 0x00000003c2980000, 0x000000066ab00000)
  object space 42496K, 0% used [0x00000003c0000000,0x00000003c0000000,0x00000003c2980000)
 Metaspace       used 4970K, capacity 5944K, committed 6016K, reserved 1056768K
  class space    used 542K, capacity 616K, committed 640K, reserved 1048576K
Event: 0.443 GC heap after
Heap after GC invocations=1 (full 0):
 PSYoungGen      total 18432K, used 2555K [0x000000066ab00000, 0x000000066bf80000, 0x00000007c0000000)
  eden space 15872K, 0% used [0x000000066ab00000,0x000000066ab00000,0x000000066ba80000)
  from space 2560K, 99% used [0x000000066ba80000,0x000000066bcfeca0,0x000000066bd00000)
  to   space 2560K, 0% used [0x000000066bd00000,0x000000066bd00000,0x000000066bf80000)
 ParOldGen       total 42496K, used 466K [0x00000003c0000000, 0x00000003c2980000, 0x000000066ab00000)
  object space 42496K, 1% used [0x00000003c0000000,0x00000003c0074a60,0x00000003c2980000)
 Metaspace       used 4970K, capacity 5944K, committed 6016K, reserved 1056768K
  class space    used 542K, capacity 616K, committed 640K, reserved 1048576K
}
Event: 0.847 GC heap before
{Heap before GC invocations=2 (full 0):
 PSYoungGen      total 18432K, used 18427K [0x000000066ab00000, 0x000000066bf80000, 0x00000007c0000000)
  eden space 15872K, 100% used [0x000000066ab00000,0x000000066ba80000,0x000000066ba80000)
  from space 2560K, 99% used [0x000000066ba80000,0x000000066bcfeca0,0x000000066bd00000)
  to   space 2560K, 0% used [0x000000066bd00000,0x000000066bd00000,0x000000066bf80000)
 ParOldGen       total 42496K, used 466K [0x00000003c0000000, 0x00000003c2980000, 0x000000066ab00000)
  object space 42496K, 1% used [0x00000003c0000000,0x00000003c0074a60,0x00000003c2980000)
 Metaspace       used 9292K, capacity 9376K, committed 9472K, reserved 1056768K
  class space    used 1220K, capacity 1232K, committed 1280K, reserved 1048576K
Event: 0.851 GC heap after
Heap after GC invocations=2 (full 0):
 PSYoungGen      total 18432K, used 2540K [0x000000066ab00000, 0x000000066bf80000, 0x00000007c0000000)
  eden space 15872K, 0% used [0x000000066ab00000,0x000000066ab00000,0x000000066ba80000)
  from space 2560K, 99% used [0x000000066bd00000,0x000000066bf7b300,0x000000066bf80000)
  to   space 2560K, 0% used [0x000000066ba80000,0x000000066ba80000,0x000000066bd00000)
 ParOldGen       total 42496K, used 1612K [0x00000003c0000000, 0x00000003c2980000, 0x000000066ab00000)
  object space 42496K, 3% used [0x00000003c0000000,0x00000003c0193020,0x00000003c2980000)
 Metaspace       used 9292K, capacity 9376K, committed 9472K, reserved 1056768K
  class space    used 1220K, capacity 1232K, committed 1280K, reserved 1048576K
}
Event: 1.143 GC heap before
{Heap before GC invocations=3 (full 0):
 PSYoungGen      total 18432K, used 18412K [0x000000066ab00000, 0x000000066bf80000, 0x00000007c0000000)
  eden space 15872K, 100% used [0x000000066ab00000,0x000000066ba80000,0x000000066ba80000)
  from space 2560K, 99% used [0x000000066bd00000,0x000000066bf7b300,0x000000066bf80000)
  to   space 2560K, 0% used [0x000000066ba80000,0x000000066ba80000,0x000000066bd00000)
 ParOldGen       total 42496K, used 1612K [0x00000003c0000000, 0x00000003c2980000, 0x000000066ab00000)
  object space 42496K, 3% used [0x00000003c0000000,0x00000003c0193020,0x00000003c2980000)
 Metaspace       used 11363K, capacity 11424K, committed 11648K, reserved 1058816K
  class space    used 1531K, capacity 1552K, committed 1664K, reserved 1048576K
Event: 1.147 GC heap after
Heap after GC invocations=3 (full 0):
 PSYoungGen      total 18432K, used 2532K [0x000000066ab00000, 0x000000066cf00000, 0x00000007c0000000)
  eden space 15872K, 0% used [0x000000066ab00000,0x000000066ab00000,0x000000066ba80000)
  from space 2560K, 98% used [0x000000066ba80000,0x000000066bcf9278,0x000000066bd00000)
  to   space 2560K, 0% used [0x000000066cc80000,0x000000066cc80000,0x000000066cf00000)
 ParOldGen       total 42496K, used 2839K [0x00000003c0000000, 0x00000003c2980000, 0x000000066ab00000)
  object space 42496K, 6% used [0x00000003c0000000,0x00000003c02c5d28,0x00000003c2980000)
 Metaspace       used 11363K, capacity 11424K, committed 11648K, reserved 1058816K
  class space    used 1531K, capacity 1552K, committed 1664K, reserved 1048576K
}
Event: 1.330 GC heap before
{Heap before GC invocations=4 (full 0):
 PSYoungGen      total 18432K, used 18404K [0x000000066ab00000, 0x000000066cf00000, 0x00000007c0000000)
  eden space 15872K, 100% used [0x000000066ab00000,0x000000066ba80000,0x000000066ba80000)
  from space 2560K, 98% used [0x000000066ba80000,0x000000066bcf9278,0x000000066bd00000)
  to   space 2560K, 0% used [0x000000066cc80000,0x000000066cc80000,0x000000066cf00000)
 ParOldGen       total 42496K, used 2839K [0x00000003c0000000, 0x00000003c2980000, 0x000000066ab00000)
  object space 42496K, 6% used [0x00000003c0000000,0x00000003c02c5d28,0x00000003c2980000)
 Metaspace       used 12939K, capacity 13056K, committed 13312K, reserved 1060864K
  class space    used 1728K, capacity 1776K, committed 1792K, reserved 1048576K
Event: 1.334 GC heap after
Heap after GC invocations=4 (full 0):
 PSYoungGen      total 34304K, used 2542K [0x000000066ab00000, 0x000000066cf00000, 0x00000007c0000000)
  eden space 31744K, 0% used [0x000000066ab00000,0x000000066ab00000,0x000000066ca00000)
  from space 2560K, 99% used [0x000000066cc80000,0x000000066cefba28,0x000000066cf00000)
  to   space 2560K, 0% used [0x000000066ca00000,0x000000066ca00000,0x000000066cc80000)
 ParOldGen       total 42496K, used 3859K [0x00000003c0000000, 0x00000003c2980000, 0x000000066ab00000)
  object space 42496K, 9% used [0x00000003c0000000,0x00000003c03c4c68,0x00000003c2980000)
 Metaspace       used 12939K, capacity 13056K, committed 13312K, reserved 1060864K
  class space    used 1728K, capacity 1776K, committed 1792K, reserved 1048576K
}
Event: 1.817 GC heap before
{Heap before GC invocations=5 (full 0):
 PSYoungGen      total 34304K, used 34286K [0x000000066ab00000, 0x000000066cf00000, 0x00000007c0000000)
  eden space 31744K, 100% used [0x000000066ab00000,0x000000066ca00000,0x000000066ca00000)
  from space 2560K, 99% used [0x000000066cc80000,0x000000066cefba28,0x000000066cf00000)
  to   space 2560K, 0% used [0x000000066ca00000,0x000000066ca00000,0x000000066cc80000)
 ParOldGen       total 42496K, used 3859K [0x00000003c0000000, 0x00000003c2980000, 0x000000066ab00000)
  object space 42496K, 9% used [0x00000003c0000000,0x00000003c03c4c68,0x00000003c2980000)
 Metaspace       used 15261K, capacity 15334K, committed 15616K, reserved 1062912K
  class space    used 1979K, capacity 2001K, committed 2048K, reserved 1048576K
Event: 1.828 GC heap after
Heap after GC invocations=5 (full 0):
 PSYoungGen      total 34304K, used 2542K [0x000000066ab00000, 0x000000066f300000, 0x00000007c0000000)
  eden space 31744K, 0% used [0x000000066ab00000,0x000000066ab00000,0x000000066ca00000)
  from space 2560K, 99% used [0x000000066ca00000,0x000000066cc7ba28,0x000000066cc80000)
  to   space 5120K, 0% used [0x000000066ee00000,0x000000066ee00000,0x000000066f300000)
 ParOldGen       total 42496K, used 6266K [0x00000003c0000000, 0x00000003c2980000, 0x000000066ab00000)
  object space 42496K, 14% used [0x00000003c0000000,0x00000003c061e838,0x00000003c2980000)
 Metaspace       used 15261K, capacity 15334K, committed 15616K, reserved 1062912K
  class space    used 1979K, capacity 2001K, committed 2048K, reserved 1048576K
}
Event: 2.138 GC heap before
{Heap before GC invocations=6 (full 0):
 PSYoungGen      total 34304K, used 34286K [0x000000066ab00000, 0x000000066f300000, 0x00000007c0000000)
  eden space 31744K, 100% used [0x000000066ab00000,0x000000066ca00000,0x000000066ca00000)
  from space 2560K, 99% used [0x000000066ca00000,0x000000066cc7ba28,0x000000066cc80000)
  to   space 5120K, 0% used [0x000000066ee00000,0x000000066ee00000,0x000000066f300000)
 ParOldGen       total 42496K, used 6266K [0x00000003c0000000, 0x00000003c2980000, 0x000000066ab00000)
  object space 42496K, 14% used [0x00000003c0000000,0x00000003c061e838,0x00000003c2980000)
 Metaspace       used 15616K, capacity 15736K, committed 15872K, reserved 1062912K
  class space    used 1981K, capacity 2004K, committed 2048K, reserved 1048576K
Event: 2.144 GC heap after
Heap after GC invocations=6 (full 0):
 PSYoungGen      total 68608K, used 3534K [0x000000066ab00000, 0x000000066f300000, 0x00000007c0000000)
  eden space 63488K, 0% used [0x000000066ab00000,0x000000066ab00000,0x000000066e900000)
  from space 5120K, 69% used [0x000000066ee00000,0x000000066f173a28,0x000000066f300000)
  to   space 5120K, 0% used [0x000000066e900000,0x000000066e900000,0x000000066ee00000)
 ParOldGen       total 42496K, used 6266K [0x00000003c0000000, 0x00000003c2980000, 0x000000066ab00000)
  object space 42496K, 14% used [0x00000003c0000000,0x00000003c061e838,0x00000003c2980000)
 Metaspace       used 15616K, capacity 15736K, committed 15872K, reserved 1062912K
  class space    used 1981K, capacity 2004K, committed 2048K, reserved 1048576K
}
Event: 2.789 GC heap before
{Heap before GC invocations=7 (full 0):
 PSYoungGen      total 68608K, used 67022K [0x000000066ab00000, 0x000000066f300000, 0x00000007c0000000)
  eden space 63488K, 100% used [0x000000066ab00000,0x000000066e900000,0x000000066e900000)
  from space 5120K, 69% used [0x000000066ee00000,0x000000066f173a28,0x000000066f300000)
  to   space 5120K, 0% used [0x000000066e900000,0x000000066e900000,0x000000066ee00000)
 ParOldGen       total 42496K, used 6266K [0x00000003c0000000, 0x00000003c2980000, 0x000000066ab00000)
  object space 42496K, 14% used [0x00000003c0000000,0x00000003c061e838,0x00000003c2980000)
 Metaspace       used 17016K, capacity 17176K, committed 17408K, reserved 1064960K
  class space    used 2187K, capacity 2228K, committed 2304K, reserved 1048576K
Event: 2.797 GC heap after
Heap after GC invocations=7 (full 0):
 PSYoungGen      total 68608K, used 4537K [0x000000066ab00000, 0x0000000673100000, 0x00000007c0000000)
  eden space 63488K, 0% used [0x000000066ab00000,0x000000066ab00000,0x000000066e900000)
  from space 5120K, 88% used [0x000000066e900000,0x000000066ed6e638,0x000000066ee00000)
  to   space 5120K, 0% used [0x0000000672c00000,0x0000000672c00000,0x0000000673100000)
 ParOldGen       total 42496K, used 7238K [0x00000003c0000000, 0x00000003c2980000, 0x000000066ab00000)
  object space 42496K, 17% used [0x00000003c0000000,0x00000003c0711ac0,0x00000003c2980000)
 Metaspace       used 17016K, capacity 17176K, committed 17408K, reserved 1064960K
  class space    used 2187K, capacity 2228K, committed 2304K, reserved 1048576K
}
Event: 3.305 GC heap before
{Heap before GC invocations=8 (full 0):
 PSYoungGen      total 68608K, used 46325K [0x000000066ab00000, 0x0000000673100000, 0x00000007c0000000)
  eden space 63488K, 65% used [0x000000066ab00000,0x000000066d3ceed8,0x000000066e900000)
  from space 5120K, 88% used [0x000000066e900000,0x000000066ed6e638,0x000000066ee00000)
  to   space 5120K, 0% used [0x0000000672c00000,0x0000000672c00000,0x0000000673100000)
 ParOldGen       total 42496K, used 7238K [0x00000003c0000000, 0x00000003c2980000, 0x000000066ab00000)
  object space 42496K, 17% used [0x00000003c0000000,0x00000003c0711ac0,0x00000003c2980000)
 Metaspace       used 20914K, capacity 21080K, committed 21248K, reserved 1067008K
  class space    used 2666K, capacity 2760K, committed 2816K, reserved 1048576K
Event: 3.313 GC heap after
Heap after GC invocations=8 (full 0):
 PSYoungGen      total 131072K, used 5090K [0x000000066ab00000, 0x0000000673300000, 0x00000007c0000000)
  eden space 125952K, 0% used [0x000000066ab00000,0x000000066ab00000,0x0000000672600000)
  from space 5120K, 99% used [0x0000000672c00000,0x00000006730f8b90,0x0000000673100000)
  to   space 6144K, 0% used [0x0000000672600000,0x0000000672600000,0x0000000672c00000)
 ParOldGen       total 42496K, used 8276K [0x00000003c0000000, 0x00000003c2980000, 0x000000066ab00000)
  object space 42496K, 19% used [0x00000003c0000000,0x00000003c08153c8,0x00000003c2980000)
 Metaspace       used 20914K, capacity 21080K, committed 21248K, reserved 1067008K
  class space    used 2666K, capacity 2760K, committed 2816K, reserved 1048576K
}
Event: 3.313 GC heap before
{Heap before GC invocations=9 (full 1):
 PSYoungGen      total 131072K, used 5090K [0x000000066ab00000, 0x0000000673300000, 0x00000007c0000000)
  eden space 125952K, 0% used [0x000000066ab00000,0x000000066ab00000,0x0000000672600000)
  from space 5120K, 99% used [0x0000000672c00000,0x00000006730f8b90,0x0000000673100000)
  to   space 6144K, 0% used [0x0000000672600000,0x0000000672600000,0x0000000672c00000)
 ParOldGen       total 42496K, used 8276K [0x00000003c0000000, 0x00000003c2980000, 0x000000066ab00000)
  object space 42496K, 19% used [0x00000003c0000000,0x00000003c08153c8,0x00000003c2980000)
 Metaspace       used 20914K, capacity 21080K, committed 21248K, reserved 1067008K
  class space    used 2666K, capacity 2760K, committed 2816K, reserved 1048576K
Event: 3.344 GC heap after
Heap after GC invocations=9 (full 1):
 PSYoungGen      total 131072K, used 0K [0x000000066ab00000, 0x0000000673300000, 0x00000007c0000000)
  eden space 125952K, 0% used [0x000000066ab00000,0x000000066ab00000,0x0000000672600000)
  from space 5120K, 0% used [0x0000000672c00000,0x0000000672c00000,0x0000000673100000)
  to   space 6144K, 0% used [0x0000000672600000,0x0000000672600000,0x0000000672c00000)
 ParOldGen       total 31744K, used 7681K [0x00000003c0000000, 0x00000003c1f00000, 0x000000066ab00000)
  object space 31744K, 24% used [0x00000003c0000000,0x00000003c0780500,0x00000003c1f00000)
 Metaspace       used 20914K, capacity 21080K, committed 21248K, reserved 1067008K
  class space    used 2666K, capacity 2760K, committed 2816K, reserved 1048576K
}
Event: 4.899 GC heap before
{Heap before GC invocations=10 (full 1):
 PSYoungGen      total 131072K, used 125952K [0x000000066ab00000, 0x0000000673300000, 0x00000007c0000000)
  eden space 125952K, 100% used [0x000000066ab00000,0x0000000672600000,0x0000000672600000)
  from space 5120K, 0% used [0x0000000672c00000,0x0000000672c00000,0x0000000673100000)
  to   space 6144K, 0% used [0x0000000672600000,0x0000000672600000,0x0000000672c00000)
 ParOldGen       total 31744K, used 7681K [0x00000003c0000000, 0x00000003c1f00000, 0x000000066ab00000)
  object space 31744K, 24% used [0x00000003c0000000,0x00000003c0780500,0x00000003c1f00000)
 Metaspace       used 32391K, capacity 32658K, committed 33024K, reserved 1077248K
  class space    used 4224K, capacity 4309K, committed 4352K, reserved 1048576K
Event: 4.914 GC heap after
Heap after GC invocations=10 (full 1):
 PSYoungGen      total 132096K, used 6120K [0x000000066ab00000, 0x0000000676500000, 0x00000007c0000000)
  eden space 125952K, 0% used [0x000000066ab00000,0x000000066ab00000,0x0000000672600000)
  from space 6144K, 99% used [0x0000000672600000,0x0000000672bfa120,0x0000000672c00000)
  to   space 9216K, 0% used [0x0000000675c00000,0x0000000675c00000,0x0000000676500000)
 ParOldGen       total 31744K, used 13915K [0x00000003c0000000, 0x00000003c1f00000, 0x000000066ab00000)
  object space 31744K, 43% used [0x00000003c0000000,0x00000003c0d96ea8,0x00000003c1f00000)
 Metaspace       used 32391K, capacity 32658K, committed 33024K, reserved 1077248K
  class space    used 4224K, capacity 4309K, committed 4352K, reserved 1048576K
}
Event: 7.926 GC heap before
{Heap before GC invocations=11 (full 1):
 PSYoungGen      total 132096K, used 65846K [0x000000066ab00000, 0x0000000676500000, 0x00000007c0000000)
  eden space 125952K, 47% used [0x000000066ab00000,0x000000066e553700,0x0000000672600000)
  from space 6144K, 99% used [0x0000000672600000,0x0000000672bfa120,0x0000000672c00000)
  to   space 9216K, 0% used [0x0000000675c00000,0x0000000675c00000,0x0000000676500000)
 ParOldGen       total 31744K, used 13915K [0x00000003c0000000, 0x00000003c1f00000, 0x000000066ab00000)
  object space 31744K, 43% used [0x00000003c0000000,0x00000003c0d96ea8,0x00000003c1f00000)
 Metaspace       used 34902K, capacity 35122K, committed 35416K, reserved 1079296K
  class space    used 4568K, capacity 4661K, committed 4736K, reserved 1048576K
Event: 7.934 GC heap after
Heap after GC invocations=11 (full 1):
 PSYoungGen      total 174080K, used 5762K [0x000000066ab00000, 0x0000000676200000, 0x00000007c0000000)
  eden space 167936K, 0% used [0x000000066ab00000,0x000000066ab00000,0x0000000674f00000)
  from space 6144K, 93% used [0x0000000675c00000,0x00000006761a0950,0x0000000676200000)
  to   space 9216K, 0% used [0x0000000675000000,0x0000000675000000,0x0000000675900000)
 ParOldGen       total 31744K, used 13923K [0x00000003c0000000, 0x00000003c1f00000, 0x000000066ab00000)
  object space 31744K, 43% used [0x00000003c0000000,0x00000003c0d98ea8,0x00000003c1f00000)
 Metaspace       used 34902K, capacity 35122K, committed 35416K, reserved 1079296K
  class space    used 4568K, capacity 4661K, committed 4736K, reserved 1048576K
}
Event: 7.934 GC heap before
{Heap before GC invocations=12 (full 2):
 PSYoungGen      total 174080K, used 5762K [0x000000066ab00000, 0x0000000676200000, 0x00000007c0000000)
  eden space 167936K, 0% used [0x000000066ab00000,0x000000066ab00000,0x0000000674f00000)
  from space 6144K, 93% used [0x0000000675c00000,0x00000006761a0950,0x0000000676200000)
  to   space 9216K, 0% used [0x0000000675000000,0x0000000675000000,0x0000000675900000)
 ParOldGen       total 31744K, used 13923K [0x00000003c0000000, 0x00000003c1f00000, 0x000000066ab00000)
  object space 31744K, 43% used [0x00000003c0000000,0x00000003c0d98ea8,0x00000003c1f00000)
 Metaspace       used 34902K, capacity 35122K, committed 35416K, reserved 1079296K
  class space    used 4568K, capacity 4661K, committed 4736K, reserved 1048576K
Event: 7.982 GC heap after
Heap after GC invocations=12 (full 2):
 PSYoungGen      total 174080K, used 0K [0x000000066ab00000, 0x0000000676200000, 0x00000007c0000000)
  eden space 167936K, 0% used [0x000000066ab00000,0x000000066ab00000,0x0000000674f00000)
  from space 6144K, 0% used [0x0000000675c00000,0x0000000675c00000,0x0000000676200000)
  to   space 9216K, 0% used [0x0000000675000000,0x0000000675000000,0x0000000675900000)
 ParOldGen       total 46080K, used 9184K [0x00000003c0000000, 0x00000003c2d00000, 0x000000066ab00000)
  object space 46080K, 19% used [0x00000003c0000000,0x00000003c08f8058,0x00000003c2d00000)
 Metaspace       used 34902K, capacity 35122K, committed 35416K, reserved 1079296K
  class space    used 4568K, capacity 4661K, committed 4736K, reserved 1048576K
}
Event: 10.054 GC heap before
{Heap before GC invocations=13 (full 2):
 PSYoungGen      total 174080K, used 167936K [0x000000066ab00000, 0x0000000676200000, 0x00000007c0000000)
  eden space 167936K, 100% used [0x000000066ab00000,0x0000000674f00000,0x0000000674f00000)
  from space 6144K, 0% used [0x0000000675c00000,0x0000000675c00000,0x0000000676200000)
  to   space 9216K, 0% used [0x0000000675000000,0x0000000675000000,0x0000000675900000)
 ParOldGen       total 46080K, used 9184K [0x00000003c0000000, 0x00000003c2d00000, 0x000000066ab00000)
  object space 46080K, 19% used [0x00000003c0000000,0x00000003c08f8058,0x00000003c2d00000)
 Metaspace       used 54455K, capacity 54766K, committed 55128K, reserved 1097728K
  class space    used 7625K, capacity 7717K, committed 7808K, reserved 1048576K
Event: 10.077 GC heap after
Heap after GC invocations=13 (full 2):
 PSYoungGen      total 178176K, used 9195K [0x000000066ab00000, 0x000000067a180000, 0x00000007c0000000)
  eden space 168960K, 0% used [0x000000066ab00000,0x000000066ab00000,0x0000000675000000)
  from space 9216K, 99% used [0x0000000675000000,0x00000006758fae20,0x0000000675900000)
  to   space 15360K, 0% used [0x0000000679280000,0x0000000679280000,0x000000067a180000)
 ParOldGen       total 46080K, used 23361K [0x00000003c0000000, 0x00000003c2d00000, 0x000000066ab00000)
  object space 46080K, 50% used [0x00000003c0000000,0x00000003c16d0680,0x00000003c2d00000)
 Metaspace       used 54455K, capacity 54766K, committed 55128K, reserved 1097728K
  class space    used 7625K, capacity 7717K, committed 7808K, reserved 1048576K
}
Event: 10.715 GC heap before
{Heap before GC invocations=14 (full 2):
 PSYoungGen      total 178176K, used 55998K [0x000000066ab00000, 0x000000067a180000, 0x00000007c0000000)
  eden space 168960K, 27% used [0x000000066ab00000,0x000000066d8b4af0,0x0000000675000000)
  from space 9216K, 99% used [0x0000000675000000,0x00000006758fae20,0x0000000675900000)
  to   space 15360K, 0% used [0x0000000679280000,0x0000000679280000,0x000000067a180000)
 ParOldGen       total 46080K, used 23361K [0x00000003c0000000, 0x00000003c2d00000, 0x000000066ab00000)
  object space 46080K, 50% used [0x00000003c0000000,0x00000003c16d0680,0x00000003c2d00000)
 Metaspace       used 58464K, capacity 58712K, committed 59028K, reserved 1099776K
  class space    used 8241K, capacity 8328K, committed 8380K, reserved 1048576K
Event: 10.728 GC heap after
Heap after GC invocations=14 (full 2):
 PSYoungGen      total 237568K, used 6785K [0x000000066ab00000, 0x000000067a700000, 0x00000007c0000000)
  eden space 222208K, 0% used [0x000000066ab00000,0x000000066ab00000,0x0000000678400000)
  from space 15360K, 44% used [0x0000000679280000,0x0000000679920500,0x000000067a180000)
  to   space 14848K, 0% used [0x0000000678400000,0x0000000678400000,0x0000000679280000)
 ParOldGen       total 46080K, used 28699K [0x00000003c0000000, 0x00000003c2d00000, 0x000000066ab00000)
  object space 46080K, 62% used [0x00000003c0000000,0x00000003c1c06fc8,0x00000003c2d00000)
 Metaspace       used 58464K, capacity 58712K, committed 59028K, reserved 1099776K
  class space    used 8241K, capacity 8328K, committed 8380K, reserved 1048576K
}
Event: 10.728 GC heap before
{Heap before GC invocations=15 (full 3):
 PSYoungGen      total 237568K, used 6785K [0x000000066ab00000, 0x000000067a700000, 0x00000007c0000000)
  eden space 222208K, 0% used [0x000000066ab00000,0x000000066ab00000,0x0000000678400000)
  from space 15360K, 44% used [0x0000000679280000,0x0000000679920500,0x000000067a180000)
  to   space 14848K, 0% used [0x0000000678400000,0x0000000678400000,0x0000000679280000)
 ParOldGen       total 46080K, used 28699K [0x00000003c0000000, 0x00000003c2d00000, 0x000000066ab00000)
  object space 46080K, 62% used [0x00000003c0000000,0x00000003c1c06fc8,0x00000003c2d00000)
 Metaspace       used 58464K, capacity 58712K, committed 59028K, reserved 1099776K
  class space    used 8241K, capacity 8328K, committed 8380K, reserved 1048576K
Event: 10.813 GC heap after
Heap after GC invocations=15 (full 3):
 PSYoungGen      total 237568K, used 0K [0x000000066ab00000, 0x000000067a700000, 0x00000007c0000000)
  eden space 222208K, 0% used [0x000000066ab00000,0x000000066ab00000,0x0000000678400000)
  from space 15360K, 0% used [0x0000000679280000,0x0000000679280000,0x000000067a180000)
  to   space 14848K, 0% used [0x0000000678400000,0x0000000678400000,0x0000000679280000)
 ParOldGen       total 71168K, used 18202K [0x00000003c0000000, 0x00000003c4580000, 0x000000066ab00000)
  object space 71168K, 25% used [0x00000003c0000000,0x00000003c11c6940,0x00000003c4580000)
 Metaspace       used 58464K, capacity 58712K, committed 59028K, reserved 1099776K
  class space    used 8241K, capacity 8328K, committed 8380K, reserved 1048576K
}
Event: 16.790 GC heap before
{Heap before GC invocations=16 (full 3):
 PSYoungGen      total 237568K, used 222208K [0x000000066ab00000, 0x000000067a700000, 0x00000007c0000000)
  eden space 222208K, 100% used [0x000000066ab00000,0x0000000678400000,0x0000000678400000)
  from space 15360K, 0% used [0x0000000679280000,0x0000000679280000,0x000000067a180000)
  to   space 14848K, 0% used [0x0000000678400000,0x0000000678400000,0x0000000679280000)
 ParOldGen       total 71168K, used 18202K [0x00000003c0000000, 0x00000003c4580000, 0x000000066ab00000)
  object space 71168K, 25% used [0x00000003c0000000,0x00000003c11c6940,0x00000003c4580000)
 Metaspace       used 71355K, capacity 71880K, committed 72084K, reserved 1112064K
  class space    used 10188K, capacity 10335K, committed 10428K, reserved 1048576K
Event: 16.814 GC heap after
Heap after GC invocations=16 (full 3):
 PSYoungGen      total 237056K, used 13452K [0x000000066ab00000, 0x000000067d900000, 0x00000007c0000000)
  eden space 222208K, 0% used [0x000000066ab00000,0x000000066ab00000,0x0000000678400000)
  from space 14848K, 90% used [0x0000000678400000,0x00000006791232d0,0x0000000679280000)
  to   space 16384K, 0% used [0x000000067c900000,0x000000067c900000,0x000000067d900000)
 ParOldGen       total 71168K, used 50978K [0x00000003c0000000, 0x00000003c4580000, 0x000000066ab00000)
  object space 71168K, 71% used [0x00000003c0000000,0x00000003c31c8960,0x00000003c4580000)
 Metaspace       used 71355K, capacity 71880K, committed 72084K, reserved 1112064K
  class space    used 10188K, capacity 10335K, committed 10428K, reserved 1048576K
}
Event: 19.509 GC heap before
{Heap before GC invocations=17 (full 3):
 PSYoungGen      total 237056K, used 235660K [0x000000066ab00000, 0x000000067d900000, 0x00000007c0000000)
  eden space 222208K, 100% used [0x000000066ab00000,0x0000000678400000,0x0000000678400000)
  from space 14848K, 90% used [0x0000000678400000,0x00000006791232d0,0x0000000679280000)
  to   space 16384K, 0% used [0x000000067c900000,0x000000067c900000,0x000000067d900000)
 ParOldGen       total 71168K, used 50978K [0x00000003c0000000, 0x00000003c4580000, 0x000000066ab00000)
  object space 71168K, 71% used [0x00000003c0000000,0x00000003c31c8960,0x00000003c4580000)
 Metaspace       used 79435K, capacity 80126K, committed 80404K, reserved 1118208K
  class space    used 11375K, capacity 11542K, committed 11580K, reserved 1048576K
Event: 19.538 GC heap after
Heap after GC invocations=17 (full 3):
 PSYoungGen      total 291328K, used 14621K [0x000000066ab00000, 0x000000067db80000, 0x00000007c0000000)
  eden space 274944K, 0% used [0x000000066ab00000,0x000000066ab00000,0x000000067b780000)
  from space 16384K, 89% used [0x000000067c900000,0x000000067d7474a8,0x000000067d900000)
  to   space 17920K, 0% used [0x000000067b780000,0x000000067b780000,0x000000067c900000)
 ParOldGen       total 71168K, used 65688K [0x00000003c0000000, 0x00000003c4580000, 0x000000066ab00000)
  object space 71168K, 92% used [0x00000003c0000000,0x00000003c4026190,0x00000003c4580000)
 Metaspace       used 79435K, capacity 80126K, committed 80404K, reserved 1118208K
  class space    used 11375K, capacity 11542K, committed 11580K, reserved 1048576K
}
Event: 19.538 GC heap before
{Heap before GC invocations=18 (full 4):
 PSYoungGen      total 291328K, used 14621K [0x000000066ab00000, 0x000000067db80000, 0x00000007c0000000)
  eden space 274944K, 0% used [0x000000066ab00000,0x000000066ab00000,0x000000067b780000)
  from space 16384K, 89% used [0x000000067c900000,0x000000067d7474a8,0x000000067d900000)
  to   space 17920K, 0% used [0x000000067b780000,0x000000067b780000,0x000000067c900000)
 ParOldGen       total 71168K, used 65688K [0x00000003c0000000, 0x00000003c4580000, 0x000000066ab00000)
  object space 71168K, 92% used [0x00000003c0000000,0x00000003c4026190,0x00000003c4580000)
 Metaspace       used 79435K, capacity 80126K, committed 80404K, reserved 1118208K
  class space    used 11375K, capacity 11542K, committed 11580K, reserved 1048576K
Event: 19.737 GC heap after
Heap after GC invocations=18 (full 4):
 PSYoungGen      total 291328K, used 5093K [0x000000066ab00000, 0x000000067db80000, 0x00000007c0000000)
  eden space 274944K, 0% used [0x000000066ab00000,0x000000066ab00000,0x000000067b780000)
  from space 16384K, 31% used [0x000000067c900000,0x000000067cdf94f0,0x000000067d900000)
  to   space 17920K, 0% used [0x000000067b780000,0x000000067b780000,0x000000067c900000)
 ParOldGen       total 153600K, used 71164K [0x00000003c0000000, 0x00000003c9600000, 0x000000066ab00000)
  object space 153600K, 46% used [0x00000003c0000000,0x00000003c457f3a8,0x00000003c9600000)
 Metaspace       used 79424K, capacity 80108K, committed 80404K, reserved 1118208K
  class space    used 11373K, capacity 11539K, committed 11580K, reserved 1048576K
}
Event: 21.540 GC heap before
{Heap before GC invocations=19 (full 4):
 PSYoungGen      total 291328K, used 280037K [0x000000066ab00000, 0x000000067db80000, 0x00000007c0000000)
  eden space 274944K, 100% used [0x000000066ab00000,0x000000067b780000,0x000000067b780000)
  from space 16384K, 31% used [0x000000067c900000,0x000000067cdf94f0,0x000000067d900000)
  to   space 17920K, 0% used [0x000000067b780000,0x000000067b780000,0x000000067c900000)
 ParOldGen       total 153600K, used 71164K [0x00000003c0000000, 0x00000003c9600000, 0x000000066ab00000)
  object space 153600K, 46% used [0x00000003c0000000,0x00000003c457f3a8,0x00000003c9600000)
 Metaspace       used 80452K, capacity 81188K, committed 81428K, reserved 1118208K
  class space    used 11511K, capacity 11721K, committed 11836K, reserved 1048576K
Event: 21.575 GC heap after
Heap after GC invocations=19 (full 4):
 PSYoungGen      total 292864K, used 3672K [0x000000066ab00000, 0x0000000681d00000, 0x00000007c0000000)
  eden space 274944K, 0% used [0x000000066ab00000,0x000000066ab00000,0x000000067b780000)
  from space 17920K, 20% used [0x000000067b780000,0x000000067bb160e0,0x000000067c900000)
  to   space 17920K, 0% used [0x0000000680b80000,0x0000000680b80000,0x0000000681d00000)
 ParOldGen       total 153600K, used 141349K [0x00000003c0000000, 0x00000003c9600000, 0x000000066ab00000)
  object space 153600K, 92% used [0x00000003c0000000,0x00000003c8a097a8,0x00000003c9600000)
 Metaspace       used 80452K, capacity 81188K, committed 81428K, reserved 1118208K
  class space    used 11511K, capacity 11721K, committed 11836K, reserved 1048576K
}
Event: 21.575 GC heap before
{Heap before GC invocations=20 (full 5):
 PSYoungGen      total 292864K, used 3672K [0x000000066ab00000, 0x0000000681d00000, 0x00000007c0000000)
  eden space 274944K, 0% used [0x000000066ab00000,0x000000066ab00000,0x000000067b780000)
  from space 17920K, 20% used [0x000000067b780000,0x000000067bb160e0,0x000000067c900000)
  to   space 17920K, 0% used [0x0000000680b80000,0x0000000680b80000,0x0000000681d00000)
 ParOldGen       total 153600K, used 141349K [0x00000003c0000000, 0x00000003c9600000, 0x000000066ab00000)
  object space 153600K, 92% used [0x00000003c0000000,0x00000003c8a097a8,0x00000003c9600000)
 Metaspace       used 80452K, capacity 81188K, committed 81428K, reserved 1118208K
  class space    used 11511K, capacity 11721K, committed 11836K, reserved 1048576K
Event: 21.656 GC heap after
Heap after GC invocations=20 (full 5):
 PSYoungGen      total 292864K, used 0K [0x000000066ab00000, 0x0000000681d00000, 0x00000007c0000000)
  eden space 274944K, 0% used [0x000000066ab00000,0x000000066ab00000,0x000000067b780000)
  from space 17920K, 0% used [0x000000067b780000,0x000000067b780000,0x000000067c900000)
  to   space 17920K, 0% used [0x0000000680b80000,0x0000000680b80000,0x0000000681d00000)
 ParOldGen       total 175616K, used 54943K [0x00000003c0000000, 0x00000003cab80000, 0x000000066ab00000)
  object space 175616K, 31% used [0x00000003c0000000,0x00000003c35a7d88,0x00000003cab80000)
 Metaspace       used 80448K, capacity 81182K, committed 81428K, reserved 1118208K
  class space    used 11510K, capacity 11720K, committed 11836K, reserved 1048576K
}
Event: 23.658 GC heap before
{Heap before GC invocations=21 (full 5):
 PSYoungGen      total 292864K, used 272866K [0x000000066ab00000, 0x0000000681d00000, 0x00000007c0000000)
  eden space 274944K, 99% used [0x000000066ab00000,0x000000067b578a38,0x000000067b780000)
  from space 17920K, 0% used [0x000000067b780000,0x000000067b780000,0x000000067c900000)
  to   space 17920K, 0% used [0x0000000680b80000,0x0000000680b80000,0x0000000681d00000)
 ParOldGen       total 175616K, used 54943K [0x00000003c0000000, 0x00000003cab80000, 0x000000066ab00000)
  object space 175616K, 31% used [0x00000003c0000000,0x00000003c35a7d88,0x00000003cab80000)
 Metaspace       used 84713K, capacity 85596K, committed 85780K, reserved 1122304K
  class space    used 12016K, capacity 12244K, committed 12348K, reserved 1048576K
Event: 23.683 GC heap after
Heap after GC invocations=21 (full 5):
 PSYoungGen      total 346624K, used 15137K [0x000000066ab00000, 0x0000000681a80000, 0x00000007c0000000)
  eden space 331264K, 0% used [0x000000066ab00000,0x000000066ab00000,0x000000067ee80000)
  from space 15360K, 98% used [0x0000000680b80000,0x0000000681a48780,0x0000000681a80000)
  to   space 19456K, 0% used [0x000000067f480000,0x000000067f480000,0x0000000680780000)
 ParOldGen       total 175616K, used 138000K [0x00000003c0000000, 0x00000003cab80000, 0x000000066ab00000)
  object space 175616K, 78% used [0x00000003c0000000,0x00000003c86c4068,0x00000003cab80000)
 Metaspace       used 84713K, capacity 85596K, committed 85780K, reserved 1122304K
  class space    used 12016K, capacity 12244K, committed 12348K, reserved 1048576K
}
Event: 23.683 GC heap before
{Heap before GC invocations=22 (full 6):
 PSYoungGen      total 346624K, used 15137K [0x000000066ab00000, 0x0000000681a80000, 0x00000007c0000000)
  eden space 331264K, 0% used [0x000000066ab00000,0x000000066ab00000,0x000000067ee80000)
  from space 15360K, 98% used [0x0000000680b80000,0x0000000681a48780,0x0000000681a80000)
  to   space 19456K, 0% used [0x000000067f480000,0x000000067f480000,0x0000000680780000)
 ParOldGen       total 175616K, used 138000K [0x00000003c0000000, 0x00000003cab80000, 0x000000066ab00000)
  object space 175616K, 78% used [0x00000003c0000000,0x00000003c86c4068,0x00000003cab80000)
 Metaspace       used 84713K, capacity 85596K, committed 85780K, reserved 1122304K
  class space    used 12016K, capacity 12244K, committed 12348K, reserved 1048576K
Event: 23.776 GC heap after
Heap after GC invocations=22 (full 6):
 PSYoungGen      total 346624K, used 0K [0x000000066ab00000, 0x0000000681a80000, 0x00000007c0000000)
  eden space 331264K, 0% used [0x000000066ab00000,0x000000066ab00000,0x000000067ee80000)
  from space 15360K, 0% used [0x0000000680b80000,0x0000000680b80000,0x0000000681a80000)
  to   space 19456K, 0% used [0x000000067f480000,0x000000067f480000,0x0000000680780000)
 ParOldGen       total 283136K, used 117650K [0x00000003c0000000, 0x00000003d1480000, 0x000000066ab00000)
  object space 283136K, 41% used [0x00000003c0000000,0x00000003c72e4b40,0x00000003d1480000)
 Metaspace       used 84710K, capacity 85590K, committed 85780K, reserved 1122304K
  class space    used 12015K, capacity 12243K, committed 12348K, reserved 1048576K
}
Event: 25.097 GC heap before
{Heap before GC invocations=23 (full 6):
 PSYoungGen      total 346624K, used 331264K [0x000000066ab00000, 0x0000000681a80000, 0x00000007c0000000)
  eden space 331264K, 100% used [0x000000066ab00000,0x000000067ee80000,0x000000067ee80000)
  from space 15360K, 0% used [0x0000000680b80000,0x0000000680b80000,0x0000000681a80000)
  to   space 19456K, 0% used [0x000000067f480000,0x000000067f480000,0x0000000680780000)
 ParOldGen       total 283136K, used 117650K [0x00000003c0000000, 0x00000003d1480000, 0x000000066ab00000)
  object space 283136K, 41% used [0x00000003c0000000,0x00000003c72e4b40,0x00000003d1480000)
 Metaspace       used 86333K, capacity 87280K, committed 87444K, reserved 1124352K
  class space    used 12233K, capacity 12472K, committed 12476K, reserved 1048576K
Event: 25.140 GC heap after
Heap after GC invocations=23 (full 6):
 PSYoungGen      total 356864K, used 17499K [0x000000066ab00000, 0x0000000684880000, 0x00000007c0000000)
  eden space 337408K, 0% used [0x000000066ab00000,0x000000066ab00000,0x000000067f480000)
  from space 19456K, 89% used [0x000000067f480000,0x0000000680596eb0,0x0000000680780000)
  to   space 22016K, 0% used [0x0000000683300000,0x0000000683300000,0x0000000684880000)
 ParOldGen       total 283136K, used 165619K [0x00000003c0000000, 0x00000003d1480000, 0x000000066ab00000)
  object space 283136K, 58% used [0x00000003c0000000,0x00000003ca1bcc20,0x00000003d1480000)
 Metaspace       used 86333K, capacity 87280K, committed 87444K, reserved 1124352K
  class space    used 12233K, capacity 12472K, committed 12476K, reserved 1048576K
}
Event: 25.737 GC heap before
{Heap before GC invocations=24 (full 6):
 PSYoungGen      total 356864K, used 354907K [0x000000066ab00000, 0x0000000684880000, 0x00000007c0000000)
  eden space 337408K, 100% used [0x000000066ab00000,0x000000067f480000,0x000000067f480000)
  from space 19456K, 89% used [0x000000067f480000,0x0000000680596eb0,0x0000000680780000)
  to   space 22016K, 0% used [0x0000000683300000,0x0000000683300000,0x0000000684880000)
 ParOldGen       total 283136K, used 165619K [0x00000003c0000000, 0x00000003d1480000, 0x000000066ab00000)
  object space 283136K, 58% used [0x00000003c0000000,0x00000003ca1bcc20,0x00000003d1480000)
 Metaspace       used 86349K, capacity 87344K, committed 87444K, reserved 1124352K
  class space    used 12233K, capacity 12472K, committed 12476K, reserved 1048576K
Event: 25.752 GC heap after
Heap after GC invocations=24 (full 6):
 PSYoungGen      total 400384K, used 16198K [0x000000066ab00000, 0x0000000685580000, 0x00000007c0000000)
  eden space 378368K, 0% used [0x000000066ab00000,0x000000066ab00000,0x0000000681c80000)
  from space 22016K, 73% used [0x0000000683300000,0x00000006842d1a50,0x0000000684880000)
  to   space 23040K, 0% used [0x0000000681c80000,0x0000000681c80000,0x0000000683300000)
 ParOldGen       total 283136K, used 178498K [0x00000003c0000000, 0x00000003d1480000, 0x000000066ab00000)
  object space 283136K, 63% used [0x00000003c0000000,0x00000003cae50b00,0x00000003d1480000)
 Metaspace       used 86349K, capacity 87344K, committed 87444K, reserved 1124352K
  class space    used 12233K, capacity 12472K, committed 12476K, reserved 1048576K
}
Event: 26.242 GC heap before
{Heap before GC invocations=25 (full 6):
 PSYoungGen      total 400384K, used 394566K [0x000000066ab00000, 0x0000000685580000, 0x00000007c0000000)
  eden space 378368K, 100% used [0x000000066ab00000,0x0000000681c80000,0x0000000681c80000)
  from space 22016K, 73% used [0x0000000683300000,0x00000006842d1a50,0x0000000684880000)
  to   space 23040K, 0% used [0x0000000681c80000,0x0000000681c80000,0x0000000683300000)
 ParOldGen       total 283136K, used 178498K [0x00000003c0000000, 0x00000003d1480000, 0x000000066ab00000)
  object space 283136K, 63% used [0x00000003c0000000,0x00000003cae50b00,0x00000003d1480000)
 Metaspace       used 86360K, capacity 87344K, committed 87444K, reserved 1124352K
  class space    used 12233K, capacity 12472K, committed 12476K, reserved 1048576K
Event: 26.257 GC heap after
Heap after GC invocations=25 (full 6):
 PSYoungGen      total 401408K, used 15901K [0x000000066ab00000, 0x0000000688a80000, 0x00000007c0000000)
  eden space 378368K, 0% used [0x000000066ab00000,0x000000066ab00000,0x0000000681c80000)
  from space 23040K, 69% used [0x0000000681c80000,0x0000000682c076c0,0x0000000683300000)
  to   space 24064K, 0% used [0x0000000687300000,0x0000000687300000,0x0000000688a80000)
 ParOldGen       total 283136K, used 191370K [0x00000003c0000000, 0x00000003d1480000, 0x000000066ab00000)
  object space 283136K, 67% used [0x00000003c0000000,0x00000003cbae29e0,0x00000003d1480000)
 Metaspace       used 86360K, capacity 87344K, committed 87444K, reserved 1124352K
  class space    used 12233K, capacity 12472K, committed 12476K, reserved 1048576K
}
Event: 26.708 GC heap before
{Heap before GC invocations=26 (full 6):
 PSYoungGen      total 401408K, used 394269K [0x000000066ab00000, 0x0000000688a80000, 0x00000007c0000000)
  eden space 378368K, 100% used [0x000000066ab00000,0x0000000681c80000,0x0000000681c80000)
  from space 23040K, 69% used [0x0000000681c80000,0x0000000682c076c0,0x0000000683300000)
  to   space 24064K, 0% used [0x0000000687300000,0x0000000687300000,0x0000000688a80000)
 ParOldGen       total 283136K, used 191370K [0x00000003c0000000, 0x00000003d1480000, 0x000000066ab00000)
  object space 283136K, 67% used [0x00000003c0000000,0x00000003cbae29e0,0x00000003d1480000)
 Metaspace       used 86463K, capacity 87572K, committed 87828K, reserved 1124352K
  class space    used 12250K, capacity 12504K, committed 12604K, reserved 1048576K
Event: 26.728 GC heap after
Heap after GC invocations=26 (full 6):
 PSYoungGen      total 466432K, used 16105K [0x000000066ab00000, 0x0000000689400000, 0x00000007c0000000)
  eden space 442368K, 0% used [0x000000066ab00000,0x000000066ab00000,0x0000000685b00000)
  from space 24064K, 66% used [0x0000000687300000,0x00000006882ba788,0x0000000688a80000)
  to   space 24576K, 0% used [0x0000000685b00000,0x0000000685b00000,0x0000000687300000)
 ParOldGen       total 283136K, used 191378K [0x00000003c0000000, 0x00000003d1480000, 0x000000066ab00000)
  object space 283136K, 67% used [0x00000003c0000000,0x00000003cbae49e0,0x00000003d1480000)
 Metaspace       used 86463K, capacity 87572K, committed 87828K, reserved 1124352K
  class space    used 12250K, capacity 12504K, committed 12604K, reserved 1048576K
}
Event: 27.238 GC heap before
{Heap before GC invocations=27 (full 6):
 PSYoungGen      total 466432K, used 458473K [0x000000066ab00000, 0x0000000689400000, 0x00000007c0000000)
  eden space 442368K, 100% used [0x000000066ab00000,0x0000000685b00000,0x0000000685b00000)
  from space 24064K, 66% used [0x0000000687300000,0x00000006882ba788,0x0000000688a80000)
  to   space 24576K, 0% used [0x0000000685b00000,0x0000000685b00000,0x0000000687300000)
 ParOldGen       total 283136K, used 191378K [0x00000003c0000000, 0x00000003d1480000, 0x000000066ab00000)
  object space 283136K, 67% used [0x00000003c0000000,0x00000003cbae49e0,0x00000003d1480000)
 Metaspace       used 86472K, capacity 87572K, committed 87828K, reserved 1124352K
  class space    used 12250K, capacity 12504K, committed 12604K, reserved 1048576K
Event: 27.261 GC heap after
Heap after GC invocations=27 (full 6):
 PSYoungGen      total 466944K, used 15993K [0x000000066ab00000, 0x000000068e580000, 0x00000007c0000000)
  eden space 442368K, 0% used [0x000000066ab00000,0x000000066ab00000,0x0000000685b00000)
  from space 24576K, 65% used [0x0000000685b00000,0x0000000686a9e798,0x0000000687300000)
  to   space 25088K, 0% used [0x000000068cd00000,0x000000068cd00000,0x000000068e580000)
 ParOldGen       total 283136K, used 191378K [0x00000003c0000000, 0x00000003d1480000, 0x000000066ab00000)
  object space 283136K, 67% used [0x00000003c0000000,0x00000003cbae49e0,0x00000003d1480000)
 Metaspace       used 86472K, capacity 87572K, committed 87828K, reserved 1124352K
  class space    used 12250K, capacity 12504K, committed 12604K, reserved 1048576K
}
Event: 27.728 GC heap before
{Heap before GC invocations=28 (full 6):
 PSYoungGen      total 466944K, used 458361K [0x000000066ab00000, 0x000000068e580000, 0x00000007c0000000)
  eden space 442368K, 100% used [0x000000066ab00000,0x0000000685b00000,0x0000000685b00000)
  from space 24576K, 65% used [0x0000000685b00000,0x0000000686a9e798,0x0000000687300000)
  to   space 25088K, 0% used [0x000000068cd00000,0x000000068cd00000,0x000000068e580000)
 ParOldGen       total 283136K, used 191378K [0x00000003c0000000, 0x00000003d1480000, 0x000000066ab00000)
  object space 283136K, 67% used [0x00000003c0000000,0x00000003cbae49e0,0x00000003d1480000)
 Metaspace       used 86509K, capacity 87636K, committed 87828K, reserved 1124352K
  class space    used 12250K, capacity 12504K, committed 12604K, reserved 1048576K
Event: 27.739 GC heap after
Heap after GC invocations=28 (full 6):
 PSYoungGen      total 553984K, used 16477K [0x000000066ab00000, 0x000000068e380000, 0x00000007c0000000)
  eden space 530944K, 0% used [0x000000066ab00000,0x000000066ab00000,0x000000068b180000)
  from space 23040K, 71% used [0x000000068cd00000,0x000000068dd176c0,0x000000068e380000)
  to   space 25600K, 0% used [0x000000068b180000,0x000000068b180000,0x000000068ca80000)
 ParOldGen       total 283136K, used 191386K [0x00000003c0000000, 0x00000003d1480000, 0x000000066ab00000)
  object space 283136K, 67% used [0x00000003c0000000,0x00000003cbae69e0,0x00000003d1480000)
 Metaspace       used 86509K, capacity 87636K, committed 87828K, reserved 1124352K
  class space    used 12250K, capacity 12504K, committed 12604K, reserved 1048576K
}
Event: 28.234 GC heap before
{Heap before GC invocations=29 (full 6):
 PSYoungGen      total 553984K, used 547421K [0x000000066ab00000, 0x000000068e380000, 0x00000007c0000000)
  eden space 530944K, 100% used [0x000000066ab00000,0x000000068b180000,0x000000068b180000)
  from space 23040K, 71% used [0x000000068cd00000,0x000000068dd176c0,0x000000068e380000)
  to   space 25600K, 0% used [0x000000068b180000,0x000000068b180000,0x000000068ca80000)
 ParOldGen       total 283136K, used 191386K [0x00000003c0000000, 0x00000003d1480000, 0x000000066ab00000)
  object space 283136K, 67% used [0x00000003c0000000,0x00000003cbae69e0,0x00000003d1480000)
 Metaspace       used 86509K, capacity 87636K, committed 87828K, reserved 1124352K
  class space    used 12250K, capacity 12504K, committed 12604K, reserved 1048576K
Event: 28.245 GC heap after
Heap after GC invocations=29 (full 6):
 PSYoungGen      total 556544K, used 16461K [0x000000066ab00000, 0x0000000694880000, 0x00000007c0000000)
  eden space 530944K, 0% used [0x000000066ab00000,0x000000066ab00000,0x000000068b180000)
  from space 25600K, 64% used [0x000000068b180000,0x000000068c1936b0,0x000000068ca80000)
  to   space 26112K, 0% used [0x0000000692f00000,0x0000000692f00000,0x0000000694880000)
 ParOldGen       total 283136K, used 191386K [0x00000003c0000000, 0x00000003d1480000, 0x000000066ab00000)
  object space 283136K, 67% used [0x00000003c0000000,0x00000003cbae69e0,0x00000003d1480000)
 Metaspace       used 86509K, capacity 87636K, committed 87828K, reserved 1124352K
  class space    used 12250K, capacity 12504K, committed 12604K, reserved 1048576K
}
Event: 28.697 GC heap before
{Heap before GC invocations=30 (full 6):
 PSYoungGen      total 556544K, used 547405K [0x000000066ab00000, 0x0000000694880000, 0x00000007c0000000)
  eden space 530944K, 100% used [0x000000066ab00000,0x000000068b180000,0x000000068b180000)
  from space 25600K, 64% used [0x000000068b180000,0x000000068c1936b0,0x000000068ca80000)
  to   space 26112K, 0% used [0x0000000692f00000,0x0000000692f00000,0x0000000694880000)
 ParOldGen       total 283136K, used 191386K [0x00000003c0000000, 0x00000003d1480000, 0x000000066ab00000)
  object space 283136K, 67% used [0x00000003c0000000,0x00000003cbae69e0,0x00000003d1480000)
 Metaspace       used 86519K, capacity 87636K, committed 87828K, reserved 1124352K
  class space    used 12250K, capacity 12504K, committed 12604K, reserved 1048576K
Event: 28.709 GC heap after
Heap after GC invocations=30 (full 6):
 PSYoungGen      total 658432K, used 17453K [0x000000066ab00000, 0x0000000694800000, 0x00000007c0000000)
  eden space 632832K, 0% used [0x000000066ab00000,0x000000066ab00000,0x0000000691500000)
  from space 25600K, 68% used [0x0000000692f00000,0x000000069400b6b0,0x0000000694800000)
  to   space 26112K, 0% used [0x0000000691500000,0x0000000691500000,0x0000000692e80000)
 ParOldGen       total 283136K, used 191394K [0x00000003c0000000, 0x00000003d1480000, 0x000000066ab00000)
  object space 283136K, 67% used [0x00000003c0000000,0x00000003cbae89e0,0x00000003d1480000)
 Metaspace       used 86519K, capacity 87636K, committed 87828K, reserved 1124352K
  class space    used 12250K, capacity 12504K, committed 12604K, reserved 1048576K
}
Event: 29.268 GC heap before
{Heap before GC invocations=31 (full 6):
 PSYoungGen      total 658432K, used 650285K [0x000000066ab00000, 0x0000000694800000, 0x00000007c0000000)
  eden space 632832K, 100% used [0x000000066ab00000,0x0000000691500000,0x0000000691500000)
  from space 25600K, 68% used [0x0000000692f00000,0x000000069400b6b0,0x0000000694800000)
  to   space 26112K, 0% used [0x0000000691500000,0x0000000691500000,0x0000000692e80000)
 ParOldGen       total 283136K, used 191394K [0x00000003c0000000, 0x00000003d1480000, 0x000000066ab00000)
  object space 283136K, 67% used [0x00000003c0000000,0x00000003cbae89e0,0x00000003d1480000)
 Metaspace       used 86522K, capacity 87636K, committed 87828K, reserved 1124352K
  class space    used 12250K, capacity 12504K, committed 12604K, reserved 1048576K
Event: 29.279 GC heap after
Heap after GC invocations=31 (full 6):
 PSYoungGen      total 658944K, used 2035K [0x000000066ab00000, 0x0000000699f80000, 0x00000007c0000000)
  eden space 632832K, 0% used [0x000000066ab00000,0x000000066ab00000,0x0000000691500000)
  from space 26112K, 7% used [0x0000000691500000,0x00000006916fcea0,0x0000000692e80000)
  to   space 27136K, 0% used [0x0000000698500000,0x0000000698500000,0x0000000699f80000)
 ParOldGen       total 283136K, used 206306K [0x00000003c0000000, 0x00000003d1480000, 0x000000066ab00000)
  object space 283136K, 72% used [0x00000003c0000000,0x00000003cc978990,0x00000003d1480000)
 Metaspace       used 86522K, capacity 87636K, committed 87828K, reserved 1124352K
  class space    used 12250K, capacity 12504K, committed 12604K, reserved 1048576K
}
Event: 29.793 GC heap before
{Heap before GC invocations=32 (full 6):
 PSYoungGen      total 658944K, used 634867K [0x000000066ab00000, 0x0000000699f80000, 0x00000007c0000000)
  eden space 632832K, 100% used [0x000000066ab00000,0x0000000691500000,0x0000000691500000)
  from space 26112K, 7% used [0x0000000691500000,0x00000006916fcea0,0x0000000692e80000)
  to   space 27136K, 0% used [0x0000000698500000,0x0000000698500000,0x0000000699f80000)
 ParOldGen       total 283136K, used 206306K [0x00000003c0000000, 0x00000003d1480000, 0x000000066ab00000)
  object space 283136K, 72% used [0x00000003c0000000,0x00000003cc978990,0x00000003d1480000)
 Metaspace       used 86525K, capacity 87636K, committed 87828K, reserved 1124352K
  class space    used 12250K, capacity 12504K, committed 12604K, reserved 1048576K
Event: 29.798 GC heap after
Heap after GC invocations=32 (full 6):
 PSYoungGen      total 733184K, used 2227K [0x000000066ab00000, 0x0000000699880000, 0x00000007c0000000)
  eden space 713216K, 0% used [0x000000066ab00000,0x000000066ab00000,0x0000000696380000)
  from space 19968K, 11% used [0x0000000698500000,0x000000069872cea0,0x0000000699880000)
  to   space 27136K, 0% used [0x0000000696380000,0x0000000696380000,0x0000000697e00000)
 ParOldGen       total 283136K, used 206306K [0x00000003c0000000, 0x00000003d1480000, 0x000000066ab00000)
  object space 283136K, 72% used [0x00000003c0000000,0x00000003cc978990,0x00000003d1480000)
 Metaspace       used 86525K, capacity 87636K, committed 87828K, reserved 1124352K
  class space    used 12250K, capacity 12504K, committed 12604K, reserved 1048576K
}
Event: 30.410 GC heap before
{Heap before GC invocations=33 (full 6):
 PSYoungGen      total 733184K, used 715443K [0x000000066ab00000, 0x0000000699880000, 0x00000007c0000000)
  eden space 713216K, 100% used [0x000000066ab00000,0x0000000696380000,0x0000000696380000)
  from space 19968K, 11% used [0x0000000698500000,0x000000069872cea0,0x0000000699880000)
  to   space 27136K, 0% used [0x0000000696380000,0x0000000696380000,0x0000000697e00000)
 ParOldGen       total 283136K, used 206306K [0x00000003c0000000, 0x00000003d1480000, 0x000000066ab00000)
  object space 283136K, 72% used [0x00000003c0000000,0x00000003cc978990,0x00000003d1480000)
 Metaspace       used 86525K, capacity 87636K, committed 87828K, reserved 1124352K
  class space    used 12250K, capacity 12504K, committed 12604K, reserved 1048576K
Event: 30.416 GC heap after
Heap after GC invocations=33 (full 6):
 PSYoungGen      total 740352K, used 2823K [0x000000066ab00000, 0x000000069e980000, 0x00000007c0000000)
  eden space 713216K, 0% used [0x000000066ab00000,0x000000066ab00000,0x0000000696380000)
  from space 27136K, 10% used [0x0000000696380000,0x0000000696641d30,0x0000000697e00000)
  to   space 27136K, 0% used [0x000000069cf00000,0x000000069cf00000,0x000000069e980000)
 ParOldGen       total 283136K, used 206306K [0x00000003c0000000, 0x00000003d1480000, 0x000000066ab00000)
  object space 283136K, 72% used [0x00000003c0000000,0x00000003cc978990,0x00000003d1480000)
 Metaspace       used 86525K, capacity 87636K, committed 87828K, reserved 1124352K
  class space    used 12250K, capacity 12504K, committed 12604K, reserved 1048576K
}
Event: 31.003 GC heap before
{Heap before GC invocations=34 (full 6):
 PSYoungGen      total 740352K, used 716039K [0x000000066ab00000, 0x000000069e980000, 0x00000007c0000000)
  eden space 713216K, 100% used [0x000000066ab00000,0x0000000696380000,0x0000000696380000)
  from space 27136K, 10% used [0x0000000696380000,0x0000000696641d30,0x0000000697e00000)
  to   space 27136K, 0% used [0x000000069cf00000,0x000000069cf00000,0x000000069e980000)
 ParOldGen       total 283136K, used 206306K [0x00000003c0000000, 0x00000003d1480000, 0x000000066ab00000)
  object space 283136K, 72% used [0x00000003c0000000,0x00000003cc978990,0x00000003d1480000)
 Metaspace       used 86525K, capacity 87636K, committed 87828K, reserved 1124352K
  class space    used 12250K, capacity 12504K, committed 12604K, reserved 1048576K
Event: 31.009 GC heap after
Heap after GC invocations=34 (full 6):
 PSYoungGen      total 809984K, used 2727K [0x000000066ab00000, 0x000000069e280000, 0x00000007c0000000)
  eden space 790016K, 0% used [0x000000066ab00000,0x000000066ab00000,0x000000069ae80000)
  from space 19968K, 13% used [0x000000069cf00000,0x000000069d1a9d30,0x000000069e280000)
  to   space 26624K, 0% used [0x000000069ae80000,0x000000069ae80000,0x000000069c880000)
 ParOldGen       total 283136K, used 206306K [0x00000003c0000000, 0x00000003d1480000, 0x000000066ab00000)
  object space 283136K, 72% used [0x00000003c0000000,0x00000003cc978990,0x00000003d1480000)
 Metaspace       used 86525K, capacity 87636K, committed 87828K, reserved 1124352K
  class space    used 12250K, capacity 12504K, committed 12604K, reserved 1048576K
}
Event: 31.692 GC heap before
{Heap before GC invocations=35 (full 6):
 PSYoungGen      total 809984K, used 792743K [0x000000066ab00000, 0x000000069e280000, 0x00000007c0000000)
  eden space 790016K, 100% used [0x000000066ab00000,0x000000069ae80000,0x000000069ae80000)
  from space 19968K, 13% used [0x000000069cf00000,0x000000069d1a9d30,0x000000069e280000)
  to   space 26624K, 0% used [0x000000069ae80000,0x000000069ae80000,0x000000069c880000)
 ParOldGen       total 283136K, used 206306K [0x00000003c0000000, 0x00000003d1480000, 0x000000066ab00000)
  object space 283136K, 72% used [0x00000003c0000000,0x00000003cc978990,0x00000003d1480000)
 Metaspace       used 86525K, capacity 87636K, committed 87828K, reserved 1124352K
  class space    used 12250K, capacity 12504K, committed 12604K, reserved 1048576K
Event: 31.698 GC heap after
Heap after GC invocations=35 (full 6):
 PSYoungGen      total 816640K, used 2695K [0x000000066ab00000, 0x00000006a2e00000, 0x00000007c0000000)
  eden space 790016K, 0% used [0x000000066ab00000,0x000000066ab00000,0x000000069ae80000)
  from space 26624K, 10% used [0x000000069ae80000,0x000000069b121d30,0x000000069c880000)
  to   space 26112K, 0% used [0x00000006a1480000,0x00000006a1480000,0x00000006a2e00000)
 ParOldGen       total 283136K, used 206306K [0x00000003c0000000, 0x00000003d1480000, 0x000000066ab00000)
  object space 283136K, 72% used [0x00000003c0000000,0x00000003cc978990,0x00000003d1480000)
 Metaspace       used 86525K, capacity 87636K, committed 87828K, reserved 1124352K
  class space    used 12250K, capacity 12504K, committed 12604K, reserved 1048576K
}
Event: 32.350 GC heap before
{Heap before GC invocations=36 (full 6):
 PSYoungGen      total 816640K, used 792711K [0x000000066ab00000, 0x00000006a2e00000, 0x00000007c0000000)
  eden space 790016K, 100% used [0x000000066ab00000,0x000000069ae80000,0x000000069ae80000)
  from space 26624K, 10% used [0x000000069ae80000,0x000000069b121d30,0x000000069c880000)
  to   space 26112K, 0% used [0x00000006a1480000,0x00000006a1480000,0x00000006a2e00000)
 ParOldGen       total 283136K, used 206306K [0x00000003c0000000, 0x00000003d1480000, 0x000000066ab00000)
  object space 283136K, 72% used [0x00000003c0000000,0x00000003cc978990,0x00000003d1480000)
 Metaspace       used 86525K, capacity 87636K, committed 87828K, reserved 1124352K
  class space    used 12250K, capacity 12504K, committed 12604K, reserved 1048576K
Event: 32.356 GC heap after
Heap after GC invocations=36 (full 6):
 PSYoungGen      total 883200K, used 2951K [0x000000066ab00000, 0x00000006a2780000, 0x00000007c0000000)
  eden space 863744K, 0% used [0x000000066ab00000,0x000000066ab00000,0x000000069f680000)
  from space 19456K, 15% used [0x00000006a1480000,0x00000006a1761d30,0x00000006a2780000)
  to   space 25088K, 0% used [0x000000069f680000,0x000000069f680000,0x00000006a0f00000)
 ParOldGen       total 283136K, used 206306K [0x00000003c0000000, 0x00000003d1480000, 0x000000066ab00000)
  object space 283136K, 72% used [0x00000003c0000000,0x00000003cc978990,0x00000003d1480000)
 Metaspace       used 86525K, capacity 87636K, committed 87828K, reserved 1124352K
  class space    used 12250K, capacity 12504K, committed 12604K, reserved 1048576K
}
Event: 33.108 GC heap before
{Heap before GC invocations=37 (full 6):
 PSYoungGen      total 883200K, used 866695K [0x000000066ab00000, 0x00000006a2780000, 0x00000007c0000000)
  eden space 863744K, 100% used [0x000000066ab00000,0x000000069f680000,0x000000069f680000)
  from space 19456K, 15% used [0x00000006a1480000,0x00000006a1761d30,0x00000006a2780000)
  to   space 25088K, 0% used [0x000000069f680000,0x000000069f680000,0x00000006a0f00000)
 ParOldGen       total 283136K, used 206306K [0x00000003c0000000, 0x00000003d1480000, 0x000000066ab00000)
  object space 283136K, 72% used [0x00000003c0000000,0x00000003cc978990,0x00000003d1480000)
 Metaspace       used 86525K, capacity 87636K, committed 87828K, reserved 1124352K
  class space    used 12250K, capacity 12504K, committed 12604K, reserved 1048576K
Event: 33.116 GC heap after
Heap after GC invocations=37 (full 6):
 PSYoungGen      total 888832K, used 3495K [0x000000066ab00000, 0x00000006a7200000, 0x00000007c0000000)
  eden space 863744K, 0% used [0x000000066ab00000,0x000000066ab00000,0x000000069f680000)
  from space 25088K, 13% used [0x000000069f680000,0x000000069f9e9d30,0x00000006a0f00000)
  to   space 24576K, 0% used [0x00000006a5a00000,0x00000006a5a00000,0x00000006a7200000)
 ParOldGen       total 283136K, used 206306K [0x00000003c0000000, 0x00000003d1480000, 0x000000066ab00000)
  object space 283136K, 72% used [0x00000003c0000000,0x00000003cc978990,0x00000003d1480000)
 Metaspace       used 86525K, capacity 87636K, committed 87828K, reserved 1124352K
  class space    used 12250K, capacity 12504K, committed 12604K, reserved 1048576K
}
Event: 33.817 GC heap before
{Heap before GC invocations=38 (full 6):
 PSYoungGen      total 888832K, used 867239K [0x000000066ab00000, 0x00000006a7200000, 0x00000007c0000000)
  eden space 863744K, 100% used [0x000000066ab00000,0x000000069f680000,0x000000069f680000)
  from space 25088K, 13% used [0x000000069f680000,0x000000069f9e9d30,0x00000006a0f00000)
  to   space 24576K, 0% used [0x00000006a5a00000,0x00000006a5a00000,0x00000006a7200000)
 ParOldGen       total 283136K, used 206306K [0x00000003c0000000, 0x00000003d1480000, 0x000000066ab00000)
  object space 283136K, 72% used [0x00000003c0000000,0x00000003cc978990,0x00000003d1480000)
 Metaspace       used 86526K, capacity 87636K, committed 87828K, reserved 1124352K
  class space    used 12250K, capacity 12504K, committed 12604K, reserved 1048576K
Event: 33.824 GC heap after
Heap after GC invocations=38 (full 6):
 PSYoungGen      total 958464K, used 3527K [0x000000066ab00000, 0x00000006a6d80000, 0x00000007c0000000)
  eden space 938496K, 0% used [0x000000066ab00000,0x000000066ab00000,0x00000006a3f80000)
  from space 19968K, 17% used [0x00000006a5a00000,0x00000006a5d71d30,0x00000006a6d80000)
  to   space 23552K, 0% used [0x00000006a3f80000,0x00000006a3f80000,0x00000006a5680000)
 ParOldGen       total 283136K, used 206306K [0x00000003c0000000, 0x00000003d1480000, 0x000000066ab00000)
  object space 283136K, 72% used [0x00000003c0000000,0x00000003cc978990,0x00000003d1480000)
 Metaspace       used 86526K, capacity 87636K, committed 87828K, reserved 1124352K
  class space    used 12250K, capacity 12504K, committed 12604K, reserved 1048576K
}
Event: 34.623 GC heap before
{Heap before GC invocations=39 (full 6):
 PSYoungGen      total 958464K, used 942023K [0x000000066ab00000, 0x00000006a6d80000, 0x00000007c0000000)
  eden space 938496K, 100% used [0x000000066ab00000,0x00000006a3f80000,0x00000006a3f80000)
  from space 19968K, 17% used [0x00000006a5a00000,0x00000006a5d71d30,0x00000006a6d80000)
  to   space 23552K, 0% used [0x00000006a3f80000,0x00000006a3f80000,0x00000006a5680000)
 ParOldGen       total 283136K, used 206306K [0x00000003c0000000, 0x00000003d1480000, 0x000000066ab00000)
  object space 283136K, 72% used [0x00000003c0000000,0x00000003cc978990,0x00000003d1480000)
 Metaspace       used 86526K, capacity 87636K, committed 87828K, reserved 1124352K
  class space    used 12250K, capacity 12504K, committed 12604K, reserved 1048576K
Event: 34.631 GC heap after
Heap after GC invocations=39 (full 6):
 PSYoungGen      total 962048K, used 3623K [0x000000066ab00000, 0x00000006aab80000, 0x00000007c0000000)
  eden space 938496K, 0% used [0x000000066ab00000,0x000000066ab00000,0x00000006a3f80000)
  from space 23552K, 15% used [0x00000006a3f80000,0x00000006a4309d30,0x00000006a5680000)
  to   space 22528K, 0% used [0x00000006a9580000,0x00000006a9580000,0x00000006aab80000)
 ParOldGen       total 283136K, used 206562K [0x00000003c0000000, 0x00000003d1480000, 0x000000066ab00000)
  object space 283136K, 72% used [0x00000003c0000000,0x00000003cc9b8990,0x00000003d1480000)
 Metaspace       used 86526K, capacity 87636K, committed 87828K, reserved 1124352K
  class space    used 12250K, capacity 12504K, committed 12604K, reserved 1048576K
}
Event: 35.399 GC heap before
{Heap before GC invocations=40 (full 6):
 PSYoungGen      total 962048K, used 942119K [0x000000066ab00000, 0x00000006aab80000, 0x00000007c0000000)
  eden space 938496K, 100% used [0x000000066ab00000,0x00000006a3f80000,0x00000006a3f80000)
  from space 23552K, 15% used [0x00000006a3f80000,0x00000006a4309d30,0x00000006a5680000)
  to   space 22528K, 0% used [0x00000006a9580000,0x00000006a9580000,0x00000006aab80000)
 ParOldGen       total 283136K, used 206562K [0x00000003c0000000, 0x00000003d1480000, 0x000000066ab00000)
  object space 283136K, 72% used [0x00000003c0000000,0x00000003cc9b8990,0x00000003d1480000)
 Metaspace       used 86527K, capacity 87636K, committed 87828K, reserved 1124352K
  class space    used 12250K, capacity 12504K, committed 12604K, reserved 1048576K
Event: 35.407 GC heap after
Heap after GC invocations=40 (full 6):
 PSYoungGen      total 1021440K, used 3975K [0x000000066ab00000, 0x00000006aa800000, 0x00000007c0000000)
  eden space 1002496K, 0% used [0x000000066ab00000,0x000000066ab00000,0x00000006a7e00000)
  from space 18944K, 20% used [0x00000006a9580000,0x00000006a9961d30,0x00000006aa800000)
  to   space 21504K, 0% used [0x00000006a7e00000,0x00000006a7e00000,0x00000006a9300000)
 ParOldGen       total 283136K, used 206738K [0x00000003c0000000, 0x00000003d1480000, 0x000000066ab00000)
  object space 283136K, 73% used [0x00000003c0000000,0x00000003cc9e4990,0x00000003d1480000)
 Metaspace       used 86527K, capacity 87636K, committed 87828K, reserved 1124352K
  class space    used 12250K, capacity 12504K, committed 12604K, reserved 1048576K
}
Event: 36.254 GC heap before
{Heap before GC invocations=41 (full 6):
 PSYoungGen      total 1021440K, used 1006471K [0x000000066ab00000, 0x00000006aa800000, 0x00000007c0000000)
  eden space 1002496K, 100% used [0x000000066ab00000,0x00000006a7e00000,0x00000006a7e00000)
  from space 18944K, 20% used [0x00000006a9580000,0x00000006a9961d30,0x00000006aa800000)
  to   space 21504K, 0% used [0x00000006a7e00000,0x00000006a7e00000,0x00000006a9300000)
 ParOldGen       total 283136K, used 206738K [0x00000003c0000000, 0x00000003d1480000, 0x000000066ab00000)
  object space 283136K, 73% used [0x00000003c0000000,0x00000003cc9e4990,0x00000003d1480000)
 Metaspace       used 86527K, capacity 87636K, committed 87828K, reserved 1124352K
  class space    used 12250K, capacity 12504K, committed 12604K, reserved 1048576K
Event: 36.261 GC heap after
Heap after GC invocations=41 (full 6):
 PSYoungGen      total 1024000K, used 3591K [0x000000066ab00000, 0x00000006ae680000, 0x00000007c0000000)
  eden space 1002496K, 0% used [0x000000066ab00000,0x000000066ab00000,0x00000006a7e00000)
  from space 21504K, 16% used [0x00000006a7e00000,0x00000006a8181d30,0x00000006a9300000)
  to   space 20480K, 0% used [0x00000006ad280000,0x00000006ad280000,0x00000006ae680000)
 ParOldGen       total 283136K, used 206898K [0x00000003c0000000, 0x00000003d1480000, 0x000000066ab00000)
  object space 283136K, 73% used [0x00000003c0000000,0x00000003cca0c990,0x00000003d1480000)
 Metaspace       used 86527K, capacity 87636K, committed 87828K, reserved 1124352K
  class space    used 12250K, capacity 12504K, committed 12604K, reserved 1048576K
}
Event: 37.068 GC heap before
{Heap before GC invocations=42 (full 6):
 PSYoungGen      total 1024000K, used 1006087K [0x000000066ab00000, 0x00000006ae680000, 0x00000007c0000000)
  eden space 1002496K, 100% used [0x000000066ab00000,0x00000006a7e00000,0x00000006a7e00000)
  from space 21504K, 16% used [0x00000006a7e00000,0x00000006a8181d30,0x00000006a9300000)
  to   space 20480K, 0% used [0x00000006ad280000,0x00000006ad280000,0x00000006ae680000)
 ParOldGen       total 283136K, used 206898K [0x00000003c0000000, 0x00000003d1480000, 0x000000066ab00000)
  object space 283136K, 73% used [0x00000003c0000000,0x00000003cca0c990,0x00000003d1480000)
 Metaspace       used 86528K, capacity 87636K, committed 87828K, reserved 1124352K
  class space    used 12250K, capacity 12504K, committed 12604K, reserved 1048576K
Event: 37.075 GC heap after
Heap after GC invocations=42 (full 6):
 PSYoungGen      total 1082880K, used 3559K [0x000000066ab00000, 0x00000006ae280000, 0x00000007c0000000)
  eden space 1066496K, 0% used [0x000000066ab00000,0x000000066ab00000,0x00000006abc80000)
  from space 16384K, 21% used [0x00000006ad280000,0x00000006ad5f9d30,0x00000006ae280000)
  to   space 19456K, 0% used [0x00000006abc80000,0x00000006abc80000,0x00000006acf80000)
 ParOldGen       total 283136K, used 207042K [0x00000003c0000000, 0x00000003d1480000, 0x000000066ab00000)
  object space 283136K, 73% used [0x00000003c0000000,0x00000003cca30990,0x00000003d1480000)
 Metaspace       used 86528K, capacity 87636K, committed 87828K, reserved 1124352K
  class space    used 12250K, capacity 12504K, committed 12604K, reserved 1048576K
}
Event: 37.978 GC heap before
{Heap before GC invocations=43 (full 6):
 PSYoungGen      total 1082880K, used 1070055K [0x000000066ab00000, 0x00000006ae280000, 0x00000007c0000000)
  eden space 1066496K, 100% used [0x000000066ab00000,0x00000006abc80000,0x00000006abc80000)
  from space 16384K, 21% used [0x00000006ad280000,0x00000006ad5f9d30,0x00000006ae280000)
  to   space 19456K, 0% used [0x00000006abc80000,0x00000006abc80000,0x00000006acf80000)
 ParOldGen       total 283136K, used 207042K [0x00000003c0000000, 0x00000003d1480000, 0x000000066ab00000)
  object space 283136K, 73% used [0x00000003c0000000,0x00000003cca30990,0x00000003d1480000)
 Metaspace       used 86528K, capacity 87636K, committed 87828K, reserved 1124352K
  class space    used 12250K, capacity 12504K, committed 12604K, reserved 1048576K
Event: 37.985 GC heap after
Heap after GC invocations=43 (full 6):
 PSYoungGen      total 1085952K, used 3847K [0x000000066ab00000, 0x00000006b2100000, 0x00000007c0000000)
  eden space 1066496K, 0% used [0x000000066ab00000,0x000000066ab00000,0x00000006abc80000)
  from space 19456K, 19% used [0x00000006abc80000,0x00000006ac041d30,0x00000006acf80000)
  to   space 18432K, 0% used [0x00000006b0f00000,0x00000006b0f00000,0x00000006b2100000)
 ParOldGen       total 283136K, used 207170K [0x00000003c0000000, 0x00000003d1480000, 0x000000066ab00000)
  object space 283136K, 73% used [0x00000003c0000000,0x00000003cca50990,0x00000003d1480000)
 Metaspace       used 86528K, capacity 87636K, committed 87828K, reserved 1124352K
  class space    used 12250K, capacity 12504K, committed 12604K, reserved 1048576K
}
Event: 38.833 GC heap before
{Heap before GC invocations=44 (full 6):
 PSYoungGen      total 1085952K, used 1070343K [0x000000066ab00000, 0x00000006b2100000, 0x00000007c0000000)
  eden space 1066496K, 100% used [0x000000066ab00000,0x00000006abc80000,0x00000006abc80000)
  from space 19456K, 19% used [0x00000006abc80000,0x00000006ac041d30,0x00000006acf80000)
  to   space 18432K, 0% used [0x00000006b0f00000,0x00000006b0f00000,0x00000006b2100000)
 ParOldGen       total 283136K, used 207170K [0x00000003c0000000, 0x00000003d1480000, 0x000000066ab00000)
  object space 283136K, 73% used [0x00000003c0000000,0x00000003cca50990,0x00000003d1480000)
 Metaspace       used 86528K, capacity 87636K, committed 87828K, reserved 1124352K
  class space    used 12250K, capacity 12504K, committed 12604K, reserved 1048576K
Event: 38.841 GC heap after
Heap after GC invocations=44 (full 6):
 PSYoungGen      total 1148928K, used 3783K [0x000000066ab00000, 0x00000006b1f80000, 0x00000007c0000000)
  eden space 1132032K, 0% used [0x000000066ab00000,0x000000066ab00000,0x00000006afc80000)
  from space 16896K, 22% used [0x00000006b0f00000,0x00000006b12b1d30,0x00000006b1f80000)
  to   space 17920K, 0% used [0x00000006afc80000,0x00000006afc80000,0x00000006b0e00000)
 ParOldGen       total 283136K, used 207354K [0x00000003c0000000, 0x00000003d1480000, 0x000000066ab00000)
  object space 283136K, 73% used [0x00000003c0000000,0x00000003cca7e990,0x00000003d1480000)
 Metaspace       used 86528K, capacity 87636K, committed 87828K, reserved 1124352K
  class space    used 12250K, capacity 12504K, committed 12604K, reserved 1048576K
}
Event: 39.786 GC heap before
{Heap before GC invocations=45 (full 6):
 PSYoungGen      total 1148928K, used 1135815K [0x000000066ab00000, 0x00000006b1f80000, 0x00000007c0000000)
  eden space 1132032K, 100% used [0x000000066ab00000,0x00000006afc80000,0x00000006afc80000)
  from space 16896K, 22% used [0x00000006b0f00000,0x00000006b12b1d30,0x00000006b1f80000)
  to   space 17920K, 0% used [0x00000006afc80000,0x00000006afc80000,0x00000006b0e00000)
 ParOldGen       total 283136K, used 207354K [0x00000003c0000000, 0x00000003d1480000, 0x000000066ab00000)
  object space 283136K, 73% used [0x00000003c0000000,0x00000003cca7e990,0x00000003d1480000)
 Metaspace       used 86528K, capacity 87636K, committed 87828K, reserved 1124352K
  class space    used 12250K, capacity 12504K, committed 12604K, reserved 1048576K
Event: 39.793 GC heap after
Heap after GC invocations=45 (full 6):
 PSYoungGen      total 1149952K, used 3847K [0x000000066ab00000, 0x00000006b5f00000, 0x00000007c0000000)
  eden space 1132032K, 0% used [0x000000066ab00000,0x000000066ab00000,0x00000006afc80000)
  from space 17920K, 21% used [0x00000006afc80000,0x00000006b0041d30,0x00000006b0e00000)
  to   space 16896K, 0% used [0x00000006b4e80000,0x00000006b4e80000,0x00000006b5f00000)
 ParOldGen       total 283136K, used 207474K [0x00000003c0000000, 0x00000003d1480000, 0x000000066ab00000)
  object space 283136K, 73% used [0x00000003c0000000,0x00000003cca9c990,0x00000003d1480000)
 Metaspace       used 86528K, capacity 87636K, committed 87828K, reserved 1124352K
  class space    used 12250K, capacity 12504K, committed 12604K, reserved 1048576K
}
Event: 40.715 GC heap before
{Heap before GC invocations=46 (full 6):
 PSYoungGen      total 1149952K, used 1135879K [0x000000066ab00000, 0x00000006b5f00000, 0x00000007c0000000)
  eden space 1132032K, 100% used [0x000000066ab00000,0x00000006afc80000,0x00000006afc80000)
  from space 17920K, 21% used [0x00000006afc80000,0x00000006b0041d30,0x00000006b0e00000)
  to   space 16896K, 0% used [0x00000006b4e80000,0x00000006b4e80000,0x00000006b5f00000)
 ParOldGen       total 283136K, used 207474K [0x00000003c0000000, 0x00000003d1480000, 0x000000066ab00000)
  object space 283136K, 73% used [0x00000003c0000000,0x00000003cca9c990,0x00000003d1480000)
 Metaspace       used 86528K, capacity 87636K, committed 87828K, reserved 1124352K
  class space    used 12250K, capacity 12504K, committed 12604K, reserved 1048576K
Event: 40.723 GC heap after
Heap after GC invocations=46 (full 6):
 PSYoungGen      total 1213952K, used 4263K [0x000000066ab00000, 0x00000006b5d00000, 0x00000007c0000000)
  eden space 1199104K, 0% used [0x000000066ab00000,0x000000066ab00000,0x00000006b3e00000)
  from space 14848K, 28% used [0x00000006b4e80000,0x00000006b52a9d30,0x00000006b5d00000)
  to   space 15872K, 0% used [0x00000006b3e00000,0x00000006b3e00000,0x00000006b4d80000)
 ParOldGen       total 283136K, used 207714K [0x00000003c0000000, 0x00000003d1480000, 0x000000066ab00000)
  object space 283136K, 73% used [0x00000003c0000000,0x00000003ccad8990,0x00000003d1480000)
 Metaspace       used 86528K, capacity 87636K, committed 87828K, reserved 1124352K
  class space    used 12250K, capacity 12504K, committed 12604K, reserved 1048576K
}
Event: 41.711 GC heap before
{Heap before GC invocations=47 (full 6):
 PSYoungGen      total 1213952K, used 1203367K [0x000000066ab00000, 0x00000006b5d00000, 0x00000007c0000000)
  eden space 1199104K, 100% used [0x000000066ab00000,0x00000006b3e00000,0x00000006b3e00000)
  from space 14848K, 28% used [0x00000006b4e80000,0x00000006b52a9d30,0x00000006b5d00000)
  to   space 15872K, 0% used [0x00000006b3e00000,0x00000006b3e00000,0x00000006b4d80000)
 ParOldGen       total 283136K, used 207714K [0x00000003c0000000, 0x00000003d1480000, 0x000000066ab00000)
  object space 283136K, 73% used [0x00000003c0000000,0x00000003ccad8990,0x00000003d1480000)
 Metaspace       used 86528K, capacity 87636K, committed 87828K, reserved 1124352K
  class space    used 12250K, capacity 12504K, committed 12604K, reserved 1048576K
Event: 41.719 GC heap after
Heap after GC invocations=47 (full 6):
 PSYoungGen      total 1214976K, used 3975K [0x000000066ab00000, 0x00000006b9780000, 0x00000007c0000000)
  eden space 1199104K, 0% used [0x000000066ab00000,0x000000066ab00000,0x00000006b3e00000)
  from space 15872K, 25% used [0x00000006b3e00000,0x00000006b41e1d30,0x00000006b4d80000)
  to   space 15360K, 0% used [0x00000006b8880000,0x00000006b8880000,0x00000006b9780000)
 ParOldGen       total 283136K, used 207874K [0x00000003c0000000, 0x00000003d1480000, 0x000000066ab00000)
  object space 283136K, 73% used [0x00000003c0000000,0x00000003ccb00990,0x00000003d1480000)
 Metaspace       used 86528K, capacity 87636K, committed 87828K, reserved 1124352K
  class space    used 12250K, capacity 12504K, committed 12604K, reserved 1048576K
}
Event: 42.680 GC heap before
{Heap before GC invocations=48 (full 6):
 PSYoungGen      total 1214976K, used 1203079K [0x000000066ab00000, 0x00000006b9780000, 0x00000007c0000000)
  eden space 1199104K, 100% used [0x000000066ab00000,0x00000006b3e00000,0x00000006b3e00000)
  from space 15872K, 25% used [0x00000006b3e00000,0x00000006b41e1d30,0x00000006b4d80000)
  to   space 15360K, 0% used [0x00000006b8880000,0x00000006b8880000,0x00000006b9780000)
 ParOldGen       total 283136K, used 207874K [0x00000003c0000000, 0x00000003d1480000, 0x000000066ab00000)
  object space 283136K, 73% used [0x00000003c0000000,0x00000003ccb00990,0x00000003d1480000)
 Metaspace       used 86539K, capacity 87636K, committed 87828K, reserved 1124352K
  class space    used 12252K, capacity 12504K, committed 12604K, reserved 1048576K
Event: 42.688 GC heap after
Heap after GC invocations=48 (full 6):
 PSYoungGen      total 1271296K, used 4000K [0x000000066ab00000, 0x00000006b9480000, 0x00000007c0000000)
  eden space 1259008K, 0% used [0x000000066ab00000,0x000000066ab00000,0x00000006b7880000)
  from space 12288K, 32% used [0x00000006b8880000,0x00000006b8c68010,0x00000006b9480000)
  to   space 14336K, 0% used [0x00000006b7880000,0x00000006b7880000,0x00000006b8680000)
 ParOldGen       total 283136K, used 208105K [0x00000003c0000000, 0x00000003d1480000, 0x000000066ab00000)
  object space 283136K, 73% used [0x00000003c0000000,0x00000003ccb3a6b0,0x00000003d1480000)
 Metaspace       used 86539K, capacity 87636K, committed 87828K, reserved 1124352K
  class space    used 12252K, capacity 12504K, committed 12604K, reserved 1048576K
}
Event: 43.734 GC heap before
{Heap before GC invocations=49 (full 6):
 PSYoungGen      total 1271296K, used 1263008K [0x000000066ab00000, 0x00000006b9480000, 0x00000007c0000000)
  eden space 1259008K, 100% used [0x000000066ab00000,0x00000006b7880000,0x00000006b7880000)
  from space 12288K, 32% used [0x00000006b8880000,0x00000006b8c68010,0x00000006b9480000)
  to   space 14336K, 0% used [0x00000006b7880000,0x00000006b7880000,0x00000006b8680000)
 ParOldGen       total 283136K, used 208105K [0x00000003c0000000, 0x00000003d1480000, 0x000000066ab00000)
  object space 283136K, 73% used [0x00000003c0000000,0x00000003ccb3a6b0,0x00000003d1480000)
 Metaspace       used 86541K, capacity 87636K, committed 87828K, reserved 1124352K
  class space    used 12252K, capacity 12504K, committed 12604K, reserved 1048576K
Event: 43.742 GC heap after
Heap after GC invocations=49 (full 6):
 PSYoungGen      total 1273344K, used 4000K [0x000000066ab00000, 0x00000006bcf80000, 0x00000007c0000000)
  eden space 1259008K, 0% used [0x000000066ab00000,0x000000066ab00000,0x00000006b7880000)
  from space 14336K, 27% used [0x00000006b7880000,0x00000006b7c68010,0x00000006b8680000)
  to   space 13824K, 0% used [0x00000006bc200000,0x00000006bc200000,0x00000006bcf80000)
 ParOldGen       total 283136K, used 208265K [0x00000003c0000000, 0x00000003d1480000, 0x000000066ab00000)
  object space 283136K, 73% used [0x00000003c0000000,0x00000003ccb626b0,0x00000003d1480000)
 Metaspace       used 86541K, capacity 87636K, committed 87828K, reserved 1124352K
  class space    used 12252K, capacity 12504K, committed 12604K, reserved 1048576K
}
Event: 44.759 GC heap before
{Heap before GC invocations=50 (full 6):
 PSYoungGen      total 1273344K, used 1263008K [0x000000066ab00000, 0x00000006bcf80000, 0x00000007c0000000)
  eden space 1259008K, 100% used [0x000000066ab00000,0x00000006b7880000,0x00000006b7880000)
  from space 14336K, 27% used [0x00000006b7880000,0x00000006b7c68010,0x00000006b8680000)
  to   space 13824K, 0% used [0x00000006bc200000,0x00000006bc200000,0x00000006bcf80000)
 ParOldGen       total 283136K, used 208265K [0x00000003c0000000, 0x00000003d1480000, 0x000000066ab00000)
  object space 283136K, 73% used [0x00000003c0000000,0x00000003ccb626b0,0x00000003d1480000)
 Metaspace       used 86544K, capacity 87636K, committed 87828K, reserved 1124352K
  class space    used 12252K, capacity 12504K, committed 12604K, reserved 1048576K
Event: 44.769 GC heap after
Heap after GC invocations=50 (full 6):
 PSYoungGen      total 1334272K, used 4608K [0x000000066ab00000, 0x00000006bce80000, 0x00000007c0000000)
  eden space 1321472K, 0% used [0x000000066ab00000,0x000000066ab00000,0x00000006bb580000)
  from space 12800K, 36% used [0x00000006bc200000,0x00000006bc680010,0x00000006bce80000)
  to   space 12800K, 0% used [0x00000006bb580000,0x00000006bb580000,0x00000006bc200000)
 ParOldGen       total 283136K, used 208441K [0x00000003c0000000, 0x00000003d1480000, 0x000000066ab00000)
  object space 283136K, 73% used [0x00000003c0000000,0x00000003ccb8e6b0,0x00000003d1480000)
 Metaspace       used 86544K, capacity 87636K, committed 87828K, reserved 1124352K
  class space    used 12252K, capacity 12504K, committed 12604K, reserved 1048576K
}
Event: 45.863 GC heap before
{Heap before GC invocations=51 (full 6):
 PSYoungGen      total 1334272K, used 1326080K [0x000000066ab00000, 0x00000006bce80000, 0x00000007c0000000)
  eden space 1321472K, 100% used [0x000000066ab00000,0x00000006bb580000,0x00000006bb580000)
  from space 12800K, 36% used [0x00000006bc200000,0x00000006bc680010,0x00000006bce80000)
  to   space 12800K, 0% used [0x00000006bb580000,0x00000006bb580000,0x00000006bc200000)
 ParOldGen       total 283136K, used 208441K [0x00000003c0000000, 0x00000003d1480000, 0x000000066ab00000)
  object space 283136K, 73% used [0x00000003c0000000,0x00000003ccb8e6b0,0x00000003d1480000)
 Metaspace       used 86544K, capacity 87636K, committed 87828K, reserved 1124352K
  class space    used 12252K, capacity 12504K, committed 12604K, reserved 1048576K
Event: 45.872 GC heap after
Heap after GC invocations=51 (full 6):
 PSYoungGen      total 1334272K, used 4512K [0x000000066ab00000, 0x00000006c0c80000, 0x00000007c0000000)
  eden space 1321472K, 0% used [0x000000066ab00000,0x000000066ab00000,0x00000006bb580000)
  from space 12800K, 35% used [0x00000006bb580000,0x00000006bb9e8010,0x00000006bc200000)
  to   space 12288K, 0% used [0x00000006c0080000,0x00000006c0080000,0x00000006c0c80000)
 ParOldGen       total 283136K, used 208665K [0x00000003c0000000, 0x00000003d1480000, 0x000000066ab00000)
  object space 283136K, 73% used [0x00000003c0000000,0x00000003ccbc66b0,0x00000003d1480000)
 Metaspace       used 86544K, capacity 87636K, committed 87828K, reserved 1124352K
  class space    used 12252K, capacity 12504K, committed 12604K, reserved 1048576K
}
Event: 46.932 GC heap before
{Heap before GC invocations=52 (full 6):
 PSYoungGen      total 1334272K, used 1325984K [0x000000066ab00000, 0x00000006c0c80000, 0x00000007c0000000)
  eden space 1321472K, 100% used [0x000000066ab00000,0x00000006bb580000,0x00000006bb580000)
  from space 12800K, 35% used [0x00000006bb580000,0x00000006bb9e8010,0x00000006bc200000)
  to   space 12288K, 0% used [0x00000006c0080000,0x00000006c0080000,0x00000006c0c80000)
 ParOldGen       total 283136K, used 208665K [0x00000003c0000000, 0x00000003d1480000, 0x000000066ab00000)
  object space 283136K, 73% used [0x00000003c0000000,0x00000003ccbc66b0,0x00000003d1480000)
 Metaspace       used 86549K, capacity 87636K, committed 87828K, reserved 1124352K
  class space    used 12252K, capacity 12504K, committed 12604K, reserved 1048576K
Event: 46.941 GC heap after
Heap after GC invocations=52 (full 6):
 PSYoungGen      total 1397248K, used 4608K [0x000000066ab00000, 0x00000006c0b80000, 0x00000007c0000000)
  eden space 1385984K, 0% used [0x000000066ab00000,0x000000066ab00000,0x00000006bf480000)
  from space 11264K, 40% used [0x00000006c0080000,0x00000006c0500010,0x00000006c0b80000)
  to   space 11776K, 0% used [0x00000006bf480000,0x00000006bf480000,0x00000006c0000000)
 ParOldGen       total 283136K, used 208841K [0x00000003c0000000, 0x00000003d1480000, 0x000000066ab00000)
  object space 283136K, 73% used [0x00000003c0000000,0x00000003ccbf26b0,0x00000003d1480000)
 Metaspace       used 86549K, capacity 87636K, committed 87828K, reserved 1124352K
  class space    used 12252K, capacity 12504K, committed 12604K, reserved 1048576K
}
Event: 48.091 GC heap before
{Heap before GC invocations=53 (full 6):
 PSYoungGen      total 1397248K, used 1390592K [0x000000066ab00000, 0x00000006c0b80000, 0x00000007c0000000)
  eden space 1385984K, 100% used [0x000000066ab00000,0x00000006bf480000,0x00000006bf480000)
  from space 11264K, 40% used [0x00000006c0080000,0x00000006c0500010,0x00000006c0b80000)
  to   space 11776K, 0% used [0x00000006bf480000,0x00000006bf480000,0x00000006c0000000)
 ParOldGen       total 283136K, used 208841K [0x00000003c0000000, 0x00000003d1480000, 0x000000066ab00000)
  object space 283136K, 73% used [0x00000003c0000000,0x00000003ccbf26b0,0x00000003d1480000)
 Metaspace       used 86551K, capacity 87636K, committed 87828K, reserved 1124352K
  class space    used 12252K, capacity 12504K, committed 12604K, reserved 1048576K
Event: 48.100 GC heap after
Heap after GC invocations=53 (full 6):
 PSYoungGen      total 1397760K, used 4768K [0x000000066ab00000, 0x00000006c4a80000, 0x00000007c0000000)
  eden space 1385984K, 0% used [0x000000066ab00000,0x000000066ab00000,0x00000006bf480000)
  from space 11776K, 40% used [0x00000006bf480000,0x00000006bf928010,0x00000006c0000000)
  to   space 10752K, 0% used [0x00000006c4000000,0x00000006c4000000,0x00000006c4a80000)
 ParOldGen       total 283136K, used 209025K [0x00000003c0000000, 0x00000003d1480000, 0x000000066ab00000)
  object space 283136K, 73% used [0x00000003c0000000,0x00000003ccc206b0,0x00000003d1480000)
 Metaspace       used 86551K, capacity 87636K, committed 87828K, reserved 1124352K
  class space    used 12252K, capacity 12504K, committed 12604K, reserved 1048576K
}
Event: 49.220 GC heap before
{Heap before GC invocations=54 (full 6):
 PSYoungGen      total 1397760K, used 1390752K [0x000000066ab00000, 0x00000006c4a80000, 0x00000007c0000000)
  eden space 1385984K, 100% used [0x000000066ab00000,0x00000006bf480000,0x00000006bf480000)
  from space 11776K, 40% used [0x00000006bf480000,0x00000006bf928010,0x00000006c0000000)
  to   space 10752K, 0% used [0x00000006c4000000,0x00000006c4000000,0x00000006c4a80000)
 ParOldGen       total 283136K, used 209025K [0x00000003c0000000, 0x00000003d1480000, 0x000000066ab00000)
  object space 283136K, 73% used [0x00000003c0000000,0x00000003ccc206b0,0x00000003d1480000)
 Metaspace       used 86551K, capacity 87636K, committed 87828K, reserved 1124352K
  class space    used 12252K, capacity 12504K, committed 12604K, reserved 1048576K
Event: 49.229 GC heap after
Heap after GC invocations=54 (full 6):
 PSYoungGen      total 1462272K, used 4640K [0x000000066ab00000, 0x00000006c4980000, 0x00000007c0000000)
  eden space 1452544K, 0% used [0x000000066ab00000,0x000000066ab00000,0x00000006c3580000)
  from space 9728K, 47% used [0x00000006c4000000,0x00000006c4488010,0x00000006c4980000)
  to   space 10240K, 0% used [0x00000006c3580000,0x00000006c3580000,0x00000006c3f80000)
 ParOldGen       total 283136K, used 209257K [0x00000003c0000000, 0x00000003d1480000, 0x000000066ab00000)
  object space 283136K, 73% used [0x00000003c0000000,0x00000003ccc5a6b0,0x00000003d1480000)
 Metaspace       used 86551K, capacity 87636K, committed 87828K, reserved 1124352K
  class space    used 12252K, capacity 12504K, committed 12604K, reserved 1048576K
}
Event: 50.452 GC heap before
{Heap before GC invocations=55 (full 6):
 PSYoungGen      total 1462272K, used 1457184K [0x000000066ab00000, 0x00000006c4980000, 0x00000007c0000000)
  eden space 1452544K, 100% used [0x000000066ab00000,0x00000006c3580000,0x00000006c3580000)
  from space 9728K, 47% used [0x00000006c4000000,0x00000006c4488010,0x00000006c4980000)
  to   space 10240K, 0% used [0x00000006c3580000,0x00000006c3580000,0x00000006c3f80000)
 ParOldGen       total 283136K, used 209257K [0x00000003c0000000, 0x00000003d1480000, 0x000000066ab00000)
  object space 283136K, 73% used [0x00000003c0000000,0x00000003ccc5a6b0,0x00000003d1480000)
 Metaspace       used 86551K, capacity 87636K, committed 87828K, reserved 1124352K
  class space    used 12252K, capacity 12504K, committed 12604K, reserved 1048576K
Event: 50.461 GC heap after
Heap after GC invocations=55 (full 6):
 PSYoungGen      total 1462784K, used 5024K [0x000000066ab00000, 0x00000006c8900000, 0x00000007c0000000)
  eden space 1452544K, 0% used [0x000000066ab00000,0x000000066ab00000,0x00000006c3580000)
  from space 10240K, 49% used [0x00000006c3580000,0x00000006c3a68010,0x00000006c3f80000)
  to   space 9728K, 0% used [0x00000006c7f80000,0x00000006c7f80000,0x00000006c8900000)
 ParOldGen       total 283136K, used 209401K [0x00000003c0000000, 0x00000003d1480000, 0x000000066ab00000)
  object space 283136K, 73% used [0x00000003c0000000,0x00000003ccc7e6b0,0x00000003d1480000)
 Metaspace       used 86551K, capacity 87636K, committed 87828K, reserved 1124352K
  class space    used 12252K, capacity 12504K, committed 12604K, reserved 1048576K
}
Event: 51.628 GC heap before
{Heap before GC invocations=56 (full 6):
 PSYoungGen      total 1462784K, used 1457568K [0x000000066ab00000, 0x00000006c8900000, 0x00000007c0000000)
  eden space 1452544K, 100% used [0x000000066ab00000,0x00000006c3580000,0x00000006c3580000)
  from space 10240K, 49% used [0x00000006c3580000,0x00000006c3a68010,0x00000006c3f80000)
  to   space 9728K, 0% used [0x00000006c7f80000,0x00000006c7f80000,0x00000006c8900000)
 ParOldGen       total 283136K, used 209401K [0x00000003c0000000, 0x00000003d1480000, 0x000000066ab00000)
  object space 283136K, 73% used [0x00000003c0000000,0x00000003ccc7e6b0,0x00000003d1480000)
 Metaspace       used 86551K, capacity 87636K, committed 87828K, reserved 1124352K
  class space    used 12252K, capacity 12504K, committed 12604K, reserved 1048576K
Event: 51.637 GC heap after
Heap after GC invocations=56 (full 6):
 PSYoungGen      total 1527296K, used 4992K [0x000000066ab00000, 0x00000006c8880000, 0x00000007c0000000)
  eden space 1518080K, 0% used [0x000000066ab00000,0x000000066ab00000,0x00000006c7580000)
  from space 9216K, 54% used [0x00000006c7f80000,0x00000006c8460010,0x00000006c8880000)
  to   space 9728K, 0% used [0x00000006c7580000,0x00000006c7580000,0x00000006c7f00000)
 ParOldGen       total 283136K, used 209593K [0x00000003c0000000, 0x00000003d1480000, 0x000000066ab00000)
  object space 283136K, 74% used [0x00000003c0000000,0x00000003cccae6b0,0x00000003d1480000)
 Metaspace       used 86551K, capacity 87636K, committed 87828K, reserved 1124352K
  class space    used 12252K, capacity 12504K, committed 12604K, reserved 1048576K
}
Event: 52.889 GC heap before
{Heap before GC invocations=57 (full 6):
 PSYoungGen      total 1527296K, used 1523072K [0x000000066ab00000, 0x00000006c8880000, 0x00000007c0000000)
  eden space 1518080K, 100% used [0x000000066ab00000,0x00000006c7580000,0x00000006c7580000)
  from space 9216K, 54% used [0x00000006c7f80000,0x00000006c8460010,0x00000006c8880000)
  to   space 9728K, 0% used [0x00000006c7580000,0x00000006c7580000,0x00000006c7f00000)
 ParOldGen       total 283136K, used 209593K [0x00000003c0000000, 0x00000003d1480000, 0x000000066ab00000)
  object space 283136K, 74% used [0x00000003c0000000,0x00000003cccae6b0,0x00000003d1480000)
 Metaspace       used 86551K, capacity 87636K, committed 87828K, reserved 1124352K
  class space    used 12252K, capacity 12504K, committed 12604K, reserved 1048576K
Event: 52.899 GC heap after
Heap after GC invocations=57 (full 6):
 PSYoungGen      total 1527808K, used 5056K [0x000000066ab00000, 0x00000006cca00000, 0x00000007c0000000)
  eden space 1518080K, 0% used [0x000000066ab00000,0x000000066ab00000,0x00000006c7580000)
  from space 9728K, 51% used [0x00000006c7580000,0x00000006c7a70010,0x00000006c7f00000)
  to   space 9216K, 0% used [0x00000006cc100000,0x00000006cc100000,0x00000006cca00000)
 ParOldGen       total 283136K, used 209769K [0x00000003c0000000, 0x00000003d1480000, 0x000000066ab00000)
  object space 283136K, 74% used [0x00000003c0000000,0x00000003cccda6b0,0x00000003d1480000)
 Metaspace       used 86551K, capacity 87636K, committed 87828K, reserved 1124352K
  class space    used 12252K, capacity 12504K, committed 12604K, reserved 1048576K
}
Event: 54.118 GC heap before
{Heap before GC invocations=58 (full 6):
 PSYoungGen      total 1527808K, used 1523136K [0x000000066ab00000, 0x00000006cca00000, 0x00000007c0000000)
  eden space 1518080K, 100% used [0x000000066ab00000,0x00000006c7580000,0x00000006c7580000)
  from space 9728K, 51% used [0x00000006c7580000,0x00000006c7a70010,0x00000006c7f00000)
  to   space 9216K, 0% used [0x00000006cc100000,0x00000006cc100000,0x00000006cca00000)
 ParOldGen       total 283136K, used 209769K [0x00000003c0000000, 0x00000003d1480000, 0x000000066ab00000)
  object space 283136K, 74% used [0x00000003c0000000,0x00000003cccda6b0,0x00000003d1480000)
 Metaspace       used 86552K, capacity 87636K, committed 87828K, reserved 1124352K
  class space    used 12252K, capacity 12504K, committed 12604K, reserved 1048576K
Event: 54.128 GC heap after
Heap after GC invocations=58 (full 6):
 PSYoungGen      total 1593344K, used 5134K [0x000000066ab00000, 0x00000006cc880000, 0x00000007c0000000)
  eden space 1585664K, 0% used [0x000000066ab00000,0x000000066ab00000,0x00000006cb780000)
  from space 7680K, 66% used [0x00000006cc100000,0x00000006cc603a50,0x00000006cc880000)
  to   space 8704K, 0% used [0x00000006cb780000,0x00000006cb780000,0x00000006cc000000)
 ParOldGen       total 283136K, used 210121K [0x00000003c0000000, 0x00000003d1480000, 0x000000066ab00000)
  object space 283136K, 74% used [0x00000003c0000000,0x00000003ccd326b0,0x00000003d1480000)
 Metaspace       used 86552K, capacity 87636K, committed 87828K, reserved 1124352K
  class space    used 12252K, capacity 12504K, committed 12604K, reserved 1048576K
}
Event: 55.435 GC heap before
{Heap before GC invocations=59 (full 6):
 PSYoungGen      total 1593344K, used 1590798K [0x000000066ab00000, 0x00000006cc880000, 0x00000007c0000000)
  eden space 1585664K, 100% used [0x000000066ab00000,0x00000006cb780000,0x00000006cb780000)
  from space 7680K, 66% used [0x00000006cc100000,0x00000006cc603a50,0x00000006cc880000)
  to   space 8704K, 0% used [0x00000006cb780000,0x00000006cb780000,0x00000006cc000000)
 ParOldGen       total 283136K, used 210121K [0x00000003c0000000, 0x00000003d1480000, 0x000000066ab00000)
  object space 283136K, 74% used [0x00000003c0000000,0x00000003ccd326b0,0x00000003d1480000)
 Metaspace       used 86552K, capacity 87636K, committed 87828K, reserved 1124352K
  class space    used 12252K, capacity 12504K, committed 12604K, reserved 1048576K
Event: 55.445 GC heap after
Heap after GC invocations=59 (full 6):
 PSYoungGen      total 1594368K, used 5294K [0x000000066ab00000, 0x00000006d0c80000, 0x00000007c0000000)
  eden space 1585664K, 0% used [0x000000066ab00000,0x000000066ab00000,0x00000006cb780000)
  from space 8704K, 60% used [0x00000006cb780000,0x00000006cbcaba50,0x00000006cc000000)
  to   space 8704K, 0% used [0x00000006d0400000,0x00000006d0400000,0x00000006d0c80000)
 ParOldGen       total 283136K, used 210257K [0x00000003c0000000, 0x00000003d1480000, 0x000000066ab00000)
  object space 283136K, 74% used [0x00000003c0000000,0x00000003ccd546b0,0x00000003d1480000)
 Metaspace       used 86552K, capacity 87636K, committed 87828K, reserved 1124352K
  class space    used 12252K, capacity 12504K, committed 12604K, reserved 1048576K
}
Event: 56.721 GC heap before
{Heap before GC invocations=60 (full 6):
 PSYoungGen      total 1594368K, used 1590958K [0x000000066ab00000, 0x00000006d0c80000, 0x00000007c0000000)
  eden space 1585664K, 100% used [0x000000066ab00000,0x00000006cb780000,0x00000006cb780000)
  from space 8704K, 60% used [0x00000006cb780000,0x00000006cbcaba50,0x00000006cc000000)
  to   space 8704K, 0% used [0x00000006d0400000,0x00000006d0400000,0x00000006d0c80000)
 ParOldGen       total 283136K, used 210257K [0x00000003c0000000, 0x00000003d1480000, 0x000000066ab00000)
  object space 283136K, 74% used [0x00000003c0000000,0x00000003ccd546b0,0x00000003d1480000)
 Metaspace       used 86562K, capacity 87636K, committed 87828K, reserved 1124352K
  class space    used 12252K, capacity 12504K, committed 12604K, reserved 1048576K
Event: 56.731 GC heap after
Heap after GC invocations=60 (full 6):
 PSYoungGen      total 1662976K, used 5454K [0x000000066ab00000, 0x00000006d0b80000, 0x00000007c0000000)
  eden space 1655296K, 0% used [0x000000066ab00000,0x000000066ab00000,0x00000006cfb80000)
  from space 7680K, 71% used [0x00000006d0400000,0x00000006d0953a50,0x00000006d0b80000)
  to   space 8192K, 0% used [0x00000006cfb80000,0x00000006cfb80000,0x00000006d0380000)
 ParOldGen       total 283136K, used 210433K [0x00000003c0000000, 0x00000003d1480000, 0x000000066ab00000)
  object space 283136K, 74% used [0x00000003c0000000,0x00000003ccd806b0,0x00000003d1480000)
 Metaspace       used 86562K, capacity 87636K, committed 87828K, reserved 1124352K
  class space    used 12252K, capacity 12504K, committed 12604K, reserved 1048576K
}
Event: 58.108 GC heap before
{Heap before GC invocations=61 (full 6):
 PSYoungGen      total 1662976K, used 1660750K [0x000000066ab00000, 0x00000006d0b80000, 0x00000007c0000000)
  eden space 1655296K, 100% used [0x000000066ab00000,0x00000006cfb80000,0x00000006cfb80000)
  from space 7680K, 71% used [0x00000006d0400000,0x00000006d0953a50,0x00000006d0b80000)
  to   space 8192K, 0% used [0x00000006cfb80000,0x00000006cfb80000,0x00000006d0380000)
 ParOldGen       total 283136K, used 210433K [0x00000003c0000000, 0x00000003d1480000, 0x000000066ab00000)
  object space 283136K, 74% used [0x00000003c0000000,0x00000003ccd806b0,0x00000003d1480000)
 Metaspace       used 86562K, capacity 87636K, committed 87828K, reserved 1124352K
  class space    used 12252K, capacity 12504K, committed 12604K, reserved 1048576K
Event: 58.118 GC heap after
Heap after GC invocations=61 (full 6):
 PSYoungGen      total 1663488K, used 5390K [0x000000066ab00000, 0x00000006d5100000, 0x00000007c0000000)
  eden space 1655296K, 0% used [0x000000066ab00000,0x000000066ab00000,0x00000006cfb80000)
  from space 8192K, 65% used [0x00000006cfb80000,0x00000006d00c3a50,0x00000006d0380000)
  to   space 8192K, 0% used [0x00000006d4900000,0x00000006d4900000,0x00000006d5100000)
 ParOldGen       total 283136K, used 210665K [0x00000003c0000000, 0x00000003d1480000, 0x000000066ab00000)
  object space 283136K, 74% used [0x00000003c0000000,0x00000003ccdba6b0,0x00000003d1480000)
 Metaspace       used 86562K, capacity 87636K, committed 87828K, reserved 1124352K
  class space    used 12252K, capacity 12504K, committed 12604K, reserved 1048576K
}
Event: 59.483 GC heap before
{Heap before GC invocations=62 (full 6):
 PSYoungGen      total 1663488K, used 1660686K [0x000000066ab00000, 0x00000006d5100000, 0x00000007c0000000)
  eden space 1655296K, 100% used [0x000000066ab00000,0x00000006cfb80000,0x00000006cfb80000)
  from space 8192K, 65% used [0x00000006cfb80000,0x00000006d00c3a50,0x00000006d0380000)
  to   space 8192K, 0% used [0x00000006d4900000,0x00000006d4900000,0x00000006d5100000)
 ParOldGen       total 283136K, used 210665K [0x00000003c0000000, 0x00000003d1480000, 0x000000066ab00000)
  object space 283136K, 74% used [0x00000003c0000000,0x00000003ccdba6b0,0x00000003d1480000)
 Metaspace       used 86562K, capacity 87636K, committed 87828K, reserved 1124352K
  class space    used 12252K, capacity 12504K, committed 12604K, reserved 1048576K
Event: 59.494 GC heap after
Heap after GC invocations=62 (full 6):
 PSYoungGen      total 1734656K, used 5838K [0x000000066ab00000, 0x00000006d5180000, 0x00000007c0000000)
  eden space 1726464K, 0% used [0x000000066ab00000,0x000000066ab00000,0x00000006d4100000)
  from space 8192K, 71% used [0x00000006d4900000,0x00000006d4eb3a50,0x00000006d5100000)
  to   space 8192K, 0% used [0x00000006d4100000,0x00000006d4100000,0x00000006d4900000)
 ParOldGen       total 283136K, used 210905K [0x00000003c0000000, 0x00000003d1480000, 0x000000066ab00000)
  object space 283136K, 74% used [0x00000003c0000000,0x00000003ccdf66b0,0x00000003d1480000)
 Metaspace       used 86562K, capacity 87636K, committed 87828K, reserved 1124352K
  class space    used 12252K, capacity 12504K, committed 12604K, reserved 1048576K
}
Event: 60.934 GC heap before
{Heap before GC invocations=63 (full 6):
 PSYoungGen      total 1734656K, used 1732302K [0x000000066ab00000, 0x00000006d5180000, 0x00000007c0000000)
  eden space 1726464K, 100% used [0x000000066ab00000,0x00000006d4100000,0x00000006d4100000)
  from space 8192K, 71% used [0x00000006d4900000,0x00000006d4eb3a50,0x00000006d5100000)
  to   space 8192K, 0% used [0x00000006d4100000,0x00000006d4100000,0x00000006d4900000)
 ParOldGen       total 283136K, used 210905K [0x00000003c0000000, 0x00000003d1480000, 0x000000066ab00000)
  object space 283136K, 74% used [0x00000003c0000000,0x00000003ccdf66b0,0x00000003d1480000)
 Metaspace       used 86566K, capacity 87700K, committed 87828K, reserved 1124352K
  class space    used 12252K, capacity 12504K, committed 12604K, reserved 1048576K
Event: 60.944 GC heap after
Heap after GC invocations=63 (full 6):
 PSYoungGen      total 1734656K, used 5486K [0x000000066ab00000, 0x00000006d9580000, 0x00000007c0000000)
  eden space 1726464K, 0% used [0x000000066ab00000,0x000000066ab00000,0x00000006d4100000)
  from space 8192K, 66% used [0x00000006d4100000,0x00000006d465ba50,0x00000006d4900000)
  to   space 8192K, 0% used [0x00000006d8d80000,0x00000006d8d80000,0x00000006d9580000)
 ParOldGen       total 283136K, used 211073K [0x00000003c0000000, 0x00000003d1480000, 0x000000066ab00000)
  object space 283136K, 74% used [0x00000003c0000000,0x00000003cce206b0,0x00000003d1480000)
 Metaspace       used 86566K, capacity 87700K, committed 87828K, reserved 1124352K
  class space    used 12252K, capacity 12504K, committed 12604K, reserved 1048576K
}
Event: 62.344 GC heap before
{Heap before GC invocations=64 (full 6):
 PSYoungGen      total 1734656K, used 1731950K [0x000000066ab00000, 0x00000006d9580000, 0x00000007c0000000)
  eden space 1726464K, 100% used [0x000000066ab00000,0x00000006d4100000,0x00000006d4100000)
  from space 8192K, 66% used [0x00000006d4100000,0x00000006d465ba50,0x00000006d4900000)
  to   space 8192K, 0% used [0x00000006d8d80000,0x00000006d8d80000,0x00000006d9580000)
 ParOldGen       total 283136K, used 211073K [0x00000003c0000000, 0x00000003d1480000, 0x000000066ab00000)
  object space 283136K, 74% used [0x00000003c0000000,0x00000003cce206b0,0x00000003d1480000)
 Metaspace       used 86566K, capacity 87700K, committed 87828K, reserved 1124352K
  class space    used 12252K, capacity 12504K, committed 12604K, reserved 1048576K
Event: 62.356 GC heap after
Heap after GC invocations=64 (full 6):
 PSYoungGen      total 1804800K, used 6670K [0x000000066ab00000, 0x00000006d9700000, 0x00000007c0000000)
  eden space 1796608K, 0% used [0x000000066ab00000,0x000000066ab00000,0x00000006d8580000)
  from space 8192K, 81% used [0x00000006d8d80000,0x00000006d9403a50,0x00000006d9580000)
  to   space 8192K, 0% used [0x00000006d8580000,0x00000006d8580000,0x00000006d8d80000)
 ParOldGen       total 283136K, used 211297K [0x00000003c0000000, 0x00000003d1480000, 0x000000066ab00000)
  object space 283136K, 74% used [0x00000003c0000000,0x00000003cce586b0,0x00000003d1480000)
 Metaspace       used 86566K, capacity 87700K, committed 87828K, reserved 1124352K
  class space    used 12252K, capacity 12504K, committed 12604K, reserved 1048576K
}
Event: 63.806 GC heap before
{Heap before GC invocations=65 (full 6):
 PSYoungGen      total 1804800K, used 1803278K [0x000000066ab00000, 0x00000006d9700000, 0x00000007c0000000)
  eden space 1796608K, 100% used [0x000000066ab00000,0x00000006d8580000,0x00000006d8580000)
  from space 8192K, 81% used [0x00000006d8d80000,0x00000006d9403a50,0x00000006d9580000)
  to   space 8192K, 0% used [0x00000006d8580000,0x00000006d8580000,0x00000006d8d80000)
 ParOldGen       total 283136K, used 211297K [0x00000003c0000000, 0x00000003d1480000, 0x000000066ab00000)
  object space 283136K, 74% used [0x00000003c0000000,0x00000003cce586b0,0x00000003d1480000)
 Metaspace       used 86566K, capacity 87700K, committed 87828K, reserved 1124352K
  class space    used 12252K, capacity 12504K, committed 12604K, reserved 1048576K
Event: 63.817 GC heap after
Heap after GC invocations=65 (full 6):
 PSYoungGen      total 1804800K, used 4654K [0x000000066ab00000, 0x00000006dde00000, 0x00000007c0000000)
  eden space 1796608K, 0% used [0x000000066ab00000,0x000000066ab00000,0x00000006d8580000)
  from space 8192K, 56% used [0x00000006d8580000,0x00000006d8a0ba40,0x00000006d8d80000)
  to   space 8192K, 0% used [0x00000006dd600000,0x00000006dd600000,0x00000006dde00000)
 ParOldGen       total 283136K, used 212625K [0x00000003c0000000, 0x00000003d1480000, 0x000000066ab00000)
  object space 283136K, 75% used [0x00000003c0000000,0x00000003ccfa46c0,0x00000003d1480000)
 Metaspace       used 86566K, capacity 87700K, committed 87828K, reserved 1124352K
  class space    used 12252K, capacity 12504K, committed 12604K, reserved 1048576K
}
Event: 65.247 GC heap before
{Heap before GC invocations=66 (full 6):
 PSYoungGen      total 1804800K, used 1801262K [0x000000066ab00000, 0x00000006dde00000, 0x00000007c0000000)
  eden space 1796608K, 100% used [0x000000066ab00000,0x00000006d8580000,0x00000006d8580000)
  from space 8192K, 56% used [0x00000006d8580000,0x00000006d8a0ba40,0x00000006d8d80000)
  to   space 8192K, 0% used [0x00000006dd600000,0x00000006dd600000,0x00000006dde00000)
 ParOldGen       total 283136K, used 212625K [0x00000003c0000000, 0x00000003d1480000, 0x000000066ab00000)
  object space 283136K, 75% used [0x00000003c0000000,0x00000003ccfa46c0,0x00000003d1480000)
 Metaspace       used 86566K, capacity 87700K, committed 87828K, reserved 1124352K
  class space    used 12252K, capacity 12504K, committed 12604K, reserved 1048576K
Event: 65.259 GC heap after
Heap after GC invocations=66 (full 6):
 PSYoungGen      total 1879040K, used 4526K [0x000000066ab00000, 0x00000006ddf00000, 0x00000007c0000000)
  eden space 1870848K, 0% used [0x000000066ab00000,0x000000066ab00000,0x00000006dce00000)
  from space 8192K, 55% used [0x00000006dd600000,0x00000006dda6ba40,0x00000006dde00000)
  to   space 8192K, 0% used [0x00000006dce00000,0x00000006dce00000,0x00000006dd600000)
 ParOldGen       total 283136K, used 212753K [0x00000003c0000000, 0x00000003d1480000, 0x000000066ab00000)
  object space 283136K, 75% used [0x00000003c0000000,0x00000003ccfc46c0,0x00000003d1480000)
 Metaspace       used 86566K, capacity 87700K, committed 87828K, reserved 1124352K
  class space    used 12252K, capacity 12504K, committed 12604K, reserved 1048576K
}
Event: 66.786 GC heap before
{Heap before GC invocations=67 (full 6):
 PSYoungGen      total 1879040K, used 1875374K [0x000000066ab00000, 0x00000006ddf00000, 0x00000007c0000000)
  eden space 1870848K, 100% used [0x000000066ab00000,0x00000006dce00000,0x00000006dce00000)
  from space 8192K, 55% used [0x00000006dd600000,0x00000006dda6ba40,0x00000006dde00000)
  to   space 8192K, 0% used [0x00000006dce00000,0x00000006dce00000,0x00000006dd600000)
 ParOldGen       total 283136K, used 212753K [0x00000003c0000000, 0x00000003d1480000, 0x000000066ab00000)
  object space 283136K, 75% used [0x00000003c0000000,0x00000003ccfc46c0,0x00000003d1480000)
 Metaspace       used 86567K, capacity 87700K, committed 87828K, reserved 1124352K
  class space    used 12252K, capacity 12504K, committed 12604K, reserved 1048576K
Event: 66.799 GC heap after
Heap after GC invocations=67 (full 6):
 PSYoungGen      total 1879040K, used 4814K [0x000000066ab00000, 0x00000006e2a80000, 0x00000007c0000000)
  eden space 1870848K, 0% used [0x000000066ab00000,0x000000066ab00000,0x00000006dce00000)
  from space 8192K, 58% used [0x00000006dce00000,0x00000006dd2b3a40,0x00000006dd600000)
  to   space 7680K, 0% used [0x00000006e2300000,0x00000006e2300000,0x00000006e2a80000)
 ParOldGen       total 283136K, used 212937K [0x00000003c0000000, 0x00000003d1480000, 0x000000066ab00000)
  object space 283136K, 75% used [0x00000003c0000000,0x00000003ccff26c0,0x00000003d1480000)
 Metaspace       used 86567K, capacity 87700K, committed 87828K, reserved 1124352K
  class space    used 12252K, capacity 12504K, committed 12604K, reserved 1048576K
}
Event: 68.318 GC heap before
{Heap before GC invocations=68 (full 6):
 PSYoungGen      total 1879040K, used 1875662K [0x000000066ab00000, 0x00000006e2a80000, 0x00000007c0000000)
  eden space 1870848K, 100% used [0x000000066ab00000,0x00000006dce00000,0x00000006dce00000)
  from space 8192K, 58% used [0x00000006dce00000,0x00000006dd2b3a40,0x00000006dd600000)
  to   space 7680K, 0% used [0x00000006e2300000,0x00000006e2300000,0x00000006e2a80000)
 ParOldGen       total 283136K, used 212937K [0x00000003c0000000, 0x00000003d1480000, 0x000000066ab00000)
  object space 283136K, 75% used [0x00000003c0000000,0x00000003ccff26c0,0x00000003d1480000)
 Metaspace       used 86567K, capacity 87700K, committed 87828K, reserved 1124352K
  class space    used 12252K, capacity 12504K, committed 12604K, reserved 1048576K
Event: 68.331 GC heap after
Heap after GC invocations=68 (full 6):
 PSYoungGen      total 1957888K, used 4718K [0x000000066ab00000, 0x00000006e2c00000, 0x00000007c0000000)
  eden space 1950208K, 0% used [0x000000066ab00000,0x000000066ab00000,0x00000006e1b80000)
  from space 7680K, 61% used [0x00000006e2300000,0x00000006e279ba40,0x00000006e2a80000)
  to   space 7680K, 0% used [0x00000006e1b80000,0x00000006e1b80000,0x00000006e2300000)
 ParOldGen       total 283136K, used 213241K [0x00000003c0000000, 0x00000003d1480000, 0x000000066ab00000)
  object space 283136K, 75% used [0x00000003c0000000,0x00000003cd03e6c0,0x00000003d1480000)
 Metaspace       used 86567K, capacity 87700K, committed 87828K, reserved 1124352K
  class space    used 12252K, capacity 12504K, committed 12604K, reserved 1048576K
}
Event: 69.947 GC heap before
{Heap before GC invocations=69 (full 6):
 PSYoungGen      total 1957888K, used 1954926K [0x000000066ab00000, 0x00000006e2c00000, 0x00000007c0000000)
  eden space 1950208K, 100% used [0x000000066ab00000,0x00000006e1b80000,0x00000006e1b80000)
  from space 7680K, 61% used [0x00000006e2300000,0x00000006e279ba40,0x00000006e2a80000)
  to   space 7680K, 0% used [0x00000006e1b80000,0x00000006e1b80000,0x00000006e2300000)
 ParOldGen       total 283136K, used 213241K [0x00000003c0000000, 0x00000003d1480000, 0x000000066ab00000)
  object space 283136K, 75% used [0x00000003c0000000,0x00000003cd03e6c0,0x00000003d1480000)
 Metaspace       used 86568K, capacity 87700K, committed 87828K, reserved 1124352K
  class space    used 12252K, capacity 12504K, committed 12604K, reserved 1048576K
Event: 69.959 GC heap after
Heap after GC invocations=69 (full 6):
 PSYoungGen      total 1957888K, used 4686K [0x000000066ab00000, 0x00000006e7c80000, 0x00000007c0000000)
  eden space 1950208K, 0% used [0x000000066ab00000,0x000000066ab00000,0x00000006e1b80000)
  from space 7680K, 61% used [0x00000006e1b80000,0x00000006e2013a40,0x00000006e2300000)
  to   space 7680K, 0% used [0x00000006e7500000,0x00000006e7500000,0x00000006e7c80000)
 ParOldGen       total 283136K, used 213401K [0x00000003c0000000, 0x00000003d1480000, 0x000000066ab00000)
  object space 283136K, 75% used [0x00000003c0000000,0x00000003cd0666c0,0x00000003d1480000)
 Metaspace       used 86568K, capacity 87700K, committed 87828K, reserved 1124352K
  class space    used 12252K, capacity 12504K, committed 12604K, reserved 1048576K
}
Event: 71.539 GC heap before
{Heap before GC invocations=70 (full 6):
 PSYoungGen      total 1957888K, used 1954894K [0x000000066ab00000, 0x00000006e7c80000, 0x00000007c0000000)
  eden space 1950208K, 100% used [0x000000066ab00000,0x00000006e1b80000,0x00000006e1b80000)
  from space 7680K, 61% used [0x00000006e1b80000,0x00000006e2013a40,0x00000006e2300000)
  to   space 7680K, 0% used [0x00000006e7500000,0x00000006e7500000,0x00000006e7c80000)
 ParOldGen       total 283136K, used 213401K [0x00000003c0000000, 0x00000003d1480000, 0x000000066ab00000)
  object space 283136K, 75% used [0x00000003c0000000,0x00000003cd0666c0,0x00000003d1480000)
 Metaspace       used 86570K, capacity 87700K, committed 87828K, reserved 1124352K
  class space    used 12252K, capacity 12504K, committed 12604K, reserved 1048576K
Event: 71.552 GC heap after
Heap after GC invocations=70 (full 6):
 PSYoungGen      total 2041856K, used 4302K [0x000000066ab00000, 0x00000006e7e00000, 0x00000007c0000000)
  eden space 2034176K, 0% used [0x000000066ab00000,0x000000066ab00000,0x00000006e6d80000)
  from space 7680K, 56% used [0x00000006e7500000,0x00000006e7933a40,0x00000006e7c80000)
  to   space 7680K, 0% used [0x00000006e6d80000,0x00000006e6d80000,0x00000006e7500000)
 ParOldGen       total 283136K, used 213921K [0x00000003c0000000, 0x00000003d1480000, 0x000000066ab00000)
  object space 283136K, 75% used [0x00000003c0000000,0x00000003cd0e86c0,0x00000003d1480000)
 Metaspace       used 86570K, capacity 87700K, committed 87828K, reserved 1124352K
  class space    used 12252K, capacity 12504K, committed 12604K, reserved 1048576K
}
Event: 73.212 GC heap before
{Heap before GC invocations=71 (full 6):
 PSYoungGen      total 2041856K, used 2038478K [0x000000066ab00000, 0x00000006e7e00000, 0x00000007c0000000)
  eden space 2034176K, 100% used [0x000000066ab00000,0x00000006e6d80000,0x00000006e6d80000)
  from space 7680K, 56% used [0x00000006e7500000,0x00000006e7933a40,0x00000006e7c80000)
  to   space 7680K, 0% used [0x00000006e6d80000,0x00000006e6d80000,0x00000006e7500000)
 ParOldGen       total 283136K, used 213921K [0x00000003c0000000, 0x00000003d1480000, 0x000000066ab00000)
  object space 283136K, 75% used [0x00000003c0000000,0x00000003cd0e86c0,0x00000003d1480000)
 Metaspace       used 86570K, capacity 87700K, committed 87828K, reserved 1124352K
  class space    used 12252K, capacity 12504K, committed 12604K, reserved 1048576K
Event: 73.224 GC heap after
Heap after GC invocations=71 (full 6):
 PSYoungGen      total 2041856K, used 4462K [0x000000066ab00000, 0x00000006ed080000, 0x00000007c0000000)
  eden space 2034176K, 0% used [0x000000066ab00000,0x000000066ab00000,0x00000006e6d80000)
  from space 7680K, 58% used [0x00000006e6d80000,0x00000006e71dba40,0x00000006e7500000)
  to   space 7168K, 0% used [0x00000006ec980000,0x00000006ec980000,0x00000006ed080000)
 ParOldGen       total 283136K, used 214121K [0x00000003c0000000, 0x00000003d1480000, 0x000000066ab00000)
  object space 283136K, 75% used [0x00000003c0000000,0x00000003cd11a6c0,0x00000003d1480000)
 Metaspace       used 86570K, capacity 87700K, committed 87828K, reserved 1124352K
  class space    used 12252K, capacity 12504K, committed 12604K, reserved 1048576K
}
Event: 74.840 GC heap before
{Heap before GC invocations=72 (full 6):
 PSYoungGen      total 2041856K, used 2038638K [0x000000066ab00000, 0x00000006ed080000, 0x00000007c0000000)
  eden space 2034176K, 100% used [0x000000066ab00000,0x00000006e6d80000,0x00000006e6d80000)
  from space 7680K, 58% used [0x00000006e6d80000,0x00000006e71dba40,0x00000006e7500000)
  to   space 7168K, 0% used [0x00000006ec980000,0x00000006ec980000,0x00000006ed080000)
 ParOldGen       total 283136K, used 214121K [0x00000003c0000000, 0x00000003d1480000, 0x000000066ab00000)
  object space 283136K, 75% used [0x00000003c0000000,0x00000003cd11a6c0,0x00000003d1480000)
 Metaspace       used 86571K, capacity 87700K, committed 87828K, reserved 1124352K
  class space    used 12252K, capacity 12504K, committed 12604K, reserved 1048576K
Event: 74.852 GC heap after
Heap after GC invocations=72 (full 6):
 PSYoungGen      total 2126336K, used 5006K [0x000000066ab00000, 0x00000006ecf80000, 0x00000007c0000000)
  eden space 2120192K, 0% used [0x000000066ab00000,0x000000066ab00000,0x00000006ec180000)
  from space 6144K, 81% used [0x00000006ec980000,0x00000006ece63a40,0x00000006ecf80000)
  to   space 7168K, 0% used [0x00000006ec180000,0x00000006ec180000,0x00000006ec880000)
 ParOldGen       total 283136K, used 214345K [0x00000003c0000000, 0x00000003d1480000, 0x000000066ab00000)
  object space 283136K, 75% used [0x00000003c0000000,0x00000003cd1526c0,0x00000003d1480000)
 Metaspace       used 86571K, capacity 87700K, committed 87828K, reserved 1124352K
  class space    used 12252K, capacity 12504K, committed 12604K, reserved 1048576K
}
Event: 76.554 GC heap before
{Heap before GC invocations=73 (full 6):
 PSYoungGen      total 2126336K, used 2125198K [0x000000066ab00000, 0x00000006ecf80000, 0x00000007c0000000)
  eden space 2120192K, 100% used [0x000000066ab00000,0x00000006ec180000,0x00000006ec180000)
  from space 6144K, 81% used [0x00000006ec980000,0x00000006ece63a40,0x00000006ecf80000)
  to   space 7168K, 0% used [0x00000006ec180000,0x00000006ec180000,0x00000006ec880000)
 ParOldGen       total 283136K, used 214345K [0x00000003c0000000, 0x00000003d1480000, 0x000000066ab00000)
  object space 283136K, 75% used [0x00000003c0000000,0x00000003cd1526c0,0x00000003d1480000)
 Metaspace       used 86571K, capacity 87700K, committed 87828K, reserved 1124352K
  class space    used 12252K, capacity 12504K, committed 12604K, reserved 1048576K
Event: 76.568 GC heap after
Heap after GC invocations=73 (full 6):
 PSYoungGen      total 2127360K, used 4288K [0x000000066ab00000, 0x00000006f2780000, 0x00000007c0000000)
  eden space 2120192K, 0% used [0x000000066ab00000,0x000000066ab00000,0x00000006ec180000)
  from space 7168K, 59% used [0x00000006ec180000,0x00000006ec5b0000,0x00000006ec880000)
  to   space 7168K, 0% used [0x00000006f2080000,0x00000006f2080000,0x00000006f2780000)
 ParOldGen       total 283136K, used 214752K [0x00000003c0000000, 0x00000003d1480000, 0x000000066ab00000)
  object space 283136K, 75% used [0x00000003c0000000,0x00000003cd1b8100,0x00000003d1480000)
 Metaspace       used 86571K, capacity 87700K, committed 87828K, reserved 1124352K
  class space    used 12252K, capacity 12504K, committed 12604K, reserved 1048576K
}
Event: 78.226 GC heap before
{Heap before GC invocations=74 (full 6):
 PSYoungGen      total 2127360K, used 2124480K [0x000000066ab00000, 0x00000006f2780000, 0x00000007c0000000)
  eden space 2120192K, 100% used [0x000000066ab00000,0x00000006ec180000,0x00000006ec180000)
  from space 7168K, 59% used [0x00000006ec180000,0x00000006ec5b0000,0x00000006ec880000)
  to   space 7168K, 0% used [0x00000006f2080000,0x00000006f2080000,0x00000006f2780000)
 ParOldGen       total 283136K, used 214752K [0x00000003c0000000, 0x00000003d1480000, 0x000000066ab00000)
  object space 283136K, 75% used [0x00000003c0000000,0x00000003cd1b8100,0x00000003d1480000)
 Metaspace       used 86571K, capacity 87700K, committed 87828K, reserved 1124352K
  class space    used 12252K, capacity 12504K, committed 12604K, reserved 1048576K
Event: 78.238 GC heap after
Heap after GC invocations=74 (full 6):
 PSYoungGen      total 2214400K, used 4256K [0x000000066ab00000, 0x00000006f2600000, 0x00000007c0000000)
  eden space 2208768K, 0% used [0x000000066ab00000,0x000000066ab00000,0x00000006f1800000)
  from space 5632K, 75% used [0x00000006f2080000,0x00000006f24a8000,0x00000006f2600000)
  to   space 7168K, 0% used [0x00000006f1800000,0x00000006f1800000,0x00000006f1f00000)
 ParOldGen       total 283136K, used 215008K [0x00000003c0000000, 0x00000003d1480000, 0x000000066ab00000)
  object space 283136K, 75% used [0x00000003c0000000,0x00000003cd1f8100,0x00000003d1480000)
 Metaspace       used 86571K, capacity 87700K, committed 87828K, reserved 1124352K
  class space    used 12252K, capacity 12504K, committed 12604K, reserved 1048576K
}
Event: 80.017 GC heap before
{Heap before GC invocations=75 (full 6):
 PSYoungGen      total 2214400K, used 2213024K [0x000000066ab00000, 0x00000006f2600000, 0x00000007c0000000)
  eden space 2208768K, 100% used [0x000000066ab00000,0x00000006f1800000,0x00000006f1800000)
  from space 5632K, 75% used [0x00000006f2080000,0x00000006f24a8000,0x00000006f2600000)
  to   space 7168K, 0% used [0x00000006f1800000,0x00000006f1800000,0x00000006f1f00000)
 ParOldGen       total 283136K, used 215008K [0x00000003c0000000, 0x00000003d1480000, 0x000000066ab00000)
  object space 283136K, 75% used [0x00000003c0000000,0x00000003cd1f8100,0x00000003d1480000)
 Metaspace       used 86571K, capacity 87700K, committed 87828K, reserved 1124352K
  class space    used 12252K, capacity 12504K, committed 12604K, reserved 1048576K
Event: 80.030 GC heap after
Heap after GC invocations=75 (full 6):
 PSYoungGen      total 2215936K, used 6560K [0x000000066ab00000, 0x00000006f7f00000, 0x00000007c0000000)
  eden space 2208768K, 0% used [0x000000066ab00000,0x000000066ab00000,0x00000006f1800000)
  from space 7168K, 91% used [0x00000006f1800000,0x00000006f1e68010,0x00000006f1f00000)
  to   space 7168K, 0% used [0x00000006f7800000,0x00000006f7800000,0x00000006f7f00000)
 ParOldGen       total 283136K, used 215344K [0x00000003c0000000, 0x00000003d1480000, 0x000000066ab00000)
  object space 283136K, 76% used [0x00000003c0000000,0x00000003cd24c100,0x00000003d1480000)
 Metaspace       used 86571K, capacity 87700K, committed 87828K, reserved 1124352K
  class space    used 12252K, capacity 12504K, committed 12604K, reserved 1048576K
}
Event: 81.781 GC heap before
{Heap before GC invocations=76 (full 6):
 PSYoungGen      total 2215936K, used 2215328K [0x000000066ab00000, 0x00000006f7f00000, 0x00000007c0000000)
  eden space 2208768K, 100% used [0x000000066ab00000,0x00000006f1800000,0x00000006f1800000)
  from space 7168K, 91% used [0x00000006f1800000,0x00000006f1e68010,0x00000006f1f00000)
  to   space 7168K, 0% used [0x00000006f7800000,0x00000006f7800000,0x00000006f7f00000)
 ParOldGen       total 283136K, used 215344K [0x00000003c0000000, 0x00000003d1480000, 0x000000066ab00000)
  object space 283136K, 76% used [0x00000003c0000000,0x00000003cd24c100,0x00000003d1480000)
 Metaspace       used 86571K, capacity 87700K, committed 87828K, reserved 1124352K
  class space    used 12252K, capacity 12504K, committed 12604K, reserved 1048576K
Event: 81.792 GC heap after
Heap after GC invocations=76 (full 6):
 PSYoungGen      total 2304000K, used 6592K [0x000000066ab00000, 0x00000006f7e80000, 0x00000007c0000000)
  eden space 2297344K, 0% used [0x000000066ab00000,0x000000066ab00000,0x00000006f6e80000)
  from space 6656K, 99% used [0x00000006f7800000,0x00000006f7e70010,0x00000006f7e80000)
  to   space 7680K, 0% used [0x00000006f6f80000,0x00000006f6f80000,0x00000006f7700000)
 ParOldGen       total 283136K, used 215528K [0x00000003c0000000, 0x00000003d1480000, 0x000000066ab00000)
  object space 283136K, 76% used [0x00000003c0000000,0x00000003cd27a100,0x00000003d1480000)
 Metaspace       used 86571K, capacity 87700K, committed 87828K, reserved 1124352K
  class space    used 12252K, capacity 12504K, committed 12604K, reserved 1048576K
}
Event: 83.643 GC heap before
{Heap before GC invocations=77 (full 6):
 PSYoungGen      total 2304000K, used 2303936K [0x000000066ab00000, 0x00000006f7e80000, 0x00000007c0000000)
  eden space 2297344K, 100% used [0x000000066ab00000,0x00000006f6e80000,0x00000006f6e80000)
  from space 6656K, 99% used [0x00000006f7800000,0x00000006f7e70010,0x00000006f7e80000)
  to   space 7680K, 0% used [0x00000006f6f80000,0x00000006f6f80000,0x00000006f7700000)
 ParOldGen       total 283136K, used 215528K [0x00000003c0000000, 0x00000003d1480000, 0x000000066ab00000)
  object space 283136K, 76% used [0x00000003c0000000,0x00000003cd27a100,0x00000003d1480000)
 Metaspace       used 86574K, capacity 87700K, committed 87828K, reserved 1124352K
  class space    used 12252K, capacity 12504K, committed 12604K, reserved 1048576K
Event: 83.655 GC heap after
Heap after GC invocations=77 (full 6):
 PSYoungGen      total 2306048K, used 6560K [0x000000066ab00000, 0x00000006fd580000, 0x00000007c0000000)
  eden space 2298368K, 0% used [0x000000066ab00000,0x000000066ab00000,0x00000006f6f80000)
  from space 7680K, 85% used [0x00000006f6f80000,0x00000006f75e8010,0x00000006f7700000)
  to   space 8192K, 0% used [0x00000006fcd80000,0x00000006fcd80000,0x00000006fd580000)
 ParOldGen       total 283136K, used 215800K [0x00000003c0000000, 0x00000003d1480000, 0x000000066ab00000)
  object space 283136K, 76% used [0x00000003c0000000,0x00000003cd2be100,0x00000003d1480000)
 Metaspace       used 86574K, capacity 87700K, committed 87828K, reserved 1124352K
  class space    used 12252K, capacity 12504K, committed 12604K, reserved 1048576K
}
Event: 85.433 GC heap before
{Heap before GC invocations=78 (full 6):
 PSYoungGen      total 2306048K, used 2304928K [0x000000066ab00000, 0x00000006fd580000, 0x00000007c0000000)
  eden space 2298368K, 100% used [0x000000066ab00000,0x00000006f6f80000,0x00000006f6f80000)
  from space 7680K, 85% used [0x00000006f6f80000,0x00000006f75e8010,0x00000006f7700000)
  to   space 8192K, 0% used [0x00000006fcd80000,0x00000006fcd80000,0x00000006fd580000)
 ParOldGen       total 283136K, used 215800K [0x00000003c0000000, 0x00000003d1480000, 0x000000066ab00000)
  object space 283136K, 76% used [0x00000003c0000000,0x00000003cd2be100,0x00000003d1480000)
 Metaspace       used 86574K, capacity 87700K, committed 87828K, reserved 1124352K
  class space    used 12252K, capacity 12504K, committed 12604K, reserved 1048576K
Event: 85.444 GC heap after
Heap after GC invocations=78 (full 6):
 PSYoungGen      total 2393600K, used 6848K [0x000000066ab00000, 0x00000006fd500000, 0x00000007c0000000)
  eden space 2385920K, 0% used [0x000000066ab00000,0x000000066ab00000,0x00000006fc500000)
  from space 7680K, 89% used [0x00000006fcd80000,0x00000006fd430010,0x00000006fd500000)
  to   space 8192K, 0% used [0x00000006fc500000,0x00000006fc500000,0x00000006fcd00000)
 ParOldGen       total 283136K, used 215992K [0x00000003c0000000, 0x00000003d1480000, 0x000000066ab00000)
  object space 283136K, 76% used [0x00000003c0000000,0x00000003cd2ee100,0x00000003d1480000)
 Metaspace       used 86574K, capacity 87700K, committed 87828K, reserved 1124352K
  class space    used 12252K, capacity 12504K, committed 12604K, reserved 1048576K
}
Event: 87.308 GC heap before
{Heap before GC invocations=79 (full 6):
 PSYoungGen      total 2393600K, used 2392768K [0x000000066ab00000, 0x00000006fd500000, 0x00000007c0000000)
  eden space 2385920K, 100% used [0x000000066ab00000,0x00000006fc500000,0x00000006fc500000)
  from space 7680K, 89% used [0x00000006fcd80000,0x00000006fd430010,0x00000006fd500000)
  to   space 8192K, 0% used [0x00000006fc500000,0x00000006fc500000,0x00000006fcd00000)
 ParOldGen       total 283136K, used 215992K [0x00000003c0000000, 0x00000003d1480000, 0x000000066ab00000)
  object space 283136K, 76% used [0x00000003c0000000,0x00000003cd2ee100,0x00000003d1480000)
 Metaspace       used 86582K, capacity 87700K, committed 87828K, reserved 1124352K
  class space    used 12252K, capacity 12504K, committed 12604K, reserved 1048576K
Event: 87.320 GC heap after
Heap after GC invocations=79 (full 6):
 PSYoungGen      total 2394112K, used 7104K [0x000000066ab00000, 0x0000000702d80000, 0x00000007c0000000)
  eden space 2385920K, 0% used [0x000000066ab00000,0x000000066ab00000,0x00000006fc500000)
  from space 8192K, 86% used [0x00000006fc500000,0x00000006fcbf0010,0x00000006fcd00000)
  to   space 8704K, 0% used [0x0000000702500000,0x0000000702500000,0x0000000702d80000)
 ParOldGen       total 283136K, used 216248K [0x00000003c0000000, 0x00000003d1480000, 0x000000066ab00000)
  object space 283136K, 76% used [0x00000003c0000000,0x00000003cd32e100,0x00000003d1480000)
 Metaspace       used 86582K, capacity 87700K, committed 87828K, reserved 1124352K
  class space    used 12252K, capacity 12504K, committed 12604K, reserved 1048576K
}
Event: 89.204 GC heap before
{Heap before GC invocations=80 (full 6):
 PSYoungGen      total 2394112K, used 2393024K [0x000000066ab00000, 0x0000000702d80000, 0x00000007c0000000)
  eden space 2385920K, 100% used [0x000000066ab00000,0x00000006fc500000,0x00000006fc500000)
  from space 8192K, 86% used [0x00000006fc500000,0x00000006fcbf0010,0x00000006fcd00000)
  to   space 8704K, 0% used [0x0000000702500000,0x0000000702500000,0x0000000702d80000)
 ParOldGen       total 283136K, used 216248K [0x00000003c0000000, 0x00000003d1480000, 0x000000066ab00000)
  object space 283136K, 76% used [0x00000003c0000000,0x00000003cd32e100,0x00000003d1480000)
 Metaspace       used 86582K, capacity 87700K, committed 87828K, reserved 1124352K
  class space    used 12252K, capacity 12504K, committed 12604K, reserved 1048576K
Event: 89.216 GC heap after
Heap after GC invocations=80 (full 6):
 PSYoungGen      total 2483712K, used 7008K [0x000000066ab00000, 0x0000000702e00000, 0x00000007c0000000)
  eden space 2475008K, 0% used [0x000000066ab00000,0x000000066ab00000,0x0000000701c00000)
  from space 8704K, 80% used [0x0000000702500000,0x0000000702bd8010,0x0000000702d80000)
  to   space 9216K, 0% used [0x0000000701c00000,0x0000000701c00000,0x0000000702500000)
 ParOldGen       total 283136K, used 216464K [0x00000003c0000000, 0x00000003d1480000, 0x000000066ab00000)
  object space 283136K, 76% used [0x00000003c0000000,0x00000003cd364100,0x00000003d1480000)
 Metaspace       used 86582K, capacity 87700K, committed 87828K, reserved 1124352K
  class space    used 12252K, capacity 12504K, committed 12604K, reserved 1048576K
}
Event: 91.168 GC heap before
{Heap before GC invocations=81 (full 6):
 PSYoungGen      total 2483712K, used 2482016K [0x000000066ab00000, 0x0000000702e00000, 0x00000007c0000000)
  eden space 2475008K, 100% used [0x000000066ab00000,0x0000000701c00000,0x0000000701c00000)
  from space 8704K, 80% used [0x0000000702500000,0x0000000702bd8010,0x0000000702d80000)
  to   space 9216K, 0% used [0x0000000701c00000,0x0000000701c00000,0x0000000702500000)
 ParOldGen       total 283136K, used 216464K [0x00000003c0000000, 0x00000003d1480000, 0x000000066ab00000)
  object space 283136K, 76% used [0x00000003c0000000,0x00000003cd364100,0x00000003d1480000)
 Metaspace       used 86582K, capacity 87700K, committed 87828K, reserved 1124352K
  class space    used 12252K, capacity 12504K, committed 12604K, reserved 1048576K
Event: 91.180 GC heap after
Heap after GC invocations=81 (full 6):
 PSYoungGen      total 2484224K, used 7200K [0x000000066ab00000, 0x0000000708700000, 0x00000007c0000000)
  eden space 2475008K, 0% used [0x000000066ab00000,0x000000066ab00000,0x0000000701c00000)
  from space 9216K, 78% used [0x0000000701c00000,0x0000000702308010,0x0000000702500000)
  to   space 9216K, 0% used [0x0000000707e00000,0x0000000707e00000,0x0000000708700000)
 ParOldGen       total 283136K, used 216728K [0x00000003c0000000, 0x00000003d1480000, 0x000000066ab00000)
  object space 283136K, 76% used [0x00000003c0000000,0x00000003cd3a6100,0x00000003d1480000)
 Metaspace       used 86582K, capacity 87700K, committed 87828K, reserved 1124352K
  class space    used 12252K, capacity 12504K, committed 12604K, reserved 1048576K
}
Event: 93.095 GC heap before
{Heap before GC invocations=82 (full 6):
 PSYoungGen      total 2484224K, used 2482208K [0x000000066ab00000, 0x0000000708700000, 0x00000007c0000000)
  eden space 2475008K, 100% used [0x000000066ab00000,0x0000000701c00000,0x0000000701c00000)
  from space 9216K, 78% used [0x0000000701c00000,0x0000000702308010,0x0000000702500000)
  to   space 9216K, 0% used [0x0000000707e00000,0x0000000707e00000,0x0000000708700000)
 ParOldGen       total 283136K, used 216728K [0x00000003c0000000, 0x00000003d1480000, 0x000000066ab00000)
  object space 283136K, 76% used [0x00000003c0000000,0x00000003cd3a6100,0x00000003d1480000)
 Metaspace       used 86582K, capacity 87700K, committed 87828K, reserved 1124352K
  class space    used 12252K, capacity 12504K, committed 12604K, reserved 1048576K
Event: 93.108 GC heap after
Heap after GC invocations=82 (full 6):
 PSYoungGen      total 2575360K, used 7360K [0x000000066ab00000, 0x0000000708700000, 0x00000007c0000000)
  eden space 2566144K, 0% used [0x000000066ab00000,0x000000066ab00000,0x0000000707500000)
  from space 9216K, 79% used [0x0000000707e00000,0x0000000708530010,0x0000000708700000)
  to   space 9216K, 0% used [0x0000000707500000,0x0000000707500000,0x0000000707e00000)
 ParOldGen       total 283136K, used 216928K [0x00000003c0000000, 0x00000003d1480000, 0x000000066ab00000)
  object space 283136K, 76% used [0x00000003c0000000,0x00000003cd3d8100,0x00000003d1480000)
 Metaspace       used 86582K, capacity 87700K, committed 87828K, reserved 1124352K
  class space    used 12252K, capacity 12504K, committed 12604K, reserved 1048576K
}
Event: 95.142 GC heap before
{Heap before GC invocations=83 (full 6):
 PSYoungGen      total 2575360K, used 2573504K [0x000000066ab00000, 0x0000000708700000, 0x00000007c0000000)
  eden space 2566144K, 100% used [0x000000066ab00000,0x0000000707500000,0x0000000707500000)
  from space 9216K, 79% used [0x0000000707e00000,0x0000000708530010,0x0000000708700000)
  to   space 9216K, 0% used [0x0000000707500000,0x0000000707500000,0x0000000707e00000)
 ParOldGen       total 283136K, used 216928K [0x00000003c0000000, 0x00000003d1480000, 0x000000066ab00000)
  object space 283136K, 76% used [0x00000003c0000000,0x00000003cd3d8100,0x00000003d1480000)
 Metaspace       used 86583K, capacity 87700K, committed 87828K, reserved 1124352K
  class space    used 12252K, capacity 12504K, committed 12604K, reserved 1048576K
Event: 95.158 GC heap after
Heap after GC invocations=83 (full 6):
 PSYoungGen      total 2575360K, used 9168K [0x000000066ab00000, 0x000000070e800000, 0x00000007c0000000)
  eden space 2566144K, 0% used [0x000000066ab00000,0x000000066ab00000,0x0000000707500000)
  from space 9216K, 99% used [0x0000000707500000,0x0000000707df4030,0x0000000707e00000)
  to   space 10240K, 0% used [0x000000070de00000,0x000000070de00000,0x000000070e800000)
 ParOldGen       total 283136K, used 217368K [0x00000003c0000000, 0x00000003d1480000, 0x000000066ab00000)
  object space 283136K, 76% used [0x00000003c0000000,0x00000003cd446100,0x00000003d1480000)
 Metaspace       used 86583K, capacity 87700K, committed 87828K, reserved 1124352K
  class space    used 12252K, capacity 12504K, committed 12604K, reserved 1048576K
}
Event: 97.163 GC heap before
{Heap before GC invocations=84 (full 6):
 PSYoungGen      total 2575360K, used 2575312K [0x000000066ab00000, 0x000000070e800000, 0x00000007c0000000)
  eden space 2566144K, 100% used [0x000000066ab00000,0x0000000707500000,0x0000000707500000)
  from space 9216K, 99% used [0x0000000707500000,0x0000000707df4030,0x0000000707e00000)
  to   space 10240K, 0% used [0x000000070de00000,0x000000070de00000,0x000000070e800000)
 ParOldGen       total 283136K, used 217368K [0x00000003c0000000, 0x00000003d1480000, 0x000000066ab00000)
  object space 283136K, 76% used [0x00000003c0000000,0x00000003cd446100,0x00000003d1480000)
 Metaspace       used 86587K, capacity 87700K, committed 87828K, reserved 1124352K
  class space    used 12252K, capacity 12504K, committed 12604K, reserved 1048576K
Event: 97.178 GC heap after
Heap after GC invocations=84 (full 6):
 PSYoungGen      total 2672640K, used 9795K [0x000000066ab00000, 0x000000070ed00000, 0x00000007c0000000)
  eden space 2662400K, 0% used [0x000000066ab00000,0x000000066ab00000,0x000000070d300000)
  from space 10240K, 95% used [0x000000070de00000,0x000000070e790e48,0x000000070e800000)
  to   space 11264K, 0% used [0x000000070d300000,0x000000070d300000,0x000000070de00000)
 ParOldGen       total 283136K, used 217592K [0x00000003c0000000, 0x00000003d1480000, 0x000000066ab00000)
  object space 283136K, 76% used [0x00000003c0000000,0x00000003cd47e100,0x00000003d1480000)
 Metaspace       used 86587K, capacity 87700K, committed 87828K, reserved 1124352K
  class space    used 12252K, capacity 12504K, committed 12604K, reserved 1048576K
}
Event: 99.258 GC heap before
{Heap before GC invocations=85 (full 6):
 PSYoungGen      total 2672640K, used 2672195K [0x000000066ab00000, 0x000000070ed00000, 0x00000007c0000000)
  eden space 2662400K, 100% used [0x000000066ab00000,0x000000070d300000,0x000000070d300000)
  from space 10240K, 95% used [0x000000070de00000,0x000000070e790e48,0x000000070e800000)
  to   space 11264K, 0% used [0x000000070d300000,0x000000070d300000,0x000000070de00000)
 ParOldGen       total 283136K, used 217592K [0x00000003c0000000, 0x00000003d1480000, 0x000000066ab00000)
  object space 283136K, 76% used [0x00000003c0000000,0x00000003cd47e100,0x00000003d1480000)
 Metaspace       used 86587K, capacity 87700K, committed 87828K, reserved 1124352K
  class space    used 12252K, capacity 12504K, committed 12604K, reserved 1048576K
Event: 99.273 GC heap after
Heap after GC invocations=85 (full 6):
 PSYoungGen      total 2673664K, used 7040K [0x000000066ab00000, 0x0000000714e00000, 0x00000007c0000000)
  eden space 2662400K, 0% used [0x000000066ab00000,0x000000066ab00000,0x000000070d300000)
  from space 11264K, 62% used [0x000000070d300000,0x000000070d9e0010,0x000000070de00000)
  to   space 10752K, 0% used [0x0000000714380000,0x0000000714380000,0x0000000714e00000)
 ParOldGen       total 283136K, used 217816K [0x00000003c0000000, 0x00000003d1480000, 0x000000066ab00000)
  object space 283136K, 76% used [0x00000003c0000000,0x00000003cd4b6100,0x00000003d1480000)
 Metaspace       used 86587K, capacity 87700K, committed 87828K, reserved 1124352K
  class space    used 12252K, capacity 12504K, committed 12604K, reserved 1048576K
}
Event: 101.344 GC heap before
{Heap before GC invocations=86 (full 6):
 PSYoungGen      total 2673664K, used 2669440K [0x000000066ab00000, 0x0000000714e00000, 0x00000007c0000000)
  eden space 2662400K, 100% used [0x000000066ab00000,0x000000070d300000,0x000000070d300000)
  from space 11264K, 62% used [0x000000070d300000,0x000000070d9e0010,0x000000070de00000)
  to   space 10752K, 0% used [0x0000000714380000,0x0000000714380000,0x0000000714e00000)
 ParOldGen       total 283136K, used 217816K [0x00000003c0000000, 0x00000003d1480000, 0x000000066ab00000)
  object space 283136K, 76% used [0x00000003c0000000,0x00000003cd4b6100,0x00000003d1480000)
 Metaspace       used 86587K, capacity 87700K, committed 87828K, reserved 1124352K
  class space    used 12252K, capacity 12504K, committed 12604K, reserved 1048576K
Event: 101.356 GC heap after
Heap after GC invocations=86 (full 6):
 PSYoungGen      total 2770432K, used 7104K [0x000000066ab00000, 0x0000000714a80000, 0x00000007c0000000)
  eden space 2763264K, 0% used [0x000000066ab00000,0x000000066ab00000,0x0000000713580000)
  from space 7168K, 99% used [0x0000000714380000,0x0000000714a70010,0x0000000714a80000)
  to   space 10752K, 0% used [0x0000000713580000,0x0000000713580000,0x0000000714000000)
 ParOldGen       total 283136K, used 218080K [0x00000003c0000000, 0x00000003d1480000, 0x000000066ab00000)
  object space 283136K, 77% used [0x00000003c0000000,0x00000003cd4f8100,0x00000003d1480000)
 Metaspace       used 86587K, capacity 87700K, committed 87828K, reserved 1124352K
  class space    used 12252K, capacity 12504K, committed 12604K, reserved 1048576K
}
Event: 103.542 GC heap before
{Heap before GC invocations=87 (full 6):
 PSYoungGen      total 2770432K, used 2770368K [0x000000066ab00000, 0x0000000714a80000, 0x00000007c0000000)
  eden space 2763264K, 100% used [0x000000066ab00000,0x0000000713580000,0x0000000713580000)
  from space 7168K, 99% used [0x0000000714380000,0x0000000714a70010,0x0000000714a80000)
  to   space 10752K, 0% used [0x0000000713580000,0x0000000713580000,0x0000000714000000)
 ParOldGen       total 283136K, used 218080K [0x00000003c0000000, 0x00000003d1480000, 0x000000066ab00000)
  object space 283136K, 77% used [0x00000003c0000000,0x00000003cd4f8100,0x00000003d1480000)
 Metaspace       used 86587K, capacity 87700K, committed 87828K, reserved 1124352K
  class space    used 12252K, capacity 12504K, committed 12604K, reserved 1048576K

