# JRE version: OpenJDK Runtime Environment (8.0_252-b09) (build 1.8.0_252-b09)
# Java VM: OpenJDK 64-Bit Server VM (25.252-b09 mixed mode linux-amd64 compressed oops)
Heap:
 PSYoungGen      total 2747904K, used 3074K [0x000000066ab00000, 0x0000000713b80000, 0x00000007c0000000)
  eden space 2726400K, 0% used [0x000000066ab00000,0x000000066ab00000,0x0000000711180000)
  from space 21504K, 14% used [0x0000000711180000,0x0000000711480b80,0x0000000712680000)
  to   space 21504K, 0% used [0x0000000712680000,0x0000000712680000,0x0000000713b80000)
 ParOldGen       total 339968K, used 189663K [0x00000003c0000000, 0x00000003d4c00000, 0x000000066ab00000)
  object space 339968K, 55% used [0x00000003c0000000,0x00000003cb937f18,0x00000003d4c00000)
 Metaspace       used 86435K, capacity 87446K, committed 87640K, reserved 1124352K
  class space    used 12249K, capacity 12507K, committed 12632K, reserved 1048576K
GC Heap History (250 events):
Event: 1.888 GC heap after
Heap after GC invocations=5 (full 0):
 PSYoungGen      total 34304K, used 2558K [0x000000066ab00000, 0x000000066f300000, 0x00000007c0000000)
  eden space 31744K, 0% used [0x000000066ab00000,0x000000066ab00000,0x000000066ca00000)
  from space 2560K, 99% used [0x000000066ca00000,0x000000066cc7fa38,0x000000066cc80000)
  to   space 5120K, 0% used [0x000000066ee00000,0x000000066ee00000,0x000000066f300000)
 ParOldGen       total 42496K, used 6198K [0x00000003c0000000, 0x00000003c2980000, 0x000000066ab00000)
  object space 42496K, 14% used [0x00000003c0000000,0x00000003c060db58,0x00000003c2980000)
 Metaspace       used 15316K, capacity 15398K, committed 15616K, reserved 1062912K
  class space    used 1979K, capacity 2001K, committed 2048K, reserved 1048576K
}
Event: 2.211 GC heap before
{Heap before GC invocations=6 (full 0):
 PSYoungGen      total 34304K, used 34302K [0x000000066ab00000, 0x000000066f300000, 0x00000007c0000000)
  eden space 31744K, 100% used [0x000000066ab00000,0x000000066ca00000,0x000000066ca00000)
  from space 2560K, 99% used [0x000000066ca00000,0x000000066cc7fa38,0x000000066cc80000)
  to   space 5120K, 0% used [0x000000066ee00000,0x000000066ee00000,0x000000066f300000)
 ParOldGen       total 42496K, used 6198K [0x00000003c0000000, 0x00000003c2980000, 0x000000066ab00000)
  object space 42496K, 14% used [0x00000003c0000000,0x00000003c060db58,0x00000003c2980000)
 Metaspace       used 15671K, capacity 15736K, committed 15872K, reserved 1062912K
  class space    used 1982K, capacity 2004K, committed 2048K, reserved 1048576K
Event: 2.217 GC heap after
Heap after GC invocations=6 (full 0):
 PSYoungGen      total 68608K, used 3646K [0x000000066ab00000, 0x000000066f300000, 0x00000007c0000000)
  eden space 63488K, 0% used [0x000000066ab00000,0x000000066ab00000,0x000000066e900000)
  from space 5120K, 71% used [0x000000066ee00000,0x000000066f18fa38,0x000000066f300000)
  to   space 5120K, 0% used [0x000000066e900000,0x000000066e900000,0x000000066ee00000)
 ParOldGen       total 42496K, used 6198K [0x00000003c0000000, 0x00000003c2980000, 0x000000066ab00000)
  object space 42496K, 14% used [0x00000003c0000000,0x00000003c060db58,0x00000003c2980000)
 Metaspace       used 15671K, capacity 15736K, committed 15872K, reserved 1062912K
  class space    used 1982K, capacity 2004K, committed 2048K, reserved 1048576K
}
Event: 2.822 GC heap before
{Heap before GC invocations=7 (full 0):
 PSYoungGen      total 68608K, used 67134K [0x000000066ab00000, 0x000000066f300000, 0x00000007c0000000)
  eden space 63488K, 100% used [0x000000066ab00000,0x000000066e900000,0x000000066e900000)
  from space 5120K, 71% used [0x000000066ee00000,0x000000066f18fa38,0x000000066f300000)
  to   space 5120K, 0% used [0x000000066e900000,0x000000066e900000,0x000000066ee00000)
 ParOldGen       total 42496K, used 6198K [0x00000003c0000000, 0x00000003c2980000, 0x000000066ab00000)
  object space 42496K, 14% used [0x00000003c0000000,0x00000003c060db58,0x00000003c2980000)
 Metaspace       used 17118K, capacity 17240K, committed 17408K, reserved 1064960K
  class space    used 2191K, capacity 2228K, committed 2304K, reserved 1048576K
Event: 2.831 GC heap after
Heap after GC invocations=7 (full 0):
 PSYoungGen      total 68608K, used 4636K [0x000000066ab00000, 0x0000000673100000, 0x00000007c0000000)
  eden space 63488K, 0% used [0x000000066ab00000,0x000000066ab00000,0x000000066e900000)
  from space 5120K, 90% used [0x000000066e900000,0x000000066ed87338,0x000000066ee00000)
  to   space 5120K, 0% used [0x0000000672c00000,0x0000000672c00000,0x0000000673100000)
 ParOldGen       total 42496K, used 7347K [0x00000003c0000000, 0x00000003c2980000, 0x000000066ab00000)
  object space 42496K, 17% used [0x00000003c0000000,0x00000003c072cde0,0x00000003c2980000)
 Metaspace       used 17118K, capacity 17240K, committed 17408K, reserved 1064960K
  class space    used 2191K, capacity 2228K, committed 2304K, reserved 1048576K
}
Event: 3.309 GC heap before
{Heap before GC invocations=8 (full 0):
 PSYoungGen      total 68608K, used 46627K [0x000000066ab00000, 0x0000000673100000, 0x00000007c0000000)
  eden space 63488K, 66% used [0x000000066ab00000,0x000000066d401990,0x000000066e900000)
  from space 5120K, 90% used [0x000000066e900000,0x000000066ed87338,0x000000066ee00000)
  to   space 5120K, 0% used [0x0000000672c00000,0x0000000672c00000,0x0000000673100000)
 ParOldGen       total 42496K, used 7347K [0x00000003c0000000, 0x00000003c2980000, 0x000000066ab00000)
  object space 42496K, 17% used [0x00000003c0000000,0x00000003c072cde0,0x00000003c2980000)
 Metaspace       used 20916K, capacity 21080K, committed 21248K, reserved 1067008K
  class space    used 2666K, capacity 2760K, committed 2816K, reserved 1048576K
Event: 3.317 GC heap after
Heap after GC invocations=8 (full 0):
 PSYoungGen      total 131072K, used 5096K [0x000000066ab00000, 0x0000000673300000, 0x00000007c0000000)
  eden space 125952K, 0% used [0x000000066ab00000,0x000000066ab00000,0x0000000672600000)
  from space 5120K, 99% used [0x0000000672c00000,0x00000006730fa128,0x0000000673100000)
  to   space 6144K, 0% used [0x0000000672600000,0x0000000672600000,0x0000000672c00000)
 ParOldGen       total 42496K, used 8344K [0x00000003c0000000, 0x00000003c2980000, 0x000000066ab00000)
  object space 42496K, 19% used [0x00000003c0000000,0x00000003c08262a8,0x00000003c2980000)
 Metaspace       used 20916K, capacity 21080K, committed 21248K, reserved 1067008K
  class space    used 2666K, capacity 2760K, committed 2816K, reserved 1048576K
}
Event: 3.317 GC heap before
{Heap before GC invocations=9 (full 1):
 PSYoungGen      total 131072K, used 5096K [0x000000066ab00000, 0x0000000673300000, 0x00000007c0000000)
  eden space 125952K, 0% used [0x000000066ab00000,0x000000066ab00000,0x0000000672600000)
  from space 5120K, 99% used [0x0000000672c00000,0x00000006730fa128,0x0000000673100000)
  to   space 6144K, 0% used [0x0000000672600000,0x0000000672600000,0x0000000672c00000)
 ParOldGen       total 42496K, used 8344K [0x00000003c0000000, 0x00000003c2980000, 0x000000066ab00000)
  object space 42496K, 19% used [0x00000003c0000000,0x00000003c08262a8,0x00000003c2980000)
 Metaspace       used 20916K, capacity 21080K, committed 21248K, reserved 1067008K
  class space    used 2666K, capacity 2760K, committed 2816K, reserved 1048576K
Event: 3.350 GC heap after
Heap after GC invocations=9 (full 1):
 PSYoungGen      total 131072K, used 0K [0x000000066ab00000, 0x0000000673300000, 0x00000007c0000000)
  eden space 125952K, 0% used [0x000000066ab00000,0x000000066ab00000,0x0000000672600000)
  from space 5120K, 0% used [0x0000000672c00000,0x0000000672c00000,0x0000000673100000)
  to   space 6144K, 0% used [0x0000000672600000,0x0000000672600000,0x0000000672c00000)
 ParOldGen       total 31744K, used 7601K [0x00000003c0000000, 0x00000003c1f00000, 0x000000066ab00000)
  object space 31744K, 23% used [0x00000003c0000000,0x00000003c076c4f0,0x00000003c1f00000)
 Metaspace       used 20916K, capacity 21080K, committed 21248K, reserved 1067008K
  class space    used 2666K, capacity 2760K, committed 2816K, reserved 1048576K
}
Event: 4.918 GC heap before
{Heap before GC invocations=10 (full 1):
 PSYoungGen      total 131072K, used 125952K [0x000000066ab00000, 0x0000000673300000, 0x00000007c0000000)
  eden space 125952K, 100% used [0x000000066ab00000,0x0000000672600000,0x0000000672600000)
  from space 5120K, 0% used [0x0000000672c00000,0x0000000672c00000,0x0000000673100000)
  to   space 6144K, 0% used [0x0000000672600000,0x0000000672600000,0x0000000672c00000)
 ParOldGen       total 31744K, used 7601K [0x00000003c0000000, 0x00000003c1f00000, 0x000000066ab00000)
  object space 31744K, 23% used [0x00000003c0000000,0x00000003c076c4f0,0x00000003c1f00000)
 Metaspace       used 32394K, capacity 32594K, committed 33024K, reserved 1077248K
  class space    used 4222K, capacity 4309K, committed 4352K, reserved 1048576K
Event: 4.937 GC heap after
Heap after GC invocations=10 (full 1):
 PSYoungGen      total 132096K, used 6129K [0x000000066ab00000, 0x0000000676500000, 0x00000007c0000000)
  eden space 125952K, 0% used [0x000000066ab00000,0x000000066ab00000,0x0000000672600000)
  from space 6144K, 99% used [0x0000000672600000,0x0000000672bfc5a8,0x0000000672c00000)
  to   space 9216K, 0% used [0x0000000675c00000,0x0000000675c00000,0x0000000676500000)
 ParOldGen       total 31744K, used 13711K [0x00000003c0000000, 0x00000003c1f00000, 0x000000066ab00000)
  object space 31744K, 43% used [0x00000003c0000000,0x00000003c0d63c38,0x00000003c1f00000)
 Metaspace       used 32394K, capacity 32594K, committed 33024K, reserved 1077248K
  class space    used 4222K, capacity 4309K, committed 4352K, reserved 1048576K
}
Event: 7.942 GC heap before
{Heap before GC invocations=11 (full 1):
 PSYoungGen      total 132096K, used 66130K [0x000000066ab00000, 0x0000000676500000, 0x00000007c0000000)
  eden space 125952K, 47% used [0x000000066ab00000,0x000000066e5983f0,0x0000000672600000)
  from space 6144K, 99% used [0x0000000672600000,0x0000000672bfc5a8,0x0000000672c00000)
  to   space 9216K, 0% used [0x0000000675c00000,0x0000000675c00000,0x0000000676500000)
 ParOldGen       total 31744K, used 13711K [0x00000003c0000000, 0x00000003c1f00000, 0x000000066ab00000)
  object space 31744K, 43% used [0x00000003c0000000,0x00000003c0d63c38,0x00000003c1f00000)
 Metaspace       used 34969K, capacity 35186K, committed 35416K, reserved 1079296K
  class space    used 4570K, capacity 4661K, committed 4696K, reserved 1048576K
Event: 7.954 GC heap after
Heap after GC invocations=11 (full 1):
 PSYoungGen      total 174080K, used 5877K [0x000000066ab00000, 0x0000000676200000, 0x00000007c0000000)
  eden space 167936K, 0% used [0x000000066ab00000,0x000000066ab00000,0x0000000674f00000)
  from space 6144K, 95% used [0x0000000675c00000,0x00000006761bd460,0x0000000676200000)
  to   space 9216K, 0% used [0x0000000675000000,0x0000000675000000,0x0000000675900000)
 ParOldGen       total 31744K, used 13719K [0x00000003c0000000, 0x00000003c1f00000, 0x000000066ab00000)
  object space 31744K, 43% used [0x00000003c0000000,0x00000003c0d65c38,0x00000003c1f00000)
 Metaspace       used 34969K, capacity 35186K, committed 35416K, reserved 1079296K
  class space    used 4570K, capacity 4661K, committed 4696K, reserved 1048576K
}
Event: 7.954 GC heap before
{Heap before GC invocations=12 (full 2):
 PSYoungGen      total 174080K, used 5877K [0x000000066ab00000, 0x0000000676200000, 0x00000007c0000000)
  eden space 167936K, 0% used [0x000000066ab00000,0x000000066ab00000,0x0000000674f00000)
  from space 6144K, 95% used [0x0000000675c00000,0x00000006761bd460,0x0000000676200000)
  to   space 9216K, 0% used [0x0000000675000000,0x0000000675000000,0x0000000675900000)
 ParOldGen       total 31744K, used 13719K [0x00000003c0000000, 0x00000003c1f00000, 0x000000066ab00000)
  object space 31744K, 43% used [0x00000003c0000000,0x00000003c0d65c38,0x00000003c1f00000)
 Metaspace       used 34969K, capacity 35186K, committed 35416K, reserved 1079296K
  class space    used 4570K, capacity 4661K, committed 4696K, reserved 1048576K
Event: 8.001 GC heap after
Heap after GC invocations=12 (full 2):
 PSYoungGen      total 174080K, used 0K [0x000000066ab00000, 0x0000000676200000, 0x00000007c0000000)
  eden space 167936K, 0% used [0x000000066ab00000,0x000000066ab00000,0x0000000674f00000)
  from space 6144K, 0% used [0x0000000675c00000,0x0000000675c00000,0x0000000676200000)
  to   space 9216K, 0% used [0x0000000675000000,0x0000000675000000,0x0000000675900000)
 ParOldGen       total 45568K, used 9304K [0x00000003c0000000, 0x00000003c2c80000, 0x000000066ab00000)
  object space 45568K, 20% used [0x00000003c0000000,0x00000003c0916250,0x00000003c2c80000)
 Metaspace       used 34969K, capacity 35186K, committed 35416K, reserved 1079296K
  class space    used 4570K, capacity 4661K, committed 4696K, reserved 1048576K
}
Event: 10.046 GC heap before
{Heap before GC invocations=13 (full 2):
 PSYoungGen      total 174080K, used 167936K [0x000000066ab00000, 0x0000000676200000, 0x00000007c0000000)
  eden space 167936K, 100% used [0x000000066ab00000,0x0000000674f00000,0x0000000674f00000)
  from space 6144K, 0% used [0x0000000675c00000,0x0000000675c00000,0x0000000676200000)
  to   space 9216K, 0% used [0x0000000675000000,0x0000000675000000,0x0000000675900000)
 ParOldGen       total 45568K, used 9304K [0x00000003c0000000, 0x00000003c2c80000, 0x000000066ab00000)
  object space 45568K, 20% used [0x00000003c0000000,0x00000003c0916250,0x00000003c2c80000)
 Metaspace       used 54460K, capacity 54766K, committed 55128K, reserved 1097728K
  class space    used 7621K, capacity 7717K, committed 7768K, reserved 1048576K
Event: 10.069 GC heap after
Heap after GC invocations=13 (full 2):
 PSYoungGen      total 178176K, used 9200K [0x000000066ab00000, 0x000000067a280000, 0x00000007c0000000)
  eden space 168960K, 0% used [0x000000066ab00000,0x000000066ab00000,0x0000000675000000)
  from space 9216K, 99% used [0x0000000675000000,0x00000006758fc1f0,0x0000000675900000)
  to   space 15360K, 0% used [0x0000000679380000,0x0000000679380000,0x000000067a280000)
 ParOldGen       total 45568K, used 23450K [0x00000003c0000000, 0x00000003c2c80000, 0x000000066ab00000)
  object space 45568K, 51% used [0x00000003c0000000,0x00000003c16e6bf8,0x00000003c2c80000)
 Metaspace       used 54460K, capacity 54766K, committed 55128K, reserved 1097728K
  class space    used 7621K, capacity 7717K, committed 7768K, reserved 1048576K
}
Event: 10.720 GC heap before
{Heap before GC invocations=14 (full 2):
 PSYoungGen      total 178176K, used 53991K [0x000000066ab00000, 0x000000067a280000, 0x00000007c0000000)
  eden space 168960K, 26% used [0x000000066ab00000,0x000000066d6bda68,0x0000000675000000)
  from space 9216K, 99% used [0x0000000675000000,0x00000006758fc1f0,0x0000000675900000)
  to   space 15360K, 0% used [0x0000000679380000,0x0000000679380000,0x000000067a280000)
 ParOldGen       total 45568K, used 23450K [0x00000003c0000000, 0x00000003c2c80000, 0x000000066ab00000)
  object space 45568K, 51% used [0x00000003c0000000,0x00000003c16e6bf8,0x00000003c2c80000)
 Metaspace       used 58371K, capacity 58616K, committed 59028K, reserved 1099776K
  class space    used 8208K, capacity 8296K, committed 8408K, reserved 1048576K
Event: 10.734 GC heap after
Heap after GC invocations=14 (full 2):
 PSYoungGen      total 238592K, used 6703K [0x000000066ab00000, 0x000000067a700000, 0x00000007c0000000)
  eden space 223232K, 0% used [0x000000066ab00000,0x000000066ab00000,0x0000000678500000)
  from space 15360K, 43% used [0x0000000679380000,0x0000000679a0bc18,0x000000067a280000)
  to   space 14848K, 0% used [0x0000000678500000,0x0000000678500000,0x0000000679380000)
 ParOldGen       total 45568K, used 28765K [0x00000003c0000000, 0x00000003c2c80000, 0x000000066ab00000)
  object space 45568K, 63% used [0x00000003c0000000,0x00000003c1c17608,0x00000003c2c80000)
 Metaspace       used 58371K, capacity 58616K, committed 59028K, reserved 1099776K
  class space    used 8208K, capacity 8296K, committed 8408K, reserved 1048576K
}
Event: 10.734 GC heap before
{Heap before GC invocations=15 (full 3):
 PSYoungGen      total 238592K, used 6703K [0x000000066ab00000, 0x000000067a700000, 0x00000007c0000000)
  eden space 223232K, 0% used [0x000000066ab00000,0x000000066ab00000,0x0000000678500000)
  from space 15360K, 43% used [0x0000000679380000,0x0000000679a0bc18,0x000000067a280000)
  to   space 14848K, 0% used [0x0000000678500000,0x0000000678500000,0x0000000679380000)
 ParOldGen       total 45568K, used 28765K [0x00000003c0000000, 0x00000003c2c80000, 0x000000066ab00000)
  object space 45568K, 63% used [0x00000003c0000000,0x00000003c1c17608,0x00000003c2c80000)
 Metaspace       used 58371K, capacity 58616K, committed 59028K, reserved 1099776K
  class space    used 8208K, capacity 8296K, committed 8408K, reserved 1048576K
Event: 10.825 GC heap after
Heap after GC invocations=15 (full 3):
 PSYoungGen      total 238592K, used 0K [0x000000066ab00000, 0x000000067a700000, 0x00000007c0000000)
  eden space 223232K, 0% used [0x000000066ab00000,0x000000066ab00000,0x0000000678500000)
  from space 15360K, 0% used [0x0000000679380000,0x0000000679380000,0x000000067a280000)
  to   space 14848K, 0% used [0x0000000678500000,0x0000000678500000,0x0000000679380000)
 ParOldGen       total 70656K, used 18146K [0x00000003c0000000, 0x00000003c4500000, 0x000000066ab00000)
  object space 70656K, 25% used [0x00000003c0000000,0x00000003c11b8be8,0x00000003c4500000)
 Metaspace       used 58371K, capacity 58616K, committed 59028K, reserved 1099776K
  class space    used 8208K, capacity 8296K, committed 8408K, reserved 1048576K
}
Event: 17.094 GC heap before
{Heap before GC invocations=16 (full 3):
 PSYoungGen      total 238592K, used 223232K [0x000000066ab00000, 0x000000067a700000, 0x00000007c0000000)
  eden space 223232K, 100% used [0x000000066ab00000,0x0000000678500000,0x0000000678500000)
  from space 15360K, 0% used [0x0000000679380000,0x0000000679380000,0x000000067a280000)
  to   space 14848K, 0% used [0x0000000678500000,0x0000000678500000,0x0000000679380000)
 ParOldGen       total 70656K, used 18146K [0x00000003c0000000, 0x00000003c4500000, 0x000000066ab00000)
  object space 70656K, 25% used [0x00000003c0000000,0x00000003c11b8be8,0x00000003c4500000)
 Metaspace       used 71376K, capacity 71880K, committed 72152K, reserved 1112064K
  class space    used 10185K, capacity 10335K, committed 10456K, reserved 1048576K
Event: 17.120 GC heap after
Heap after GC invocations=16 (full 3):
 PSYoungGen      total 238080K, used 13636K [0x000000066ab00000, 0x000000067d980000, 0x00000007c0000000)
  eden space 223232K, 0% used [0x000000066ab00000,0x000000066ab00000,0x0000000678500000)
  from space 14848K, 91% used [0x0000000678500000,0x0000000679251190,0x0000000679380000)
  to   space 16384K, 0% used [0x000000067c980000,0x000000067c980000,0x000000067d980000)
 ParOldGen       total 70656K, used 50923K [0x00000003c0000000, 0x00000003c4500000, 0x000000066ab00000)
  object space 70656K, 72% used [0x00000003c0000000,0x00000003c31bac08,0x00000003c4500000)
 Metaspace       used 71376K, capacity 71880K, committed 72152K, reserved 1112064K
  class space    used 10185K, capacity 10335K, committed 10456K, reserved 1048576K
}
Event: 20.689 GC heap before
{Heap before GC invocations=17 (full 3):
 PSYoungGen      total 238080K, used 236868K [0x000000066ab00000, 0x000000067d980000, 0x00000007c0000000)
  eden space 223232K, 100% used [0x000000066ab00000,0x0000000678500000,0x0000000678500000)
  from space 14848K, 91% used [0x0000000678500000,0x0000000679251190,0x0000000679380000)
  to   space 16384K, 0% used [0x000000067c980000,0x000000067c980000,0x000000067d980000)
 ParOldGen       total 70656K, used 50923K [0x00000003c0000000, 0x00000003c4500000, 0x000000066ab00000)
  object space 70656K, 72% used [0x00000003c0000000,0x00000003c31bac08,0x00000003c4500000)
 Metaspace       used 79591K, capacity 80286K, committed 80472K, reserved 1118208K
  class space    used 11381K, capacity 11574K, committed 11608K, reserved 1048576K
Event: 20.714 GC heap after
Heap after GC invocations=17 (full 3):
 PSYoungGen      total 289280K, used 14502K [0x000000066ab00000, 0x000000067d900000, 0x00000007c0000000)
  eden space 273408K, 0% used [0x000000066ab00000,0x000000066ab00000,0x000000067b600000)
  from space 15872K, 91% used [0x000000067c980000,0x000000067d7a9ab0,0x000000067d900000)
  to   space 17920K, 0% used [0x000000067b600000,0x000000067b600000,0x000000067c780000)
 ParOldGen       total 70656K, used 65625K [0x00000003c0000000, 0x00000003c4500000, 0x000000066ab00000)
  object space 70656K, 92% used [0x00000003c0000000,0x00000003c4016438,0x00000003c4500000)
 Metaspace       used 79591K, capacity 80286K, committed 80472K, reserved 1118208K
  class space    used 11381K, capacity 11574K, committed 11608K, reserved 1048576K
}
Event: 20.714 GC heap before
{Heap before GC invocations=18 (full 4):
 PSYoungGen      total 289280K, used 14502K [0x000000066ab00000, 0x000000067d900000, 0x00000007c0000000)
  eden space 273408K, 0% used [0x000000066ab00000,0x000000066ab00000,0x000000067b600000)
  from space 15872K, 91% used [0x000000067c980000,0x000000067d7a9ab0,0x000000067d900000)
  to   space 17920K, 0% used [0x000000067b600000,0x000000067b600000,0x000000067c780000)
 ParOldGen       total 70656K, used 65625K [0x00000003c0000000, 0x00000003c4500000, 0x000000066ab00000)
  object space 70656K, 92% used [0x00000003c0000000,0x00000003c4016438,0x00000003c4500000)
 Metaspace       used 79591K, capacity 80286K, committed 80472K, reserved 1118208K
  class space    used 11381K, capacity 11574K, committed 11608K, reserved 1048576K
Event: 20.880 GC heap after
Heap after GC invocations=18 (full 4):
 PSYoungGen      total 289280K, used 5961K [0x000000066ab00000, 0x000000067d900000, 0x00000007c0000000)
  eden space 273408K, 0% used [0x000000066ab00000,0x000000066ab00000,0x000000067b600000)
  from space 15872K, 37% used [0x000000067c980000,0x000000067cf52600,0x000000067d900000)
  to   space 17920K, 0% used [0x000000067b600000,0x000000067b600000,0x000000067c780000)
 ParOldGen       total 151552K, used 70247K [0x00000003c0000000, 0x00000003c9400000, 0x000000066ab00000)
  object space 151552K, 46% used [0x00000003c0000000,0x00000003c4499e78,0x00000003c9400000)
 Metaspace       used 79580K, capacity 80268K, committed 80472K, reserved 1118208K
  class space    used 11379K, capacity 11571K, committed 11608K, reserved 1048576K
}
Event: 21.839 GC heap before
{Heap before GC invocations=19 (full 4):
 PSYoungGen      total 289280K, used 279369K [0x000000066ab00000, 0x000000067d900000, 0x00000007c0000000)
  eden space 273408K, 100% used [0x000000066ab00000,0x000000067b600000,0x000000067b600000)
  from space 15872K, 37% used [0x000000067c980000,0x000000067cf52600,0x000000067d900000)
  to   space 17920K, 0% used [0x000000067b600000,0x000000067b600000,0x000000067c780000)
 ParOldGen       total 151552K, used 70247K [0x00000003c0000000, 0x00000003c9400000, 0x000000066ab00000)
  object space 151552K, 46% used [0x00000003c0000000,0x00000003c4499e78,0x00000003c9400000)
 Metaspace       used 80520K, capacity 81316K, committed 81368K, reserved 1118208K
  class space    used 11506K, capacity 11721K, committed 11736K, reserved 1048576K
Event: 21.877 GC heap after
Heap after GC invocations=19 (full 4):
 PSYoungGen      total 291328K, used 4381K [0x000000066ab00000, 0x0000000682680000, 0x00000007c0000000)
  eden space 273408K, 0% used [0x000000066ab00000,0x000000066ab00000,0x000000067b600000)
  from space 17920K, 24% used [0x000000067b600000,0x000000067ba47500,0x000000067c780000)
  to   space 17920K, 0% used [0x0000000681500000,0x0000000681500000,0x0000000682680000)
 ParOldGen       total 151552K, used 140432K [0x00000003c0000000, 0x00000003c9400000, 0x000000066ab00000)
  object space 151552K, 92% used [0x00000003c0000000,0x00000003c8924278,0x00000003c9400000)
 Metaspace       used 80520K, capacity 81316K, committed 81368K, reserved 1118208K
  class space    used 11506K, capacity 11721K, committed 11736K, reserved 1048576K
}
Event: 21.877 GC heap before
{Heap before GC invocations=20 (full 5):
 PSYoungGen      total 291328K, used 4381K [0x000000066ab00000, 0x0000000682680000, 0x00000007c0000000)
  eden space 273408K, 0% used [0x000000066ab00000,0x000000066ab00000,0x000000067b600000)
  from space 17920K, 24% used [0x000000067b600000,0x000000067ba47500,0x000000067c780000)
  to   space 17920K, 0% used [0x0000000681500000,0x0000000681500000,0x0000000682680000)
 ParOldGen       total 151552K, used 140432K [0x00000003c0000000, 0x00000003c9400000, 0x000000066ab00000)
  object space 151552K, 92% used [0x00000003c0000000,0x00000003c8924278,0x00000003c9400000)
 Metaspace       used 80520K, capacity 81316K, committed 81368K, reserved 1118208K
  class space    used 11506K, capacity 11721K, committed 11736K, reserved 1048576K
Event: 21.958 GC heap after
Heap after GC invocations=20 (full 5):
 PSYoungGen      total 291328K, used 0K [0x000000066ab00000, 0x0000000682680000, 0x00000007c0000000)
  eden space 273408K, 0% used [0x000000066ab00000,0x000000066ab00000,0x000000067b600000)
  from space 17920K, 0% used [0x000000067b600000,0x000000067b600000,0x000000067c780000)
  to   space 17920K, 0% used [0x0000000681500000,0x0000000681500000,0x0000000682680000)
 ParOldGen       total 174592K, used 54821K [0x00000003c0000000, 0x00000003caa80000, 0x000000066ab00000)
  object space 174592K, 31% used [0x00000003c0000000,0x00000003c3589538,0x00000003caa80000)
 Metaspace       used 80516K, capacity 81310K, committed 81368K, reserved 1118208K
  class space    used 11505K, capacity 11720K, committed 11736K, reserved 1048576K
}
Event: 23.885 GC heap before
{Heap before GC invocations=21 (full 5):
 PSYoungGen      total 291328K, used 264096K [0x000000066ab00000, 0x0000000682680000, 0x00000007c0000000)
  eden space 273408K, 96% used [0x000000066ab00000,0x000000067ace83d8,0x000000067b600000)
  from space 17920K, 0% used [0x000000067b600000,0x000000067b600000,0x000000067c780000)
  to   space 17920K, 0% used [0x0000000681500000,0x0000000681500000,0x0000000682680000)
 ParOldGen       total 174592K, used 54821K [0x00000003c0000000, 0x00000003caa80000, 0x000000066ab00000)
  object space 174592K, 31% used [0x00000003c0000000,0x00000003c3589538,0x00000003caa80000)
 Metaspace       used 85115K, capacity 86038K, committed 86104K, reserved 1122304K
  class space    used 12116K, capacity 12367K, committed 12376K, reserved 1048576K
Event: 23.909 GC heap after
Heap after GC invocations=21 (full 5):
 PSYoungGen      total 343040K, used 16109K [0x000000066ab00000, 0x0000000682500000, 0x00000007c0000000)
  eden space 326656K, 0% used [0x000000066ab00000,0x000000066ab00000,0x000000067ea00000)
  from space 16384K, 98% used [0x0000000681500000,0x00000006824bb5b0,0x0000000682500000)
  to   space 19968K, 0% used [0x000000067fe00000,0x000000067fe00000,0x0000000681180000)
 ParOldGen       total 174592K, used 137870K [0x00000003c0000000, 0x00000003caa80000, 0x000000066ab00000)
  object space 174592K, 78% used [0x00000003c0000000,0x00000003c86a3818,0x00000003caa80000)
 Metaspace       used 85115K, capacity 86038K, committed 86104K, reserved 1122304K
  class space    used 12116K, capacity 12367K, committed 12376K, reserved 1048576K
}
Event: 23.909 GC heap before
{Heap before GC invocations=22 (full 6):
 PSYoungGen      total 343040K, used 16109K [0x000000066ab00000, 0x0000000682500000, 0x00000007c0000000)
  eden space 326656K, 0% used [0x000000066ab00000,0x000000066ab00000,0x000000067ea00000)
  from space 16384K, 98% used [0x0000000681500000,0x00000006824bb5b0,0x0000000682500000)
  to   space 19968K, 0% used [0x000000067fe00000,0x000000067fe00000,0x0000000681180000)
 ParOldGen       total 174592K, used 137870K [0x00000003c0000000, 0x00000003caa80000, 0x000000066ab00000)
  object space 174592K, 78% used [0x00000003c0000000,0x00000003c86a3818,0x00000003caa80000)
 Metaspace       used 85115K, capacity 86038K, committed 86104K, reserved 1122304K
  class space    used 12116K, capacity 12367K, committed 12376K, reserved 1048576K
Event: 24.004 GC heap after
Heap after GC invocations=22 (full 6):
 PSYoungGen      total 343040K, used 0K [0x000000066ab00000, 0x0000000682500000, 0x00000007c0000000)
  eden space 326656K, 0% used [0x000000066ab00000,0x000000066ab00000,0x000000067ea00000)
  from space 16384K, 0% used [0x0000000681500000,0x0000000681500000,0x0000000682500000)
  to   space 19968K, 0% used [0x000000067fe00000,0x000000067fe00000,0x0000000681180000)
 ParOldGen       total 283136K, used 118545K [0x00000003c0000000, 0x00000003d1480000, 0x000000066ab00000)
  object space 283136K, 41% used [0x00000003c0000000,0x00000003c73c4560,0x00000003d1480000)
 Metaspace       used 85108K, capacity 86026K, committed 86104K, reserved 1122304K
  class space    used 12115K, capacity 12365K, committed 12376K, reserved 1048576K
}
Event: 24.697 GC heap before
{Heap before GC invocations=23 (full 6):
 PSYoungGen      total 343040K, used 326656K [0x000000066ab00000, 0x0000000682500000, 0x00000007c0000000)
  eden space 326656K, 100% used [0x000000066ab00000,0x000000067ea00000,0x000000067ea00000)
  from space 16384K, 0% used [0x0000000681500000,0x0000000681500000,0x0000000682500000)
  to   space 19968K, 0% used [0x000000067fe00000,0x000000067fe00000,0x0000000681180000)
 ParOldGen       total 283136K, used 118545K [0x00000003c0000000, 0x00000003d1480000, 0x000000066ab00000)
  object space 283136K, 41% used [0x00000003c0000000,0x00000003c73c4560,0x00000003d1480000)
 Metaspace       used 85762K, capacity 86698K, committed 87000K, reserved 1124352K
  class space    used 12208K, capacity 12461K, committed 12504K, reserved 1048576K
Event: 24.752 GC heap after
Heap after GC invocations=23 (full 6):
 PSYoungGen      total 367104K, used 13963K [0x000000066ab00000, 0x0000000684b80000, 0x00000007c0000000)
  eden space 347136K, 0% used [0x000000066ab00000,0x000000066ab00000,0x000000067fe00000)
  from space 19968K, 69% used [0x000000067fe00000,0x0000000680ba2e78,0x0000000681180000)
  to   space 20992K, 0% used [0x0000000683700000,0x0000000683700000,0x0000000684b80000)
 ParOldGen       total 283136K, used 184089K [0x00000003c0000000, 0x00000003d1480000, 0x000000066ab00000)
  object space 283136K, 65% used [0x00000003c0000000,0x00000003cb3c6570,0x00000003d1480000)
 Metaspace       used 85762K, capacity 86698K, committed 87000K, reserved 1124352K
  class space    used 12208K, capacity 12461K, committed 12504K, reserved 1048576K
}
Event: 25.227 GC heap before
{Heap before GC invocations=24 (full 6):
 PSYoungGen      total 367104K, used 361099K [0x000000066ab00000, 0x0000000684b80000, 0x00000007c0000000)
  eden space 347136K, 100% used [0x000000066ab00000,0x000000067fe00000,0x000000067fe00000)
  from space 19968K, 69% used [0x000000067fe00000,0x0000000680ba2e78,0x0000000681180000)
  to   space 20992K, 0% used [0x0000000683700000,0x0000000683700000,0x0000000684b80000)
 ParOldGen       total 283136K, used 184089K [0x00000003c0000000, 0x00000003d1480000, 0x000000066ab00000)
  object space 283136K, 65% used [0x00000003c0000000,0x00000003cb3c6570,0x00000003d1480000)
 Metaspace       used 85772K, capacity 86698K, committed 87000K, reserved 1124352K
  class space    used 12208K, capacity 12461K, committed 12504K, reserved 1048576K
Event: 25.237 GC heap after
Heap after GC invocations=24 (full 6):
 PSYoungGen      total 404992K, used 13926K [0x000000066ab00000, 0x0000000686180000, 0x00000007c0000000)
  eden space 384000K, 0% used [0x000000066ab00000,0x000000066ab00000,0x0000000682200000)
  from space 20992K, 66% used [0x0000000683700000,0x0000000684499ba0,0x0000000684b80000)
  to   space 21504K, 0% used [0x0000000682200000,0x0000000682200000,0x0000000683700000)
 ParOldGen       total 283136K, used 184089K [0x00000003c0000000, 0x00000003d1480000, 0x000000066ab00000)
  object space 283136K, 65% used [0x00000003c0000000,0x00000003cb3c6570,0x00000003d1480000)
 Metaspace       used 85772K, capacity 86698K, committed 87000K, reserved 1124352K
  class space    used 12208K, capacity 12461K, committed 12504K, reserved 1048576K
}
Event: 25.709 GC heap before
{Heap before GC invocations=25 (full 6):
 PSYoungGen      total 404992K, used 397926K [0x000000066ab00000, 0x0000000686180000, 0x00000007c0000000)
  eden space 384000K, 100% used [0x000000066ab00000,0x0000000682200000,0x0000000682200000)
  from space 20992K, 66% used [0x0000000683700000,0x0000000684499ba0,0x0000000684b80000)
  to   space 21504K, 0% used [0x0000000682200000,0x0000000682200000,0x0000000683700000)
 ParOldGen       total 283136K, used 184089K [0x00000003c0000000, 0x00000003d1480000, 0x000000066ab00000)
  object space 283136K, 65% used [0x00000003c0000000,0x00000003cb3c6570,0x00000003d1480000)
 Metaspace       used 85811K, capacity 86826K, committed 87000K, reserved 1124352K
  class space    used 12208K, capacity 12461K, committed 12504K, reserved 1048576K
Event: 25.719 GC heap after
Heap after GC invocations=25 (full 6):
 PSYoungGen      total 405504K, used 14502K [0x000000066ab00000, 0x0000000688a80000, 0x00000007c0000000)
  eden space 384000K, 0% used [0x000000066ab00000,0x000000066ab00000,0x0000000682200000)
  from space 21504K, 67% used [0x0000000682200000,0x0000000683029bb0,0x0000000683700000)
  to   space 22016K, 0% used [0x0000000687500000,0x0000000687500000,0x0000000688a80000)
 ParOldGen       total 283136K, used 184097K [0x00000003c0000000, 0x00000003d1480000, 0x000000066ab00000)
  object space 283136K, 65% used [0x00000003c0000000,0x00000003cb3c8570,0x00000003d1480000)
 Metaspace       used 85811K, capacity 86826K, committed 87000K, reserved 1124352K
  class space    used 12208K, capacity 12461K, committed 12504K, reserved 1048576K
}
Event: 26.126 GC heap before
{Heap before GC invocations=26 (full 6):
 PSYoungGen      total 405504K, used 398502K [0x000000066ab00000, 0x0000000688a80000, 0x00000007c0000000)
  eden space 384000K, 100% used [0x000000066ab00000,0x0000000682200000,0x0000000682200000)
  from space 21504K, 67% used [0x0000000682200000,0x0000000683029bb0,0x0000000683700000)
  to   space 22016K, 0% used [0x0000000687500000,0x0000000687500000,0x0000000688a80000)
 ParOldGen       total 283136K, used 184097K [0x00000003c0000000, 0x00000003d1480000, 0x000000066ab00000)
  object space 283136K, 65% used [0x00000003c0000000,0x00000003cb3c8570,0x00000003d1480000)
 Metaspace       used 85811K, capacity 86826K, committed 87000K, reserved 1124352K
  class space    used 12208K, capacity 12461K, committed 12504K, reserved 1048576K
Event: 26.140 GC heap after
Heap after GC invocations=26 (full 6):
 PSYoungGen      total 467968K, used 15654K [0x000000066ab00000, 0x0000000689000000, 0x00000007c0000000)
  eden space 445952K, 0% used [0x000000066ab00000,0x000000066ab00000,0x0000000685e80000)
  from space 22016K, 71% used [0x0000000687500000,0x0000000688449bb0,0x0000000688a80000)
  to   space 23040K, 0% used [0x0000000685e80000,0x0000000685e80000,0x0000000687500000)
 ParOldGen       total 283136K, used 184097K [0x00000003c0000000, 0x00000003d1480000, 0x000000066ab00000)
  object space 283136K, 65% used [0x00000003c0000000,0x00000003cb3c8570,0x00000003d1480000)
 Metaspace       used 85811K, capacity 86826K, committed 87000K, reserved 1124352K
  class space    used 12208K, capacity 12461K, committed 12504K, reserved 1048576K
}
Event: 26.597 GC heap before
{Heap before GC invocations=27 (full 6):
 PSYoungGen      total 467968K, used 461606K [0x000000066ab00000, 0x0000000689000000, 0x00000007c0000000)
  eden space 445952K, 100% used [0x000000066ab00000,0x0000000685e80000,0x0000000685e80000)
  from space 22016K, 71% used [0x0000000687500000,0x0000000688449bb0,0x0000000688a80000)
  to   space 23040K, 0% used [0x0000000685e80000,0x0000000685e80000,0x0000000687500000)
 ParOldGen       total 283136K, used 184097K [0x00000003c0000000, 0x00000003d1480000, 0x000000066ab00000)
  object space 283136K, 65% used [0x00000003c0000000,0x00000003cb3c8570,0x00000003d1480000)
 Metaspace       used 85828K, capacity 86826K, committed 87000K, reserved 1124352K
  class space    used 12208K, capacity 12461K, committed 12504K, reserved 1048576K
Event: 26.614 GC heap after
Heap after GC invocations=27 (full 6):
 PSYoungGen      total 468992K, used 14886K [0x000000066ab00000, 0x000000068da80000, 0x00000007c0000000)
  eden space 445952K, 0% used [0x000000066ab00000,0x000000066ab00000,0x0000000685e80000)
  from space 23040K, 64% used [0x0000000685e80000,0x0000000686d09bb0,0x0000000687500000)
  to   space 23040K, 0% used [0x000000068c400000,0x000000068c400000,0x000000068da80000)
 ParOldGen       total 283136K, used 184097K [0x00000003c0000000, 0x00000003d1480000, 0x000000066ab00000)
  object space 283136K, 65% used [0x00000003c0000000,0x00000003cb3c8570,0x00000003d1480000)
 Metaspace       used 85828K, capacity 86826K, committed 87000K, reserved 1124352K
  class space    used 12208K, capacity 12461K, committed 12504K, reserved 1048576K
}
Event: 27.059 GC heap before
{Heap before GC invocations=28 (full 6):
 PSYoungGen      total 468992K, used 460838K [0x000000066ab00000, 0x000000068da80000, 0x00000007c0000000)
  eden space 445952K, 100% used [0x000000066ab00000,0x0000000685e80000,0x0000000685e80000)
  from space 23040K, 64% used [0x0000000685e80000,0x0000000686d09bb0,0x0000000687500000)
  to   space 23040K, 0% used [0x000000068c400000,0x000000068c400000,0x000000068da80000)
 ParOldGen       total 283136K, used 184097K [0x00000003c0000000, 0x00000003d1480000, 0x000000066ab00000)
  object space 283136K, 65% used [0x00000003c0000000,0x00000003cb3c8570,0x00000003d1480000)
 Metaspace       used 85840K, capacity 86826K, committed 87000K, reserved 1124352K
  class space    used 12208K, capacity 12461K, committed 12504K, reserved 1048576K
Event: 27.074 GC heap after
Heap after GC invocations=28 (full 6):
 PSYoungGen      total 549888K, used 14342K [0x000000066ab00000, 0x000000068dc00000, 0x00000007c0000000)
  eden space 526848K, 0% used [0x000000066ab00000,0x000000066ab00000,0x000000068ad80000)
  from space 23040K, 62% used [0x000000068c400000,0x000000068d201bb0,0x000000068da80000)
  to   space 23040K, 0% used [0x000000068ad80000,0x000000068ad80000,0x000000068c400000)
 ParOldGen       total 283136K, used 184105K [0x00000003c0000000, 0x00000003d1480000, 0x000000066ab00000)
  object space 283136K, 65% used [0x00000003c0000000,0x00000003cb3ca570,0x00000003d1480000)
 Metaspace       used 85840K, capacity 86826K, committed 87000K, reserved 1124352K
  class space    used 12208K, capacity 12461K, committed 12504K, reserved 1048576K
}
Event: 27.536 GC heap before
{Heap before GC invocations=29 (full 6):
 PSYoungGen      total 549888K, used 541190K [0x000000066ab00000, 0x000000068dc00000, 0x00000007c0000000)
  eden space 526848K, 100% used [0x000000066ab00000,0x000000068ad80000,0x000000068ad80000)
  from space 23040K, 62% used [0x000000068c400000,0x000000068d201bb0,0x000000068da80000)
  to   space 23040K, 0% used [0x000000068ad80000,0x000000068ad80000,0x000000068c400000)
 ParOldGen       total 283136K, used 184105K [0x00000003c0000000, 0x00000003d1480000, 0x000000066ab00000)
  object space 283136K, 65% used [0x00000003c0000000,0x00000003cb3ca570,0x00000003d1480000)
 Metaspace       used 85853K, capacity 86890K, committed 87000K, reserved 1124352K
  class space    used 12208K, capacity 12461K, committed 12504K, reserved 1048576K
Event: 27.547 GC heap after
Heap after GC invocations=29 (full 6):
 PSYoungGen      total 549888K, used 15782K [0x000000066ab00000, 0x0000000693780000, 0x00000007c0000000)
  eden space 526848K, 0% used [0x000000066ab00000,0x000000066ab00000,0x000000068ad80000)
  from space 23040K, 68% used [0x000000068ad80000,0x000000068bce9bb0,0x000000068c400000)
  to   space 23552K, 0% used [0x0000000692080000,0x0000000692080000,0x0000000693780000)
 ParOldGen       total 283136K, used 184113K [0x00000003c0000000, 0x00000003d1480000, 0x000000066ab00000)
  object space 283136K, 65% used [0x00000003c0000000,0x00000003cb3cc570,0x00000003d1480000)
 Metaspace       used 85853K, capacity 86890K, committed 87000K, reserved 1124352K
  class space    used 12208K, capacity 12461K, committed 12504K, reserved 1048576K
}
Event: 27.957 GC heap before
{Heap before GC invocations=30 (full 6):
 PSYoungGen      total 549888K, used 542630K [0x000000066ab00000, 0x0000000693780000, 0x00000007c0000000)
  eden space 526848K, 100% used [0x000000066ab00000,0x000000068ad80000,0x000000068ad80000)
  from space 23040K, 68% used [0x000000068ad80000,0x000000068bce9bb0,0x000000068c400000)
  to   space 23552K, 0% used [0x0000000692080000,0x0000000692080000,0x0000000693780000)
 ParOldGen       total 283136K, used 184113K [0x00000003c0000000, 0x00000003d1480000, 0x000000066ab00000)
  object space 283136K, 65% used [0x00000003c0000000,0x00000003cb3cc570,0x00000003d1480000)
 Metaspace       used 85855K, capacity 86890K, committed 87000K, reserved 1124352K
  class space    used 12208K, capacity 12461K, committed 12504K, reserved 1048576K
Event: 27.968 GC heap after
Heap after GC invocations=30 (full 6):
 PSYoungGen      total 641536K, used 14662K [0x000000066ab00000, 0x0000000693600000, 0x00000007c0000000)
  eden space 619520K, 0% used [0x000000066ab00000,0x000000066ab00000,0x0000000690800000)
  from space 22016K, 66% used [0x0000000692080000,0x0000000692ed1bb0,0x0000000693600000)
  to   space 23552K, 0% used [0x0000000690800000,0x0000000690800000,0x0000000691f00000)
 ParOldGen       total 283136K, used 184113K [0x00000003c0000000, 0x00000003d1480000, 0x000000066ab00000)
  object space 283136K, 65% used [0x00000003c0000000,0x00000003cb3cc570,0x00000003d1480000)
 Metaspace       used 85855K, capacity 86890K, committed 87000K, reserved 1124352K
  class space    used 12208K, capacity 12461K, committed 12504K, reserved 1048576K
}
Event: 28.492 GC heap before
{Heap before GC invocations=31 (full 6):
 PSYoungGen      total 641536K, used 634182K [0x000000066ab00000, 0x0000000693600000, 0x00000007c0000000)
  eden space 619520K, 100% used [0x000000066ab00000,0x0000000690800000,0x0000000690800000)
  from space 22016K, 66% used [0x0000000692080000,0x0000000692ed1bb0,0x0000000693600000)
  to   space 23552K, 0% used [0x0000000690800000,0x0000000690800000,0x0000000691f00000)
 ParOldGen       total 283136K, used 184113K [0x00000003c0000000, 0x00000003d1480000, 0x000000066ab00000)
  object space 283136K, 65% used [0x00000003c0000000,0x00000003cb3cc570,0x00000003d1480000)
 Metaspace       used 85876K, capacity 86894K, committed 87000K, reserved 1124352K
  class space    used 12208K, capacity 12461K, committed 12504K, reserved 1048576K
Event: 28.503 GC heap after
Heap after GC invocations=31 (full 6):
 PSYoungGen      total 643072K, used 14698K [0x000000066ab00000, 0x0000000698300000, 0x00000007c0000000)
  eden space 619520K, 0% used [0x000000066ab00000,0x000000066ab00000,0x0000000690800000)
  from space 23552K, 62% used [0x0000000690800000,0x000000069165aa50,0x0000000691f00000)
  to   space 23552K, 0% used [0x0000000696c00000,0x0000000696c00000,0x0000000698300000)
 ParOldGen       total 283136K, used 184121K [0x00000003c0000000, 0x00000003d1480000, 0x000000066ab00000)
  object space 283136K, 65% used [0x00000003c0000000,0x00000003cb3ce570,0x00000003d1480000)
 Metaspace       used 85876K, capacity 86894K, committed 87000K, reserved 1124352K
  class space    used 12208K, capacity 12461K, committed 12504K, reserved 1048576K
}
Event: 28.978 GC heap before
{Heap before GC invocations=32 (full 6):
 PSYoungGen      total 643072K, used 634218K [0x000000066ab00000, 0x0000000698300000, 0x00000007c0000000)
  eden space 619520K, 100% used [0x000000066ab00000,0x0000000690800000,0x0000000690800000)
  from space 23552K, 62% used [0x0000000690800000,0x000000069165aa50,0x0000000691f00000)
  to   space 23552K, 0% used [0x0000000696c00000,0x0000000696c00000,0x0000000698300000)
 ParOldGen       total 283136K, used 184121K [0x00000003c0000000, 0x00000003d1480000, 0x000000066ab00000)
  object space 283136K, 65% used [0x00000003c0000000,0x00000003cb3ce570,0x00000003d1480000)
 Metaspace       used 85876K, capacity 86894K, committed 87000K, reserved 1124352K
  class space    used 12208K, capacity 12461K, committed 12504K, reserved 1048576K
Event: 28.989 GC heap after
Heap after GC invocations=32 (full 6):
 PSYoungGen      total 717824K, used 14698K [0x000000066ab00000, 0x0000000698080000, 0x00000007c0000000)
  eden space 696832K, 0% used [0x000000066ab00000,0x000000066ab00000,0x0000000695380000)
  from space 20992K, 70% used [0x0000000696c00000,0x0000000697a5aa50,0x0000000698080000)
  to   space 23040K, 0% used [0x0000000695380000,0x0000000695380000,0x0000000696a00000)
 ParOldGen       total 283136K, used 184121K [0x00000003c0000000, 0x00000003d1480000, 0x000000066ab00000)
  object space 283136K, 65% used [0x00000003c0000000,0x00000003cb3ce570,0x00000003d1480000)
 Metaspace       used 85876K, capacity 86894K, committed 87000K, reserved 1124352K
  class space    used 12208K, capacity 12461K, committed 12504K, reserved 1048576K
}
Event: 29.554 GC heap before
{Heap before GC invocations=33 (full 6):
 PSYoungGen      total 717824K, used 711530K [0x000000066ab00000, 0x0000000698080000, 0x00000007c0000000)
  eden space 696832K, 100% used [0x000000066ab00000,0x0000000695380000,0x0000000695380000)
  from space 20992K, 70% used [0x0000000696c00000,0x0000000697a5aa50,0x0000000698080000)
  to   space 23040K, 0% used [0x0000000695380000,0x0000000695380000,0x0000000696a00000)
 ParOldGen       total 283136K, used 184121K [0x00000003c0000000, 0x00000003d1480000, 0x000000066ab00000)
  object space 283136K, 65% used [0x00000003c0000000,0x00000003cb3ce570,0x00000003d1480000)
 Metaspace       used 85878K, capacity 86894K, committed 87000K, reserved 1124352K
  class space    used 12208K, capacity 12461K, committed 12504K, reserved 1048576K
Event: 29.565 GC heap after
Heap after GC invocations=33 (full 6):
 PSYoungGen      total 719872K, used 15178K [0x000000066ab00000, 0x000000069d200000, 0x00000007c0000000)
  eden space 696832K, 0% used [0x000000066ab00000,0x000000066ab00000,0x0000000695380000)
  from space 23040K, 65% used [0x0000000695380000,0x0000000696252a50,0x0000000696a00000)
  to   space 23040K, 0% used [0x000000069bb80000,0x000000069bb80000,0x000000069d200000)
 ParOldGen       total 283136K, used 184121K [0x00000003c0000000, 0x00000003d1480000, 0x000000066ab00000)
  object space 283136K, 65% used [0x00000003c0000000,0x00000003cb3ce570,0x00000003d1480000)
 Metaspace       used 85878K, capacity 86894K, committed 87000K, reserved 1124352K
  class space    used 12208K, capacity 12461K, committed 12504K, reserved 1048576K
}
Event: 30.107 GC heap before
{Heap before GC invocations=34 (full 6):
 PSYoungGen      total 719872K, used 712010K [0x000000066ab00000, 0x000000069d200000, 0x00000007c0000000)
  eden space 696832K, 100% used [0x000000066ab00000,0x0000000695380000,0x0000000695380000)
  from space 23040K, 65% used [0x0000000695380000,0x0000000696252a50,0x0000000696a00000)
  to   space 23040K, 0% used [0x000000069bb80000,0x000000069bb80000,0x000000069d200000)
 ParOldGen       total 283136K, used 184121K [0x00000003c0000000, 0x00000003d1480000, 0x000000066ab00000)
  object space 283136K, 65% used [0x00000003c0000000,0x00000003cb3ce570,0x00000003d1480000)
 Metaspace       used 85878K, capacity 86894K, committed 87000K, reserved 1124352K
  class space    used 12208K, capacity 12461K, committed 12504K, reserved 1048576K
Event: 30.118 GC heap after
Heap after GC invocations=34 (full 6):
 PSYoungGen      total 800256K, used 15050K [0x000000066ab00000, 0x000000069d080000, 0x00000007c0000000)
  eden space 778752K, 0% used [0x000000066ab00000,0x000000066ab00000,0x000000069a380000)
  from space 21504K, 69% used [0x000000069bb80000,0x000000069ca32a50,0x000000069d080000)
  to   space 23040K, 0% used [0x000000069a380000,0x000000069a380000,0x000000069ba00000)
 ParOldGen       total 283136K, used 184121K [0x00000003c0000000, 0x00000003d1480000, 0x000000066ab00000)
  object space 283136K, 65% used [0x00000003c0000000,0x00000003cb3ce570,0x00000003d1480000)
 Metaspace       used 85878K, capacity 86894K, committed 87000K, reserved 1124352K
  class space    used 12208K, capacity 12461K, committed 12504K, reserved 1048576K
}
Event: 30.750 GC heap before
{Heap before GC invocations=35 (full 6):
 PSYoungGen      total 800256K, used 793802K [0x000000066ab00000, 0x000000069d080000, 0x00000007c0000000)
  eden space 778752K, 100% used [0x000000066ab00000,0x000000069a380000,0x000000069a380000)
  from space 21504K, 69% used [0x000000069bb80000,0x000000069ca32a50,0x000000069d080000)
  to   space 23040K, 0% used [0x000000069a380000,0x000000069a380000,0x000000069ba00000)
 ParOldGen       total 283136K, used 184121K [0x00000003c0000000, 0x00000003d1480000, 0x000000066ab00000)
  object space 283136K, 65% used [0x00000003c0000000,0x00000003cb3ce570,0x00000003d1480000)
 Metaspace       used 85879K, capacity 86894K, committed 87000K, reserved 1124352K
  class space    used 12208K, capacity 12461K, committed 12504K, reserved 1048576K
Event: 30.761 GC heap after
Heap after GC invocations=35 (full 6):
 PSYoungGen      total 801792K, used 14762K [0x000000066ab00000, 0x00000006a2580000, 0x00000007c0000000)
  eden space 778752K, 0% used [0x000000066ab00000,0x000000066ab00000,0x000000069a380000)
  from space 23040K, 64% used [0x000000069a380000,0x000000069b1eaa50,0x000000069ba00000)
  to   space 22528K, 0% used [0x00000006a0f80000,0x00000006a0f80000,0x00000006a2580000)
 ParOldGen       total 283136K, used 184121K [0x00000003c0000000, 0x00000003d1480000, 0x000000066ab00000)
  object space 283136K, 65% used [0x00000003c0000000,0x00000003cb3ce570,0x00000003d1480000)
 Metaspace       used 85879K, capacity 86894K, committed 87000K, reserved 1124352K
  class space    used 12208K, capacity 12461K, committed 12504K, reserved 1048576K
}
Event: 31.363 GC heap before
{Heap before GC invocations=36 (full 6):
 PSYoungGen      total 801792K, used 793514K [0x000000066ab00000, 0x00000006a2580000, 0x00000007c0000000)
  eden space 778752K, 100% used [0x000000066ab00000,0x000000069a380000,0x000000069a380000)
  from space 23040K, 64% used [0x000000069a380000,0x000000069b1eaa50,0x000000069ba00000)
  to   space 22528K, 0% used [0x00000006a0f80000,0x00000006a0f80000,0x00000006a2580000)
 ParOldGen       total 283136K, used 184121K [0x00000003c0000000, 0x00000003d1480000, 0x000000066ab00000)
  object space 283136K, 65% used [0x00000003c0000000,0x00000003cb3ce570,0x00000003d1480000)
 Metaspace       used 85879K, capacity 86894K, committed 87000K, reserved 1124352K
  class space    used 12208K, capacity 12461K, committed 12504K, reserved 1048576K
Event: 31.373 GC heap after
Heap after GC invocations=36 (full 6):
 PSYoungGen      total 884224K, used 14890K [0x000000066ab00000, 0x00000006a2280000, 0x00000007c0000000)
  eden space 864768K, 0% used [0x000000066ab00000,0x000000066ab00000,0x000000069f780000)
  from space 19456K, 76% used [0x00000006a0f80000,0x00000006a1e0aa50,0x00000006a2280000)
  to   space 22016K, 0% used [0x000000069f780000,0x000000069f780000,0x00000006a0d00000)
 ParOldGen       total 283136K, used 184121K [0x00000003c0000000, 0x00000003d1480000, 0x000000066ab00000)
  object space 283136K, 65% used [0x00000003c0000000,0x00000003cb3ce570,0x00000003d1480000)
 Metaspace       used 85879K, capacity 86894K, committed 87000K, reserved 1124352K
  class space    used 12208K, capacity 12461K, committed 12504K, reserved 1048576K
}
Event: 32.068 GC heap before
{Heap before GC invocations=37 (full 6):
 PSYoungGen      total 884224K, used 879658K [0x000000066ab00000, 0x00000006a2280000, 0x00000007c0000000)
  eden space 864768K, 100% used [0x000000066ab00000,0x000000069f780000,0x000000069f780000)
  from space 19456K, 76% used [0x00000006a0f80000,0x00000006a1e0aa50,0x00000006a2280000)
  to   space 22016K, 0% used [0x000000069f780000,0x000000069f780000,0x00000006a0d00000)
 ParOldGen       total 283136K, used 184121K [0x00000003c0000000, 0x00000003d1480000, 0x000000066ab00000)
  object space 283136K, 65% used [0x00000003c0000000,0x00000003cb3ce570,0x00000003d1480000)
 Metaspace       used 85879K, capacity 86894K, committed 87000K, reserved 1124352K
  class space    used 12208K, capacity 12461K, committed 12504K, reserved 1048576K
Event: 32.079 GC heap after
Heap after GC invocations=37 (full 6):
 PSYoungGen      total 886784K, used 14794K [0x000000066ab00000, 0x00000006a7b80000, 0x00000007c0000000)
  eden space 864768K, 0% used [0x000000066ab00000,0x000000066ab00000,0x000000069f780000)
  from space 22016K, 67% used [0x000000069f780000,0x00000006a05f2a50,0x00000006a0d00000)
  to   space 22016K, 0% used [0x00000006a6600000,0x00000006a6600000,0x00000006a7b80000)
 ParOldGen       total 283136K, used 184121K [0x00000003c0000000, 0x00000003d1480000, 0x000000066ab00000)
  object space 283136K, 65% used [0x00000003c0000000,0x00000003cb3ce570,0x00000003d1480000)
 Metaspace       used 85879K, capacity 86894K, committed 87000K, reserved 1124352K
  class space    used 12208K, capacity 12461K, committed 12504K, reserved 1048576K
}
Event: 32.745 GC heap before
{Heap before GC invocations=38 (full 6):
 PSYoungGen      total 886784K, used 879562K [0x000000066ab00000, 0x00000006a7b80000, 0x00000007c0000000)
  eden space 864768K, 100% used [0x000000066ab00000,0x000000069f780000,0x000000069f780000)
  from space 22016K, 67% used [0x000000069f780000,0x00000006a05f2a50,0x00000006a0d00000)
  to   space 22016K, 0% used [0x00000006a6600000,0x00000006a6600000,0x00000006a7b80000)
 ParOldGen       total 283136K, used 184121K [0x00000003c0000000, 0x00000003d1480000, 0x000000066ab00000)
  object space 283136K, 65% used [0x00000003c0000000,0x00000003cb3ce570,0x00000003d1480000)
 Metaspace       used 85879K, capacity 86894K, committed 87000K, reserved 1124352K
  class space    used 12208K, capacity 12461K, committed 12504K, reserved 1048576K
Event: 32.756 GC heap after
Heap after GC invocations=38 (full 6):
 PSYoungGen      total 974848K, used 1186K [0x000000066ab00000, 0x00000006a7b00000, 0x00000007c0000000)
  eden space 953344K, 0% used [0x000000066ab00000,0x000000066ab00000,0x00000006a4e00000)
  from space 21504K, 5% used [0x00000006a6600000,0x00000006a6728b70,0x00000006a7b00000)
  to   space 23040K, 0% used [0x00000006a4e00000,0x00000006a4e00000,0x00000006a6480000)
 ParOldGen       total 283136K, used 197065K [0x00000003c0000000, 0x00000003d1480000, 0x000000066ab00000)
  object space 283136K, 69% used [0x00000003c0000000,0x00000003cc072450,0x00000003d1480000)
 Metaspace       used 85879K, capacity 86894K, committed 87000K, reserved 1124352K
  class space    used 12208K, capacity 12461K, committed 12504K, reserved 1048576K
}
Event: 33.515 GC heap before
{Heap before GC invocations=39 (full 6):
 PSYoungGen      total 974848K, used 954530K [0x000000066ab00000, 0x00000006a7b00000, 0x00000007c0000000)
  eden space 953344K, 100% used [0x000000066ab00000,0x00000006a4e00000,0x00000006a4e00000)
  from space 21504K, 5% used [0x00000006a6600000,0x00000006a6728b70,0x00000006a7b00000)
  to   space 23040K, 0% used [0x00000006a4e00000,0x00000006a4e00000,0x00000006a6480000)
 ParOldGen       total 283136K, used 197065K [0x00000003c0000000, 0x00000003d1480000, 0x000000066ab00000)
  object space 283136K, 69% used [0x00000003c0000000,0x00000003cc072450,0x00000003d1480000)
 Metaspace       used 85913K, capacity 86958K, committed 87256K, reserved 1124352K
  class space    used 12214K, capacity 12461K, committed 12504K, reserved 1048576K
Event: 33.520 GC heap after
Heap after GC invocations=39 (full 6):
 PSYoungGen      total 976384K, used 1666K [0x000000066ab00000, 0x00000006ac300000, 0x00000007c0000000)
  eden space 953344K, 0% used [0x000000066ab00000,0x000000066ab00000,0x00000006a4e00000)
  from space 23040K, 7% used [0x00000006a4e00000,0x00000006a4fa0b70,0x00000006a6480000)
  to   space 24064K, 0% used [0x00000006aab80000,0x00000006aab80000,0x00000006ac300000)
 ParOldGen       total 283136K, used 197081K [0x00000003c0000000, 0x00000003d1480000, 0x000000066ab00000)
  object space 283136K, 69% used [0x00000003c0000000,0x00000003cc076450,0x00000003d1480000)
 Metaspace       used 85913K, capacity 86958K, committed 87256K, reserved 1124352K
  class space    used 12214K, capacity 12461K, committed 12504K, reserved 1048576K
}
Event: 34.264 GC heap before
{Heap before GC invocations=40 (full 6):
 PSYoungGen      total 976384K, used 955010K [0x000000066ab00000, 0x00000006ac300000, 0x00000007c0000000)
  eden space 953344K, 100% used [0x000000066ab00000,0x00000006a4e00000,0x00000006a4e00000)
  from space 23040K, 7% used [0x00000006a4e00000,0x00000006a4fa0b70,0x00000006a6480000)
  to   space 24064K, 0% used [0x00000006aab80000,0x00000006aab80000,0x00000006ac300000)
 ParOldGen       total 283136K, used 197081K [0x00000003c0000000, 0x00000003d1480000, 0x000000066ab00000)
  object space 283136K, 69% used [0x00000003c0000000,0x00000003cc076450,0x00000003d1480000)
 Metaspace       used 85914K, capacity 86958K, committed 87256K, reserved 1124352K
  class space    used 12214K, capacity 12461K, committed 12504K, reserved 1048576K
Event: 34.268 GC heap after
Heap after GC invocations=40 (full 6):
 PSYoungGen      total 1031680K, used 1654K [0x000000066ab00000, 0x00000006aba80000, 0x00000007c0000000)
  eden space 1016320K, 0% used [0x000000066ab00000,0x000000066ab00000,0x00000006a8b80000)
  from space 15360K, 10% used [0x00000006aab80000,0x00000006aad1db88,0x00000006aba80000)
  to   space 24064K, 0% used [0x00000006a8b80000,0x00000006a8b80000,0x00000006aa300000)
 ParOldGen       total 283136K, used 197097K [0x00000003c0000000, 0x00000003d1480000, 0x000000066ab00000)
  object space 283136K, 69% used [0x00000003c0000000,0x00000003cc07a450,0x00000003d1480000)
 Metaspace       used 85914K, capacity 86958K, committed 87256K, reserved 1124352K
  class space    used 12214K, capacity 12461K, committed 12504K, reserved 1048576K
}
Event: 35.081 GC heap before
{Heap before GC invocations=41 (full 6):
 PSYoungGen      total 1031680K, used 1017974K [0x000000066ab00000, 0x00000006aba80000, 0x00000007c0000000)
  eden space 1016320K, 100% used [0x000000066ab00000,0x00000006a8b80000,0x00000006a8b80000)
  from space 15360K, 10% used [0x00000006aab80000,0x00000006aad1db88,0x00000006aba80000)
  to   space 24064K, 0% used [0x00000006a8b80000,0x00000006a8b80000,0x00000006aa300000)
 ParOldGen       total 283136K, used 197097K [0x00000003c0000000, 0x00000003d1480000, 0x000000066ab00000)
  object space 283136K, 69% used [0x00000003c0000000,0x00000003cc07a450,0x00000003d1480000)
 Metaspace       used 85914K, capacity 86958K, committed 87256K, reserved 1124352K
  class space    used 12214K, capacity 12461K, committed 12504K, reserved 1048576K
Event: 35.086 GC heap after
Heap after GC invocations=41 (full 6):
 PSYoungGen      total 1040384K, used 1730K [0x000000066ab00000, 0x00000006af580000, 0x00000007c0000000)
  eden space 1016320K, 0% used [0x000000066ab00000,0x000000066ab00000,0x00000006a8b80000)
  from space 24064K, 7% used [0x00000006a8b80000,0x00000006a8d30b70,0x00000006aa300000)
  to   space 24576K, 0% used [0x00000006add80000,0x00000006add80000,0x00000006af580000)
 ParOldGen       total 283136K, used 197105K [0x00000003c0000000, 0x00000003d1480000, 0x000000066ab00000)
  object space 283136K, 69% used [0x00000003c0000000,0x00000003cc07c450,0x00000003d1480000)
 Metaspace       used 85914K, capacity 86958K, committed 87256K, reserved 1124352K
  class space    used 12214K, capacity 12461K, committed 12504K, reserved 1048576K
}
Event: 35.868 GC heap before
{Heap before GC invocations=42 (full 6):
 PSYoungGen      total 1040384K, used 1018050K [0x000000066ab00000, 0x00000006af580000, 0x00000007c0000000)
  eden space 1016320K, 100% used [0x000000066ab00000,0x00000006a8b80000,0x00000006a8b80000)
  from space 24064K, 7% used [0x00000006a8b80000,0x00000006a8d30b70,0x00000006aa300000)
  to   space 24576K, 0% used [0x00000006add80000,0x00000006add80000,0x00000006af580000)
 ParOldGen       total 283136K, used 197105K [0x00000003c0000000, 0x00000003d1480000, 0x000000066ab00000)
  object space 283136K, 69% used [0x00000003c0000000,0x00000003cc07c450,0x00000003d1480000)
 Metaspace       used 85915K, capacity 86958K, committed 87256K, reserved 1124352K
  class space    used 12214K, capacity 12461K, committed 12504K, reserved 1048576K
Event: 35.872 GC heap after
Heap after GC invocations=42 (full 6):
 PSYoungGen      total 1088000K, used 1922K [0x000000066ab00000, 0x00000006aef00000, 0x00000007c0000000)
  eden space 1070080K, 0% used [0x000000066ab00000,0x000000066ab00000,0x00000006ac000000)
  from space 17920K, 10% used [0x00000006add80000,0x00000006adf60b70,0x00000006aef00000)
  to   space 24064K, 0% used [0x00000006ac000000,0x00000006ac000000,0x00000006ad780000)
 ParOldGen       total 283136K, used 197105K [0x00000003c0000000, 0x00000003d1480000, 0x000000066ab00000)
  object space 283136K, 69% used [0x00000003c0000000,0x00000003cc07c450,0x00000003d1480000)
 Metaspace       used 85915K, capacity 86958K, committed 87256K, reserved 1124352K
  class space    used 12214K, capacity 12461K, committed 12504K, reserved 1048576K
}
Event: 36.730 GC heap before
{Heap before GC invocations=43 (full 6):
 PSYoungGen      total 1088000K, used 1072002K [0x000000066ab00000, 0x00000006aef00000, 0x00000007c0000000)
  eden space 1070080K, 100% used [0x000000066ab00000,0x00000006ac000000,0x00000006ac000000)
  from space 17920K, 10% used [0x00000006add80000,0x00000006adf60b70,0x00000006aef00000)
  to   space 24064K, 0% used [0x00000006ac000000,0x00000006ac000000,0x00000006ad780000)
 ParOldGen       total 283136K, used 197105K [0x00000003c0000000, 0x00000003d1480000, 0x000000066ab00000)
  object space 283136K, 69% used [0x00000003c0000000,0x00000003cc07c450,0x00000003d1480000)
 Metaspace       used 85916K, capacity 86958K, committed 87256K, reserved 1124352K
  class space    used 12214K, capacity 12461K, committed 12504K, reserved 1048576K
Event: 36.734 GC heap after
Heap after GC invocations=43 (full 6):
 PSYoungGen      total 1094144K, used 1570K [0x000000066ab00000, 0x00000006b2080000, 0x00000007c0000000)
  eden space 1070080K, 0% used [0x000000066ab00000,0x000000066ab00000,0x00000006ac000000)
  from space 24064K, 6% used [0x00000006ac000000,0x00000006ac188b70,0x00000006ad780000)
  to   space 24064K, 0% used [0x00000006b0900000,0x00000006b0900000,0x00000006b2080000)
 ParOldGen       total 283136K, used 197105K [0x00000003c0000000, 0x00000003d1480000, 0x000000066ab00000)
  object space 283136K, 69% used [0x00000003c0000000,0x00000003cc07c450,0x00000003d1480000)
 Metaspace       used 85916K, capacity 86958K, committed 87256K, reserved 1124352K
  class space    used 12214K, capacity 12461K, committed 12504K, reserved 1048576K
}
Event: 37.552 GC heap before
{Heap before GC invocations=44 (full 6):
 PSYoungGen      total 1094144K, used 1071650K [0x000000066ab00000, 0x00000006b2080000, 0x00000007c0000000)
  eden space 1070080K, 100% used [0x000000066ab00000,0x00000006ac000000,0x00000006ac000000)
  from space 24064K, 6% used [0x00000006ac000000,0x00000006ac188b70,0x00000006ad780000)
  to   space 24064K, 0% used [0x00000006b0900000,0x00000006b0900000,0x00000006b2080000)
 ParOldGen       total 283136K, used 197105K [0x00000003c0000000, 0x00000003d1480000, 0x000000066ab00000)
  object space 283136K, 69% used [0x00000003c0000000,0x00000003cc07c450,0x00000003d1480000)
 Metaspace       used 85916K, capacity 86958K, committed 87256K, reserved 1124352K
  class space    used 12214K, capacity 12461K, committed 12504K, reserved 1048576K
Event: 37.557 GC heap after
Heap after GC invocations=44 (full 6):
 PSYoungGen      total 1137664K, used 2210K [0x000000066ab00000, 0x00000006b1c80000, 0x00000007c0000000)
  eden space 1117696K, 0% used [0x000000066ab00000,0x000000066ab00000,0x00000006aee80000)
  from space 19968K, 11% used [0x00000006b0900000,0x00000006b0b28b70,0x00000006b1c80000)
  to   space 23552K, 0% used [0x00000006aee80000,0x00000006aee80000,0x00000006b0580000)
 ParOldGen       total 283136K, used 197113K [0x00000003c0000000, 0x00000003d1480000, 0x000000066ab00000)
  object space 283136K, 69% used [0x00000003c0000000,0x00000003cc07e450,0x00000003d1480000)
 Metaspace       used 85916K, capacity 86958K, committed 87256K, reserved 1124352K
  class space    used 12214K, capacity 12461K, committed 12504K, reserved 1048576K
}
Event: 38.451 GC heap before
{Heap before GC invocations=45 (full 6):
 PSYoungGen      total 1137664K, used 1119906K [0x000000066ab00000, 0x00000006b1c80000, 0x00000007c0000000)
  eden space 1117696K, 100% used [0x000000066ab00000,0x00000006aee80000,0x00000006aee80000)
  from space 19968K, 11% used [0x00000006b0900000,0x00000006b0b28b70,0x00000006b1c80000)
  to   space 23552K, 0% used [0x00000006aee80000,0x00000006aee80000,0x00000006b0580000)
 ParOldGen       total 283136K, used 197113K [0x00000003c0000000, 0x00000003d1480000, 0x000000066ab00000)
  object space 283136K, 69% used [0x00000003c0000000,0x00000003cc07e450,0x00000003d1480000)
 Metaspace       used 85916K, capacity 86958K, committed 87256K, reserved 1124352K
  class space    used 12214K, capacity 12461K, committed 12504K, reserved 1048576K
Event: 38.456 GC heap after
Heap after GC invocations=45 (full 6):
 PSYoungGen      total 1141248K, used 2681K [0x000000066ab00000, 0x00000006b4880000, 0x00000007c0000000)
  eden space 1117696K, 0% used [0x000000066ab00000,0x000000066ab00000,0x00000006aee80000)
  from space 23552K, 11% used [0x00000006aee80000,0x00000006af11e420,0x00000006b0580000)
  to   space 22528K, 0% used [0x00000006b3280000,0x00000006b3280000,0x00000006b4880000)
 ParOldGen       total 283136K, used 197113K [0x00000003c0000000, 0x00000003d1480000, 0x000000066ab00000)
  object space 283136K, 69% used [0x00000003c0000000,0x00000003cc07e450,0x00000003d1480000)
 Metaspace       used 85916K, capacity 86958K, committed 87256K, reserved 1124352K
  class space    used 12214K, capacity 12461K, committed 12504K, reserved 1048576K
}
Event: 39.298 GC heap before
{Heap before GC invocations=46 (full 6):
 PSYoungGen      total 1141248K, used 1120377K [0x000000066ab00000, 0x00000006b4880000, 0x00000007c0000000)
  eden space 1117696K, 100% used [0x000000066ab00000,0x00000006aee80000,0x00000006aee80000)
  from space 23552K, 11% used [0x00000006aee80000,0x00000006af11e420,0x00000006b0580000)
  to   space 22528K, 0% used [0x00000006b3280000,0x00000006b3280000,0x00000006b4880000)
 ParOldGen       total 283136K, used 197113K [0x00000003c0000000, 0x00000003d1480000, 0x000000066ab00000)
  object space 283136K, 69% used [0x00000003c0000000,0x00000003cc07e450,0x00000003d1480000)
 Metaspace       used 85916K, capacity 86958K, committed 87256K, reserved 1124352K
  class space    used 12214K, capacity 12461K, committed 12504K, reserved 1048576K
Event: 39.303 GC heap after
Heap after GC invocations=46 (full 6):
 PSYoungGen      total 1182208K, used 2304K [0x000000066ab00000, 0x00000006b4580000, 0x00000007c0000000)
  eden space 1162752K, 0% used [0x000000066ab00000,0x000000066ab00000,0x00000006b1a80000)
  from space 19456K, 11% used [0x00000006b3280000,0x00000006b34c0010,0x00000006b4580000)
  to   space 22016K, 0% used [0x00000006b1a80000,0x00000006b1a80000,0x00000006b3000000)
 ParOldGen       total 283136K, used 197187K [0x00000003c0000000, 0x00000003d1480000, 0x000000066ab00000)
  object space 283136K, 69% used [0x00000003c0000000,0x00000003cc090fb0,0x00000003d1480000)
 Metaspace       used 85916K, capacity 86958K, committed 87256K, reserved 1124352K
  class space    used 12214K, capacity 12461K, committed 12504K, reserved 1048576K
}
Event: 40.205 GC heap before
{Heap before GC invocations=47 (full 6):
 PSYoungGen      total 1182208K, used 1165056K [0x000000066ab00000, 0x00000006b4580000, 0x00000007c0000000)
  eden space 1162752K, 100% used [0x000000066ab00000,0x00000006b1a80000,0x00000006b1a80000)
  from space 19456K, 11% used [0x00000006b3280000,0x00000006b34c0010,0x00000006b4580000)
  to   space 22016K, 0% used [0x00000006b1a80000,0x00000006b1a80000,0x00000006b3000000)
 ParOldGen       total 283136K, used 197187K [0x00000003c0000000, 0x00000003d1480000, 0x000000066ab00000)
  object space 283136K, 69% used [0x00000003c0000000,0x00000003cc090fb0,0x00000003d1480000)
 Metaspace       used 85919K, capacity 86958K, committed 87256K, reserved 1124352K
  class space    used 12214K, capacity 12461K, committed 12504K, reserved 1048576K
Event: 40.210 GC heap after
Heap after GC invocations=47 (full 6):
 PSYoungGen      total 1184768K, used 2208K [0x000000066ab00000, 0x00000006b6a00000, 0x00000007c0000000)
  eden space 1162752K, 0% used [0x000000066ab00000,0x000000066ab00000,0x00000006b1a80000)
  from space 22016K, 10% used [0x00000006b1a80000,0x00000006b1ca8010,0x00000006b3000000)
  to   space 20992K, 0% used [0x00000006b5580000,0x00000006b5580000,0x00000006b6a00000)
 ParOldGen       total 283136K, used 197187K [0x00000003c0000000, 0x00000003d1480000, 0x000000066ab00000)
  object space 283136K, 69% used [0x00000003c0000000,0x00000003cc090fb0,0x00000003d1480000)
 Metaspace       used 85919K, capacity 86958K, committed 87256K, reserved 1124352K
  class space    used 12214K, capacity 12461K, committed 12504K, reserved 1048576K
}
Event: 41.088 GC heap before
{Heap before GC invocations=48 (full 6):
 PSYoungGen      total 1184768K, used 1164960K [0x000000066ab00000, 0x00000006b6a00000, 0x00000007c0000000)
  eden space 1162752K, 100% used [0x000000066ab00000,0x00000006b1a80000,0x00000006b1a80000)
  from space 22016K, 10% used [0x00000006b1a80000,0x00000006b1ca8010,0x00000006b3000000)
  to   space 20992K, 0% used [0x00000006b5580000,0x00000006b5580000,0x00000006b6a00000)
 ParOldGen       total 283136K, used 197187K [0x00000003c0000000, 0x00000003d1480000, 0x000000066ab00000)
  object space 283136K, 69% used [0x00000003c0000000,0x00000003cc090fb0,0x00000003d1480000)
 Metaspace       used 85919K, capacity 86958K, committed 87256K, reserved 1124352K
  class space    used 12214K, capacity 12461K, committed 12504K, reserved 1048576K
Event: 41.093 GC heap after
Heap after GC invocations=48 (full 6):
 PSYoungGen      total 1218048K, used 1952K [0x000000066ab00000, 0x00000006b6700000, 0x00000007c0000000)
  eden space 1200128K, 0% used [0x000000066ab00000,0x000000066ab00000,0x00000006b3f00000)
  from space 17920K, 10% used [0x00000006b5580000,0x00000006b5768010,0x00000006b6700000)
  to   space 20480K, 0% used [0x00000006b3f00000,0x00000006b3f00000,0x00000006b5300000)
 ParOldGen       total 283136K, used 197187K [0x00000003c0000000, 0x00000003d1480000, 0x000000066ab00000)
  object space 283136K, 69% used [0x00000003c0000000,0x00000003cc090fb0,0x00000003d1480000)
 Metaspace       used 85919K, capacity 86958K, committed 87256K, reserved 1124352K
  class space    used 12214K, capacity 12461K, committed 12504K, reserved 1048576K
}
Event: 42.016 GC heap before
{Heap before GC invocations=49 (full 6):
 PSYoungGen      total 1218048K, used 1202080K [0x000000066ab00000, 0x00000006b6700000, 0x00000007c0000000)
  eden space 1200128K, 100% used [0x000000066ab00000,0x00000006b3f00000,0x00000006b3f00000)
  from space 17920K, 10% used [0x00000006b5580000,0x00000006b5768010,0x00000006b6700000)
  to   space 20480K, 0% used [0x00000006b3f00000,0x00000006b3f00000,0x00000006b5300000)
 ParOldGen       total 283136K, used 197187K [0x00000003c0000000, 0x00000003d1480000, 0x000000066ab00000)
  object space 283136K, 69% used [0x00000003c0000000,0x00000003cc090fb0,0x00000003d1480000)
 Metaspace       used 85919K, capacity 86958K, committed 87256K, reserved 1124352K
  class space    used 12214K, capacity 12461K, committed 12504K, reserved 1048576K
Event: 42.021 GC heap after
Heap after GC invocations=49 (full 6):
 PSYoungGen      total 1220608K, used 2677K [0x000000066ab00000, 0x00000006b8a00000, 0x00000007c0000000)
  eden space 1200128K, 0% used [0x000000066ab00000,0x000000066ab00000,0x00000006b3f00000)
  from space 20480K, 13% used [0x00000006b3f00000,0x00000006b419d728,0x00000006b5300000)
  to   space 19456K, 0% used [0x00000006b7700000,0x00000006b7700000,0x00000006b8a00000)
 ParOldGen       total 283136K, used 197187K [0x00000003c0000000, 0x00000003d1480000, 0x000000066ab00000)
  object space 283136K, 69% used [0x00000003c0000000,0x00000003cc090fb0,0x00000003d1480000)
 Metaspace       used 85919K, capacity 86958K, committed 87256K, reserved 1124352K
  class space    used 12214K, capacity 12461K, committed 12504K, reserved 1048576K
}
Event: 42.931 GC heap before
{Heap before GC invocations=50 (full 6):
 PSYoungGen      total 1220608K, used 1202805K [0x000000066ab00000, 0x00000006b8a00000, 0x00000007c0000000)
  eden space 1200128K, 100% used [0x000000066ab00000,0x00000006b3f00000,0x00000006b3f00000)
  from space 20480K, 13% used [0x00000006b3f00000,0x00000006b419d728,0x00000006b5300000)
  to   space 19456K, 0% used [0x00000006b7700000,0x00000006b7700000,0x00000006b8a00000)
 ParOldGen       total 283136K, used 197187K [0x00000003c0000000, 0x00000003d1480000, 0x000000066ab00000)
  object space 283136K, 69% used [0x00000003c0000000,0x00000003cc090fb0,0x00000003d1480000)
 Metaspace       used 85920K, capacity 86958K, committed 87256K, reserved 1124352K
  class space    used 12214K, capacity 12461K, committed 12504K, reserved 1048576K
Event: 42.935 GC heap after
Heap after GC invocations=50 (full 6):
 PSYoungGen      total 1252352K, used 1888K [0x000000066ab00000, 0x00000006b8680000, 0x00000007c0000000)
  eden space 1236480K, 0% used [0x000000066ab00000,0x000000066ab00000,0x00000006b6280000)
  from space 15872K, 11% used [0x00000006b7700000,0x00000006b78d8010,0x00000006b8680000)
  to   space 18432K, 0% used [0x00000006b6280000,0x00000006b6280000,0x00000006b7480000)
 ParOldGen       total 283136K, used 197187K [0x00000003c0000000, 0x00000003d1480000, 0x000000066ab00000)
  object space 283136K, 69% used [0x00000003c0000000,0x00000003cc090fb0,0x00000003d1480000)
 Metaspace       used 85920K, capacity 86958K, committed 87256K, reserved 1124352K
  class space    used 12214K, capacity 12461K, committed 12504K, reserved 1048576K
}
Event: 43.887 GC heap before
{Heap before GC invocations=51 (full 6):
 PSYoungGen      total 1252352K, used 1238368K [0x000000066ab00000, 0x00000006b8680000, 0x00000007c0000000)
  eden space 1236480K, 100% used [0x000000066ab00000,0x00000006b6280000,0x00000006b6280000)
  from space 15872K, 11% used [0x00000006b7700000,0x00000006b78d8010,0x00000006b8680000)
  to   space 18432K, 0% used [0x00000006b6280000,0x00000006b6280000,0x00000006b7480000)
 ParOldGen       total 283136K, used 197187K [0x00000003c0000000, 0x00000003d1480000, 0x000000066ab00000)
  object space 283136K, 69% used [0x00000003c0000000,0x00000003cc090fb0,0x00000003d1480000)
 Metaspace       used 85926K, capacity 86958K, committed 87256K, reserved 1124352K
  class space    used 12214K, capacity 12461K, committed 12504K, reserved 1048576K
Event: 43.891 GC heap after
Heap after GC invocations=51 (full 6):
 PSYoungGen      total 1254912K, used 2198K [0x000000066ab00000, 0x00000006ba900000, 0x00000007c0000000)
  eden space 1236480K, 0% used [0x000000066ab00000,0x000000066ab00000,0x00000006b6280000)
  from space 18432K, 11% used [0x00000006b6280000,0x00000006b64a5900,0x00000006b7480000)
  to   space 17920K, 0% used [0x00000006b9780000,0x00000006b9780000,0x00000006ba900000)
 ParOldGen       total 283136K, used 197187K [0x00000003c0000000, 0x00000003d1480000, 0x000000066ab00000)
  object space 283136K, 69% used [0x00000003c0000000,0x00000003cc090fb0,0x00000003d1480000)
 Metaspace       used 85926K, capacity 86958K, committed 87256K, reserved 1124352K
  class space    used 12214K, capacity 12461K, committed 12504K, reserved 1048576K
}
Event: 44.829 GC heap before
{Heap before GC invocations=52 (full 6):
 PSYoungGen      total 1254912K, used 1238678K [0x000000066ab00000, 0x00000006ba900000, 0x00000007c0000000)
  eden space 1236480K, 100% used [0x000000066ab00000,0x00000006b6280000,0x00000006b6280000)
  from space 18432K, 11% used [0x00000006b6280000,0x00000006b64a5900,0x00000006b7480000)
  to   space 17920K, 0% used [0x00000006b9780000,0x00000006b9780000,0x00000006ba900000)
 ParOldGen       total 283136K, used 197187K [0x00000003c0000000, 0x00000003d1480000, 0x000000066ab00000)
  object space 283136K, 69% used [0x00000003c0000000,0x00000003cc090fb0,0x00000003d1480000)
 Metaspace       used 85926K, capacity 86958K, committed 87256K, reserved 1124352K
  class space    used 12214K, capacity 12461K, committed 12504K, reserved 1048576K
Event: 44.833 GC heap after
Heap after GC invocations=52 (full 6):
 PSYoungGen      total 1285632K, used 1376K [0x000000066ab00000, 0x00000006ba580000, 0x00000007c0000000)
  eden space 1271296K, 0% used [0x000000066ab00000,0x000000066ab00000,0x00000006b8480000)
  from space 14336K, 9% used [0x00000006b9780000,0x00000006b98d8010,0x00000006ba580000)
  to   space 16896K, 0% used [0x00000006b8480000,0x00000006b8480000,0x00000006b9500000)
 ParOldGen       total 283136K, used 197187K [0x00000003c0000000, 0x00000003d1480000, 0x000000066ab00000)
  object space 283136K, 69% used [0x00000003c0000000,0x00000003cc090fb0,0x00000003d1480000)
 Metaspace       used 85926K, capacity 86958K, committed 87256K, reserved 1124352K
  class space    used 12214K, capacity 12461K, committed 12504K, reserved 1048576K
}
Event: 45.832 GC heap before
{Heap before GC invocations=53 (full 6):
 PSYoungGen      total 1285632K, used 1272672K [0x000000066ab00000, 0x00000006ba580000, 0x00000007c0000000)
  eden space 1271296K, 100% used [0x000000066ab00000,0x00000006b8480000,0x00000006b8480000)
  from space 14336K, 9% used [0x00000006b9780000,0x00000006b98d8010,0x00000006ba580000)
  to   space 16896K, 0% used [0x00000006b8480000,0x00000006b8480000,0x00000006b9500000)
 ParOldGen       total 283136K, used 197187K [0x00000003c0000000, 0x00000003d1480000, 0x000000066ab00000)
  object space 283136K, 69% used [0x00000003c0000000,0x00000003cc090fb0,0x00000003d1480000)
 Metaspace       used 85926K, capacity 86958K, committed 87256K, reserved 1124352K
  class space    used 12214K, capacity 12461K, committed 12504K, reserved 1048576K
Event: 45.836 GC heap after
Heap after GC invocations=53 (full 6):
 PSYoungGen      total 1288192K, used 2144K [0x000000066ab00000, 0x00000006bc580000, 0x00000007c0000000)
  eden space 1271296K, 0% used [0x000000066ab00000,0x000000066ab00000,0x00000006b8480000)
  from space 16896K, 12% used [0x00000006b8480000,0x00000006b8698010,0x00000006b9500000)
  to   space 15872K, 0% used [0x00000006bb600000,0x00000006bb600000,0x00000006bc580000)
 ParOldGen       total 283136K, used 197187K [0x00000003c0000000, 0x00000003d1480000, 0x000000066ab00000)
  object space 283136K, 69% used [0x00000003c0000000,0x00000003cc090fb0,0x00000003d1480000)
 Metaspace       used 85926K, capacity 86958K, committed 87256K, reserved 1124352K
  class space    used 12214K, capacity 12461K, committed 12504K, reserved 1048576K
}
Event: 46.795 GC heap before
{Heap before GC invocations=54 (full 6):
 PSYoungGen      total 1288192K, used 1273440K [0x000000066ab00000, 0x00000006bc580000, 0x00000007c0000000)
  eden space 1271296K, 100% used [0x000000066ab00000,0x00000006b8480000,0x00000006b8480000)
  from space 16896K, 12% used [0x00000006b8480000,0x00000006b8698010,0x00000006b9500000)
  to   space 15872K, 0% used [0x00000006bb600000,0x00000006bb600000,0x00000006bc580000)
 ParOldGen       total 283136K, used 197187K [0x00000003c0000000, 0x00000003d1480000, 0x000000066ab00000)
  object space 283136K, 69% used [0x00000003c0000000,0x00000003cc090fb0,0x00000003d1480000)
 Metaspace       used 85928K, capacity 86958K, committed 87256K, reserved 1124352K
  class space    used 12214K, capacity 12461K, committed 12504K, reserved 1048576K
Event: 46.799 GC heap after
Heap after GC invocations=54 (full 6):
 PSYoungGen      total 1319936K, used 1946K [0x000000066ab00000, 0x00000006bc400000, 0x00000007c0000000)
  eden space 1305600K, 0% used [0x000000066ab00000,0x000000066ab00000,0x00000006ba600000)
  from space 14336K, 13% used [0x00000006bb600000,0x00000006bb7e6a00,0x00000006bc400000)
  to   space 15360K, 0% used [0x00000006ba600000,0x00000006ba600000,0x00000006bb500000)
 ParOldGen       total 283136K, used 197203K [0x00000003c0000000, 0x00000003d1480000, 0x000000066ab00000)
  object space 283136K, 69% used [0x00000003c0000000,0x00000003cc094fb0,0x00000003d1480000)
 Metaspace       used 85928K, capacity 86958K, committed 87256K, reserved 1124352K
  class space    used 12214K, capacity 12461K, committed 12504K, reserved 1048576K
}
Event: 47.840 GC heap before
{Heap before GC invocations=55 (full 6):
 PSYoungGen      total 1319936K, used 1307546K [0x000000066ab00000, 0x00000006bc400000, 0x00000007c0000000)
  eden space 1305600K, 100% used [0x000000066ab00000,0x00000006ba600000,0x00000006ba600000)
  from space 14336K, 13% used [0x00000006bb600000,0x00000006bb7e6a00,0x00000006bc400000)
  to   space 15360K, 0% used [0x00000006ba600000,0x00000006ba600000,0x00000006bb500000)
 ParOldGen       total 283136K, used 197203K [0x00000003c0000000, 0x00000003d1480000, 0x000000066ab00000)
  object space 283136K, 69% used [0x00000003c0000000,0x00000003cc094fb0,0x00000003d1480000)
 Metaspace       used 85928K, capacity 86958K, committed 87256K, reserved 1124352K
  class space    used 12214K, capacity 12461K, committed 12504K, reserved 1048576K
Event: 47.848 GC heap after
Heap after GC invocations=55 (full 6):
 PSYoungGen      total 1320960K, used 4270K [0x000000066ab00000, 0x00000006be600000, 0x00000007c0000000)
  eden space 1305600K, 0% used [0x000000066ab00000,0x000000066ab00000,0x00000006ba600000)
  from space 15360K, 27% used [0x00000006ba600000,0x00000006baa2b878,0x00000006bb500000)
  to   space 14336K, 0% used [0x00000006bd800000,0x00000006bd800000,0x00000006be600000)
 ParOldGen       total 283136K, used 197211K [0x00000003c0000000, 0x00000003d1480000, 0x000000066ab00000)
  object space 283136K, 69% used [0x00000003c0000000,0x00000003cc096fb0,0x00000003d1480000)
 Metaspace       used 85928K, capacity 86958K, committed 87256K, reserved 1124352K
  class space    used 12214K, capacity 12461K, committed 12504K, reserved 1048576K
}
Event: 48.833 GC heap before
{Heap before GC invocations=56 (full 6):
 PSYoungGen      total 1320960K, used 1309870K [0x000000066ab00000, 0x00000006be600000, 0x00000007c0000000)
  eden space 1305600K, 100% used [0x000000066ab00000,0x00000006ba600000,0x00000006ba600000)
  from space 15360K, 27% used [0x00000006ba600000,0x00000006baa2b878,0x00000006bb500000)
  to   space 14336K, 0% used [0x00000006bd800000,0x00000006bd800000,0x00000006be600000)
 ParOldGen       total 283136K, used 197211K [0x00000003c0000000, 0x00000003d1480000, 0x000000066ab00000)
  object space 283136K, 69% used [0x00000003c0000000,0x00000003cc096fb0,0x00000003d1480000)
 Metaspace       used 85929K, capacity 86958K, committed 87256K, reserved 1124352K
  class space    used 12214K, capacity 12461K, committed 12504K, reserved 1048576K
Event: 48.838 GC heap after
Heap after GC invocations=56 (full 6):
 PSYoungGen      total 1354752K, used 2423K [0x000000066ab00000, 0x00000006be480000, 0x00000007c0000000)
  eden space 1341952K, 0% used [0x000000066ab00000,0x000000066ab00000,0x00000006bc980000)
  from space 12800K, 18% used [0x00000006bd800000,0x00000006bda5dd40,0x00000006be480000)
  to   space 13824K, 0% used [0x00000006bc980000,0x00000006bc980000,0x00000006bd700000)
 ParOldGen       total 283136K, used 197211K [0x00000003c0000000, 0x00000003d1480000, 0x000000066ab00000)
  object space 283136K, 69% used [0x00000003c0000000,0x00000003cc096fb0,0x00000003d1480000)
 Metaspace       used 85929K, capacity 86958K, committed 87256K, reserved 1124352K
  class space    used 12214K, capacity 12461K, committed 12504K, reserved 1048576K
}
Event: 49.852 GC heap before
{Heap before GC invocations=57 (full 6):
 PSYoungGen      total 1354752K, used 1344375K [0x000000066ab00000, 0x00000006be480000, 0x00000007c0000000)
  eden space 1341952K, 100% used [0x000000066ab00000,0x00000006bc980000,0x00000006bc980000)
  from space 12800K, 18% used [0x00000006bd800000,0x00000006bda5dd40,0x00000006be480000)
  to   space 13824K, 0% used [0x00000006bc980000,0x00000006bc980000,0x00000006bd700000)
 ParOldGen       total 283136K, used 197211K [0x00000003c0000000, 0x00000003d1480000, 0x000000066ab00000)
  object space 283136K, 69% used [0x00000003c0000000,0x00000003cc096fb0,0x00000003d1480000)
 Metaspace       used 85929K, capacity 86958K, committed 87256K, reserved 1124352K
  class space    used 12214K, capacity 12461K, committed 12504K, reserved 1048576K
Event: 49.856 GC heap after
Heap after GC invocations=57 (full 6):
 PSYoungGen      total 1355776K, used 1344K [0x000000066ab00000, 0x00000006c0580000, 0x00000007c0000000)
  eden space 1341952K, 0% used [0x000000066ab00000,0x000000066ab00000,0x00000006bc980000)
  from space 13824K, 9% used [0x00000006bc980000,0x00000006bcad0010,0x00000006bd700000)
  to   space 13312K, 0% used [0x00000006bf880000,0x00000006bf880000,0x00000006c0580000)
 ParOldGen       total 283136K, used 197211K [0x00000003c0000000, 0x00000003d1480000, 0x000000066ab00000)
  object space 283136K, 69% used [0x00000003c0000000,0x00000003cc096fb0,0x00000003d1480000)
 Metaspace       used 85929K, capacity 86958K, committed 87256K, reserved 1124352K
  class space    used 12214K, capacity 12461K, committed 12504K, reserved 1048576K
}
Event: 50.866 GC heap before
{Heap before GC invocations=58 (full 6):
 PSYoungGen      total 1355776K, used 1343296K [0x000000066ab00000, 0x00000006c0580000, 0x00000007c0000000)
  eden space 1341952K, 100% used [0x000000066ab00000,0x00000006bc980000,0x00000006bc980000)
  from space 13824K, 9% used [0x00000006bc980000,0x00000006bcad0010,0x00000006bd700000)
  to   space 13312K, 0% used [0x00000006bf880000,0x00000006bf880000,0x00000006c0580000)
 ParOldGen       total 283136K, used 197211K [0x00000003c0000000, 0x00000003d1480000, 0x000000066ab00000)
  object space 283136K, 69% used [0x00000003c0000000,0x00000003cc096fb0,0x00000003d1480000)
 Metaspace       used 85929K, capacity 86958K, committed 87256K, reserved 1124352K
  class space    used 12214K, capacity 12461K, committed 12504K, reserved 1048576K
Event: 50.871 GC heap after
Heap after GC invocations=58 (full 6):
 PSYoungGen      total 1387008K, used 2170K [0x000000066ab00000, 0x00000006c0300000, 0x00000007c0000000)
  eden space 1376256K, 0% used [0x000000066ab00000,0x000000066ab00000,0x00000006beb00000)
  from space 10752K, 20% used [0x00000006bf880000,0x00000006bfa9eb80,0x00000006c0300000)
  to   space 12288K, 0% used [0x00000006beb00000,0x00000006beb00000,0x00000006bf700000)
 ParOldGen       total 283136K, used 197211K [0x00000003c0000000, 0x00000003d1480000, 0x000000066ab00000)
  object space 283136K, 69% used [0x00000003c0000000,0x00000003cc096fb0,0x00000003d1480000)
 Metaspace       used 85929K, capacity 86958K, committed 87256K, reserved 1124352K
  class space    used 12214K, capacity 12461K, committed 12504K, reserved 1048576K
}
Event: 51.952 GC heap before
{Heap before GC invocations=59 (full 6):
 PSYoungGen      total 1387008K, used 1378426K [0x000000066ab00000, 0x00000006c0300000, 0x00000007c0000000)
  eden space 1376256K, 100% used [0x000000066ab00000,0x00000006beb00000,0x00000006beb00000)
  from space 10752K, 20% used [0x00000006bf880000,0x00000006bfa9eb80,0x00000006c0300000)
  to   space 12288K, 0% used [0x00000006beb00000,0x00000006beb00000,0x00000006bf700000)
 ParOldGen       total 283136K, used 197211K [0x00000003c0000000, 0x00000003d1480000, 0x000000066ab00000)
  object space 283136K, 69% used [0x00000003c0000000,0x00000003cc096fb0,0x00000003d1480000)
 Metaspace       used 85930K, capacity 86958K, committed 87256K, reserved 1124352K
  class space    used 12214K, capacity 12461K, committed 12504K, reserved 1048576K
Event: 51.958 GC heap after
Heap after GC invocations=59 (full 6):
 PSYoungGen      total 1388544K, used 3264K [0x000000066ab00000, 0x00000006c2580000, 0x00000007c0000000)
  eden space 1376256K, 0% used [0x000000066ab00000,0x000000066ab00000,0x00000006beb00000)
  from space 12288K, 26% used [0x00000006beb00000,0x00000006bee30020,0x00000006bf700000)
  to   space 11776K, 0% used [0x00000006c1a00000,0x00000006c1a00000,0x00000006c2580000)
 ParOldGen       total 283136K, used 197211K [0x00000003c0000000, 0x00000003d1480000, 0x000000066ab00000)
  object space 283136K, 69% used [0x00000003c0000000,0x00000003cc096fb0,0x00000003d1480000)
 Metaspace       used 85930K, capacity 86958K, committed 87256K, reserved 1124352K
  class space    used 12214K, capacity 12461K, committed 12504K, reserved 1048576K
}
Event: 52.988 GC heap before
{Heap before GC invocations=60 (full 6):
 PSYoungGen      total 1388544K, used 1379520K [0x000000066ab00000, 0x00000006c2580000, 0x00000007c0000000)
  eden space 1376256K, 100% used [0x000000066ab00000,0x00000006beb00000,0x00000006beb00000)
  from space 12288K, 26% used [0x00000006beb00000,0x00000006bee30020,0x00000006bf700000)
  to   space 11776K, 0% used [0x00000006c1a00000,0x00000006c1a00000,0x00000006c2580000)
 ParOldGen       total 283136K, used 197211K [0x00000003c0000000, 0x00000003d1480000, 0x000000066ab00000)
  object space 283136K, 69% used [0x00000003c0000000,0x00000003cc096fb0,0x00000003d1480000)
 Metaspace       used 85931K, capacity 86958K, committed 87256K, reserved 1124352K
  class space    used 12214K, capacity 12461K, committed 12504K, reserved 1048576K
Event: 52.994 GC heap after
Heap after GC invocations=60 (full 6):
 PSYoungGen      total 1424896K, used 3216K [0x000000066ab00000, 0x00000006c2500000, 0x00000007c0000000)
  eden space 1413632K, 0% used [0x000000066ab00000,0x000000066ab00000,0x00000006c0f80000)
  from space 11264K, 28% used [0x00000006c1a00000,0x00000006c1d24020,0x00000006c2500000)
  to   space 10752K, 0% used [0x00000006c0f80000,0x00000006c0f80000,0x00000006c1a00000)
 ParOldGen       total 283136K, used 197211K [0x00000003c0000000, 0x00000003d1480000, 0x000000066ab00000)
  object space 283136K, 69% used [0x00000003c0000000,0x00000003cc096fb0,0x00000003d1480000)
 Metaspace       used 85931K, capacity 86958K, committed 87256K, reserved 1124352K
  class space    used 12214K, capacity 12461K, committed 12504K, reserved 1048576K
}
Event: 54.084 GC heap before
{Heap before GC invocations=61 (full 6):
 PSYoungGen      total 1424896K, used 1416848K [0x000000066ab00000, 0x00000006c2500000, 0x00000007c0000000)
  eden space 1413632K, 100% used [0x000000066ab00000,0x00000006c0f80000,0x00000006c0f80000)
  from space 11264K, 28% used [0x00000006c1a00000,0x00000006c1d24020,0x00000006c2500000)
  to   space 10752K, 0% used [0x00000006c0f80000,0x00000006c0f80000,0x00000006c1a00000)
 ParOldGen       total 283136K, used 197211K [0x00000003c0000000, 0x00000003d1480000, 0x000000066ab00000)
  object space 283136K, 69% used [0x00000003c0000000,0x00000003cc096fb0,0x00000003d1480000)
 Metaspace       used 85933K, capacity 86958K, committed 87256K, reserved 1124352K
  class space    used 12214K, capacity 12461K, committed 12504K, reserved 1048576K
Event: 54.089 GC heap after
Heap after GC invocations=61 (full 6):
 PSYoungGen      total 1424384K, used 2144K [0x000000066ab00000, 0x00000006c4780000, 0x00000007c0000000)
  eden space 1413632K, 0% used [0x000000066ab00000,0x000000066ab00000,0x00000006c0f80000)
  from space 10752K, 19% used [0x00000006c0f80000,0x00000006c1198010,0x00000006c1a00000)
  to   space 10240K, 0% used [0x00000006c3d80000,0x00000006c3d80000,0x00000006c4780000)
 ParOldGen       total 283136K, used 197211K [0x00000003c0000000, 0x00000003d1480000, 0x000000066ab00000)
  object space 283136K, 69% used [0x00000003c0000000,0x00000003cc096fb0,0x00000003d1480000)
 Metaspace       used 85933K, capacity 86958K, committed 87256K, reserved 1124352K
  class space    used 12214K, capacity 12461K, committed 12504K, reserved 1048576K
}
Event: 55.158 GC heap before
{Heap before GC invocations=62 (full 6):
 PSYoungGen      total 1424384K, used 1415776K [0x000000066ab00000, 0x00000006c4780000, 0x00000007c0000000)
  eden space 1413632K, 100% used [0x000000066ab00000,0x00000006c0f80000,0x00000006c0f80000)
  from space 10752K, 19% used [0x00000006c0f80000,0x00000006c1198010,0x00000006c1a00000)
  to   space 10240K, 0% used [0x00000006c3d80000,0x00000006c3d80000,0x00000006c4780000)
 ParOldGen       total 283136K, used 197211K [0x00000003c0000000, 0x00000003d1480000, 0x000000066ab00000)
  object space 283136K, 69% used [0x00000003c0000000,0x00000003cc096fb0,0x00000003d1480000)
 Metaspace       used 85933K, capacity 86958K, committed 87256K, reserved 1124352K
  class space    used 12214K, capacity 12461K, committed 12504K, reserved 1048576K
Event: 55.162 GC heap after
Heap after GC invocations=62 (full 6):
 PSYoungGen      total 1455616K, used 1248K [0x000000066ab00000, 0x00000006c4480000, 0x00000007c0000000)
  eden space 1448448K, 0% used [0x000000066ab00000,0x000000066ab00000,0x00000006c3180000)
  from space 7168K, 17% used [0x00000006c3d80000,0x00000006c3eb8010,0x00000006c4480000)
  to   space 9728K, 0% used [0x00000006c3180000,0x00000006c3180000,0x00000006c3b00000)
 ParOldGen       total 283136K, used 197211K [0x00000003c0000000, 0x00000003d1480000, 0x000000066ab00000)
  object space 283136K, 69% used [0x00000003c0000000,0x00000003cc096fb0,0x00000003d1480000)
 Metaspace       used 85933K, capacity 86958K, committed 87256K, reserved 1124352K
  class space    used 12214K, capacity 12461K, committed 12504K, reserved 1048576K
}
Event: 56.280 GC heap before
{Heap before GC invocations=63 (full 6):
 PSYoungGen      total 1455616K, used 1449696K [0x000000066ab00000, 0x00000006c4480000, 0x00000007c0000000)
  eden space 1448448K, 100% used [0x000000066ab00000,0x00000006c3180000,0x00000006c3180000)
  from space 7168K, 17% used [0x00000006c3d80000,0x00000006c3eb8010,0x00000006c4480000)
  to   space 9728K, 0% used [0x00000006c3180000,0x00000006c3180000,0x00000006c3b00000)
 ParOldGen       total 283136K, used 197211K [0x00000003c0000000, 0x00000003d1480000, 0x000000066ab00000)
  object space 283136K, 69% used [0x00000003c0000000,0x00000003cc096fb0,0x00000003d1480000)
 Metaspace       used 85934K, capacity 86958K, committed 87256K, reserved 1124352K
  class space    used 12214K, capacity 12461K, committed 12504K, reserved 1048576K
Event: 56.286 GC heap after
Heap after GC invocations=63 (full 6):
 PSYoungGen      total 1458176K, used 3059K [0x000000066ab00000, 0x00000006c6580000, 0x00000007c0000000)
  eden space 1448448K, 0% used [0x000000066ab00000,0x000000066ab00000,0x00000006c3180000)
  from space 9728K, 31% used [0x00000006c3180000,0x00000006c347ce30,0x00000006c3b00000)
  to   space 9216K, 0% used [0x00000006c5c80000,0x00000006c5c80000,0x00000006c6580000)
 ParOldGen       total 283136K, used 197219K [0x00000003c0000000, 0x00000003d1480000, 0x000000066ab00000)
  object space 283136K, 69% used [0x00000003c0000000,0x00000003cc098fb0,0x00000003d1480000)
 Metaspace       used 85934K, capacity 86958K, committed 87256K, reserved 1124352K
  class space    used 12214K, capacity 12461K, committed 12504K, reserved 1048576K
}
Event: 57.396 GC heap before
{Heap before GC invocations=64 (full 6):
 PSYoungGen      total 1458176K, used 1451507K [0x000000066ab00000, 0x00000006c6580000, 0x00000007c0000000)
  eden space 1448448K, 100% used [0x000000066ab00000,0x00000006c3180000,0x00000006c3180000)
  from space 9728K, 31% used [0x00000006c3180000,0x00000006c347ce30,0x00000006c3b00000)
  to   space 9216K, 0% used [0x00000006c5c80000,0x00000006c5c80000,0x00000006c6580000)
 ParOldGen       total 283136K, used 197219K [0x00000003c0000000, 0x00000003d1480000, 0x000000066ab00000)
  object space 283136K, 69% used [0x00000003c0000000,0x00000003cc098fb0,0x00000003d1480000)
 Metaspace       used 85935K, capacity 86958K, committed 87256K, reserved 1124352K
  class space    used 12214K, capacity 12461K, committed 12504K, reserved 1048576K
Event: 57.401 GC heap after
Heap after GC invocations=64 (full 6):
 PSYoungGen      total 1491456K, used 3313K [0x000000066ab00000, 0x00000006c6480000, 0x00000007c0000000)
  eden space 1483264K, 0% used [0x000000066ab00000,0x000000066ab00000,0x00000006c5380000)
  from space 8192K, 40% used [0x00000006c5c80000,0x00000006c5fbc728,0x00000006c6480000)
  to   space 8704K, 0% used [0x00000006c5380000,0x00000006c5380000,0x00000006c5c00000)
 ParOldGen       total 283136K, used 197219K [0x00000003c0000000, 0x00000003d1480000, 0x000000066ab00000)
  object space 283136K, 69% used [0x00000003c0000000,0x00000003cc098fb0,0x00000003d1480000)
 Metaspace       used 85935K, capacity 86958K, committed 87256K, reserved 1124352K
  class space    used 12214K, capacity 12461K, committed 12504K, reserved 1048576K
}
Event: 58.545 GC heap before
{Heap before GC invocations=65 (full 6):
 PSYoungGen      total 1491456K, used 1486577K [0x000000066ab00000, 0x00000006c6480000, 0x00000007c0000000)
  eden space 1483264K, 100% used [0x000000066ab00000,0x00000006c5380000,0x00000006c5380000)
  from space 8192K, 40% used [0x00000006c5c80000,0x00000006c5fbc728,0x00000006c6480000)
  to   space 8704K, 0% used [0x00000006c5380000,0x00000006c5380000,0x00000006c5c00000)
 ParOldGen       total 283136K, used 197219K [0x00000003c0000000, 0x00000003d1480000, 0x000000066ab00000)
  object space 283136K, 69% used [0x00000003c0000000,0x00000003cc098fb0,0x00000003d1480000)
 Metaspace       used 85943K, capacity 86958K, committed 87256K, reserved 1124352K
  class space    used 12214K, capacity 12461K, committed 12504K, reserved 1048576K
Event: 58.551 GC heap after
Heap after GC invocations=65 (full 6):
 PSYoungGen      total 1491968K, used 2784K [0x000000066ab00000, 0x00000006c8680000, 0x00000007c0000000)
  eden space 1483264K, 0% used [0x000000066ab00000,0x000000066ab00000,0x00000006c5380000)
  from space 8704K, 31% used [0x00000006c5380000,0x00000006c5638010,0x00000006c5c00000)
  to   space 8192K, 0% used [0x00000006c7e80000,0x00000006c7e80000,0x00000006c8680000)
 ParOldGen       total 283136K, used 197219K [0x00000003c0000000, 0x00000003d1480000, 0x000000066ab00000)
  object space 283136K, 69% used [0x00000003c0000000,0x00000003cc098fb0,0x00000003d1480000)
 Metaspace       used 85943K, capacity 86958K, committed 87256K, reserved 1124352K
  class space    used 12214K, capacity 12461K, committed 12504K, reserved 1048576K
}
Event: 59.672 GC heap before
{Heap before GC invocations=66 (full 6):
 PSYoungGen      total 1491968K, used 1486048K [0x000000066ab00000, 0x00000006c8680000, 0x00000007c0000000)
  eden space 1483264K, 100% used [0x000000066ab00000,0x00000006c5380000,0x00000006c5380000)
  from space 8704K, 31% used [0x00000006c5380000,0x00000006c5638010,0x00000006c5c00000)
  to   space 8192K, 0% used [0x00000006c7e80000,0x00000006c7e80000,0x00000006c8680000)
 ParOldGen       total 283136K, used 197219K [0x00000003c0000000, 0x00000003d1480000, 0x000000066ab00000)
  object space 283136K, 69% used [0x00000003c0000000,0x00000003cc098fb0,0x00000003d1480000)
 Metaspace       used 85947K, capacity 86958K, committed 87256K, reserved 1124352K
  class space    used 12214K, capacity 12461K, committed 12504K, reserved 1048576K
Event: 59.677 GC heap after
Heap after GC invocations=66 (full 6):
 PSYoungGen      total 1525248K, used 2048K [0x000000066ab00000, 0x00000006c8580000, 0x00000007c0000000)
  eden space 1518080K, 0% used [0x000000066ab00000,0x000000066ab00000,0x00000006c7580000)
  from space 7168K, 28% used [0x00000006c7e80000,0x00000006c8080010,0x00000006c8580000)
  to   space 8192K, 0% used [0x00000006c7580000,0x00000006c7580000,0x00000006c7d80000)
 ParOldGen       total 283136K, used 197227K [0x00000003c0000000, 0x00000003d1480000, 0x000000066ab00000)
  object space 283136K, 69% used [0x00000003c0000000,0x00000003cc09afb0,0x00000003d1480000)
 Metaspace       used 85947K, capacity 86958K, committed 87256K, reserved 1124352K
  class space    used 12214K, capacity 12461K, committed 12504K, reserved 1048576K
}
Event: 60.862 GC heap before
{Heap before GC invocations=67 (full 6):
 PSYoungGen      total 1525248K, used 1520128K [0x000000066ab00000, 0x00000006c8580000, 0x00000007c0000000)
  eden space 1518080K, 100% used [0x000000066ab00000,0x00000006c7580000,0x00000006c7580000)
  from space 7168K, 28% used [0x00000006c7e80000,0x00000006c8080010,0x00000006c8580000)
  to   space 8192K, 0% used [0x00000006c7580000,0x00000006c7580000,0x00000006c7d80000)
 ParOldGen       total 283136K, used 197227K [0x00000003c0000000, 0x00000003d1480000, 0x000000066ab00000)
  object space 283136K, 69% used [0x00000003c0000000,0x00000003cc09afb0,0x00000003d1480000)
 Metaspace       used 85947K, capacity 86958K, committed 87256K, reserved 1124352K
  class space    used 12214K, capacity 12461K, committed 12504K, reserved 1048576K
Event: 60.867 GC heap after
Heap after GC invocations=67 (full 6):
 PSYoungGen      total 1526272K, used 2803K [0x000000066ab00000, 0x00000006ca700000, 0x00000007c0000000)
  eden space 1518080K, 0% used [0x000000066ab00000,0x000000066ab00000,0x00000006c7580000)
  from space 8192K, 34% used [0x00000006c7580000,0x00000006c783cc30,0x00000006c7d80000)
  to   space 7680K, 0% used [0x00000006c9f80000,0x00000006c9f80000,0x00000006ca700000)
 ParOldGen       total 283136K, used 197227K [0x00000003c0000000, 0x00000003d1480000, 0x000000066ab00000)
  object space 283136K, 69% used [0x00000003c0000000,0x00000003cc09afb0,0x00000003d1480000)
 Metaspace       used 85947K, capacity 86958K, committed 87256K, reserved 1124352K
  class space    used 12214K, capacity 12461K, committed 12504K, reserved 1048576K
}
Event: 62.022 GC heap before
{Heap before GC invocations=68 (full 6):
 PSYoungGen      total 1526272K, used 1520883K [0x000000066ab00000, 0x00000006ca700000, 0x00000007c0000000)
  eden space 1518080K, 100% used [0x000000066ab00000,0x00000006c7580000,0x00000006c7580000)
  from space 8192K, 34% used [0x00000006c7580000,0x00000006c783cc30,0x00000006c7d80000)
  to   space 7680K, 0% used [0x00000006c9f80000,0x00000006c9f80000,0x00000006ca700000)
 ParOldGen       total 283136K, used 197227K [0x00000003c0000000, 0x00000003d1480000, 0x000000066ab00000)
  object space 283136K, 69% used [0x00000003c0000000,0x00000003cc09afb0,0x00000003d1480000)
 Metaspace       used 85947K, capacity 86958K, committed 87256K, reserved 1124352K
  class space    used 12214K, capacity 12461K, committed 12504K, reserved 1048576K
Event: 62.027 GC heap after
Heap after GC invocations=68 (full 6):
 PSYoungGen      total 1558016K, used 2112K [0x000000066ab00000, 0x00000006ca500000, 0x00000007c0000000)
  eden space 1552384K, 0% used [0x000000066ab00000,0x000000066ab00000,0x00000006c9700000)
  from space 5632K, 37% used [0x00000006c9f80000,0x00000006ca190010,0x00000006ca500000)
  to   space 7168K, 0% used [0x00000006c9700000,0x00000006c9700000,0x00000006c9e00000)
 ParOldGen       total 283136K, used 197227K [0x00000003c0000000, 0x00000003d1480000, 0x000000066ab00000)
  object space 283136K, 69% used [0x00000003c0000000,0x00000003cc09afb0,0x00000003d1480000)
 Metaspace       used 85947K, capacity 86958K, committed 87256K, reserved 1124352K
  class space    used 12214K, capacity 12461K, committed 12504K, reserved 1048576K
}
Event: 63.218 GC heap before
{Heap before GC invocations=69 (full 6):
 PSYoungGen      total 1558016K, used 1554496K [0x000000066ab00000, 0x00000006ca500000, 0x00000007c0000000)
  eden space 1552384K, 100% used [0x000000066ab00000,0x00000006c9700000,0x00000006c9700000)
  from space 5632K, 37% used [0x00000006c9f80000,0x00000006ca190010,0x00000006ca500000)
  to   space 7168K, 0% used [0x00000006c9700000,0x00000006c9700000,0x00000006c9e00000)
 ParOldGen       total 283136K, used 197227K [0x00000003c0000000, 0x00000003d1480000, 0x000000066ab00000)
  object space 283136K, 69% used [0x00000003c0000000,0x00000003cc09afb0,0x00000003d1480000)
 Metaspace       used 85947K, capacity 86958K, committed 87256K, reserved 1124352K
  class space    used 12214K, capacity 12461K, committed 12504K, reserved 1048576K
Event: 63.222 GC heap after
Heap after GC invocations=69 (full 6):
 PSYoungGen      total 1559552K, used 2101K [0x000000066ab00000, 0x00000006cc600000, 0x00000007c0000000)
  eden space 1552384K, 0% used [0x000000066ab00000,0x000000066ab00000,0x00000006c9700000)
  from space 7168K, 29% used [0x00000006c9700000,0x00000006c990d728,0x00000006c9e00000)
  to   space 7168K, 0% used [0x00000006cbf00000,0x00000006cbf00000,0x00000006cc600000)
 ParOldGen       total 283136K, used 197227K [0x00000003c0000000, 0x00000003d1480000, 0x000000066ab00000)
  object space 283136K, 69% used [0x00000003c0000000,0x00000003cc09afb0,0x00000003d1480000)
 Metaspace       used 85947K, capacity 86958K, committed 87256K, reserved 1124352K
  class space    used 12214K, capacity 12461K, committed 12504K, reserved 1048576K
}
Event: 64.377 GC heap before
{Heap before GC invocations=70 (full 6):
 PSYoungGen      total 1559552K, used 1554485K [0x000000066ab00000, 0x00000006cc600000, 0x00000007c0000000)
  eden space 1552384K, 100% used [0x000000066ab00000,0x00000006c9700000,0x00000006c9700000)
  from space 7168K, 29% used [0x00000006c9700000,0x00000006c990d728,0x00000006c9e00000)
  to   space 7168K, 0% used [0x00000006cbf00000,0x00000006cbf00000,0x00000006cc600000)
 ParOldGen       total 283136K, used 197227K [0x00000003c0000000, 0x00000003d1480000, 0x000000066ab00000)
  object space 283136K, 69% used [0x00000003c0000000,0x00000003cc09afb0,0x00000003d1480000)
 Metaspace       used 85947K, capacity 86958K, committed 87256K, reserved 1124352K
  class space    used 12214K, capacity 12461K, committed 12504K, reserved 1048576K
Event: 64.381 GC heap after
Heap after GC invocations=70 (full 6):
 PSYoungGen      total 1589248K, used 1472K [0x000000066ab00000, 0x00000006cc380000, 0x00000007c0000000)
  eden space 1584640K, 0% used [0x000000066ab00000,0x000000066ab00000,0x00000006cb680000)
  from space 4608K, 31% used [0x00000006cbf00000,0x00000006cc070010,0x00000006cc380000)
  to   space 6656K, 0% used [0x00000006cb680000,0x00000006cb680000,0x00000006cbd00000)
 ParOldGen       total 283136K, used 197227K [0x00000003c0000000, 0x00000003d1480000, 0x000000066ab00000)
  object space 283136K, 69% used [0x00000003c0000000,0x00000003cc09afb0,0x00000003d1480000)
 Metaspace       used 85947K, capacity 86958K, committed 87256K, reserved 1124352K
  class space    used 12214K, capacity 12461K, committed 12504K, reserved 1048576K
}
Event: 65.548 GC heap before
{Heap before GC invocations=71 (full 6):
 PSYoungGen      total 1589248K, used 1586112K [0x000000066ab00000, 0x00000006cc380000, 0x00000007c0000000)
  eden space 1584640K, 100% used [0x000000066ab00000,0x00000006cb680000,0x00000006cb680000)
  from space 4608K, 31% used [0x00000006cbf00000,0x00000006cc070010,0x00000006cc380000)
  to   space 6656K, 0% used [0x00000006cb680000,0x00000006cb680000,0x00000006cbd00000)
 ParOldGen       total 283136K, used 197227K [0x00000003c0000000, 0x00000003d1480000, 0x000000066ab00000)
  object space 283136K, 69% used [0x00000003c0000000,0x00000003cc09afb0,0x00000003d1480000)
 Metaspace       used 85947K, capacity 86958K, committed 87256K, reserved 1124352K
  class space    used 12214K, capacity 12461K, committed 12504K, reserved 1048576K
Event: 65.553 GC heap after
Heap after GC invocations=71 (full 6):
 PSYoungGen      total 1591296K, used 2432K [0x000000066ab00000, 0x00000006ce400000, 0x00000007c0000000)
  eden space 1584640K, 0% used [0x000000066ab00000,0x000000066ab00000,0x00000006cb680000)
  from space 6656K, 36% used [0x00000006cb680000,0x00000006cb8e0010,0x00000006cbd00000)
  to   space 6656K, 0% used [0x00000006cdd80000,0x00000006cdd80000,0x00000006ce400000)
 ParOldGen       total 283136K, used 197227K [0x00000003c0000000, 0x00000003d1480000, 0x000000066ab00000)
  object space 283136K, 69% used [0x00000003c0000000,0x00000003cc09afb0,0x00000003d1480000)
 Metaspace       used 85947K, capacity 86958K, committed 87256K, reserved 1124352K
  class space    used 12214K, capacity 12461K, committed 12504K, reserved 1048576K
}
Event: 66.730 GC heap before
{Heap before GC invocations=72 (full 6):
 PSYoungGen      total 1591296K, used 1587072K [0x000000066ab00000, 0x00000006ce400000, 0x00000007c0000000)
  eden space 1584640K, 100% used [0x000000066ab00000,0x00000006cb680000,0x00000006cb680000)
  from space 6656K, 36% used [0x00000006cb680000,0x00000006cb8e0010,0x00000006cbd00000)
  to   space 6656K, 0% used [0x00000006cdd80000,0x00000006cdd80000,0x00000006ce400000)
 ParOldGen       total 283136K, used 197227K [0x00000003c0000000, 0x00000003d1480000, 0x000000066ab00000)
  object space 283136K, 69% used [0x00000003c0000000,0x00000003cc09afb0,0x00000003d1480000)
 Metaspace       used 85947K, capacity 86958K, committed 87256K, reserved 1124352K
  class space    used 12214K, capacity 12461K, committed 12504K, reserved 1048576K
Event: 66.735 GC heap after
Heap after GC invocations=72 (full 6):
 PSYoungGen      total 1622528K, used 1824K [0x000000066ab00000, 0x00000006ce280000, 0x00000007c0000000)
  eden space 1617408K, 0% used [0x000000066ab00000,0x000000066ab00000,0x00000006cd680000)
  from space 5120K, 35% used [0x00000006cdd80000,0x00000006cdf48010,0x00000006ce280000)
  to   space 6144K, 0% used [0x00000006cd680000,0x00000006cd680000,0x00000006cdc80000)
 ParOldGen       total 283136K, used 197227K [0x00000003c0000000, 0x00000003d1480000, 0x000000066ab00000)
  object space 283136K, 69% used [0x00000003c0000000,0x00000003cc09afb0,0x00000003d1480000)
 Metaspace       used 85947K, capacity 86958K, committed 87256K, reserved 1124352K
  class space    used 12214K, capacity 12461K, committed 12504K, reserved 1048576K
}
Event: 67.957 GC heap before
{Heap before GC invocations=73 (full 6):
 PSYoungGen      total 1622528K, used 1619232K [0x000000066ab00000, 0x00000006ce280000, 0x00000007c0000000)
  eden space 1617408K, 100% used [0x000000066ab00000,0x00000006cd680000,0x00000006cd680000)
  from space 5120K, 35% used [0x00000006cdd80000,0x00000006cdf48010,0x00000006ce280000)
  to   space 6144K, 0% used [0x00000006cd680000,0x00000006cd680000,0x00000006cdc80000)
 ParOldGen       total 283136K, used 197227K [0x00000003c0000000, 0x00000003d1480000, 0x000000066ab00000)
  object space 283136K, 69% used [0x00000003c0000000,0x00000003cc09afb0,0x00000003d1480000)
 Metaspace       used 85949K, capacity 86958K, committed 87256K, reserved 1124352K
  class space    used 12214K, capacity 12461K, committed 12504K, reserved 1048576K
Event: 67.961 GC heap after
Heap after GC invocations=73 (full 6):
 PSYoungGen      total 1623552K, used 1778K [0x000000066ab00000, 0x00000006d0200000, 0x00000007c0000000)
  eden space 1617408K, 0% used [0x000000066ab00000,0x000000066ab00000,0x00000006cd680000)
  from space 6144K, 28% used [0x00000006cd680000,0x00000006cd83c928,0x00000006cdc80000)
  to   space 6144K, 0% used [0x00000006cfc00000,0x00000006cfc00000,0x00000006d0200000)
 ParOldGen       total 283136K, used 197227K [0x00000003c0000000, 0x00000003d1480000, 0x000000066ab00000)
  object space 283136K, 69% used [0x00000003c0000000,0x00000003cc09afb0,0x00000003d1480000)
 Metaspace       used 85949K, capacity 86958K, committed 87256K, reserved 1124352K
  class space    used 12214K, capacity 12461K, committed 12504K, reserved 1048576K
}
Event: 69.198 GC heap before
{Heap before GC invocations=74 (full 6):
 PSYoungGen      total 1623552K, used 1619186K [0x000000066ab00000, 0x00000006d0200000, 0x00000007c0000000)
  eden space 1617408K, 100% used [0x000000066ab00000,0x00000006cd680000,0x00000006cd680000)
  from space 6144K, 28% used [0x00000006cd680000,0x00000006cd83c928,0x00000006cdc80000)
  to   space 6144K, 0% used [0x00000006cfc00000,0x00000006cfc00000,0x00000006d0200000)
 ParOldGen       total 283136K, used 197227K [0x00000003c0000000, 0x00000003d1480000, 0x000000066ab00000)
  object space 283136K, 69% used [0x00000003c0000000,0x00000003cc09afb0,0x00000003d1480000)
 Metaspace       used 85950K, capacity 86958K, committed 87256K, reserved 1124352K
  class space    used 12214K, capacity 12461K, committed 12504K, reserved 1048576K
Event: 69.206 GC heap after
Heap after GC invocations=74 (full 6):
 PSYoungGen      total 1655808K, used 4094K [0x000000066ab00000, 0x00000006d0700000, 0x00000007c0000000)
  eden space 1649664K, 0% used [0x000000066ab00000,0x000000066ab00000,0x00000006cf600000)
  from space 6144K, 66% used [0x00000006cfc00000,0x00000006cffff9d8,0x00000006d0200000)
  to   space 6144K, 0% used [0x00000006cf600000,0x00000006cf600000,0x00000006cfc00000)
 ParOldGen       total 283136K, used 197235K [0x00000003c0000000, 0x00000003d1480000, 0x000000066ab00000)
  object space 283136K, 69% used [0x00000003c0000000,0x00000003cc09cfb0,0x00000003d1480000)
 Metaspace       used 85950K, capacity 86958K, committed 87256K, reserved 1124352K
  class space    used 12214K, capacity 12461K, committed 12504K, reserved 1048576K
}
Event: 70.458 GC heap before
{Heap before GC invocations=75 (full 6):
 PSYoungGen      total 1655808K, used 1653758K [0x000000066ab00000, 0x00000006d0700000, 0x00000007c0000000)
  eden space 1649664K, 100% used [0x000000066ab00000,0x00000006cf600000,0x00000006cf600000)
  from space 6144K, 66% used [0x00000006cfc00000,0x00000006cffff9d8,0x00000006d0200000)
  to   space 6144K, 0% used [0x00000006cf600000,0x00000006cf600000,0x00000006cfc00000)
 ParOldGen       total 283136K, used 197235K [0x00000003c0000000, 0x00000003d1480000, 0x000000066ab00000)
  object space 283136K, 69% used [0x00000003c0000000,0x00000003cc09cfb0,0x00000003d1480000)
 Metaspace       used 85950K, capacity 86958K, committed 87256K, reserved 1124352K
  class space    used 12214K, capacity 12461K, committed 12504K, reserved 1048576K
Event: 70.463 GC heap after
Heap after GC invocations=75 (full 6):
 PSYoungGen      total 1655808K, used 1472K [0x000000066ab00000, 0x00000006d2500000, 0x00000007c0000000)
  eden space 1649664K, 0% used [0x000000066ab00000,0x000000066ab00000,0x00000006cf600000)
  from space 6144K, 23% used [0x00000006cf600000,0x00000006cf770010,0x00000006cfc00000)
  to   space 6144K, 0% used [0x00000006d1f00000,0x00000006d1f00000,0x00000006d2500000)
 ParOldGen       total 283136K, used 197235K [0x00000003c0000000, 0x00000003d1480000, 0x000000066ab00000)
  object space 283136K, 69% used [0x00000003c0000000,0x00000003cc09cfb0,0x00000003d1480000)
 Metaspace       used 85950K, capacity 86958K, committed 87256K, reserved 1124352K
  class space    used 12214K, capacity 12461K, committed 12504K, reserved 1048576K
}
Event: 71.716 GC heap before
{Heap before GC invocations=76 (full 6):
 PSYoungGen      total 1655808K, used 1651136K [0x000000066ab00000, 0x00000006d2500000, 0x00000007c0000000)
  eden space 1649664K, 100% used [0x000000066ab00000,0x00000006cf600000,0x00000006cf600000)
  from space 6144K, 23% used [0x00000006cf600000,0x00000006cf770010,0x00000006cfc00000)
  to   space 6144K, 0% used [0x00000006d1f00000,0x00000006d1f00000,0x00000006d2500000)
 ParOldGen       total 283136K, used 197235K [0x00000003c0000000, 0x00000003d1480000, 0x000000066ab00000)
  object space 283136K, 69% used [0x00000003c0000000,0x00000003cc09cfb0,0x00000003d1480000)
 Metaspace       used 85950K, capacity 86958K, committed 87256K, reserved 1124352K
  class space    used 12214K, capacity 12461K, committed 12504K, reserved 1048576K
Event: 71.720 GC heap after
Heap after GC invocations=76 (full 6):
 PSYoungGen      total 1687552K, used 1504K [0x000000066ab00000, 0x00000006d2300000, 0x00000007c0000000)
  eden space 1683456K, 0% used [0x000000066ab00000,0x000000066ab00000,0x00000006d1700000)
  from space 4096K, 36% used [0x00000006d1f00000,0x00000006d2078010,0x00000006d2300000)
  to   space 6144K, 0% used [0x00000006d1700000,0x00000006d1700000,0x00000006d1d00000)
 ParOldGen       total 283136K, used 197243K [0x00000003c0000000, 0x00000003d1480000, 0x000000066ab00000)
  object space 283136K, 69% used [0x00000003c0000000,0x00000003cc09efb0,0x00000003d1480000)
 Metaspace       used 85950K, capacity 86958K, committed 87256K, reserved 1124352K
  class space    used 12214K, capacity 12461K, committed 12504K, reserved 1048576K
}
Event: 72.995 GC heap before
{Heap before GC invocations=77 (full 6):
 PSYoungGen      total 1687552K, used 1684960K [0x000000066ab00000, 0x00000006d2300000, 0x00000007c0000000)
  eden space 1683456K, 100% used [0x000000066ab00000,0x00000006d1700000,0x00000006d1700000)
  from space 4096K, 36% used [0x00000006d1f00000,0x00000006d2078010,0x00000006d2300000)
  to   space 6144K, 0% used [0x00000006d1700000,0x00000006d1700000,0x00000006d1d00000)
 ParOldGen       total 283136K, used 197243K [0x00000003c0000000, 0x00000003d1480000, 0x000000066ab00000)
  object space 283136K, 69% used [0x00000003c0000000,0x00000003cc09efb0,0x00000003d1480000)
 Metaspace       used 85951K, capacity 86958K, committed 87256K, reserved 1124352K
  class space    used 12214K, capacity 12461K, committed 12504K, reserved 1048576K
Event: 72.999 GC heap after
Heap after GC invocations=77 (full 6):
 PSYoungGen      total 1689600K, used 1824K [0x000000066ab00000, 0x00000006d4280000, 0x00000007c0000000)
  eden space 1683456K, 0% used [0x000000066ab00000,0x000000066ab00000,0x00000006d1700000)
  from space 6144K, 29% used [0x00000006d1700000,0x00000006d18c8010,0x00000006d1d00000)
  to   space 5632K, 0% used [0x00000006d3d00000,0x00000006d3d00000,0x00000006d4280000)
 ParOldGen       total 283136K, used 197243K [0x00000003c0000000, 0x00000003d1480000, 0x000000066ab00000)
  object space 283136K, 69% used [0x00000003c0000000,0x00000003cc09efb0,0x00000003d1480000)
 Metaspace       used 85951K, capacity 86958K, committed 87256K, reserved 1124352K
  class space    used 12214K, capacity 12461K, committed 12504K, reserved 1048576K
}
Event: 74.256 GC heap before
{Heap before GC invocations=78 (full 6):
 PSYoungGen      total 1689600K, used 1685280K [0x000000066ab00000, 0x00000006d4280000, 0x00000007c0000000)
  eden space 1683456K, 100% used [0x000000066ab00000,0x00000006d1700000,0x00000006d1700000)
  from space 6144K, 29% used [0x00000006d1700000,0x00000006d18c8010,0x00000006d1d00000)
  to   space 5632K, 0% used [0x00000006d3d00000,0x00000006d3d00000,0x00000006d4280000)
 ParOldGen       total 283136K, used 197243K [0x00000003c0000000, 0x00000003d1480000, 0x000000066ab00000)
  object space 283136K, 69% used [0x00000003c0000000,0x00000003cc09efb0,0x00000003d1480000)
 Metaspace       used 85953K, capacity 86958K, committed 87256K, reserved 1124352K
  class space    used 12214K, capacity 12461K, committed 12504K, reserved 1048576K
Event: 74.260 GC heap after
Heap after GC invocations=78 (full 6):
 PSYoungGen      total 1720320K, used 1856K [0x000000066ab00000, 0x00000006d4180000, 0x00000007c0000000)
  eden space 1715712K, 0% used [0x000000066ab00000,0x000000066ab00000,0x00000006d3680000)
  from space 4608K, 40% used [0x00000006d3d00000,0x00000006d3ed0010,0x00000006d4180000)
  to   space 5632K, 0% used [0x00000006d3680000,0x00000006d3680000,0x00000006d3c00000)
 ParOldGen       total 283136K, used 197251K [0x00000003c0000000, 0x00000003d1480000, 0x000000066ab00000)
  object space 283136K, 69% used [0x00000003c0000000,0x00000003cc0a0fb0,0x00000003d1480000)
 Metaspace       used 85953K, capacity 86958K, committed 87256K, reserved 1124352K
  class space    used 12214K, capacity 12461K, committed 12504K, reserved 1048576K
}
Event: 75.554 GC heap before
{Heap before GC invocations=79 (full 6):
 PSYoungGen      total 1720320K, used 1717568K [0x000000066ab00000, 0x00000006d4180000, 0x00000007c0000000)
  eden space 1715712K, 100% used [0x000000066ab00000,0x00000006d3680000,0x00000006d3680000)
  from space 4608K, 40% used [0x00000006d3d00000,0x00000006d3ed0010,0x00000006d4180000)
  to   space 5632K, 0% used [0x00000006d3680000,0x00000006d3680000,0x00000006d3c00000)
 ParOldGen       total 283136K, used 197251K [0x00000003c0000000, 0x00000003d1480000, 0x000000066ab00000)
  object space 283136K, 69% used [0x00000003c0000000,0x00000003cc0a0fb0,0x00000003d1480000)
 Metaspace       used 85953K, capacity 86958K, committed 87256K, reserved 1124352K
  class space    used 12214K, capacity 12461K, committed 12504K, reserved 1048576K
Event: 75.558 GC heap after
Heap after GC invocations=79 (full 6):
 PSYoungGen      total 1721344K, used 1344K [0x000000066ab00000, 0x00000006d6100000, 0x00000007c0000000)
  eden space 1715712K, 0% used [0x000000066ab00000,0x000000066ab00000,0x00000006d3680000)
  from space 5632K, 23% used [0x00000006d3680000,0x00000006d37d0010,0x00000006d3c00000)
  to   space 5632K, 0% used [0x00000006d5b80000,0x00000006d5b80000,0x00000006d6100000)
 ParOldGen       total 283136K, used 197251K [0x00000003c0000000, 0x00000003d1480000, 0x000000066ab00000)
  object space 283136K, 69% used [0x00000003c0000000,0x00000003cc0a0fb0,0x00000003d1480000)
 Metaspace       used 85953K, capacity 86958K, committed 87256K, reserved 1124352K
  class space    used 12214K, capacity 12461K, committed 12504K, reserved 1048576K
}
Event: 76.857 GC heap before
{Heap before GC invocations=80 (full 6):
 PSYoungGen      total 1721344K, used 1717056K [0x000000066ab00000, 0x00000006d6100000, 0x00000007c0000000)
  eden space 1715712K, 100% used [0x000000066ab00000,0x00000006d3680000,0x00000006d3680000)
  from space 5632K, 23% used [0x00000006d3680000,0x00000006d37d0010,0x00000006d3c00000)
  to   space 5632K, 0% used [0x00000006d5b80000,0x00000006d5b80000,0x00000006d6100000)
 ParOldGen       total 283136K, used 197251K [0x00000003c0000000, 0x00000003d1480000, 0x000000066ab00000)
  object space 283136K, 69% used [0x00000003c0000000,0x00000003cc0a0fb0,0x00000003d1480000)
 Metaspace       used 85953K, capacity 86958K, committed 87256K, reserved 1124352K
  class space    used 12214K, capacity 12461K, committed 12504K, reserved 1048576K
Event: 76.867 GC heap after
Heap after GC invocations=80 (full 6):
 PSYoungGen      total 1753088K, used 5597K [0x000000066ab00000, 0x00000006d6a80000, 0x00000007c0000000)
  eden space 1747456K, 0% used [0x000000066ab00000,0x000000066ab00000,0x00000006d5580000)
  from space 5632K, 99% used [0x00000006d5b80000,0x00000006d60f75e0,0x00000006d6100000)
  to   space 6144K, 0% used [0x00000006d5580000,0x00000006d5580000,0x00000006d5b80000)
 ParOldGen       total 283136K, used 197251K [0x00000003c0000000, 0x00000003d1480000, 0x000000066ab00000)
  object space 283136K, 69% used [0x00000003c0000000,0x00000003cc0a0fb0,0x00000003d1480000)
 Metaspace       used 85953K, capacity 86958K, committed 87256K, reserved 1124352K
  class space    used 12214K, capacity 12461K, committed 12504K, reserved 1048576K
}
Event: 78.207 GC heap before
{Heap before GC invocations=81 (full 6):
 PSYoungGen      total 1753088K, used 1753053K [0x000000066ab00000, 0x00000006d6a80000, 0x00000007c0000000)
  eden space 1747456K, 100% used [0x000000066ab00000,0x00000006d5580000,0x00000006d5580000)
  from space 5632K, 99% used [0x00000006d5b80000,0x00000006d60f75e0,0x00000006d6100000)
  to   space 6144K, 0% used [0x00000006d5580000,0x00000006d5580000,0x00000006d5b80000)
 ParOldGen       total 283136K, used 197251K [0x00000003c0000000, 0x00000003d1480000, 0x000000066ab00000)
  object space 283136K, 69% used [0x00000003c0000000,0x00000003cc0a0fb0,0x00000003d1480000)
 Metaspace       used 85954K, capacity 86958K, committed 87256K, reserved 1124352K
  class space    used 12214K, capacity 12461K, committed 12504K, reserved 1048576K
Event: 78.212 GC heap after
Heap after GC invocations=81 (full 6):
 PSYoungGen      total 1753600K, used 1504K [0x000000066ab00000, 0x00000006d8780000, 0x00000007c0000000)
  eden space 1747456K, 0% used [0x000000066ab00000,0x000000066ab00000,0x00000006d5580000)
  from space 6144K, 24% used [0x00000006d5580000,0x00000006d56f8010,0x00000006d5b80000)
  to   space 6144K, 0% used [0x00000006d8180000,0x00000006d8180000,0x00000006d8780000)
 ParOldGen       total 283136K, used 197259K [0x00000003c0000000, 0x00000003d1480000, 0x000000066ab00000)
  object space 283136K, 69% used [0x00000003c0000000,0x00000003cc0a2fb0,0x00000003d1480000)
 Metaspace       used 85954K, capacity 86958K, committed 87256K, reserved 1124352K
  class space    used 12214K, capacity 12461K, committed 12504K, reserved 1048576K
}
Event: 79.510 GC heap before
{Heap before GC invocations=82 (full 6):
 PSYoungGen      total 1753600K, used 1748960K [0x000000066ab00000, 0x00000006d8780000, 0x00000007c0000000)
  eden space 1747456K, 100% used [0x000000066ab00000,0x00000006d5580000,0x00000006d5580000)
  from space 6144K, 24% used [0x00000006d5580000,0x00000006d56f8010,0x00000006d5b80000)
  to   space 6144K, 0% used [0x00000006d8180000,0x00000006d8180000,0x00000006d8780000)
 ParOldGen       total 283136K, used 197259K [0x00000003c0000000, 0x00000003d1480000, 0x000000066ab00000)
  object space 283136K, 69% used [0x00000003c0000000,0x00000003cc0a2fb0,0x00000003d1480000)
 Metaspace       used 85954K, capacity 86958K, committed 87256K, reserved 1124352K
  class space    used 12214K, capacity 12461K, committed 12504K, reserved 1048576K
Event: 79.515 GC heap after
Heap after GC invocations=82 (full 6):
 PSYoungGen      total 1789440K, used 2592K [0x000000066ab00000, 0x00000006d8580000, 0x00000007c0000000)
  eden space 1785344K, 0% used [0x000000066ab00000,0x000000066ab00000,0x00000006d7a80000)
  from space 4096K, 63% used [0x00000006d8180000,0x00000006d8408010,0x00000006d8580000)
  to   space 5632K, 0% used [0x00000006d7a80000,0x00000006d7a80000,0x00000006d8000000)
 ParOldGen       total 283136K, used 197267K [0x00000003c0000000, 0x00000003d1480000, 0x000000066ab00000)
  object space 283136K, 69% used [0x00000003c0000000,0x00000003cc0a4fb0,0x00000003d1480000)
 Metaspace       used 85954K, capacity 86958K, committed 87256K, reserved 1124352K
  class space    used 12214K, capacity 12461K, committed 12504K, reserved 1048576K
}
Event: 80.870 GC heap before
{Heap before GC invocations=83 (full 6):
 PSYoungGen      total 1789440K, used 1787936K [0x000000066ab00000, 0x00000006d8580000, 0x00000007c0000000)
  eden space 1785344K, 100% used [0x000000066ab00000,0x00000006d7a80000,0x00000006d7a80000)
  from space 4096K, 63% used [0x00000006d8180000,0x00000006d8408010,0x00000006d8580000)
  to   space 5632K, 0% used [0x00000006d7a80000,0x00000006d7a80000,0x00000006d8000000)
 ParOldGen       total 283136K, used 197267K [0x00000003c0000000, 0x00000003d1480000, 0x000000066ab00000)
  object space 283136K, 69% used [0x00000003c0000000,0x00000003cc0a4fb0,0x00000003d1480000)
 Metaspace       used 85954K, capacity 86958K, committed 87256K, reserved 1124352K
  class space    used 12214K, capacity 12461K, committed 12504K, reserved 1048576K
Event: 80.874 GC heap after
Heap after GC invocations=83 (full 6):
 PSYoungGen      total 1790976K, used 1472K [0x000000066ab00000, 0x00000006da880000, 0x00000007c0000000)
  eden space 1785344K, 0% used [0x000000066ab00000,0x000000066ab00000,0x00000006d7a80000)
  from space 5632K, 26% used [0x00000006d7a80000,0x00000006d7bf0010,0x00000006d8000000)
  to   space 5632K, 0% used [0x00000006da300000,0x00000006da300000,0x00000006da880000)
 ParOldGen       total 283136K, used 197267K [0x00000003c0000000, 0x00000003d1480000, 0x000000066ab00000)
  object space 283136K, 69% used [0x00000003c0000000,0x00000003cc0a4fb0,0x00000003d1480000)
 Metaspace       used 85954K, capacity 86958K, committed 87256K, reserved 1124352K
  class space    used 12214K, capacity 12461K, committed 12504K, reserved 1048576K
}
Event: 82.197 GC heap before
{Heap before GC invocations=84 (full 6):
 PSYoungGen      total 1790976K, used 1786816K [0x000000066ab00000, 0x00000006da880000, 0x00000007c0000000)
  eden space 1785344K, 100% used [0x000000066ab00000,0x00000006d7a80000,0x00000006d7a80000)
  from space 5632K, 26% used [0x00000006d7a80000,0x00000006d7bf0010,0x00000006d8000000)
  to   space 5632K, 0% used [0x00000006da300000,0x00000006da300000,0x00000006da880000)
 ParOldGen       total 283136K, used 197267K [0x00000003c0000000, 0x00000003d1480000, 0x000000066ab00000)
  object space 283136K, 69% used [0x00000003c0000000,0x00000003cc0a4fb0,0x00000003d1480000)
 Metaspace       used 85957K, capacity 86958K, committed 87256K, reserved 1124352K
  class space    used 12214K, capacity 12461K, committed 12504K, reserved 1048576K
Event: 82.203 GC heap after
Heap after GC invocations=84 (full 6):
 PSYoungGen      total 1826816K, used 2464K [0x000000066ab00000, 0x00000006da900000, 0x00000007c0000000)
  eden space 1821184K, 0% used [0x000000066ab00000,0x000000066ab00000,0x00000006d9d80000)
  from space 5632K, 43% used [0x00000006da300000,0x00000006da568010,0x00000006da880000)
  to   space 5632K, 0% used [0x00000006d9d80000,0x00000006d9d80000,0x00000006da300000)
 ParOldGen       total 283136K, used 197267K [0x00000003c0000000, 0x00000003d1480000, 0x000000066ab00000)
  object space 283136K, 69% used [0x00000003c0000000,0x00000003cc0a4fb0,0x00000003d1480000)
 Metaspace       used 85957K, capacity 86958K, committed 87256K, reserved 1124352K
  class space    used 12214K, capacity 12461K, committed 12504K, reserved 1048576K
}
Event: 83.574 GC heap before
{Heap before GC invocations=85 (full 6):
 PSYoungGen      total 1826816K, used 1823648K [0x000000066ab00000, 0x00000006da900000, 0x00000007c0000000)
  eden space 1821184K, 100% used [0x000000066ab00000,0x00000006d9d80000,0x00000006d9d80000)
  from space 5632K, 43% used [0x00000006da300000,0x00000006da568010,0x00000006da880000)
  to   space 5632K, 0% used [0x00000006d9d80000,0x00000006d9d80000,0x00000006da300000)
 ParOldGen       total 283136K, used 197267K [0x00000003c0000000, 0x00000003d1480000, 0x000000066ab00000)
  object space 283136K, 69% used [0x00000003c0000000,0x00000003cc0a4fb0,0x00000003d1480000)
 Metaspace       used 85962K, capacity 86958K, committed 87256K, reserved 1124352K
  class space    used 12214K, capacity 12461K, committed 12504K, reserved 1048576K
Event: 83.589 GC heap after
Heap after GC invocations=85 (full 6):
 PSYoungGen      total 1826816K, used 5604K [0x000000066ab00000, 0x00000006ddc80000, 0x00000007c0000000)
  eden space 1821184K, 0% used [0x000000066ab00000,0x000000066ab00000,0x00000006d9d80000)
  from space 5632K, 99% used [0x00000006d9d80000,0x00000006da2f93b8,0x00000006da300000)
  to   space 7168K, 0% used [0x00000006dd580000,0x00000006dd580000,0x00000006ddc80000)
 ParOldGen       total 283136K, used 199187K [0x00000003c0000000, 0x00000003d1480000, 0x000000066ab00000)
  object space 283136K, 70% used [0x00000003c0000000,0x00000003cc284fb0,0x00000003d1480000)
 Metaspace       used 85962K, capacity 86958K, committed 87256K, reserved 1124352K
  class space    used 12214K, capacity 12461K, committed 12504K, reserved 1048576K
}
Event: 84.927 GC heap before
{Heap before GC invocations=86 (full 6):
 PSYoungGen      total 1826816K, used 1826788K [0x000000066ab00000, 0x00000006ddc80000, 0x00000007c0000000)
  eden space 1821184K, 100% used [0x000000066ab00000,0x00000006d9d80000,0x00000006d9d80000)
  from space 5632K, 99% used [0x00000006d9d80000,0x00000006da2f93b8,0x00000006da300000)
  to   space 7168K, 0% used [0x00000006dd580000,0x00000006dd580000,0x00000006ddc80000)
 ParOldGen       total 283136K, used 199187K [0x00000003c0000000, 0x00000003d1480000, 0x000000066ab00000)
  object space 283136K, 70% used [0x00000003c0000000,0x00000003cc284fb0,0x00000003d1480000)
 Metaspace       used 85963K, capacity 86958K, committed 87256K, reserved 1124352K
  class space    used 12214K, capacity 12461K, committed 12504K, reserved 1048576K
Event: 84.933 GC heap after
Heap after GC invocations=86 (full 6):
 PSYoungGen      total 1872384K, used 3008K [0x000000066ab00000, 0x00000006dd900000, 0x00000007c0000000)
  eden space 1868800K, 0% used [0x000000066ab00000,0x000000066ab00000,0x00000006dcc00000)
  from space 3584K, 83% used [0x00000006dd580000,0x00000006dd870010,0x00000006dd900000)
  to   space 6656K, 0% used [0x00000006dcc00000,0x00000006dcc00000,0x00000006dd280000)
 ParOldGen       total 283136K, used 199195K [0x00000003c0000000, 0x00000003d1480000, 0x000000066ab00000)
  object space 283136K, 70% used [0x00000003c0000000,0x00000003cc286fb0,0x00000003d1480000)
 Metaspace       used 85963K, capacity 86958K, committed 87256K, reserved 1124352K
  class space    used 12214K, capacity 12461K, committed 12504K, reserved 1048576K
}
Event: 86.343 GC heap before
{Heap before GC invocations=87 (full 6):
 PSYoungGen      total 1872384K, used 1871808K [0x000000066ab00000, 0x00000006dd900000, 0x00000007c0000000)
  eden space 1868800K, 100% used [0x000000066ab00000,0x00000006dcc00000,0x00000006dcc00000)
  from space 3584K, 83% used [0x00000006dd580000,0x00000006dd870010,0x00000006dd900000)
  to   space 6656K, 0% used [0x00000006dcc00000,0x00000006dcc00000,0x00000006dd280000)
 ParOldGen       total 283136K, used 199195K [0x00000003c0000000, 0x00000003d1480000, 0x000000066ab00000)
  object space 283136K, 70% used [0x00000003c0000000,0x00000003cc286fb0,0x00000003d1480000)
 Metaspace       used 85963K, capacity 86958K, committed 87256K, reserved 1124352K
  class space    used 12214K, capacity 12461K, committed 12504K, reserved 1048576K
Event: 86.348 GC heap after
Heap after GC invocations=87 (full 6):
 PSYoungGen      total 1875456K, used 2304K [0x000000066ab00000, 0x00000006e0480000, 0x00000007c0000000)
  eden space 1868800K, 0% used [0x000000066ab00000,0x000000066ab00000,0x00000006dcc00000)
  from space 6656K, 34% used [0x00000006dcc00000,0x00000006dce40010,0x00000006dd280000)
  to   space 6656K, 0% used [0x00000006dfe00000,0x00000006dfe00000,0x00000006e0480000)
 ParOldGen       total 283136K, used 199195K [0x00000003c0000000, 0x00000003d1480000, 0x000000066ab00000)
  object space 283136K, 70% used [0x00000003c0000000,0x00000003cc286fb0,0x00000003d1480000)
 Metaspace       used 85963K, capacity 86958K, committed 87256K, reserved 1124352K
  class space    used 12214K, capacity 12461K, committed 12504K, reserved 1048576K
}
Event: 87.743 GC heap before
{Heap before GC invocations=88 (full 6):
 PSYoungGen      total 1875456K, used 1871104K [0x000000066ab00000, 0x00000006e0480000, 0x00000007c0000000)
  eden space 1868800K, 100% used [0x000000066ab00000,0x00000006dcc00000,0x00000006dcc00000)
  from space 6656K, 34% used [0x00000006dcc00000,0x00000006dce40010,0x00000006dd280000)
  to   space 6656K, 0% used [0x00000006dfe00000,0x00000006dfe00000,0x00000006e0480000)
 ParOldGen       total 283136K, used 199195K [0x00000003c0000000, 0x00000003d1480000, 0x000000066ab00000)
  object space 283136K, 70% used [0x00000003c0000000,0x00000003cc286fb0,0x00000003d1480000)
 Metaspace       used 85963K, capacity 86958K, committed 87256K, reserved 1124352K
  class space    used 12214K, capacity 12461K, committed 12504K, reserved 1048576K
Event: 87.748 GC heap after
Heap after GC invocations=88 (full 6):
 PSYoungGen      total 1914880K, used 2486K [0x000000066ab00000, 0x00000006e0180000, 0x00000007c0000000)
  eden space 1911296K, 0% used [0x000000066ab00000,0x000000066ab00000,0x00000006df580000)
  from space 3584K, 69% used [0x00000006dfe00000,0x00000006e006d918,0x00000006e0180000)
  to   space 6144K, 0% used [0x00000006df580000,0x00000006df580000,0x00000006dfb80000)
 ParOldGen       total 283136K, used 199195K [0x00000003c0000000, 0x00000003d1480000, 0x000000066ab00000)
  object space 283136K, 70% used [0x00000003c0000000,0x00000003cc286fb0,0x00000003d1480000)
 Metaspace       used 85963K, capacity 86958K, committed 87256K, reserved 1124352K
  class space    used 12214K, capacity 12461K, committed 12504K, reserved 1048576K
}
Event: 89.198 GC heap before
{Heap before GC invocations=89 (full 6):
 PSYoungGen      total 1914880K, used 1913782K [0x000000066ab00000, 0x00000006e0180000, 0x00000007c0000000)
  eden space 1911296K, 100% used [0x000000066ab00000,0x00000006df580000,0x00000006df580000)
  from space 3584K, 69% used [0x00000006dfe00000,0x00000006e006d918,0x00000006e0180000)
  to   space 6144K, 0% used [0x00000006df580000,0x00000006df580000,0x00000006dfb80000)
 ParOldGen       total 283136K, used 199195K [0x00000003c0000000, 0x00000003d1480000, 0x000000066ab00000)
  object space 283136K, 70% used [0x00000003c0000000,0x00000003cc286fb0,0x00000003d1480000)
 Metaspace       used 85963K, capacity 86958K, committed 87256K, reserved 1124352K
  class space    used 12214K, capacity 12461K, committed 12504K, reserved 1048576K
Event: 89.208 GC heap after
Heap after GC invocations=89 (full 6):
 PSYoungGen      total 1917440K, used 4960K [0x000000066ab00000, 0x00000006e3080000, 0x00000007c0000000)
  eden space 1911296K, 0% used [0x000000066ab00000,0x000000066ab00000,0x00000006df580000)
  from space 6144K, 80% used [0x00000006df580000,0x00000006dfa58010,0x00000006dfb80000)
  to   space 6656K, 0% used [0x00000006e2a00000,0x00000006e2a00000,0x00000006e3080000)
 ParOldGen       total 283136K, used 199195K [0x00000003c0000000, 0x00000003d1480000, 0x000000066ab00000)
  object space 283136K, 70% used [0x00000003c0000000,0x00000003cc286fb0,0x00000003d1480000)
 Metaspace       used 85963K, capacity 86958K, committed 87256K, reserved 1124352K
  class space    used 12214K, capacity 12461K, committed 12504K, reserved 1048576K
}
Event: 90.617 GC heap before
{Heap before GC invocations=90 (full 6):
 PSYoungGen      total 1917440K, used 1916256K [0x000000066ab00000, 0x00000006e3080000, 0x00000007c0000000)
  eden space 1911296K, 100% used [0x000000066ab00000,0x00000006df580000,0x00000006df580000)
  from space 6144K, 80% used [0x00000006df580000,0x00000006dfa58010,0x00000006dfb80000)
  to   space 6656K, 0% used [0x00000006e2a00000,0x00000006e2a00000,0x00000006e3080000)
 ParOldGen       total 283136K, used 199195K [0x00000003c0000000, 0x00000003d1480000, 0x000000066ab00000)
  object space 283136K, 70% used [0x00000003c0000000,0x00000003cc286fb0,0x00000003d1480000)
 Metaspace       used 85963K, capacity 86958K, committed 87256K, reserved 1124352K
  class space    used 12214K, capacity 12461K, committed 12504K, reserved 1048576K
Event: 90.622 GC heap after
Heap after GC invocations=90 (full 6):
 PSYoungGen      total 1957888K, used 1824K [0x000000066ab00000, 0x00000006e2d00000, 0x00000007c0000000)
  eden space 1954816K, 0% used [0x000000066ab00000,0x000000066ab00000,0x00000006e2000000)
  from space 3072K, 59% used [0x00000006e2a00000,0x00000006e2bc8010,0x00000006e2d00000)
  to   space 6656K, 0% used [0x00000006e2000000,0x00000006e2000000,0x00000006e2680000)
 ParOldGen       total 283136K, used 199195K [0x00000003c0000000, 0x00000003d1480000, 0x000000066ab00000)
  object space 283136K, 70% used [0x00000003c0000000,0x00000003cc286fb0,0x00000003d1480000)
 Metaspace       used 85963K, capacity 86958K, committed 87256K, reserved 1124352K
  class space    used 12214K, capacity 12461K, committed 12504K, reserved 1048576K
}
Event: 92.109 GC heap before
{Heap before GC invocations=91 (full 6):
 PSYoungGen      total 1957888K, used 1956640K [0x000000066ab00000, 0x00000006e2d00000, 0x00000007c0000000)
  eden space 1954816K, 100% used [0x000000066ab00000,0x00000006e2000000,0x00000006e2000000)
  from space 3072K, 59% used [0x00000006e2a00000,0x00000006e2bc8010,0x00000006e2d00000)
  to   space 6656K, 0% used [0x00000006e2000000,0x00000006e2000000,0x00000006e2680000)
 ParOldGen       total 283136K, used 199195K [0x00000003c0000000, 0x00000003d1480000, 0x000000066ab00000)
  object space 283136K, 70% used [0x00000003c0000000,0x00000003cc286fb0,0x00000003d1480000)
 Metaspace       used 85963K, capacity 86958K, committed 87256K, reserved 1124352K
  class space    used 12214K, capacity 12461K, committed 12504K, reserved 1048576K
Event: 92.117 GC heap after
Heap after GC invocations=91 (full 6):
 PSYoungGen      total 1961472K, used 4675K [0x000000066ab00000, 0x00000006e5a80000, 0x00000007c0000000)
  eden space 1954816K, 0% used [0x000000066ab00000,0x000000066ab00000,0x00000006e2000000)
  from space 6656K, 70% used [0x00000006e2000000,0x00000006e2490e48,0x00000006e2680000)
  to   space 6656K, 0% used [0x00000006e5400000,0x00000006e5400000,0x00000006e5a80000)
 ParOldGen       total 283136K, used 199195K [0x00000003c0000000, 0x00000003d1480000, 0x000000066ab00000)
  object space 283136K, 70% used [0x00000003c0000000,0x00000003cc286fb0,0x00000003d1480000)
 Metaspace       used 85963K, capacity 86958K, committed 87256K, reserved 1124352K
  class space    used 12214K, capacity 12461K, committed 12504K, reserved 1048576K
}
Event: 93.551 GC heap before
{Heap before GC invocations=92 (full 6):
 PSYoungGen      total 1961472K, used 1959491K [0x000000066ab00000, 0x00000006e5a80000, 0x00000007c0000000)
  eden space 1954816K, 100% used [0x000000066ab00000,0x00000006e2000000,0x00000006e2000000)
  from space 6656K, 70% used [0x00000006e2000000,0x00000006e2490e48,0x00000006e2680000)
  to   space 6656K, 0% used [0x00000006e5400000,0x00000006e5400000,0x00000006e5a80000)
 ParOldGen       total 283136K, used 199195K [0x00000003c0000000, 0x00000003d1480000, 0x000000066ab00000)
  object space 283136K, 70% used [0x00000003c0000000,0x00000003cc286fb0,0x00000003d1480000)
 Metaspace       used 85965K, capacity 86958K, committed 87256K, reserved 1124352K
  class space    used 12214K, capacity 12461K, committed 12504K, reserved 1048576K
Event: 93.556 GC heap after
Heap after GC invocations=92 (full 6):
 PSYoungGen      total 2001920K, used 2272K [0x000000066ab00000, 0x00000006e5780000, 0x00000007c0000000)
  eden space 1998336K, 0% used [0x000000066ab00000,0x000000066ab00000,0x00000006e4a80000)
  from space 3584K, 63% used [0x00000006e5400000,0x00000006e5638010,0x00000006e5780000)
  to   space 6656K, 0% used [0x00000006e4a80000,0x00000006e4a80000,0x00000006e5100000)
 ParOldGen       total 283136K, used 199203K [0x00000003c0000000, 0x00000003d1480000, 0x000000066ab00000)
  object space 283136K, 70% used [0x00000003c0000000,0x00000003cc288fb0,0x00000003d1480000)
 Metaspace       used 85965K, capacity 86958K, committed 87256K, reserved 1124352K
  class space    used 12214K, capacity 12461K, committed 12504K, reserved 1048576K
}
Event: 95.022 GC heap before
{Heap before GC invocations=93 (full 6):
 PSYoungGen      total 2001920K, used 2000608K [0x000000066ab00000, 0x00000006e5780000, 0x00000007c0000000)
  eden space 1998336K, 100% used [0x000000066ab00000,0x00000006e4a80000,0x00000006e4a80000)
  from space 3584K, 63% used [0x00000006e5400000,0x00000006e5638010,0x00000006e5780000)
  to   space 6656K, 0% used [0x00000006e4a80000,0x00000006e4a80000,0x00000006e5100000)
 ParOldGen       total 283136K, used 199203K [0x00000003c0000000, 0x00000003d1480000, 0x000000066ab00000)
  object space 283136K, 70% used [0x00000003c0000000,0x00000003cc288fb0,0x00000003d1480000)
 Metaspace       used 85969K, capacity 87022K, committed 87256K, reserved 1124352K
  class space    used 12214K, capacity 12461K, committed 12504K, reserved 1048576K
Event: 95.028 GC heap after
Heap after GC invocations=93 (full 6):
 PSYoungGen      total 2004992K, used 2817K [0x000000066ab00000, 0x00000006e8000000, 0x00000007c0000000)
  eden space 1998336K, 0% used [0x000000066ab00000,0x000000066ab00000,0x00000006e4a80000)
  from space 6656K, 42% used [0x00000006e4a80000,0x00000006e4d40618,0x00000006e5100000)
  to   space 6144K, 0% used [0x00000006e7a00000,0x00000006e7a00000,0x00000006e8000000)
 ParOldGen       total 283136K, used 199211K [0x00000003c0000000, 0x00000003d1480000, 0x000000066ab00000)
  object space 283136K, 70% used [0x00000003c0000000,0x00000003cc28afb0,0x00000003d1480000)
 Metaspace       used 85969K, capacity 87022K, committed 87256K, reserved 1124352K
  class space    used 12214K, capacity 12461K, committed 12504K, reserved 1048576K
}
Event: 96.530 GC heap before
{Heap before GC invocations=94 (full 6):
 PSYoungGen      total 2004992K, used 2001153K [0x000000066ab00000, 0x00000006e8000000, 0x00000007c0000000)
  eden space 1998336K, 100% used [0x000000066ab00000,0x00000006e4a80000,0x00000006e4a80000)
  from space 6656K, 42% used [0x00000006e4a80000,0x00000006e4d40618,0x00000006e5100000)
  to   space 6144K, 0% used [0x00000006e7a00000,0x00000006e7a00000,0x00000006e8000000)
 ParOldGen       total 283136K, used 199211K [0x00000003c0000000, 0x00000003d1480000, 0x000000066ab00000)
  object space 283136K, 70% used [0x00000003c0000000,0x00000003cc28afb0,0x00000003d1480000)
 Metaspace       used 85969K, capacity 87022K, committed 87256K, reserved 1124352K
  class space    used 12214K, capacity 12461K, committed 12504K, reserved 1048576K
Event: 96.535 GC heap after
Heap after GC invocations=94 (full 6):
 PSYoungGen      total 2041856K, used 2155K [0x000000066ab00000, 0x00000006e7d80000, 0x00000007c0000000)
  eden space 2038272K, 0% used [0x000000066ab00000,0x000000066ab00000,0x00000006e7180000)
  from space 3584K, 60% used [0x00000006e7a00000,0x00000006e7c1ae10,0x00000006e7d80000)
  to   space 6144K, 0% used [0x00000006e7180000,0x00000006e7180000,0x00000006e7780000)
 ParOldGen       total 283136K, used 199211K [0x00000003c0000000, 0x00000003d1480000, 0x000000066ab00000)
  object space 283136K, 70% used [0x00000003c0000000,0x00000003cc28afb0,0x00000003d1480000)
 Metaspace       used 85969K, capacity 87022K, committed 87256K, reserved 1124352K
  class space    used 12214K, capacity 12461K, committed 12504K, reserved 1048576K
}
Event: 98.068 GC heap before
{Heap before GC invocations=95 (full 6):
 PSYoungGen      total 2041856K, used 2040427K [0x000000066ab00000, 0x00000006e7d80000, 0x00000007c0000000)
  eden space 2038272K, 100% used [0x000000066ab00000,0x00000006e7180000,0x00000006e7180000)
  from space 3584K, 60% used [0x00000006e7a00000,0x00000006e7c1ae10,0x00000006e7d80000)
  to   space 6144K, 0% used [0x00000006e7180000,0x00000006e7180000,0x00000006e7780000)
 ParOldGen       total 283136K, used 199211K [0x00000003c0000000, 0x00000003d1480000, 0x000000066ab00000)
  object space 283136K, 70% used [0x00000003c0000000,0x00000003cc28afb0,0x00000003d1480000)
 Metaspace       used 85971K, capacity 87022K, committed 87256K, reserved 1124352K
  class space    used 12214K, capacity 12461K, committed 12504K, reserved 1048576K
Event: 98.073 GC heap after
Heap after GC invocations=95 (full 6):
 PSYoungGen      total 2044416K, used 2429K [0x000000066ab00000, 0x00000006ea380000, 0x00000007c0000000)
  eden space 2038272K, 0% used [0x000000066ab00000,0x000000066ab00000,0x00000006e7180000)
  from space 6144K, 39% used [0x00000006e7180000,0x00000006e73df580,0x00000006e7780000)
  to   space 6144K, 0% used [0x00000006e9d80000,0x00000006e9d80000,0x00000006ea380000)
 ParOldGen       total 283136K, used 199211K [0x00000003c0000000, 0x00000003d1480000, 0x000000066ab00000)
  object space 283136K, 70% used [0x00000003c0000000,0x00000003cc28afb0,0x00000003d1480000)
 Metaspace       used 85971K, capacity 87022K, committed 87256K, reserved 1124352K
  class space    used 12214K, capacity 12461K, committed 12504K, reserved 1048576K
}
Event: 99.585 GC heap before
{Heap before GC invocations=96 (full 6):
 PSYoungGen      total 2044416K, used 2040701K [0x000000066ab00000, 0x00000006ea380000, 0x00000007c0000000)
  eden space 2038272K, 100% used [0x000000066ab00000,0x00000006e7180000,0x00000006e7180000)
  from space 6144K, 39% used [0x00000006e7180000,0x00000006e73df580,0x00000006e7780000)
  to   space 6144K, 0% used [0x00000006e9d80000,0x00000006e9d80000,0x00000006ea380000)
 ParOldGen       total 283136K, used 199211K [0x00000003c0000000, 0x00000003d1480000, 0x000000066ab00000)
  object space 283136K, 70% used [0x00000003c0000000,0x00000003cc28afb0,0x00000003d1480000)
 Metaspace       used 85971K, capacity 87022K, committed 87256K, reserved 1124352K
  class space    used 12214K, capacity 12461K, committed 12504K, reserved 1048576K
Event: 99.590 GC heap after
Heap after GC invocations=96 (full 6):
 PSYoungGen      total 2079232K, used 2283K [0x000000066ab00000, 0x00000006ea100000, 0x00000007c0000000)
  eden space 2075648K, 0% used [0x000000066ab00000,0x000000066ab00000,0x00000006e9600000)
  from space 3584K, 63% used [0x00000006e9d80000,0x00000006e9fbae10,0x00000006ea100000)
  to   space 5632K, 0% used [0x00000006e9600000,0x00000006e9600000,0x00000006e9b80000)
 ParOldGen       total 283136K, used 199219K [0x00000003c0000000, 0x00000003d1480000, 0x000000066ab00000)
  object space 283136K, 70% used [0x00000003c0000000,0x00000003cc28cfb0,0x00000003d1480000)
 Metaspace       used 85971K, capacity 87022K, committed 87256K, reserved 1124352K
  class space    used 12214K, capacity 12461K, committed 12504K, reserved 1048576K
}
Event: 101.145 GC heap before
{Heap before GC invocations=97 (full 6):
 PSYoungGen      total 2079232K, used 2077931K [0x000000066ab00000, 0x00000006ea100000, 0x00000007c0000000)
  eden space 2075648K, 100% used [0x000000066ab00000,0x00000006e9600000,0x00000006e9600000)
  from space 3584K, 63% used [0x00000006e9d80000,0x00000006e9fbae10,0x00000006ea100000)
  to   space 5632K, 0% used [0x00000006e9600000,0x00000006e9600000,0x00000006e9b80000)
 ParOldGen       total 283136K, used 199219K [0x00000003c0000000, 0x00000003d1480000, 0x000000066ab00000)
  object space 283136K, 70% used [0x00000003c0000000,0x00000003cc28cfb0,0x00000003d1480000)
 Metaspace       used 85971K, capacity 87022K, committed 87256K, reserved 1124352K
  class space    used 12214K, capacity 12461K, committed 12504K, reserved 1048576K
Event: 101.151 GC heap after
Heap after GC invocations=97 (full 6):
 PSYoungGen      total 2081280K, used 2475K [0x000000066ab00000, 0x00000006ec780000, 0x00000007c0000000)
  eden space 2075648K, 0% used [0x000000066ab00000,0x000000066ab00000,0x00000006e9600000)
  from space 5632K, 43% used [0x00000006e9600000,0x00000006e986ae10,0x00000006e9b80000)
  to   space 5632K, 0% used [0x00000006ec200000,0x00000006ec200000,0x00000006ec780000)
 ParOldGen       total 283136K, used 199219K [0x00000003c0000000, 0x00000003d1480000, 0x000000066ab00000)
  object space 283136K, 70% used [0x00000003c0000000,0x00000003cc28cfb0,0x00000003d1480000)
 Metaspace       used 85971K, capacity 87022K, committed 87256K, reserved 1124352K
  class space    used 12214K, capacity 12461K, committed 12504K, reserved 1048576K
}
Event: 102.703 GC heap before
{Heap before GC invocations=98 (full 6):
 PSYoungGen      total 2081280K, used 2078123K [0x000000066ab00000, 0x00000006ec780000, 0x00000007c0000000)
  eden space 2075648K, 100% used [0x000000066ab00000,0x00000006e9600000,0x00000006e9600000)
  from space 5632K, 43% used [0x00000006e9600000,0x00000006e986ae10,0x00000006e9b80000)
  to   space 5632K, 0% used [0x00000006ec200000,0x00000006ec200000,0x00000006ec780000)
 ParOldGen       total 283136K, used 199219K [0x00000003c0000000, 0x00000003d1480000, 0x000000066ab00000)
  object space 283136K, 70% used [0x00000003c0000000,0x00000003cc28cfb0,0x00000003d1480000)
 Metaspace       used 85971K, capacity 87022K, committed 87256K, reserved 1124352K
  class space    used 12214K, capacity 12461K, committed 12504K, reserved 1048576K
Event: 102.708 GC heap after
Heap after GC invocations=98 (full 6):
 PSYoungGen      total 2115584K, used 2059K [0x000000066ab00000, 0x00000006ec500000, 0x00000007c0000000)
  eden space 2112512K, 0% used [0x000000066ab00000,0x000000066ab00000,0x00000006eba00000)
  from space 3072K, 67% used [0x00000006ec200000,0x00000006ec402e10,0x00000006ec500000)
  to   space 5632K, 0% used [0x00000006eba00000,0x00000006eba00000,0x00000006ebf80000)
 ParOldGen       total 283136K, used 199219K [0x00000003c0000000, 0x00000003d1480000, 0x000000066ab00000)
  object space 283136K, 70% used [0x00000003c0000000,0x00000003cc28cfb0,0x00000003d1480000)
 Metaspace       used 85971K, capacity 87022K, committed 87256K, reserved 1124352K
  class space    used 12214K, capacity 12461K, committed 12504K, reserved 1048576K
}
Event: 104.293 GC heap before
{Heap before GC invocations=99 (full 6):
 PSYoungGen      total 2115584K, used 2114571K [0x000000066ab00000, 0x00000006ec500000, 0x00000007c0000000)
  eden space 2112512K, 100% used [0x000000066ab00000,0x00000006eba00000,0x00000006eba00000)
  from space 3072K, 67% used [0x00000006ec200000,0x00000006ec402e10,0x00000006ec500000)
  to   space 5632K, 0% used [0x00000006eba00000,0x00000006eba00000,0x00000006ebf80000)
 ParOldGen       total 283136K, used 199219K [0x00000003c0000000, 0x00000003d1480000, 0x000000066ab00000)
  object space 283136K, 70% used [0x00000003c0000000,0x00000003cc28cfb0,0x00000003d1480000)
 Metaspace       used 85972K, capacity 87022K, committed 87256K, reserved 1124352K
  class space    used 12214K, capacity 12461K, committed 12504K, reserved 1048576K
Event: 104.297 GC heap after
Heap after GC invocations=99 (full 6):
 PSYoungGen      total 2118144K, used 1547K [0x000000066ab00000, 0x00000006ee680000, 0x00000007c0000000)
  eden space 2112512K, 0% used [0x000000066ab00000,0x000000066ab00000,0x00000006eba00000)
  from space 5632K, 27% used [0x00000006eba00000,0x00000006ebb82e10,0x00000006ebf80000)
  to   space 5120K, 0% used [0x00000006ee180000,0x00000006ee180000,0x00000006ee680000)
 ParOldGen       total 283136K, used 199219K [0x00000003c0000000, 0x00000003d1480000, 0x000000066ab00000)
  object space 283136K, 70% used [0x00000003c0000000,0x00000003cc28cfb0,0x00000003d1480000)
 Metaspace       used 85972K, capacity 87022K, committed 87256K, reserved 1124352K
  class space    used 12214K, capacity 12461K, committed 12504K, reserved 1048576K
}
Event: 105.862 GC heap before
{Heap before GC invocations=100 (full 6):
 PSYoungGen      total 2118144K, used 2114059K [0x000000066ab00000, 0x00000006ee680000, 0x00000007c0000000)
  eden space 2112512K, 100% used [0x000000066ab00000,0x00000006eba00000,0x00000006eba00000)
  from space 5632K, 27% used [0x00000006eba00000,0x00000006ebb82e10,0x00000006ebf80000)
  to   space 5120K, 0% used [0x00000006ee180000,0x00000006ee180000,0x00000006ee680000)
 ParOldGen       total 283136K, used 199219K [0x00000003c0000000, 0x00000003d1480000, 0x000000066ab00000)
  object space 283136K, 70% used [0x00000003c0000000,0x00000003cc28cfb0,0x00000003d1480000)
 Metaspace       used 85972K, capacity 87022K, committed 87256K, reserved 1124352K
  class space    used 12214K, capacity 12461K, committed 12504K, reserved 1048576K
Event: 105.867 GC heap after
Heap after GC invocations=100 (full 6):
 PSYoungGen      total 2150912K, used 2091K [0x000000066ab00000, 0x00000006ee580000, 0x00000007c0000000)
  eden space 2146816K, 0% used [0x000000066ab00000,0x000000066ab00000,0x00000006edb80000)
  from space 4096K, 51% used [0x00000006ee180000,0x00000006ee38ae10,0x00000006ee580000)
  to   space 5120K, 0% used [0x00000006edb80000,0x00000006edb80000,0x00000006ee080000)
 ParOldGen       total 283136K, used 199227K [0x00000003c0000000, 0x00000003d1480000, 0x000000066ab00000)
  object space 283136K, 70% used [0x00000003c0000000,0x00000003cc28efb0,0x00000003d1480000)
 Metaspace       used 85972K, capacity 87022K, committed 87256K, reserved 1124352K
  class space    used 12214K, capacity 12461K, committed 12504K, reserved 1048576K
}
Event: 107.469 GC heap before
{Heap before GC invocations=101 (full 6):
 PSYoungGen      total 2150912K, used 2148907K [0x000000066ab00000, 0x00000006ee580000, 0x00000007c0000000)
  eden space 2146816K, 100% used [0x000000066ab00000,0x00000006edb80000,0x00000006edb80000)
  from space 4096K, 51% used [0x00000006ee180000,0x00000006ee38ae10,0x00000006ee580000)
  to   space 5120K, 0% used [0x00000006edb80000,0x00000006edb80000,0x00000006ee080000)
 ParOldGen       total 283136K, used 199227K [0x00000003c0000000, 0x00000003d1480000, 0x000000066ab00000)
  object space 283136K, 70% used [0x00000003c0000000,0x00000003cc28efb0,0x00000003d1480000)
 Metaspace       used 85972K, capacity 87022K, committed 87256K, reserved 1124352K
  class space    used 12214K, capacity 12461K, committed 12504K, reserved 1048576K
Event: 107.474 GC heap after
Heap after GC invocations=101 (full 6):
 PSYoungGen      total 2151936K, used 1963K [0x000000066ab00000, 0x00000006f0680000, 0x00000007c0000000)
  eden space 2146816K, 0% used [0x000000066ab00000,0x000000066ab00000,0x00000006edb80000)
  from space 5120K, 38% used [0x00000006edb80000,0x00000006edd6ae10,0x00000006ee080000)
  to   space 5120K, 0% used [0x00000006f0180000,0x00000006f0180000,0x00000006f0680000)
 ParOldGen       total 283136K, used 199227K [0x00000003c0000000, 0x00000003d1480000, 0x000000066ab00000)
  object space 283136K, 70% used [0x00000003c0000000,0x00000003cc28efb0,0x00000003d1480000)
 Metaspace       used 85972K, capacity 87022K, committed 87256K, reserved 1124352K
  class space    used 12214K, capacity 12461K, committed 12504K, reserved 1048576K
}
Event: 109.073 GC heap before
{Heap before GC invocations=102 (full 6):
 PSYoungGen      total 2151936K, used 2148779K [0x000000066ab00000, 0x00000006f0680000, 0x00000007c0000000)
  eden space 2146816K, 100% used [0x000000066ab00000,0x00000006edb80000,0x00000006edb80000)
  from space 5120K, 38% used [0x00000006edb80000,0x00000006edd6ae10,0x00000006ee080000)
  to   space 5120K, 0% used [0x00000006f0180000,0x00000006f0180000,0x00000006f0680000)
 ParOldGen       total 283136K, used 199227K [0x00000003c0000000, 0x00000003d1480000, 0x000000066ab00000)
  object space 283136K, 70% used [0x00000003c0000000,0x00000003cc28efb0,0x00000003d1480000)
 Metaspace       used 85972K, capacity 87022K, committed 87256K, reserved 1124352K
  class space    used 12214K, capacity 12461K, committed 12504K, reserved 1048576K
Event: 109.077 GC heap after
Heap after GC invocations=102 (full 6):
 PSYoungGen      total 2183680K, used 2177K [0x000000066ab00000, 0x00000006f0500000, 0x00000007c0000000)
  eden space 2180096K, 0% used [0x000000066ab00000,0x000000066ab00000,0x00000006efc00000)
  from space 3584K, 60% used [0x00000006f0180000,0x00000006f03a0620,0x00000006f0500000)
  to   space 4608K, 0% used [0x00000006efc00000,0x00000006efc00000,0x00000006f0080000)
 ParOldGen       total 283136K, used 199227K [0x00000003c0000000, 0x00000003d1480000, 0x000000066ab00000)
  object space 283136K, 70% used [0x00000003c0000000,0x00000003cc28efb0,0x00000003d1480000)
 Metaspace       used 85972K, capacity 87022K, committed 87256K, reserved 1124352K
  class space    used 12214K, capacity 12461K, committed 12504K, reserved 1048576K
}
Event: 110.706 GC heap before
{Heap before GC invocations=103 (full 6):
 PSYoungGen      total 2183680K, used 2182273K [0x000000066ab00000, 0x00000006f0500000, 0x00000007c0000000)
  eden space 2180096K, 100% used [0x000000066ab00000,0x00000006efc00000,0x00000006efc00000)
  from space 3584K, 60% used [0x00000006f0180000,0x00000006f03a0620,0x00000006f0500000)
  to   space 4608K, 0% used [0x00000006efc00000,0x00000006efc00000,0x00000006f0080000)
 ParOldGen       total 283136K, used 199227K [0x00000003c0000000, 0x00000003d1480000, 0x000000066ab00000)
  object space 283136K, 70% used [0x00000003c0000000,0x00000003cc28efb0,0x00000003d1480000)
 Metaspace       used 85972K, capacity 87022K, committed 87256K, reserved 1124352K
  class space    used 12214K, capacity 12461K, committed 12504K, reserved 1048576K
Event: 110.711 GC heap after
Heap after GC invocations=103 (full 6):
 PSYoungGen      total 2184704K, used 2347K [0x000000066ab00000, 0x00000006f2600000, 0x00000007c0000000)
  eden space 2180096K, 0% used [0x000000066ab00000,0x000000066ab00000,0x00000006efc00000)
  from space 4608K, 50% used [0x00000006efc00000,0x00000006efe4ae10,0x00000006f0080000)
  to   space 4608K, 0% used [0x00000006f2180000,0x00000006f2180000,0x00000006f2600000)
 ParOldGen       total 283136K, used 199227K [0x00000003c0000000, 0x00000003d1480000, 0x000000066ab00000)
  object space 283136K, 70% used [0x00000003c0000000,0x00000003cc28efb0,0x00000003d1480000)
 Metaspace       used 85972K, capacity 87022K, committed 87256K, reserved 1124352K
  class space    used 12214K, capacity 12461K, committed 12504K, reserved 1048576K
}
Event: 112.328 GC heap before
{Heap before GC invocations=104 (full 6):
 PSYoungGen      total 2184704K, used 2182443K [0x000000066ab00000, 0x00000006f2600000, 0x00000007c0000000)
  eden space 2180096K, 100% used [0x000000066ab00000,0x00000006efc00000,0x00000006efc00000)
  from space 4608K, 50% used [0x00000006efc00000,0x00000006efe4ae10,0x00000006f0080000)
  to   space 4608K, 0% used [0x00000006f2180000,0x00000006f2180000,0x00000006f2600000)
 ParOldGen       total 283136K, used 199227K [0x00000003c0000000, 0x00000003d1480000, 0x000000066ab00000)
  object space 283136K, 70% used [0x00000003c0000000,0x00000003cc28efb0,0x00000003d1480000)
 Metaspace       used 85972K, capacity 87022K, committed 87256K, reserved 1124352K
  class space    used 12214K, capacity 12461K, committed 12504K, reserved 1048576K
Event: 112.332 GC heap after
Heap after GC invocations=104 (full 6):
 PSYoungGen      total 2215424K, used 1515K [0x000000066ab00000, 0x00000006f2480000, 0x00000007c0000000)
  eden space 2212352K, 0% used [0x000000066ab00000,0x000000066ab00000,0x00000006f1b80000)
  from space 3072K, 49% used [0x00000006f2180000,0x00000006f22fae10,0x00000006f2480000)
  to   space 4608K, 0% used [0x00000006f1b80000,0x00000006f1b80000,0x00000006f2000000)
 ParOldGen       total 283136K, used 199227K [0x00000003c0000000, 0x00000003d1480000, 0x000000066ab00000)
  object space 283136K, 70% used [0x00000003c0000000,0x00000003cc28efb0,0x00000003d1480000)
 Metaspace       used 85972K, capacity 87022K, committed 87256K, reserved 1124352K
  class space    used 12214K, capacity 12461K, committed 12504K, reserved 1048576K
}
Event: 113.973 GC heap before
{Heap before GC invocations=105 (full 6):
 PSYoungGen      total 2215424K, used 2213867K [0x000000066ab00000, 0x00000006f2480000, 0x00000007c0000000)
  eden space 2212352K, 100% used [0x000000066ab00000,0x00000006f1b80000,0x00000006f1b80000)
  from space 3072K, 49% used [0x00000006f2180000,0x00000006f22fae10,0x00000006f2480000)
  to   space 4608K, 0% used [0x00000006f1b80000,0x00000006f1b80000,0x00000006f2000000)
 ParOldGen       total 283136K, used 199227K [0x00000003c0000000, 0x00000003d1480000, 0x000000066ab00000)
  object space 283136K, 70% used [0x00000003c0000000,0x00000003cc28efb0,0x00000003d1480000)
 Metaspace       used 85974K, capacity 87022K, committed 87256K, reserved 1124352K
  class space    used 12214K, capacity 12461K, committed 12504K, reserved 1048576K
Event: 113.976 GC heap after
Heap after GC invocations=105 (full 6):
 PSYoungGen      total 2216960K, used 1611K [0x000000066ab00000, 0x00000006f4300000, 0x00000007c0000000)
  eden space 2212352K, 0% used [0x000000066ab00000,0x000000066ab00000,0x00000006f1b80000)
  from space 4608K, 34% used [0x00000006f1b80000,0x00000006f1d12e10,0x00000006f2000000)
  to   space 4608K, 0% used [0x00000006f3e80000,0x00000006f3e80000,0x00000006f4300000)
 ParOldGen       total 283136K, used 199227K [0x00000003c0000000, 0x00000003d1480000, 0x000000066ab00000)
  object space 283136K, 70% used [0x00000003c0000000,0x00000003cc28efb0,0x00000003d1480000)
 Metaspace       used 85974K, capacity 87022K, committed 87256K, reserved 1124352K
  class space    used 12214K, capacity 12461K, committed 12504K, reserved 1048576K
}
Event: 115.628 GC heap before
{Heap before GC invocations=106 (full 6):
 PSYoungGen      total 2216960K, used 2213963K [0x000000066ab00000, 0x00000006f4300000, 0x00000007c0000000)
  eden space 2212352K, 100% used [0x000000066ab00000,0x00000006f1b80000,0x00000006f1b80000)
  from space 4608K, 34% used [0x00000006f1b80000,0x00000006f1d12e10,0x00000006f2000000)
  to   space 4608K, 0% used [0x00000006f3e80000,0x00000006f3e80000,0x00000006f4300000)
 ParOldGen       total 283136K, used 199227K [0x00000003c0000000, 0x00000003d1480000, 0x000000066ab00000)
  object space 283136K, 70% used [0x00000003c0000000,0x00000003cc28efb0,0x00000003d1480000)
 Metaspace       used 85974K, capacity 87022K, committed 87256K, reserved 1124352K
  class space    used 12214K, capacity 12461K, committed 12504K, reserved 1048576K
Event: 115.632 GC heap after
Heap after GC invocations=106 (full 6):
 PSYoungGen      total 2247168K, used 1483K [0x000000066ab00000, 0x00000006f4280000, 0x00000007c0000000)
  eden space 2243072K, 0% used [0x000000066ab00000,0x000000066ab00000,0x00000006f3980000)
  from space 4096K, 36% used [0x00000006f3e80000,0x00000006f3ff2e10,0x00000006f4280000)
  to   space 4608K, 0% used [0x00000006f3980000,0x00000006f3980000,0x00000006f3e00000)
 ParOldGen       total 283136K, used 199227K [0x00000003c0000000, 0x00000003d1480000, 0x000000066ab00000)
  object space 283136K, 70% used [0x00000003c0000000,0x00000003cc28efb0,0x00000003d1480000)
 Metaspace       used 85974K, capacity 87022K, committed 87256K, reserved 1124352K
  class space    used 12214K, capacity 12461K, committed 12504K, reserved 1048576K
}
Event: 117.316 GC heap before
{Heap before GC invocations=107 (full 6):
 PSYoungGen      total 2247168K, used 2244555K [0x000000066ab00000, 0x00000006f4280000, 0x00000007c0000000)
  eden space 2243072K, 100% used [0x000000066ab00000,0x00000006f3980000,0x00000006f3980000)
  from space 4096K, 36% used [0x00000006f3e80000,0x00000006f3ff2e10,0x00000006f4280000)
  to   space 4608K, 0% used [0x00000006f3980000,0x00000006f3980000,0x00000006f3e00000)
 ParOldGen       total 283136K, used 199227K [0x00000003c0000000, 0x00000003d1480000, 0x000000066ab00000)
  object space 283136K, 70% used [0x00000003c0000000,0x00000003cc28efb0,0x00000003d1480000)
 Metaspace       used 85974K, capacity 87022K, committed 87256K, reserved 1124352K
  class space    used 12214K, capacity 12461K, committed 12504K, reserved 1048576K
Event: 117.330 GC heap after
Heap after GC invocations=107 (full 6):
 PSYoungGen      total 2247680K, used 4009K [0x000000066ab00000, 0x00000006f7100000, 0x00000007c0000000)
  eden space 2243072K, 0% used [0x000000066ab00000,0x000000066ab00000,0x00000006f3980000)
  from space 4608K, 87% used [0x00000006f3980000,0x00000006f3d6a7d0,0x00000006f3e00000)
  to   space 5120K, 0% used [0x00000006f6c00000,0x00000006f6c00000,0x00000006f7100000)
 ParOldGen       total 283136K, used 199235K [0x00000003c0000000, 0x00000003d1480000, 0x000000066ab00000)
  object space 283136K, 70% used [0x00000003c0000000,0x00000003cc290fb0,0x00000003d1480000)
 Metaspace       used 85974K, capacity 87022K, committed 87256K, reserved 1124352K
  class space    used 12214K, capacity 12461K, committed 12504K, reserved 1048576K
}
Event: 118.992 GC heap before
{Heap before GC invocations=108 (full 6):
 PSYoungGen      total 2247680K, used 2247081K [0x000000066ab00000, 0x00000006f7100000, 0x00000007c0000000)
  eden space 2243072K, 100% used [0x000000066ab00000,0x00000006f3980000,0x00000006f3980000)
  from space 4608K, 87% used [0x00000006f3980000,0x00000006f3d6a7d0,0x00000006f3e00000)
  to   space 5120K, 0% used [0x00000006f6c00000,0x00000006f6c00000,0x00000006f7100000)
 ParOldGen       total 283136K, used 199235K [0x00000003c0000000, 0x00000003d1480000, 0x000000066ab00000)
  object space 283136K, 70% used [0x00000003c0000000,0x00000003cc290fb0,0x00000003d1480000)
 Metaspace       used 85974K, capacity 87022K, committed 87256K, reserved 1124352K
  class space    used 12214K, capacity 12461K, committed 12504K, reserved 1048576K
Event: 118.997 GC heap after
Heap after GC invocations=108 (full 6):
 PSYoungGen      total 2288640K, used 2048K [0x000000066ab00000, 0x00000006f6e80000, 0x00000007c0000000)
  eden space 2286080K, 0% used [0x000000066ab00000,0x000000066ab00000,0x00000006f6380000)
  from space 2560K, 80% used [0x00000006f6c00000,0x00000006f6e00010,0x00000006f6e80000)
  to   space 4608K, 0% used [0x00000006f6580000,0x00000006f6580000,0x00000006f6a00000)
 ParOldGen       total 283136K, used 199383K [0x00000003c0000000, 0x00000003d1480000, 0x000000066ab00000)
  object space 283136K, 70% used [0x00000003c0000000,0x00000003cc2b5db0,0x00000003d1480000)
 Metaspace       used 85974K, capacity 87022K, committed 87256K, reserved 1124352K
  class space    used 12214K, capacity 12461K, committed 12504K, reserved 1048576K
}
Event: 120.745 GC heap before
{Heap before GC invocations=109 (full 6):
 PSYoungGen      total 2288640K, used 2288128K [0x000000066ab00000, 0x00000006f6e80000, 0x00000007c0000000)
  eden space 2286080K, 100% used [0x000000066ab00000,0x00000006f6380000,0x00000006f6380000)
  from space 2560K, 80% used [0x00000006f6c00000,0x00000006f6e00010,0x00000006f6e80000)
  to   space 4608K, 0% used [0x00000006f6580000,0x00000006f6580000,0x00000006f6a00000)
 ParOldGen       total 283136K, used 199383K [0x00000003c0000000, 0x00000003d1480000, 0x000000066ab00000)
  object space 283136K, 70% used [0x00000003c0000000,0x00000003cc2b5db0,0x00000003d1480000)
 Metaspace       used 85974K, capacity 87022K, committed 87256K, reserved 1124352K
  class space    used 12214K, capacity 12461K, committed 12504K, reserved 1048576K
Event: 120.753 GC heap after
Heap after GC invocations=109 (full 6):
 PSYoungGen      total 2292736K, used 4441K [0x000000066ab00000, 0x00000006f9a00000, 0x00000007c0000000)
  eden space 2288128K, 0% used [0x000000066ab00000,0x000000066ab00000,0x00000006f6580000)
  from space 4608K, 96% used [0x00000006f6580000,0x00000006f69d6720,0x00000006f6a00000)
  to   space 5120K, 0% used [0x00000006f9500000,0x00000006f9500000,0x00000006f9a00000)
 ParOldGen       total 283136K, used 199383K [0x00000003c0000000, 0x00000003d1480000, 0x000000066ab00000)
  object space 283136K, 70% used [0x00000003c0000000,0x00000003cc2b5db0,0x00000003d1480000)
 Metaspace       used 85974K, capacity 87022K, committed 87256K, reserved 1124352K
  class space    used 12214K, capacity 12461K, committed 12504K, reserved 1048576K
}
Event: 122.459 GC heap before
{Heap before GC invocations=110 (full 6):
 PSYoungGen      total 2292736K, used 2292569K [0x000000066ab00000, 0x00000006f9a00000, 0x00000007c0000000)
  eden space 2288128K, 100% used [0x000000066ab00000,0x00000006f6580000,0x00000006f6580000)
  from space 4608K, 96% used [0x00000006f6580000,0x00000006f69d6720,0x00000006f6a00000)
  to   space 5120K, 0% used [0x00000006f9500000,0x00000006f9500000,0x00000006f9a00000)
 ParOldGen       total 283136K, used 199383K [0x00000003c0000000, 0x00000003d1480000, 0x000000066ab00000)
  object space 283136K, 70% used [0x00000003c0000000,0x00000003cc2b5db0,0x00000003d1480000)
 Metaspace       used 85976K, capacity 87022K, committed 87256K, reserved 1124352K
  class space    used 12214K, capacity 12461K, committed 12504K, reserved 1048576K
Event: 122.463 GC heap after
Heap after GC invocations=110 (full 6):
 PSYoungGen      total 2332672K, used 1785K [0x000000066ab00000, 0x00000006f9800000, 0x00000007c0000000)
  eden space 2329600K, 0% used [0x000000066ab00000,0x000000066ab00000,0x00000006f8e00000)
  from space 3072K, 58% used [0x00000006f9500000,0x00000006f96be710,0x00000006f9800000)
  to   space 5120K, 0% used [0x00000006f8e00000,0x00000006f8e00000,0x00000006f9300000)
 ParOldGen       total 283136K, used 199383K [0x00000003c0000000, 0x00000003d1480000, 0x000000066ab00000)
  object space 283136K, 70% used [0x00000003c0000000,0x00000003cc2b5db0,0x00000003d1480000)
 Metaspace       used 85976K, capacity 87022K, committed 87256K, reserved 1124352K
  class space    used 12214K, capacity 12461K, committed 12504K, reserved 1048576K
}
Event: 124.194 GC heap before
{Heap before GC invocations=111 (full 6):
 PSYoungGen      total 2332672K, used 2331385K [0x000000066ab00000, 0x00000006f9800000, 0x00000007c0000000)
  eden space 2329600K, 100% used [0x000000066ab00000,0x00000006f8e00000,0x00000006f8e00000)
  from space 3072K, 58% used [0x00000006f9500000,0x00000006f96be710,0x00000006f9800000)
  to   space 5120K, 0% used [0x00000006f8e00000,0x00000006f8e00000,0x00000006f9300000)
 ParOldGen       total 283136K, used 199383K [0x00000003c0000000, 0x00000003d1480000, 0x000000066ab00000)
  object space 283136K, 70% used [0x00000003c0000000,0x00000003cc2b5db0,0x00000003d1480000)
 Metaspace       used 85978K, capacity 87022K, committed 87256K, reserved 1124352K
  class space    used 12214K, capacity 12461K, committed 12504K, reserved 1048576K
Event: 124.201 GC heap after
Heap after GC invocations=111 (full 6):
 PSYoungGen      total 2334720K, used 4169K [0x000000066ab00000, 0x00000006fc480000, 0x00000007c0000000)
  eden space 2329600K, 0% used [0x000000066ab00000,0x000000066ab00000,0x00000006f8e00000)
  from space 5120K, 81% used [0x00000006f8e00000,0x00000006f92127d0,0x00000006f9300000)
  to   space 5632K, 0% used [0x00000006fbf00000,0x00000006fbf00000,0x00000006fc480000)
 ParOldGen       total 283136K, used 199383K [0x00000003c0000000, 0x00000003d1480000, 0x000000066ab00000)
  object space 283136K, 70% used [0x00000003c0000000,0x00000003cc2b5db0,0x00000003d1480000)
 Metaspace       used 85978K, capacity 87022K, committed 87256K, reserved 1124352K
  class space    used 12214K, capacity 12461K, committed 12504K, reserved 1048576K
}
Event: 125.889 GC heap before
{Heap before GC invocations=112 (full 6):
 PSYoungGen      total 2334720K, used 2333769K [0x000000066ab00000, 0x00000006fc480000, 0x00000007c0000000)
  eden space 2329600K, 100% used [0x000000066ab00000,0x00000006f8e00000,0x00000006f8e00000)
  from space 5120K, 81% used [0x00000006f8e00000,0x00000006f92127d0,0x00000006f9300000)
  to   space 5632K, 0% used [0x00000006fbf00000,0x00000006fbf00000,0x00000006fc480000)
 ParOldGen       total 283136K, used 199383K [0x00000003c0000000, 0x00000003d1480000, 0x000000066ab00000)
  object space 283136K, 70% used [0x00000003c0000000,0x00000003cc2b5db0,0x00000003d1480000)
 Metaspace       used 85978K, capacity 87022K, committed 87256K, reserved 1124352K
  class space    used 12214K, capacity 12461K, committed 12504K, reserved 1048576K
Event: 125.893 GC heap after
Heap after GC invocations=112 (full 6):
 PSYoungGen      total 2372608K, used 1753K [0x000000066ab00000, 0x00000006fc100000, 0x00000007c0000000)
  eden space 2370560K, 0% used [0x000000066ab00000,0x000000066ab00000,0x00000006fb600000)
  from space 2048K, 85% used [0x00000006fbf00000,0x00000006fc0b6710,0x00000006fc100000)
  to   space 5632K, 0% used [0x00000006fb600000,0x00000006fb600000,0x00000006fbb80000)
 ParOldGen       total 283136K, used 199383K [0x00000003c0000000, 0x00000003d1480000, 0x000000066ab00000)
  object space 283136K, 70% used [0x00000003c0000000,0x00000003cc2b5db0,0x00000003d1480000)
 Metaspace       used 85978K, capacity 87022K, committed 87256K, reserved 1124352K
  class space    used 12214K, capacity 12461K, committed 12504K, reserved 1048576K
}
Event: 127.682 GC heap before
{Heap before GC invocations=113 (full 6):
 PSYoungGen      total 2372608K, used 2372313K [0x000000066ab00000, 0x00000006fc100000, 0x00000007c0000000)
  eden space 2370560K, 100% used [0x000000066ab00000,0x00000006fb600000,0x00000006fb600000)
  from space 2048K, 85% used [0x00000006fbf00000,0x00000006fc0b6710,0x00000006fc100000)
  to   space 5632K, 0% used [0x00000006fb600000,0x00000006fb600000,0x00000006fbb80000)
 ParOldGen       total 283136K, used 199383K [0x00000003c0000000, 0x00000003d1480000, 0x000000066ab00000)
  object space 283136K, 70% used [0x00000003c0000000,0x00000003cc2b5db0,0x00000003d1480000)
 Metaspace       used 85978K, capacity 87022K, committed 87256K, reserved 1124352K
  class space    used 12214K, capacity 12461K, committed 12504K, reserved 1048576K
Event: 127.688 GC heap after
Heap after GC invocations=113 (full 6):
 PSYoungGen      total 2376192K, used 2746K [0x000000066ab00000, 0x00000006fe880000, 0x00000007c0000000)
  eden space 2370560K, 0% used [0x000000066ab00000,0x000000066ab00000,0x00000006fb600000)
  from space 5632K, 48% used [0x00000006fb600000,0x00000006fb8ae828,0x00000006fbb80000)
  to   space 5120K, 0% used [0x00000006fe380000,0x00000006fe380000,0x00000006fe880000)
 ParOldGen       total 283136K, used 199383K [0x00000003c0000000, 0x00000003d1480000, 0x000000066ab00000)
  object space 283136K, 70% used [0x00000003c0000000,0x00000003cc2b5db0,0x00000003d1480000)
 Metaspace       used 85978K, capacity 87022K, committed 87256K, reserved 1124352K
  class space    used 12214K, capacity 12461K, committed 12504K, reserved 1048576K
}
Event: 129.450 GC heap before
{Heap before GC invocations=114 (full 6):
 PSYoungGen      total 2376192K, used 2373306K [0x000000066ab00000, 0x00000006fe880000, 0x00000007c0000000)
  eden space 2370560K, 100% used [0x000000066ab00000,0x00000006fb600000,0x00000006fb600000)
  from space 5632K, 48% used [0x00000006fb600000,0x00000006fb8ae828,0x00000006fbb80000)
  to   space 5120K, 0% used [0x00000006fe380000,0x00000006fe380000,0x00000006fe880000)
 ParOldGen       total 283136K, used 199383K [0x00000003c0000000, 0x00000003d1480000, 0x000000066ab00000)
  object space 283136K, 70% used [0x00000003c0000000,0x00000003cc2b5db0,0x00000003d1480000)
 Metaspace       used 85978K, capacity 87022K, committed 87256K, reserved 1124352K
  class space    used 12214K, capacity 12461K, committed 12504K, reserved 1048576K
Event: 129.454 GC heap after
Heap after GC invocations=114 (full 6):
 PSYoungGen      total 2412032K, used 2137K [0x000000066ab00000, 0x00000006fe600000, 0x00000007c0000000)
  eden space 2409472K, 0% used [0x000000066ab00000,0x000000066ab00000,0x00000006fdc00000)
  from space 2560K, 83% used [0x00000006fe380000,0x00000006fe596710,0x00000006fe600000)
  to   space 5120K, 0% used [0x00000006fdc00000,0x00000006fdc00000,0x00000006fe100000)
 ParOldGen       total 283136K, used 199391K [0x00000003c0000000, 0x00000003d1480000, 0x000000066ab00000)
  object space 283136K, 70% used [0x00000003c0000000,0x00000003cc2b7db0,0x00000003d1480000)
 Metaspace       used 85978K, capacity 87022K, committed 87256K, reserved 1124352K
  class space    used 12214K, capacity 12461K, committed 12504K, reserved 1048576K
}
Event: 131.312 GC heap before
{Heap before GC invocations=115 (full 6):
 PSYoungGen      total 2412032K, used 2411609K [0x000000066ab00000, 0x00000006fe600000, 0x00000007c0000000)
  eden space 2409472K, 100% used [0x000000066ab00000,0x00000006fdc00000,0x00000006fdc00000)
  from space 2560K, 83% used [0x00000006fe380000,0x00000006fe596710,0x00000006fe600000)
  to   space 5120K, 0% used [0x00000006fdc00000,0x00000006fdc00000,0x00000006fe100000)
 ParOldGen       total 283136K, used 199391K [0x00000003c0000000, 0x00000003d1480000, 0x000000066ab00000)
  object space 283136K, 70% used [0x00000003c0000000,0x00000003cc2b7db0,0x00000003d1480000)
 Metaspace       used 85978K, capacity 87022K, committed 87256K, reserved 1124352K
  class space    used 12214K, capacity 12461K, committed 12504K, reserved 1048576K
Event: 131.317 GC heap after
Heap after GC invocations=115 (full 6):
 PSYoungGen      total 2414592K, used 2126K [0x000000066ab00000, 0x0000000700a80000, 0x00000007c0000000)
  eden space 2409472K, 0% used [0x000000066ab00000,0x000000066ab00000,0x00000006fdc00000)
  from space 5120K, 41% used [0x00000006fdc00000,0x00000006fde13998,0x00000006fe100000)
  to   space 5120K, 0% used [0x0000000700580000,0x0000000700580000,0x0000000700a80000)
 ParOldGen       total 283136K, used 199391K [0x00000003c0000000, 0x00000003d1480000, 0x000000066ab00000)
  object space 283136K, 70% used [0x00000003c0000000,0x00000003cc2b7db0,0x00000003d1480000)
 Metaspace       used 85978K, capacity 87022K, committed 87256K, reserved 1124352K
  class space    used 12214K, capacity 12461K, committed 12504K, reserved 1048576K
}
Event: 133.167 GC heap before
{Heap before GC invocations=116 (full 6):
 PSYoungGen      total 2414592K, used 2411598K [0x000000066ab00000, 0x0000000700a80000, 0x00000007c0000000)
  eden space 2409472K, 100% used [0x000000066ab00000,0x00000006fdc00000,0x00000006fdc00000)
  from space 5120K, 41% used [0x00000006fdc00000,0x00000006fde13998,0x00000006fe100000)
  to   space 5120K, 0% used [0x0000000700580000,0x0000000700580000,0x0000000700a80000)
 ParOldGen       total 283136K, used 199391K [0x00000003c0000000, 0x00000003d1480000, 0x000000066ab00000)
  object space 283136K, 70% used [0x00000003c0000000,0x00000003cc2b7db0,0x00000003d1480000)
 Metaspace       used 85978K, capacity 87022K, committed 87256K, reserved 1124352K
  class space    used 12214K, capacity 12461K, committed 12504K, reserved 1048576K
Event: 133.172 GC heap after
Heap after GC invocations=116 (full 6):
 PSYoungGen      total 2449920K, used 2836K [0x000000066ab00000, 0x0000000700900000, 0x00000007c0000000)
  eden space 2446336K, 0% used [0x000000066ab00000,0x000000066ab00000,0x0000000700000000)
  from space 3584K, 79% used [0x0000000700580000,0x0000000700845398,0x0000000700900000)
  to   space 4608K, 0% used [0x0000000700000000,0x0000000700000000,0x0000000700480000)
 ParOldGen       total 283136K, used 199391K [0x00000003c0000000, 0x00000003d1480000, 0x000000066ab00000)
  object space 283136K, 70% used [0x00000003c0000000,0x00000003cc2b7db0,0x00000003d1480000)
 Metaspace       used 85978K, capacity 87022K, committed 87256K, reserved 1124352K
  class space    used 12214K, capacity 12461K, committed 12504K, reserved 1048576K
}
Event: 135.042 GC heap before
{Heap before GC invocations=117 (full 6):
 PSYoungGen      total 2449920K, used 2449172K [0x000000066ab00000, 0x0000000700900000, 0x00000007c0000000)
  eden space 2446336K, 100% used [0x000000066ab00000,0x0000000700000000,0x0000000700000000)
  from space 3584K, 79% used [0x0000000700580000,0x0000000700845398,0x0000000700900000)
  to   space 4608K, 0% used [0x0000000700000000,0x0000000700000000,0x0000000700480000)
 ParOldGen       total 283136K, used 199391K [0x00000003c0000000, 0x00000003d1480000, 0x000000066ab00000)
  object space 283136K, 70% used [0x00000003c0000000,0x00000003cc2b7db0,0x00000003d1480000)
 Metaspace       used 85981K, capacity 87022K, committed 87256K, reserved 1124352K
  class space    used 12214K, capacity 12461K, committed 12504K, reserved 1048576K
Event: 135.047 GC heap after
Heap after GC invocations=117 (full 6):
 PSYoungGen      total 2450944K, used 2265K [0x000000066ab00000, 0x0000000702c00000, 0x00000007c0000000)
  eden space 2446336K, 0% used [0x000000066ab00000,0x000000066ab00000,0x0000000700000000)
  from space 4608K, 49% used [0x0000000700000000,0x0000000700236710,0x0000000700480000)
  to   space 4608K, 0% used [0x0000000702780000,0x0000000702780000,0x0000000702c00000)
 ParOldGen       total 283136K, used 199391K [0x00000003c0000000, 0x00000003d1480000, 0x000000066ab00000)
  object space 283136K, 70% used [0x00000003c0000000,0x00000003cc2b7db0,0x00000003d1480000)
 Metaspace       used 85981K, capacity 87022K, committed 87256K, reserved 1124352K
  class space    used 12214K, capacity 12461K, committed 12504K, reserved 1048576K
}
Event: 136.884 GC heap before
{Heap before GC invocations=118 (full 6):
 PSYoungGen      total 2450944K, used 2448601K [0x000000066ab00000, 0x0000000702c00000, 0x00000007c0000000)
  eden space 2446336K, 100% used [0x000000066ab00000,0x0000000700000000,0x0000000700000000)
  from space 4608K, 49% used [0x0000000700000000,0x0000000700236710,0x0000000700480000)
  to   space 4608K, 0% used [0x0000000702780000,0x0000000702780000,0x0000000702c00000)
 ParOldGen       total 283136K, used 199391K [0x00000003c0000000, 0x00000003d1480000, 0x000000066ab00000)
  object space 283136K, 70% used [0x00000003c0000000,0x00000003cc2b7db0,0x00000003d1480000)
 Metaspace       used 85981K, capacity 87022K, committed 87256K, reserved 1124352K
  class space    used 12214K, capacity 12461K, committed 12504K, reserved 1048576K
Event: 136.888 GC heap after
Heap after GC invocations=118 (full 6):
 PSYoungGen      total 2482688K, used 1849K [0x000000066ab00000, 0x0000000702a00000, 0x00000007c0000000)
  eden space 2480128K, 0% used [0x000000066ab00000,0x000000066ab00000,0x0000000702100000)
  from space 2560K, 72% used [0x0000000702780000,0x000000070294e710,0x0000000702a00000)
  to   space 4608K, 0% used [0x0000000702100000,0x0000000702100000,0x0000000702580000)
 ParOldGen       total 283136K, used 199391K [0x00000003c0000000, 0x00000003d1480000, 0x000000066ab00000)
  object space 283136K, 70% used [0x00000003c0000000,0x00000003cc2b7db0,0x00000003d1480000)
 Metaspace       used 85981K, capacity 87022K, committed 87256K, reserved 1124352K
  class space    used 12214K, capacity 12461K, committed 12504K, reserved 1048576K
}
Event: 138.725 GC heap before
{Heap before GC invocations=119 (full 6):
 PSYoungGen      total 2482688K, used 2481977K [0x000000066ab00000, 0x0000000702a00000, 0x00000007c0000000)
  eden space 2480128K, 100% used [0x000000066ab00000,0x0000000702100000,0x0000000702100000)
  from space 2560K, 72% used [0x0000000702780000,0x000000070294e710,0x0000000702a00000)
  to   space 4608K, 0% used [0x0000000702100000,0x0000000702100000,0x0000000702580000)
 ParOldGen       total 283136K, used 199391K [0x00000003c0000000, 0x00000003d1480000, 0x000000066ab00000)
  object space 283136K, 70% used [0x00000003c0000000,0x00000003cc2b7db0,0x00000003d1480000)
 Metaspace       used 86000K, capacity 87022K, committed 87256K, reserved 1124352K
  class space    used 12217K, capacity 12461K, committed 12504K, reserved 1048576K
Event: 138.733 GC heap after
Heap after GC invocations=119 (full 6):
 PSYoungGen      total 2484736K, used 2073K [0x000000066ab00000, 0x0000000705100000, 0x00000007c0000000)
  eden space 2480128K, 0% used [0x000000066ab00000,0x000000066ab00000,0x0000000702100000)
  from space 4608K, 45% used [0x0000000702100000,0x0000000702306710,0x0000000702580000)
  to   space 4608K, 0% used [0x0000000704c80000,0x0000000704c80000,0x0000000705100000)
 ParOldGen       total 283136K, used 199391K [0x00000003c0000000, 0x00000003d1480000, 0x000000066ab00000)
  object space 283136K, 70% used [0x00000003c0000000,0x00000003cc2b7db0,0x00000003d1480000)
 Metaspace       used 86000K, capacity 87022K, committed 87256K, reserved 1124352K
  class space    used 12217K, capacity 12461K, committed 12504K, reserved 1048576K
}
Event: 140.598 GC heap before
{Heap before GC invocations=120 (full 6):
 PSYoungGen      total 2484736K, used 2482201K [0x000000066ab00000, 0x0000000705100000, 0x00000007c0000000)
  eden space 2480128K, 100% used [0x000000066ab00000,0x0000000702100000,0x0000000702100000)
  from space 4608K, 45% used [0x0000000702100000,0x0000000702306710,0x0000000702580000)
  to   space 4608K, 0% used [0x0000000704c80000,0x0000000704c80000,0x0000000705100000)
 ParOldGen       total 283136K, used 199391K [0x00000003c0000000, 0x00000003d1480000, 0x000000066ab00000)
  object space 283136K, 70% used [0x00000003c0000000,0x00000003cc2b7db0,0x00000003d1480000)
 Metaspace       used 86001K, capacity 87022K, committed 87256K, reserved 1124352K
  class space    used 12217K, capacity 12461K, committed 12504K, reserved 1048576K
Event: 140.603 GC heap after
Heap after GC invocations=120 (full 6):
 PSYoungGen      total 2520064K, used 2041K [0x000000066ab00000, 0x0000000704e80000, 0x00000007c0000000)
  eden space 2518016K, 0% used [0x000000066ab00000,0x000000066ab00000,0x0000000704600000)
  from space 2048K, 99% used [0x0000000704c80000,0x0000000704e7e710,0x0000000704e80000)
  to   space 4096K, 0% used [0x0000000704680000,0x0000000704680000,0x0000000704a80000)
 ParOldGen       total 283136K, used 199407K [0x00000003c0000000, 0x00000003d1480000, 0x000000066ab00000)
  object space 283136K, 70% used [0x00000003c0000000,0x00000003cc2bbdb0,0x00000003d1480000)
 Metaspace       used 86001K, capacity 87022K, committed 87256K, reserved 1124352K
  class space    used 12217K, capacity 12461K, committed 12504K, reserved 1048576K
}
Event: 142.494 GC heap before
{Heap before GC invocations=121 (full 6):
 PSYoungGen      total 2520064K, used 2520057K [0x000000066ab00000, 0x0000000704e80000, 0x00000007c0000000)
  eden space 2518016K, 100% used [0x000000066ab00000,0x0000000704600000,0x0000000704600000)
  from space 2048K, 99% used [0x0000000704c80000,0x0000000704e7e710,0x0000000704e80000)
  to   space 4096K, 0% used [0x0000000704680000,0x0000000704680000,0x0000000704a80000)
 ParOldGen       total 283136K, used 199407K [0x00000003c0000000, 0x00000003d1480000, 0x000000066ab00000)
  object space 283136K, 70% used [0x00000003c0000000,0x00000003cc2bbdb0,0x00000003d1480000)
 Metaspace       used 86001K, capacity 87022K, committed 87256K, reserved 1124352K
  class space    used 12217K, capacity 12461K, committed 12504K, reserved 1048576K
Event: 142.498 GC heap after
Heap after GC invocations=121 (full 6):
 PSYoungGen      total 2522624K, used 1945K [0x000000066ab00000, 0x0000000707200000, 0x00000007c0000000)
  eden space 2518528K, 0% used [0x000000066ab00000,0x000000066ab00000,0x0000000704680000)
  from space 4096K, 47% used [0x0000000704680000,0x0000000704866710,0x0000000704a80000)
  to   space 4096K, 0% used [0x0000000706e00000,0x0000000706e00000,0x0000000707200000)
 ParOldGen       total 283136K, used 199407K [0x00000003c0000000, 0x00000003d1480000, 0x000000066ab00000)
  object space 283136K, 70% used [0x00000003c0000000,0x00000003cc2bbdb0,0x00000003d1480000)
 Metaspace       used 86001K, capacity 87022K, committed 87256K, reserved 1124352K
  class space    used 12217K, capacity 12461K, committed 12504K, reserved 1048576K
}
Event: 145.049 GC heap before
{Heap before GC invocations=122 (full 6):
 PSYoungGen      total 2522624K, used 2520473K [0x000000066ab00000, 0x0000000707200000, 0x00000007c0000000)
  eden space 2518528K, 100% used [0x000000066ab00000,0x0000000704680000,0x0000000704680000)
  from space 4096K, 47% used [0x0000000704680000,0x0000000704866710,0x0000000704a80000)
  to   space 4096K, 0% used [0x0000000706e00000,0x0000000706e00000,0x0000000707200000)
 ParOldGen       total 283136K, used 199407K [0x00000003c0000000, 0x00000003d1480000, 0x000000066ab00000)
  object space 283136K, 70% used [0x00000003c0000000,0x00000003cc2bbdb0,0x00000003d1480000)
 Metaspace       used 86416K, capacity 87446K, committed 87640K, reserved 1124352K
  class space    used 12249K, capacity 12507K, committed 12632K, reserved 1048576K
Event: 145.087 GC heap after
Heap after GC invocations=122 (full 6):
 PSYoungGen      total 2535424K, used 4087K [0x000000066ab00000, 0x000000070c100000, 0x00000007c0000000)
  eden space 2531328K, 0% used [0x000000066ab00000,0x000000066ab00000,0x0000000705300000)
  from space 4096K, 99% used [0x0000000706e00000,0x00000007071fdeb0,0x0000000707200000)
  to   space 27648K, 0% used [0x0000000705300000,0x0000000705300000,0x0000000706e00000)
 ParOldGen       total 283136K, used 261395K [0x00000003c0000000, 0x00000003d1480000, 0x000000066ab00000)
  object space 283136K, 92% used [0x00000003c0000000,0x00000003cff44e88,0x00000003d1480000)
 Metaspace       used 86416K, capacity 87446K, committed 87640K, reserved 1124352K
  class space    used 12249K, capacity 12507K, committed 12632K, reserved 1048576K
}
Event: 145.087 GC heap before
{Heap before GC invocations=123 (full 7):
 PSYoungGen      total 2535424K, used 4087K [0x000000066ab00000, 0x000000070c100000, 0x00000007c0000000)
  eden space 2531328K, 0% used [0x000000066ab00000,0x000000066ab00000,0x0000000705300000)
  from space 4096K, 99% used [0x0000000706e00000,0x00000007071fdeb0,0x0000000707200000)
  to   space 27648K, 0% used [0x0000000705300000,0x0000000705300000,0x0000000706e00000)
 ParOldGen       total 283136K, used 261395K [0x00000003c0000000, 0x00000003d1480000, 0x000000066ab00000)
  object space 283136K, 92% used [0x00000003c0000000,0x00000003cff44e88,0x00000003d1480000)
 Metaspace       used 86416K, capacity 87446K, committed 87640K, reserved 1124352K
  class space    used 12249K, capacity 12507K, committed 12632K, reserved 1048576K
Event: 145.206 GC heap after
Heap after GC invocations=123 (full 7):
 PSYoungGen      total 2535424K, used 0K [0x000000066ab00000, 0x000000070c100000, 0x00000007c0000000)
  eden space 2531328K, 0% used [0x000000066ab00000,0x000000066ab00000,0x0000000705300000)
  from space 4096K, 0% used [0x0000000706e00000,0x0000000706e00000,0x0000000707200000)
  to   space 27648K, 0% used [0x0000000705300000,0x0000000705300000,0x0000000706e00000)
 ParOldGen       total 339968K, used 189663K [0x00000003c0000000, 0x00000003d4c00000, 0x000000066ab00000)
  object space 339968K, 55% used [0x00000003c0000000,0x00000003cb937f18,0x00000003d4c00000)
 Metaspace       used 86416K, capacity 87446K, committed 87640K, reserved 1124352K
  class space    used 12249K, capacity 12507K, committed 12632K, reserved 1048576K
}
Event: 147.125 GC heap before
{Heap before GC invocations=124 (full 7):
 PSYoungGen      total 2535424K, used 2531328K [0x000000066ab00000, 0x000000070c100000, 0x00000007c0000000)
  eden space 2531328K, 100% used [0x000000066ab00000,0x0000000705300000,0x0000000705300000)
  from space 4096K, 0% used [0x0000000706e00000,0x0000000706e00000,0x0000000707200000)
  to   space 27648K, 0% used [0x0000000705300000,0x0000000705300000,0x0000000706e00000)
 ParOldGen       total 339968K, used 189663K [0x00000003c0000000, 0x00000003d4c00000, 0x000000066ab00000)
  object space 339968K, 55% used [0x00000003c0000000,0x00000003cb937f18,0x00000003d4c00000)
 Metaspace       used 86434K, capacity 87446K, committed 87640K, reserved 1124352K
  class space    used 12249K, capacity 12507K, committed 12632K, reserved 1048576K
Event: 147.130 GC heap after
Heap after GC invocations=124 (full 7):
 PSYoungGen      total 2558976K, used 2720K [0x000000066ab00000, 0x000000070d400000, 0x00000007c0000000)
  eden space 2531328K, 0% used [0x000000066ab00000,0x000000066ab00000,0x0000000705300000)
  from space 27648K, 9% used [0x0000000705300000,0x00000007055a8010,0x0000000706e00000)
  to   space 26624K, 0% used [0x000000070ba00000,0x000000070ba00000,0x000000070d400000)
 ParOldGen       total 339968K, used 189663K [0x00000003c0000000, 0x00000003d4c00000, 0x000000066ab00000)
  object space 339968K, 55% used [0x00000003c0000000,0x00000003cb937f18,0x00000003d4c00000)
 Metaspace       used 86434K, capacity 87446K, committed 87640K, reserved 1124352K
  class space    used 12249K, capacity 12507K, committed 12632K, reserved 1048576K
}
Event: 149.080 GC heap before
{Heap before GC invocations=125 (full 7):
 PSYoungGen      total 2558976K, used 2534048K [0x000000066ab00000, 0x000000070d400000, 0x00000007c0000000)
  eden space 2531328K, 100% used [0x000000066ab00000,0x0000000705300000,0x0000000705300000)
  from space 27648K, 9% used [0x0000000705300000,0x00000007055a8010,0x0000000706e00000)
  to   space 26624K, 0% used [0x000000070ba00000,0x000000070ba00000,0x000000070d400000)
 ParOldGen       total 339968K, used 189663K [0x00000003c0000000, 0x00000003d4c00000, 0x000000066ab00000)
  object space 339968K, 55% used [0x00000003c0000000,0x00000003cb937f18,0x00000003d4c00000)
 Metaspace       used 86434K, capacity 87446K, committed 87640K, reserved 1124352K
  class space    used 12249K, capacity 12507K, committed 12632K, reserved 1048576K
Event: 149.086 GC heap after
Heap after GC invocations=125 (full 7):
 PSYoungGen      total 2620416K, used 3170K [0x000000066ab00000, 0x000000070cb00000, 0x00000007c0000000)
  eden space 2603008K, 0% used [0x000000066ab00000,0x000000066ab00000,0x0000000709900000)
  from space 17408K, 18% used [0x000000070ba00000,0x000000070bd18b80,0x000000070cb00000)
  to   space 25600K, 0% used [0x0000000709900000,0x0000000709900000,0x000000070b200000)
 ParOldGen       total 339968K, used 189663K [0x00000003c0000000, 0x00000003d4c00000, 0x000000066ab00000)
  object space 339968K, 55% used [0x00000003c0000000,0x00000003cb937f18,0x00000003d4c00000)
 Metaspace       used 86434K, capacity 87446K, committed 87640K, reserved 1124352K
  class space    used 12249K, capacity 12507K, committed 12632K, reserved 1048576K
}
Event: 151.108 GC heap before
{Heap before GC invocations=126 (full 7):
 PSYoungGen      total 2620416K, used 2606178K [0x000000066ab00000, 0x000000070cb00000, 0x00000007c0000000)
  eden space 2603008K, 100% used [0x000000066ab00000,0x0000000709900000,0x0000000709900000)
  from space 17408K, 18% used [0x000000070ba00000,0x000000070bd18b80,0x000000070cb00000)
  to   space 25600K, 0% used [0x0000000709900000,0x0000000709900000,0x000000070b200000)
 ParOldGen       total 339968K, used 189663K [0x00000003c0000000, 0x00000003d4c00000, 0x000000066ab00000)
  object space 339968K, 55% used [0x00000003c0000000,0x00000003cb937f18,0x00000003d4c00000)
 Metaspace       used 86434K, capacity 87446K, committed 87640K, reserved 1124352K
  class space    used 12249K, capacity 12507K, committed 12632K, reserved 1048576K
Event: 151.113 GC heap after
Heap after GC invocations=126 (full 7):
 PSYoungGen      total 2628608K, used 2786K [0x000000066ab00000, 0x0000000710a80000, 0x00000007c0000000)
  eden space 2603008K, 0% used [0x000000066ab00000,0x000000066ab00000,0x0000000709900000)
  from space 25600K, 10% used [0x0000000709900000,0x0000000709bb8b80,0x000000070b200000)
  to   space 24576K, 0% used [0x000000070f280000,0x000000070f280000,0x0000000710a80000)
 ParOldGen       total 339968K, used 189663K [0x00000003c0000000, 0x00000003d4c00000, 0x000000066ab00000)
  object space 339968K, 55% used [0x00000003c0000000,0x00000003cb937f18,0x00000003d4c00000)
 Metaspace       used 86434K, capacity 87446K, committed 87640K, reserved 1124352K
  class space    used 12249K, capacity 12507K, committed 12632K, reserved 1048576K
}
Event: 153.108 GC heap before
{Heap before GC invocations=127 (full 7):
 PSYoungGen      total 2628608K, used 2605794K [0x000000066ab00000, 0x0000000710a80000, 0x00000007c0000000)
  eden space 2603008K, 100% used [0x000000066ab00000,0x0000000709900000,0x0000000709900000)
  from space 25600K, 10% used [0x0000000709900000,0x0000000709bb8b80,0x000000070b200000)
  to   space 24576K, 0% used [0x000000070f280000,0x000000070f280000,0x0000000710a80000)
 ParOldGen       total 339968K, used 189663K [0x00000003c0000000, 0x00000003d4c00000, 0x000000066ab00000)
  object space 339968K, 55% used [0x00000003c0000000,0x00000003cb937f18,0x00000003d4c00000)
 Metaspace       used 86434K, capacity 87446K, committed 87640K, reserved 1124352K
  class space    used 12249K, capacity 12507K, committed 12632K, reserved 1048576K
Event: 153.113 GC heap after
Heap after GC invocations=127 (full 7):
 PSYoungGen      total 2682368K, used 2358K [0x000000066ab00000, 0x0000000710400000, 0x00000007c0000000)
  eden space 2664448K, 0% used [0x000000066ab00000,0x000000066ab00000,0x000000070d500000)
  from space 17920K, 13% used [0x000000070f280000,0x000000070f4cdb98,0x0000000710400000)
  to   space 24064K, 0% used [0x000000070d500000,0x000000070d500000,0x000000070ec80000)
 ParOldGen       total 339968K, used 189663K [0x00000003c0000000, 0x00000003d4c00000, 0x000000066ab00000)
  object space 339968K, 55% used [0x00000003c0000000,0x00000003cb937f18,0x00000003d4c00000)
 Metaspace       used 86434K, capacity 87446K, committed 87640K, reserved 1124352K
  class space    used 12249K, capacity 12507K, committed 12632K, reserved 1048576K
}
Event: 155.135 GC heap before
{Heap before GC invocations=128 (full 7):
 PSYoungGen      total 2682368K, used 2666806K [0x000000066ab00000, 0x0000000710400000, 0x00000007c0000000)
  eden space 2664448K, 100% used [0x000000066ab00000,0x000000070d500000,0x000000070d500000)
  from space 17920K, 13% used [0x000000070f280000,0x000000070f4cdb98,0x0000000710400000)
  to   space 24064K, 0% used [0x000000070d500000,0x000000070d500000,0x000000070ec80000)
 ParOldGen       total 339968K, used 189663K [0x00000003c0000000, 0x00000003d4c00000, 0x000000066ab00000)
  object space 339968K, 55% used [0x00000003c0000000,0x00000003cb937f18,0x00000003d4c00000)
 Metaspace       used 86435K, capacity 87446K, committed 87640K, reserved 1124352K
  class space    used 12249K, capacity 12507K, committed 12632K, reserved 1048576K
Event: 155.141 GC heap after
Heap after GC invocations=128 (full 7):
 PSYoungGen      total 2688512K, used 2626K [0x000000066ab00000, 0x0000000713d00000, 0x00000007c0000000)
  eden space 2664448K, 0% used [0x000000066ab00000,0x000000066ab00000,0x000000070d500000)
  from space 24064K, 10% used [0x000000070d500000,0x000000070d790b80,0x000000070ec80000)
  to   space 23040K, 0% used [0x0000000712680000,0x0000000712680000,0x0000000713d00000)
 ParOldGen       total 339968K, used 189663K [0x00000003c0000000, 0x00000003d4c00000, 0x000000066ab00000)
  object space 339968K, 55% used [0x00000003c0000000,0x00000003cb937f18,0x00000003d4c00000)
 Metaspace       used 86435K, capacity 87446K, committed 87640K, reserved 1124352K
  class space    used 12249K, capacity 12507K, committed 12632K, reserved 1048576K
}
Event: 157.188 GC heap before
{Heap before GC invocations=129 (full 7):
 PSYoungGen      total 2688512K, used 2667074K [0x000000066ab00000, 0x0000000713d00000, 0x00000007c0000000)
  eden space 2664448K, 100% used [0x000000066ab00000,0x000000070d500000,0x000000070d500000)
  from space 24064K, 10% used [0x000000070d500000,0x000000070d790b80,0x000000070ec80000)
  to   space 23040K, 0% used [0x0000000712680000,0x0000000712680000,0x0000000713d00000)
 ParOldGen       total 339968K, used 189663K [0x00000003c0000000, 0x00000003d4c00000, 0x000000066ab00000)
  object space 339968K, 55% used [0x00000003c0000000,0x00000003cb937f18,0x00000003d4c00000)
 Metaspace       used 86435K, capacity 87446K, committed 87640K, reserved 1124352K
  class space    used 12249K, capacity 12507K, committed 12632K, reserved 1048576K
Event: 157.196 GC heap after
Heap after GC invocations=129 (full 7):
 PSYoungGen      total 2747904K, used 3618K [0x000000066ab00000, 0x0000000713b80000, 0x00000007c0000000)
  eden space 2726400K, 0% used [0x000000066ab00000,0x000000066ab00000,0x0000000711180000)
  from space 21504K, 16% used [0x0000000712680000,0x0000000712a08b80,0x0000000713b80000)
  to   space 21504K, 0% used [0x0000000711180000,0x0000000711180000,0x0000000712680000)
 ParOldGen       total 339968K, used 189663K [0x00000003c0000000, 0x00000003d4c00000, 0x000000066ab00000)
  object space 339968K, 55% used [0x00000003c0000000,0x00000003cb937f18,0x00000003d4c00000)
 Metaspace       used 86435K, capacity 87446K, committed 87640K, reserved 1124352K
  class space    used 12249K, capacity 12507K, committed 12632K, reserved 1048576K
}
Event: 159.314 GC heap before
{Heap before GC invocations=130 (full 7):
 PSYoungGen      total 2747904K, used 2730018K [0x000000066ab00000, 0x0000000713b80000, 0x00000007c0000000)
  eden space 2726400K, 100% used [0x000000066ab00000,0x0000000711180000,0x0000000711180000)
  from space 21504K, 16% used [0x0000000712680000,0x0000000712a08b80,0x0000000713b80000)
  to   space 21504K, 0% used [0x0000000711180000,0x0000000711180000,0x0000000712680000)
 ParOldGen       total 339968K, used 189663K [0x00000003c0000000, 0x00000003d4c00000, 0x000000066ab00000)
  object space 339968K, 55% used [0x00000003c0000000,0x00000003cb937f18,0x00000003d4c00000)
 Metaspace       used 86435K, capacity 87446K, committed 87640K, reserved 1124352K
  class space    used 12249K, capacity 12507K, committed 12632K, reserved 1048576K

