# JRE version: OpenJDK Runtime Environment (8.0_252-b09) (build 1.8.0_252-b09)
# Java VM: OpenJDK 64-Bit Server VM (25.252-b09 mixed mode linux-amd64 compressed oops)
Heap:
 PSYoungGen      total 2758656K, used 6542K [0x000000066ab00000, 0x0000000713d80000, 0x00000007c0000000)
  eden space 2747392K, 0% used [0x000000066ab00000,0x000000066ab00000,0x0000000712600000)
  from space 11264K, 58% used [0x0000000712600000,0x0000000712c63a50,0x0000000713100000)
  to   space 10752K, 0% used [0x0000000713100000,0x0000000713100000,0x0000000713b80000)
 ParOldGen       total 257024K, used 126315K [0x00000003c0000000, 0x00000003cfb00000, 0x000000066ab00000)
  object space 257024K, 49% used [0x00000003c0000000,0x00000003c7b5acb8,0x00000003cfb00000)
 Metaspace       used 86956K, capacity 88028K, committed 88280K, reserved 1124352K
  class space    used 12265K, capacity 12504K, committed 12504K, reserved 1048576K
GC Heap History (117 events):
Event: 0.457 GC heap before
{Heap before GC invocations=1 (full 0):
 PSYoungGen      total 18432K, used 15872K [0x000000066ab00000, 0x000000066bf80000, 0x00000007c0000000)
  eden space 15872K, 100% used [0x000000066ab00000,0x000000066ba80000,0x000000066ba80000)
  from space 2560K, 0% used [0x000000066bd00000,0x000000066bd00000,0x000000066bf80000)
  to   space 2560K, 0% used [0x000000066ba80000,0x000000066ba80000,0x000000066bd00000)
 ParOldGen       total 42496K, used 0K [0x00000003c0000000, 0x00000003c2980000, 0x000000066ab00000)
  object space 42496K, 0% used [0x00000003c0000000,0x00000003c0000000,0x00000003c2980000)
 Metaspace       used 4970K, capacity 5944K, committed 6016K, reserved 1056768K
  class space    used 542K, capacity 616K, committed 640K, reserved 1048576K
Event: 0.461 GC heap after
Heap after GC invocations=1 (full 0):
 PSYoungGen      total 18432K, used 2555K [0x000000066ab00000, 0x000000066bf80000, 0x00000007c0000000)
  eden space 15872K, 0% used [0x000000066ab00000,0x000000066ab00000,0x000000066ba80000)
  from space 2560K, 99% used [0x000000066ba80000,0x000000066bcfeca0,0x000000066bd00000)
  to   space 2560K, 0% used [0x000000066bd00000,0x000000066bd00000,0x000000066bf80000)
 ParOldGen       total 42496K, used 474K [0x00000003c0000000, 0x00000003c2980000, 0x000000066ab00000)
  object space 42496K, 1% used [0x00000003c0000000,0x00000003c0076a60,0x00000003c2980000)
 Metaspace       used 4970K, capacity 5944K, committed 6016K, reserved 1056768K
  class space    used 542K, capacity 616K, committed 640K, reserved 1048576K
}
Event: 0.865 GC heap before
{Heap before GC invocations=2 (full 0):
 PSYoungGen      total 18432K, used 18427K [0x000000066ab00000, 0x000000066bf80000, 0x00000007c0000000)
  eden space 15872K, 100% used [0x000000066ab00000,0x000000066ba80000,0x000000066ba80000)
  from space 2560K, 99% used [0x000000066ba80000,0x000000066bcfeca0,0x000000066bd00000)
  to   space 2560K, 0% used [0x000000066bd00000,0x000000066bd00000,0x000000066bf80000)
 ParOldGen       total 42496K, used 474K [0x00000003c0000000, 0x00000003c2980000, 0x000000066ab00000)
  object space 42496K, 1% used [0x00000003c0000000,0x00000003c0076a60,0x00000003c2980000)
 Metaspace       used 9303K, capacity 9376K, committed 9472K, reserved 1056768K
  class space    used 1221K, capacity 1232K, committed 1280K, reserved 1048576K
Event: 0.869 GC heap after
Heap after GC invocations=2 (full 0):
 PSYoungGen      total 18432K, used 2535K [0x000000066ab00000, 0x000000066bf80000, 0x00000007c0000000)
  eden space 15872K, 0% used [0x000000066ab00000,0x000000066ab00000,0x000000066ba80000)
  from space 2560K, 99% used [0x000000066bd00000,0x000000066bf79ee0,0x000000066bf80000)
  to   space 2560K, 0% used [0x000000066ba80000,0x000000066ba80000,0x000000066bd00000)
 ParOldGen       total 42496K, used 1621K [0x00000003c0000000, 0x00000003c2980000, 0x000000066ab00000)
  object space 42496K, 3% used [0x00000003c0000000,0x00000003c01954c0,0x00000003c2980000)
 Metaspace       used 9303K, capacity 9376K, committed 9472K, reserved 1056768K
  class space    used 1221K, capacity 1232K, committed 1280K, reserved 1048576K
}
Event: 1.132 GC heap before
{Heap before GC invocations=3 (full 0):
 PSYoungGen      total 18432K, used 18407K [0x000000066ab00000, 0x000000066bf80000, 0x00000007c0000000)
  eden space 15872K, 100% used [0x000000066ab00000,0x000000066ba80000,0x000000066ba80000)
  from space 2560K, 99% used [0x000000066bd00000,0x000000066bf79ee0,0x000000066bf80000)
  to   space 2560K, 0% used [0x000000066ba80000,0x000000066ba80000,0x000000066bd00000)
 ParOldGen       total 42496K, used 1621K [0x00000003c0000000, 0x00000003c2980000, 0x000000066ab00000)
  object space 42496K, 3% used [0x00000003c0000000,0x00000003c01954c0,0x00000003c2980000)
 Metaspace       used 11376K, capacity 11424K, committed 11648K, reserved 1058816K
  class space    used 1531K, capacity 1552K, committed 1664K, reserved 1048576K
Event: 1.136 GC heap after
Heap after GC invocations=3 (full 0):
 PSYoungGen      total 18432K, used 2531K [0x000000066ab00000, 0x000000066cf00000, 0x00000007c0000000)
  eden space 15872K, 0% used [0x000000066ab00000,0x000000066ab00000,0x000000066ba80000)
  from space 2560K, 98% used [0x000000066ba80000,0x000000066bcf8da0,0x000000066bd00000)
  to   space 2560K, 0% used [0x000000066cc80000,0x000000066cc80000,0x000000066cf00000)
 ParOldGen       total 42496K, used 2830K [0x00000003c0000000, 0x00000003c2980000, 0x000000066ab00000)
  object space 42496K, 6% used [0x00000003c0000000,0x00000003c02c3b70,0x00000003c2980000)
 Metaspace       used 11376K, capacity 11424K, committed 11648K, reserved 1058816K
  class space    used 1531K, capacity 1552K, committed 1664K, reserved 1048576K
}
Event: 1.310 GC heap before
{Heap before GC invocations=4 (full 0):
 PSYoungGen      total 18432K, used 18403K [0x000000066ab00000, 0x000000066cf00000, 0x00000007c0000000)
  eden space 15872K, 100% used [0x000000066ab00000,0x000000066ba80000,0x000000066ba80000)
  from space 2560K, 98% used [0x000000066ba80000,0x000000066bcf8da0,0x000000066bd00000)
  to   space 2560K, 0% used [0x000000066cc80000,0x000000066cc80000,0x000000066cf00000)
 ParOldGen       total 42496K, used 2830K [0x00000003c0000000, 0x00000003c2980000, 0x000000066ab00000)
  object space 42496K, 6% used [0x00000003c0000000,0x00000003c02c3b70,0x00000003c2980000)
 Metaspace       used 12950K, capacity 13056K, committed 13312K, reserved 1060864K
  class space    used 1728K, capacity 1776K, committed 1792K, reserved 1048576K
Event: 1.314 GC heap after
Heap after GC invocations=4 (full 0):
 PSYoungGen      total 34304K, used 2542K [0x000000066ab00000, 0x000000066cf00000, 0x00000007c0000000)
  eden space 31744K, 0% used [0x000000066ab00000,0x000000066ab00000,0x000000066ca00000)
  from space 2560K, 99% used [0x000000066cc80000,0x000000066cefba28,0x000000066cf00000)
  to   space 2560K, 0% used [0x000000066ca00000,0x000000066ca00000,0x000000066cc80000)
 ParOldGen       total 42496K, used 3854K [0x00000003c0000000, 0x00000003c2980000, 0x000000066ab00000)
  object space 42496K, 9% used [0x00000003c0000000,0x00000003c03c3848,0x00000003c2980000)
 Metaspace       used 12950K, capacity 13056K, committed 13312K, reserved 1060864K
  class space    used 1728K, capacity 1776K, committed 1792K, reserved 1048576K
}
Event: 1.773 GC heap before
{Heap before GC invocations=5 (full 0):
 PSYoungGen      total 34304K, used 34286K [0x000000066ab00000, 0x000000066cf00000, 0x00000007c0000000)
  eden space 31744K, 100% used [0x000000066ab00000,0x000000066ca00000,0x000000066ca00000)
  from space 2560K, 99% used [0x000000066cc80000,0x000000066cefba28,0x000000066cf00000)
  to   space 2560K, 0% used [0x000000066ca00000,0x000000066ca00000,0x000000066cc80000)
 ParOldGen       total 42496K, used 3854K [0x00000003c0000000, 0x00000003c2980000, 0x000000066ab00000)
  object space 42496K, 9% used [0x00000003c0000000,0x00000003c03c3848,0x00000003c2980000)
 Metaspace       used 15289K, capacity 15398K, committed 15616K, reserved 1062912K
  class space    used 1979K, capacity 2001K, committed 2048K, reserved 1048576K
Event: 1.782 GC heap after
Heap after GC invocations=5 (full 0):
 PSYoungGen      total 34304K, used 2558K [0x000000066ab00000, 0x000000066f300000, 0x00000007c0000000)
  eden space 31744K, 0% used [0x000000066ab00000,0x000000066ab00000,0x000000066ca00000)
  from space 2560K, 99% used [0x000000066ca00000,0x000000066cc7fa38,0x000000066cc80000)
  to   space 5120K, 0% used [0x000000066ee00000,0x000000066ee00000,0x000000066f300000)
 ParOldGen       total 42496K, used 6229K [0x00000003c0000000, 0x00000003c2980000, 0x000000066ab00000)
  object space 42496K, 14% used [0x00000003c0000000,0x00000003c06154a8,0x00000003c2980000)
 Metaspace       used 15289K, capacity 15398K, committed 15616K, reserved 1062912K
  class space    used 1979K, capacity 2001K, committed 2048K, reserved 1048576K
}
Event: 2.106 GC heap before
{Heap before GC invocations=6 (full 0):
 PSYoungGen      total 34304K, used 34302K [0x000000066ab00000, 0x000000066f300000, 0x00000007c0000000)
  eden space 31744K, 100% used [0x000000066ab00000,0x000000066ca00000,0x000000066ca00000)
  from space 2560K, 99% used [0x000000066ca00000,0x000000066cc7fa38,0x000000066cc80000)
  to   space 5120K, 0% used [0x000000066ee00000,0x000000066ee00000,0x000000066f300000)
 ParOldGen       total 42496K, used 6229K [0x00000003c0000000, 0x00000003c2980000, 0x000000066ab00000)
  object space 42496K, 14% used [0x00000003c0000000,0x00000003c06154a8,0x00000003c2980000)
 Metaspace       used 15665K, capacity 15736K, committed 15872K, reserved 1062912K
  class space    used 1981K, capacity 2004K, committed 2048K, reserved 1048576K
Event: 2.115 GC heap after
Heap after GC invocations=6 (full 0):
 PSYoungGen      total 68608K, used 3598K [0x000000066ab00000, 0x000000066f300000, 0x00000007c0000000)
  eden space 63488K, 0% used [0x000000066ab00000,0x000000066ab00000,0x000000066e900000)
  from space 5120K, 70% used [0x000000066ee00000,0x000000066f183a08,0x000000066f300000)
  to   space 5120K, 0% used [0x000000066e900000,0x000000066e900000,0x000000066ee00000)
 ParOldGen       total 42496K, used 6229K [0x00000003c0000000, 0x00000003c2980000, 0x000000066ab00000)
  object space 42496K, 14% used [0x00000003c0000000,0x00000003c06154a8,0x00000003c2980000)
 Metaspace       used 15665K, capacity 15736K, committed 15872K, reserved 1062912K
  class space    used 1981K, capacity 2004K, committed 2048K, reserved 1048576K
}
Event: 2.740 GC heap before
{Heap before GC invocations=7 (full 0):
 PSYoungGen      total 68608K, used 67086K [0x000000066ab00000, 0x000000066f300000, 0x00000007c0000000)
  eden space 63488K, 100% used [0x000000066ab00000,0x000000066e900000,0x000000066e900000)
  from space 5120K, 70% used [0x000000066ee00000,0x000000066f183a08,0x000000066f300000)
  to   space 5120K, 0% used [0x000000066e900000,0x000000066e900000,0x000000066ee00000)
 ParOldGen       total 42496K, used 6229K [0x00000003c0000000, 0x00000003c2980000, 0x000000066ab00000)
  object space 42496K, 14% used [0x00000003c0000000,0x00000003c06154a8,0x00000003c2980000)
 Metaspace       used 17076K, capacity 17176K, committed 17408K, reserved 1064960K
  class space    used 2191K, capacity 2228K, committed 2304K, reserved 1048576K
Event: 2.749 GC heap after
Heap after GC invocations=7 (full 0):
 PSYoungGen      total 68608K, used 4322K [0x000000066ab00000, 0x0000000673100000, 0x00000007c0000000)
  eden space 63488K, 0% used [0x000000066ab00000,0x000000066ab00000,0x000000066e900000)
  from space 5120K, 84% used [0x000000066e900000,0x000000066ed388e0,0x000000066ee00000)
  to   space 5120K, 0% used [0x0000000672c00000,0x0000000672c00000,0x0000000673100000)
 ParOldGen       total 42496K, used 7549K [0x00000003c0000000, 0x00000003c2980000, 0x000000066ab00000)
  object space 42496K, 17% used [0x00000003c0000000,0x00000003c075f740,0x00000003c2980000)
 Metaspace       used 17076K, capacity 17176K, committed 17408K, reserved 1064960K
  class space    used 2191K, capacity 2228K, committed 2304K, reserved 1048576K
}
Event: 3.232 GC heap before
{Heap before GC invocations=8 (full 0):
 PSYoungGen      total 68608K, used 46265K [0x000000066ab00000, 0x0000000673100000, 0x00000007c0000000)
  eden space 63488K, 66% used [0x000000066ab00000,0x000000066d3f5ba8,0x000000066e900000)
  from space 5120K, 84% used [0x000000066e900000,0x000000066ed388e0,0x000000066ee00000)
  to   space 5120K, 0% used [0x0000000672c00000,0x0000000672c00000,0x0000000673100000)
 ParOldGen       total 42496K, used 7549K [0x00000003c0000000, 0x00000003c2980000, 0x000000066ab00000)
  object space 42496K, 17% used [0x00000003c0000000,0x00000003c075f740,0x00000003c2980000)
 Metaspace       used 20907K, capacity 21080K, committed 21248K, reserved 1067008K
  class space    used 2661K, capacity 2760K, committed 2816K, reserved 1048576K
Event: 3.240 GC heap after
Heap after GC invocations=8 (full 0):
 PSYoungGen      total 131072K, used 5108K [0x000000066ab00000, 0x0000000673300000, 0x00000007c0000000)
  eden space 125952K, 0% used [0x000000066ab00000,0x000000066ab00000,0x0000000672600000)
  from space 5120K, 99% used [0x0000000672c00000,0x00000006730fd2d8,0x0000000673100000)
  to   space 6144K, 0% used [0x0000000672600000,0x0000000672600000,0x0000000672c00000)
 ParOldGen       total 42496K, used 8291K [0x00000003c0000000, 0x00000003c2980000, 0x000000066ab00000)
  object space 42496K, 19% used [0x00000003c0000000,0x00000003c0818df0,0x00000003c2980000)
 Metaspace       used 20907K, capacity 21080K, committed 21248K, reserved 1067008K
  class space    used 2661K, capacity 2760K, committed 2816K, reserved 1048576K
}
Event: 3.240 GC heap before
{Heap before GC invocations=9 (full 1):
 PSYoungGen      total 131072K, used 5108K [0x000000066ab00000, 0x0000000673300000, 0x00000007c0000000)
  eden space 125952K, 0% used [0x000000066ab00000,0x000000066ab00000,0x0000000672600000)
  from space 5120K, 99% used [0x0000000672c00000,0x00000006730fd2d8,0x0000000673100000)
  to   space 6144K, 0% used [0x0000000672600000,0x0000000672600000,0x0000000672c00000)
 ParOldGen       total 42496K, used 8291K [0x00000003c0000000, 0x00000003c2980000, 0x000000066ab00000)
  object space 42496K, 19% used [0x00000003c0000000,0x00000003c0818df0,0x00000003c2980000)
 Metaspace       used 20907K, capacity 21080K, committed 21248K, reserved 1067008K
  class space    used 2661K, capacity 2760K, committed 2816K, reserved 1048576K
Event: 3.269 GC heap after
Heap after GC invocations=9 (full 1):
 PSYoungGen      total 131072K, used 0K [0x000000066ab00000, 0x0000000673300000, 0x00000007c0000000)
  eden space 125952K, 0% used [0x000000066ab00000,0x000000066ab00000,0x0000000672600000)
  from space 5120K, 0% used [0x0000000672c00000,0x0000000672c00000,0x0000000673100000)
  to   space 6144K, 0% used [0x0000000672600000,0x0000000672600000,0x0000000672c00000)
 ParOldGen       total 30208K, used 6225K [0x00000003c0000000, 0x00000003c1d80000, 0x000000066ab00000)
  object space 30208K, 20% used [0x00000003c0000000,0x00000003c0614648,0x00000003c1d80000)
 Metaspace       used 20907K, capacity 21080K, committed 21248K, reserved 1067008K
  class space    used 2661K, capacity 2760K, committed 2816K, reserved 1048576K
}
Event: 4.918 GC heap before
{Heap before GC invocations=10 (full 1):
 PSYoungGen      total 131072K, used 125952K [0x000000066ab00000, 0x0000000673300000, 0x00000007c0000000)
  eden space 125952K, 100% used [0x000000066ab00000,0x0000000672600000,0x0000000672600000)
  from space 5120K, 0% used [0x0000000672c00000,0x0000000672c00000,0x0000000673100000)
  to   space 6144K, 0% used [0x0000000672600000,0x0000000672600000,0x0000000672c00000)
 ParOldGen       total 30208K, used 6225K [0x00000003c0000000, 0x00000003c1d80000, 0x000000066ab00000)
  object space 30208K, 20% used [0x00000003c0000000,0x00000003c0614648,0x00000003c1d80000)
 Metaspace       used 32429K, capacity 32658K, committed 33024K, reserved 1077248K
  class space    used 4223K, capacity 4309K, committed 4352K, reserved 1048576K
Event: 4.931 GC heap after
Heap after GC invocations=10 (full 1):
 PSYoungGen      total 132096K, used 6140K [0x000000066ab00000, 0x0000000676680000, 0x00000007c0000000)
  eden space 125952K, 0% used [0x000000066ab00000,0x000000066ab00000,0x0000000672600000)
  from space 6144K, 99% used [0x0000000672600000,0x0000000672bff130,0x0000000672c00000)
  to   space 9216K, 0% used [0x0000000675d80000,0x0000000675d80000,0x0000000676680000)
 ParOldGen       total 30208K, used 12403K [0x00000003c0000000, 0x00000003c1d80000, 0x000000066ab00000)
  object space 30208K, 41% used [0x00000003c0000000,0x00000003c0c1cc20,0x00000003c1d80000)
 Metaspace       used 32429K, capacity 32658K, committed 33024K, reserved 1077248K
  class space    used 4223K, capacity 4309K, committed 4352K, reserved 1048576K
}
Event: 7.951 GC heap before
{Heap before GC invocations=11 (full 1):
 PSYoungGen      total 132096K, used 65027K [0x000000066ab00000, 0x0000000676680000, 0x00000007c0000000)
  eden space 125952K, 46% used [0x000000066ab00000,0x000000066e481d08,0x0000000672600000)
  from space 6144K, 99% used [0x0000000672600000,0x0000000672bff130,0x0000000672c00000)
  to   space 9216K, 0% used [0x0000000675d80000,0x0000000675d80000,0x0000000676680000)
 ParOldGen       total 30208K, used 12403K [0x00000003c0000000, 0x00000003c1d80000, 0x000000066ab00000)
  object space 30208K, 41% used [0x00000003c0000000,0x00000003c0c1cc20,0x00000003c1d80000)
 Metaspace       used 34982K, capacity 35186K, committed 35416K, reserved 1079296K
  class space    used 4570K, capacity 4661K, committed 4696K, reserved 1048576K
Event: 7.963 GC heap after
Heap after GC invocations=11 (full 1):
 PSYoungGen      total 175616K, used 5890K [0x000000066ab00000, 0x0000000676380000, 0x00000007c0000000)
  eden space 169472K, 0% used [0x000000066ab00000,0x000000066ab00000,0x0000000675080000)
  from space 6144K, 95% used [0x0000000675d80000,0x0000000676340a68,0x0000000676380000)
  to   space 9216K, 0% used [0x0000000675180000,0x0000000675180000,0x0000000675a80000)
 ParOldGen       total 30208K, used 12411K [0x00000003c0000000, 0x00000003c1d80000, 0x000000066ab00000)
  object space 30208K, 41% used [0x00000003c0000000,0x00000003c0c1ec20,0x00000003c1d80000)
 Metaspace       used 34982K, capacity 35186K, committed 35416K, reserved 1079296K
  class space    used 4570K, capacity 4661K, committed 4696K, reserved 1048576K
}
Event: 7.963 GC heap before
{Heap before GC invocations=12 (full 2):
 PSYoungGen      total 175616K, used 5890K [0x000000066ab00000, 0x0000000676380000, 0x00000007c0000000)
  eden space 169472K, 0% used [0x000000066ab00000,0x000000066ab00000,0x0000000675080000)
  from space 6144K, 95% used [0x0000000675d80000,0x0000000676340a68,0x0000000676380000)
  to   space 9216K, 0% used [0x0000000675180000,0x0000000675180000,0x0000000675a80000)
 ParOldGen       total 30208K, used 12411K [0x00000003c0000000, 0x00000003c1d80000, 0x000000066ab00000)
  object space 30208K, 41% used [0x00000003c0000000,0x00000003c0c1ec20,0x00000003c1d80000)
 Metaspace       used 34982K, capacity 35186K, committed 35416K, reserved 1079296K
  class space    used 4570K, capacity 4661K, committed 4696K, reserved 1048576K
Event: 7.996 GC heap after
Heap after GC invocations=12 (full 2):
 PSYoungGen      total 175616K, used 0K [0x000000066ab00000, 0x0000000676380000, 0x00000007c0000000)
  eden space 169472K, 0% used [0x000000066ab00000,0x000000066ab00000,0x0000000675080000)
  from space 6144K, 0% used [0x0000000675d80000,0x0000000675d80000,0x0000000676380000)
  to   space 9216K, 0% used [0x0000000675180000,0x0000000675180000,0x0000000675a80000)
 ParOldGen       total 44032K, used 9706K [0x00000003c0000000, 0x00000003c2b00000, 0x000000066ab00000)
  object space 44032K, 22% used [0x00000003c0000000,0x00000003c097a8e0,0x00000003c2b00000)
 Metaspace       used 34982K, capacity 35186K, committed 35416K, reserved 1079296K
  class space    used 4570K, capacity 4661K, committed 4696K, reserved 1048576K
}
Event: 10.135 GC heap before
{Heap before GC invocations=13 (full 2):
 PSYoungGen      total 175616K, used 169472K [0x000000066ab00000, 0x0000000676380000, 0x00000007c0000000)
  eden space 169472K, 100% used [0x000000066ab00000,0x0000000675080000,0x0000000675080000)
  from space 6144K, 0% used [0x0000000675d80000,0x0000000675d80000,0x0000000676380000)
  to   space 9216K, 0% used [0x0000000675180000,0x0000000675180000,0x0000000675a80000)
 ParOldGen       total 44032K, used 9706K [0x00000003c0000000, 0x00000003c2b00000, 0x000000066ab00000)
  object space 44032K, 22% used [0x00000003c0000000,0x00000003c097a8e0,0x00000003c2b00000)
 Metaspace       used 54471K, capacity 54766K, committed 55128K, reserved 1097728K
  class space    used 7623K, capacity 7717K, committed 7768K, reserved 1048576K
Event: 10.157 GC heap after
Heap after GC invocations=13 (full 2):
 PSYoungGen      total 179712K, used 9196K [0x000000066ab00000, 0x000000067a980000, 0x00000007c0000000)
  eden space 170496K, 0% used [0x000000066ab00000,0x000000066ab00000,0x0000000675180000)
  from space 9216K, 99% used [0x0000000675180000,0x0000000675a7b180,0x0000000675a80000)
  to   space 15360K, 0% used [0x0000000679a80000,0x0000000679a80000,0x000000067a980000)
 ParOldGen       total 44032K, used 23668K [0x00000003c0000000, 0x00000003c2b00000, 0x000000066ab00000)
  object space 44032K, 53% used [0x00000003c0000000,0x00000003c171d258,0x00000003c2b00000)
 Metaspace       used 54471K, capacity 54766K, committed 55128K, reserved 1097728K
  class space    used 7623K, capacity 7717K, committed 7768K, reserved 1048576K
}
Event: 10.822 GC heap before
{Heap before GC invocations=14 (full 2):
 PSYoungGen      total 179712K, used 56352K [0x000000066ab00000, 0x000000067a980000, 0x00000007c0000000)
  eden space 170496K, 27% used [0x000000066ab00000,0x000000066d90d168,0x0000000675180000)
  from space 9216K, 99% used [0x0000000675180000,0x0000000675a7b180,0x0000000675a80000)
  to   space 15360K, 0% used [0x0000000679a80000,0x0000000679a80000,0x000000067a980000)
 ParOldGen       total 44032K, used 23668K [0x00000003c0000000, 0x00000003c2b00000, 0x000000066ab00000)
  object space 44032K, 53% used [0x00000003c0000000,0x00000003c171d258,0x00000003c2b00000)
 Metaspace       used 58378K, capacity 58616K, committed 59028K, reserved 1099776K
  class space    used 8209K, capacity 8296K, committed 8408K, reserved 1048576K
Event: 10.838 GC heap after
Heap after GC invocations=14 (full 2):
 PSYoungGen      total 246272K, used 6752K [0x000000066ab00000, 0x000000067ae00000, 0x00000007c0000000)
  eden space 230912K, 0% used [0x000000066ab00000,0x000000066ab00000,0x0000000678c80000)
  from space 15360K, 43% used [0x0000000679a80000,0x000000067a1182e0,0x000000067a980000)
  to   space 14336K, 0% used [0x0000000678c80000,0x0000000678c80000,0x0000000679a80000)
 ParOldGen       total 44032K, used 28972K [0x00000003c0000000, 0x00000003c2b00000, 0x000000066ab00000)
  object space 44032K, 65% used [0x00000003c0000000,0x00000003c1c4b218,0x00000003c2b00000)
 Metaspace       used 58378K, capacity 58616K, committed 59028K, reserved 1099776K
  class space    used 8209K, capacity 8296K, committed 8408K, reserved 1048576K
}
Event: 10.838 GC heap before
{Heap before GC invocations=15 (full 3):
 PSYoungGen      total 246272K, used 6752K [0x000000066ab00000, 0x000000067ae00000, 0x00000007c0000000)
  eden space 230912K, 0% used [0x000000066ab00000,0x000000066ab00000,0x0000000678c80000)
  from space 15360K, 43% used [0x0000000679a80000,0x000000067a1182e0,0x000000067a980000)
  to   space 14336K, 0% used [0x0000000678c80000,0x0000000678c80000,0x0000000679a80000)
 ParOldGen       total 44032K, used 28972K [0x00000003c0000000, 0x00000003c2b00000, 0x000000066ab00000)
  object space 44032K, 65% used [0x00000003c0000000,0x00000003c1c4b218,0x00000003c2b00000)
 Metaspace       used 58378K, capacity 58616K, committed 59028K, reserved 1099776K
  class space    used 8209K, capacity 8296K, committed 8408K, reserved 1048576K
Event: 10.926 GC heap after
Heap after GC invocations=15 (full 3):
 PSYoungGen      total 246272K, used 0K [0x000000066ab00000, 0x000000067ae00000, 0x00000007c0000000)
  eden space 230912K, 0% used [0x000000066ab00000,0x000000066ab00000,0x0000000678c80000)
  from space 15360K, 0% used [0x0000000679a80000,0x0000000679a80000,0x000000067a980000)
  to   space 14336K, 0% used [0x0000000678c80000,0x0000000678c80000,0x0000000679a80000)
 ParOldGen       total 67072K, used 18201K [0x00000003c0000000, 0x00000003c4180000, 0x000000066ab00000)
  object space 67072K, 27% used [0x00000003c0000000,0x00000003c11c67f0,0x00000003c4180000)
 Metaspace       used 58378K, capacity 58616K, committed 59028K, reserved 1099776K
  class space    used 8209K, capacity 8296K, committed 8408K, reserved 1048576K
}
Event: 17.177 GC heap before
{Heap before GC invocations=16 (full 3):
 PSYoungGen      total 246272K, used 230912K [0x000000066ab00000, 0x000000067ae00000, 0x00000007c0000000)
  eden space 230912K, 100% used [0x000000066ab00000,0x0000000678c80000,0x0000000678c80000)
  from space 15360K, 0% used [0x0000000679a80000,0x0000000679a80000,0x000000067a980000)
  to   space 14336K, 0% used [0x0000000678c80000,0x0000000678c80000,0x0000000679a80000)
 ParOldGen       total 67072K, used 18201K [0x00000003c0000000, 0x00000003c4180000, 0x000000066ab00000)
  object space 67072K, 27% used [0x00000003c0000000,0x00000003c11c67f0,0x00000003c4180000)
 Metaspace       used 71387K, capacity 71944K, committed 72152K, reserved 1112064K
  class space    used 10189K, capacity 10335K, committed 10456K, reserved 1048576K
Event: 17.206 GC heap after
Heap after GC invocations=16 (full 3):
 PSYoungGen      total 245248K, used 13715K [0x000000066ab00000, 0x000000067e880000, 0x00000007c0000000)
  eden space 230912K, 0% used [0x000000066ab00000,0x000000066ab00000,0x0000000678c80000)
  from space 14336K, 95% used [0x0000000678c80000,0x00000006799e4f38,0x0000000679a80000)
  to   space 16384K, 0% used [0x000000067d880000,0x000000067d880000,0x000000067e880000)
 ParOldGen       total 67072K, used 50978K [0x00000003c0000000, 0x00000003c4180000, 0x000000066ab00000)
  object space 67072K, 76% used [0x00000003c0000000,0x00000003c31c8810,0x00000003c4180000)
 Metaspace       used 71387K, capacity 71944K, committed 72152K, reserved 1112064K
  class space    used 10189K, capacity 10335K, committed 10456K, reserved 1048576K
}
Event: 17.206 GC heap before
{Heap before GC invocations=17 (full 4):
 PSYoungGen      total 245248K, used 13715K [0x000000066ab00000, 0x000000067e880000, 0x00000007c0000000)
  eden space 230912K, 0% used [0x000000066ab00000,0x000000066ab00000,0x0000000678c80000)
  from space 14336K, 95% used [0x0000000678c80000,0x00000006799e4f38,0x0000000679a80000)
  to   space 16384K, 0% used [0x000000067d880000,0x000000067d880000,0x000000067e880000)
 ParOldGen       total 67072K, used 50978K [0x00000003c0000000, 0x00000003c4180000, 0x000000066ab00000)
  object space 67072K, 76% used [0x00000003c0000000,0x00000003c31c8810,0x00000003c4180000)
 Metaspace       used 71387K, capacity 71944K, committed 72152K, reserved 1112064K
  class space    used 10189K, capacity 10335K, committed 10456K, reserved 1048576K
Event: 17.285 GC heap after
Heap after GC invocations=17 (full 4):
 PSYoungGen      total 245248K, used 0K [0x000000066ab00000, 0x000000067e880000, 0x00000007c0000000)
  eden space 230912K, 0% used [0x000000066ab00000,0x000000066ab00000,0x0000000678c80000)
  from space 14336K, 0% used [0x0000000678c80000,0x0000000678c80000,0x0000000679a80000)
  to   space 16384K, 0% used [0x000000067d880000,0x000000067d880000,0x000000067e880000)
 ParOldGen       total 133120K, used 60512K [0x00000003c0000000, 0x00000003c8200000, 0x000000066ab00000)
  object space 133120K, 45% used [0x00000003c0000000,0x00000003c3b18138,0x00000003c8200000)
 Metaspace       used 71383K, capacity 71938K, committed 72152K, reserved 1112064K
  class space    used 10188K, capacity 10334K, committed 10456K, reserved 1048576K
}
Event: 21.191 GC heap before
{Heap before GC invocations=18 (full 4):
 PSYoungGen      total 245248K, used 225366K [0x000000066ab00000, 0x000000067e880000, 0x00000007c0000000)
  eden space 230912K, 97% used [0x000000066ab00000,0x0000000678715940,0x0000000678c80000)
  from space 14336K, 0% used [0x0000000678c80000,0x0000000678c80000,0x0000000679a80000)
  to   space 16384K, 0% used [0x000000067d880000,0x000000067d880000,0x000000067e880000)
 ParOldGen       total 133120K, used 60512K [0x00000003c0000000, 0x00000003c8200000, 0x000000066ab00000)
  object space 133120K, 45% used [0x00000003c0000000,0x00000003c3b18138,0x00000003c8200000)
 Metaspace       used 79910K, capacity 80632K, committed 80728K, reserved 1118208K
  class space    used 11424K, capacity 11605K, committed 11608K, reserved 1048576K
Event: 21.218 GC heap after
Heap after GC invocations=18 (full 4):
 PSYoungGen      total 304640K, used 11325K [0x000000066ab00000, 0x000000067e700000, 0x00000007c0000000)
  eden space 289792K, 0% used [0x000000066ab00000,0x000000066ab00000,0x000000067c600000)
  from space 14848K, 76% used [0x000000067d880000,0x000000067e38f4a0,0x000000067e700000)
  to   space 16896K, 0% used [0x000000067c600000,0x000000067c600000,0x000000067d680000)
 ParOldGen       total 133120K, used 75222K [0x00000003c0000000, 0x00000003c8200000, 0x000000066ab00000)
  object space 133120K, 56% used [0x00000003c0000000,0x00000003c4975968,0x00000003c8200000)
 Metaspace       used 79910K, capacity 80632K, committed 80728K, reserved 1118208K
  class space    used 11424K, capacity 11605K, committed 11608K, reserved 1048576K
}
Event: 22.308 GC heap before
{Heap before GC invocations=19 (full 4):
 PSYoungGen      total 304640K, used 301117K [0x000000066ab00000, 0x000000067e700000, 0x00000007c0000000)
  eden space 289792K, 100% used [0x000000066ab00000,0x000000067c600000,0x000000067c600000)
  from space 14848K, 76% used [0x000000067d880000,0x000000067e38f4a0,0x000000067e700000)
  to   space 16896K, 0% used [0x000000067c600000,0x000000067c600000,0x000000067d680000)
 ParOldGen       total 133120K, used 75222K [0x00000003c0000000, 0x00000003c8200000, 0x000000066ab00000)
  object space 133120K, 56% used [0x00000003c0000000,0x00000003c4975968,0x00000003c8200000)
 Metaspace       used 81335K, capacity 82128K, committed 82264K, reserved 1120256K
  class space    used 11608K, capacity 11819K, committed 11864K, reserved 1048576K
Event: 22.318 GC heap after
Heap after GC invocations=19 (full 4):
 PSYoungGen      total 306688K, used 5158K [0x000000066ab00000, 0x0000000682d00000, 0x00000007c0000000)
  eden space 289792K, 0% used [0x000000066ab00000,0x000000066ab00000,0x000000067c600000)
  from space 16896K, 30% used [0x000000067c600000,0x000000067cb09ac8,0x000000067d680000)
  to   space 16384K, 0% used [0x0000000681d00000,0x0000000681d00000,0x0000000682d00000)
 ParOldGen       total 133120K, used 75230K [0x00000003c0000000, 0x00000003c8200000, 0x000000066ab00000)
  object space 133120K, 56% used [0x00000003c0000000,0x00000003c4977968,0x00000003c8200000)
 Metaspace       used 81335K, capacity 82128K, committed 82264K, reserved 1120256K
  class space    used 11608K, capacity 11819K, committed 11864K, reserved 1048576K
}
Event: 24.235 GC heap before
{Heap before GC invocations=20 (full 4):
 PSYoungGen      total 306688K, used 294950K [0x000000066ab00000, 0x0000000682d00000, 0x00000007c0000000)
  eden space 289792K, 100% used [0x000000066ab00000,0x000000067c600000,0x000000067c600000)
  from space 16896K, 30% used [0x000000067c600000,0x000000067cb09ac8,0x000000067d680000)
  to   space 16384K, 0% used [0x0000000681d00000,0x0000000681d00000,0x0000000682d00000)
 ParOldGen       total 133120K, used 75230K [0x00000003c0000000, 0x00000003c8200000, 0x000000066ab00000)
  object space 133120K, 56% used [0x00000003c0000000,0x00000003c4977968,0x00000003c8200000)
 Metaspace       used 85536K, capacity 86472K, committed 86616K, reserved 1124352K
  class space    used 12116K, capacity 12341K, committed 12376K, reserved 1048576K
Event: 24.273 GC heap after
Heap after GC invocations=20 (full 4):
 PSYoungGen      total 378368K, used 11612K [0x000000066ab00000, 0x0000000683680000, 0x00000007c0000000)
  eden space 361984K, 0% used [0x000000066ab00000,0x000000066ab00000,0x0000000680c80000)
  from space 16384K, 70% used [0x0000000681d00000,0x0000000682857090,0x0000000682d00000)
  to   space 16896K, 0% used [0x0000000680c80000,0x0000000680c80000,0x0000000681d00000)
 ParOldGen       total 146432K, used 136070K [0x00000003c0000000, 0x00000003c8f00000, 0x000000066ab00000)
  object space 146432K, 92% used [0x00000003c0000000,0x00000003c84e1928,0x00000003c8f00000)
 Metaspace       used 85536K, capacity 86472K, committed 86616K, reserved 1124352K
  class space    used 12116K, capacity 12341K, committed 12376K, reserved 1048576K
}
Event: 24.273 GC heap before
{Heap before GC invocations=21 (full 5):
 PSYoungGen      total 378368K, used 11612K [0x000000066ab00000, 0x0000000683680000, 0x00000007c0000000)
  eden space 361984K, 0% used [0x000000066ab00000,0x000000066ab00000,0x0000000680c80000)
  from space 16384K, 70% used [0x0000000681d00000,0x0000000682857090,0x0000000682d00000)
  to   space 16896K, 0% used [0x0000000680c80000,0x0000000680c80000,0x0000000681d00000)
 ParOldGen       total 146432K, used 136070K [0x00000003c0000000, 0x00000003c8f00000, 0x000000066ab00000)
  object space 146432K, 92% used [0x00000003c0000000,0x00000003c84e1928,0x00000003c8f00000)
 Metaspace       used 85536K, capacity 86472K, committed 86616K, reserved 1124352K
  class space    used 12116K, capacity 12341K, committed 12376K, reserved 1048576K
Event: 24.388 GC heap after
Heap after GC invocations=21 (full 5):
 PSYoungGen      total 378368K, used 0K [0x000000066ab00000, 0x0000000683680000, 0x00000007c0000000)
  eden space 361984K, 0% used [0x000000066ab00000,0x000000066ab00000,0x0000000680c80000)
  from space 16384K, 0% used [0x0000000681d00000,0x0000000681d00000,0x0000000682d00000)
  to   space 16896K, 0% used [0x0000000680c80000,0x0000000680c80000,0x0000000681d00000)
 ParOldGen       total 228352K, used 123196K [0x00000003c0000000, 0x00000003cdf00000, 0x000000066ab00000)
  object space 228352K, 53% used [0x00000003c0000000,0x00000003c784f358,0x00000003cdf00000)
 Metaspace       used 85521K, capacity 86448K, committed 86616K, reserved 1124352K
  class space    used 12114K, capacity 12337K, committed 12376K, reserved 1048576K
}
Event: 172.967 GC heap before
{Heap before GC invocations=22 (full 5):
 PSYoungGen      total 378368K, used 329443K [0x000000066ab00000, 0x0000000683680000, 0x00000007c0000000)
  eden space 361984K, 91% used [0x000000066ab00000,0x000000067ecb8d10,0x0000000680c80000)
  from space 16384K, 0% used [0x0000000681d00000,0x0000000681d00000,0x0000000682d00000)
  to   space 16896K, 0% used [0x0000000680c80000,0x0000000680c80000,0x0000000681d00000)
 ParOldGen       total 228352K, used 123196K [0x00000003c0000000, 0x00000003cdf00000, 0x000000066ab00000)
  object space 228352K, 53% used [0x00000003c0000000,0x00000003c784f358,0x00000003cdf00000)
 Metaspace       used 86684K, capacity 87700K, committed 87768K, reserved 1124352K
  class space    used 12257K, capacity 12504K, committed 12504K, reserved 1048576K
Event: 172.980 GC heap after
Heap after GC invocations=22 (full 5):
 PSYoungGen      total 378880K, used 3625K [0x000000066ab00000, 0x0000000686500000, 0x00000007c0000000)
  eden space 361984K, 0% used [0x000000066ab00000,0x000000066ab00000,0x0000000680c80000)
  from space 16896K, 21% used [0x0000000680c80000,0x000000068100a7b8,0x0000000681d00000)
  to   space 16896K, 0% used [0x0000000685480000,0x0000000685480000,0x0000000686500000)
 ParOldGen       total 228352K, used 137898K [0x00000003c0000000, 0x00000003cdf00000, 0x000000066ab00000)
  object space 228352K, 60% used [0x00000003c0000000,0x00000003c86aab88,0x00000003cdf00000)
 Metaspace       used 86684K, capacity 87700K, committed 87768K, reserved 1124352K
  class space    used 12257K, capacity 12504K, committed 12504K, reserved 1048576K
}
Event: 173.785 GC heap before
{Heap before GC invocations=23 (full 5):
 PSYoungGen      total 378880K, used 365609K [0x000000066ab00000, 0x0000000686500000, 0x00000007c0000000)
  eden space 361984K, 100% used [0x000000066ab00000,0x0000000680c80000,0x0000000680c80000)
  from space 16896K, 21% used [0x0000000680c80000,0x000000068100a7b8,0x0000000681d00000)
  to   space 16896K, 0% used [0x0000000685480000,0x0000000685480000,0x0000000686500000)
 ParOldGen       total 228352K, used 137898K [0x00000003c0000000, 0x00000003cdf00000, 0x000000066ab00000)
  object space 228352K, 60% used [0x00000003c0000000,0x00000003c86aab88,0x00000003cdf00000)
 Metaspace       used 86816K, capacity 87828K, committed 88024K, reserved 1124352K
  class space    used 12263K, capacity 12504K, committed 12504K, reserved 1048576K
Event: 173.835 GC heap after
Heap after GC invocations=23 (full 5):
 PSYoungGen      total 433664K, used 15686K [0x000000066ab00000, 0x0000000688580000, 0x00000007c0000000)
  eden space 416768K, 0% used [0x000000066ab00000,0x000000066ab00000,0x0000000684200000)
  from space 16896K, 92% used [0x0000000685480000,0x00000006863d19f0,0x0000000686500000)
  to   space 18944K, 0% used [0x0000000684200000,0x0000000684200000,0x0000000685480000)
 ParOldGen       total 228352K, used 220955K [0x00000003c0000000, 0x00000003cdf00000, 0x000000066ab00000)
  object space 228352K, 96% used [0x00000003c0000000,0x00000003cd7c6e68,0x00000003cdf00000)
 Metaspace       used 86816K, capacity 87828K, committed 88024K, reserved 1124352K
  class space    used 12263K, capacity 12504K, committed 12504K, reserved 1048576K
}
Event: 173.835 GC heap before
{Heap before GC invocations=24 (full 6):
 PSYoungGen      total 433664K, used 15686K [0x000000066ab00000, 0x0000000688580000, 0x00000007c0000000)
  eden space 416768K, 0% used [0x000000066ab00000,0x000000066ab00000,0x0000000684200000)
  from space 16896K, 92% used [0x0000000685480000,0x00000006863d19f0,0x0000000686500000)
  to   space 18944K, 0% used [0x0000000684200000,0x0000000684200000,0x0000000685480000)
 ParOldGen       total 228352K, used 220955K [0x00000003c0000000, 0x00000003cdf00000, 0x000000066ab00000)
  object space 228352K, 96% used [0x00000003c0000000,0x00000003cd7c6e68,0x00000003cdf00000)
 Metaspace       used 86816K, capacity 87828K, committed 88024K, reserved 1124352K
  class space    used 12263K, capacity 12504K, committed 12504K, reserved 1048576K
Event: 173.936 GC heap after
Heap after GC invocations=24 (full 6):
 PSYoungGen      total 433664K, used 0K [0x000000066ab00000, 0x0000000688580000, 0x00000007c0000000)
  eden space 416768K, 0% used [0x000000066ab00000,0x000000066ab00000,0x0000000684200000)
  from space 16896K, 0% used [0x0000000685480000,0x0000000685480000,0x0000000686500000)
  to   space 18944K, 0% used [0x0000000684200000,0x0000000684200000,0x0000000685480000)
 ParOldGen       total 257024K, used 120906K [0x00000003c0000000, 0x00000003cfb00000, 0x000000066ab00000)
  object space 257024K, 47% used [0x00000003c0000000,0x00000003c7612838,0x00000003cfb00000)
 Metaspace       used 86816K, capacity 87828K, committed 88024K, reserved 1124352K
  class space    used 12263K, capacity 12504K, committed 12504K, reserved 1048576K
}
Event: 174.538 GC heap before
{Heap before GC invocations=25 (full 6):
 PSYoungGen      total 433664K, used 416768K [0x000000066ab00000, 0x0000000688580000, 0x00000007c0000000)
  eden space 416768K, 100% used [0x000000066ab00000,0x0000000684200000,0x0000000684200000)
  from space 16896K, 0% used [0x0000000685480000,0x0000000685480000,0x0000000686500000)
  to   space 18944K, 0% used [0x0000000684200000,0x0000000684200000,0x0000000685480000)
 ParOldGen       total 257024K, used 120906K [0x00000003c0000000, 0x00000003cfb00000, 0x000000066ab00000)
  object space 257024K, 47% used [0x00000003c0000000,0x00000003c7612838,0x00000003cfb00000)
 Metaspace       used 86836K, capacity 87828K, committed 88024K, reserved 1124352K
  class space    used 12263K, capacity 12504K, committed 12504K, reserved 1048576K
Event: 174.542 GC heap after
Heap after GC invocations=25 (full 6):
 PSYoungGen      total 435712K, used 1209K [0x000000066ab00000, 0x000000068cb80000, 0x00000007c0000000)
  eden space 416768K, 0% used [0x000000066ab00000,0x000000066ab00000,0x0000000684200000)
  from space 18944K, 6% used [0x0000000684200000,0x000000068432e750,0x0000000685480000)
  to   space 19456K, 0% used [0x000000068b880000,0x000000068b880000,0x000000068cb80000)
 ParOldGen       total 257024K, used 120906K [0x00000003c0000000, 0x00000003cfb00000, 0x000000066ab00000)
  object space 257024K, 47% used [0x00000003c0000000,0x00000003c7612838,0x00000003cfb00000)
 Metaspace       used 86836K, capacity 87828K, committed 88024K, reserved 1124352K
  class space    used 12263K, capacity 12504K, committed 12504K, reserved 1048576K
}
Event: 175.017 GC heap before
{Heap before GC invocations=26 (full 6):
 PSYoungGen      total 435712K, used 417977K [0x000000066ab00000, 0x000000068cb80000, 0x00000007c0000000)
  eden space 416768K, 100% used [0x000000066ab00000,0x0000000684200000,0x0000000684200000)
  from space 18944K, 6% used [0x0000000684200000,0x000000068432e750,0x0000000685480000)
  to   space 19456K, 0% used [0x000000068b880000,0x000000068b880000,0x000000068cb80000)
 ParOldGen       total 257024K, used 120906K [0x00000003c0000000, 0x00000003cfb00000, 0x000000066ab00000)
  object space 257024K, 47% used [0x00000003c0000000,0x00000003c7612838,0x00000003cfb00000)
 Metaspace       used 86857K, capacity 87896K, committed 88024K, reserved 1124352K
  class space    used 12263K, capacity 12504K, committed 12504K, reserved 1048576K
Event: 175.023 GC heap after
Heap after GC invocations=26 (full 6):
 PSYoungGen      total 531968K, used 953K [0x000000066ab00000, 0x000000068c880000, 0x00000007c0000000)
  eden space 515584K, 0% used [0x000000066ab00000,0x000000066ab00000,0x000000068a280000)
  from space 16384K, 5% used [0x000000068b880000,0x000000068b96e750,0x000000068c880000)
  to   space 19456K, 0% used [0x000000068a280000,0x000000068a280000,0x000000068b580000)
 ParOldGen       total 257024K, used 120914K [0x00000003c0000000, 0x00000003cfb00000, 0x000000066ab00000)
  object space 257024K, 47% used [0x00000003c0000000,0x00000003c7614838,0x00000003cfb00000)
 Metaspace       used 86857K, capacity 87896K, committed 88024K, reserved 1124352K
  class space    used 12263K, capacity 12504K, committed 12504K, reserved 1048576K
}
Event: 175.630 GC heap before
{Heap before GC invocations=27 (full 6):
 PSYoungGen      total 531968K, used 516537K [0x000000066ab00000, 0x000000068c880000, 0x00000007c0000000)
  eden space 515584K, 100% used [0x000000066ab00000,0x000000068a280000,0x000000068a280000)
  from space 16384K, 5% used [0x000000068b880000,0x000000068b96e750,0x000000068c880000)
  to   space 19456K, 0% used [0x000000068a280000,0x000000068a280000,0x000000068b580000)
 ParOldGen       total 257024K, used 120914K [0x00000003c0000000, 0x00000003cfb00000, 0x000000066ab00000)
  object space 257024K, 47% used [0x00000003c0000000,0x00000003c7614838,0x00000003cfb00000)
 Metaspace       used 86866K, capacity 87896K, committed 88024K, reserved 1124352K
  class space    used 12263K, capacity 12504K, committed 12504K, reserved 1048576K
Event: 175.639 GC heap after
Heap after GC invocations=27 (full 6):
 PSYoungGen      total 535040K, used 1081K [0x000000066ab00000, 0x0000000693c00000, 0x00000007c0000000)
  eden space 515584K, 0% used [0x000000066ab00000,0x000000066ab00000,0x000000068a280000)
  from space 19456K, 5% used [0x000000068a280000,0x000000068a38e750,0x000000068b580000)
  to   space 18944K, 0% used [0x0000000692980000,0x0000000692980000,0x0000000693c00000)
 ParOldGen       total 257024K, used 120914K [0x00000003c0000000, 0x00000003cfb00000, 0x000000066ab00000)
  object space 257024K, 47% used [0x00000003c0000000,0x00000003c7614838,0x00000003cfb00000)
 Metaspace       used 86866K, capacity 87896K, committed 88024K, reserved 1124352K
  class space    used 12263K, capacity 12504K, committed 12504K, reserved 1048576K
}
Event: 176.146 GC heap before
{Heap before GC invocations=28 (full 6):
 PSYoungGen      total 535040K, used 516665K [0x000000066ab00000, 0x0000000693c00000, 0x00000007c0000000)
  eden space 515584K, 100% used [0x000000066ab00000,0x000000068a280000,0x000000068a280000)
  from space 19456K, 5% used [0x000000068a280000,0x000000068a38e750,0x000000068b580000)
  to   space 18944K, 0% used [0x0000000692980000,0x0000000692980000,0x0000000693c00000)
 ParOldGen       total 257024K, used 120914K [0x00000003c0000000, 0x00000003cfb00000, 0x000000066ab00000)
  object space 257024K, 47% used [0x00000003c0000000,0x00000003c7614838,0x00000003cfb00000)
 Metaspace       used 86888K, capacity 87960K, committed 88024K, reserved 1124352K
  class space    used 12263K, capacity 12504K, committed 12504K, reserved 1048576K
Event: 176.153 GC heap after
Heap after GC invocations=28 (full 6):
 PSYoungGen      total 650752K, used 704K [0x000000066ab00000, 0x0000000693a80000, 0x00000007c0000000)
  eden space 633344K, 0% used [0x000000066ab00000,0x000000066ab00000,0x0000000691580000)
  from space 17408K, 4% used [0x0000000692980000,0x0000000692a30000,0x0000000693a80000)
  to   space 18944K, 0% used [0x0000000691580000,0x0000000691580000,0x0000000692800000)
 ParOldGen       total 257024K, used 121635K [0x00000003c0000000, 0x00000003cfb00000, 0x000000066ab00000)
  object space 257024K, 47% used [0x00000003c0000000,0x00000003c76c8f88,0x00000003cfb00000)
 Metaspace       used 86888K, capacity 87960K, committed 88024K, reserved 1124352K
  class space    used 12263K, capacity 12504K, committed 12504K, reserved 1048576K
}
Event: 176.777 GC heap before
{Heap before GC invocations=29 (full 6):
 PSYoungGen      total 650752K, used 634048K [0x000000066ab00000, 0x0000000693a80000, 0x00000007c0000000)
  eden space 633344K, 100% used [0x000000066ab00000,0x0000000691580000,0x0000000691580000)
  from space 17408K, 4% used [0x0000000692980000,0x0000000692a30000,0x0000000693a80000)
  to   space 18944K, 0% used [0x0000000691580000,0x0000000691580000,0x0000000692800000)
 ParOldGen       total 257024K, used 121635K [0x00000003c0000000, 0x00000003cfb00000, 0x000000066ab00000)
  object space 257024K, 47% used [0x00000003c0000000,0x00000003c76c8f88,0x00000003cfb00000)
 Metaspace       used 86903K, capacity 88024K, committed 88024K, reserved 1124352K
  class space    used 12263K, capacity 12504K, committed 12504K, reserved 1048576K
Event: 176.781 GC heap after
Heap after GC invocations=29 (full 6):
 PSYoungGen      total 652288K, used 832K [0x000000066ab00000, 0x000000069bc80000, 0x00000007c0000000)
  eden space 633344K, 0% used [0x000000066ab00000,0x000000066ab00000,0x0000000691580000)
  from space 18944K, 4% used [0x0000000691580000,0x0000000691650010,0x0000000692800000)
  to   space 18432K, 0% used [0x000000069aa80000,0x000000069aa80000,0x000000069bc80000)
 ParOldGen       total 257024K, used 122027K [0x00000003c0000000, 0x00000003cfb00000, 0x000000066ab00000)
  object space 257024K, 47% used [0x00000003c0000000,0x00000003c772af88,0x00000003cfb00000)
 Metaspace       used 86903K, capacity 88024K, committed 88024K, reserved 1124352K
  class space    used 12263K, capacity 12504K, committed 12504K, reserved 1048576K
}
Event: 177.296 GC heap before
{Heap before GC invocations=30 (full 6):
 PSYoungGen      total 652288K, used 634176K [0x000000066ab00000, 0x000000069bc80000, 0x00000007c0000000)
  eden space 633344K, 100% used [0x000000066ab00000,0x0000000691580000,0x0000000691580000)
  from space 18944K, 4% used [0x0000000691580000,0x0000000691650010,0x0000000692800000)
  to   space 18432K, 0% used [0x000000069aa80000,0x000000069aa80000,0x000000069bc80000)
 ParOldGen       total 257024K, used 122027K [0x00000003c0000000, 0x00000003cfb00000, 0x000000066ab00000)
  object space 257024K, 47% used [0x00000003c0000000,0x00000003c772af88,0x00000003cfb00000)
 Metaspace       used 86904K, capacity 88024K, committed 88024K, reserved 1124352K
  class space    used 12263K, capacity 12504K, committed 12504K, reserved 1048576K
Event: 177.299 GC heap after
Heap after GC invocations=30 (full 6):
 PSYoungGen      total 767488K, used 352K [0x000000066ab00000, 0x000000069b300000, 0x00000007c0000000)
  eden space 758784K, 0% used [0x000000066ab00000,0x000000066ab00000,0x0000000699000000)
  from space 8704K, 4% used [0x000000069aa80000,0x000000069aad8000,0x000000069b300000)
  to   space 17920K, 0% used [0x0000000699000000,0x0000000699000000,0x000000069a180000)
 ParOldGen       total 257024K, used 122603K [0x00000003c0000000, 0x00000003cfb00000, 0x000000066ab00000)
  object space 257024K, 47% used [0x00000003c0000000,0x00000003c77baf98,0x00000003cfb00000)
 Metaspace       used 86904K, capacity 88024K, committed 88024K, reserved 1124352K
  class space    used 12263K, capacity 12504K, committed 12504K, reserved 1048576K
}
Event: 177.992 GC heap before
{Heap before GC invocations=31 (full 6):
 PSYoungGen      total 767488K, used 759136K [0x000000066ab00000, 0x000000069b300000, 0x00000007c0000000)
  eden space 758784K, 100% used [0x000000066ab00000,0x0000000699000000,0x0000000699000000)
  from space 8704K, 4% used [0x000000069aa80000,0x000000069aad8000,0x000000069b300000)
  to   space 17920K, 0% used [0x0000000699000000,0x0000000699000000,0x000000069a180000)
 ParOldGen       total 257024K, used 122603K [0x00000003c0000000, 0x00000003cfb00000, 0x000000066ab00000)
  object space 257024K, 47% used [0x00000003c0000000,0x00000003c77baf98,0x00000003cfb00000)
 Metaspace       used 86922K, capacity 88028K, committed 88280K, reserved 1124352K
  class space    used 12263K, capacity 12504K, committed 12504K, reserved 1048576K
Event: 177.995 GC heap after
Heap after GC invocations=31 (full 6):
 PSYoungGen      total 776704K, used 627K [0x000000066ab00000, 0x00000006a1800000, 0x00000007c0000000)
  eden space 758784K, 0% used [0x000000066ab00000,0x000000066ab00000,0x0000000699000000)
  from space 17920K, 3% used [0x0000000699000000,0x000000069909ce90,0x000000069a180000)
  to   space 17408K, 0% used [0x00000006a0700000,0x00000006a0700000,0x00000006a1800000)
 ParOldGen       total 257024K, used 122771K [0x00000003c0000000, 0x00000003cfb00000, 0x000000066ab00000)
  object space 257024K, 47% used [0x00000003c0000000,0x00000003c77e4f98,0x00000003cfb00000)
 Metaspace       used 86922K, capacity 88028K, committed 88280K, reserved 1124352K
  class space    used 12263K, capacity 12504K, committed 12504K, reserved 1048576K
}
Event: 178.628 GC heap before
{Heap before GC invocations=32 (full 6):
 PSYoungGen      total 776704K, used 759411K [0x000000066ab00000, 0x00000006a1800000, 0x00000007c0000000)
  eden space 758784K, 100% used [0x000000066ab00000,0x0000000699000000,0x0000000699000000)
  from space 17920K, 3% used [0x0000000699000000,0x000000069909ce90,0x000000069a180000)
  to   space 17408K, 0% used [0x00000006a0700000,0x00000006a0700000,0x00000006a1800000)
 ParOldGen       total 257024K, used 122771K [0x00000003c0000000, 0x00000003cfb00000, 0x000000066ab00000)
  object space 257024K, 47% used [0x00000003c0000000,0x00000003c77e4f98,0x00000003cfb00000)
 Metaspace       used 86925K, capacity 88028K, committed 88280K, reserved 1124352K
  class space    used 12263K, capacity 12504K, committed 12504K, reserved 1048576K
Event: 178.633 GC heap after
Heap after GC invocations=32 (full 6):
 PSYoungGen      total 875520K, used 2324K [0x000000066ab00000, 0x00000006a1480000, 0x00000007c0000000)
  eden space 861696K, 0% used [0x000000066ab00000,0x000000066ab00000,0x000000069f480000)
  from space 13824K, 16% used [0x00000006a0700000,0x00000006a0945300,0x00000006a1480000)
  to   space 16384K, 0% used [0x000000069f480000,0x000000069f480000,0x00000006a0480000)
 ParOldGen       total 257024K, used 122771K [0x00000003c0000000, 0x00000003cfb00000, 0x000000066ab00000)
  object space 257024K, 47% used [0x00000003c0000000,0x00000003c77e4f98,0x00000003cfb00000)
 Metaspace       used 86925K, capacity 88028K, committed 88280K, reserved 1124352K
  class space    used 12263K, capacity 12504K, committed 12504K, reserved 1048576K
}
Event: 179.358 GC heap before
{Heap before GC invocations=33 (full 6):
 PSYoungGen      total 875520K, used 864020K [0x000000066ab00000, 0x00000006a1480000, 0x00000007c0000000)
  eden space 861696K, 100% used [0x000000066ab00000,0x000000069f480000,0x000000069f480000)
  from space 13824K, 16% used [0x00000006a0700000,0x00000006a0945300,0x00000006a1480000)
  to   space 16384K, 0% used [0x000000069f480000,0x000000069f480000,0x00000006a0480000)
 ParOldGen       total 257024K, used 122771K [0x00000003c0000000, 0x00000003cfb00000, 0x000000066ab00000)
  object space 257024K, 47% used [0x00000003c0000000,0x00000003c77e4f98,0x00000003cfb00000)
 Metaspace       used 86925K, capacity 88028K, committed 88280K, reserved 1124352K
  class space    used 12263K, capacity 12504K, committed 12504K, reserved 1048576K
Event: 179.362 GC heap after
Heap after GC invocations=33 (full 6):
 PSYoungGen      total 878080K, used 1031K [0x000000066ab00000, 0x00000006a7d80000, 0x00000007c0000000)
  eden space 861696K, 0% used [0x000000066ab00000,0x000000066ab00000,0x000000069f480000)
  from space 16384K, 6% used [0x000000069f480000,0x000000069f581d20,0x00000006a0480000)
  to   space 15872K, 0% used [0x00000006a6e00000,0x00000006a6e00000,0x00000006a7d80000)
 ParOldGen       total 257024K, used 122771K [0x00000003c0000000, 0x00000003cfb00000, 0x000000066ab00000)
  object space 257024K, 47% used [0x00000003c0000000,0x00000003c77e4f98,0x00000003cfb00000)
 Metaspace       used 86925K, capacity 88028K, committed 88280K, reserved 1124352K
  class space    used 12263K, capacity 12504K, committed 12504K, reserved 1048576K
}
Event: 180.057 GC heap before
{Heap before GC invocations=34 (full 6):
 PSYoungGen      total 878080K, used 862727K [0x000000066ab00000, 0x00000006a7d80000, 0x00000007c0000000)
  eden space 861696K, 100% used [0x000000066ab00000,0x000000069f480000,0x000000069f480000)
  from space 16384K, 6% used [0x000000069f480000,0x000000069f581d20,0x00000006a0480000)
  to   space 15872K, 0% used [0x00000006a6e00000,0x00000006a6e00000,0x00000006a7d80000)
 ParOldGen       total 257024K, used 122771K [0x00000003c0000000, 0x00000003cfb00000, 0x000000066ab00000)
  object space 257024K, 47% used [0x00000003c0000000,0x00000003c77e4f98,0x00000003cfb00000)
 Metaspace       used 86925K, capacity 88028K, committed 88280K, reserved 1124352K
  class space    used 12263K, capacity 12504K, committed 12504K, reserved 1048576K
Event: 180.061 GC heap after
Heap after GC invocations=34 (full 6):
 PSYoungGen      total 973824K, used 1223K [0x000000066ab00000, 0x00000006a7680000, 0x00000007c0000000)
  eden space 965120K, 0% used [0x000000066ab00000,0x000000066ab00000,0x00000006a5980000)
  from space 8704K, 14% used [0x00000006a6e00000,0x00000006a6f31d20,0x00000006a7680000)
  to   space 14848K, 0% used [0x00000006a5980000,0x00000006a5980000,0x00000006a6800000)
 ParOldGen       total 257024K, used 122771K [0x00000003c0000000, 0x00000003cfb00000, 0x000000066ab00000)
  object space 257024K, 47% used [0x00000003c0000000,0x00000003c77e4f98,0x00000003cfb00000)
 Metaspace       used 86925K, capacity 88028K, committed 88280K, reserved 1124352K
  class space    used 12263K, capacity 12504K, committed 12504K, reserved 1048576K
}
Event: 180.903 GC heap before
{Heap before GC invocations=35 (full 6):
 PSYoungGen      total 973824K, used 966343K [0x000000066ab00000, 0x00000006a7680000, 0x00000007c0000000)
  eden space 965120K, 100% used [0x000000066ab00000,0x00000006a5980000,0x00000006a5980000)
  from space 8704K, 14% used [0x00000006a6e00000,0x00000006a6f31d20,0x00000006a7680000)
  to   space 14848K, 0% used [0x00000006a5980000,0x00000006a5980000,0x00000006a6800000)
 ParOldGen       total 257024K, used 122771K [0x00000003c0000000, 0x00000003cfb00000, 0x000000066ab00000)
  object space 257024K, 47% used [0x00000003c0000000,0x00000003c77e4f98,0x00000003cfb00000)
 Metaspace       used 86925K, capacity 88028K, committed 88280K, reserved 1124352K
  class space    used 12263K, capacity 12504K, committed 12504K, reserved 1048576K
Event: 180.908 GC heap after
Heap after GC invocations=35 (full 6):
 PSYoungGen      total 979968K, used 1863K [0x000000066ab00000, 0x00000006ae400000, 0x00000007c0000000)
  eden space 965120K, 0% used [0x000000066ab00000,0x000000066ab00000,0x00000006a5980000)
  from space 14848K, 12% used [0x00000006a5980000,0x00000006a5b51d20,0x00000006a6800000)
  to   space 14336K, 0% used [0x00000006ad600000,0x00000006ad600000,0x00000006ae400000)
 ParOldGen       total 257024K, used 122771K [0x00000003c0000000, 0x00000003cfb00000, 0x000000066ab00000)
  object space 257024K, 47% used [0x00000003c0000000,0x00000003c77e4f98,0x00000003cfb00000)
 Metaspace       used 86925K, capacity 88028K, committed 88280K, reserved 1124352K
  class space    used 12263K, capacity 12504K, committed 12504K, reserved 1048576K
}
Event: 181.696 GC heap before
{Heap before GC invocations=36 (full 6):
 PSYoungGen      total 979968K, used 966983K [0x000000066ab00000, 0x00000006ae400000, 0x00000007c0000000)
  eden space 965120K, 100% used [0x000000066ab00000,0x00000006a5980000,0x00000006a5980000)
  from space 14848K, 12% used [0x00000006a5980000,0x00000006a5b51d20,0x00000006a6800000)
  to   space 14336K, 0% used [0x00000006ad600000,0x00000006ad600000,0x00000006ae400000)
 ParOldGen       total 257024K, used 122771K [0x00000003c0000000, 0x00000003cfb00000, 0x000000066ab00000)
  object space 257024K, 47% used [0x00000003c0000000,0x00000003c77e4f98,0x00000003cfb00000)
 Metaspace       used 86925K, capacity 88028K, committed 88280K, reserved 1124352K
  class space    used 12263K, capacity 12504K, committed 12504K, reserved 1048576K
Event: 181.702 GC heap after
Heap after GC invocations=36 (full 6):
 PSYoungGen      total 1090560K, used 2567K [0x000000066ab00000, 0x00000006ae200000, 0x00000007c0000000)
  eden space 1078272K, 0% used [0x000000066ab00000,0x000000066ab00000,0x00000006ac800000)
  from space 12288K, 20% used [0x00000006ad600000,0x00000006ad881d30,0x00000006ae200000)
  to   space 13312K, 0% used [0x00000006ac800000,0x00000006ac800000,0x00000006ad500000)
 ParOldGen       total 257024K, used 122771K [0x00000003c0000000, 0x00000003cfb00000, 0x000000066ab00000)
  object space 257024K, 47% used [0x00000003c0000000,0x00000003c77e4f98,0x00000003cfb00000)
 Metaspace       used 86925K, capacity 88028K, committed 88280K, reserved 1124352K
  class space    used 12263K, capacity 12504K, committed 12504K, reserved 1048576K
}
Event: 182.637 GC heap before
{Heap before GC invocations=37 (full 6):
 PSYoungGen      total 1090560K, used 1080839K [0x000000066ab00000, 0x00000006ae200000, 0x00000007c0000000)
  eden space 1078272K, 100% used [0x000000066ab00000,0x00000006ac800000,0x00000006ac800000)
  from space 12288K, 20% used [0x00000006ad600000,0x00000006ad881d30,0x00000006ae200000)
  to   space 13312K, 0% used [0x00000006ac800000,0x00000006ac800000,0x00000006ad500000)
 ParOldGen       total 257024K, used 122771K [0x00000003c0000000, 0x00000003cfb00000, 0x000000066ab00000)
  object space 257024K, 47% used [0x00000003c0000000,0x00000003c77e4f98,0x00000003cfb00000)
 Metaspace       used 86925K, capacity 88028K, committed 88280K, reserved 1124352K
  class space    used 12263K, capacity 12504K, committed 12504K, reserved 1048576K
Event: 182.643 GC heap after
Heap after GC invocations=37 (full 6):
 PSYoungGen      total 1091584K, used 2727K [0x000000066ab00000, 0x00000006b5800000, 0x00000007c0000000)
  eden space 1078272K, 0% used [0x000000066ab00000,0x000000066ab00000,0x00000006ac800000)
  from space 13312K, 20% used [0x00000006ac800000,0x00000006acaa9d30,0x00000006ad500000)
  to   space 12288K, 0% used [0x00000006b4c00000,0x00000006b4c00000,0x00000006b5800000)
 ParOldGen       total 257024K, used 122771K [0x00000003c0000000, 0x00000003cfb00000, 0x000000066ab00000)
  object space 257024K, 47% used [0x00000003c0000000,0x00000003c77e4f98,0x00000003cfb00000)
 Metaspace       used 86925K, capacity 88028K, committed 88280K, reserved 1124352K
  class space    used 12263K, capacity 12504K, committed 12504K, reserved 1048576K
}
Event: 183.528 GC heap before
{Heap before GC invocations=38 (full 6):
 PSYoungGen      total 1091584K, used 1080999K [0x000000066ab00000, 0x00000006b5800000, 0x00000007c0000000)
  eden space 1078272K, 100% used [0x000000066ab00000,0x00000006ac800000,0x00000006ac800000)
  from space 13312K, 20% used [0x00000006ac800000,0x00000006acaa9d30,0x00000006ad500000)
  to   space 12288K, 0% used [0x00000006b4c00000,0x00000006b4c00000,0x00000006b5800000)
 ParOldGen       total 257024K, used 122771K [0x00000003c0000000, 0x00000003cfb00000, 0x000000066ab00000)
  object space 257024K, 47% used [0x00000003c0000000,0x00000003c77e4f98,0x00000003cfb00000)
 Metaspace       used 86925K, capacity 88028K, committed 88280K, reserved 1124352K
  class space    used 12263K, capacity 12504K, committed 12504K, reserved 1048576K
Event: 183.534 GC heap after
Heap after GC invocations=38 (full 6):
 PSYoungGen      total 1211392K, used 2983K [0x000000066ab00000, 0x00000006b5680000, 0x00000007c0000000)
  eden space 1200640K, 0% used [0x000000066ab00000,0x000000066ab00000,0x00000006b3f80000)
  from space 10752K, 27% used [0x00000006b4c00000,0x00000006b4ee9d30,0x00000006b5680000)
  to   space 11776K, 0% used [0x00000006b3f80000,0x00000006b3f80000,0x00000006b4b00000)
 ParOldGen       total 257024K, used 122771K [0x00000003c0000000, 0x00000003cfb00000, 0x000000066ab00000)
  object space 257024K, 47% used [0x00000003c0000000,0x00000003c77e4f98,0x00000003cfb00000)
 Metaspace       used 86925K, capacity 88028K, committed 88280K, reserved 1124352K
  class space    used 12263K, capacity 12504K, committed 12504K, reserved 1048576K
}
Event: 184.549 GC heap before
{Heap before GC invocations=39 (full 6):
 PSYoungGen      total 1211392K, used 1203623K [0x000000066ab00000, 0x00000006b5680000, 0x00000007c0000000)
  eden space 1200640K, 100% used [0x000000066ab00000,0x00000006b3f80000,0x00000006b3f80000)
  from space 10752K, 27% used [0x00000006b4c00000,0x00000006b4ee9d30,0x00000006b5680000)
  to   space 11776K, 0% used [0x00000006b3f80000,0x00000006b3f80000,0x00000006b4b00000)
 ParOldGen       total 257024K, used 122771K [0x00000003c0000000, 0x00000003cfb00000, 0x000000066ab00000)
  object space 257024K, 47% used [0x00000003c0000000,0x00000003c77e4f98,0x00000003cfb00000)
 Metaspace       used 86925K, capacity 88028K, committed 88280K, reserved 1124352K
  class space    used 12263K, capacity 12504K, committed 12504K, reserved 1048576K
Event: 184.555 GC heap after
Heap after GC invocations=39 (full 6):
 PSYoungGen      total 1212416K, used 3097K [0x000000066ab00000, 0x00000006bc200000, 0x00000007c0000000)
  eden space 1200640K, 0% used [0x000000066ab00000,0x000000066ab00000,0x00000006b3f80000)
  from space 11776K, 26% used [0x00000006b3f80000,0x00000006b4286540,0x00000006b4b00000)
  to   space 10752K, 0% used [0x00000006bb780000,0x00000006bb780000,0x00000006bc200000)
 ParOldGen       total 257024K, used 122771K [0x00000003c0000000, 0x00000003cfb00000, 0x000000066ab00000)
  object space 257024K, 47% used [0x00000003c0000000,0x00000003c77e4f98,0x00000003cfb00000)
 Metaspace       used 86925K, capacity 88028K, committed 88280K, reserved 1124352K
  class space    used 12263K, capacity 12504K, committed 12504K, reserved 1048576K
}
Event: 185.514 GC heap before
{Heap before GC invocations=40 (full 6):
 PSYoungGen      total 1212416K, used 1203737K [0x000000066ab00000, 0x00000006bc200000, 0x00000007c0000000)
  eden space 1200640K, 100% used [0x000000066ab00000,0x00000006b3f80000,0x00000006b3f80000)
  from space 11776K, 26% used [0x00000006b3f80000,0x00000006b4286540,0x00000006b4b00000)
  to   space 10752K, 0% used [0x00000006bb780000,0x00000006bb780000,0x00000006bc200000)
 ParOldGen       total 257024K, used 122771K [0x00000003c0000000, 0x00000003cfb00000, 0x000000066ab00000)
  object space 257024K, 47% used [0x00000003c0000000,0x00000003c77e4f98,0x00000003cfb00000)
 Metaspace       used 86925K, capacity 88028K, committed 88280K, reserved 1124352K
  class space    used 12263K, capacity 12504K, committed 12504K, reserved 1048576K
Event: 185.520 GC heap after
Heap after GC invocations=40 (full 6):
 PSYoungGen      total 1323520K, used 3367K [0x000000066ab00000, 0x00000006bc180000, 0x00000007c0000000)
  eden space 1313280K, 0% used [0x000000066ab00000,0x000000066ab00000,0x00000006bad80000)
  from space 10240K, 32% used [0x00000006bb780000,0x00000006bbac9d30,0x00000006bc180000)
  to   space 10240K, 0% used [0x00000006bad80000,0x00000006bad80000,0x00000006bb780000)
 ParOldGen       total 257024K, used 122771K [0x00000003c0000000, 0x00000003cfb00000, 0x000000066ab00000)
  object space 257024K, 47% used [0x00000003c0000000,0x00000003c77e4f98,0x00000003cfb00000)
 Metaspace       used 86925K, capacity 88028K, committed 88280K, reserved 1124352K
  class space    used 12263K, capacity 12504K, committed 12504K, reserved 1048576K
}
Event: 186.649 GC heap before
{Heap before GC invocations=41 (full 6):
 PSYoungGen      total 1323520K, used 1316647K [0x000000066ab00000, 0x00000006bc180000, 0x00000007c0000000)
  eden space 1313280K, 100% used [0x000000066ab00000,0x00000006bad80000,0x00000006bad80000)
  from space 10240K, 32% used [0x00000006bb780000,0x00000006bbac9d30,0x00000006bc180000)
  to   space 10240K, 0% used [0x00000006bad80000,0x00000006bad80000,0x00000006bb780000)
 ParOldGen       total 257024K, used 122771K [0x00000003c0000000, 0x00000003cfb00000, 0x000000066ab00000)
  object space 257024K, 47% used [0x00000003c0000000,0x00000003c77e4f98,0x00000003cfb00000)
 Metaspace       used 86925K, capacity 88028K, committed 88280K, reserved 1124352K
  class space    used 12263K, capacity 12504K, committed 12504K, reserved 1048576K
Event: 186.657 GC heap after
Heap after GC invocations=41 (full 6):
 PSYoungGen      total 1323520K, used 3911K [0x000000066ab00000, 0x00000006c3880000, 0x00000007c0000000)
  eden space 1313280K, 0% used [0x000000066ab00000,0x000000066ab00000,0x00000006bad80000)
  from space 10240K, 38% used [0x00000006bad80000,0x00000006bb151d30,0x00000006bb780000)
  to   space 9728K, 0% used [0x00000006c2f00000,0x00000006c2f00000,0x00000006c3880000)
 ParOldGen       total 257024K, used 122771K [0x00000003c0000000, 0x00000003cfb00000, 0x000000066ab00000)
  object space 257024K, 47% used [0x00000003c0000000,0x00000003c77e4f98,0x00000003cfb00000)
 Metaspace       used 86925K, capacity 88028K, committed 88280K, reserved 1124352K
  class space    used 12263K, capacity 12504K, committed 12504K, reserved 1048576K
}
Event: 187.704 GC heap before
{Heap before GC invocations=42 (full 6):
 PSYoungGen      total 1323520K, used 1317191K [0x000000066ab00000, 0x00000006c3880000, 0x00000007c0000000)
  eden space 1313280K, 100% used [0x000000066ab00000,0x00000006bad80000,0x00000006bad80000)
  from space 10240K, 38% used [0x00000006bad80000,0x00000006bb151d30,0x00000006bb780000)
  to   space 9728K, 0% used [0x00000006c2f00000,0x00000006c2f00000,0x00000006c3880000)
 ParOldGen       total 257024K, used 122771K [0x00000003c0000000, 0x00000003cfb00000, 0x000000066ab00000)
  object space 257024K, 47% used [0x00000003c0000000,0x00000003c77e4f98,0x00000003cfb00000)
 Metaspace       used 86927K, capacity 88028K, committed 88280K, reserved 1124352K
  class space    used 12263K, capacity 12504K, committed 12504K, reserved 1048576K
Event: 187.712 GC heap after
Heap after GC invocations=42 (full 6):
 PSYoungGen      total 1446400K, used 4167K [0x000000066ab00000, 0x00000006c3900000, 0x00000007c0000000)
  eden space 1436672K, 0% used [0x000000066ab00000,0x000000066ab00000,0x00000006c2600000)
  from space 9728K, 42% used [0x00000006c2f00000,0x00000006c3311d30,0x00000006c3880000)
  to   space 9216K, 0% used [0x00000006c2600000,0x00000006c2600000,0x00000006c2f00000)
 ParOldGen       total 257024K, used 122771K [0x00000003c0000000, 0x00000003cfb00000, 0x000000066ab00000)
  object space 257024K, 47% used [0x00000003c0000000,0x00000003c77e4f98,0x00000003cfb00000)
 Metaspace       used 86927K, capacity 88028K, committed 88280K, reserved 1124352K
  class space    used 12263K, capacity 12504K, committed 12504K, reserved 1048576K
}
Event: 188.910 GC heap before
{Heap before GC invocations=43 (full 6):
 PSYoungGen      total 1446400K, used 1440839K [0x000000066ab00000, 0x00000006c3900000, 0x00000007c0000000)
  eden space 1436672K, 100% used [0x000000066ab00000,0x00000006c2600000,0x00000006c2600000)
  from space 9728K, 42% used [0x00000006c2f00000,0x00000006c3311d30,0x00000006c3880000)
  to   space 9216K, 0% used [0x00000006c2600000,0x00000006c2600000,0x00000006c2f00000)
 ParOldGen       total 257024K, used 122771K [0x00000003c0000000, 0x00000003cfb00000, 0x000000066ab00000)
  object space 257024K, 47% used [0x00000003c0000000,0x00000003c77e4f98,0x00000003cfb00000)
 Metaspace       used 86928K, capacity 88028K, committed 88280K, reserved 1124352K
  class space    used 12263K, capacity 12504K, committed 12504K, reserved 1048576K
Event: 188.918 GC heap after
Heap after GC invocations=43 (full 6):
 PSYoungGen      total 1445888K, used 4199K [0x000000066ab00000, 0x00000006cbb80000, 0x00000007c0000000)
  eden space 1436672K, 0% used [0x000000066ab00000,0x000000066ab00000,0x00000006c2600000)
  from space 9216K, 45% used [0x00000006c2600000,0x00000006c2a19d30,0x00000006c2f00000)
  to   space 9216K, 0% used [0x00000006cb280000,0x00000006cb280000,0x00000006cbb80000)
 ParOldGen       total 257024K, used 122771K [0x00000003c0000000, 0x00000003cfb00000, 0x000000066ab00000)
  object space 257024K, 47% used [0x00000003c0000000,0x00000003c77e4f98,0x00000003cfb00000)
 Metaspace       used 86928K, capacity 88028K, committed 88280K, reserved 1124352K
  class space    used 12263K, capacity 12504K, committed 12504K, reserved 1048576K
}
Event: 190.056 GC heap before
{Heap before GC invocations=44 (full 6):
 PSYoungGen      total 1445888K, used 1440871K [0x000000066ab00000, 0x00000006cbb80000, 0x00000007c0000000)
  eden space 1436672K, 100% used [0x000000066ab00000,0x00000006c2600000,0x00000006c2600000)
  from space 9216K, 45% used [0x00000006c2600000,0x00000006c2a19d30,0x00000006c2f00000)
  to   space 9216K, 0% used [0x00000006cb280000,0x00000006cb280000,0x00000006cbb80000)
 ParOldGen       total 257024K, used 122771K [0x00000003c0000000, 0x00000003cfb00000, 0x000000066ab00000)
  object space 257024K, 47% used [0x00000003c0000000,0x00000003c77e4f98,0x00000003cfb00000)
 Metaspace       used 86928K, capacity 88028K, committed 88280K, reserved 1124352K
  class space    used 12263K, capacity 12504K, committed 12504K, reserved 1048576K
Event: 190.065 GC heap after
Heap after GC invocations=44 (full 6):
 PSYoungGen      total 1580544K, used 4615K [0x000000066ab00000, 0x00000006cbf00000, 0x00000007c0000000)
  eden space 1571328K, 0% used [0x000000066ab00000,0x000000066ab00000,0x00000006ca980000)
  from space 9216K, 50% used [0x00000006cb280000,0x00000006cb701d30,0x00000006cbb80000)
  to   space 9216K, 0% used [0x00000006ca980000,0x00000006ca980000,0x00000006cb280000)
 ParOldGen       total 257024K, used 122771K [0x00000003c0000000, 0x00000003cfb00000, 0x000000066ab00000)
  object space 257024K, 47% used [0x00000003c0000000,0x00000003c77e4f98,0x00000003cfb00000)
 Metaspace       used 86928K, capacity 88028K, committed 88280K, reserved 1124352K
  class space    used 12263K, capacity 12504K, committed 12504K, reserved 1048576K
}
Event: 191.378 GC heap before
{Heap before GC invocations=45 (full 6):
 PSYoungGen      total 1580544K, used 1575943K [0x000000066ab00000, 0x00000006cbf00000, 0x00000007c0000000)
  eden space 1571328K, 100% used [0x000000066ab00000,0x00000006ca980000,0x00000006ca980000)
  from space 9216K, 50% used [0x00000006cb280000,0x00000006cb701d30,0x00000006cbb80000)
  to   space 9216K, 0% used [0x00000006ca980000,0x00000006ca980000,0x00000006cb280000)
 ParOldGen       total 257024K, used 122771K [0x00000003c0000000, 0x00000003cfb00000, 0x000000066ab00000)
  object space 257024K, 47% used [0x00000003c0000000,0x00000003c77e4f98,0x00000003cfb00000)
 Metaspace       used 86940K, capacity 88028K, committed 88280K, reserved 1124352K
  class space    used 12265K, capacity 12504K, committed 12504K, reserved 1048576K
Event: 191.387 GC heap after
Heap after GC invocations=45 (full 6):
 PSYoungGen      total 1580544K, used 4839K [0x000000066ab00000, 0x00000006d4d80000, 0x00000007c0000000)
  eden space 1571328K, 0% used [0x000000066ab00000,0x000000066ab00000,0x00000006ca980000)
  from space 9216K, 52% used [0x00000006ca980000,0x00000006cae39d30,0x00000006cb280000)
  to   space 9216K, 0% used [0x00000006d4480000,0x00000006d4480000,0x00000006d4d80000)
 ParOldGen       total 257024K, used 122771K [0x00000003c0000000, 0x00000003cfb00000, 0x000000066ab00000)
  object space 257024K, 47% used [0x00000003c0000000,0x00000003c77e4f98,0x00000003cfb00000)
 Metaspace       used 86940K, capacity 88028K, committed 88280K, reserved 1124352K
  class space    used 12265K, capacity 12504K, committed 12504K, reserved 1048576K
}
Event: 192.635 GC heap before
{Heap before GC invocations=46 (full 6):
 PSYoungGen      total 1580544K, used 1576167K [0x000000066ab00000, 0x00000006d4d80000, 0x00000007c0000000)
  eden space 1571328K, 100% used [0x000000066ab00000,0x00000006ca980000,0x00000006ca980000)
  from space 9216K, 52% used [0x00000006ca980000,0x00000006cae39d30,0x00000006cb280000)
  to   space 9216K, 0% used [0x00000006d4480000,0x00000006d4480000,0x00000006d4d80000)
 ParOldGen       total 257024K, used 122771K [0x00000003c0000000, 0x00000003cfb00000, 0x000000066ab00000)
  object space 257024K, 47% used [0x00000003c0000000,0x00000003c77e4f98,0x00000003cfb00000)
 Metaspace       used 86941K, capacity 88028K, committed 88280K, reserved 1124352K
  class space    used 12265K, capacity 12504K, committed 12504K, reserved 1048576K
Event: 192.644 GC heap after
Heap after GC invocations=46 (full 6):
 PSYoungGen      total 1730048K, used 5095K [0x000000066ab00000, 0x00000006d4e80000, 0x00000007c0000000)
  eden space 1720832K, 0% used [0x000000066ab00000,0x000000066ab00000,0x00000006d3b80000)
  from space 9216K, 55% used [0x00000006d4480000,0x00000006d4979d30,0x00000006d4d80000)
  to   space 9216K, 0% used [0x00000006d3b80000,0x00000006d3b80000,0x00000006d4480000)
 ParOldGen       total 257024K, used 123075K [0x00000003c0000000, 0x00000003cfb00000, 0x000000066ab00000)
  object space 257024K, 47% used [0x00000003c0000000,0x00000003c7830f98,0x00000003cfb00000)
 Metaspace       used 86941K, capacity 88028K, committed 88280K, reserved 1124352K
  class space    used 12265K, capacity 12504K, committed 12504K, reserved 1048576K
}
Event: 194.102 GC heap before
{Heap before GC invocations=47 (full 6):
 PSYoungGen      total 1730048K, used 1725927K [0x000000066ab00000, 0x00000006d4e80000, 0x00000007c0000000)
  eden space 1720832K, 100% used [0x000000066ab00000,0x00000006d3b80000,0x00000006d3b80000)
  from space 9216K, 55% used [0x00000006d4480000,0x00000006d4979d30,0x00000006d4d80000)
  to   space 9216K, 0% used [0x00000006d3b80000,0x00000006d3b80000,0x00000006d4480000)
 ParOldGen       total 257024K, used 123075K [0x00000003c0000000, 0x00000003cfb00000, 0x000000066ab00000)
  object space 257024K, 47% used [0x00000003c0000000,0x00000003c7830f98,0x00000003cfb00000)
 Metaspace       used 86941K, capacity 88028K, committed 88280K, reserved 1124352K
  class space    used 12265K, capacity 12504K, committed 12504K, reserved 1048576K
Event: 194.115 GC heap after
Heap after GC invocations=47 (full 6):
 PSYoungGen      total 1730048K, used 8201K [0x000000066ab00000, 0x00000006de200000, 0x00000007c0000000)
  eden space 1720832K, 0% used [0x000000066ab00000,0x000000066ab00000,0x00000006d3b80000)
  from space 9216K, 88% used [0x00000006d3b80000,0x00000006d4382460,0x00000006d4480000)
  to   space 10240K, 0% used [0x00000006dd800000,0x00000006dd800000,0x00000006de200000)
 ParOldGen       total 257024K, used 123267K [0x00000003c0000000, 0x00000003cfb00000, 0x000000066ab00000)
  object space 257024K, 47% used [0x00000003c0000000,0x00000003c7860f98,0x00000003cfb00000)
 Metaspace       used 86941K, capacity 88028K, committed 88280K, reserved 1124352K
  class space    used 12265K, capacity 12504K, committed 12504K, reserved 1048576K
}
Event: 195.489 GC heap before
{Heap before GC invocations=48 (full 6):
 PSYoungGen      total 1730048K, used 1729033K [0x000000066ab00000, 0x00000006de200000, 0x00000007c0000000)
  eden space 1720832K, 100% used [0x000000066ab00000,0x00000006d3b80000,0x00000006d3b80000)
  from space 9216K, 88% used [0x00000006d3b80000,0x00000006d4382460,0x00000006d4480000)
  to   space 10240K, 0% used [0x00000006dd800000,0x00000006dd800000,0x00000006de200000)
 ParOldGen       total 257024K, used 123267K [0x00000003c0000000, 0x00000003cfb00000, 0x000000066ab00000)
  object space 257024K, 47% used [0x00000003c0000000,0x00000003c7860f98,0x00000003cfb00000)
 Metaspace       used 86941K, capacity 88028K, committed 88280K, reserved 1124352K
  class space    used 12265K, capacity 12504K, committed 12504K, reserved 1048576K
Event: 195.498 GC heap after
Heap after GC invocations=48 (full 6):
 PSYoungGen      total 1879040K, used 5664K [0x000000066ab00000, 0x00000006de100000, 0x00000007c0000000)
  eden space 1869824K, 0% used [0x000000066ab00000,0x000000066ab00000,0x00000006dcd00000)
  from space 9216K, 61% used [0x00000006dd800000,0x00000006ddd88010,0x00000006de100000)
  to   space 10240K, 0% used [0x00000006dcd00000,0x00000006dcd00000,0x00000006dd700000)
 ParOldGen       total 257024K, used 123555K [0x00000003c0000000, 0x00000003cfb00000, 0x000000066ab00000)
  object space 257024K, 48% used [0x00000003c0000000,0x00000003c78a8cb8,0x00000003cfb00000)
 Metaspace       used 86941K, capacity 88028K, committed 88280K, reserved 1124352K
  class space    used 12265K, capacity 12504K, committed 12504K, reserved 1048576K
}
Event: 197.054 GC heap before
{Heap before GC invocations=49 (full 6):
 PSYoungGen      total 1879040K, used 1875488K [0x000000066ab00000, 0x00000006de100000, 0x00000007c0000000)
  eden space 1869824K, 100% used [0x000000066ab00000,0x00000006dcd00000,0x00000006dcd00000)
  from space 9216K, 61% used [0x00000006dd800000,0x00000006ddd88010,0x00000006de100000)
  to   space 10240K, 0% used [0x00000006dcd00000,0x00000006dcd00000,0x00000006dd700000)
 ParOldGen       total 257024K, used 123555K [0x00000003c0000000, 0x00000003cfb00000, 0x000000066ab00000)
  object space 257024K, 48% used [0x00000003c0000000,0x00000003c78a8cb8,0x00000003cfb00000)
 Metaspace       used 86941K, capacity 88028K, committed 88280K, reserved 1124352K
  class space    used 12265K, capacity 12504K, committed 12504K, reserved 1048576K
Event: 197.064 GC heap after
Heap after GC invocations=49 (full 6):
 PSYoungGen      total 1880064K, used 5472K [0x000000066ab00000, 0x00000006e7a80000, 0x00000007c0000000)
  eden space 1869824K, 0% used [0x000000066ab00000,0x000000066ab00000,0x00000006dcd00000)
  from space 10240K, 53% used [0x00000006dcd00000,0x00000006dd258010,0x00000006dd700000)
  to   space 9728K, 0% used [0x00000006e7100000,0x00000006e7100000,0x00000006e7a80000)
 ParOldGen       total 257024K, used 123787K [0x00000003c0000000, 0x00000003cfb00000, 0x000000066ab00000)
  object space 257024K, 48% used [0x00000003c0000000,0x00000003c78e2cb8,0x00000003cfb00000)
 Metaspace       used 86941K, capacity 88028K, committed 88280K, reserved 1124352K
  class space    used 12265K, capacity 12504K, committed 12504K, reserved 1048576K
}
Event: 198.560 GC heap before
{Heap before GC invocations=50 (full 6):
 PSYoungGen      total 1880064K, used 1875296K [0x000000066ab00000, 0x00000006e7a80000, 0x00000007c0000000)
  eden space 1869824K, 100% used [0x000000066ab00000,0x00000006dcd00000,0x00000006dcd00000)
  from space 10240K, 53% used [0x00000006dcd00000,0x00000006dd258010,0x00000006dd700000)
  to   space 9728K, 0% used [0x00000006e7100000,0x00000006e7100000,0x00000006e7a80000)
 ParOldGen       total 257024K, used 123787K [0x00000003c0000000, 0x00000003cfb00000, 0x000000066ab00000)
  object space 257024K, 48% used [0x00000003c0000000,0x00000003c78e2cb8,0x00000003cfb00000)
 Metaspace       used 86946K, capacity 88028K, committed 88280K, reserved 1124352K
  class space    used 12265K, capacity 12504K, committed 12504K, reserved 1048576K
Event: 198.571 GC heap after
Heap after GC invocations=50 (full 6):
 PSYoungGen      total 2036736K, used 5728K [0x000000066ab00000, 0x00000006e7a00000, 0x00000007c0000000)
  eden space 2027520K, 0% used [0x000000066ab00000,0x000000066ab00000,0x00000006e6700000)
  from space 9216K, 62% used [0x00000006e7100000,0x00000006e7698010,0x00000006e7a00000)
  to   space 9728K, 0% used [0x00000006e6700000,0x00000006e6700000,0x00000006e7080000)
 ParOldGen       total 257024K, used 124139K [0x00000003c0000000, 0x00000003cfb00000, 0x000000066ab00000)
  object space 257024K, 48% used [0x00000003c0000000,0x00000003c793acb8,0x00000003cfb00000)
 Metaspace       used 86946K, capacity 88028K, committed 88280K, reserved 1124352K
  class space    used 12265K, capacity 12504K, committed 12504K, reserved 1048576K
}
Event: 200.263 GC heap before
{Heap before GC invocations=51 (full 6):
 PSYoungGen      total 2036736K, used 2033248K [0x000000066ab00000, 0x00000006e7a00000, 0x00000007c0000000)
  eden space 2027520K, 100% used [0x000000066ab00000,0x00000006e6700000,0x00000006e6700000)
  from space 9216K, 62% used [0x00000006e7100000,0x00000006e7698010,0x00000006e7a00000)
  to   space 9728K, 0% used [0x00000006e6700000,0x00000006e6700000,0x00000006e7080000)
 ParOldGen       total 257024K, used 124139K [0x00000003c0000000, 0x00000003cfb00000, 0x000000066ab00000)
  object space 257024K, 48% used [0x00000003c0000000,0x00000003c793acb8,0x00000003cfb00000)
 Metaspace       used 86946K, capacity 88028K, committed 88280K, reserved 1124352K
  class space    used 12265K, capacity 12504K, committed 12504K, reserved 1048576K
Event: 200.274 GC heap after
Heap after GC invocations=51 (full 6):
 PSYoungGen      total 2037248K, used 5920K [0x000000066ab00000, 0x00000006f1f00000, 0x00000007c0000000)
  eden space 2027520K, 0% used [0x000000066ab00000,0x000000066ab00000,0x00000006e6700000)
  from space 9728K, 60% used [0x00000006e6700000,0x00000006e6cc8010,0x00000006e7080000)
  to   space 9728K, 0% used [0x00000006f1580000,0x00000006f1580000,0x00000006f1f00000)
 ParOldGen       total 257024K, used 124403K [0x00000003c0000000, 0x00000003cfb00000, 0x000000066ab00000)
  object space 257024K, 48% used [0x00000003c0000000,0x00000003c797ccb8,0x00000003cfb00000)
 Metaspace       used 86946K, capacity 88028K, committed 88280K, reserved 1124352K
  class space    used 12265K, capacity 12504K, committed 12504K, reserved 1048576K
}
Event: 201.869 GC heap before
{Heap before GC invocations=52 (full 6):
 PSYoungGen      total 2037248K, used 2033440K [0x000000066ab00000, 0x00000006f1f00000, 0x00000007c0000000)
  eden space 2027520K, 100% used [0x000000066ab00000,0x00000006e6700000,0x00000006e6700000)
  from space 9728K, 60% used [0x00000006e6700000,0x00000006e6cc8010,0x00000006e7080000)
  to   space 9728K, 0% used [0x00000006f1580000,0x00000006f1580000,0x00000006f1f00000)
 ParOldGen       total 257024K, used 124403K [0x00000003c0000000, 0x00000003cfb00000, 0x000000066ab00000)
  object space 257024K, 48% used [0x00000003c0000000,0x00000003c797ccb8,0x00000003cfb00000)
 Metaspace       used 86946K, capacity 88028K, committed 88280K, reserved 1124352K
  class space    used 12265K, capacity 12504K, committed 12504K, reserved 1048576K
Event: 201.879 GC heap after
Heap after GC invocations=52 (full 6):
 PSYoungGen      total 2202112K, used 5966K [0x000000066ab00000, 0x00000006f1d00000, 0x00000007c0000000)
  eden space 2194432K, 0% used [0x000000066ab00000,0x000000066ab00000,0x00000006f0a00000)
  from space 7680K, 77% used [0x00000006f1580000,0x00000006f1b53a50,0x00000006f1d00000)
  to   space 9728K, 0% used [0x00000006f0a00000,0x00000006f0a00000,0x00000006f1380000)
 ParOldGen       total 257024K, used 124603K [0x00000003c0000000, 0x00000003cfb00000, 0x000000066ab00000)
  object space 257024K, 48% used [0x00000003c0000000,0x00000003c79aecb8,0x00000003cfb00000)
 Metaspace       used 86946K, capacity 88028K, committed 88280K, reserved 1124352K
  class space    used 12265K, capacity 12504K, committed 12504K, reserved 1048576K
}
Event: 203.708 GC heap before
{Heap before GC invocations=53 (full 6):
 PSYoungGen      total 2202112K, used 2200398K [0x000000066ab00000, 0x00000006f1d00000, 0x00000007c0000000)
  eden space 2194432K, 100% used [0x000000066ab00000,0x00000006f0a00000,0x00000006f0a00000)
  from space 7680K, 77% used [0x00000006f1580000,0x00000006f1b53a50,0x00000006f1d00000)
  to   space 9728K, 0% used [0x00000006f0a00000,0x00000006f0a00000,0x00000006f1380000)
 ParOldGen       total 257024K, used 124603K [0x00000003c0000000, 0x00000003cfb00000, 0x000000066ab00000)
  object space 257024K, 48% used [0x00000003c0000000,0x00000003c79aecb8,0x00000003cfb00000)
 Metaspace       used 86954K, capacity 88028K, committed 88280K, reserved 1124352K
  class space    used 12265K, capacity 12504K, committed 12504K, reserved 1048576K
Event: 203.718 GC heap after
Heap after GC invocations=53 (full 6):
 PSYoungGen      total 2204160K, used 6094K [0x000000066ab00000, 0x00000006fc880000, 0x00000007c0000000)
  eden space 2194432K, 0% used [0x000000066ab00000,0x000000066ab00000,0x00000006f0a00000)
  from space 9728K, 62% used [0x00000006f0a00000,0x00000006f0ff3a50,0x00000006f1380000)
  to   space 9728K, 0% used [0x00000006fbf00000,0x00000006fbf00000,0x00000006fc880000)
 ParOldGen       total 257024K, used 124827K [0x00000003c0000000, 0x00000003cfb00000, 0x000000066ab00000)
  object space 257024K, 48% used [0x00000003c0000000,0x00000003c79e6cb8,0x00000003cfb00000)
 Metaspace       used 86954K, capacity 88028K, committed 88280K, reserved 1124352K
  class space    used 12265K, capacity 12504K, committed 12504K, reserved 1048576K
}
Event: 205.507 GC heap before
{Heap before GC invocations=54 (full 6):
 PSYoungGen      total 2204160K, used 2200526K [0x000000066ab00000, 0x00000006fc880000, 0x00000007c0000000)
  eden space 2194432K, 100% used [0x000000066ab00000,0x00000006f0a00000,0x00000006f0a00000)
  from space 9728K, 62% used [0x00000006f0a00000,0x00000006f0ff3a50,0x00000006f1380000)
  to   space 9728K, 0% used [0x00000006fbf00000,0x00000006fbf00000,0x00000006fc880000)
 ParOldGen       total 257024K, used 124827K [0x00000003c0000000, 0x00000003cfb00000, 0x000000066ab00000)
  object space 257024K, 48% used [0x00000003c0000000,0x00000003c79e6cb8,0x00000003cfb00000)
 Metaspace       used 86955K, capacity 88028K, committed 88280K, reserved 1124352K
  class space    used 12265K, capacity 12504K, committed 12504K, reserved 1048576K
Event: 205.519 GC heap after
Heap after GC invocations=54 (full 6):
 PSYoungGen      total 2379776K, used 6286K [0x000000066ab00000, 0x00000006fca00000, 0x00000007c0000000)
  eden space 2370048K, 0% used [0x000000066ab00000,0x000000066ab00000,0x00000006fb580000)
  from space 9728K, 64% used [0x00000006fbf00000,0x00000006fc523a50,0x00000006fc880000)
  to   space 9728K, 0% used [0x00000006fb580000,0x00000006fb580000,0x00000006fbf00000)
 ParOldGen       total 257024K, used 125035K [0x00000003c0000000, 0x00000003cfb00000, 0x000000066ab00000)
  object space 257024K, 48% used [0x00000003c0000000,0x00000003c7a1acb8,0x00000003cfb00000)
 Metaspace       used 86955K, capacity 88028K, committed 88280K, reserved 1124352K
  class space    used 12265K, capacity 12504K, committed 12504K, reserved 1048576K
}
Event: 207.525 GC heap before
{Heap before GC invocations=55 (full 6):
 PSYoungGen      total 2379776K, used 2376334K [0x000000066ab00000, 0x00000006fca00000, 0x00000007c0000000)
  eden space 2370048K, 100% used [0x000000066ab00000,0x00000006fb580000,0x00000006fb580000)
  from space 9728K, 64% used [0x00000006fbf00000,0x00000006fc523a50,0x00000006fc880000)
  to   space 9728K, 0% used [0x00000006fb580000,0x00000006fb580000,0x00000006fbf00000)
 ParOldGen       total 257024K, used 125035K [0x00000003c0000000, 0x00000003cfb00000, 0x000000066ab00000)
  object space 257024K, 48% used [0x00000003c0000000,0x00000003c7a1acb8,0x00000003cfb00000)
 Metaspace       used 86955K, capacity 88028K, committed 88280K, reserved 1124352K
  class space    used 12265K, capacity 12504K, committed 12504K, reserved 1048576K
Event: 207.540 GC heap after
Heap after GC invocations=55 (full 6):
 PSYoungGen      total 2379776K, used 6702K [0x000000066ab00000, 0x0000000707d00000, 0x00000007c0000000)
  eden space 2370048K, 0% used [0x000000066ab00000,0x000000066ab00000,0x00000006fb580000)
  from space 9728K, 68% used [0x00000006fb580000,0x00000006fbc0ba50,0x00000006fbf00000)
  to   space 9728K, 0% used [0x0000000707380000,0x0000000707380000,0x0000000707d00000)
 ParOldGen       total 257024K, used 125235K [0x00000003c0000000, 0x00000003cfb00000, 0x000000066ab00000)
  object space 257024K, 48% used [0x00000003c0000000,0x00000003c7a4ccb8,0x00000003cfb00000)
 Metaspace       used 86955K, capacity 88028K, committed 88280K, reserved 1124352K
  class space    used 12265K, capacity 12504K, committed 12504K, reserved 1048576K
}
Event: 209.431 GC heap before
{Heap before GC invocations=56 (full 6):
 PSYoungGen      total 2379776K, used 2376750K [0x000000066ab00000, 0x0000000707d00000, 0x00000007c0000000)
  eden space 2370048K, 100% used [0x000000066ab00000,0x00000006fb580000,0x00000006fb580000)
  from space 9728K, 68% used [0x00000006fb580000,0x00000006fbc0ba50,0x00000006fbf00000)
  to   space 9728K, 0% used [0x0000000707380000,0x0000000707380000,0x0000000707d00000)
 ParOldGen       total 257024K, used 125235K [0x00000003c0000000, 0x00000003cfb00000, 0x000000066ab00000)
  object space 257024K, 48% used [0x00000003c0000000,0x00000003c7a4ccb8,0x00000003cfb00000)
 Metaspace       used 86955K, capacity 88028K, committed 88280K, reserved 1124352K
  class space    used 12265K, capacity 12504K, committed 12504K, reserved 1048576K
Event: 209.442 GC heap after
Heap after GC invocations=56 (full 6):
 PSYoungGen      total 2558464K, used 6649K [0x000000066ab00000, 0x0000000707a00000, 0x00000007c0000000)
  eden space 2551808K, 0% used [0x000000066ab00000,0x000000066ab00000,0x0000000706700000)
  from space 6656K, 99% used [0x0000000707380000,0x00000007079fe600,0x0000000707a00000)
  to   space 9728K, 0% used [0x0000000706700000,0x0000000706700000,0x0000000707080000)
 ParOldGen       total 257024K, used 125603K [0x00000003c0000000, 0x00000003cfb00000, 0x000000066ab00000)
  object space 257024K, 48% used [0x00000003c0000000,0x00000003c7aa8cb8,0x00000003cfb00000)
 Metaspace       used 86955K, capacity 88028K, committed 88280K, reserved 1124352K
  class space    used 12265K, capacity 12504K, committed 12504K, reserved 1048576K
}
Event: 211.564 GC heap before
{Heap before GC invocations=57 (full 6):
 PSYoungGen      total 2558464K, used 2558457K [0x000000066ab00000, 0x0000000707a00000, 0x00000007c0000000)
  eden space 2551808K, 100% used [0x000000066ab00000,0x0000000706700000,0x0000000706700000)
  from space 6656K, 99% used [0x0000000707380000,0x00000007079fe600,0x0000000707a00000)
  to   space 9728K, 0% used [0x0000000706700000,0x0000000706700000,0x0000000707080000)
 ParOldGen       total 257024K, used 125603K [0x00000003c0000000, 0x00000003cfb00000, 0x000000066ab00000)
  object space 257024K, 48% used [0x00000003c0000000,0x00000003c7aa8cb8,0x00000003cfb00000)
 Metaspace       used 86955K, capacity 88028K, committed 88280K, reserved 1124352K
  class space    used 12265K, capacity 12504K, committed 12504K, reserved 1048576K
Event: 211.579 GC heap after
Heap after GC invocations=57 (full 6):
 PSYoungGen      total 2561536K, used 8974K [0x000000066ab00000, 0x0000000713b80000, 0x00000007c0000000)
  eden space 2551808K, 0% used [0x000000066ab00000,0x000000066ab00000,0x0000000706700000)
  from space 9728K, 92% used [0x0000000706700000,0x0000000706fc3a60,0x0000000707080000)
  to   space 10752K, 0% used [0x0000000713100000,0x0000000713100000,0x0000000713b80000)
 ParOldGen       total 257024K, used 125755K [0x00000003c0000000, 0x00000003cfb00000, 0x000000066ab00000)
  object space 257024K, 48% used [0x00000003c0000000,0x00000003c7acecb8,0x00000003cfb00000)
 Metaspace       used 86955K, capacity 88028K, committed 88280K, reserved 1124352K
  class space    used 12265K, capacity 12504K, committed 12504K, reserved 1048576K
}
Event: 213.613 GC heap before
{Heap before GC invocations=58 (full 6):
 PSYoungGen      total 2561536K, used 2560782K [0x000000066ab00000, 0x0000000713b80000, 0x00000007c0000000)
  eden space 2551808K, 100% used [0x000000066ab00000,0x0000000706700000,0x0000000706700000)
  from space 9728K, 92% used [0x0000000706700000,0x0000000706fc3a60,0x0000000707080000)
  to   space 10752K, 0% used [0x0000000713100000,0x0000000713100000,0x0000000713b80000)
 ParOldGen       total 257024K, used 125755K [0x00000003c0000000, 0x00000003cfb00000, 0x000000066ab00000)
  object space 257024K, 48% used [0x00000003c0000000,0x00000003c7acecb8,0x00000003cfb00000)
 Metaspace       used 86955K, capacity 88028K, committed 88280K, reserved 1124352K
  class space    used 12265K, capacity 12504K, committed 12504K, reserved 1048576K
Event: 213.627 GC heap after
Heap after GC invocations=58 (full 6):
 PSYoungGen      total 2758144K, used 8686K [0x000000066ab00000, 0x0000000713d80000, 0x00000007c0000000)
  eden space 2747392K, 0% used [0x000000066ab00000,0x000000066ab00000,0x0000000712600000)
  from space 10752K, 80% used [0x0000000713100000,0x000000071397ba50,0x0000000713b80000)
  to   space 11264K, 0% used [0x0000000712600000,0x0000000712600000,0x0000000713100000)
 ParOldGen       total 257024K, used 126035K [0x00000003c0000000, 0x00000003cfb00000, 0x000000066ab00000)
  object space 257024K, 49% used [0x00000003c0000000,0x00000003c7b14cb8,0x00000003cfb00000)
 Metaspace       used 86955K, capacity 88028K, committed 88280K, reserved 1124352K
  class space    used 12265K, capacity 12504K, committed 12504K, reserved 1048576K
}
Event: 215.854 GC heap before
{Heap before GC invocations=59 (full 6):
 PSYoungGen      total 2758144K, used 2756078K [0x000000066ab00000, 0x0000000713d80000, 0x00000007c0000000)
  eden space 2747392K, 100% used [0x000000066ab00000,0x0000000712600000,0x0000000712600000)
  from space 10752K, 80% used [0x0000000713100000,0x000000071397ba50,0x0000000713b80000)
  to   space 11264K, 0% used [0x0000000712600000,0x0000000712600000,0x0000000713100000)
 ParOldGen       total 257024K, used 126035K [0x00000003c0000000, 0x00000003cfb00000, 0x000000066ab00000)
  object space 257024K, 49% used [0x00000003c0000000,0x00000003c7b14cb8,0x00000003cfb00000)
 Metaspace       used 86956K, capacity 88028K, committed 88280K, reserved 1124352K
  class space    used 12265K, capacity 12504K, committed 12504K, reserved 1048576K

