# JRE version: OpenJDK Runtime Environment (8.0_252-b09) (build 1.8.0_252-b09)
# Java VM: OpenJDK 64-Bit Server VM (25.252-b09 mixed mode linux-amd64 compressed oops)
Heap:
 PSYoungGen      total 1815040K, used 73829K [0x000000066ab00000, 0x000000071cd00000, 0x00000007c0000000)
  eden space 1810432K, 4% used [0x000000066ab00000,0x000000066f3195c8,0x00000006d9300000)
  from space 4608K, 0% used [0x000000071c880000,0x000000071c880000,0x000000071cd00000)
  to   space 5632K, 0% used [0x000000071c200000,0x000000071c200000,0x000000071c780000)
 ParOldGen       total 215040K, used 123107K [0x00000003c0000000, 0x00000003cd200000, 0x000000066ab00000)
  object space 215040K, 57% used [0x00000003c0000000,0x00000003c7838e30,0x00000003cd200000)
 Metaspace       used 85936K, capacity 86876K, committed 87000K, reserved 1124352K
  class space    used 12158K, capacity 12409K, committed 12504K, reserved 1048576K
GC Heap History (212 events):
Event: 0.328 GC heap before
{Heap before GC invocations=1 (full 0):
 PSYoungGen      total 18432K, used 15872K [0x000000066ab00000, 0x000000066bf80000, 0x00000007c0000000)
  eden space 15872K, 100% used [0x000000066ab00000,0x000000066ba80000,0x000000066ba80000)
  from space 2560K, 0% used [0x000000066bd00000,0x000000066bd00000,0x000000066bf80000)
  to   space 2560K, 0% used [0x000000066ba80000,0x000000066ba80000,0x000000066bd00000)
 ParOldGen       total 42496K, used 0K [0x00000003c0000000, 0x00000003c2980000, 0x000000066ab00000)
  object space 42496K, 0% used [0x00000003c0000000,0x00000003c0000000,0x00000003c2980000)
 Metaspace       used 4972K, capacity 5944K, committed 6016K, reserved 1056768K
  class space    used 542K, capacity 616K, committed 640K, reserved 1048576K
Event: 0.331 GC heap after
Heap after GC invocations=1 (full 0):
 PSYoungGen      total 18432K, used 2555K [0x000000066ab00000, 0x000000066cf00000, 0x00000007c0000000)
  eden space 15872K, 0% used [0x000000066ab00000,0x000000066ab00000,0x000000066ba80000)
  from space 2560K, 99% used [0x000000066ba80000,0x000000066bcfeca0,0x000000066bd00000)
  to   space 2560K, 0% used [0x000000066cc80000,0x000000066cc80000,0x000000066cf00000)
 ParOldGen       total 42496K, used 466K [0x00000003c0000000, 0x00000003c2980000, 0x000000066ab00000)
  object space 42496K, 1% used [0x00000003c0000000,0x00000003c0074a60,0x00000003c2980000)
 Metaspace       used 4972K, capacity 5944K, committed 6016K, reserved 1056768K
  class space    used 542K, capacity 616K, committed 640K, reserved 1048576K
}
Event: 0.552 GC heap before
{Heap before GC invocations=2 (full 0):
 PSYoungGen      total 18432K, used 18427K [0x000000066ab00000, 0x000000066cf00000, 0x00000007c0000000)
  eden space 15872K, 100% used [0x000000066ab00000,0x000000066ba80000,0x000000066ba80000)
  from space 2560K, 99% used [0x000000066ba80000,0x000000066bcfeca0,0x000000066bd00000)
  to   space 2560K, 0% used [0x000000066cc80000,0x000000066cc80000,0x000000066cf00000)
 ParOldGen       total 42496K, used 466K [0x00000003c0000000, 0x00000003c2980000, 0x000000066ab00000)
  object space 42496K, 1% used [0x00000003c0000000,0x00000003c0074a60,0x00000003c2980000)
 Metaspace       used 9293K, capacity 9376K, committed 9472K, reserved 1056768K
  class space    used 1221K, capacity 1232K, committed 1280K, reserved 1048576K
Event: 0.556 GC heap after
Heap after GC invocations=2 (full 0):
 PSYoungGen      total 34304K, used 2552K [0x000000066ab00000, 0x000000066cf00000, 0x00000007c0000000)
  eden space 31744K, 0% used [0x000000066ab00000,0x000000066ab00000,0x000000066ca00000)
  from space 2560K, 99% used [0x000000066cc80000,0x000000066cefe158,0x000000066cf00000)
  to   space 2560K, 0% used [0x000000066ca00000,0x000000066ca00000,0x000000066cc80000)
 ParOldGen       total 42496K, used 1568K [0x00000003c0000000, 0x00000003c2980000, 0x000000066ab00000)
  object space 42496K, 3% used [0x00000003c0000000,0x00000003c01881c8,0x00000003c2980000)
 Metaspace       used 9293K, capacity 9376K, committed 9472K, reserved 1056768K
  class space    used 1221K, capacity 1232K, committed 1280K, reserved 1048576K
}
Event: 0.886 GC heap before
{Heap before GC invocations=3 (full 0):
 PSYoungGen      total 34304K, used 34296K [0x000000066ab00000, 0x000000066cf00000, 0x00000007c0000000)
  eden space 31744K, 100% used [0x000000066ab00000,0x000000066ca00000,0x000000066ca00000)
  from space 2560K, 99% used [0x000000066cc80000,0x000000066cefe158,0x000000066cf00000)
  to   space 2560K, 0% used [0x000000066ca00000,0x000000066ca00000,0x000000066cc80000)
 ParOldGen       total 42496K, used 1568K [0x00000003c0000000, 0x00000003c2980000, 0x000000066ab00000)
  object space 42496K, 3% used [0x00000003c0000000,0x00000003c01881c8,0x00000003c2980000)
 Metaspace       used 12936K, capacity 13056K, committed 13312K, reserved 1060864K
  class space    used 1728K, capacity 1776K, committed 1792K, reserved 1048576K
Event: 0.892 GC heap after
Heap after GC invocations=3 (full 0):
 PSYoungGen      total 34304K, used 2558K [0x000000066ab00000, 0x000000066ee00000, 0x00000007c0000000)
  eden space 31744K, 0% used [0x000000066ab00000,0x000000066ab00000,0x000000066ca00000)
  from space 2560K, 99% used [0x000000066ca00000,0x000000066cc7fa18,0x000000066cc80000)
  to   space 2560K, 0% used [0x000000066eb80000,0x000000066eb80000,0x000000066ee00000)
 ParOldGen       total 42496K, used 4214K [0x00000003c0000000, 0x00000003c2980000, 0x000000066ab00000)
  object space 42496K, 9% used [0x00000003c0000000,0x00000003c041db90,0x00000003c2980000)
 Metaspace       used 12936K, capacity 13056K, committed 13312K, reserved 1060864K
  class space    used 1728K, capacity 1776K, committed 1792K, reserved 1048576K
}
Event: 1.307 GC heap before
{Heap before GC invocations=4 (full 0):
 PSYoungGen      total 34304K, used 34302K [0x000000066ab00000, 0x000000066ee00000, 0x00000007c0000000)
  eden space 31744K, 100% used [0x000000066ab00000,0x000000066ca00000,0x000000066ca00000)
  from space 2560K, 99% used [0x000000066ca00000,0x000000066cc7fa18,0x000000066cc80000)
  to   space 2560K, 0% used [0x000000066eb80000,0x000000066eb80000,0x000000066ee00000)
 ParOldGen       total 42496K, used 4214K [0x00000003c0000000, 0x00000003c2980000, 0x000000066ab00000)
  object space 42496K, 9% used [0x00000003c0000000,0x00000003c041db90,0x00000003c2980000)
 Metaspace       used 15223K, capacity 15270K, committed 15616K, reserved 1062912K
  class space    used 1979K, capacity 2001K, committed 2048K, reserved 1048576K
Event: 1.318 GC heap after
Heap after GC invocations=4 (full 0):
 PSYoungGen      total 66048K, used 2542K [0x000000066ab00000, 0x000000066ee00000, 0x00000007c0000000)
  eden space 63488K, 0% used [0x000000066ab00000,0x000000066ab00000,0x000000066e900000)
  from space 2560K, 99% used [0x000000066eb80000,0x000000066edfba48,0x000000066ee00000)
  to   space 2560K, 0% used [0x000000066e900000,0x000000066e900000,0x000000066eb80000)
 ParOldGen       total 42496K, used 6585K [0x00000003c0000000, 0x00000003c2980000, 0x000000066ab00000)
  object space 42496K, 15% used [0x00000003c0000000,0x00000003c066e738,0x00000003c2980000)
 Metaspace       used 15223K, capacity 15270K, committed 15616K, reserved 1062912K
  class space    used 1979K, capacity 2001K, committed 2048K, reserved 1048576K
}
Event: 1.898 GC heap before
{Heap before GC invocations=5 (full 0):
 PSYoungGen      total 66048K, used 66030K [0x000000066ab00000, 0x000000066ee00000, 0x00000007c0000000)
  eden space 63488K, 100% used [0x000000066ab00000,0x000000066e900000,0x000000066e900000)
  from space 2560K, 99% used [0x000000066eb80000,0x000000066edfba48,0x000000066ee00000)
  to   space 2560K, 0% used [0x000000066e900000,0x000000066e900000,0x000000066eb80000)
 ParOldGen       total 42496K, used 6585K [0x00000003c0000000, 0x00000003c2980000, 0x000000066ab00000)
  object space 42496K, 15% used [0x00000003c0000000,0x00000003c066e738,0x00000003c2980000)
 Metaspace       used 15862K, capacity 15928K, committed 16128K, reserved 1062912K
  class space    used 1983K, capacity 2004K, committed 2048K, reserved 1048576K
Event: 1.909 GC heap after
Heap after GC invocations=5 (full 0):
 PSYoungGen      total 66048K, used 2542K [0x000000066ab00000, 0x0000000673200000, 0x00000007c0000000)
  eden space 63488K, 0% used [0x000000066ab00000,0x000000066ab00000,0x000000066e900000)
  from space 2560K, 99% used [0x000000066e900000,0x000000066eb7ba48,0x000000066eb80000)
  to   space 5632K, 0% used [0x0000000672c80000,0x0000000672c80000,0x0000000673200000)
 ParOldGen       total 42496K, used 8260K [0x00000003c0000000, 0x00000003c2980000, 0x000000066ab00000)
  object space 42496K, 19% used [0x00000003c0000000,0x00000003c0811370,0x00000003c2980000)
 Metaspace       used 15862K, capacity 15928K, committed 16128K, reserved 1062912K
  class space    used 1983K, capacity 2004K, committed 2048K, reserved 1048576K
}
Event: 2.490 GC heap before
{Heap before GC invocations=6 (full 0):
 PSYoungGen      total 66048K, used 66030K [0x000000066ab00000, 0x0000000673200000, 0x00000007c0000000)
  eden space 63488K, 100% used [0x000000066ab00000,0x000000066e900000,0x000000066e900000)
  from space 2560K, 99% used [0x000000066e900000,0x000000066eb7ba48,0x000000066eb80000)
  to   space 5632K, 0% used [0x0000000672c80000,0x0000000672c80000,0x0000000673200000)
 ParOldGen       total 42496K, used 8260K [0x00000003c0000000, 0x00000003c2980000, 0x000000066ab00000)
  object space 42496K, 19% used [0x00000003c0000000,0x00000003c0811370,0x00000003c2980000)
 Metaspace       used 20341K, capacity 20536K, committed 20864K, reserved 1067008K
  class space    used 2591K, capacity 2664K, committed 2688K, reserved 1048576K
Event: 2.501 GC heap after
Heap after GC invocations=6 (full 0):
 PSYoungGen      total 131072K, used 5603K [0x000000066ab00000, 0x0000000673500000, 0x00000007c0000000)
  eden space 125440K, 0% used [0x000000066ab00000,0x000000066ab00000,0x0000000672580000)
  from space 5632K, 99% used [0x0000000672c80000,0x00000006731f8da8,0x0000000673200000)
  to   space 7168K, 0% used [0x0000000672580000,0x0000000672580000,0x0000000672c80000)
 ParOldGen       total 42496K, used 9553K [0x00000003c0000000, 0x00000003c2980000, 0x000000066ab00000)
  object space 42496K, 22% used [0x00000003c0000000,0x00000003c0954420,0x00000003c2980000)
 Metaspace       used 20341K, capacity 20536K, committed 20864K, reserved 1067008K
  class space    used 2591K, capacity 2664K, committed 2688K, reserved 1048576K
}
Event: 2.580 GC heap before
{Heap before GC invocations=7 (full 0):
 PSYoungGen      total 131072K, used 18270K [0x000000066ab00000, 0x0000000673500000, 0x00000007c0000000)
  eden space 125440K, 10% used [0x000000066ab00000,0x000000066b75ecc0,0x0000000672580000)
  from space 5632K, 99% used [0x0000000672c80000,0x00000006731f8da8,0x0000000673200000)
  to   space 7168K, 0% used [0x0000000672580000,0x0000000672580000,0x0000000672c80000)
 ParOldGen       total 42496K, used 9553K [0x00000003c0000000, 0x00000003c2980000, 0x000000066ab00000)
  object space 42496K, 22% used [0x00000003c0000000,0x00000003c0954420,0x00000003c2980000)
 Metaspace       used 20850K, capacity 21016K, committed 21248K, reserved 1067008K
  class space    used 2664K, capacity 2760K, committed 2816K, reserved 1048576K
Event: 2.590 GC heap after
Heap after GC invocations=7 (full 0):
 PSYoungGen      total 132608K, used 3355K [0x000000066ab00000, 0x000000067ae00000, 0x00000007c0000000)
  eden space 125440K, 0% used [0x000000066ab00000,0x000000066ab00000,0x0000000672580000)
  from space 7168K, 46% used [0x0000000672580000,0x00000006728c6ef8,0x0000000672c80000)
  to   space 7168K, 0% used [0x000000067a700000,0x000000067a700000,0x000000067ae00000)
 ParOldGen       total 42496K, used 10581K [0x00000003c0000000, 0x00000003c2980000, 0x000000066ab00000)
  object space 42496K, 24% used [0x00000003c0000000,0x00000003c0a556a8,0x00000003c2980000)
 Metaspace       used 20850K, capacity 21016K, committed 21248K, reserved 1067008K
  class space    used 2664K, capacity 2760K, committed 2816K, reserved 1048576K
}
Event: 2.590 GC heap before
{Heap before GC invocations=8 (full 1):
 PSYoungGen      total 132608K, used 3355K [0x000000066ab00000, 0x000000067ae00000, 0x00000007c0000000)
  eden space 125440K, 0% used [0x000000066ab00000,0x000000066ab00000,0x0000000672580000)
  from space 7168K, 46% used [0x0000000672580000,0x00000006728c6ef8,0x0000000672c80000)
  to   space 7168K, 0% used [0x000000067a700000,0x000000067a700000,0x000000067ae00000)
 ParOldGen       total 42496K, used 10581K [0x00000003c0000000, 0x00000003c2980000, 0x000000066ab00000)
  object space 42496K, 24% used [0x00000003c0000000,0x00000003c0a556a8,0x00000003c2980000)
 Metaspace       used 20850K, capacity 21016K, committed 21248K, reserved 1067008K
  class space    used 2664K, capacity 2760K, committed 2816K, reserved 1048576K
Event: 2.618 GC heap after
Heap after GC invocations=8 (full 1):
 PSYoungGen      total 132608K, used 0K [0x000000066ab00000, 0x000000067ae00000, 0x00000007c0000000)
  eden space 125440K, 0% used [0x000000066ab00000,0x000000066ab00000,0x0000000672580000)
  from space 7168K, 0% used [0x0000000672580000,0x0000000672580000,0x0000000672c80000)
  to   space 7168K, 0% used [0x000000067a700000,0x000000067a700000,0x000000067ae00000)
 ParOldGen       total 27136K, used 4747K [0x00000003c0000000, 0x00000003c1a80000, 0x000000066ab00000)
  object space 27136K, 17% used [0x00000003c0000000,0x00000003c04a2f38,0x00000003c1a80000)
 Metaspace       used 20850K, capacity 21016K, committed 21248K, reserved 1067008K
  class space    used 2664K, capacity 2760K, committed 2816K, reserved 1048576K
}
Event: 3.724 GC heap before
{Heap before GC invocations=9 (full 1):
 PSYoungGen      total 132608K, used 125440K [0x000000066ab00000, 0x000000067ae00000, 0x00000007c0000000)
  eden space 125440K, 100% used [0x000000066ab00000,0x0000000672580000,0x0000000672580000)
  from space 7168K, 0% used [0x0000000672580000,0x0000000672580000,0x0000000672c80000)
  to   space 7168K, 0% used [0x000000067a700000,0x000000067a700000,0x000000067ae00000)
 ParOldGen       total 27136K, used 4747K [0x00000003c0000000, 0x00000003c1a80000, 0x000000066ab00000)
  object space 27136K, 17% used [0x00000003c0000000,0x00000003c04a2f38,0x00000003c1a80000)
 Metaspace       used 32392K, capacity 32594K, committed 33024K, reserved 1077248K
  class space    used 4222K, capacity 4309K, committed 4352K, reserved 1048576K
Event: 3.736 GC heap after
Heap after GC invocations=9 (full 1):
 PSYoungGen      total 226816K, used 7153K [0x000000066ab00000, 0x000000067ae00000, 0x00000007c0000000)
  eden space 219648K, 0% used [0x000000066ab00000,0x000000066ab00000,0x0000000678180000)
  from space 7168K, 99% used [0x000000067a700000,0x000000067adfc7c8,0x000000067ae00000)
  to   space 10240K, 0% used [0x0000000679a00000,0x0000000679a00000,0x000000067a400000)
 ParOldGen       total 27136K, used 9701K [0x00000003c0000000, 0x00000003c1a80000, 0x000000066ab00000)
  object space 27136K, 35% used [0x00000003c0000000,0x00000003c0979750,0x00000003c1a80000)
 Metaspace       used 32392K, capacity 32594K, committed 33024K, reserved 1077248K
  class space    used 4222K, capacity 4309K, committed 4352K, reserved 1048576K
}
Event: 4.283 GC heap before
{Heap before GC invocations=10 (full 1):
 PSYoungGen      total 226816K, used 81156K [0x000000066ab00000, 0x000000067ae00000, 0x00000007c0000000)
  eden space 219648K, 33% used [0x000000066ab00000,0x000000066f3449b0,0x0000000678180000)
  from space 7168K, 99% used [0x000000067a700000,0x000000067adfc7c8,0x000000067ae00000)
  to   space 10240K, 0% used [0x0000000679a00000,0x0000000679a00000,0x000000067a400000)
 ParOldGen       total 27136K, used 9701K [0x00000003c0000000, 0x00000003c1a80000, 0x000000066ab00000)
  object space 27136K, 35% used [0x00000003c0000000,0x00000003c0979750,0x00000003c1a80000)
 Metaspace       used 34933K, capacity 35090K, committed 35416K, reserved 1079296K
  class space    used 4563K, capacity 4629K, committed 4696K, reserved 1048576K
Event: 4.295 GC heap after
Heap after GC invocations=10 (full 1):
 PSYoungGen      total 254976K, used 5834K [0x000000066ab00000, 0x000000067f280000, 0x00000007c0000000)
  eden space 244736K, 0% used [0x000000066ab00000,0x000000066ab00000,0x0000000679a00000)
  from space 10240K, 56% used [0x0000000679a00000,0x0000000679fb28c8,0x000000067a400000)
  to   space 9728K, 0% used [0x000000067e900000,0x000000067e900000,0x000000067f280000)
 ParOldGen       total 27136K, used 9709K [0x00000003c0000000, 0x00000003c1a80000, 0x000000066ab00000)
  object space 27136K, 35% used [0x00000003c0000000,0x00000003c097b750,0x00000003c1a80000)
 Metaspace       used 34933K, capacity 35090K, committed 35416K, reserved 1079296K
  class space    used 4563K, capacity 4629K, committed 4696K, reserved 1048576K
}
Event: 4.295 GC heap before
{Heap before GC invocations=11 (full 2):
 PSYoungGen      total 254976K, used 5834K [0x000000066ab00000, 0x000000067f280000, 0x00000007c0000000)
  eden space 244736K, 0% used [0x000000066ab00000,0x000000066ab00000,0x0000000679a00000)
  from space 10240K, 56% used [0x0000000679a00000,0x0000000679fb28c8,0x000000067a400000)
  to   space 9728K, 0% used [0x000000067e900000,0x000000067e900000,0x000000067f280000)
 ParOldGen       total 27136K, used 9709K [0x00000003c0000000, 0x00000003c1a80000, 0x000000066ab00000)
  object space 27136K, 35% used [0x00000003c0000000,0x00000003c097b750,0x00000003c1a80000)
 Metaspace       used 34933K, capacity 35090K, committed 35416K, reserved 1079296K
  class space    used 4563K, capacity 4629K, committed 4696K, reserved 1048576K
Event: 4.330 GC heap after
Heap after GC invocations=11 (full 2):
 PSYoungGen      total 254976K, used 0K [0x000000066ab00000, 0x000000067f280000, 0x00000007c0000000)
  eden space 244736K, 0% used [0x000000066ab00000,0x000000066ab00000,0x0000000679a00000)
  from space 10240K, 0% used [0x0000000679a00000,0x0000000679a00000,0x000000067a400000)
  to   space 9728K, 0% used [0x000000067e900000,0x000000067e900000,0x000000067f280000)
 ParOldGen       total 40448K, used 9462K [0x00000003c0000000, 0x00000003c2780000, 0x000000066ab00000)
  object space 40448K, 23% used [0x00000003c0000000,0x00000003c093dbd0,0x00000003c2780000)
 Metaspace       used 34933K, capacity 35090K, committed 35416K, reserved 1079296K
  class space    used 4563K, capacity 4629K, committed 4696K, reserved 1048576K
}
Event: 8.230 GC heap before
{Heap before GC invocations=12 (full 2):
 PSYoungGen      total 254976K, used 218052K [0x000000066ab00000, 0x000000067f280000, 0x00000007c0000000)
  eden space 244736K, 89% used [0x000000066ab00000,0x0000000677ff1068,0x0000000679a00000)
  from space 10240K, 0% used [0x0000000679a00000,0x0000000679a00000,0x000000067a400000)
  to   space 9728K, 0% used [0x000000067e900000,0x000000067e900000,0x000000067f280000)
 ParOldGen       total 40448K, used 9462K [0x00000003c0000000, 0x00000003c2780000, 0x000000066ab00000)
  object space 40448K, 23% used [0x00000003c0000000,0x00000003c093dbd0,0x00000003c2780000)
 Metaspace       used 58261K, capacity 58552K, committed 59028K, reserved 1099776K
  class space    used 8190K, capacity 8296K, committed 8408K, reserved 1048576K
Event: 8.260 GC heap after
Heap after GC invocations=12 (full 2):
 PSYoungGen      total 316928K, used 9717K [0x000000066ab00000, 0x0000000681500000, 0x00000007c0000000)
  eden space 307200K, 0% used [0x000000066ab00000,0x000000066ab00000,0x000000067d700000)
  from space 9728K, 99% used [0x000000067e900000,0x000000067f27d7d0,0x000000067f280000)
  to   space 18432K, 0% used [0x000000067d700000,0x000000067d700000,0x000000067e900000)
 ParOldGen       total 40448K, used 29576K [0x00000003c0000000, 0x00000003c2780000, 0x000000066ab00000)
  object space 40448K, 73% used [0x00000003c0000000,0x00000003c1ce21b8,0x00000003c2780000)
 Metaspace       used 58261K, capacity 58552K, committed 59028K, reserved 1099776K
  class space    used 8190K, capacity 8296K, committed 8408K, reserved 1048576K
}
Event: 8.260 GC heap before
{Heap before GC invocations=13 (full 3):
 PSYoungGen      total 316928K, used 9717K [0x000000066ab00000, 0x0000000681500000, 0x00000007c0000000)
  eden space 307200K, 0% used [0x000000066ab00000,0x000000066ab00000,0x000000067d700000)
  from space 9728K, 99% used [0x000000067e900000,0x000000067f27d7d0,0x000000067f280000)
  to   space 18432K, 0% used [0x000000067d700000,0x000000067d700000,0x000000067e900000)
 ParOldGen       total 40448K, used 29576K [0x00000003c0000000, 0x00000003c2780000, 0x000000066ab00000)
  object space 40448K, 73% used [0x00000003c0000000,0x00000003c1ce21b8,0x00000003c2780000)
 Metaspace       used 58261K, capacity 58552K, committed 59028K, reserved 1099776K
  class space    used 8190K, capacity 8296K, committed 8408K, reserved 1048576K
Event: 8.356 GC heap after
Heap after GC invocations=13 (full 3):
 PSYoungGen      total 316928K, used 0K [0x000000066ab00000, 0x0000000681500000, 0x00000007c0000000)
  eden space 307200K, 0% used [0x000000066ab00000,0x000000066ab00000,0x000000067d700000)
  from space 9728K, 0% used [0x000000067e900000,0x000000067e900000,0x000000067f280000)
  to   space 18432K, 0% used [0x000000067d700000,0x000000067d700000,0x000000067e900000)
 ParOldGen       total 80384K, used 35371K [0x00000003c0000000, 0x00000003c4e80000, 0x000000066ab00000)
  object space 80384K, 44% used [0x00000003c0000000,0x00000003c228ad20,0x00000003c4e80000)
 Metaspace       used 58261K, capacity 58552K, committed 59028K, reserved 1099776K
  class space    used 8190K, capacity 8296K, committed 8408K, reserved 1048576K
}
Event: 16.247 GC heap before
{Heap before GC invocations=14 (full 3):
 PSYoungGen      total 316928K, used 307200K [0x000000066ab00000, 0x0000000681500000, 0x00000007c0000000)
  eden space 307200K, 100% used [0x000000066ab00000,0x000000067d700000,0x000000067d700000)
  from space 9728K, 0% used [0x000000067e900000,0x000000067e900000,0x000000067f280000)
  to   space 18432K, 0% used [0x000000067d700000,0x000000067d700000,0x000000067e900000)
 ParOldGen       total 80384K, used 35371K [0x00000003c0000000, 0x00000003c4e80000, 0x000000066ab00000)
  object space 80384K, 44% used [0x00000003c0000000,0x00000003c228ad20,0x00000003c4e80000)
 Metaspace       used 75144K, capacity 75856K, committed 76120K, reserved 1114112K
  class space    used 10817K, capacity 11010K, committed 11096K, reserved 1048576K
Event: 16.291 GC heap after
Heap after GC invocations=14 (full 3):
 PSYoungGen      total 325632K, used 18410K [0x000000066ab00000, 0x0000000687480000, 0x00000007c0000000)
  eden space 307200K, 0% used [0x000000066ab00000,0x000000066ab00000,0x000000067d700000)
  from space 18432K, 99% used [0x000000067d700000,0x000000067e8fa8d0,0x000000067e900000)
  to   space 33280K, 0% used [0x0000000685400000,0x0000000685400000,0x0000000687480000)
 ParOldGen       total 80384K, used 68164K [0x00000003c0000000, 0x00000003c4e80000, 0x000000066ab00000)
  object space 80384K, 84% used [0x00000003c0000000,0x00000003c4291050,0x00000003c4e80000)
 Metaspace       used 75144K, capacity 75856K, committed 76120K, reserved 1114112K
  class space    used 10817K, capacity 11010K, committed 11096K, reserved 1048576K
}
Event: 16.291 GC heap before
{Heap before GC invocations=15 (full 4):
 PSYoungGen      total 325632K, used 18410K [0x000000066ab00000, 0x0000000687480000, 0x00000007c0000000)
  eden space 307200K, 0% used [0x000000066ab00000,0x000000066ab00000,0x000000067d700000)
  from space 18432K, 99% used [0x000000067d700000,0x000000067e8fa8d0,0x000000067e900000)
  to   space 33280K, 0% used [0x0000000685400000,0x0000000685400000,0x0000000687480000)
 ParOldGen       total 80384K, used 68164K [0x00000003c0000000, 0x00000003c4e80000, 0x000000066ab00000)
  object space 80384K, 84% used [0x00000003c0000000,0x00000003c4291050,0x00000003c4e80000)
 Metaspace       used 75144K, capacity 75856K, committed 76120K, reserved 1114112K
  class space    used 10817K, capacity 11010K, committed 11096K, reserved 1048576K
Event: 16.397 GC heap after
Heap after GC invocations=15 (full 4):
 PSYoungGen      total 325632K, used 0K [0x000000066ab00000, 0x0000000687480000, 0x00000007c0000000)
  eden space 307200K, 0% used [0x000000066ab00000,0x000000066ab00000,0x000000067d700000)
  from space 18432K, 0% used [0x000000067d700000,0x000000067d700000,0x000000067e900000)
  to   space 33280K, 0% used [0x0000000685400000,0x0000000685400000,0x0000000687480000)
 ParOldGen       total 130048K, used 65220K [0x00000003c0000000, 0x00000003c7f00000, 0x000000066ab00000)
  object space 130048K, 50% used [0x00000003c0000000,0x00000003c3fb1278,0x00000003c7f00000)
 Metaspace       used 75133K, capacity 75838K, committed 76120K, reserved 1114112K
  class space    used 10816K, capacity 11007K, committed 11096K, reserved 1048576K
}
Event: 17.910 GC heap before
{Heap before GC invocations=16 (full 4):
 PSYoungGen      total 325632K, used 295781K [0x000000066ab00000, 0x0000000687480000, 0x00000007c0000000)
  eden space 307200K, 96% used [0x000000066ab00000,0x000000067cbd94c8,0x000000067d700000)
  from space 18432K, 0% used [0x000000067d700000,0x000000067d700000,0x000000067e900000)
  to   space 33280K, 0% used [0x0000000685400000,0x0000000685400000,0x0000000687480000)
 ParOldGen       total 130048K, used 65220K [0x00000003c0000000, 0x00000003c7f00000, 0x000000066ab00000)
  object space 130048K, 50% used [0x00000003c0000000,0x00000003c3fb1278,0x00000003c7f00000)
 Metaspace       used 80188K, capacity 80862K, committed 81112K, reserved 1118208K
  class space    used 11462K, capacity 11650K, committed 11736K, reserved 1048576K
Event: 17.927 GC heap after
Heap after GC invocations=16 (full 4):
 PSYoungGen      total 428032K, used 7777K [0x000000066ab00000, 0x0000000687000000, 0x00000007c0000000)
  eden space 399360K, 0% used [0x000000066ab00000,0x000000066ab00000,0x0000000683100000)
  from space 28672K, 27% used [0x0000000685400000,0x0000000685b98718,0x0000000687000000)
  to   space 32256K, 0% used [0x0000000683100000,0x0000000683100000,0x0000000685080000)
 ParOldGen       total 130048K, used 65228K [0x00000003c0000000, 0x00000003c7f00000, 0x000000066ab00000)
  object space 130048K, 50% used [0x00000003c0000000,0x00000003c3fb3278,0x00000003c7f00000)
 Metaspace       used 80188K, capacity 80862K, committed 81112K, reserved 1118208K
  class space    used 11462K, capacity 11650K, committed 11736K, reserved 1048576K
}
Event: 20.199 GC heap before
{Heap before GC invocations=17 (full 4):
 PSYoungGen      total 428032K, used 407137K [0x000000066ab00000, 0x0000000687000000, 0x00000007c0000000)
  eden space 399360K, 100% used [0x000000066ab00000,0x0000000683100000,0x0000000683100000)
  from space 28672K, 27% used [0x0000000685400000,0x0000000685b98718,0x0000000687000000)
  to   space 32256K, 0% used [0x0000000683100000,0x0000000683100000,0x0000000685080000)
 ParOldGen       total 130048K, used 65228K [0x00000003c0000000, 0x00000003c7f00000, 0x000000066ab00000)
  object space 130048K, 50% used [0x00000003c0000000,0x00000003c3fb3278,0x00000003c7f00000)
 Metaspace       used 85264K, capacity 86192K, committed 86360K, reserved 1124352K
  class space    used 12112K, capacity 12336K, committed 12376K, reserved 1048576K
Event: 20.261 GC heap after
Heap after GC invocations=17 (full 4):
 PSYoungGen      total 431616K, used 32229K [0x000000066ab00000, 0x0000000692e00000, 0x00000007c0000000)
  eden space 399360K, 0% used [0x000000066ab00000,0x000000066ab00000,0x0000000683100000)
  from space 32256K, 99% used [0x0000000683100000,0x0000000685079510,0x0000000685080000)
  to   space 65536K, 0% used [0x000000068ee00000,0x000000068ee00000,0x0000000692e00000)
 ParOldGen       total 165376K, used 140071K [0x00000003c0000000, 0x00000003ca180000, 0x000000066ab00000)
  object space 165376K, 84% used [0x00000003c0000000,0x00000003c88c9c48,0x00000003ca180000)
 Metaspace       used 85264K, capacity 86192K, committed 86360K, reserved 1124352K
  class space    used 12112K, capacity 12336K, committed 12376K, reserved 1048576K
}
Event: 20.261 GC heap before
{Heap before GC invocations=18 (full 5):
 PSYoungGen      total 431616K, used 32229K [0x000000066ab00000, 0x0000000692e00000, 0x00000007c0000000)
  eden space 399360K, 0% used [0x000000066ab00000,0x000000066ab00000,0x0000000683100000)
  from space 32256K, 99% used [0x0000000683100000,0x0000000685079510,0x0000000685080000)
  to   space 65536K, 0% used [0x000000068ee00000,0x000000068ee00000,0x0000000692e00000)
 ParOldGen       total 165376K, used 140071K [0x00000003c0000000, 0x00000003ca180000, 0x000000066ab00000)
  object space 165376K, 84% used [0x00000003c0000000,0x00000003c88c9c48,0x00000003ca180000)
 Metaspace       used 85264K, capacity 86192K, committed 86360K, reserved 1124352K
  class space    used 12112K, capacity 12336K, committed 12376K, reserved 1048576K
Event: 20.381 GC heap after
Heap after GC invocations=18 (full 5):
 PSYoungGen      total 431616K, used 0K [0x000000066ab00000, 0x0000000692e00000, 0x00000007c0000000)
  eden space 399360K, 0% used [0x000000066ab00000,0x000000066ab00000,0x0000000683100000)
  from space 32256K, 0% used [0x0000000683100000,0x0000000683100000,0x0000000685080000)
  to   space 65536K, 0% used [0x000000068ee00000,0x000000068ee00000,0x0000000692e00000)
 ParOldGen       total 221184K, used 123299K [0x00000003c0000000, 0x00000003cd800000, 0x000000066ab00000)
  object space 221184K, 55% used [0x00000003c0000000,0x00000003c7868cd0,0x00000003cd800000)
 Metaspace       used 85252K, capacity 86174K, committed 86360K, reserved 1124352K
  class space    used 12110K, capacity 12333K, committed 12376K, reserved 1048576K
}
Event: 21.130 GC heap before
{Heap before GC invocations=19 (full 5):
 PSYoungGen      total 431616K, used 399360K [0x000000066ab00000, 0x0000000692e00000, 0x00000007c0000000)
  eden space 399360K, 100% used [0x000000066ab00000,0x0000000683100000,0x0000000683100000)
  from space 32256K, 0% used [0x0000000683100000,0x0000000683100000,0x0000000685080000)
  to   space 65536K, 0% used [0x000000068ee00000,0x000000068ee00000,0x0000000692e00000)
 ParOldGen       total 221184K, used 123299K [0x00000003c0000000, 0x00000003cd800000, 0x000000066ab00000)
  object space 221184K, 55% used [0x00000003c0000000,0x00000003c7868cd0,0x00000003cd800000)
 Metaspace       used 85329K, capacity 86238K, committed 86360K, reserved 1124352K
  class space    used 12111K, capacity 12333K, committed 12376K, reserved 1048576K
Event: 21.133 GC heap after
Heap after GC invocations=19 (full 5):
 PSYoungGen      total 542720K, used 576K [0x000000066ab00000, 0x0000000691480000, 0x00000007c0000000)
  eden space 503296K, 0% used [0x000000066ab00000,0x000000066ab00000,0x0000000689680000)
  from space 39424K, 1% used [0x000000068ee00000,0x000000068ee90000,0x0000000691480000)
  to   space 64512K, 0% used [0x0000000689680000,0x0000000689680000,0x000000068d580000)
 ParOldGen       total 221184K, used 123299K [0x00000003c0000000, 0x00000003cd800000, 0x000000066ab00000)
  object space 221184K, 55% used [0x00000003c0000000,0x00000003c7868cd0,0x00000003cd800000)
 Metaspace       used 85329K, capacity 86238K, committed 86360K, reserved 1124352K
  class space    used 12111K, capacity 12333K, committed 12376K, reserved 1048576K
}
Event: 21.771 GC heap before
{Heap before GC invocations=20 (full 5):
 PSYoungGen      total 542720K, used 503872K [0x000000066ab00000, 0x0000000691480000, 0x00000007c0000000)
  eden space 503296K, 100% used [0x000000066ab00000,0x0000000689680000,0x0000000689680000)
  from space 39424K, 1% used [0x000000068ee00000,0x000000068ee90000,0x0000000691480000)
  to   space 64512K, 0% used [0x0000000689680000,0x0000000689680000,0x000000068d580000)
 ParOldGen       total 221184K, used 123299K [0x00000003c0000000, 0x00000003cd800000, 0x000000066ab00000)
  object space 221184K, 55% used [0x00000003c0000000,0x00000003c7868cd0,0x00000003cd800000)
 Metaspace       used 85426K, capacity 86334K, committed 86360K, reserved 1124352K
  class space    used 12128K, capacity 12365K, committed 12376K, reserved 1048576K
Event: 21.776 GC heap after
Heap after GC invocations=20 (full 5):
 PSYoungGen      total 567808K, used 1440K [0x000000066ab00000, 0x0000000698600000, 0x00000007c0000000)
  eden space 503296K, 0% used [0x000000066ab00000,0x000000066ab00000,0x0000000689680000)
  from space 64512K, 2% used [0x0000000689680000,0x00000006897e8000,0x000000068d580000)
  to   space 62976K, 0% used [0x0000000694880000,0x0000000694880000,0x0000000698600000)
 ParOldGen       total 221184K, used 123299K [0x00000003c0000000, 0x00000003cd800000, 0x000000066ab00000)
  object space 221184K, 55% used [0x00000003c0000000,0x00000003c7868cd0,0x00000003cd800000)
 Metaspace       used 85426K, capacity 86334K, committed 86360K, reserved 1124352K
  class space    used 12128K, capacity 12365K, committed 12376K, reserved 1048576K
}
Event: 22.325 GC heap before
{Heap before GC invocations=21 (full 5):
 PSYoungGen      total 567808K, used 504736K [0x000000066ab00000, 0x0000000698600000, 0x00000007c0000000)
  eden space 503296K, 100% used [0x000000066ab00000,0x0000000689680000,0x0000000689680000)
  from space 64512K, 2% used [0x0000000689680000,0x00000006897e8000,0x000000068d580000)
  to   space 62976K, 0% used [0x0000000694880000,0x0000000694880000,0x0000000698600000)
 ParOldGen       total 221184K, used 123299K [0x00000003c0000000, 0x00000003cd800000, 0x000000066ab00000)
  object space 221184K, 55% used [0x00000003c0000000,0x00000003c7868cd0,0x00000003cd800000)
 Metaspace       used 85429K, capacity 86334K, committed 86360K, reserved 1124352K
  class space    used 12128K, capacity 12365K, committed 12376K, reserved 1048576K
Event: 22.335 GC heap after
Heap after GC invocations=21 (full 5):
 PSYoungGen      total 687616K, used 2112K [0x000000066ab00000, 0x0000000698780000, 0x00000007c0000000)
  eden space 624640K, 0% used [0x000000066ab00000,0x000000066ab00000,0x0000000690d00000)
  from space 62976K, 3% used [0x0000000694880000,0x0000000694a90000,0x0000000698600000)
  to   space 60928K, 0% used [0x0000000690d00000,0x0000000690d00000,0x0000000694880000)
 ParOldGen       total 221184K, used 123299K [0x00000003c0000000, 0x00000003cd800000, 0x000000066ab00000)
  object space 221184K, 55% used [0x00000003c0000000,0x00000003c7868cd0,0x00000003cd800000)
 Metaspace       used 85429K, capacity 86334K, committed 86360K, reserved 1124352K
  class space    used 12128K, capacity 12365K, committed 12376K, reserved 1048576K
}
Event: 23.056 GC heap before
{Heap before GC invocations=22 (full 5):
 PSYoungGen      total 687616K, used 626752K [0x000000066ab00000, 0x0000000698780000, 0x00000007c0000000)
  eden space 624640K, 100% used [0x000000066ab00000,0x0000000690d00000,0x0000000690d00000)
  from space 62976K, 3% used [0x0000000694880000,0x0000000694a90000,0x0000000698600000)
  to   space 60928K, 0% used [0x0000000690d00000,0x0000000690d00000,0x0000000694880000)
 ParOldGen       total 221184K, used 123299K [0x00000003c0000000, 0x00000003cd800000, 0x000000066ab00000)
  object space 221184K, 55% used [0x00000003c0000000,0x00000003c7868cd0,0x00000003cd800000)
 Metaspace       used 85449K, capacity 86398K, committed 86616K, reserved 1124352K
  class space    used 12128K, capacity 12365K, committed 12376K, reserved 1048576K
Event: 23.060 GC heap after
Heap after GC invocations=22 (full 5):
 PSYoungGen      total 685568K, used 928K [0x000000066ab00000, 0x000000069dc00000, 0x00000007c0000000)
  eden space 624640K, 0% used [0x000000066ab00000,0x000000066ab00000,0x0000000690d00000)
  from space 60928K, 1% used [0x0000000690d00000,0x0000000690de8000,0x0000000694880000)
  to   space 59392K, 0% used [0x000000069a200000,0x000000069a200000,0x000000069dc00000)
 ParOldGen       total 221184K, used 123299K [0x00000003c0000000, 0x00000003cd800000, 0x000000066ab00000)
  object space 221184K, 55% used [0x00000003c0000000,0x00000003c7868cd0,0x00000003cd800000)
 Metaspace       used 85449K, capacity 86398K, committed 86616K, reserved 1124352K
  class space    used 12128K, capacity 12365K, committed 12376K, reserved 1048576K
}
Event: 23.571 GC heap before
{Heap before GC invocations=23 (full 5):
 PSYoungGen      total 685568K, used 625568K [0x000000066ab00000, 0x000000069dc00000, 0x00000007c0000000)
  eden space 624640K, 100% used [0x000000066ab00000,0x0000000690d00000,0x0000000690d00000)
  from space 60928K, 1% used [0x0000000690d00000,0x0000000690de8000,0x0000000694880000)
  to   space 59392K, 0% used [0x000000069a200000,0x000000069a200000,0x000000069dc00000)
 ParOldGen       total 221184K, used 123299K [0x00000003c0000000, 0x00000003cd800000, 0x000000066ab00000)
  object space 221184K, 55% used [0x00000003c0000000,0x00000003c7868cd0,0x00000003cd800000)
 Metaspace       used 85450K, capacity 86398K, committed 86616K, reserved 1124352K
  class space    used 12128K, capacity 12365K, committed 12376K, reserved 1048576K
Event: 23.575 GC heap after
Heap after GC invocations=23 (full 5):
 PSYoungGen      total 759808K, used 768K [0x000000066ab00000, 0x000000069d100000, 0x00000007c0000000)
  eden space 711680K, 0% used [0x000000066ab00000,0x000000066ab00000,0x0000000696200000)
  from space 48128K, 1% used [0x000000069a200000,0x000000069a2c0000,0x000000069d100000)
  to   space 56832K, 0% used [0x0000000696200000,0x0000000696200000,0x0000000699980000)
 ParOldGen       total 221184K, used 123299K [0x00000003c0000000, 0x00000003cd800000, 0x000000066ab00000)
  object space 221184K, 55% used [0x00000003c0000000,0x00000003c7868cd0,0x00000003cd800000)
 Metaspace       used 85450K, capacity 86398K, committed 86616K, reserved 1124352K
  class space    used 12128K, capacity 12365K, committed 12376K, reserved 1048576K
}
Event: 24.181 GC heap before
{Heap before GC invocations=24 (full 5):
 PSYoungGen      total 759808K, used 712448K [0x000000066ab00000, 0x000000069d100000, 0x00000007c0000000)
  eden space 711680K, 100% used [0x000000066ab00000,0x0000000696200000,0x0000000696200000)
  from space 48128K, 1% used [0x000000069a200000,0x000000069a2c0000,0x000000069d100000)
  to   space 56832K, 0% used [0x0000000696200000,0x0000000696200000,0x0000000699980000)
 ParOldGen       total 221184K, used 123299K [0x00000003c0000000, 0x00000003cd800000, 0x000000066ab00000)
  object space 221184K, 55% used [0x00000003c0000000,0x00000003c7868cd0,0x00000003cd800000)
 Metaspace       used 85463K, capacity 86398K, committed 86616K, reserved 1124352K
  class space    used 12128K, capacity 12365K, committed 12376K, reserved 1048576K
Event: 24.185 GC heap after
Heap after GC invocations=24 (full 5):
 PSYoungGen      total 768512K, used 1248K [0x000000066ab00000, 0x00000006a2780000, 0x00000007c0000000)
  eden space 711680K, 0% used [0x000000066ab00000,0x000000066ab00000,0x0000000696200000)
  from space 56832K, 2% used [0x0000000696200000,0x0000000696338000,0x0000000699980000)
  to   space 54784K, 0% used [0x000000069f200000,0x000000069f200000,0x00000006a2780000)
 ParOldGen       total 221184K, used 123299K [0x00000003c0000000, 0x00000003cd800000, 0x000000066ab00000)
  object space 221184K, 55% used [0x00000003c0000000,0x00000003c7868cd0,0x00000003cd800000)
 Metaspace       used 85463K, capacity 86398K, committed 86616K, reserved 1124352K
  class space    used 12128K, capacity 12365K, committed 12376K, reserved 1048576K
}
Event: 24.749 GC heap before
{Heap before GC invocations=25 (full 5):
 PSYoungGen      total 768512K, used 712928K [0x000000066ab00000, 0x00000006a2780000, 0x00000007c0000000)
  eden space 711680K, 100% used [0x000000066ab00000,0x0000000696200000,0x0000000696200000)
  from space 56832K, 2% used [0x0000000696200000,0x0000000696338000,0x0000000699980000)
  to   space 54784K, 0% used [0x000000069f200000,0x000000069f200000,0x00000006a2780000)
 ParOldGen       total 221184K, used 123299K [0x00000003c0000000, 0x00000003cd800000, 0x000000066ab00000)
  object space 221184K, 55% used [0x00000003c0000000,0x00000003c7868cd0,0x00000003cd800000)
 Metaspace       used 85464K, capacity 86398K, committed 86616K, reserved 1124352K
  class space    used 12128K, capacity 12365K, committed 12376K, reserved 1048576K
Event: 24.754 GC heap after
Heap after GC invocations=25 (full 5):
 PSYoungGen      total 846848K, used 1248K [0x000000066ab00000, 0x00000006a1f00000, 0x00000007c0000000)
  eden space 800768K, 0% used [0x000000066ab00000,0x000000066ab00000,0x000000069b900000)
  from space 46080K, 2% used [0x000000069f200000,0x000000069f338000,0x00000006a1f00000)
  to   space 52224K, 0% used [0x000000069b900000,0x000000069b900000,0x000000069ec00000)
 ParOldGen       total 221184K, used 123299K [0x00000003c0000000, 0x00000003cd800000, 0x000000066ab00000)
  object space 221184K, 55% used [0x00000003c0000000,0x00000003c7868cd0,0x00000003cd800000)
 Metaspace       used 85464K, capacity 86398K, committed 86616K, reserved 1124352K
  class space    used 12128K, capacity 12365K, committed 12376K, reserved 1048576K
}
Event: 25.430 GC heap before
{Heap before GC invocations=26 (full 5):
 PSYoungGen      total 846848K, used 802016K [0x000000066ab00000, 0x00000006a1f00000, 0x00000007c0000000)
  eden space 800768K, 100% used [0x000000066ab00000,0x000000069b900000,0x000000069b900000)
  from space 46080K, 2% used [0x000000069f200000,0x000000069f338000,0x00000006a1f00000)
  to   space 52224K, 0% used [0x000000069b900000,0x000000069b900000,0x000000069ec00000)
 ParOldGen       total 221184K, used 123299K [0x00000003c0000000, 0x00000003cd800000, 0x000000066ab00000)
  object space 221184K, 55% used [0x00000003c0000000,0x00000003c7868cd0,0x00000003cd800000)
 Metaspace       used 85464K, capacity 86398K, committed 86616K, reserved 1124352K
  class space    used 12128K, capacity 12365K, committed 12376K, reserved 1048576K
Event: 25.434 GC heap after
Heap after GC invocations=26 (full 5):
 PSYoungGen      total 852992K, used 1376K [0x000000066ab00000, 0x00000006a7600000, 0x00000007c0000000)
  eden space 800768K, 0% used [0x000000066ab00000,0x000000066ab00000,0x000000069b900000)
  from space 52224K, 2% used [0x000000069b900000,0x000000069ba58000,0x000000069ec00000)
  to   space 49664K, 0% used [0x00000006a4580000,0x00000006a4580000,0x00000006a7600000)
 ParOldGen       total 221184K, used 123299K [0x00000003c0000000, 0x00000003cd800000, 0x000000066ab00000)
  object space 221184K, 55% used [0x00000003c0000000,0x00000003c7868cd0,0x00000003cd800000)
 Metaspace       used 85464K, capacity 86398K, committed 86616K, reserved 1124352K
  class space    used 12128K, capacity 12365K, committed 12376K, reserved 1048576K
}
Event: 26.068 GC heap before
{Heap before GC invocations=27 (full 5):
 PSYoungGen      total 852992K, used 802144K [0x000000066ab00000, 0x00000006a7600000, 0x00000007c0000000)
  eden space 800768K, 100% used [0x000000066ab00000,0x000000069b900000,0x000000069b900000)
  from space 52224K, 2% used [0x000000069b900000,0x000000069ba58000,0x000000069ec00000)
  to   space 49664K, 0% used [0x00000006a4580000,0x00000006a4580000,0x00000006a7600000)
 ParOldGen       total 221184K, used 123299K [0x00000003c0000000, 0x00000003cd800000, 0x000000066ab00000)
  object space 221184K, 55% used [0x00000003c0000000,0x00000003c7868cd0,0x00000003cd800000)
 Metaspace       used 85464K, capacity 86398K, committed 86616K, reserved 1124352K
  class space    used 12128K, capacity 12365K, committed 12376K, reserved 1048576K
Event: 26.073 GC heap after
Heap after GC invocations=27 (full 5):
 PSYoungGen      total 939520K, used 2368K [0x000000066ab00000, 0x00000006a7100000, 0x00000007c0000000)
  eden space 894976K, 0% used [0x000000066ab00000,0x000000066ab00000,0x00000006a1500000)
  from space 44544K, 5% used [0x00000006a4580000,0x00000006a47d0000,0x00000006a7100000)
  to   space 47104K, 0% used [0x00000006a1500000,0x00000006a1500000,0x00000006a4300000)
 ParOldGen       total 221184K, used 123299K [0x00000003c0000000, 0x00000003cd800000, 0x000000066ab00000)
  object space 221184K, 55% used [0x00000003c0000000,0x00000003c7868cd0,0x00000003cd800000)
 Metaspace       used 85464K, capacity 86398K, committed 86616K, reserved 1124352K
  class space    used 12128K, capacity 12365K, committed 12376K, reserved 1048576K
}
Event: 26.820 GC heap before
{Heap before GC invocations=28 (full 5):
 PSYoungGen      total 939520K, used 897344K [0x000000066ab00000, 0x00000006a7100000, 0x00000007c0000000)
  eden space 894976K, 100% used [0x000000066ab00000,0x00000006a1500000,0x00000006a1500000)
  from space 44544K, 5% used [0x00000006a4580000,0x00000006a47d0000,0x00000006a7100000)
  to   space 47104K, 0% used [0x00000006a1500000,0x00000006a1500000,0x00000006a4300000)
 ParOldGen       total 221184K, used 123299K [0x00000003c0000000, 0x00000003cd800000, 0x000000066ab00000)
  object space 221184K, 55% used [0x00000003c0000000,0x00000003c7868cd0,0x00000003cd800000)
 Metaspace       used 85467K, capacity 86398K, committed 86616K, reserved 1124352K
  class space    used 12128K, capacity 12365K, committed 12376K, reserved 1048576K
Event: 26.824 GC heap after
Heap after GC invocations=28 (full 5):
 PSYoungGen      total 942080K, used 896K [0x000000066ab00000, 0x00000006acb80000, 0x00000007c0000000)
  eden space 894976K, 0% used [0x000000066ab00000,0x000000066ab00000,0x00000006a1500000)
  from space 47104K, 1% used [0x00000006a1500000,0x00000006a15e0000,0x00000006a4300000)
  to   space 44544K, 0% used [0x00000006aa000000,0x00000006aa000000,0x00000006acb80000)
 ParOldGen       total 221184K, used 123299K [0x00000003c0000000, 0x00000003cd800000, 0x000000066ab00000)
  object space 221184K, 55% used [0x00000003c0000000,0x00000003c7868cd0,0x00000003cd800000)
 Metaspace       used 85467K, capacity 86398K, committed 86616K, reserved 1124352K
  class space    used 12128K, capacity 12365K, committed 12376K, reserved 1048576K
}
Event: 27.526 GC heap before
{Heap before GC invocations=29 (full 5):
 PSYoungGen      total 942080K, used 895872K [0x000000066ab00000, 0x00000006acb80000, 0x00000007c0000000)
  eden space 894976K, 100% used [0x000000066ab00000,0x00000006a1500000,0x00000006a1500000)
  from space 47104K, 1% used [0x00000006a1500000,0x00000006a15e0000,0x00000006a4300000)
  to   space 44544K, 0% used [0x00000006aa000000,0x00000006aa000000,0x00000006acb80000)
 ParOldGen       total 221184K, used 123299K [0x00000003c0000000, 0x00000003cd800000, 0x000000066ab00000)
  object space 221184K, 55% used [0x00000003c0000000,0x00000003c7868cd0,0x00000003cd800000)
 Metaspace       used 85467K, capacity 86398K, committed 86616K, reserved 1124352K
  class space    used 12128K, capacity 12365K, committed 12376K, reserved 1048576K
Event: 27.530 GC heap after
Heap after GC invocations=29 (full 5):
 PSYoungGen      total 1024000K, used 864K [0x000000066ab00000, 0x00000006ac300000, 0x00000007c0000000)
  eden space 988160K, 0% used [0x000000066ab00000,0x000000066ab00000,0x00000006a7000000)
  from space 35840K, 2% used [0x00000006aa000000,0x00000006aa0d8000,0x00000006ac300000)
  to   space 42496K, 0% used [0x00000006a7000000,0x00000006a7000000,0x00000006a9980000)
 ParOldGen       total 221184K, used 123299K [0x00000003c0000000, 0x00000003cd800000, 0x000000066ab00000)
  object space 221184K, 55% used [0x00000003c0000000,0x00000003c7868cd0,0x00000003cd800000)
 Metaspace       used 85467K, capacity 86398K, committed 86616K, reserved 1124352K
  class space    used 12128K, capacity 12365K, committed 12376K, reserved 1048576K
}
Event: 28.349 GC heap before
{Heap before GC invocations=30 (full 5):
 PSYoungGen      total 1024000K, used 989024K [0x000000066ab00000, 0x00000006ac300000, 0x00000007c0000000)
  eden space 988160K, 100% used [0x000000066ab00000,0x00000006a7000000,0x00000006a7000000)
  from space 35840K, 2% used [0x00000006aa000000,0x00000006aa0d8000,0x00000006ac300000)
  to   space 42496K, 0% used [0x00000006a7000000,0x00000006a7000000,0x00000006a9980000)
 ParOldGen       total 221184K, used 123299K [0x00000003c0000000, 0x00000003cd800000, 0x000000066ab00000)
  object space 221184K, 55% used [0x00000003c0000000,0x00000003c7868cd0,0x00000003cd800000)
 Metaspace       used 85467K, capacity 86398K, committed 86616K, reserved 1124352K
  class space    used 12128K, capacity 12365K, committed 12376K, reserved 1048576K
Event: 28.354 GC heap after
Heap after GC invocations=30 (full 5):
 PSYoungGen      total 1030656K, used 1024K [0x000000066ab00000, 0x00000006b0500000, 0x00000007c0000000)
  eden space 988160K, 0% used [0x000000066ab00000,0x000000066ab00000,0x00000006a7000000)
  from space 42496K, 2% used [0x00000006a7000000,0x00000006a7100000,0x00000006a9980000)
  to   space 39936K, 0% used [0x00000006ade00000,0x00000006ade00000,0x00000006b0500000)
 ParOldGen       total 221184K, used 123299K [0x00000003c0000000, 0x00000003cd800000, 0x000000066ab00000)
  object space 221184K, 55% used [0x00000003c0000000,0x00000003c7868cd0,0x00000003cd800000)
 Metaspace       used 85467K, capacity 86398K, committed 86616K, reserved 1124352K
  class space    used 12128K, capacity 12365K, committed 12376K, reserved 1048576K
}
Event: 29.126 GC heap before
{Heap before GC invocations=31 (full 5):
 PSYoungGen      total 1030656K, used 989184K [0x000000066ab00000, 0x00000006b0500000, 0x00000007c0000000)
  eden space 988160K, 100% used [0x000000066ab00000,0x00000006a7000000,0x00000006a7000000)
  from space 42496K, 2% used [0x00000006a7000000,0x00000006a7100000,0x00000006a9980000)
  to   space 39936K, 0% used [0x00000006ade00000,0x00000006ade00000,0x00000006b0500000)
 ParOldGen       total 221184K, used 123299K [0x00000003c0000000, 0x00000003cd800000, 0x000000066ab00000)
  object space 221184K, 55% used [0x00000003c0000000,0x00000003c7868cd0,0x00000003cd800000)
 Metaspace       used 85467K, capacity 86398K, committed 86616K, reserved 1124352K
  class space    used 12128K, capacity 12365K, committed 12376K, reserved 1048576K
Event: 29.130 GC heap after
Heap after GC invocations=31 (full 5):
 PSYoungGen      total 1091584K, used 992K [0x000000066ab00000, 0x00000006afe80000, 0x00000007c0000000)
  eden space 1058304K, 0% used [0x000000066ab00000,0x000000066ab00000,0x00000006ab480000)
  from space 33280K, 2% used [0x00000006ade00000,0x00000006adef8000,0x00000006afe80000)
  to   space 37888K, 0% used [0x00000006ab480000,0x00000006ab480000,0x00000006ad980000)
 ParOldGen       total 221184K, used 123299K [0x00000003c0000000, 0x00000003cd800000, 0x000000066ab00000)
  object space 221184K, 55% used [0x00000003c0000000,0x00000003c7868cd0,0x00000003cd800000)
 Metaspace       used 85467K, capacity 86398K, committed 86616K, reserved 1124352K
  class space    used 12128K, capacity 12365K, committed 12376K, reserved 1048576K
}
Event: 29.996 GC heap before
{Heap before GC invocations=32 (full 5):
 PSYoungGen      total 1091584K, used 1059296K [0x000000066ab00000, 0x00000006afe80000, 0x00000007c0000000)
  eden space 1058304K, 100% used [0x000000066ab00000,0x00000006ab480000,0x00000006ab480000)
  from space 33280K, 2% used [0x00000006ade00000,0x00000006adef8000,0x00000006afe80000)
  to   space 37888K, 0% used [0x00000006ab480000,0x00000006ab480000,0x00000006ad980000)
 ParOldGen       total 221184K, used 123299K [0x00000003c0000000, 0x00000003cd800000, 0x000000066ab00000)
  object space 221184K, 55% used [0x00000003c0000000,0x00000003c7868cd0,0x00000003cd800000)
 Metaspace       used 85467K, capacity 86398K, committed 86616K, reserved 1124352K
  class space    used 12128K, capacity 12365K, committed 12376K, reserved 1048576K
Event: 30.000 GC heap after
Heap after GC invocations=32 (full 5):
 PSYoungGen      total 1096192K, used 864K [0x000000066ab00000, 0x00000006b3e80000, 0x00000007c0000000)
  eden space 1058304K, 0% used [0x000000066ab00000,0x000000066ab00000,0x00000006ab480000)
  from space 37888K, 2% used [0x00000006ab480000,0x00000006ab558000,0x00000006ad980000)
  to   space 35328K, 0% used [0x00000006b1c00000,0x00000006b1c00000,0x00000006b3e80000)
 ParOldGen       total 221184K, used 123299K [0x00000003c0000000, 0x00000003cd800000, 0x000000066ab00000)
  object space 221184K, 55% used [0x00000003c0000000,0x00000003c7868cd0,0x00000003cd800000)
 Metaspace       used 85467K, capacity 86398K, committed 86616K, reserved 1124352K
  class space    used 12128K, capacity 12365K, committed 12376K, reserved 1048576K
}
Event: 30.837 GC heap before
{Heap before GC invocations=33 (full 5):
 PSYoungGen      total 1096192K, used 1059168K [0x000000066ab00000, 0x00000006b3e80000, 0x00000007c0000000)
  eden space 1058304K, 100% used [0x000000066ab00000,0x00000006ab480000,0x00000006ab480000)
  from space 37888K, 2% used [0x00000006ab480000,0x00000006ab558000,0x00000006ad980000)
  to   space 35328K, 0% used [0x00000006b1c00000,0x00000006b1c00000,0x00000006b3e80000)
 ParOldGen       total 221184K, used 123299K [0x00000003c0000000, 0x00000003cd800000, 0x000000066ab00000)
  object space 221184K, 55% used [0x00000003c0000000,0x00000003c7868cd0,0x00000003cd800000)
 Metaspace       used 85467K, capacity 86398K, committed 86616K, reserved 1124352K
  class space    used 12128K, capacity 12365K, committed 12376K, reserved 1048576K
Event: 30.840 GC heap after
Heap after GC invocations=33 (full 5):
 PSYoungGen      total 1152000K, used 672K [0x000000066ab00000, 0x00000006b3680000, 0x00000007c0000000)
  eden space 1124864K, 0% used [0x000000066ab00000,0x000000066ab00000,0x00000006af580000)
  from space 27136K, 2% used [0x00000006b1c00000,0x00000006b1ca8000,0x00000006b3680000)
  to   space 33280K, 0% used [0x00000006af580000,0x00000006af580000,0x00000006b1600000)
 ParOldGen       total 221184K, used 123299K [0x00000003c0000000, 0x00000003cd800000, 0x000000066ab00000)
  object space 221184K, 55% used [0x00000003c0000000,0x00000003c7868cd0,0x00000003cd800000)
 Metaspace       used 85467K, capacity 86398K, committed 86616K, reserved 1124352K
  class space    used 12128K, capacity 12365K, committed 12376K, reserved 1048576K
}
Event: 31.743 GC heap before
{Heap before GC invocations=34 (full 5):
 PSYoungGen      total 1152000K, used 1125536K [0x000000066ab00000, 0x00000006b3680000, 0x00000007c0000000)
  eden space 1124864K, 100% used [0x000000066ab00000,0x00000006af580000,0x00000006af580000)
  from space 27136K, 2% used [0x00000006b1c00000,0x00000006b1ca8000,0x00000006b3680000)
  to   space 33280K, 0% used [0x00000006af580000,0x00000006af580000,0x00000006b1600000)
 ParOldGen       total 221184K, used 123299K [0x00000003c0000000, 0x00000003cd800000, 0x000000066ab00000)
  object space 221184K, 55% used [0x00000003c0000000,0x00000003c7868cd0,0x00000003cd800000)
 Metaspace       used 85471K, capacity 86398K, committed 86616K, reserved 1124352K
  class space    used 12128K, capacity 12365K, committed 12376K, reserved 1048576K
Event: 31.749 GC heap after
Heap after GC invocations=34 (full 5):
 PSYoungGen      total 1158144K, used 1952K [0x000000066ab00000, 0x00000006b7980000, 0x00000007c0000000)
  eden space 1124864K, 0% used [0x000000066ab00000,0x000000066ab00000,0x00000006af580000)
  from space 33280K, 5% used [0x00000006af580000,0x00000006af768000,0x00000006b1600000)
  to   space 31232K, 0% used [0x00000006b5b00000,0x00000006b5b00000,0x00000006b7980000)
 ParOldGen       total 221184K, used 123851K [0x00000003c0000000, 0x00000003cd800000, 0x000000066ab00000)
  object space 221184K, 55% used [0x00000003c0000000,0x00000003c78f2cd0,0x00000003cd800000)
 Metaspace       used 85471K, capacity 86398K, committed 86616K, reserved 1124352K
  class space    used 12128K, capacity 12365K, committed 12376K, reserved 1048576K
}
Event: 32.626 GC heap before
{Heap before GC invocations=35 (full 5):
 PSYoungGen      total 1158144K, used 1126816K [0x000000066ab00000, 0x00000006b7980000, 0x00000007c0000000)
  eden space 1124864K, 100% used [0x000000066ab00000,0x00000006af580000,0x00000006af580000)
  from space 33280K, 5% used [0x00000006af580000,0x00000006af768000,0x00000006b1600000)
  to   space 31232K, 0% used [0x00000006b5b00000,0x00000006b5b00000,0x00000006b7980000)
 ParOldGen       total 221184K, used 123851K [0x00000003c0000000, 0x00000003cd800000, 0x000000066ab00000)
  object space 221184K, 55% used [0x00000003c0000000,0x00000003c78f2cd0,0x00000003cd800000)
 Metaspace       used 85471K, capacity 86398K, committed 86616K, reserved 1124352K
  class space    used 12128K, capacity 12365K, committed 12376K, reserved 1048576K
Event: 32.632 GC heap after
Heap after GC invocations=35 (full 5):
 PSYoungGen      total 1231360K, used 3024K [0x000000066ab00000, 0x00000006b7980000, 0x00000007c0000000)
  eden space 1200128K, 0% used [0x000000066ab00000,0x000000066ab00000,0x00000006b3f00000)
  from space 31232K, 9% used [0x00000006b5b00000,0x00000006b5df42f0,0x00000006b7980000)
  to   space 28672K, 0% used [0x00000006b3f00000,0x00000006b3f00000,0x00000006b5b00000)
 ParOldGen       total 221184K, used 123875K [0x00000003c0000000, 0x00000003cd800000, 0x000000066ab00000)
  object space 221184K, 56% used [0x00000003c0000000,0x00000003c78f8cd0,0x00000003cd800000)
 Metaspace       used 85471K, capacity 86398K, committed 86616K, reserved 1124352K
  class space    used 12128K, capacity 12365K, committed 12376K, reserved 1048576K
}
Event: 33.600 GC heap before
{Heap before GC invocations=36 (full 5):
 PSYoungGen      total 1231360K, used 1203152K [0x000000066ab00000, 0x00000006b7980000, 0x00000007c0000000)
  eden space 1200128K, 100% used [0x000000066ab00000,0x00000006b3f00000,0x00000006b3f00000)
  from space 31232K, 9% used [0x00000006b5b00000,0x00000006b5df42f0,0x00000006b7980000)
  to   space 28672K, 0% used [0x00000006b3f00000,0x00000006b3f00000,0x00000006b5b00000)
 ParOldGen       total 221184K, used 123875K [0x00000003c0000000, 0x00000003cd800000, 0x000000066ab00000)
  object space 221184K, 56% used [0x00000003c0000000,0x00000003c78f8cd0,0x00000003cd800000)
 Metaspace       used 85471K, capacity 86398K, committed 86616K, reserved 1124352K
  class space    used 12128K, capacity 12365K, committed 12376K, reserved 1048576K
Event: 33.603 GC heap after
Heap after GC invocations=36 (full 5):
 PSYoungGen      total 1228800K, used 672K [0x000000066ab00000, 0x00000006bbd00000, 0x00000007c0000000)
  eden space 1200128K, 0% used [0x000000066ab00000,0x000000066ab00000,0x00000006b3f00000)
  from space 28672K, 2% used [0x00000006b3f00000,0x00000006b3fa8000,0x00000006b5b00000)
  to   space 27136K, 0% used [0x00000006ba280000,0x00000006ba280000,0x00000006bbd00000)
 ParOldGen       total 221184K, used 123883K [0x00000003c0000000, 0x00000003cd800000, 0x000000066ab00000)
  object space 221184K, 56% used [0x00000003c0000000,0x00000003c78facd0,0x00000003cd800000)
 Metaspace       used 85471K, capacity 86398K, committed 86616K, reserved 1124352K
  class space    used 12128K, capacity 12365K, committed 12376K, reserved 1048576K
}
Event: 34.549 GC heap before
{Heap before GC invocations=37 (full 5):
 PSYoungGen      total 1228800K, used 1200800K [0x000000066ab00000, 0x00000006bbd00000, 0x00000007c0000000)
  eden space 1200128K, 100% used [0x000000066ab00000,0x00000006b3f00000,0x00000006b3f00000)
  from space 28672K, 2% used [0x00000006b3f00000,0x00000006b3fa8000,0x00000006b5b00000)
  to   space 27136K, 0% used [0x00000006ba280000,0x00000006ba280000,0x00000006bbd00000)
 ParOldGen       total 221184K, used 123883K [0x00000003c0000000, 0x00000003cd800000, 0x000000066ab00000)
  object space 221184K, 56% used [0x00000003c0000000,0x00000003c78facd0,0x00000003cd800000)
 Metaspace       used 85471K, capacity 86398K, committed 86616K, reserved 1124352K
  class space    used 12128K, capacity 12365K, committed 12376K, reserved 1048576K
Event: 34.554 GC heap after
Heap after GC invocations=37 (full 5):
 PSYoungGen      total 1297920K, used 1952K [0x000000066ab00000, 0x00000006bb900000, 0x00000007c0000000)
  eden space 1274880K, 0% used [0x000000066ab00000,0x000000066ab00000,0x00000006b8800000)
  from space 23040K, 8% used [0x00000006ba280000,0x00000006ba468000,0x00000006bb900000)
  to   space 25088K, 0% used [0x00000006b8800000,0x00000006b8800000,0x00000006ba080000)
 ParOldGen       total 221184K, used 123891K [0x00000003c0000000, 0x00000003cd800000, 0x000000066ab00000)
  object space 221184K, 56% used [0x00000003c0000000,0x00000003c78fccd0,0x00000003cd800000)
 Metaspace       used 85471K, capacity 86398K, committed 86616K, reserved 1124352K
  class space    used 12128K, capacity 12365K, committed 12376K, reserved 1048576K
}
Event: 35.579 GC heap before
{Heap before GC invocations=38 (full 5):
 PSYoungGen      total 1297920K, used 1276832K [0x000000066ab00000, 0x00000006bb900000, 0x00000007c0000000)
  eden space 1274880K, 100% used [0x000000066ab00000,0x00000006b8800000,0x00000006b8800000)
  from space 23040K, 8% used [0x00000006ba280000,0x00000006ba468000,0x00000006bb900000)
  to   space 25088K, 0% used [0x00000006b8800000,0x00000006b8800000,0x00000006ba080000)
 ParOldGen       total 221184K, used 123891K [0x00000003c0000000, 0x00000003cd800000, 0x000000066ab00000)
  object space 221184K, 56% used [0x00000003c0000000,0x00000003c78fccd0,0x00000003cd800000)
 Metaspace       used 85472K, capacity 86398K, committed 86616K, reserved 1124352K
  class space    used 12128K, capacity 12365K, committed 12376K, reserved 1048576K
Event: 35.582 GC heap after
Heap after GC invocations=38 (full 5):
 PSYoungGen      total 1299968K, used 416K [0x000000066ab00000, 0x00000006bf080000, 0x00000007c0000000)
  eden space 1274880K, 0% used [0x000000066ab00000,0x000000066ab00000,0x00000006b8800000)
  from space 25088K, 1% used [0x00000006b8800000,0x00000006b8868000,0x00000006ba080000)
  to   space 24064K, 0% used [0x00000006bd900000,0x00000006bd900000,0x00000006bf080000)
 ParOldGen       total 221184K, used 123899K [0x00000003c0000000, 0x00000003cd800000, 0x000000066ab00000)
  object space 221184K, 56% used [0x00000003c0000000,0x00000003c78fecd0,0x00000003cd800000)
 Metaspace       used 85472K, capacity 86398K, committed 86616K, reserved 1124352K
  class space    used 12128K, capacity 12365K, committed 12376K, reserved 1048576K
}
Event: 36.567 GC heap before
{Heap before GC invocations=39 (full 5):
 PSYoungGen      total 1299968K, used 1275296K [0x000000066ab00000, 0x00000006bf080000, 0x00000007c0000000)
  eden space 1274880K, 100% used [0x000000066ab00000,0x00000006b8800000,0x00000006b8800000)
  from space 25088K, 1% used [0x00000006b8800000,0x00000006b8868000,0x00000006ba080000)
  to   space 24064K, 0% used [0x00000006bd900000,0x00000006bd900000,0x00000006bf080000)
 ParOldGen       total 221184K, used 123899K [0x00000003c0000000, 0x00000003cd800000, 0x000000066ab00000)
  object space 221184K, 56% used [0x00000003c0000000,0x00000003c78fecd0,0x00000003cd800000)
 Metaspace       used 85472K, capacity 86398K, committed 86616K, reserved 1124352K
  class space    used 12128K, capacity 12365K, committed 12376K, reserved 1048576K
Event: 36.571 GC heap after
Heap after GC invocations=39 (full 5):
 PSYoungGen      total 1353728K, used 1632K [0x000000066ab00000, 0x00000006bec80000, 0x00000007c0000000)
  eden space 1333760K, 0% used [0x000000066ab00000,0x000000066ab00000,0x00000006bc180000)
  from space 19968K, 8% used [0x00000006bd900000,0x00000006bda98000,0x00000006bec80000)
  to   space 22016K, 0% used [0x00000006bc180000,0x00000006bc180000,0x00000006bd700000)
 ParOldGen       total 221184K, used 123907K [0x00000003c0000000, 0x00000003cd800000, 0x000000066ab00000)
  object space 221184K, 56% used [0x00000003c0000000,0x00000003c7900cd0,0x00000003cd800000)
 Metaspace       used 85472K, capacity 86398K, committed 86616K, reserved 1124352K
  class space    used 12128K, capacity 12365K, committed 12376K, reserved 1048576K
}
Event: 37.638 GC heap before
{Heap before GC invocations=40 (full 5):
 PSYoungGen      total 1353728K, used 1335392K [0x000000066ab00000, 0x00000006bec80000, 0x00000007c0000000)
  eden space 1333760K, 100% used [0x000000066ab00000,0x00000006bc180000,0x00000006bc180000)
  from space 19968K, 8% used [0x00000006bd900000,0x00000006bda98000,0x00000006bec80000)
  to   space 22016K, 0% used [0x00000006bc180000,0x00000006bc180000,0x00000006bd700000)
 ParOldGen       total 221184K, used 123907K [0x00000003c0000000, 0x00000003cd800000, 0x000000066ab00000)
  object space 221184K, 56% used [0x00000003c0000000,0x00000003c7900cd0,0x00000003cd800000)
 Metaspace       used 85472K, capacity 86398K, committed 86616K, reserved 1124352K
  class space    used 12128K, capacity 12365K, committed 12376K, reserved 1048576K
Event: 37.648 GC heap after
Heap after GC invocations=40 (full 5):
 PSYoungGen      total 1355776K, used 5180K [0x000000066ab00000, 0x00000006c3180000, 0x00000007c0000000)
  eden space 1333760K, 0% used [0x000000066ab00000,0x000000066ab00000,0x00000006bc180000)
  from space 22016K, 23% used [0x00000006bc180000,0x00000006bc68f040,0x00000006bd700000)
  to   space 20992K, 0% used [0x00000006c1d00000,0x00000006c1d00000,0x00000006c3180000)
 ParOldGen       total 221184K, used 123907K [0x00000003c0000000, 0x00000003cd800000, 0x000000066ab00000)
  object space 221184K, 56% used [0x00000003c0000000,0x00000003c7900cd0,0x00000003cd800000)
 Metaspace       used 85472K, capacity 86398K, committed 86616K, reserved 1124352K
  class space    used 12128K, capacity 12365K, committed 12376K, reserved 1048576K
}
Event: 38.674 GC heap before
{Heap before GC invocations=41 (full 5):
 PSYoungGen      total 1355776K, used 1338940K [0x000000066ab00000, 0x00000006c3180000, 0x00000007c0000000)
  eden space 1333760K, 100% used [0x000000066ab00000,0x00000006bc180000,0x00000006bc180000)
  from space 22016K, 23% used [0x00000006bc180000,0x00000006bc68f040,0x00000006bd700000)
  to   space 20992K, 0% used [0x00000006c1d00000,0x00000006c1d00000,0x00000006c3180000)
 ParOldGen       total 221184K, used 123907K [0x00000003c0000000, 0x00000003cd800000, 0x000000066ab00000)
  object space 221184K, 56% used [0x00000003c0000000,0x00000003c7900cd0,0x00000003cd800000)
 Metaspace       used 85472K, capacity 86398K, committed 86616K, reserved 1124352K
  class space    used 12128K, capacity 12365K, committed 12376K, reserved 1048576K
Event: 38.677 GC heap after
Heap after GC invocations=41 (full 5):
 PSYoungGen      total 1413120K, used 1088K [0x000000066ab00000, 0x00000006c2980000, 0x00000007c0000000)
  eden space 1400320K, 0% used [0x000000066ab00000,0x000000066ab00000,0x00000006c0280000)
  from space 12800K, 8% used [0x00000006c1d00000,0x00000006c1e10000,0x00000006c2980000)
  to   space 19968K, 0% used [0x00000006c0280000,0x00000006c0280000,0x00000006c1600000)
 ParOldGen       total 221184K, used 123907K [0x00000003c0000000, 0x00000003cd800000, 0x000000066ab00000)
  object space 221184K, 56% used [0x00000003c0000000,0x00000003c7900cd0,0x00000003cd800000)
 Metaspace       used 85472K, capacity 86398K, committed 86616K, reserved 1124352K
  class space    used 12128K, capacity 12365K, committed 12376K, reserved 1048576K
}
Event: 39.793 GC heap before
{Heap before GC invocations=42 (full 5):
 PSYoungGen      total 1413120K, used 1401408K [0x000000066ab00000, 0x00000006c2980000, 0x00000007c0000000)
  eden space 1400320K, 100% used [0x000000066ab00000,0x00000006c0280000,0x00000006c0280000)
  from space 12800K, 8% used [0x00000006c1d00000,0x00000006c1e10000,0x00000006c2980000)
  to   space 19968K, 0% used [0x00000006c0280000,0x00000006c0280000,0x00000006c1600000)
 ParOldGen       total 221184K, used 123907K [0x00000003c0000000, 0x00000003cd800000, 0x000000066ab00000)
  object space 221184K, 56% used [0x00000003c0000000,0x00000003c7900cd0,0x00000003cd800000)
 Metaspace       used 85473K, capacity 86398K, committed 86616K, reserved 1124352K
  class space    used 12128K, capacity 12365K, committed 12376K, reserved 1048576K
Event: 39.798 GC heap after
Heap after GC invocations=42 (full 5):
 PSYoungGen      total 1420288K, used 2176K [0x000000066ab00000, 0x00000006c6a00000, 0x00000007c0000000)
  eden space 1400320K, 0% used [0x000000066ab00000,0x000000066ab00000,0x00000006c0280000)
  from space 19968K, 10% used [0x00000006c0280000,0x00000006c04a0000,0x00000006c1600000)
  to   space 18432K, 0% used [0x00000006c5800000,0x00000006c5800000,0x00000006c6a00000)
 ParOldGen       total 221184K, used 123907K [0x00000003c0000000, 0x00000003cd800000, 0x000000066ab00000)
  object space 221184K, 56% used [0x00000003c0000000,0x00000003c7900cd0,0x00000003cd800000)
 Metaspace       used 85473K, capacity 86398K, committed 86616K, reserved 1124352K
  class space    used 12128K, capacity 12365K, committed 12376K, reserved 1048576K
}
Event: 40.888 GC heap before
{Heap before GC invocations=43 (full 5):
 PSYoungGen      total 1420288K, used 1402496K [0x000000066ab00000, 0x00000006c6a00000, 0x00000007c0000000)
  eden space 1400320K, 100% used [0x000000066ab00000,0x00000006c0280000,0x00000006c0280000)
  from space 19968K, 10% used [0x00000006c0280000,0x00000006c04a0000,0x00000006c1600000)
  to   space 18432K, 0% used [0x00000006c5800000,0x00000006c5800000,0x00000006c6a00000)
 ParOldGen       total 221184K, used 123907K [0x00000003c0000000, 0x00000003cd800000, 0x000000066ab00000)
  object space 221184K, 56% used [0x00000003c0000000,0x00000003c7900cd0,0x00000003cd800000)
 Metaspace       used 85473K, capacity 86398K, committed 86616K, reserved 1124352K
  class space    used 12128K, capacity 12365K, committed 12376K, reserved 1048576K
Event: 40.897 GC heap after
Heap after GC invocations=43 (full 5):
 PSYoungGen      total 1488896K, used 4393K [0x000000066ab00000, 0x00000006c6f80000, 0x00000007c0000000)
  eden space 1470464K, 0% used [0x000000066ab00000,0x000000066ab00000,0x00000006c4700000)
  from space 18432K, 23% used [0x00000006c5800000,0x00000006c5c4a650,0x00000006c6a00000)
  to   space 17408K, 0% used [0x00000006c4700000,0x00000006c4700000,0x00000006c5800000)
 ParOldGen       total 221184K, used 123907K [0x00000003c0000000, 0x00000003cd800000, 0x000000066ab00000)
  object space 221184K, 56% used [0x00000003c0000000,0x00000003c7900cd0,0x00000003cd800000)
 Metaspace       used 85473K, capacity 86398K, committed 86616K, reserved 1124352K
  class space    used 12128K, capacity 12365K, committed 12376K, reserved 1048576K
}
Event: 42.069 GC heap before
{Heap before GC invocations=44 (full 5):
 PSYoungGen      total 1488896K, used 1474857K [0x000000066ab00000, 0x00000006c6f80000, 0x00000007c0000000)
  eden space 1470464K, 100% used [0x000000066ab00000,0x00000006c4700000,0x00000006c4700000)
  from space 18432K, 23% used [0x00000006c5800000,0x00000006c5c4a650,0x00000006c6a00000)
  to   space 17408K, 0% used [0x00000006c4700000,0x00000006c4700000,0x00000006c5800000)
 ParOldGen       total 221184K, used 123907K [0x00000003c0000000, 0x00000003cd800000, 0x000000066ab00000)
  object space 221184K, 56% used [0x00000003c0000000,0x00000003c7900cd0,0x00000003cd800000)
 Metaspace       used 85488K, capacity 86462K, committed 86616K, reserved 1124352K
  class space    used 12128K, capacity 12365K, committed 12376K, reserved 1048576K
Event: 42.073 GC heap after
Heap after GC invocations=44 (full 5):
 PSYoungGen      total 1487872K, used 928K [0x000000066ab00000, 0x00000006cae00000, 0x00000007c0000000)
  eden space 1470464K, 0% used [0x000000066ab00000,0x000000066ab00000,0x00000006c4700000)
  from space 17408K, 5% used [0x00000006c4700000,0x00000006c47e8000,0x00000006c5800000)
  to   space 16384K, 0% used [0x00000006c9e00000,0x00000006c9e00000,0x00000006cae00000)
 ParOldGen       total 221184K, used 123907K [0x00000003c0000000, 0x00000003cd800000, 0x000000066ab00000)
  object space 221184K, 56% used [0x00000003c0000000,0x00000003c7900cd0,0x00000003cd800000)
 Metaspace       used 85488K, capacity 86462K, committed 86616K, reserved 1124352K
  class space    used 12128K, capacity 12365K, committed 12376K, reserved 1048576K
}
Event: 43.214 GC heap before
{Heap before GC invocations=45 (full 5):
 PSYoungGen      total 1487872K, used 1471392K [0x000000066ab00000, 0x00000006cae00000, 0x00000007c0000000)
  eden space 1470464K, 100% used [0x000000066ab00000,0x00000006c4700000,0x00000006c4700000)
  from space 17408K, 5% used [0x00000006c4700000,0x00000006c47e8000,0x00000006c5800000)
  to   space 16384K, 0% used [0x00000006c9e00000,0x00000006c9e00000,0x00000006cae00000)
 ParOldGen       total 221184K, used 123907K [0x00000003c0000000, 0x00000003cd800000, 0x000000066ab00000)
  object space 221184K, 56% used [0x00000003c0000000,0x00000003c7900cd0,0x00000003cd800000)
 Metaspace       used 85488K, capacity 86462K, committed 86616K, reserved 1124352K
  class space    used 12128K, capacity 12365K, committed 12376K, reserved 1048576K
Event: 43.217 GC heap after
Heap after GC invocations=45 (full 5):
 PSYoungGen      total 1544192K, used 1088K [0x000000066ab00000, 0x00000006ca580000, 0x00000007c0000000)
  eden space 1536512K, 0% used [0x000000066ab00000,0x000000066ab00000,0x00000006c8780000)
  from space 7680K, 14% used [0x00000006c9e00000,0x00000006c9f10000,0x00000006ca580000)
  to   space 15360K, 0% used [0x00000006c8780000,0x00000006c8780000,0x00000006c9680000)
 ParOldGen       total 221184K, used 123907K [0x00000003c0000000, 0x00000003cd800000, 0x000000066ab00000)
  object space 221184K, 56% used [0x00000003c0000000,0x00000003c7900cd0,0x00000003cd800000)
 Metaspace       used 85488K, capacity 86462K, committed 86616K, reserved 1124352K
  class space    used 12128K, capacity 12365K, committed 12376K, reserved 1048576K
}
Event: 44.473 GC heap before
{Heap before GC invocations=46 (full 5):
 PSYoungGen      total 1544192K, used 1537600K [0x000000066ab00000, 0x00000006ca580000, 0x00000007c0000000)
  eden space 1536512K, 100% used [0x000000066ab00000,0x00000006c8780000,0x00000006c8780000)
  from space 7680K, 14% used [0x00000006c9e00000,0x00000006c9f10000,0x00000006ca580000)
  to   space 15360K, 0% used [0x00000006c8780000,0x00000006c8780000,0x00000006c9680000)
 ParOldGen       total 221184K, used 123907K [0x00000003c0000000, 0x00000003cd800000, 0x000000066ab00000)
  object space 221184K, 56% used [0x00000003c0000000,0x00000003c7900cd0,0x00000003cd800000)
 Metaspace       used 85488K, capacity 86462K, committed 86616K, reserved 1124352K
  class space    used 12128K, capacity 12365K, committed 12376K, reserved 1048576K
Event: 44.479 GC heap after
Heap after GC invocations=46 (full 5):
 PSYoungGen      total 1551872K, used 2734K [0x000000066ab00000, 0x00000006cdf00000, 0x00000007c0000000)
  eden space 1536512K, 0% used [0x000000066ab00000,0x000000066ab00000,0x00000006c8780000)
  from space 15360K, 17% used [0x00000006c8780000,0x00000006c8a2b980,0x00000006c9680000)
  to   space 14336K, 0% used [0x00000006cd100000,0x00000006cd100000,0x00000006cdf00000)
 ParOldGen       total 221184K, used 123907K [0x00000003c0000000, 0x00000003cd800000, 0x000000066ab00000)
  object space 221184K, 56% used [0x00000003c0000000,0x00000003c7900cd0,0x00000003cd800000)
 Metaspace       used 85488K, capacity 86462K, committed 86616K, reserved 1124352K
  class space    used 12128K, capacity 12365K, committed 12376K, reserved 1048576K
}
Event: 45.696 GC heap before
{Heap before GC invocations=47 (full 5):
 PSYoungGen      total 1551872K, used 1539246K [0x000000066ab00000, 0x00000006cdf00000, 0x00000007c0000000)
  eden space 1536512K, 100% used [0x000000066ab00000,0x00000006c8780000,0x00000006c8780000)
  from space 15360K, 17% used [0x00000006c8780000,0x00000006c8a2b980,0x00000006c9680000)
  to   space 14336K, 0% used [0x00000006cd100000,0x00000006cd100000,0x00000006cdf00000)
 ParOldGen       total 221184K, used 123907K [0x00000003c0000000, 0x00000003cd800000, 0x000000066ab00000)
  object space 221184K, 56% used [0x00000003c0000000,0x00000003c7900cd0,0x00000003cd800000)
 Metaspace       used 85490K, capacity 86462K, committed 86616K, reserved 1124352K
  class space    used 12128K, capacity 12365K, committed 12376K, reserved 1048576K
Event: 45.712 GC heap after
Heap after GC invocations=47 (full 5):
 PSYoungGen      total 1610752K, used 8743K [0x000000066ab00000, 0x00000006cf600000, 0x00000007c0000000)
  eden space 1596416K, 0% used [0x000000066ab00000,0x000000066ab00000,0x00000006cc200000)
  from space 14336K, 60% used [0x00000006cd100000,0x00000006cd989e70,0x00000006cdf00000)
  to   space 15360K, 0% used [0x00000006cc200000,0x00000006cc200000,0x00000006cd100000)
 ParOldGen       total 221184K, used 123907K [0x00000003c0000000, 0x00000003cd800000, 0x000000066ab00000)
  object space 221184K, 56% used [0x00000003c0000000,0x00000003c7900cd0,0x00000003cd800000)
 Metaspace       used 85490K, capacity 86462K, committed 86616K, reserved 1124352K
  class space    used 12128K, capacity 12365K, committed 12376K, reserved 1048576K
}
Event: 46.949 GC heap before
{Heap before GC invocations=48 (full 5):
 PSYoungGen      total 1610752K, used 1605159K [0x000000066ab00000, 0x00000006cf600000, 0x00000007c0000000)
  eden space 1596416K, 100% used [0x000000066ab00000,0x00000006cc200000,0x00000006cc200000)
  from space 14336K, 60% used [0x00000006cd100000,0x00000006cd989e70,0x00000006cdf00000)
  to   space 15360K, 0% used [0x00000006cc200000,0x00000006cc200000,0x00000006cd100000)
 ParOldGen       total 221184K, used 123907K [0x00000003c0000000, 0x00000003cd800000, 0x000000066ab00000)
  object space 221184K, 56% used [0x00000003c0000000,0x00000003c7900cd0,0x00000003cd800000)
 Metaspace       used 85490K, capacity 86462K, committed 86616K, reserved 1124352K
  class space    used 12128K, capacity 12365K, committed 12376K, reserved 1048576K
Event: 46.952 GC heap after
Heap after GC invocations=48 (full 5):
 PSYoungGen      total 1611776K, used 96K [0x000000066ab00000, 0x00000006d2780000, 0x00000007c0000000)
  eden space 1596416K, 0% used [0x000000066ab00000,0x000000066ab00000,0x00000006cc200000)
  from space 15360K, 0% used [0x00000006cc200000,0x00000006cc218000,0x00000006cd100000)
  to   space 14848K, 0% used [0x00000006d1900000,0x00000006d1900000,0x00000006d2780000)
 ParOldGen       total 221184K, used 123907K [0x00000003c0000000, 0x00000003cd800000, 0x000000066ab00000)
  object space 221184K, 56% used [0x00000003c0000000,0x00000003c7900cd0,0x00000003cd800000)
 Metaspace       used 85490K, capacity 86462K, committed 86616K, reserved 1124352K
  class space    used 12128K, capacity 12365K, committed 12376K, reserved 1048576K
}
Event: 48.177 GC heap before
{Heap before GC invocations=49 (full 5):
 PSYoungGen      total 1611776K, used 1596512K [0x000000066ab00000, 0x00000006d2780000, 0x00000007c0000000)
  eden space 1596416K, 100% used [0x000000066ab00000,0x00000006cc200000,0x00000006cc200000)
  from space 15360K, 0% used [0x00000006cc200000,0x00000006cc218000,0x00000006cd100000)
  to   space 14848K, 0% used [0x00000006d1900000,0x00000006d1900000,0x00000006d2780000)
 ParOldGen       total 221184K, used 123907K [0x00000003c0000000, 0x00000003cd800000, 0x000000066ab00000)
  object space 221184K, 56% used [0x00000003c0000000,0x00000003c7900cd0,0x00000003cd800000)
 Metaspace       used 85490K, capacity 86462K, committed 86616K, reserved 1124352K
  class space    used 12128K, capacity 12365K, committed 12376K, reserved 1048576K
Event: 48.193 GC heap after
Heap after GC invocations=49 (full 5):
 PSYoungGen      total 1684992K, used 8567K [0x000000066ab00000, 0x00000006d3980000, 0x00000007c0000000)
  eden space 1670144K, 0% used [0x000000066ab00000,0x000000066ab00000,0x00000006d0a00000)
  from space 14848K, 57% used [0x00000006d1900000,0x00000006d215ddd0,0x00000006d2780000)
  to   space 15360K, 0% used [0x00000006d0a00000,0x00000006d0a00000,0x00000006d1900000)
 ParOldGen       total 221184K, used 123915K [0x00000003c0000000, 0x00000003cd800000, 0x000000066ab00000)
  object space 221184K, 56% used [0x00000003c0000000,0x00000003c7902cd0,0x00000003cd800000)
 Metaspace       used 85490K, capacity 86462K, committed 86616K, reserved 1124352K
  class space    used 12128K, capacity 12365K, committed 12376K, reserved 1048576K
}
Event: 49.547 GC heap before
{Heap before GC invocations=50 (full 5):
 PSYoungGen      total 1684992K, used 1678711K [0x000000066ab00000, 0x00000006d3980000, 0x00000007c0000000)
  eden space 1670144K, 100% used [0x000000066ab00000,0x00000006d0a00000,0x00000006d0a00000)
  from space 14848K, 57% used [0x00000006d1900000,0x00000006d215ddd0,0x00000006d2780000)
  to   space 15360K, 0% used [0x00000006d0a00000,0x00000006d0a00000,0x00000006d1900000)
 ParOldGen       total 221184K, used 123915K [0x00000003c0000000, 0x00000003cd800000, 0x000000066ab00000)
  object space 221184K, 56% used [0x00000003c0000000,0x00000003c7902cd0,0x00000003cd800000)
 Metaspace       used 85492K, capacity 86462K, committed 86616K, reserved 1124352K
  class space    used 12128K, capacity 12365K, committed 12376K, reserved 1048576K
Event: 49.551 GC heap after
Heap after GC invocations=50 (full 5):
 PSYoungGen      total 1685504K, used 945K [0x000000066ab00000, 0x00000006d7900000, 0x00000007c0000000)
  eden space 1670144K, 0% used [0x000000066ab00000,0x000000066ab00000,0x00000006d0a00000)
  from space 15360K, 6% used [0x00000006d0a00000,0x00000006d0aec658,0x00000006d1900000)
  to   space 14848K, 0% used [0x00000006d6a80000,0x00000006d6a80000,0x00000006d7900000)
 ParOldGen       total 221184K, used 123915K [0x00000003c0000000, 0x00000003cd800000, 0x000000066ab00000)
  object space 221184K, 56% used [0x00000003c0000000,0x00000003c7902cd0,0x00000003cd800000)
 Metaspace       used 85492K, capacity 86462K, committed 86616K, reserved 1124352K
  class space    used 12128K, capacity 12365K, committed 12376K, reserved 1048576K
}
Event: 50.831 GC heap before
{Heap before GC invocations=51 (full 5):
 PSYoungGen      total 1685504K, used 1671089K [0x000000066ab00000, 0x00000006d7900000, 0x00000007c0000000)
  eden space 1670144K, 100% used [0x000000066ab00000,0x00000006d0a00000,0x00000006d0a00000)
  from space 15360K, 6% used [0x00000006d0a00000,0x00000006d0aec658,0x00000006d1900000)
  to   space 14848K, 0% used [0x00000006d6a80000,0x00000006d6a80000,0x00000006d7900000)
 ParOldGen       total 221184K, used 123915K [0x00000003c0000000, 0x00000003cd800000, 0x000000066ab00000)
  object space 221184K, 56% used [0x00000003c0000000,0x00000003c7902cd0,0x00000003cd800000)
 Metaspace       used 85492K, capacity 86462K, committed 86616K, reserved 1124352K
  class space    used 12128K, capacity 12365K, committed 12376K, reserved 1048576K
Event: 50.834 GC heap after
Heap after GC invocations=51 (full 5):
 PSYoungGen      total 1745408K, used 667K [0x000000066ab00000, 0x00000006d6d00000, 0x00000007c0000000)
  eden space 1742848K, 0% used [0x000000066ab00000,0x000000066ab00000,0x00000006d5100000)
  from space 2560K, 26% used [0x00000006d6a80000,0x00000006d6b26f20,0x00000006d6d00000)
  to   space 14336K, 0% used [0x00000006d5100000,0x00000006d5100000,0x00000006d5f00000)
 ParOldGen       total 221184K, used 123923K [0x00000003c0000000, 0x00000003cd800000, 0x000000066ab00000)
  object space 221184K, 56% used [0x00000003c0000000,0x00000003c7904cd0,0x00000003cd800000)
 Metaspace       used 85492K, capacity 86462K, committed 86616K, reserved 1124352K
  class space    used 12128K, capacity 12365K, committed 12376K, reserved 1048576K
}
Event: 52.208 GC heap before
{Heap before GC invocations=52 (full 5):
 PSYoungGen      total 1745408K, used 1743515K [0x000000066ab00000, 0x00000006d6d00000, 0x00000007c0000000)
  eden space 1742848K, 100% used [0x000000066ab00000,0x00000006d5100000,0x00000006d5100000)
  from space 2560K, 26% used [0x00000006d6a80000,0x00000006d6b26f20,0x00000006d6d00000)
  to   space 14336K, 0% used [0x00000006d5100000,0x00000006d5100000,0x00000006d5f00000)
 ParOldGen       total 221184K, used 123923K [0x00000003c0000000, 0x00000003cd800000, 0x000000066ab00000)
  object space 221184K, 56% used [0x00000003c0000000,0x00000003c7904cd0,0x00000003cd800000)
 Metaspace       used 85495K, capacity 86462K, committed 86616K, reserved 1124352K
  class space    used 12128K, capacity 12365K, committed 12376K, reserved 1048576K
Event: 52.211 GC heap after
Heap after GC invocations=52 (full 5):
 PSYoungGen      total 1757184K, used 192K [0x000000066ab00000, 0x00000006dac80000, 0x00000007c0000000)
  eden space 1742848K, 0% used [0x000000066ab00000,0x000000066ab00000,0x00000006d5100000)
  from space 14336K, 1% used [0x00000006d5100000,0x00000006d5130000,0x00000006d5f00000)
  to   space 13824K, 0% used [0x00000006d9f00000,0x00000006d9f00000,0x00000006dac80000)
 ParOldGen       total 221184K, used 123923K [0x00000003c0000000, 0x00000003cd800000, 0x000000066ab00000)
  object space 221184K, 56% used [0x00000003c0000000,0x00000003c7904cd0,0x00000003cd800000)
 Metaspace       used 85495K, capacity 86462K, committed 86616K, reserved 1124352K
  class space    used 12128K, capacity 12365K, committed 12376K, reserved 1048576K
}
Event: 53.583 GC heap before
{Heap before GC invocations=53 (full 5):
 PSYoungGen      total 1757184K, used 1743040K [0x000000066ab00000, 0x00000006dac80000, 0x00000007c0000000)
  eden space 1742848K, 100% used [0x000000066ab00000,0x00000006d5100000,0x00000006d5100000)
  from space 14336K, 1% used [0x00000006d5100000,0x00000006d5130000,0x00000006d5f00000)
  to   space 13824K, 0% used [0x00000006d9f00000,0x00000006d9f00000,0x00000006dac80000)
 ParOldGen       total 221184K, used 123923K [0x00000003c0000000, 0x00000003cd800000, 0x000000066ab00000)
  object space 221184K, 56% used [0x00000003c0000000,0x00000003c7904cd0,0x00000003cd800000)
 Metaspace       used 85495K, capacity 86462K, committed 86616K, reserved 1124352K
  class space    used 12128K, capacity 12365K, committed 12376K, reserved 1048576K
Event: 53.587 GC heap after
Heap after GC invocations=53 (full 5):
 PSYoungGen      total 1810432K, used 1091K [0x000000066ab00000, 0x00000006da580000, 0x00000007c0000000)
  eden space 1803776K, 0% used [0x000000066ab00000,0x000000066ab00000,0x00000006d8c80000)
  from space 6656K, 16% used [0x00000006d9f00000,0x00000006da010cc0,0x00000006da580000)
  to   space 12800K, 0% used [0x00000006d8c80000,0x00000006d8c80000,0x00000006d9900000)
 ParOldGen       total 221184K, used 123923K [0x00000003c0000000, 0x00000003cd800000, 0x000000066ab00000)
  object space 221184K, 56% used [0x00000003c0000000,0x00000003c7904cd0,0x00000003cd800000)
 Metaspace       used 85495K, capacity 86462K, committed 86616K, reserved 1124352K
  class space    used 12128K, capacity 12365K, committed 12376K, reserved 1048576K
}
Event: 54.989 GC heap before
{Heap before GC invocations=54 (full 5):
 PSYoungGen      total 1810432K, used 1804867K [0x000000066ab00000, 0x00000006da580000, 0x00000007c0000000)
  eden space 1803776K, 100% used [0x000000066ab00000,0x00000006d8c80000,0x00000006d8c80000)
  from space 6656K, 16% used [0x00000006d9f00000,0x00000006da010cc0,0x00000006da580000)
  to   space 12800K, 0% used [0x00000006d8c80000,0x00000006d8c80000,0x00000006d9900000)
 ParOldGen       total 221184K, used 123923K [0x00000003c0000000, 0x00000003cd800000, 0x000000066ab00000)
  object space 221184K, 56% used [0x00000003c0000000,0x00000003c7904cd0,0x00000003cd800000)
 Metaspace       used 85495K, capacity 86462K, committed 86616K, reserved 1124352K
  class space    used 12128K, capacity 12365K, committed 12376K, reserved 1048576K
Event: 54.992 GC heap after
Heap after GC invocations=54 (full 5):
 PSYoungGen      total 1816576K, used 96K [0x000000066ab00000, 0x00000006dd900000, 0x00000007c0000000)
  eden space 1803776K, 0% used [0x000000066ab00000,0x000000066ab00000,0x00000006d8c80000)
  from space 12800K, 0% used [0x00000006d8c80000,0x00000006d8c98000,0x00000006d9900000)
  to   space 12288K, 0% used [0x00000006dcd00000,0x00000006dcd00000,0x00000006dd900000)
 ParOldGen       total 221184K, used 123923K [0x00000003c0000000, 0x00000003cd800000, 0x000000066ab00000)
  object space 221184K, 56% used [0x00000003c0000000,0x00000003c7904cd0,0x00000003cd800000)
 Metaspace       used 85495K, capacity 86462K, committed 86616K, reserved 1124352K
  class space    used 12128K, capacity 12365K, committed 12376K, reserved 1048576K
}
Event: 56.374 GC heap before
{Heap before GC invocations=55 (full 5):
 PSYoungGen      total 1816576K, used 1803872K [0x000000066ab00000, 0x00000006dd900000, 0x00000007c0000000)
  eden space 1803776K, 100% used [0x000000066ab00000,0x00000006d8c80000,0x00000006d8c80000)
  from space 12800K, 0% used [0x00000006d8c80000,0x00000006d8c98000,0x00000006d9900000)
  to   space 12288K, 0% used [0x00000006dcd00000,0x00000006dcd00000,0x00000006dd900000)
 ParOldGen       total 221184K, used 123923K [0x00000003c0000000, 0x00000003cd800000, 0x000000066ab00000)
  object space 221184K, 56% used [0x00000003c0000000,0x00000003c7904cd0,0x00000003cd800000)
 Metaspace       used 85496K, capacity 86462K, committed 86616K, reserved 1124352K
  class space    used 12128K, capacity 12365K, committed 12376K, reserved 1048576K
Event: 56.378 GC heap after
Heap after GC invocations=55 (full 5):
 PSYoungGen      total 1862656K, used 1024K [0x000000066ab00000, 0x00000006dd500000, 0x00000007c0000000)
  eden space 1854464K, 0% used [0x000000066ab00000,0x000000066ab00000,0x00000006dbe00000)
  from space 8192K, 12% used [0x00000006dcd00000,0x00000006dce00000,0x00000006dd500000)
  to   space 11776K, 0% used [0x00000006dbe00000,0x00000006dbe00000,0x00000006dc980000)
 ParOldGen       total 221184K, used 123923K [0x00000003c0000000, 0x00000003cd800000, 0x000000066ab00000)
  object space 221184K, 56% used [0x00000003c0000000,0x00000003c7904cd0,0x00000003cd800000)
 Metaspace       used 85496K, capacity 86462K, committed 86616K, reserved 1124352K
  class space    used 12128K, capacity 12365K, committed 12376K, reserved 1048576K
}
Event: 57.835 GC heap before
{Heap before GC invocations=56 (full 5):
 PSYoungGen      total 1862656K, used 1855488K [0x000000066ab00000, 0x00000006dd500000, 0x00000007c0000000)
  eden space 1854464K, 100% used [0x000000066ab00000,0x00000006dbe00000,0x00000006dbe00000)
  from space 8192K, 12% used [0x00000006dcd00000,0x00000006dce00000,0x00000006dd500000)
  to   space 11776K, 0% used [0x00000006dbe00000,0x00000006dbe00000,0x00000006dc980000)
 ParOldGen       total 221184K, used 123923K [0x00000003c0000000, 0x00000003cd800000, 0x000000066ab00000)
  object space 221184K, 56% used [0x00000003c0000000,0x00000003c7904cd0,0x00000003cd800000)
 Metaspace       used 85497K, capacity 86462K, committed 86616K, reserved 1124352K
  class space    used 12128K, capacity 12365K, committed 12376K, reserved 1048576K
Event: 57.838 GC heap after
Heap after GC invocations=56 (full 5):
 PSYoungGen      total 1866240K, used 64K [0x000000066ab00000, 0x00000006e0380000, 0x00000007c0000000)
  eden space 1854464K, 0% used [0x000000066ab00000,0x000000066ab00000,0x00000006dbe00000)
  from space 11776K, 0% used [0x00000006dbe00000,0x00000006dbe10000,0x00000006dc980000)
  to   space 11264K, 0% used [0x00000006df880000,0x00000006df880000,0x00000006e0380000)
 ParOldGen       total 221184K, used 123923K [0x00000003c0000000, 0x00000003cd800000, 0x000000066ab00000)
  object space 221184K, 56% used [0x00000003c0000000,0x00000003c7904cd0,0x00000003cd800000)
 Metaspace       used 85497K, capacity 86462K, committed 86616K, reserved 1124352K
  class space    used 12128K, capacity 12365K, committed 12376K, reserved 1048576K
}
Event: 59.262 GC heap before
{Heap before GC invocations=57 (full 5):
 PSYoungGen      total 1866240K, used 1854528K [0x000000066ab00000, 0x00000006e0380000, 0x00000007c0000000)
  eden space 1854464K, 100% used [0x000000066ab00000,0x00000006dbe00000,0x00000006dbe00000)
  from space 11776K, 0% used [0x00000006dbe00000,0x00000006dbe10000,0x00000006dc980000)
  to   space 11264K, 0% used [0x00000006df880000,0x00000006df880000,0x00000006e0380000)
 ParOldGen       total 221184K, used 123923K [0x00000003c0000000, 0x00000003cd800000, 0x000000066ab00000)
  object space 221184K, 56% used [0x00000003c0000000,0x00000003c7904cd0,0x00000003cd800000)
 Metaspace       used 85501K, capacity 86462K, committed 86616K, reserved 1124352K
  class space    used 12128K, capacity 12365K, committed 12376K, reserved 1048576K
Event: 59.265 GC heap after
Heap after GC invocations=57 (full 5):
 PSYoungGen      total 1905152K, used 349K [0x000000066ab00000, 0x00000006dfe00000, 0x00000007c0000000)
  eden space 1899520K, 0% used [0x000000066ab00000,0x000000066ab00000,0x00000006dea00000)
  from space 5632K, 6% used [0x00000006df880000,0x00000006df8d7700,0x00000006dfe00000)
  to   space 10240K, 0% used [0x00000006dea00000,0x00000006dea00000,0x00000006df400000)
 ParOldGen       total 221184K, used 123923K [0x00000003c0000000, 0x00000003cd800000, 0x000000066ab00000)
  object space 221184K, 56% used [0x00000003c0000000,0x00000003c7904cd0,0x00000003cd800000)
 Metaspace       used 85501K, capacity 86462K, committed 86616K, reserved 1124352K
  class space    used 12128K, capacity 12365K, committed 12376K, reserved 1048576K
}
Event: 60.728 GC heap before
{Heap before GC invocations=58 (full 5):
 PSYoungGen      total 1905152K, used 1899869K [0x000000066ab00000, 0x00000006dfe00000, 0x00000007c0000000)
  eden space 1899520K, 100% used [0x000000066ab00000,0x00000006dea00000,0x00000006dea00000)
  from space 5632K, 6% used [0x00000006df880000,0x00000006df8d7700,0x00000006dfe00000)
  to   space 10240K, 0% used [0x00000006dea00000,0x00000006dea00000,0x00000006df400000)
 ParOldGen       total 221184K, used 123923K [0x00000003c0000000, 0x00000003cd800000, 0x000000066ab00000)
  object space 221184K, 56% used [0x00000003c0000000,0x00000003c7904cd0,0x00000003cd800000)
 Metaspace       used 85501K, capacity 86462K, committed 86616K, reserved 1124352K
  class space    used 12128K, capacity 12365K, committed 12376K, reserved 1048576K
Event: 60.736 GC heap after
Heap after GC invocations=58 (full 5):
 PSYoungGen      total 1909760K, used 2496K [0x000000066ab00000, 0x00000006e3400000, 0x00000007c0000000)
  eden space 1899520K, 0% used [0x000000066ab00000,0x000000066ab00000,0x00000006dea00000)
  from space 10240K, 24% used [0x00000006dea00000,0x00000006dec70000,0x00000006df400000)
  to   space 9728K, 0% used [0x00000006e2a80000,0x00000006e2a80000,0x00000006e3400000)
 ParOldGen       total 221184K, used 123923K [0x00000003c0000000, 0x00000003cd800000, 0x000000066ab00000)
  object space 221184K, 56% used [0x00000003c0000000,0x00000003c7904cd0,0x00000003cd800000)
 Metaspace       used 85501K, capacity 86462K, committed 86616K, reserved 1124352K
  class space    used 12128K, capacity 12365K, committed 12376K, reserved 1048576K
}
Event: 62.161 GC heap before
{Heap before GC invocations=59 (full 5):
 PSYoungGen      total 1909760K, used 1902016K [0x000000066ab00000, 0x00000006e3400000, 0x00000007c0000000)
  eden space 1899520K, 100% used [0x000000066ab00000,0x00000006dea00000,0x00000006dea00000)
  from space 10240K, 24% used [0x00000006dea00000,0x00000006dec70000,0x00000006df400000)
  to   space 9728K, 0% used [0x00000006e2a80000,0x00000006e2a80000,0x00000006e3400000)
 ParOldGen       total 221184K, used 123923K [0x00000003c0000000, 0x00000003cd800000, 0x000000066ab00000)
  object space 221184K, 56% used [0x00000003c0000000,0x00000003c7904cd0,0x00000003cd800000)
 Metaspace       used 85501K, capacity 86462K, committed 86616K, reserved 1124352K
  class space    used 12128K, capacity 12365K, committed 12376K, reserved 1048576K
Event: 62.164 GC heap after
Heap after GC invocations=59 (full 5):
 PSYoungGen      total 1953280K, used 320K [0x000000066ab00000, 0x00000006e2d80000, 0x00000007c0000000)
  eden space 1950208K, 0% used [0x000000066ab00000,0x000000066ab00000,0x00000006e1b80000)
  from space 3072K, 10% used [0x00000006e2a80000,0x00000006e2ad0000,0x00000006e2d80000)
  to   space 9216K, 0% used [0x00000006e1b80000,0x00000006e1b80000,0x00000006e2480000)
 ParOldGen       total 221184K, used 123931K [0x00000003c0000000, 0x00000003cd800000, 0x000000066ab00000)
  object space 221184K, 56% used [0x00000003c0000000,0x00000003c7906cd0,0x00000003cd800000)
 Metaspace       used 85501K, capacity 86462K, committed 86616K, reserved 1124352K
  class space    used 12128K, capacity 12365K, committed 12376K, reserved 1048576K
}
Event: 63.660 GC heap before
{Heap before GC invocations=60 (full 5):
 PSYoungGen      total 1953280K, used 1950528K [0x000000066ab00000, 0x00000006e2d80000, 0x00000007c0000000)
  eden space 1950208K, 100% used [0x000000066ab00000,0x00000006e1b80000,0x00000006e1b80000)
  from space 3072K, 10% used [0x00000006e2a80000,0x00000006e2ad0000,0x00000006e2d80000)
  to   space 9216K, 0% used [0x00000006e1b80000,0x00000006e1b80000,0x00000006e2480000)
 ParOldGen       total 221184K, used 123931K [0x00000003c0000000, 0x00000003cd800000, 0x000000066ab00000)
  object space 221184K, 56% used [0x00000003c0000000,0x00000003c7906cd0,0x00000003cd800000)
 Metaspace       used 85501K, capacity 86462K, committed 86616K, reserved 1124352K
  class space    used 12128K, capacity 12365K, committed 12376K, reserved 1048576K
Event: 63.663 GC heap after
Heap after GC invocations=60 (full 5):
 PSYoungGen      total 1959424K, used 544K [0x000000066ab00000, 0x00000006e5b80000, 0x00000007c0000000)
  eden space 1950208K, 0% used [0x000000066ab00000,0x000000066ab00000,0x00000006e1b80000)
  from space 9216K, 5% used [0x00000006e1b80000,0x00000006e1c08000,0x00000006e2480000)
  to   space 8704K, 0% used [0x00000006e5300000,0x00000006e5300000,0x00000006e5b80000)
 ParOldGen       total 221184K, used 123931K [0x00000003c0000000, 0x00000003cd800000, 0x000000066ab00000)
  object space 221184K, 56% used [0x00000003c0000000,0x00000003c7906cd0,0x00000003cd800000)
 Metaspace       used 85501K, capacity 86462K, committed 86616K, reserved 1124352K
  class space    used 12128K, capacity 12365K, committed 12376K, reserved 1048576K
}
Event: 65.137 GC heap before
{Heap before GC invocations=61 (full 5):
 PSYoungGen      total 1959424K, used 1950752K [0x000000066ab00000, 0x00000006e5b80000, 0x00000007c0000000)
  eden space 1950208K, 100% used [0x000000066ab00000,0x00000006e1b80000,0x00000006e1b80000)
  from space 9216K, 5% used [0x00000006e1b80000,0x00000006e1c08000,0x00000006e2480000)
  to   space 8704K, 0% used [0x00000006e5300000,0x00000006e5300000,0x00000006e5b80000)
 ParOldGen       total 221184K, used 123931K [0x00000003c0000000, 0x00000003cd800000, 0x000000066ab00000)
  object space 221184K, 56% used [0x00000003c0000000,0x00000003c7906cd0,0x00000003cd800000)
 Metaspace       used 85506K, capacity 86462K, committed 86616K, reserved 1124352K
  class space    used 12128K, capacity 12365K, committed 12376K, reserved 1048576K
Event: 65.143 GC heap after
Heap after GC invocations=61 (full 5):
 PSYoungGen      total 2007552K, used 1792K [0x000000066ab00000, 0x00000006e5f00000, 0x00000007c0000000)
  eden space 1998848K, 0% used [0x000000066ab00000,0x000000066ab00000,0x00000006e4b00000)
  from space 8704K, 20% used [0x00000006e5300000,0x00000006e54c0000,0x00000006e5b80000)
  to   space 8192K, 0% used [0x00000006e4b00000,0x00000006e4b00000,0x00000006e5300000)
 ParOldGen       total 221184K, used 123931K [0x00000003c0000000, 0x00000003cd800000, 0x000000066ab00000)
  object space 221184K, 56% used [0x00000003c0000000,0x00000003c7906cd0,0x00000003cd800000)
 Metaspace       used 85506K, capacity 86462K, committed 86616K, reserved 1124352K
  class space    used 12128K, capacity 12365K, committed 12376K, reserved 1048576K
}
Event: 66.670 GC heap before
{Heap before GC invocations=62 (full 5):
 PSYoungGen      total 2007552K, used 2000640K [0x000000066ab00000, 0x00000006e5f00000, 0x00000007c0000000)
  eden space 1998848K, 100% used [0x000000066ab00000,0x00000006e4b00000,0x00000006e4b00000)
  from space 8704K, 20% used [0x00000006e5300000,0x00000006e54c0000,0x00000006e5b80000)
  to   space 8192K, 0% used [0x00000006e4b00000,0x00000006e4b00000,0x00000006e5300000)
 ParOldGen       total 221184K, used 123931K [0x00000003c0000000, 0x00000003cd800000, 0x000000066ab00000)
  object space 221184K, 56% used [0x00000003c0000000,0x00000003c7906cd0,0x00000003cd800000)
 Metaspace       used 85508K, capacity 86462K, committed 86616K, reserved 1124352K
  class space    used 12128K, capacity 12365K, committed 12376K, reserved 1048576K
Event: 66.674 GC heap after
Heap after GC invocations=62 (full 5):
 PSYoungGen      total 2007040K, used 1408K [0x000000066ab00000, 0x00000006e8b00000, 0x00000007c0000000)
  eden space 1998848K, 0% used [0x000000066ab00000,0x000000066ab00000,0x00000006e4b00000)
  from space 8192K, 17% used [0x00000006e4b00000,0x00000006e4c60000,0x00000006e5300000)
  to   space 7680K, 0% used [0x00000006e8380000,0x00000006e8380000,0x00000006e8b00000)
 ParOldGen       total 221184K, used 123931K [0x00000003c0000000, 0x00000003cd800000, 0x000000066ab00000)
  object space 221184K, 56% used [0x00000003c0000000,0x00000003c7906cd0,0x00000003cd800000)
 Metaspace       used 85508K, capacity 86462K, committed 86616K, reserved 1124352K
  class space    used 12128K, capacity 12365K, committed 12376K, reserved 1048576K
}
Event: 68.177 GC heap before
{Heap before GC invocations=63 (full 5):
 PSYoungGen      total 2007040K, used 2000256K [0x000000066ab00000, 0x00000006e8b00000, 0x00000007c0000000)
  eden space 1998848K, 100% used [0x000000066ab00000,0x00000006e4b00000,0x00000006e4b00000)
  from space 8192K, 17% used [0x00000006e4b00000,0x00000006e4c60000,0x00000006e5300000)
  to   space 7680K, 0% used [0x00000006e8380000,0x00000006e8380000,0x00000006e8b00000)
 ParOldGen       total 221184K, used 123931K [0x00000003c0000000, 0x00000003cd800000, 0x000000066ab00000)
  object space 221184K, 56% used [0x00000003c0000000,0x00000003c7906cd0,0x00000003cd800000)
 Metaspace       used 85508K, capacity 86462K, committed 86616K, reserved 1124352K
  class space    used 12128K, capacity 12365K, committed 12376K, reserved 1048576K
Event: 68.197 GC heap after
Heap after GC invocations=63 (full 5):
 PSYoungGen      total 2054144K, used 7659K [0x000000066ab00000, 0x00000006eb200000, 0x00000007c0000000)
  eden space 2046464K, 0% used [0x000000066ab00000,0x000000066ab00000,0x00000006e7980000)
  from space 7680K, 99% used [0x00000006e8380000,0x00000006e8afae60,0x00000006e8b00000)
  to   space 10240K, 0% used [0x00000006e7980000,0x00000006e7980000,0x00000006e8380000)
 ParOldGen       total 221184K, used 127187K [0x00000003c0000000, 0x00000003cd800000, 0x000000066ab00000)
  object space 221184K, 57% used [0x00000003c0000000,0x00000003c7c34cd0,0x00000003cd800000)
 Metaspace       used 85508K, capacity 86462K, committed 86616K, reserved 1124352K
  class space    used 12128K, capacity 12365K, committed 12376K, reserved 1048576K
}
Event: 69.759 GC heap before
{Heap before GC invocations=64 (full 5):
 PSYoungGen      total 2054144K, used 2054123K [0x000000066ab00000, 0x00000006eb200000, 0x00000007c0000000)
  eden space 2046464K, 100% used [0x000000066ab00000,0x00000006e7980000,0x00000006e7980000)
  from space 7680K, 99% used [0x00000006e8380000,0x00000006e8afae60,0x00000006e8b00000)
  to   space 10240K, 0% used [0x00000006e7980000,0x00000006e7980000,0x00000006e8380000)
 ParOldGen       total 221184K, used 127187K [0x00000003c0000000, 0x00000003cd800000, 0x000000066ab00000)
  object space 221184K, 57% used [0x00000003c0000000,0x00000003c7c34cd0,0x00000003cd800000)
 Metaspace       used 85508K, capacity 86462K, committed 86616K, reserved 1124352K
  class space    used 12128K, capacity 12365K, committed 12376K, reserved 1048576K
Event: 69.762 GC heap after
Heap after GC invocations=64 (full 5):
 PSYoungGen      total 2056704K, used 800K [0x000000066ab00000, 0x00000006ed700000, 0x00000007c0000000)
  eden space 2046464K, 0% used [0x000000066ab00000,0x000000066ab00000,0x00000006e7980000)
  from space 10240K, 7% used [0x00000006e7980000,0x00000006e7a48000,0x00000006e8380000)
  to   space 10240K, 0% used [0x00000006ecd00000,0x00000006ecd00000,0x00000006ed700000)
 ParOldGen       total 221184K, used 127195K [0x00000003c0000000, 0x00000003cd800000, 0x000000066ab00000)
  object space 221184K, 57% used [0x00000003c0000000,0x00000003c7c36cd0,0x00000003cd800000)
 Metaspace       used 85508K, capacity 86462K, committed 86616K, reserved 1124352K
  class space    used 12128K, capacity 12365K, committed 12376K, reserved 1048576K
}
Event: 71.303 GC heap before
{Heap before GC invocations=65 (full 5):
 PSYoungGen      total 2056704K, used 2047264K [0x000000066ab00000, 0x00000006ed700000, 0x00000007c0000000)
  eden space 2046464K, 100% used [0x000000066ab00000,0x00000006e7980000,0x00000006e7980000)
  from space 10240K, 7% used [0x00000006e7980000,0x00000006e7a48000,0x00000006e8380000)
  to   space 10240K, 0% used [0x00000006ecd00000,0x00000006ecd00000,0x00000006ed700000)
 ParOldGen       total 221184K, used 127195K [0x00000003c0000000, 0x00000003cd800000, 0x000000066ab00000)
  object space 221184K, 57% used [0x00000003c0000000,0x00000003c7c36cd0,0x00000003cd800000)
 Metaspace       used 85510K, capacity 86462K, committed 86616K, reserved 1124352K
  class space    used 12128K, capacity 12365K, committed 12376K, reserved 1048576K
Event: 71.306 GC heap after
Heap after GC invocations=65 (full 5):
 PSYoungGen      total 2113024K, used 64K [0x000000066ab00000, 0x00000006ecd80000, 0x00000007c0000000)
  eden space 2112512K, 0% used [0x000000066ab00000,0x000000066ab00000,0x00000006eba00000)
  from space 512K, 12% used [0x00000006ecd00000,0x00000006ecd10000,0x00000006ecd80000)
  to   space 9728K, 0% used [0x00000006eba80000,0x00000006eba80000,0x00000006ec400000)
 ParOldGen       total 221184K, used 127195K [0x00000003c0000000, 0x00000003cd800000, 0x000000066ab00000)
  object space 221184K, 57% used [0x00000003c0000000,0x00000003c7c36cd0,0x00000003cd800000)
 Metaspace       used 85510K, capacity 86462K, committed 86616K, reserved 1124352K
  class space    used 12128K, capacity 12365K, committed 12376K, reserved 1048576K
}
Event: 72.923 GC heap before
{Heap before GC invocations=66 (full 5):
 PSYoungGen      total 2113024K, used 2112576K [0x000000066ab00000, 0x00000006ecd80000, 0x00000007c0000000)
  eden space 2112512K, 100% used [0x000000066ab00000,0x00000006eba00000,0x00000006eba00000)
  from space 512K, 12% used [0x00000006ecd00000,0x00000006ecd10000,0x00000006ecd80000)
  to   space 9728K, 0% used [0x00000006eba80000,0x00000006eba80000,0x00000006ec400000)
 ParOldGen       total 221184K, used 127195K [0x00000003c0000000, 0x00000003cd800000, 0x000000066ab00000)
  object space 221184K, 57% used [0x00000003c0000000,0x00000003c7c36cd0,0x00000003cd800000)
 Metaspace       used 85510K, capacity 86462K, committed 86616K, reserved 1124352K
  class space    used 12128K, capacity 12365K, committed 12376K, reserved 1048576K
Event: 72.926 GC heap after
Heap after GC invocations=66 (full 5):
 PSYoungGen      total 2122752K, used 256K [0x000000066ab00000, 0x00000006f0680000, 0x00000007c0000000)
  eden space 2113024K, 0% used [0x000000066ab00000,0x000000066ab00000,0x00000006eba80000)
  from space 9728K, 2% used [0x00000006eba80000,0x00000006ebac0000,0x00000006ec400000)
  to   space 9216K, 0% used [0x00000006efd80000,0x00000006efd80000,0x00000006f0680000)
 ParOldGen       total 221184K, used 127195K [0x00000003c0000000, 0x00000003cd800000, 0x000000066ab00000)
  object space 221184K, 57% used [0x00000003c0000000,0x00000003c7c36cd0,0x00000003cd800000)
 Metaspace       used 85510K, capacity 86462K, committed 86616K, reserved 1124352K
  class space    used 12128K, capacity 12365K, committed 12376K, reserved 1048576K
}
Event: 74.532 GC heap before
{Heap before GC invocations=67 (full 5):
 PSYoungGen      total 2122752K, used 2113280K [0x000000066ab00000, 0x00000006f0680000, 0x00000007c0000000)
  eden space 2113024K, 100% used [0x000000066ab00000,0x00000006eba80000,0x00000006eba80000)
  from space 9728K, 2% used [0x00000006eba80000,0x00000006ebac0000,0x00000006ec400000)
  to   space 9216K, 0% used [0x00000006efd80000,0x00000006efd80000,0x00000006f0680000)
 ParOldGen       total 221184K, used 127195K [0x00000003c0000000, 0x00000003cd800000, 0x000000066ab00000)
  object space 221184K, 57% used [0x00000003c0000000,0x00000003c7c36cd0,0x00000003cd800000)
 Metaspace       used 85511K, capacity 86462K, committed 86616K, reserved 1124352K
  class space    used 12128K, capacity 12365K, committed 12376K, reserved 1048576K
Event: 74.535 GC heap after
Heap after GC invocations=67 (full 5):
 PSYoungGen      total 2168320K, used 288K [0x000000066ab00000, 0x00000006eff80000, 0x00000007c0000000)
  eden space 2166272K, 0% used [0x000000066ab00000,0x000000066ab00000,0x00000006eee80000)
  from space 2048K, 14% used [0x00000006efd80000,0x00000006efdc8000,0x00000006eff80000)
  to   space 8704K, 0% used [0x00000006eee80000,0x00000006eee80000,0x00000006ef700000)
 ParOldGen       total 221184K, used 127203K [0x00000003c0000000, 0x00000003cd800000, 0x000000066ab00000)
  object space 221184K, 57% used [0x00000003c0000000,0x00000003c7c38cd0,0x00000003cd800000)
 Metaspace       used 85511K, capacity 86462K, committed 86616K, reserved 1124352K
  class space    used 12128K, capacity 12365K, committed 12376K, reserved 1048576K
}
Event: 76.218 GC heap before
{Heap before GC invocations=68 (full 5):
 PSYoungGen      total 2168320K, used 2166560K [0x000000066ab00000, 0x00000006eff80000, 0x00000007c0000000)
  eden space 2166272K, 100% used [0x000000066ab00000,0x00000006eee80000,0x00000006eee80000)
  from space 2048K, 14% used [0x00000006efd80000,0x00000006efdc8000,0x00000006eff80000)
  to   space 8704K, 0% used [0x00000006eee80000,0x00000006eee80000,0x00000006ef700000)
 ParOldGen       total 221184K, used 127203K [0x00000003c0000000, 0x00000003cd800000, 0x000000066ab00000)
  object space 221184K, 57% used [0x00000003c0000000,0x00000003c7c38cd0,0x00000003cd800000)
 Metaspace       used 85511K, capacity 86462K, committed 86616K, reserved 1124352K
  class space    used 12128K, capacity 12365K, committed 12376K, reserved 1048576K
Event: 76.226 GC heap after
Heap after GC invocations=68 (full 5):
 PSYoungGen      total 2174976K, used 4438K [0x000000066ab00000, 0x00000006f3e00000, 0x00000007c0000000)
  eden space 2166272K, 0% used [0x000000066ab00000,0x000000066ab00000,0x00000006eee80000)
  from space 8704K, 50% used [0x00000006eee80000,0x00000006ef2d5858,0x00000006ef700000)
  to   space 9216K, 0% used [0x00000006f3500000,0x00000006f3500000,0x00000006f3e00000)
 ParOldGen       total 221184K, used 127211K [0x00000003c0000000, 0x00000003cd800000, 0x000000066ab00000)
  object space 221184K, 57% used [0x00000003c0000000,0x00000003c7c3acd0,0x00000003cd800000)
 Metaspace       used 85511K, capacity 86462K, committed 86616K, reserved 1124352K
  class space    used 12128K, capacity 12365K, committed 12376K, reserved 1048576K
}
Event: 77.833 GC heap before
{Heap before GC invocations=69 (full 5):
 PSYoungGen      total 2174976K, used 2170710K [0x000000066ab00000, 0x00000006f3e00000, 0x00000007c0000000)
  eden space 2166272K, 100% used [0x000000066ab00000,0x00000006eee80000,0x00000006eee80000)
  from space 8704K, 50% used [0x00000006eee80000,0x00000006ef2d5858,0x00000006ef700000)
  to   space 9216K, 0% used [0x00000006f3500000,0x00000006f3500000,0x00000006f3e00000)
 ParOldGen       total 221184K, used 127211K [0x00000003c0000000, 0x00000003cd800000, 0x000000066ab00000)
  object space 221184K, 57% used [0x00000003c0000000,0x00000003c7c3acd0,0x00000003cd800000)
 Metaspace       used 85511K, capacity 86462K, committed 86616K, reserved 1124352K
  class space    used 12128K, capacity 12365K, committed 12376K, reserved 1048576K
Event: 77.836 GC heap after
Heap after GC invocations=69 (full 5):
 PSYoungGen      total 2226176K, used 960K [0x000000066ab00000, 0x00000006f3780000, 0x00000007c0000000)
  eden space 2223616K, 0% used [0x000000066ab00000,0x000000066ab00000,0x00000006f2680000)
  from space 2560K, 37% used [0x00000006f3500000,0x00000006f35f0000,0x00000006f3780000)
  to   space 8704K, 0% used [0x00000006f2680000,0x00000006f2680000,0x00000006f2f00000)
 ParOldGen       total 221184K, used 127211K [0x00000003c0000000, 0x00000003cd800000, 0x000000066ab00000)
  object space 221184K, 57% used [0x00000003c0000000,0x00000003c7c3acd0,0x00000003cd800000)
 Metaspace       used 85511K, capacity 86462K, committed 86616K, reserved 1124352K
  class space    used 12128K, capacity 12365K, committed 12376K, reserved 1048576K
}
Event: 79.530 GC heap before
{Heap before GC invocations=70 (full 5):
 PSYoungGen      total 2226176K, used 2224576K [0x000000066ab00000, 0x00000006f3780000, 0x00000007c0000000)
  eden space 2223616K, 100% used [0x000000066ab00000,0x00000006f2680000,0x00000006f2680000)
  from space 2560K, 37% used [0x00000006f3500000,0x00000006f35f0000,0x00000006f3780000)
  to   space 8704K, 0% used [0x00000006f2680000,0x00000006f2680000,0x00000006f2f00000)
 ParOldGen       total 221184K, used 127211K [0x00000003c0000000, 0x00000003cd800000, 0x000000066ab00000)
  object space 221184K, 57% used [0x00000003c0000000,0x00000003c7c3acd0,0x00000003cd800000)
 Metaspace       used 85511K, capacity 86462K, committed 86616K, reserved 1124352K
  class space    used 12128K, capacity 12365K, committed 12376K, reserved 1048576K
Event: 79.533 GC heap after
Heap after GC invocations=70 (full 5):
 PSYoungGen      total 2232320K, used 640K [0x000000066ab00000, 0x00000006f6a80000, 0x00000007c0000000)
  eden space 2223616K, 0% used [0x000000066ab00000,0x000000066ab00000,0x00000006f2680000)
  from space 8704K, 7% used [0x00000006f2680000,0x00000006f2720000,0x00000006f2f00000)
  to   space 8192K, 0% used [0x00000006f6280000,0x00000006f6280000,0x00000006f6a80000)
 ParOldGen       total 221184K, used 127211K [0x00000003c0000000, 0x00000003cd800000, 0x000000066ab00000)
  object space 221184K, 57% used [0x00000003c0000000,0x00000003c7c3acd0,0x00000003cd800000)
 Metaspace       used 85511K, capacity 86462K, committed 86616K, reserved 1124352K
  class space    used 12128K, capacity 12365K, committed 12376K, reserved 1048576K
}
Event: 81.217 GC heap before
{Heap before GC invocations=71 (full 5):
 PSYoungGen      total 2232320K, used 2224256K [0x000000066ab00000, 0x00000006f6a80000, 0x00000007c0000000)
  eden space 2223616K, 100% used [0x000000066ab00000,0x00000006f2680000,0x00000006f2680000)
  from space 8704K, 7% used [0x00000006f2680000,0x00000006f2720000,0x00000006f2f00000)
  to   space 8192K, 0% used [0x00000006f6280000,0x00000006f6280000,0x00000006f6a80000)
 ParOldGen       total 221184K, used 127211K [0x00000003c0000000, 0x00000003cd800000, 0x000000066ab00000)
  object space 221184K, 57% used [0x00000003c0000000,0x00000003c7c3acd0,0x00000003cd800000)
 Metaspace       used 85519K, capacity 86462K, committed 86616K, reserved 1124352K
  class space    used 12128K, capacity 12365K, committed 12376K, reserved 1048576K
Event: 81.252 GC heap after
Heap after GC invocations=71 (full 5):
 PSYoungGen      total 2279424K, used 8190K [0x000000066ab00000, 0x00000006fb180000, 0x00000007c0000000)
  eden space 2271232K, 0% used [0x000000066ab00000,0x000000066ab00000,0x00000006f5500000)
  from space 8192K, 99% used [0x00000006f6280000,0x00000006f6a7f9f0,0x00000006f6a80000)
  to   space 13824K, 0% used [0x00000006f5500000,0x00000006f5500000,0x00000006f6280000)
 ParOldGen       total 221184K, used 137047K [0x00000003c0000000, 0x00000003cd800000, 0x000000066ab00000)
  object space 221184K, 61% used [0x00000003c0000000,0x00000003c85d5e38,0x00000003cd800000)
 Metaspace       used 85519K, capacity 86462K, committed 86616K, reserved 1124352K
  class space    used 12128K, capacity 12365K, committed 12376K, reserved 1048576K
}
Event: 82.977 GC heap before
{Heap before GC invocations=72 (full 5):
 PSYoungGen      total 2279424K, used 2279422K [0x000000066ab00000, 0x00000006fb180000, 0x00000007c0000000)
  eden space 2271232K, 100% used [0x000000066ab00000,0x00000006f5500000,0x00000006f5500000)
  from space 8192K, 99% used [0x00000006f6280000,0x00000006f6a7f9f0,0x00000006f6a80000)
  to   space 13824K, 0% used [0x00000006f5500000,0x00000006f5500000,0x00000006f6280000)
 ParOldGen       total 221184K, used 137047K [0x00000003c0000000, 0x00000003cd800000, 0x000000066ab00000)
  object space 221184K, 61% used [0x00000003c0000000,0x00000003c85d5e38,0x00000003cd800000)
 Metaspace       used 85519K, capacity 86462K, committed 86616K, reserved 1124352K
  class space    used 12128K, capacity 12365K, committed 12376K, reserved 1048576K
Event: 82.980 GC heap after
Heap after GC invocations=72 (full 5):
 PSYoungGen      total 2285056K, used 192K [0x000000066ab00000, 0x00000006fd080000, 0x00000007c0000000)
  eden space 2271232K, 0% used [0x000000066ab00000,0x000000066ab00000,0x00000006f5500000)
  from space 13824K, 1% used [0x00000006f5500000,0x00000006f5530000,0x00000006f6280000)
  to   space 13312K, 0% used [0x00000006fc380000,0x00000006fc380000,0x00000006fd080000)
 ParOldGen       total 221184K, used 137055K [0x00000003c0000000, 0x00000003cd800000, 0x000000066ab00000)
  object space 221184K, 61% used [0x00000003c0000000,0x00000003c85d7e38,0x00000003cd800000)
 Metaspace       used 85519K, capacity 86462K, committed 86616K, reserved 1124352K
  class space    used 12128K, capacity 12365K, committed 12376K, reserved 1048576K
}
Event: 84.681 GC heap before
{Heap before GC invocations=73 (full 5):
 PSYoungGen      total 2285056K, used 2271424K [0x000000066ab00000, 0x00000006fd080000, 0x00000007c0000000)
  eden space 2271232K, 100% used [0x000000066ab00000,0x00000006f5500000,0x00000006f5500000)
  from space 13824K, 1% used [0x00000006f5500000,0x00000006f5530000,0x00000006f6280000)
  to   space 13312K, 0% used [0x00000006fc380000,0x00000006fc380000,0x00000006fd080000)
 ParOldGen       total 221184K, used 137055K [0x00000003c0000000, 0x00000003cd800000, 0x000000066ab00000)
  object space 221184K, 61% used [0x00000003c0000000,0x00000003c85d7e38,0x00000003cd800000)
 Metaspace       used 85519K, capacity 86462K, committed 86616K, reserved 1124352K
  class space    used 12128K, capacity 12365K, committed 12376K, reserved 1048576K
Event: 84.685 GC heap after
Heap after GC invocations=73 (full 5):
 PSYoungGen      total 2358272K, used 864K [0x000000066ab00000, 0x00000006fc480000, 0x00000007c0000000)
  eden space 2357248K, 0% used [0x000000066ab00000,0x000000066ab00000,0x00000006fa900000)
  from space 1024K, 84% used [0x00000006fc380000,0x00000006fc458000,0x00000006fc480000)
  to   space 12800K, 0% used [0x00000006fab80000,0x00000006fab80000,0x00000006fb800000)
 ParOldGen       total 221184K, used 137055K [0x00000003c0000000, 0x00000003cd800000, 0x000000066ab00000)
  object space 221184K, 61% used [0x00000003c0000000,0x00000003c85d7e38,0x00000003cd800000)
 Metaspace       used 85519K, capacity 86462K, committed 86616K, reserved 1124352K
  class space    used 12128K, capacity 12365K, committed 12376K, reserved 1048576K
}
Event: 86.504 GC heap before
{Heap before GC invocations=74 (full 5):
 PSYoungGen      total 2358272K, used 2358112K [0x000000066ab00000, 0x00000006fc480000, 0x00000007c0000000)
  eden space 2357248K, 100% used [0x000000066ab00000,0x00000006fa900000,0x00000006fa900000)
  from space 1024K, 84% used [0x00000006fc380000,0x00000006fc458000,0x00000006fc480000)
  to   space 12800K, 0% used [0x00000006fab80000,0x00000006fab80000,0x00000006fb800000)
 ParOldGen       total 221184K, used 137055K [0x00000003c0000000, 0x00000003cd800000, 0x000000066ab00000)
  object space 221184K, 61% used [0x00000003c0000000,0x00000003c85d7e38,0x00000003cd800000)
 Metaspace       used 85519K, capacity 86462K, committed 86616K, reserved 1124352K
  class space    used 12128K, capacity 12365K, committed 12376K, reserved 1048576K
Event: 86.507 GC heap after
Heap after GC invocations=74 (full 5):
 PSYoungGen      total 2372608K, used 352K [0x000000066ab00000, 0x0000000700c00000, 0x00000007c0000000)
  eden space 2359808K, 0% used [0x000000066ab00000,0x000000066ab00000,0x00000006fab80000)
  from space 12800K, 2% used [0x00000006fab80000,0x00000006fabd8000,0x00000006fb800000)
  to   space 12288K, 0% used [0x0000000700000000,0x0000000700000000,0x0000000700c00000)
 ParOldGen       total 221184K, used 137063K [0x00000003c0000000, 0x00000003cd800000, 0x000000066ab00000)
  object space 221184K, 61% used [0x00000003c0000000,0x00000003c85d9e38,0x00000003cd800000)
 Metaspace       used 85519K, capacity 86462K, committed 86616K, reserved 1124352K
  class space    used 12128K, capacity 12365K, committed 12376K, reserved 1048576K
}
Event: 88.283 GC heap before
{Heap before GC invocations=75 (full 5):
 PSYoungGen      total 2372608K, used 2360160K [0x000000066ab00000, 0x0000000700c00000, 0x00000007c0000000)
  eden space 2359808K, 100% used [0x000000066ab00000,0x00000006fab80000,0x00000006fab80000)
  from space 12800K, 2% used [0x00000006fab80000,0x00000006fabd8000,0x00000006fb800000)
  to   space 12288K, 0% used [0x0000000700000000,0x0000000700000000,0x0000000700c00000)
 ParOldGen       total 221184K, used 137063K [0x00000003c0000000, 0x00000003cd800000, 0x000000066ab00000)
  object space 221184K, 61% used [0x00000003c0000000,0x00000003c85d9e38,0x00000003cd800000)
 Metaspace       used 85519K, capacity 86462K, committed 86616K, reserved 1124352K
  class space    used 12128K, capacity 12365K, committed 12376K, reserved 1048576K
Event: 88.297 GC heap after
Heap after GC invocations=75 (full 5):
 PSYoungGen      total 2445312K, used 7831K [0x000000066ab00000, 0x0000000701f00000, 0x00000007c0000000)
  eden space 2433024K, 0% used [0x000000066ab00000,0x000000066ab00000,0x00000006ff300000)
  from space 12288K, 63% used [0x0000000700000000,0x00000007007a5da8,0x0000000700c00000)
  to   space 13312K, 0% used [0x00000006ff300000,0x00000006ff300000,0x0000000700000000)
 ParOldGen       total 221184K, used 137079K [0x00000003c0000000, 0x00000003cd800000, 0x000000066ab00000)
  object space 221184K, 61% used [0x00000003c0000000,0x00000003c85dde38,0x00000003cd800000)
 Metaspace       used 85519K, capacity 86462K, committed 86616K, reserved 1124352K
  class space    used 12128K, capacity 12365K, committed 12376K, reserved 1048576K
}
Event: 90.163 GC heap before
{Heap before GC invocations=76 (full 5):
 PSYoungGen      total 2445312K, used 2440855K [0x000000066ab00000, 0x0000000701f00000, 0x00000007c0000000)
  eden space 2433024K, 100% used [0x000000066ab00000,0x00000006ff300000,0x00000006ff300000)
  from space 12288K, 63% used [0x0000000700000000,0x00000007007a5da8,0x0000000700c00000)
  to   space 13312K, 0% used [0x00000006ff300000,0x00000006ff300000,0x0000000700000000)
 ParOldGen       total 221184K, used 137079K [0x00000003c0000000, 0x00000003cd800000, 0x000000066ab00000)
  object space 221184K, 61% used [0x00000003c0000000,0x00000003c85dde38,0x00000003cd800000)
 Metaspace       used 85521K, capacity 86462K, committed 86616K, reserved 1124352K
  class space    used 12128K, capacity 12365K, committed 12376K, reserved 1048576K
Event: 90.166 GC heap after
Heap after GC invocations=76 (full 5):
 PSYoungGen      total 2446336K, used 192K [0x000000066ab00000, 0x0000000705b00000, 0x00000007c0000000)
  eden space 2433024K, 0% used [0x000000066ab00000,0x000000066ab00000,0x00000006ff300000)
  from space 13312K, 1% used [0x00000006ff300000,0x00000006ff330000,0x0000000700000000)
  to   space 12800K, 0% used [0x0000000704e80000,0x0000000704e80000,0x0000000705b00000)
 ParOldGen       total 221184K, used 137079K [0x00000003c0000000, 0x00000003cd800000, 0x000000066ab00000)
  object space 221184K, 61% used [0x00000003c0000000,0x00000003c85dde38,0x00000003cd800000)
 Metaspace       used 85521K, capacity 86462K, committed 86616K, reserved 1124352K
  class space    used 12128K, capacity 12365K, committed 12376K, reserved 1048576K
}
Event: 91.984 GC heap before
{Heap before GC invocations=77 (full 5):
 PSYoungGen      total 2446336K, used 2433216K [0x000000066ab00000, 0x0000000705b00000, 0x00000007c0000000)
  eden space 2433024K, 100% used [0x000000066ab00000,0x00000006ff300000,0x00000006ff300000)
  from space 13312K, 1% used [0x00000006ff300000,0x00000006ff330000,0x0000000700000000)
  to   space 12800K, 0% used [0x0000000704e80000,0x0000000704e80000,0x0000000705b00000)
 ParOldGen       total 221184K, used 137079K [0x00000003c0000000, 0x00000003cd800000, 0x000000066ab00000)
  object space 221184K, 61% used [0x00000003c0000000,0x00000003c85dde38,0x00000003cd800000)
 Metaspace       used 85526K, capacity 86462K, committed 86616K, reserved 1124352K
  class space    used 12128K, capacity 12365K, committed 12376K, reserved 1048576K
Event: 91.986 GC heap after
Heap after GC invocations=77 (full 5):
 PSYoungGen      total 2504192K, used 416K [0x000000066ab00000, 0x0000000704f80000, 0x00000007c0000000)
  eden space 2503168K, 0% used [0x000000066ab00000,0x000000066ab00000,0x0000000703780000)
  from space 1024K, 40% used [0x0000000704e80000,0x0000000704ee8000,0x0000000704f80000)
  to   space 12288K, 0% used [0x0000000703780000,0x0000000703780000,0x0000000704380000)
 ParOldGen       total 221184K, used 137087K [0x00000003c0000000, 0x00000003cd800000, 0x000000066ab00000)
  object space 221184K, 61% used [0x00000003c0000000,0x00000003c85dfe38,0x00000003cd800000)
 Metaspace       used 85526K, capacity 86462K, committed 86616K, reserved 1124352K
  class space    used 12128K, capacity 12365K, committed 12376K, reserved 1048576K
}
Event: 93.907 GC heap before
{Heap before GC invocations=78 (full 5):
 PSYoungGen      total 2504192K, used 2503584K [0x000000066ab00000, 0x0000000704f80000, 0x00000007c0000000)
  eden space 2503168K, 100% used [0x000000066ab00000,0x0000000703780000,0x0000000703780000)
  from space 1024K, 40% used [0x0000000704e80000,0x0000000704ee8000,0x0000000704f80000)
  to   space 12288K, 0% used [0x0000000703780000,0x0000000703780000,0x0000000704380000)
 ParOldGen       total 221184K, used 137087K [0x00000003c0000000, 0x00000003cd800000, 0x000000066ab00000)
  object space 221184K, 61% used [0x00000003c0000000,0x00000003c85dfe38,0x00000003cd800000)
 Metaspace       used 85526K, capacity 86462K, committed 86616K, reserved 1124352K
  class space    used 12128K, capacity 12365K, committed 12376K, reserved 1048576K
Event: 93.910 GC heap after
Heap after GC invocations=78 (full 5):
 PSYoungGen      total 2515456K, used 416K [0x000000066ab00000, 0x0000000708c00000, 0x00000007c0000000)
  eden space 2503168K, 0% used [0x000000066ab00000,0x000000066ab00000,0x0000000703780000)
  from space 12288K, 3% used [0x0000000703780000,0x00000007037e8000,0x0000000704380000)
  to   space 11776K, 0% used [0x0000000708080000,0x0000000708080000,0x0000000708c00000)
 ParOldGen       total 221184K, used 137087K [0x00000003c0000000, 0x00000003cd800000, 0x000000066ab00000)
  object space 221184K, 61% used [0x00000003c0000000,0x00000003c85dfe38,0x00000003cd800000)
 Metaspace       used 85526K, capacity 86462K, committed 86616K, reserved 1124352K
  class space    used 12128K, capacity 12365K, committed 12376K, reserved 1048576K
}
Event: 95.806 GC heap before
{Heap before GC invocations=79 (full 5):
 PSYoungGen      total 2515456K, used 2503584K [0x000000066ab00000, 0x0000000708c00000, 0x00000007c0000000)
  eden space 2503168K, 100% used [0x000000066ab00000,0x0000000703780000,0x0000000703780000)
  from space 12288K, 3% used [0x0000000703780000,0x00000007037e8000,0x0000000704380000)
  to   space 11776K, 0% used [0x0000000708080000,0x0000000708080000,0x0000000708c00000)
 ParOldGen       total 221184K, used 137087K [0x00000003c0000000, 0x00000003cd800000, 0x000000066ab00000)
  object space 221184K, 61% used [0x00000003c0000000,0x00000003c85dfe38,0x00000003cd800000)
 Metaspace       used 85526K, capacity 86462K, committed 86616K, reserved 1124352K
  class space    used 12128K, capacity 12365K, committed 12376K, reserved 1048576K
Event: 95.831 GC heap after
Heap after GC invocations=79 (full 5):
 PSYoungGen      total 2575360K, used 11769K [0x000000066ab00000, 0x000000070bb80000, 0x00000007c0000000)
  eden space 2563584K, 0% used [0x000000066ab00000,0x000000066ab00000,0x0000000707280000)
  from space 11776K, 99% used [0x0000000708080000,0x0000000708bfe530,0x0000000708c00000)
  to   space 14336K, 0% used [0x0000000707280000,0x0000000707280000,0x0000000708080000)
 ParOldGen       total 221184K, used 137895K [0x00000003c0000000, 0x00000003cd800000, 0x000000066ab00000)
  object space 221184K, 62% used [0x00000003c0000000,0x00000003c86a9e38,0x00000003cd800000)
 Metaspace       used 85526K, capacity 86462K, committed 86616K, reserved 1124352K
  class space    used 12128K, capacity 12365K, committed 12376K, reserved 1048576K
}
Event: 97.765 GC heap before
{Heap before GC invocations=80 (full 5):
 PSYoungGen      total 2575360K, used 2575353K [0x000000066ab00000, 0x000000070bb80000, 0x00000007c0000000)
  eden space 2563584K, 100% used [0x000000066ab00000,0x0000000707280000,0x0000000707280000)
  from space 11776K, 99% used [0x0000000708080000,0x0000000708bfe530,0x0000000708c00000)
  to   space 14336K, 0% used [0x0000000707280000,0x0000000707280000,0x0000000708080000)
 ParOldGen       total 221184K, used 137895K [0x00000003c0000000, 0x00000003cd800000, 0x000000066ab00000)
  object space 221184K, 62% used [0x00000003c0000000,0x00000003c86a9e38,0x00000003cd800000)
 Metaspace       used 85526K, capacity 86462K, committed 86616K, reserved 1124352K
  class space    used 12128K, capacity 12365K, committed 12376K, reserved 1048576K
Event: 97.776 GC heap after
Heap after GC invocations=80 (full 5):
 PSYoungGen      total 2577920K, used 5966K [0x000000066ab00000, 0x000000070fa00000, 0x00000007c0000000)
  eden space 2563584K, 0% used [0x000000066ab00000,0x000000066ab00000,0x0000000707280000)
  from space 14336K, 41% used [0x0000000707280000,0x00000007078538c0,0x0000000708080000)
  to   space 14336K, 0% used [0x000000070ec00000,0x000000070ec00000,0x000000070fa00000)
 ParOldGen       total 221184K, used 137903K [0x00000003c0000000, 0x00000003cd800000, 0x000000066ab00000)
  object space 221184K, 62% used [0x00000003c0000000,0x00000003c86abe38,0x00000003cd800000)
 Metaspace       used 85526K, capacity 86462K, committed 86616K, reserved 1124352K
  class space    used 12128K, capacity 12365K, committed 12376K, reserved 1048576K
}
Event: 99.748 GC heap before
{Heap before GC invocations=81 (full 5):
 PSYoungGen      total 2577920K, used 2569550K [0x000000066ab00000, 0x000000070fa00000, 0x00000007c0000000)
  eden space 2563584K, 100% used [0x000000066ab00000,0x0000000707280000,0x0000000707280000)
  from space 14336K, 41% used [0x0000000707280000,0x00000007078538c0,0x0000000708080000)
  to   space 14336K, 0% used [0x000000070ec00000,0x000000070ec00000,0x000000070fa00000)
 ParOldGen       total 221184K, used 137903K [0x00000003c0000000, 0x00000003cd800000, 0x000000066ab00000)
  object space 221184K, 62% used [0x00000003c0000000,0x00000003c86abe38,0x00000003cd800000)
 Metaspace       used 85526K, capacity 86462K, committed 86616K, reserved 1124352K
  class space    used 12128K, capacity 12365K, committed 12376K, reserved 1048576K
Event: 99.753 GC heap after
Heap after GC invocations=81 (full 5):
 PSYoungGen      total 2662400K, used 1709K [0x000000066ab00000, 0x000000070ee00000, 0x00000007c0000000)
  eden space 2660352K, 0% used [0x000000066ab00000,0x000000066ab00000,0x000000070d100000)
  from space 2048K, 83% used [0x000000070ec00000,0x000000070edab7b0,0x000000070ee00000)
  to   space 13824K, 0% used [0x000000070d300000,0x000000070d300000,0x000000070e080000)
 ParOldGen       total 221184K, used 137903K [0x00000003c0000000, 0x00000003cd800000, 0x000000066ab00000)
  object space 221184K, 62% used [0x00000003c0000000,0x00000003c86abe38,0x00000003cd800000)
 Metaspace       used 85526K, capacity 86462K, committed 86616K, reserved 1124352K
  class space    used 12128K, capacity 12365K, committed 12376K, reserved 1048576K
}
Event: 101.786 GC heap before
{Heap before GC invocations=82 (full 5):
 PSYoungGen      total 2662400K, used 2662061K [0x000000066ab00000, 0x000000070ee00000, 0x00000007c0000000)
  eden space 2660352K, 100% used [0x000000066ab00000,0x000000070d100000,0x000000070d100000)
  from space 2048K, 83% used [0x000000070ec00000,0x000000070edab7b0,0x000000070ee00000)
  to   space 13824K, 0% used [0x000000070d300000,0x000000070d300000,0x000000070e080000)
 ParOldGen       total 221184K, used 137903K [0x00000003c0000000, 0x00000003cd800000, 0x000000066ab00000)
  object space 221184K, 62% used [0x00000003c0000000,0x00000003c86abe38,0x00000003cd800000)
 Metaspace       used 85527K, capacity 86462K, committed 86616K, reserved 1124352K
  class space    used 12128K, capacity 12365K, committed 12376K, reserved 1048576K
Event: 101.791 GC heap after
Heap after GC invocations=82 (full 5):
 PSYoungGen      total 2676224K, used 352K [0x000000066ab00000, 0x0000000714180000, 0x00000007c0000000)
  eden space 2662400K, 0% used [0x000000066ab00000,0x000000066ab00000,0x000000070d300000)
  from space 13824K, 2% used [0x000000070d300000,0x000000070d358000,0x000000070e080000)
  to   space 13312K, 0% used [0x0000000713480000,0x0000000713480000,0x0000000714180000)
 ParOldGen       total 221184K, used 137903K [0x00000003c0000000, 0x00000003cd800000, 0x000000066ab00000)
  object space 221184K, 62% used [0x00000003c0000000,0x00000003c86abe38,0x00000003cd800000)
 Metaspace       used 85527K, capacity 86462K, committed 86616K, reserved 1124352K
  class space    used 12128K, capacity 12365K, committed 12376K, reserved 1048576K
}
Event: 103.813 GC heap before
{Heap before GC invocations=83 (full 5):
 PSYoungGen      total 2676224K, used 2662752K [0x000000066ab00000, 0x0000000714180000, 0x00000007c0000000)
  eden space 2662400K, 100% used [0x000000066ab00000,0x000000070d300000,0x000000070d300000)
  from space 13824K, 2% used [0x000000070d300000,0x000000070d358000,0x000000070e080000)
  to   space 13312K, 0% used [0x0000000713480000,0x0000000713480000,0x0000000714180000)
 ParOldGen       total 221184K, used 137903K [0x00000003c0000000, 0x00000003cd800000, 0x000000066ab00000)
  object space 221184K, 62% used [0x00000003c0000000,0x00000003c86abe38,0x00000003cd800000)
 Metaspace       used 85527K, capacity 86462K, committed 86616K, reserved 1124352K
  class space    used 12128K, capacity 12365K, committed 12376K, reserved 1048576K
Event: 103.816 GC heap after
Heap after GC invocations=83 (full 5):
 PSYoungGen      total 2740736K, used 142K [0x000000066ab00000, 0x0000000713680000, 0x00000007c0000000)
  eden space 2738688K, 0% used [0x000000066ab00000,0x000000066ab00000,0x0000000711d80000)
  from space 2048K, 6% used [0x0000000713480000,0x00000007134a38c0,0x0000000713680000)
  to   space 12800K, 0% used [0x0000000711d80000,0x0000000711d80000,0x0000000712a00000)
 ParOldGen       total 221184K, used 137903K [0x00000003c0000000, 0x00000003cd800000, 0x000000066ab00000)
  object space 221184K, 62% used [0x00000003c0000000,0x00000003c86abe38,0x00000003cd800000)
 Metaspace       used 85527K, capacity 86462K, committed 86616K, reserved 1124352K
  class space    used 12128K, capacity 12365K, committed 12376K, reserved 1048576K
}
Event: 105.935 GC heap before
{Heap before GC invocations=84 (full 5):
 PSYoungGen      total 2740736K, used 2738830K [0x000000066ab00000, 0x0000000713680000, 0x00000007c0000000)
  eden space 2738688K, 100% used [0x000000066ab00000,0x0000000711d80000,0x0000000711d80000)
  from space 2048K, 6% used [0x0000000713480000,0x00000007134a38c0,0x0000000713680000)
  to   space 12800K, 0% used [0x0000000711d80000,0x0000000711d80000,0x0000000712a00000)
 ParOldGen       total 221184K, used 137903K [0x00000003c0000000, 0x00000003cd800000, 0x000000066ab00000)
  object space 221184K, 62% used [0x00000003c0000000,0x00000003c86abe38,0x00000003cd800000)
 Metaspace       used 85527K, capacity 86462K, committed 86616K, reserved 1124352K
  class space    used 12128K, capacity 12365K, committed 12376K, reserved 1048576K
Event: 105.938 GC heap after
Heap after GC invocations=84 (full 5):
 PSYoungGen      total 2751488K, used 544K [0x000000066ab00000, 0x0000000717800000, 0x00000007c0000000)
  eden space 2738688K, 0% used [0x000000066ab00000,0x000000066ab00000,0x0000000711d80000)
  from space 12800K, 4% used [0x0000000711d80000,0x0000000711e08000,0x0000000712a00000)
  to   space 12288K, 0% used [0x0000000716c00000,0x0000000716c00000,0x0000000717800000)
 ParOldGen       total 221184K, used 137903K [0x00000003c0000000, 0x00000003cd800000, 0x000000066ab00000)
  object space 221184K, 62% used [0x00000003c0000000,0x00000003c86abe38,0x00000003cd800000)
 Metaspace       used 85527K, capacity 86462K, committed 86616K, reserved 1124352K
  class space    used 12128K, capacity 12365K, committed 12376K, reserved 1048576K
}
Event: 108.005 GC heap before
{Heap before GC invocations=85 (full 5):
 PSYoungGen      total 2751488K, used 2739232K [0x000000066ab00000, 0x0000000717800000, 0x00000007c0000000)
  eden space 2738688K, 100% used [0x000000066ab00000,0x0000000711d80000,0x0000000711d80000)
  from space 12800K, 4% used [0x0000000711d80000,0x0000000711e08000,0x0000000712a00000)
  to   space 12288K, 0% used [0x0000000716c00000,0x0000000716c00000,0x0000000717800000)
 ParOldGen       total 221184K, used 137903K [0x00000003c0000000, 0x00000003cd800000, 0x000000066ab00000)
  object space 221184K, 62% used [0x00000003c0000000,0x00000003c86abe38,0x00000003cd800000)
 Metaspace       used 85527K, capacity 86462K, committed 86616K, reserved 1124352K
  class space    used 12128K, capacity 12365K, committed 12376K, reserved 1048576K
Event: 108.009 GC heap after
Heap after GC invocations=85 (full 5):
 PSYoungGen      total 2803712K, used 992K [0x000000066ab00000, 0x0000000716f80000, 0x00000007c0000000)
  eden space 2800128K, 0% used [0x000000066ab00000,0x000000066ab00000,0x0000000715980000)
  from space 3584K, 27% used [0x0000000716c00000,0x0000000716cf8000,0x0000000716f80000)
  to   space 11264K, 0% used [0x0000000715980000,0x0000000715980000,0x0000000716480000)
 ParOldGen       total 221184K, used 137903K [0x00000003c0000000, 0x00000003cd800000, 0x000000066ab00000)
  object space 221184K, 62% used [0x00000003c0000000,0x00000003c86abe38,0x00000003cd800000)
 Metaspace       used 85527K, capacity 86462K, committed 86616K, reserved 1124352K
  class space    used 12128K, capacity 12365K, committed 12376K, reserved 1048576K
}
Event: 110.167 GC heap before
{Heap before GC invocations=86 (full 5):
 PSYoungGen      total 2803712K, used 2801120K [0x000000066ab00000, 0x0000000716f80000, 0x00000007c0000000)
  eden space 2800128K, 100% used [0x000000066ab00000,0x0000000715980000,0x0000000715980000)
  from space 3584K, 27% used [0x0000000716c00000,0x0000000716cf8000,0x0000000716f80000)
  to   space 11264K, 0% used [0x0000000715980000,0x0000000715980000,0x0000000716480000)
 ParOldGen       total 221184K, used 137903K [0x00000003c0000000, 0x00000003cd800000, 0x000000066ab00000)
  object space 221184K, 62% used [0x00000003c0000000,0x00000003c86abe38,0x00000003cd800000)
 Metaspace       used 85527K, capacity 86462K, committed 86616K, reserved 1124352K
  class space    used 12128K, capacity 12365K, committed 12376K, reserved 1048576K
Event: 110.170 GC heap after
Heap after GC invocations=86 (full 5):
 PSYoungGen      total 2811392K, used 160K [0x000000066ab00000, 0x000000071a500000, 0x00000007c0000000)
  eden space 2800128K, 0% used [0x000000066ab00000,0x000000066ab00000,0x0000000715980000)
  from space 11264K, 1% used [0x0000000715980000,0x00000007159a8000,0x0000000716480000)
  to   space 10752K, 0% used [0x0000000719a80000,0x0000000719a80000,0x000000071a500000)
 ParOldGen       total 221184K, used 137911K [0x00000003c0000000, 0x00000003cd800000, 0x000000066ab00000)
  object space 221184K, 62% used [0x00000003c0000000,0x00000003c86ade38,0x00000003cd800000)
 Metaspace       used 85527K, capacity 86462K, committed 86616K, reserved 1124352K
  class space    used 12128K, capacity 12365K, committed 12376K, reserved 1048576K
}
Event: 112.263 GC heap before
{Heap before GC invocations=87 (full 5):
 PSYoungGen      total 2811392K, used 2800288K [0x000000066ab00000, 0x000000071a500000, 0x00000007c0000000)
  eden space 2800128K, 100% used [0x000000066ab00000,0x0000000715980000,0x0000000715980000)
  from space 11264K, 1% used [0x0000000715980000,0x00000007159a8000,0x0000000716480000)
  to   space 10752K, 0% used [0x0000000719a80000,0x0000000719a80000,0x000000071a500000)
 ParOldGen       total 221184K, used 137911K [0x00000003c0000000, 0x00000003cd800000, 0x000000066ab00000)
  object space 221184K, 62% used [0x00000003c0000000,0x00000003c86ade38,0x00000003cd800000)
 Metaspace       used 85528K, capacity 86462K, committed 86616K, reserved 1124352K
  class space    used 12128K, capacity 12365K, committed 12376K, reserved 1048576K
Event: 112.266 GC heap after
Heap after GC invocations=87 (full 5):
 PSYoungGen      total 2855424K, used 128K [0x000000066ab00000, 0x0000000719f00000, 0x00000007c0000000)
  eden space 2850816K, 0% used [0x000000066ab00000,0x000000066ab00000,0x0000000718b00000)
  from space 4608K, 2% used [0x0000000719a80000,0x0000000719aa0000,0x0000000719f00000)
  to   space 10240K, 0% used [0x0000000718b00000,0x0000000718b00000,0x0000000719500000)
 ParOldGen       total 221184K, used 137911K [0x00000003c0000000, 0x00000003cd800000, 0x000000066ab00000)
  object space 221184K, 62% used [0x00000003c0000000,0x00000003c86ade38,0x00000003cd800000)
 Metaspace       used 85528K, capacity 86462K, committed 86616K, reserved 1124352K
  class space    used 12128K, capacity 12365K, committed 12376K, reserved 1048576K
}
Event: 114.454 GC heap before
{Heap before GC invocations=88 (full 5):
 PSYoungGen      total 2855424K, used 2850944K [0x000000066ab00000, 0x0000000719f00000, 0x00000007c0000000)
  eden space 2850816K, 100% used [0x000000066ab00000,0x0000000718b00000,0x0000000718b00000)
  from space 4608K, 2% used [0x0000000719a80000,0x0000000719aa0000,0x0000000719f00000)
  to   space 10240K, 0% used [0x0000000718b00000,0x0000000718b00000,0x0000000719500000)
 ParOldGen       total 221184K, used 137911K [0x00000003c0000000, 0x00000003cd800000, 0x000000066ab00000)
  object space 221184K, 62% used [0x00000003c0000000,0x00000003c86ade38,0x00000003cd800000)
 Metaspace       used 85528K, capacity 86462K, committed 86616K, reserved 1124352K
  class space    used 12128K, capacity 12365K, committed 12376K, reserved 1048576K
Event: 114.458 GC heap after
Heap after GC invocations=88 (full 5):
 PSYoungGen      total 2861056K, used 672K [0x000000066ab00000, 0x000000071ce80000, 0x00000007c0000000)
  eden space 2850816K, 0% used [0x000000066ab00000,0x000000066ab00000,0x0000000718b00000)
  from space 10240K, 6% used [0x0000000718b00000,0x0000000718ba8000,0x0000000719500000)
  to   space 9728K, 0% used [0x000000071c500000,0x000000071c500000,0x000000071ce80000)
 ParOldGen       total 221184K, used 137911K [0x00000003c0000000, 0x00000003cd800000, 0x000000066ab00000)
  object space 221184K, 62% used [0x00000003c0000000,0x00000003c86ade38,0x00000003cd800000)
 Metaspace       used 85528K, capacity 86462K, committed 86616K, reserved 1124352K
  class space    used 12128K, capacity 12365K, committed 12376K, reserved 1048576K
}
Event: 116.607 GC heap before
{Heap before GC invocations=89 (full 5):
 PSYoungGen      total 2861056K, used 2851488K [0x000000066ab00000, 0x000000071ce80000, 0x00000007c0000000)
  eden space 2850816K, 100% used [0x000000066ab00000,0x0000000718b00000,0x0000000718b00000)
  from space 10240K, 6% used [0x0000000718b00000,0x0000000718ba8000,0x0000000719500000)
  to   space 9728K, 0% used [0x000000071c500000,0x000000071c500000,0x000000071ce80000)
 ParOldGen       total 221184K, used 137911K [0x00000003c0000000, 0x00000003cd800000, 0x000000066ab00000)
  object space 221184K, 62% used [0x00000003c0000000,0x00000003c86ade38,0x00000003cd800000)
 Metaspace       used 85528K, capacity 86462K, committed 86616K, reserved 1124352K
  class space    used 12128K, capacity 12365K, committed 12376K, reserved 1048576K
Event: 116.609 GC heap after
Heap after GC invocations=89 (full 5):
 PSYoungGen      total 2902016K, used 288K [0x000000066ab00000, 0x000000071ca00000, 0x00000007c0000000)
  eden space 2896896K, 0% used [0x000000066ab00000,0x000000066ab00000,0x000000071b800000)
  from space 5120K, 5% used [0x000000071c500000,0x000000071c548000,0x000000071ca00000)
  to   space 9216K, 0% used [0x000000071b800000,0x000000071b800000,0x000000071c100000)
 ParOldGen       total 221184K, used 137911K [0x00000003c0000000, 0x00000003cd800000, 0x000000066ab00000)
  object space 221184K, 62% used [0x00000003c0000000,0x00000003c86ade38,0x00000003cd800000)
 Metaspace       used 85528K, capacity 86462K, committed 86616K, reserved 1124352K
  class space    used 12128K, capacity 12365K, committed 12376K, reserved 1048576K
}
Event: 118.812 GC heap before
{Heap before GC invocations=90 (full 5):
 PSYoungGen      total 2902016K, used 2897184K [0x000000066ab00000, 0x000000071ca00000, 0x00000007c0000000)
  eden space 2896896K, 100% used [0x000000066ab00000,0x000000071b800000,0x000000071b800000)
  from space 5120K, 5% used [0x000000071c500000,0x000000071c548000,0x000000071ca00000)
  to   space 9216K, 0% used [0x000000071b800000,0x000000071b800000,0x000000071c100000)
 ParOldGen       total 221184K, used 137911K [0x00000003c0000000, 0x00000003cd800000, 0x000000066ab00000)
  object space 221184K, 62% used [0x00000003c0000000,0x00000003c86ade38,0x00000003cd800000)
 Metaspace       used 85528K, capacity 86462K, committed 86616K, reserved 1124352K
  class space    used 12128K, capacity 12365K, committed 12376K, reserved 1048576K
Event: 118.816 GC heap after
Heap after GC invocations=90 (full 5):
 PSYoungGen      total 2906112K, used 256K [0x000000066ab00000, 0x000000071f700000, 0x00000007c0000000)
  eden space 2896896K, 0% used [0x000000066ab00000,0x000000066ab00000,0x000000071b800000)
  from space 9216K, 2% used [0x000000071b800000,0x000000071b840000,0x000000071c100000)
  to   space 8704K, 0% used [0x000000071ee80000,0x000000071ee80000,0x000000071f700000)
 ParOldGen       total 221184K, used 137911K [0x00000003c0000000, 0x00000003cd800000, 0x000000066ab00000)
  object space 221184K, 62% used [0x00000003c0000000,0x00000003c86ade38,0x00000003cd800000)
 Metaspace       used 85528K, capacity 86462K, committed 86616K, reserved 1124352K
  class space    used 12128K, capacity 12365K, committed 12376K, reserved 1048576K
}
Event: 121.014 GC heap before
{Heap before GC invocations=91 (full 5):
 PSYoungGen      total 2906112K, used 2897152K [0x000000066ab00000, 0x000000071f700000, 0x00000007c0000000)
  eden space 2896896K, 100% used [0x000000066ab00000,0x000000071b800000,0x000000071b800000)
  from space 9216K, 2% used [0x000000071b800000,0x000000071b840000,0x000000071c100000)
  to   space 8704K, 0% used [0x000000071ee80000,0x000000071ee80000,0x000000071f700000)
 ParOldGen       total 221184K, used 137911K [0x00000003c0000000, 0x00000003cd800000, 0x000000066ab00000)
  object space 221184K, 62% used [0x00000003c0000000,0x00000003c86ade38,0x00000003cd800000)
 Metaspace       used 85528K, capacity 86462K, committed 86616K, reserved 1124352K
  class space    used 12128K, capacity 12365K, committed 12376K, reserved 1048576K
Event: 121.017 GC heap after
Heap after GC invocations=91 (full 5):
 PSYoungGen      total 2755584K, used 192K [0x000000066ab00000, 0x000000071ef00000, 0x00000007c0000000)
  eden space 2755072K, 0% used [0x000000066ab00000,0x000000066ab00000,0x0000000712d80000)
  from space 512K, 37% used [0x000000071ee80000,0x000000071eeb0000,0x000000071ef00000)
  to   space 8192K, 0% used [0x000000071df00000,0x000000071df00000,0x000000071e700000)
 ParOldGen       total 221184K, used 137911K [0x00000003c0000000, 0x00000003cd800000, 0x000000066ab00000)
  object space 221184K, 62% used [0x00000003c0000000,0x00000003c86ade38,0x00000003cd800000)
 Metaspace       used 85528K, capacity 86462K, committed 86616K, reserved 1124352K
  class space    used 12128K, capacity 12365K, committed 12376K, reserved 1048576K
}
Event: 123.095 GC heap before
{Heap before GC invocations=92 (full 5):
 PSYoungGen      total 2755584K, used 2755264K [0x000000066ab00000, 0x000000071ef00000, 0x00000007c0000000)
  eden space 2755072K, 100% used [0x000000066ab00000,0x0000000712d80000,0x0000000712d80000)
  from space 512K, 37% used [0x000000071ee80000,0x000000071eeb0000,0x000000071ef00000)
  to   space 8192K, 0% used [0x000000071df00000,0x000000071df00000,0x000000071e700000)
 ParOldGen       total 221184K, used 137911K [0x00000003c0000000, 0x00000003cd800000, 0x000000066ab00000)
  object space 221184K, 62% used [0x00000003c0000000,0x00000003c86ade38,0x00000003cd800000)
 Metaspace       used 85528K, capacity 86462K, committed 86616K, reserved 1124352K
  class space    used 12128K, capacity 12365K, committed 12376K, reserved 1048576K
Event: 123.098 GC heap after
Heap after GC invocations=92 (full 5):
 PSYoungGen      total 2628608K, used 224K [0x000000066ab00000, 0x000000071ef00000, 0x00000007c0000000)
  eden space 2620416K, 0% used [0x000000066ab00000,0x000000066ab00000,0x000000070aa00000)
  from space 8192K, 2% used [0x000000071df00000,0x000000071df38000,0x000000071e700000)
  to   space 8192K, 0% used [0x000000071e700000,0x000000071e700000,0x000000071ef00000)
 ParOldGen       total 221184K, used 137919K [0x00000003c0000000, 0x00000003cd800000, 0x000000066ab00000)
  object space 221184K, 62% used [0x00000003c0000000,0x00000003c86afe38,0x00000003cd800000)
 Metaspace       used 85528K, capacity 86462K, committed 86616K, reserved 1124352K
  class space    used 12128K, capacity 12365K, committed 12376K, reserved 1048576K
}
Event: 125.064 GC heap before
{Heap before GC invocations=93 (full 5):
 PSYoungGen      total 2628608K, used 2620640K [0x000000066ab00000, 0x000000071ef00000, 0x00000007c0000000)
  eden space 2620416K, 100% used [0x000000066ab00000,0x000000070aa00000,0x000000070aa00000)
  from space 8192K, 2% used [0x000000071df00000,0x000000071df38000,0x000000071e700000)
  to   space 8192K, 0% used [0x000000071e700000,0x000000071e700000,0x000000071ef00000)
 ParOldGen       total 221184K, used 137919K [0x00000003c0000000, 0x00000003cd800000, 0x000000066ab00000)
  object space 221184K, 62% used [0x00000003c0000000,0x00000003c86afe38,0x00000003cd800000)
 Metaspace       used 85528K, capacity 86462K, committed 86616K, reserved 1124352K
  class space    used 12128K, capacity 12365K, committed 12376K, reserved 1048576K
Event: 125.067 GC heap after
Heap after GC invocations=93 (full 5):
 PSYoungGen      total 2493440K, used 544K [0x000000066ab00000, 0x000000071e800000, 0x00000007c0000000)
  eden space 2492416K, 0% used [0x000000066ab00000,0x000000066ab00000,0x0000000702d00000)
  from space 1024K, 53% used [0x000000071e700000,0x000000071e788000,0x000000071e800000)
  to   space 7680K, 0% used [0x000000071d900000,0x000000071d900000,0x000000071e080000)
 ParOldGen       total 221184K, used 137927K [0x00000003c0000000, 0x00000003cd800000, 0x000000066ab00000)
  object space 221184K, 62% used [0x00000003c0000000,0x00000003c86b1e38,0x00000003cd800000)
 Metaspace       used 85528K, capacity 86462K, committed 86616K, reserved 1124352K
  class space    used 12128K, capacity 12365K, committed 12376K, reserved 1048576K
}
Event: 126.956 GC heap before
{Heap before GC invocations=94 (full 5):
 PSYoungGen      total 2493440K, used 2492960K [0x000000066ab00000, 0x000000071e800000, 0x00000007c0000000)
  eden space 2492416K, 100% used [0x000000066ab00000,0x0000000702d00000,0x0000000702d00000)
  from space 1024K, 53% used [0x000000071e700000,0x000000071e788000,0x000000071e800000)
  to   space 7680K, 0% used [0x000000071d900000,0x000000071d900000,0x000000071e080000)
 ParOldGen       total 221184K, used 137927K [0x00000003c0000000, 0x00000003cd800000, 0x000000066ab00000)
  object space 221184K, 62% used [0x00000003c0000000,0x00000003c86b1e38,0x00000003cd800000)
 Metaspace       used 85528K, capacity 86462K, committed 86616K, reserved 1124352K
  class space    used 12128K, capacity 12365K, committed 12376K, reserved 1048576K
Event: 126.959 GC heap after
Heap after GC invocations=94 (full 5):
 PSYoungGen      total 2378240K, used 416K [0x000000066ab00000, 0x000000071e780000, 0x00000007c0000000)
  eden space 2370560K, 0% used [0x000000066ab00000,0x000000066ab00000,0x00000006fb600000)
  from space 7680K, 5% used [0x000000071d900000,0x000000071d968000,0x000000071e080000)
  to   space 7168K, 0% used [0x000000071e080000,0x000000071e080000,0x000000071e780000)
 ParOldGen       total 221184K, used 137927K [0x00000003c0000000, 0x00000003cd800000, 0x000000066ab00000)
  object space 221184K, 62% used [0x00000003c0000000,0x00000003c86b1e38,0x00000003cd800000)
 Metaspace       used 85528K, capacity 86462K, committed 86616K, reserved 1124352K
  class space    used 12128K, capacity 12365K, committed 12376K, reserved 1048576K
}
Event: 128.750 GC heap before
{Heap before GC invocations=95 (full 5):
 PSYoungGen      total 2378240K, used 2370976K [0x000000066ab00000, 0x000000071e780000, 0x00000007c0000000)
  eden space 2370560K, 100% used [0x000000066ab00000,0x00000006fb600000,0x00000006fb600000)
  from space 7680K, 5% used [0x000000071d900000,0x000000071d968000,0x000000071e080000)
  to   space 7168K, 0% used [0x000000071e080000,0x000000071e080000,0x000000071e780000)
 ParOldGen       total 221184K, used 137927K [0x00000003c0000000, 0x00000003cd800000, 0x000000066ab00000)
  object space 221184K, 62% used [0x00000003c0000000,0x00000003c86b1e38,0x00000003cd800000)
 Metaspace       used 85530K, capacity 86462K, committed 86616K, reserved 1124352K
  class space    used 12128K, capacity 12365K, committed 12376K, reserved 1048576K
Event: 128.753 GC heap after
Heap after GC invocations=95 (full 5):
 PSYoungGen      total 2255360K, used 96K [0x000000066ab00000, 0x000000071e100000, 0x00000007c0000000)
  eden space 2254848K, 0% used [0x000000066ab00000,0x000000066ab00000,0x00000006f4500000)
  from space 512K, 18% used [0x000000071e080000,0x000000071e098000,0x000000071e100000)
  to   space 6656K, 0% used [0x000000071d400000,0x000000071d400000,0x000000071da80000)
 ParOldGen       total 221184K, used 137927K [0x00000003c0000000, 0x00000003cd800000, 0x000000066ab00000)
  object space 221184K, 62% used [0x00000003c0000000,0x00000003c86b1e38,0x00000003cd800000)
 Metaspace       used 85530K, capacity 86462K, committed 86616K, reserved 1124352K
  class space    used 12128K, capacity 12365K, committed 12376K, reserved 1048576K
}
Event: 130.468 GC heap before
{Heap before GC invocations=96 (full 5):
 PSYoungGen      total 2255360K, used 2254944K [0x000000066ab00000, 0x000000071e100000, 0x00000007c0000000)
  eden space 2254848K, 100% used [0x000000066ab00000,0x00000006f4500000,0x00000006f4500000)
  from space 512K, 18% used [0x000000071e080000,0x000000071e098000,0x000000071e100000)
  to   space 6656K, 0% used [0x000000071d400000,0x000000071d400000,0x000000071da80000)
 ParOldGen       total 221184K, used 137927K [0x00000003c0000000, 0x00000003cd800000, 0x000000066ab00000)
  object space 221184K, 62% used [0x00000003c0000000,0x00000003c86b1e38,0x00000003cd800000)
 Metaspace       used 85530K, capacity 86462K, committed 86616K, reserved 1124352K
  class space    used 12128K, capacity 12365K, committed 12376K, reserved 1048576K
Event: 130.473 GC heap after
Heap after GC invocations=96 (full 5):
 PSYoungGen      total 2151424K, used 1696K [0x000000066ab00000, 0x000000071e100000, 0x00000007c0000000)
  eden space 2144768K, 0% used [0x000000066ab00000,0x000000066ab00000,0x00000006ed980000)
  from space 6656K, 25% used [0x000000071d400000,0x000000071d5a8000,0x000000071da80000)
  to   space 6144K, 0% used [0x000000071db00000,0x000000071db00000,0x000000071e100000)
 ParOldGen       total 221184K, used 137927K [0x00000003c0000000, 0x00000003cd800000, 0x000000066ab00000)
  object space 221184K, 62% used [0x00000003c0000000,0x00000003c86b1e38,0x00000003cd800000)
 Metaspace       used 85530K, capacity 86462K, committed 86616K, reserved 1124352K
  class space    used 12128K, capacity 12365K, committed 12376K, reserved 1048576K
}
Event: 132.091 GC heap before
{Heap before GC invocations=97 (full 5):
 PSYoungGen      total 2151424K, used 2146464K [0x000000066ab00000, 0x000000071e100000, 0x00000007c0000000)
  eden space 2144768K, 100% used [0x000000066ab00000,0x00000006ed980000,0x00000006ed980000)
  from space 6656K, 25% used [0x000000071d400000,0x000000071d5a8000,0x000000071da80000)
  to   space 6144K, 0% used [0x000000071db00000,0x000000071db00000,0x000000071e100000)
 ParOldGen       total 221184K, used 137927K [0x00000003c0000000, 0x00000003cd800000, 0x000000066ab00000)
  object space 221184K, 62% used [0x00000003c0000000,0x00000003c86b1e38,0x00000003cd800000)
 Metaspace       used 85532K, capacity 86462K, committed 86616K, reserved 1124352K
  class space    used 12128K, capacity 12365K, committed 12376K, reserved 1048576K
Event: 132.094 GC heap after
Heap after GC invocations=97 (full 5):
 PSYoungGen      total 2040832K, used 352K [0x000000066ab00000, 0x000000071db80000, 0x00000007c0000000)
  eden space 2040320K, 0% used [0x000000066ab00000,0x000000066ab00000,0x00000006e7380000)
  from space 512K, 68% used [0x000000071db00000,0x000000071db58000,0x000000071db80000)
  to   space 6144K, 0% used [0x000000071cf80000,0x000000071cf80000,0x000000071d580000)
 ParOldGen       total 221184K, used 137935K [0x00000003c0000000, 0x00000003cd800000, 0x000000066ab00000)
  object space 221184K, 62% used [0x00000003c0000000,0x00000003c86b3e38,0x00000003cd800000)
 Metaspace       used 85532K, capacity 86462K, committed 86616K, reserved 1124352K
  class space    used 12128K, capacity 12365K, committed 12376K, reserved 1048576K
}
Event: 133.624 GC heap before
{Heap before GC invocations=98 (full 5):
 PSYoungGen      total 2040832K, used 2040672K [0x000000066ab00000, 0x000000071db80000, 0x00000007c0000000)
  eden space 2040320K, 100% used [0x000000066ab00000,0x00000006e7380000,0x00000006e7380000)
  from space 512K, 68% used [0x000000071db00000,0x000000071db58000,0x000000071db80000)
  to   space 6144K, 0% used [0x000000071cf80000,0x000000071cf80000,0x000000071d580000)
 ParOldGen       total 221184K, used 137935K [0x00000003c0000000, 0x00000003cd800000, 0x000000066ab00000)
  object space 221184K, 62% used [0x00000003c0000000,0x00000003c86b3e38,0x00000003cd800000)
 Metaspace       used 85532K, capacity 86462K, committed 86616K, reserved 1124352K
  class space    used 12128K, capacity 12365K, committed 12376K, reserved 1048576K
Event: 133.627 GC heap after
Heap after GC invocations=98 (full 5):
 PSYoungGen      total 1947136K, used 224K [0x000000066ab00000, 0x000000071db80000, 0x00000007c0000000)
  eden space 1940992K, 0% used [0x000000066ab00000,0x000000066ab00000,0x00000006e1280000)
  from space 6144K, 3% used [0x000000071cf80000,0x000000071cfb8000,0x000000071d580000)
  to   space 5632K, 0% used [0x000000071d600000,0x000000071d600000,0x000000071db80000)
 ParOldGen       total 221184K, used 137935K [0x00000003c0000000, 0x00000003cd800000, 0x000000066ab00000)
  object space 221184K, 62% used [0x00000003c0000000,0x00000003c86b3e38,0x00000003cd800000)
 Metaspace       used 85532K, capacity 86462K, committed 86616K, reserved 1124352K
  class space    used 12128K, capacity 12365K, committed 12376K, reserved 1048576K
}
Event: 135.075 GC heap before
{Heap before GC invocations=99 (full 5):
 PSYoungGen      total 1947136K, used 1941216K [0x000000066ab00000, 0x000000071db80000, 0x00000007c0000000)
  eden space 1940992K, 100% used [0x000000066ab00000,0x00000006e1280000,0x00000006e1280000)
  from space 6144K, 3% used [0x000000071cf80000,0x000000071cfb8000,0x000000071d580000)
  to   space 5632K, 0% used [0x000000071d600000,0x000000071d600000,0x000000071db80000)
 ParOldGen       total 221184K, used 137935K [0x00000003c0000000, 0x00000003cd800000, 0x000000066ab00000)
  object space 221184K, 62% used [0x00000003c0000000,0x00000003c86b3e38,0x00000003cd800000)
 Metaspace       used 85551K, capacity 86526K, committed 86616K, reserved 1124352K
  class space    used 12131K, capacity 12365K, committed 12376K, reserved 1048576K
Event: 135.078 GC heap after
Heap after GC invocations=99 (full 5):
 PSYoungGen      total 1847296K, used 320K [0x000000066ab00000, 0x000000071d680000, 0x00000007c0000000)
  eden space 1846784K, 0% used [0x000000066ab00000,0x000000066ab00000,0x00000006db680000)
  from space 512K, 62% used [0x000000071d600000,0x000000071d650000,0x000000071d680000)
  to   space 5120K, 0% used [0x000000071cc80000,0x000000071cc80000,0x000000071d180000)
 ParOldGen       total 221184K, used 137935K [0x00000003c0000000, 0x00000003cd800000, 0x000000066ab00000)
  object space 221184K, 62% used [0x00000003c0000000,0x00000003c86b3e38,0x00000003cd800000)
 Metaspace       used 85551K, capacity 86526K, committed 86616K, reserved 1124352K
  class space    used 12131K, capacity 12365K, committed 12376K, reserved 1048576K
}
Event: 136.455 GC heap before
{Heap before GC invocations=100 (full 5):
 PSYoungGen      total 1847296K, used 1847104K [0x000000066ab00000, 0x000000071d680000, 0x00000007c0000000)
  eden space 1846784K, 100% used [0x000000066ab00000,0x00000006db680000,0x00000006db680000)
  from space 512K, 62% used [0x000000071d600000,0x000000071d650000,0x000000071d680000)
  to   space 5120K, 0% used [0x000000071cc80000,0x000000071cc80000,0x000000071d180000)
 ParOldGen       total 221184K, used 137935K [0x00000003c0000000, 0x00000003cd800000, 0x000000066ab00000)
  object space 221184K, 62% used [0x00000003c0000000,0x00000003c86b3e38,0x00000003cd800000)
 Metaspace       used 85551K, capacity 86526K, committed 86616K, reserved 1124352K
  class space    used 12131K, capacity 12365K, committed 12376K, reserved 1048576K
Event: 136.458 GC heap after
Heap after GC invocations=100 (full 5):
 PSYoungGen      total 1762304K, used 320K [0x000000066ab00000, 0x000000071d680000, 0x00000007c0000000)
  eden space 1757184K, 0% used [0x000000066ab00000,0x000000066ab00000,0x00000006d5f00000)
  from space 5120K, 6% used [0x000000071cc80000,0x000000071ccd0000,0x000000071d180000)
  to   space 5120K, 0% used [0x000000071d180000,0x000000071d180000,0x000000071d680000)
 ParOldGen       total 221184K, used 137935K [0x00000003c0000000, 0x00000003cd800000, 0x000000066ab00000)
  object space 221184K, 62% used [0x00000003c0000000,0x00000003c86b3e38,0x00000003cd800000)
 Metaspace       used 85551K, capacity 86526K, committed 86616K, reserved 1124352K
  class space    used 12131K, capacity 12365K, committed 12376K, reserved 1048576K
}
Event: 137.772 GC heap before
{Heap before GC invocations=101 (full 5):
 PSYoungGen      total 1762304K, used 1757504K [0x000000066ab00000, 0x000000071d680000, 0x00000007c0000000)
  eden space 1757184K, 100% used [0x000000066ab00000,0x00000006d5f00000,0x00000006d5f00000)
  from space 5120K, 6% used [0x000000071cc80000,0x000000071ccd0000,0x000000071d180000)
  to   space 5120K, 0% used [0x000000071d180000,0x000000071d180000,0x000000071d680000)
 ParOldGen       total 221184K, used 137935K [0x00000003c0000000, 0x00000003cd800000, 0x000000066ab00000)
  object space 221184K, 62% used [0x00000003c0000000,0x00000003c86b3e38,0x00000003cd800000)
 Metaspace       used 85552K, capacity 86526K, committed 86616K, reserved 1124352K
  class space    used 12131K, capacity 12365K, committed 12376K, reserved 1048576K
Event: 137.775 GC heap after
Heap after GC invocations=101 (full 5):
 PSYoungGen      total 1672704K, used 96K [0x000000066ab00000, 0x000000071d200000, 0x00000007c0000000)
  eden space 1672192K, 0% used [0x000000066ab00000,0x000000066ab00000,0x00000006d0c00000)
  from space 512K, 18% used [0x000000071d180000,0x000000071d198000,0x000000071d200000)
  to   space 4608K, 0% used [0x000000071c900000,0x000000071c900000,0x000000071cd80000)
 ParOldGen       total 221184K, used 137935K [0x00000003c0000000, 0x00000003cd800000, 0x000000066ab00000)
  object space 221184K, 62% used [0x00000003c0000000,0x00000003c86b3e38,0x00000003cd800000)
 Metaspace       used 85552K, capacity 86526K, committed 86616K, reserved 1124352K
  class space    used 12131K, capacity 12365K, committed 12376K, reserved 1048576K
}
Event: 139.033 GC heap before
{Heap before GC invocations=102 (full 5):
 PSYoungGen      total 1672704K, used 1672288K [0x000000066ab00000, 0x000000071d200000, 0x00000007c0000000)
  eden space 1672192K, 100% used [0x000000066ab00000,0x00000006d0c00000,0x00000006d0c00000)
  from space 512K, 18% used [0x000000071d180000,0x000000071d198000,0x000000071d200000)
  to   space 4608K, 0% used [0x000000071c900000,0x000000071c900000,0x000000071cd80000)
 ParOldGen       total 221184K, used 137935K [0x00000003c0000000, 0x00000003cd800000, 0x000000066ab00000)
  object space 221184K, 62% used [0x00000003c0000000,0x00000003c86b3e38,0x00000003cd800000)
 Metaspace       used 85552K, capacity 86526K, committed 86616K, reserved 1124352K
  class space    used 12131K, capacity 12365K, committed 12376K, reserved 1048576K
Event: 139.038 GC heap after
Heap after GC invocations=102 (full 5):
 PSYoungGen      total 1593856K, used 2432K [0x000000066ab00000, 0x000000071d200000, 0x00000007c0000000)
  eden space 1591296K, 0% used [0x000000066ab00000,0x000000066ab00000,0x00000006cbd00000)
  from space 2560K, 95% used [0x000000071c900000,0x000000071cb60000,0x000000071cb80000)
  to   space 5120K, 0% used [0x000000071cd00000,0x000000071cd00000,0x000000071d200000)
 ParOldGen       total 221184K, used 137943K [0x00000003c0000000, 0x00000003cd800000, 0x000000066ab00000)
  object space 221184K, 62% used [0x00000003c0000000,0x00000003c86b5e38,0x00000003cd800000)
 Metaspace       used 85552K, capacity 86526K, committed 86616K, reserved 1124352K
  class space    used 12131K, capacity 12365K, committed 12376K, reserved 1048576K
}
Event: 140.250 GC heap before
{Heap before GC invocations=103 (full 5):
 PSYoungGen      total 1593856K, used 1593728K [0x000000066ab00000, 0x000000071d200000, 0x00000007c0000000)
  eden space 1591296K, 100% used [0x000000066ab00000,0x00000006cbd00000,0x00000006cbd00000)
  from space 2560K, 95% used [0x000000071c900000,0x000000071cb60000,0x000000071cb80000)
  to   space 5120K, 0% used [0x000000071cd00000,0x000000071cd00000,0x000000071d200000)
 ParOldGen       total 221184K, used 137943K [0x00000003c0000000, 0x00000003cd800000, 0x000000066ab00000)
  object space 221184K, 62% used [0x00000003c0000000,0x00000003c86b5e38,0x00000003cd800000)
 Metaspace       used 85552K, capacity 86526K, committed 86616K, reserved 1124352K
  class space    used 12131K, capacity 12365K, committed 12376K, reserved 1048576K
Event: 140.257 GC heap after
Heap after GC invocations=103 (full 5):
 PSYoungGen      total 1639424K, used 3080K [0x000000066ab00000, 0x000000071d080000, 0x00000007c0000000)
  eden space 1635840K, 0% used [0x000000066ab00000,0x000000066ab00000,0x00000006ce880000)
  from space 3584K, 85% used [0x000000071cd00000,0x000000071d002018,0x000000071d080000)
  to   space 5632K, 0% used [0x000000071c580000,0x000000071c580000,0x000000071cb00000)
 ParOldGen       total 221184K, used 137943K [0x00000003c0000000, 0x00000003cd800000, 0x000000066ab00000)
  object space 221184K, 62% used [0x00000003c0000000,0x00000003c86b5e38,0x00000003cd800000)
 Metaspace       used 85552K, capacity 86526K, committed 86616K, reserved 1124352K
  class space    used 12131K, capacity 12365K, committed 12376K, reserved 1048576K
}
Event: 141.459 GC heap before
{Heap before GC invocations=104 (full 5):
 PSYoungGen      total 1639424K, used 1638920K [0x000000066ab00000, 0x000000071d080000, 0x00000007c0000000)
  eden space 1635840K, 100% used [0x000000066ab00000,0x00000006ce880000,0x00000006ce880000)
  from space 3584K, 85% used [0x000000071cd00000,0x000000071d002018,0x000000071d080000)
  to   space 5632K, 0% used [0x000000071c580000,0x000000071c580000,0x000000071cb00000)
 ParOldGen       total 221184K, used 137943K [0x00000003c0000000, 0x00000003cd800000, 0x000000066ab00000)
  object space 221184K, 62% used [0x00000003c0000000,0x00000003c86b5e38,0x00000003cd800000)
 Metaspace       used 85552K, capacity 86526K, committed 86616K, reserved 1124352K
  class space    used 12131K, capacity 12365K, committed 12376K, reserved 1048576K
Event: 141.463 GC heap after
Heap after GC invocations=104 (full 5):
 PSYoungGen      total 1682944K, used 1216K [0x000000066ab00000, 0x000000071cd80000, 0x00000007c0000000)
  eden space 1681408K, 0% used [0x000000066ab00000,0x000000066ab00000,0x00000006d1500000)
  from space 1536K, 79% used [0x000000071c580000,0x000000071c6b0000,0x000000071c700000)
  to   space 5120K, 0% used [0x000000071c880000,0x000000071c880000,0x000000071cd80000)
 ParOldGen       total 221184K, used 137943K [0x00000003c0000000, 0x00000003cd800000, 0x000000066ab00000)
  object space 221184K, 62% used [0x00000003c0000000,0x00000003c86b5e38,0x00000003cd800000)
 Metaspace       used 85552K, capacity 86526K, committed 86616K, reserved 1124352K
  class space    used 12131K, capacity 12365K, committed 12376K, reserved 1048576K
}
Event: 143.573 GC heap before
{Heap before GC invocations=105 (full 5):
 PSYoungGen      total 1682944K, used 1682624K [0x000000066ab00000, 0x000000071cd80000, 0x00000007c0000000)
  eden space 1681408K, 100% used [0x000000066ab00000,0x00000006d1500000,0x00000006d1500000)
  from space 1536K, 79% used [0x000000071c580000,0x000000071c6b0000,0x000000071c700000)
  to   space 5120K, 0% used [0x000000071c880000,0x000000071c880000,0x000000071cd80000)
 ParOldGen       total 221184K, used 137943K [0x00000003c0000000, 0x00000003cd800000, 0x000000066ab00000)
  object space 221184K, 62% used [0x00000003c0000000,0x00000003c86b5e38,0x00000003cd800000)
 Metaspace       used 85931K, capacity 86876K, committed 87000K, reserved 1124352K
  class space    used 12158K, capacity 12409K, committed 12504K, reserved 1048576K
Event: 143.689 GC heap after
Heap after GC invocations=105 (full 5):
 PSYoungGen      total 1815040K, used 4322K [0x000000066ab00000, 0x000000071cd00000, 0x00000007c0000000)
  eden space 1810432K, 0% used [0x000000066ab00000,0x000000066ab00000,0x00000006d9300000)
  from space 4608K, 93% used [0x000000071c880000,0x000000071ccb8bc0,0x000000071cd00000)
  to   space 5632K, 0% used [0x000000071c200000,0x000000071c200000,0x000000071c780000)
 ParOldGen       total 221184K, used 198783K [0x00000003c0000000, 0x00000003cd800000, 0x000000066ab00000)
  object space 221184K, 89% used [0x00000003c0000000,0x00000003cc21fdf8,0x00000003cd800000)
 Metaspace       used 85931K, capacity 86876K, committed 87000K, reserved 1124352K
  class space    used 12158K, capacity 12409K, committed 12504K, reserved 1048576K
}
Event: 143.704 GC heap before
{Heap before GC invocations=106 (full 6):
 PSYoungGen      total 1815040K, used 4322K [0x000000066ab00000, 0x000000071cd00000, 0x00000007c0000000)
  eden space 1810432K, 0% used [0x000000066ab00000,0x000000066ab00000,0x00000006d9300000)
  from space 4608K, 93% used [0x000000071c880000,0x000000071ccb8bc0,0x000000071cd00000)
  to   space 5632K, 0% used [0x000000071c200000,0x000000071c200000,0x000000071c780000)
 ParOldGen       total 221184K, used 198783K [0x00000003c0000000, 0x00000003cd800000, 0x000000066ab00000)
  object space 221184K, 89% used [0x00000003c0000000,0x00000003cc21fdf8,0x00000003cd800000)
 Metaspace       used 85931K, capacity 86876K, committed 87000K, reserved 1124352K
  class space    used 12158K, capacity 12409K, committed 12504K, reserved 1048576K
Event: 143.865 GC heap after
Heap after GC invocations=106 (full 6):
 PSYoungGen      total 1815040K, used 0K [0x000000066ab00000, 0x000000071cd00000, 0x00000007c0000000)
  eden space 1810432K, 0% used [0x000000066ab00000,0x000000066ab00000,0x00000006d9300000)
  from space 4608K, 0% used [0x000000071c880000,0x000000071c880000,0x000000071cd00000)
  to   space 5632K, 0% used [0x000000071c200000,0x000000071c200000,0x000000071c780000)
 ParOldGen       total 215040K, used 123107K [0x00000003c0000000, 0x00000003cd200000, 0x000000066ab00000)
  object space 215040K, 57% used [0x00000003c0000000,0x00000003c7838e30,0x00000003cd200000)
 Metaspace       used 85931K, capacity 86876K, committed 87000K, reserved 1124352K
  class space    used 12158K, capacity 12409K, committed 12504K, reserved 1048576K
}

