# JRE version: OpenJDK Runtime Environment (8.0_252-b09) (build 1.8.0_252-b09)
# Java VM: OpenJDK 64-Bit Server VM (25.252-b09 mixed mode linux-amd64 compressed oops)
Heap:
 PSYoungGen      total 2941952K, used 157K [0x000000066ab00000, 0x000000071ed80000, 0x00000007c0000000)
  eden space 2935296K, 0% used [0x000000066ab00000,0x000000066ab00000,0x000000071dd80000)
  from space 6656K, 2% used [0x000000071dd80000,0x000000071dda7610,0x000000071e400000)
  to   space 7168K, 0% used [0x000000071e400000,0x000000071e400000,0x000000071eb00000)
 ParOldGen       total 219136K, used 121562K [0x00000003c0000000, 0x00000003cd600000, 0x000000066ab00000)
  object space 219136K, 55% used [0x00000003c0000000,0x00000003c76b6bd0,0x00000003cd600000)
 Metaspace       used 85294K, capacity 86154K, committed 86292K, reserved 1124352K
  class space    used 12057K, capacity 12253K, committed 12308K, reserved 1048576K
GC Heap History (129 events):
Event: 0.452 GC heap before
{Heap before GC invocations=1 (full 0):
 PSYoungGen      total 18432K, used 15872K [0x000000066ab00000, 0x000000066bf80000, 0x00000007c0000000)
  eden space 15872K, 100% used [0x000000066ab00000,0x000000066ba80000,0x000000066ba80000)
  from space 2560K, 0% used [0x000000066bd00000,0x000000066bd00000,0x000000066bf80000)
  to   space 2560K, 0% used [0x000000066ba80000,0x000000066ba80000,0x000000066bd00000)
 ParOldGen       total 42496K, used 0K [0x00000003c0000000, 0x00000003c2980000, 0x000000066ab00000)
  object space 42496K, 0% used [0x00000003c0000000,0x00000003c0000000,0x00000003c2980000)
 Metaspace       used 4972K, capacity 5944K, committed 6016K, reserved 1056768K
  class space    used 542K, capacity 616K, committed 640K, reserved 1048576K
Event: 0.456 GC heap after
Heap after GC invocations=1 (full 0):
 PSYoungGen      total 18432K, used 2536K [0x000000066ab00000, 0x000000066bf80000, 0x00000007c0000000)
  eden space 15872K, 0% used [0x000000066ab00000,0x000000066ab00000,0x000000066ba80000)
  from space 2560K, 99% used [0x000000066ba80000,0x000000066bcfa320,0x000000066bd00000)
  to   space 2560K, 0% used [0x000000066bd00000,0x000000066bd00000,0x000000066bf80000)
 ParOldGen       total 42496K, used 475K [0x00000003c0000000, 0x00000003c2980000, 0x000000066ab00000)
  object space 42496K, 1% used [0x00000003c0000000,0x00000003c0076d10,0x00000003c2980000)
 Metaspace       used 4972K, capacity 5944K, committed 6016K, reserved 1056768K
  class space    used 542K, capacity 616K, committed 640K, reserved 1048576K
}
Event: 0.860 GC heap before
{Heap before GC invocations=2 (full 0):
 PSYoungGen      total 18432K, used 18408K [0x000000066ab00000, 0x000000066bf80000, 0x00000007c0000000)
  eden space 15872K, 100% used [0x000000066ab00000,0x000000066ba80000,0x000000066ba80000)
  from space 2560K, 99% used [0x000000066ba80000,0x000000066bcfa320,0x000000066bd00000)
  to   space 2560K, 0% used [0x000000066bd00000,0x000000066bd00000,0x000000066bf80000)
 ParOldGen       total 42496K, used 475K [0x00000003c0000000, 0x00000003c2980000, 0x000000066ab00000)
  object space 42496K, 1% used [0x00000003c0000000,0x00000003c0076d10,0x00000003c2980000)
 Metaspace       used 9300K, capacity 9376K, committed 9472K, reserved 1056768K
  class space    used 1221K, capacity 1232K, committed 1280K, reserved 1048576K
Event: 0.863 GC heap after
Heap after GC invocations=2 (full 0):
 PSYoungGen      total 18432K, used 2550K [0x000000066ab00000, 0x000000066bf80000, 0x00000007c0000000)
  eden space 15872K, 0% used [0x000000066ab00000,0x000000066ab00000,0x000000066ba80000)
  from space 2560K, 99% used [0x000000066bd00000,0x000000066bf7da00,0x000000066bf80000)
  to   space 2560K, 0% used [0x000000066ba80000,0x000000066ba80000,0x000000066bd00000)
 ParOldGen       total 42496K, used 1590K [0x00000003c0000000, 0x00000003c2980000, 0x000000066ab00000)
  object space 42496K, 3% used [0x00000003c0000000,0x00000003c018dba0,0x00000003c2980000)
 Metaspace       used 9300K, capacity 9376K, committed 9472K, reserved 1056768K
  class space    used 1221K, capacity 1232K, committed 1280K, reserved 1048576K
}
Event: 1.166 GC heap before
{Heap before GC invocations=3 (full 0):
 PSYoungGen      total 18432K, used 18422K [0x000000066ab00000, 0x000000066bf80000, 0x00000007c0000000)
  eden space 15872K, 100% used [0x000000066ab00000,0x000000066ba80000,0x000000066ba80000)
  from space 2560K, 99% used [0x000000066bd00000,0x000000066bf7da00,0x000000066bf80000)
  to   space 2560K, 0% used [0x000000066ba80000,0x000000066ba80000,0x000000066bd00000)
 ParOldGen       total 42496K, used 1590K [0x00000003c0000000, 0x00000003c2980000, 0x000000066ab00000)
  object space 42496K, 3% used [0x00000003c0000000,0x00000003c018dba0,0x00000003c2980000)
 Metaspace       used 11367K, capacity 11424K, committed 11648K, reserved 1058816K
  class space    used 1531K, capacity 1552K, committed 1664K, reserved 1048576K
Event: 1.169 GC heap after
Heap after GC invocations=3 (full 0):
 PSYoungGen      total 18432K, used 2531K [0x000000066ab00000, 0x000000066cf00000, 0x00000007c0000000)
  eden space 15872K, 0% used [0x000000066ab00000,0x000000066ab00000,0x000000066ba80000)
  from space 2560K, 98% used [0x000000066ba80000,0x000000066bcf8d80,0x000000066bd00000)
  to   space 2560K, 0% used [0x000000066cc80000,0x000000066cc80000,0x000000066cf00000)
 ParOldGen       total 42496K, used 2782K [0x00000003c0000000, 0x00000003c2980000, 0x000000066ab00000)
  object space 42496K, 6% used [0x00000003c0000000,0x00000003c02b7898,0x00000003c2980000)
 Metaspace       used 11367K, capacity 11424K, committed 11648K, reserved 1058816K
  class space    used 1531K, capacity 1552K, committed 1664K, reserved 1048576K
}
Event: 1.344 GC heap before
{Heap before GC invocations=4 (full 0):
 PSYoungGen      total 18432K, used 18403K [0x000000066ab00000, 0x000000066cf00000, 0x00000007c0000000)
  eden space 15872K, 100% used [0x000000066ab00000,0x000000066ba80000,0x000000066ba80000)
  from space 2560K, 98% used [0x000000066ba80000,0x000000066bcf8d80,0x000000066bd00000)
  to   space 2560K, 0% used [0x000000066cc80000,0x000000066cc80000,0x000000066cf00000)
 ParOldGen       total 42496K, used 2782K [0x00000003c0000000, 0x00000003c2980000, 0x000000066ab00000)
  object space 42496K, 6% used [0x00000003c0000000,0x00000003c02b7898,0x00000003c2980000)
 Metaspace       used 12942K, capacity 13056K, committed 13312K, reserved 1060864K
  class space    used 1728K, capacity 1776K, committed 1792K, reserved 1048576K
Event: 1.350 GC heap after
Heap after GC invocations=4 (full 0):
 PSYoungGen      total 34304K, used 2558K [0x000000066ab00000, 0x000000066cf00000, 0x00000007c0000000)
  eden space 31744K, 0% used [0x000000066ab00000,0x000000066ab00000,0x000000066ca00000)
  from space 2560K, 99% used [0x000000066cc80000,0x000000066ceffa18,0x000000066cf00000)
  to   space 2560K, 0% used [0x000000066ca00000,0x000000066ca00000,0x000000066cc80000)
 ParOldGen       total 42496K, used 3772K [0x00000003c0000000, 0x00000003c2980000, 0x000000066ab00000)
  object space 42496K, 8% used [0x00000003c0000000,0x00000003c03af188,0x00000003c2980000)
 Metaspace       used 12942K, capacity 13056K, committed 13312K, reserved 1060864K
  class space    used 1728K, capacity 1776K, committed 1792K, reserved 1048576K
}
Event: 1.827 GC heap before
{Heap before GC invocations=5 (full 0):
 PSYoungGen      total 34304K, used 34302K [0x000000066ab00000, 0x000000066cf00000, 0x00000007c0000000)
  eden space 31744K, 100% used [0x000000066ab00000,0x000000066ca00000,0x000000066ca00000)
  from space 2560K, 99% used [0x000000066cc80000,0x000000066ceffa18,0x000000066cf00000)
  to   space 2560K, 0% used [0x000000066ca00000,0x000000066ca00000,0x000000066cc80000)
 ParOldGen       total 42496K, used 3772K [0x00000003c0000000, 0x00000003c2980000, 0x000000066ab00000)
  object space 42496K, 8% used [0x00000003c0000000,0x00000003c03af188,0x00000003c2980000)
 Metaspace       used 15286K, capacity 15398K, committed 15616K, reserved 1062912K
  class space    used 1979K, capacity 2001K, committed 2048K, reserved 1048576K
Event: 1.832 GC heap after
Heap after GC invocations=5 (full 0):
 PSYoungGen      total 34304K, used 2558K [0x000000066ab00000, 0x000000066f300000, 0x00000007c0000000)
  eden space 31744K, 0% used [0x000000066ab00000,0x000000066ab00000,0x000000066ca00000)
  from space 2560K, 99% used [0x000000066ca00000,0x000000066cc7fa38,0x000000066cc80000)
  to   space 5120K, 0% used [0x000000066ee00000,0x000000066ee00000,0x000000066f300000)
 ParOldGen       total 42496K, used 6115K [0x00000003c0000000, 0x00000003c2980000, 0x000000066ab00000)
  object space 42496K, 14% used [0x00000003c0000000,0x00000003c05f8d88,0x00000003c2980000)
 Metaspace       used 15286K, capacity 15398K, committed 15616K, reserved 1062912K
  class space    used 1979K, capacity 2001K, committed 2048K, reserved 1048576K
}
Event: 2.133 GC heap before
{Heap before GC invocations=6 (full 0):
 PSYoungGen      total 34304K, used 34302K [0x000000066ab00000, 0x000000066f300000, 0x00000007c0000000)
  eden space 31744K, 100% used [0x000000066ab00000,0x000000066ca00000,0x000000066ca00000)
  from space 2560K, 99% used [0x000000066ca00000,0x000000066cc7fa38,0x000000066cc80000)
  to   space 5120K, 0% used [0x000000066ee00000,0x000000066ee00000,0x000000066f300000)
 ParOldGen       total 42496K, used 6115K [0x00000003c0000000, 0x00000003c2980000, 0x000000066ab00000)
  object space 42496K, 14% used [0x00000003c0000000,0x00000003c05f8d88,0x00000003c2980000)
 Metaspace       used 15595K, capacity 15672K, committed 15872K, reserved 1062912K
  class space    used 1982K, capacity 2004K, committed 2048K, reserved 1048576K
Event: 2.140 GC heap after
Heap after GC invocations=6 (full 0):
 PSYoungGen      total 68608K, used 3598K [0x000000066ab00000, 0x000000066f300000, 0x00000007c0000000)
  eden space 63488K, 0% used [0x000000066ab00000,0x000000066ab00000,0x000000066e900000)
  from space 5120K, 70% used [0x000000066ee00000,0x000000066f183a08,0x000000066f300000)
  to   space 5120K, 0% used [0x000000066e900000,0x000000066e900000,0x000000066ee00000)
 ParOldGen       total 42496K, used 6123K [0x00000003c0000000, 0x00000003c2980000, 0x000000066ab00000)
  object space 42496K, 14% used [0x00000003c0000000,0x00000003c05fad88,0x00000003c2980000)
 Metaspace       used 15595K, capacity 15672K, committed 15872K, reserved 1062912K
  class space    used 1982K, capacity 2004K, committed 2048K, reserved 1048576K
}
Event: 2.788 GC heap before
{Heap before GC invocations=7 (full 0):
 PSYoungGen      total 68608K, used 67086K [0x000000066ab00000, 0x000000066f300000, 0x00000007c0000000)
  eden space 63488K, 100% used [0x000000066ab00000,0x000000066e900000,0x000000066e900000)
  from space 5120K, 70% used [0x000000066ee00000,0x000000066f183a08,0x000000066f300000)
  to   space 5120K, 0% used [0x000000066e900000,0x000000066e900000,0x000000066ee00000)
 ParOldGen       total 42496K, used 6123K [0x00000003c0000000, 0x00000003c2980000, 0x000000066ab00000)
  object space 42496K, 14% used [0x00000003c0000000,0x00000003c05fad88,0x00000003c2980000)
 Metaspace       used 17098K, capacity 17240K, committed 17408K, reserved 1064960K
  class space    used 2191K, capacity 2228K, committed 2304K, reserved 1048576K
Event: 2.795 GC heap after
Heap after GC invocations=7 (full 0):
 PSYoungGen      total 68608K, used 3090K [0x000000066ab00000, 0x0000000673100000, 0x00000007c0000000)
  eden space 63488K, 0% used [0x000000066ab00000,0x000000066ab00000,0x000000066e900000)
  from space 5120K, 60% used [0x000000066e900000,0x000000066ec04a78,0x000000066ee00000)
  to   space 5120K, 0% used [0x0000000672c00000,0x0000000672c00000,0x0000000673100000)
 ParOldGen       total 42496K, used 7256K [0x00000003c0000000, 0x00000003c2980000, 0x000000066ab00000)
  object space 42496K, 17% used [0x00000003c0000000,0x00000003c07160c0,0x00000003c2980000)
 Metaspace       used 17098K, capacity 17240K, committed 17408K, reserved 1064960K
  class space    used 2191K, capacity 2228K, committed 2304K, reserved 1048576K
}
Event: 3.376 GC heap before
{Heap before GC invocations=8 (full 0):
 PSYoungGen      total 68608K, used 44849K [0x000000066ab00000, 0x0000000673100000, 0x00000007c0000000)
  eden space 63488K, 65% used [0x000000066ab00000,0x000000066d3c7d18,0x000000066e900000)
  from space 5120K, 60% used [0x000000066e900000,0x000000066ec04a78,0x000000066ee00000)
  to   space 5120K, 0% used [0x0000000672c00000,0x0000000672c00000,0x0000000673100000)
 ParOldGen       total 42496K, used 7256K [0x00000003c0000000, 0x00000003c2980000, 0x000000066ab00000)
  object space 42496K, 17% used [0x00000003c0000000,0x00000003c07160c0,0x00000003c2980000)
 Metaspace       used 20903K, capacity 21080K, committed 21248K, reserved 1067008K
  class space    used 2666K, capacity 2760K, committed 2816K, reserved 1048576K
Event: 3.382 GC heap after
Heap after GC invocations=8 (full 0):
 PSYoungGen      total 132096K, used 3994K [0x000000066ab00000, 0x0000000673100000, 0x00000007c0000000)
  eden space 126976K, 0% used [0x000000066ab00000,0x000000066ab00000,0x0000000672700000)
  from space 5120K, 78% used [0x0000000672c00000,0x0000000672fe6ba8,0x0000000673100000)
  to   space 5120K, 0% used [0x0000000672700000,0x0000000672700000,0x0000000672c00000)
 ParOldGen       total 42496K, used 7824K [0x00000003c0000000, 0x00000003c2980000, 0x000000066ab00000)
  object space 42496K, 18% used [0x00000003c0000000,0x00000003c07a40d0,0x00000003c2980000)
 Metaspace       used 20903K, capacity 21080K, committed 21248K, reserved 1067008K
  class space    used 2666K, capacity 2760K, committed 2816K, reserved 1048576K
}
Event: 3.383 GC heap before
{Heap before GC invocations=9 (full 1):
 PSYoungGen      total 132096K, used 3994K [0x000000066ab00000, 0x0000000673100000, 0x00000007c0000000)
  eden space 126976K, 0% used [0x000000066ab00000,0x000000066ab00000,0x0000000672700000)
  from space 5120K, 78% used [0x0000000672c00000,0x0000000672fe6ba8,0x0000000673100000)
  to   space 5120K, 0% used [0x0000000672700000,0x0000000672700000,0x0000000672c00000)
 ParOldGen       total 42496K, used 7824K [0x00000003c0000000, 0x00000003c2980000, 0x000000066ab00000)
  object space 42496K, 18% used [0x00000003c0000000,0x00000003c07a40d0,0x00000003c2980000)
 Metaspace       used 20903K, capacity 21080K, committed 21248K, reserved 1067008K
  class space    used 2666K, capacity 2760K, committed 2816K, reserved 1048576K
Event: 3.414 GC heap after
Heap after GC invocations=9 (full 1):
 PSYoungGen      total 132096K, used 0K [0x000000066ab00000, 0x0000000673100000, 0x00000007c0000000)
  eden space 126976K, 0% used [0x000000066ab00000,0x000000066ab00000,0x0000000672700000)
  from space 5120K, 0% used [0x0000000672c00000,0x0000000672c00000,0x0000000673100000)
  to   space 5120K, 0% used [0x0000000672700000,0x0000000672700000,0x0000000672c00000)
 ParOldGen       total 32768K, used 7612K [0x00000003c0000000, 0x00000003c2000000, 0x000000066ab00000)
  object space 32768K, 23% used [0x00000003c0000000,0x00000003c076f288,0x00000003c2000000)
 Metaspace       used 20903K, capacity 21080K, committed 21248K, reserved 1067008K
  class space    used 2666K, capacity 2760K, committed 2816K, reserved 1048576K
}
Event: 5.091 GC heap before
{Heap before GC invocations=10 (full 1):
 PSYoungGen      total 132096K, used 126976K [0x000000066ab00000, 0x0000000673100000, 0x00000007c0000000)
  eden space 126976K, 100% used [0x000000066ab00000,0x0000000672700000,0x0000000672700000)
  from space 5120K, 0% used [0x0000000672c00000,0x0000000672c00000,0x0000000673100000)
  to   space 5120K, 0% used [0x0000000672700000,0x0000000672700000,0x0000000672c00000)
 ParOldGen       total 32768K, used 7612K [0x00000003c0000000, 0x00000003c2000000, 0x000000066ab00000)
  object space 32768K, 23% used [0x00000003c0000000,0x00000003c076f288,0x00000003c2000000)
 Metaspace       used 32401K, capacity 32658K, committed 33024K, reserved 1077248K
  class space    used 4223K, capacity 4309K, committed 4352K, reserved 1048576K
Event: 5.107 GC heap after
Heap after GC invocations=10 (full 1):
 PSYoungGen      total 132096K, used 5110K [0x000000066ab00000, 0x0000000676280000, 0x00000007c0000000)
  eden space 126976K, 0% used [0x000000066ab00000,0x000000066ab00000,0x0000000672700000)
  from space 5120K, 99% used [0x0000000672700000,0x0000000672bfdbf8,0x0000000672c00000)
  to   space 8192K, 0% used [0x0000000675a80000,0x0000000675a80000,0x0000000676280000)
 ParOldGen       total 32768K, used 14641K [0x00000003c0000000, 0x00000003c2000000, 0x000000066ab00000)
  object space 32768K, 44% used [0x00000003c0000000,0x00000003c0e4c4e0,0x00000003c2000000)
 Metaspace       used 32401K, capacity 32658K, committed 33024K, reserved 1077248K
  class space    used 4223K, capacity 4309K, committed 4352K, reserved 1048576K
}
Event: 8.105 GC heap before
{Heap before GC invocations=11 (full 1):
 PSYoungGen      total 132096K, used 62051K [0x000000066ab00000, 0x0000000676280000, 0x00000007c0000000)
  eden space 126976K, 44% used [0x000000066ab00000,0x000000066e29b268,0x0000000672700000)
  from space 5120K, 99% used [0x0000000672700000,0x0000000672bfdbf8,0x0000000672c00000)
  to   space 8192K, 0% used [0x0000000675a80000,0x0000000675a80000,0x0000000676280000)
 ParOldGen       total 32768K, used 14641K [0x00000003c0000000, 0x00000003c2000000, 0x000000066ab00000)
  object space 32768K, 44% used [0x00000003c0000000,0x00000003c0e4c4e0,0x00000003c2000000)
 Metaspace       used 34970K, capacity 35186K, committed 35416K, reserved 1079296K
  class space    used 4568K, capacity 4661K, committed 4696K, reserved 1048576K
Event: 8.112 GC heap after
Heap after GC invocations=11 (full 1):
 PSYoungGen      total 173056K, used 5796K [0x000000066ab00000, 0x0000000676080000, 0x00000007c0000000)
  eden space 166912K, 0% used [0x000000066ab00000,0x000000066ab00000,0x0000000674e00000)
  from space 6144K, 94% used [0x0000000675a80000,0x0000000676029058,0x0000000676080000)
  to   space 8192K, 0% used [0x0000000675080000,0x0000000675080000,0x0000000675880000)
 ParOldGen       total 32768K, used 14649K [0x00000003c0000000, 0x00000003c2000000, 0x000000066ab00000)
  object space 32768K, 44% used [0x00000003c0000000,0x00000003c0e4e4e0,0x00000003c2000000)
 Metaspace       used 34970K, capacity 35186K, committed 35416K, reserved 1079296K
  class space    used 4568K, capacity 4661K, committed 4696K, reserved 1048576K
}
Event: 8.112 GC heap before
{Heap before GC invocations=12 (full 2):
 PSYoungGen      total 173056K, used 5796K [0x000000066ab00000, 0x0000000676080000, 0x00000007c0000000)
  eden space 166912K, 0% used [0x000000066ab00000,0x000000066ab00000,0x0000000674e00000)
  from space 6144K, 94% used [0x0000000675a80000,0x0000000676029058,0x0000000676080000)
  to   space 8192K, 0% used [0x0000000675080000,0x0000000675080000,0x0000000675880000)
 ParOldGen       total 32768K, used 14649K [0x00000003c0000000, 0x00000003c2000000, 0x000000066ab00000)
  object space 32768K, 44% used [0x00000003c0000000,0x00000003c0e4e4e0,0x00000003c2000000)
 Metaspace       used 34970K, capacity 35186K, committed 35416K, reserved 1079296K
  class space    used 4568K, capacity 4661K, committed 4696K, reserved 1048576K
Event: 8.162 GC heap after
Heap after GC invocations=12 (full 2):
 PSYoungGen      total 173056K, used 0K [0x000000066ab00000, 0x0000000676080000, 0x00000007c0000000)
  eden space 166912K, 0% used [0x000000066ab00000,0x000000066ab00000,0x0000000674e00000)
  from space 6144K, 0% used [0x0000000675a80000,0x0000000675a80000,0x0000000676080000)
  to   space 8192K, 0% used [0x0000000675080000,0x0000000675080000,0x0000000675880000)
 ParOldGen       total 48128K, used 9345K [0x00000003c0000000, 0x00000003c2f00000, 0x000000066ab00000)
  object space 48128K, 19% used [0x00000003c0000000,0x00000003c09204d8,0x00000003c2f00000)
 Metaspace       used 34970K, capacity 35186K, committed 35416K, reserved 1079296K
  class space    used 4568K, capacity 4661K, committed 4696K, reserved 1048576K
}
Event: 10.166 GC heap before
{Heap before GC invocations=13 (full 2):
 PSYoungGen      total 173056K, used 166912K [0x000000066ab00000, 0x0000000676080000, 0x00000007c0000000)
  eden space 166912K, 100% used [0x000000066ab00000,0x0000000674e00000,0x0000000674e00000)
  from space 6144K, 0% used [0x0000000675a80000,0x0000000675a80000,0x0000000676080000)
  to   space 8192K, 0% used [0x0000000675080000,0x0000000675080000,0x0000000675880000)
 ParOldGen       total 48128K, used 9345K [0x00000003c0000000, 0x00000003c2f00000, 0x000000066ab00000)
  object space 48128K, 19% used [0x00000003c0000000,0x00000003c09204d8,0x00000003c2f00000)
 Metaspace       used 51541K, capacity 51878K, committed 52312K, reserved 1093632K
  class space    used 7119K, capacity 7202K, committed 7256K, reserved 1048576K
Event: 10.185 GC heap after
Heap after GC invocations=13 (full 2):
 PSYoungGen      total 177664K, used 8175K [0x000000066ab00000, 0x0000000679a00000, 0x00000007c0000000)
  eden space 169472K, 0% used [0x000000066ab00000,0x000000066ab00000,0x0000000675080000)
  from space 8192K, 99% used [0x0000000675080000,0x000000067587be78,0x0000000675880000)
  to   space 13824K, 0% used [0x0000000678c80000,0x0000000678c80000,0x0000000679a00000)
 ParOldGen       total 48128K, used 21728K [0x00000003c0000000, 0x00000003c2f00000, 0x000000066ab00000)
  object space 48128K, 45% used [0x00000003c0000000,0x00000003c15382e0,0x00000003c2f00000)
 Metaspace       used 51541K, capacity 51878K, committed 52312K, reserved 1093632K
  class space    used 7119K, capacity 7202K, committed 7256K, reserved 1048576K
}
Event: 14.661 GC heap before
{Heap before GC invocations=14 (full 2):
 PSYoungGen      total 177664K, used 158654K [0x000000066ab00000, 0x0000000679a00000, 0x00000007c0000000)
  eden space 169472K, 88% used [0x000000066ab00000,0x0000000673df3c80,0x0000000675080000)
  from space 8192K, 99% used [0x0000000675080000,0x000000067587be78,0x0000000675880000)
  to   space 13824K, 0% used [0x0000000678c80000,0x0000000678c80000,0x0000000679a00000)
 ParOldGen       total 48128K, used 21728K [0x00000003c0000000, 0x00000003c2f00000, 0x000000066ab00000)
  object space 48128K, 45% used [0x00000003c0000000,0x00000003c15382e0,0x00000003c2f00000)
 Metaspace       used 58502K, capacity 58896K, committed 59028K, reserved 1099776K
  class space    used 8178K, capacity 8297K, committed 8340K, reserved 1048576K
Event: 14.687 GC heap after
Heap after GC invocations=14 (full 2):
 PSYoungGen      total 230912K, used 8017K [0x000000066ab00000, 0x0000000679b00000, 0x00000007c0000000)
  eden space 217088K, 0% used [0x000000066ab00000,0x000000066ab00000,0x0000000677f00000)
  from space 13824K, 57% used [0x0000000678c80000,0x0000000679454718,0x0000000679a00000)
  to   space 13824K, 0% used [0x0000000677f00000,0x0000000677f00000,0x0000000678c80000)
 ParOldGen       total 65024K, used 59983K [0x00000003c0000000, 0x00000003c3f80000, 0x000000066ab00000)
  object space 65024K, 92% used [0x00000003c0000000,0x00000003c3a93fe8,0x00000003c3f80000)
 Metaspace       used 58502K, capacity 58896K, committed 59028K, reserved 1099776K
  class space    used 8178K, capacity 8297K, committed 8340K, reserved 1048576K
}
Event: 14.687 GC heap before
{Heap before GC invocations=15 (full 3):
 PSYoungGen      total 230912K, used 8017K [0x000000066ab00000, 0x0000000679b00000, 0x00000007c0000000)
  eden space 217088K, 0% used [0x000000066ab00000,0x000000066ab00000,0x0000000677f00000)
  from space 13824K, 57% used [0x0000000678c80000,0x0000000679454718,0x0000000679a00000)
  to   space 13824K, 0% used [0x0000000677f00000,0x0000000677f00000,0x0000000678c80000)
 ParOldGen       total 65024K, used 59983K [0x00000003c0000000, 0x00000003c3f80000, 0x000000066ab00000)
  object space 65024K, 92% used [0x00000003c0000000,0x00000003c3a93fe8,0x00000003c3f80000)
 Metaspace       used 58502K, capacity 58896K, committed 59028K, reserved 1099776K
  class space    used 8178K, capacity 8297K, committed 8340K, reserved 1048576K
Event: 14.774 GC heap after
Heap after GC invocations=15 (full 3):
 PSYoungGen      total 230912K, used 0K [0x000000066ab00000, 0x0000000679b00000, 0x00000007c0000000)
  eden space 217088K, 0% used [0x000000066ab00000,0x000000066ab00000,0x0000000677f00000)
  from space 13824K, 0% used [0x0000000678c80000,0x0000000678c80000,0x0000000679a00000)
  to   space 13824K, 0% used [0x0000000677f00000,0x0000000677f00000,0x0000000678c80000)
 ParOldGen       total 118784K, used 51941K [0x00000003c0000000, 0x00000003c7400000, 0x000000066ab00000)
  object space 118784K, 43% used [0x00000003c0000000,0x00000003c32b95d8,0x00000003c7400000)
 Metaspace       used 58498K, capacity 58890K, committed 59028K, reserved 1099776K
  class space    used 8177K, capacity 8296K, committed 8340K, reserved 1048576K
}
Event: 18.458 GC heap before
{Heap before GC invocations=16 (full 3):
 PSYoungGen      total 230912K, used 209557K [0x000000066ab00000, 0x0000000679b00000, 0x00000007c0000000)
  eden space 217088K, 96% used [0x000000066ab00000,0x00000006777a5470,0x0000000677f00000)
  from space 13824K, 0% used [0x0000000678c80000,0x0000000678c80000,0x0000000679a00000)
  to   space 13824K, 0% used [0x0000000677f00000,0x0000000677f00000,0x0000000678c80000)
 ParOldGen       total 118784K, used 51941K [0x00000003c0000000, 0x00000003c7400000, 0x000000066ab00000)
  object space 118784K, 43% used [0x00000003c0000000,0x00000003c32b95d8,0x00000003c7400000)
 Metaspace       used 77527K, capacity 78164K, committed 78356K, reserved 1116160K
  class space    used 11132K, capacity 11281K, committed 11284K, reserved 1048576K
Event: 18.480 GC heap after
Heap after GC invocations=16 (full 3):
 PSYoungGen      total 230912K, used 13793K [0x000000066ab00000, 0x000000067db80000, 0x00000007c0000000)
  eden space 217088K, 0% used [0x000000066ab00000,0x000000066ab00000,0x0000000677f00000)
  from space 13824K, 99% used [0x0000000677f00000,0x0000000678c78608,0x0000000678c80000)
  to   space 19456K, 0% used [0x000000067c880000,0x000000067c880000,0x000000067db80000)
 ParOldGen       total 118784K, used 61326K [0x00000003c0000000, 0x00000003c7400000, 0x000000066ab00000)
  object space 118784K, 51% used [0x00000003c0000000,0x00000003c3be3ab8,0x00000003c7400000)
 Metaspace       used 77527K, capacity 78164K, committed 78356K, reserved 1116160K
  class space    used 11132K, capacity 11281K, committed 11284K, reserved 1048576K
}
Event: 38.069 GC heap before
{Heap before GC invocations=17 (full 3):
 PSYoungGen      total 230912K, used 225630K [0x000000066ab00000, 0x000000067db80000, 0x00000007c0000000)
  eden space 217088K, 97% used [0x000000066ab00000,0x00000006779df398,0x0000000677f00000)
  from space 13824K, 99% used [0x0000000677f00000,0x0000000678c78608,0x0000000678c80000)
  to   space 19456K, 0% used [0x000000067c880000,0x000000067c880000,0x000000067db80000)
 ParOldGen       total 118784K, used 61326K [0x00000003c0000000, 0x00000003c7400000, 0x000000066ab00000)
  object space 118784K, 51% used [0x00000003c0000000,0x00000003c3be3ab8,0x00000003c7400000)
 Metaspace       used 79068K, capacity 79656K, committed 79892K, reserved 1118208K
  class space    used 11311K, capacity 11451K, committed 11540K, reserved 1048576K
Event: 38.091 GC heap after
Heap after GC invocations=17 (full 3):
 PSYoungGen      total 283136K, used 17593K [0x000000066ab00000, 0x000000067da00000, 0x00000007c0000000)
  eden space 265216K, 0% used [0x000000066ab00000,0x000000066ab00000,0x000000067ae00000)
  from space 17920K, 98% used [0x000000067c880000,0x000000067d9ae430,0x000000067da00000)
  to   space 21504K, 0% used [0x000000067b000000,0x000000067b000000,0x000000067c500000)
 ParOldGen       total 118784K, used 68153K [0x00000003c0000000, 0x00000003c7400000, 0x000000066ab00000)
  object space 118784K, 57% used [0x00000003c0000000,0x00000003c428e760,0x00000003c7400000)
 Metaspace       used 79068K, capacity 79656K, committed 79892K, reserved 1118208K
  class space    used 11311K, capacity 11451K, committed 11540K, reserved 1048576K
}
Event: 55.230 GC heap before
{Heap before GC invocations=18 (full 3):
 PSYoungGen      total 283136K, used 280402K [0x000000066ab00000, 0x000000067da00000, 0x00000007c0000000)
  eden space 265216K, 99% used [0x000000066ab00000,0x000000067aba6570,0x000000067ae00000)
  from space 17920K, 98% used [0x000000067c880000,0x000000067d9ae430,0x000000067da00000)
  to   space 21504K, 0% used [0x000000067b000000,0x000000067b000000,0x000000067c500000)
 ParOldGen       total 118784K, used 68153K [0x00000003c0000000, 0x00000003c7400000, 0x000000066ab00000)
  object space 118784K, 57% used [0x00000003c0000000,0x00000003c428e760,0x00000003c7400000)
 Metaspace       used 83652K, capacity 84348K, committed 84500K, reserved 1122304K
  class space    used 11868K, capacity 12034K, committed 12052K, reserved 1048576K
Event: 55.253 GC heap after
Heap after GC invocations=18 (full 3):
 PSYoungGen      total 288768K, used 8625K [0x000000066ab00000, 0x0000000680800000, 0x00000007c0000000)
  eden space 267264K, 0% used [0x000000066ab00000,0x000000066ab00000,0x000000067b000000)
  from space 21504K, 40% used [0x000000067b000000,0x000000067b86c428,0x000000067c500000)
  to   space 20480K, 0% used [0x000000067f400000,0x000000067f400000,0x0000000680800000)
 ParOldGen       total 118784K, used 68153K [0x00000003c0000000, 0x00000003c7400000, 0x000000066ab00000)
  object space 118784K, 57% used [0x00000003c0000000,0x00000003c428e760,0x00000003c7400000)
 Metaspace       used 83652K, capacity 84348K, committed 84500K, reserved 1122304K
  class space    used 11868K, capacity 12034K, committed 12052K, reserved 1048576K
}
Event: 70.099 GC heap before
{Heap before GC invocations=19 (full 3):
 PSYoungGen      total 288768K, used 273034K [0x000000066ab00000, 0x0000000680800000, 0x00000007c0000000)
  eden space 267264K, 98% used [0x000000066ab00000,0x000000067ad36578,0x000000067b000000)
  from space 21504K, 40% used [0x000000067b000000,0x000000067b86c428,0x000000067c500000)
  to   space 20480K, 0% used [0x000000067f400000,0x000000067f400000,0x0000000680800000)
 ParOldGen       total 118784K, used 68153K [0x00000003c0000000, 0x00000003c7400000, 0x000000066ab00000)
  object space 118784K, 57% used [0x00000003c0000000,0x00000003c428e760,0x00000003c7400000)
 Metaspace       used 85143K, capacity 86000K, committed 86292K, reserved 1124352K
  class space    used 12048K, capacity 12250K, committed 12308K, reserved 1048576K
Event: 70.113 GC heap after
Heap after GC invocations=19 (full 3):
 PSYoungGen      total 325632K, used 6756K [0x000000066ab00000, 0x0000000680200000, 0x00000007c0000000)
  eden space 311296K, 0% used [0x000000066ab00000,0x000000066ab00000,0x000000067db00000)
  from space 14336K, 47% used [0x000000067f400000,0x000000067fa99248,0x0000000680200000)
  to   space 19968K, 0% used [0x000000067db00000,0x000000067db00000,0x000000067ee80000)
 ParOldGen       total 118784K, used 68161K [0x00000003c0000000, 0x00000003c7400000, 0x000000066ab00000)
  object space 118784K, 57% used [0x00000003c0000000,0x00000003c4290760,0x00000003c7400000)
 Metaspace       used 85143K, capacity 86000K, committed 86292K, reserved 1124352K
  class space    used 12048K, capacity 12250K, committed 12308K, reserved 1048576K
}
Event: 70.679 GC heap before
{Heap before GC invocations=20 (full 3):
 PSYoungGen      total 325632K, used 318052K [0x000000066ab00000, 0x0000000680200000, 0x00000007c0000000)
  eden space 311296K, 100% used [0x000000066ab00000,0x000000067db00000,0x000000067db00000)
  from space 14336K, 47% used [0x000000067f400000,0x000000067fa99248,0x0000000680200000)
  to   space 19968K, 0% used [0x000000067db00000,0x000000067db00000,0x000000067ee80000)
 ParOldGen       total 118784K, used 68161K [0x00000003c0000000, 0x00000003c7400000, 0x000000066ab00000)
  object space 118784K, 57% used [0x00000003c0000000,0x00000003c4290760,0x00000003c7400000)
 Metaspace       used 85207K, capacity 86044K, committed 86292K, reserved 1124352K
  class space    used 12052K, capacity 12256K, committed 12308K, reserved 1048576K
Event: 70.733 GC heap after
Heap after GC invocations=20 (full 3):
 PSYoungGen      total 331264K, used 19926K [0x000000066ab00000, 0x0000000685d00000, 0x00000007c0000000)
  eden space 311296K, 0% used [0x000000066ab00000,0x000000066ab00000,0x000000067db00000)
  from space 19968K, 99% used [0x000000067db00000,0x000000067ee75a48,0x000000067ee80000)
  to   space 23040K, 0% used [0x0000000684680000,0x0000000684680000,0x0000000685d00000)
 ParOldGen       total 154112K, used 151218K [0x00000003c0000000, 0x00000003c9680000, 0x000000066ab00000)
  object space 154112K, 98% used [0x00000003c0000000,0x00000003c93aca40,0x00000003c9680000)
 Metaspace       used 85207K, capacity 86044K, committed 86292K, reserved 1124352K
  class space    used 12052K, capacity 12256K, committed 12308K, reserved 1048576K
}
Event: 70.733 GC heap before
{Heap before GC invocations=21 (full 4):
 PSYoungGen      total 331264K, used 19926K [0x000000066ab00000, 0x0000000685d00000, 0x00000007c0000000)
  eden space 311296K, 0% used [0x000000066ab00000,0x000000066ab00000,0x000000067db00000)
  from space 19968K, 99% used [0x000000067db00000,0x000000067ee75a48,0x000000067ee80000)
  to   space 23040K, 0% used [0x0000000684680000,0x0000000684680000,0x0000000685d00000)
 ParOldGen       total 154112K, used 151218K [0x00000003c0000000, 0x00000003c9680000, 0x000000066ab00000)
  object space 154112K, 98% used [0x00000003c0000000,0x00000003c93aca40,0x00000003c9680000)
 Metaspace       used 85207K, capacity 86044K, committed 86292K, reserved 1124352K
  class space    used 12052K, capacity 12256K, committed 12308K, reserved 1048576K
Event: 70.867 GC heap after
Heap after GC invocations=21 (full 4):
 PSYoungGen      total 331264K, used 0K [0x000000066ab00000, 0x0000000685d00000, 0x00000007c0000000)
  eden space 311296K, 0% used [0x000000066ab00000,0x000000066ab00000,0x000000067db00000)
  from space 19968K, 0% used [0x000000067db00000,0x000000067db00000,0x000000067ee80000)
  to   space 23040K, 0% used [0x0000000684680000,0x0000000684680000,0x0000000685d00000)
 ParOldGen       total 219136K, used 119850K [0x00000003c0000000, 0x00000003cd600000, 0x000000066ab00000)
  object space 219136K, 54% used [0x00000003c0000000,0x00000003c750abd0,0x00000003cd600000)
 Metaspace       used 85196K, capacity 86026K, committed 86292K, reserved 1124352K
  class space    used 12051K, capacity 12253K, committed 12308K, reserved 1048576K
}
Event: 71.254 GC heap before
{Heap before GC invocations=22 (full 4):
 PSYoungGen      total 331264K, used 311296K [0x000000066ab00000, 0x0000000685d00000, 0x00000007c0000000)
  eden space 311296K, 100% used [0x000000066ab00000,0x000000067db00000,0x000000067db00000)
  from space 19968K, 0% used [0x000000067db00000,0x000000067db00000,0x000000067ee80000)
  to   space 23040K, 0% used [0x0000000684680000,0x0000000684680000,0x0000000685d00000)
 ParOldGen       total 219136K, used 119850K [0x00000003c0000000, 0x00000003cd600000, 0x000000066ab00000)
  object space 219136K, 54% used [0x00000003c0000000,0x00000003c750abd0,0x00000003cd600000)
 Metaspace       used 85202K, capacity 86026K, committed 86292K, reserved 1124352K
  class space    used 12051K, capacity 12253K, committed 12308K, reserved 1048576K
Event: 71.257 GC heap after
Heap after GC invocations=22 (full 4):
 PSYoungGen      total 421376K, used 896K [0x000000066ab00000, 0x0000000685d80000, 0x00000007c0000000)
  eden space 398336K, 0% used [0x000000066ab00000,0x000000066ab00000,0x0000000683000000)
  from space 23040K, 3% used [0x0000000684680000,0x0000000684760000,0x0000000685d00000)
  to   space 23040K, 0% used [0x0000000683000000,0x0000000683000000,0x0000000684680000)
 ParOldGen       total 219136K, used 119850K [0x00000003c0000000, 0x00000003cd600000, 0x000000066ab00000)
  object space 219136K, 54% used [0x00000003c0000000,0x00000003c750abd0,0x00000003cd600000)
 Metaspace       used 85202K, capacity 86026K, committed 86292K, reserved 1124352K
  class space    used 12051K, capacity 12253K, committed 12308K, reserved 1048576K
}
Event: 71.680 GC heap before
{Heap before GC invocations=23 (full 4):
 PSYoungGen      total 421376K, used 399232K [0x000000066ab00000, 0x0000000685d80000, 0x00000007c0000000)
  eden space 398336K, 100% used [0x000000066ab00000,0x0000000683000000,0x0000000683000000)
  from space 23040K, 3% used [0x0000000684680000,0x0000000684760000,0x0000000685d00000)
  to   space 23040K, 0% used [0x0000000683000000,0x0000000683000000,0x0000000684680000)
 ParOldGen       total 219136K, used 119850K [0x00000003c0000000, 0x00000003cd600000, 0x000000066ab00000)
  object space 219136K, 54% used [0x00000003c0000000,0x00000003c750abd0,0x00000003cd600000)
 Metaspace       used 85206K, capacity 86026K, committed 86292K, reserved 1124352K
  class space    used 12051K, capacity 12253K, committed 12308K, reserved 1048576K
Event: 71.688 GC heap after
Heap after GC invocations=23 (full 4):
 PSYoungGen      total 421376K, used 2912K [0x000000066ab00000, 0x000000068c880000, 0x00000007c0000000)
  eden space 398336K, 0% used [0x000000066ab00000,0x000000066ab00000,0x0000000683000000)
  from space 23040K, 12% used [0x0000000683000000,0x00000006832d8000,0x0000000684680000)
  to   space 22528K, 0% used [0x000000068b280000,0x000000068b280000,0x000000068c880000)
 ParOldGen       total 219136K, used 119850K [0x00000003c0000000, 0x00000003cd600000, 0x000000066ab00000)
  object space 219136K, 54% used [0x00000003c0000000,0x00000003c750abd0,0x00000003cd600000)
 Metaspace       used 85206K, capacity 86026K, committed 86292K, reserved 1124352K
  class space    used 12051K, capacity 12253K, committed 12308K, reserved 1048576K
}
Event: 72.040 GC heap before
{Heap before GC invocations=24 (full 4):
 PSYoungGen      total 421376K, used 401248K [0x000000066ab00000, 0x000000068c880000, 0x00000007c0000000)
  eden space 398336K, 100% used [0x000000066ab00000,0x0000000683000000,0x0000000683000000)
  from space 23040K, 12% used [0x0000000683000000,0x00000006832d8000,0x0000000684680000)
  to   space 22528K, 0% used [0x000000068b280000,0x000000068b280000,0x000000068c880000)
 ParOldGen       total 219136K, used 119850K [0x00000003c0000000, 0x00000003cd600000, 0x000000066ab00000)
  object space 219136K, 54% used [0x00000003c0000000,0x00000003c750abd0,0x00000003cd600000)
 Metaspace       used 85206K, capacity 86026K, committed 86292K, reserved 1124352K
  class space    used 12051K, capacity 12253K, committed 12308K, reserved 1048576K
Event: 72.044 GC heap after
Heap after GC invocations=24 (full 4):
 PSYoungGen      total 523776K, used 160K [0x000000066ab00000, 0x000000068c480000, 0x00000007c0000000)
  eden space 505344K, 0% used [0x000000066ab00000,0x000000066ab00000,0x0000000689880000)
  from space 18432K, 0% used [0x000000068b280000,0x000000068b2a8000,0x000000068c480000)
  to   space 22528K, 0% used [0x0000000689880000,0x0000000689880000,0x000000068ae80000)
 ParOldGen       total 219136K, used 120010K [0x00000003c0000000, 0x00000003cd600000, 0x000000066ab00000)
  object space 219136K, 54% used [0x00000003c0000000,0x00000003c7532bd0,0x00000003cd600000)
 Metaspace       used 85206K, capacity 86026K, committed 86292K, reserved 1124352K
  class space    used 12051K, capacity 12253K, committed 12308K, reserved 1048576K
}
Event: 72.605 GC heap before
{Heap before GC invocations=25 (full 4):
 PSYoungGen      total 523776K, used 505504K [0x000000066ab00000, 0x000000068c480000, 0x00000007c0000000)
  eden space 505344K, 100% used [0x000000066ab00000,0x0000000689880000,0x0000000689880000)
  from space 18432K, 0% used [0x000000068b280000,0x000000068b2a8000,0x000000068c480000)
  to   space 22528K, 0% used [0x0000000689880000,0x0000000689880000,0x000000068ae80000)
 ParOldGen       total 219136K, used 120010K [0x00000003c0000000, 0x00000003cd600000, 0x000000066ab00000)
  object space 219136K, 54% used [0x00000003c0000000,0x00000003c7532bd0,0x00000003cd600000)
 Metaspace       used 85221K, capacity 86090K, committed 86292K, reserved 1124352K
  class space    used 12051K, capacity 12253K, committed 12308K, reserved 1048576K
Event: 72.610 GC heap after
Heap after GC invocations=25 (full 4):
 PSYoungGen      total 527872K, used 736K [0x000000066ab00000, 0x0000000694300000, 0x00000007c0000000)
  eden space 505344K, 0% used [0x000000066ab00000,0x000000066ab00000,0x0000000689880000)
  from space 22528K, 3% used [0x0000000689880000,0x0000000689938000,0x000000068ae80000)
  to   space 22528K, 0% used [0x0000000692d00000,0x0000000692d00000,0x0000000694300000)
 ParOldGen       total 219136K, used 120018K [0x00000003c0000000, 0x00000003cd600000, 0x000000066ab00000)
  object space 219136K, 54% used [0x00000003c0000000,0x00000003c7534bd0,0x00000003cd600000)
 Metaspace       used 85221K, capacity 86090K, committed 86292K, reserved 1124352K
  class space    used 12051K, capacity 12253K, committed 12308K, reserved 1048576K
}
Event: 73.113 GC heap before
{Heap before GC invocations=26 (full 4):
 PSYoungGen      total 527872K, used 506080K [0x000000066ab00000, 0x0000000694300000, 0x00000007c0000000)
  eden space 505344K, 100% used [0x000000066ab00000,0x0000000689880000,0x0000000689880000)
  from space 22528K, 3% used [0x0000000689880000,0x0000000689938000,0x000000068ae80000)
  to   space 22528K, 0% used [0x0000000692d00000,0x0000000692d00000,0x0000000694300000)
 ParOldGen       total 219136K, used 120018K [0x00000003c0000000, 0x00000003cd600000, 0x000000066ab00000)
  object space 219136K, 54% used [0x00000003c0000000,0x00000003c7534bd0,0x00000003cd600000)
 Metaspace       used 85227K, capacity 86090K, committed 86292K, reserved 1124352K
  class space    used 12051K, capacity 12253K, committed 12308K, reserved 1048576K
Event: 73.118 GC heap after
Heap after GC invocations=26 (full 4):
 PSYoungGen      total 649216K, used 384K [0x000000066ab00000, 0x0000000693e80000, 0x00000007c0000000)
  eden space 631296K, 0% used [0x000000066ab00000,0x000000066ab00000,0x0000000691380000)
  from space 17920K, 2% used [0x0000000692d00000,0x0000000692d60000,0x0000000693e80000)
  to   space 22016K, 0% used [0x0000000691380000,0x0000000691380000,0x0000000692900000)
 ParOldGen       total 219136K, used 120018K [0x00000003c0000000, 0x00000003cd600000, 0x000000066ab00000)
  object space 219136K, 54% used [0x00000003c0000000,0x00000003c7534bd0,0x00000003cd600000)
 Metaspace       used 85227K, capacity 86090K, committed 86292K, reserved 1124352K
  class space    used 12051K, capacity 12253K, committed 12308K, reserved 1048576K
}
Event: 73.711 GC heap before
{Heap before GC invocations=27 (full 4):
 PSYoungGen      total 649216K, used 631680K [0x000000066ab00000, 0x0000000693e80000, 0x00000007c0000000)
  eden space 631296K, 100% used [0x000000066ab00000,0x0000000691380000,0x0000000691380000)
  from space 17920K, 2% used [0x0000000692d00000,0x0000000692d60000,0x0000000693e80000)
  to   space 22016K, 0% used [0x0000000691380000,0x0000000691380000,0x0000000692900000)
 ParOldGen       total 219136K, used 120018K [0x00000003c0000000, 0x00000003cd600000, 0x000000066ab00000)
  object space 219136K, 54% used [0x00000003c0000000,0x00000003c7534bd0,0x00000003cd600000)
 Metaspace       used 85229K, capacity 86090K, committed 86292K, reserved 1124352K
  class space    used 12051K, capacity 12253K, committed 12308K, reserved 1048576K
Event: 73.716 GC heap after
Heap after GC invocations=27 (full 4):
 PSYoungGen      total 653312K, used 1504K [0x000000066ab00000, 0x000000069cf00000, 0x00000007c0000000)
  eden space 631296K, 0% used [0x000000066ab00000,0x000000066ab00000,0x0000000691380000)
  from space 22016K, 6% used [0x0000000691380000,0x00000006914f8000,0x0000000692900000)
  to   space 21504K, 0% used [0x000000069ba00000,0x000000069ba00000,0x000000069cf00000)
 ParOldGen       total 219136K, used 120026K [0x00000003c0000000, 0x00000003cd600000, 0x000000066ab00000)
  object space 219136K, 54% used [0x00000003c0000000,0x00000003c7536bd0,0x00000003cd600000)
 Metaspace       used 85229K, capacity 86090K, committed 86292K, reserved 1124352K
  class space    used 12051K, capacity 12253K, committed 12308K, reserved 1048576K
}
Event: 74.214 GC heap before
{Heap before GC invocations=28 (full 4):
 PSYoungGen      total 653312K, used 632800K [0x000000066ab00000, 0x000000069cf00000, 0x00000007c0000000)
  eden space 631296K, 100% used [0x000000066ab00000,0x0000000691380000,0x0000000691380000)
  from space 22016K, 6% used [0x0000000691380000,0x00000006914f8000,0x0000000692900000)
  to   space 21504K, 0% used [0x000000069ba00000,0x000000069ba00000,0x000000069cf00000)
 ParOldGen       total 219136K, used 120026K [0x00000003c0000000, 0x00000003cd600000, 0x000000066ab00000)
  object space 219136K, 54% used [0x00000003c0000000,0x00000003c7536bd0,0x00000003cd600000)
 Metaspace       used 85230K, capacity 86090K, committed 86292K, reserved 1124352K
  class space    used 12051K, capacity 12253K, committed 12308K, reserved 1048576K
Event: 74.218 GC heap after
Heap after GC invocations=28 (full 4):
 PSYoungGen      total 784384K, used 1415K [0x000000066ab00000, 0x000000069c580000, 0x00000007c0000000)
  eden space 772608K, 0% used [0x000000066ab00000,0x000000066ab00000,0x0000000699d80000)
  from space 11776K, 12% used [0x000000069ba00000,0x000000069bb61c28,0x000000069c580000)
  to   space 20480K, 0% used [0x0000000699d80000,0x0000000699d80000,0x000000069b180000)
 ParOldGen       total 219136K, used 120034K [0x00000003c0000000, 0x00000003cd600000, 0x000000066ab00000)
  object space 219136K, 54% used [0x00000003c0000000,0x00000003c7538bd0,0x00000003cd600000)
 Metaspace       used 85230K, capacity 86090K, committed 86292K, reserved 1124352K
  class space    used 12051K, capacity 12253K, committed 12308K, reserved 1048576K
}
Event: 74.911 GC heap before
{Heap before GC invocations=29 (full 4):
 PSYoungGen      total 784384K, used 774023K [0x000000066ab00000, 0x000000069c580000, 0x00000007c0000000)
  eden space 772608K, 100% used [0x000000066ab00000,0x0000000699d80000,0x0000000699d80000)
  from space 11776K, 12% used [0x000000069ba00000,0x000000069bb61c28,0x000000069c580000)
  to   space 20480K, 0% used [0x0000000699d80000,0x0000000699d80000,0x000000069b180000)
 ParOldGen       total 219136K, used 120034K [0x00000003c0000000, 0x00000003cd600000, 0x000000066ab00000)
  object space 219136K, 54% used [0x00000003c0000000,0x00000003c7538bd0,0x00000003cd600000)
 Metaspace       used 85240K, capacity 86090K, committed 86292K, reserved 1124352K
  class space    used 12051K, capacity 12253K, committed 12308K, reserved 1048576K
Event: 74.917 GC heap after
Heap after GC invocations=29 (full 4):
 PSYoungGen      total 793088K, used 576K [0x000000066ab00000, 0x00000006a3f80000, 0x00000007c0000000)
  eden space 772608K, 0% used [0x000000066ab00000,0x000000066ab00000,0x0000000699d80000)
  from space 20480K, 2% used [0x0000000699d80000,0x0000000699e10000,0x000000069b180000)
  to   space 19968K, 0% used [0x00000006a2c00000,0x00000006a2c00000,0x00000006a3f80000)
 ParOldGen       total 219136K, used 120034K [0x00000003c0000000, 0x00000003cd600000, 0x000000066ab00000)
  object space 219136K, 54% used [0x00000003c0000000,0x00000003c7538bd0,0x00000003cd600000)
 Metaspace       used 85240K, capacity 86090K, committed 86292K, reserved 1124352K
  class space    used 12051K, capacity 12253K, committed 12308K, reserved 1048576K
}
Event: 75.524 GC heap before
{Heap before GC invocations=30 (full 4):
 PSYoungGen      total 793088K, used 773184K [0x000000066ab00000, 0x00000006a3f80000, 0x00000007c0000000)
  eden space 772608K, 100% used [0x000000066ab00000,0x0000000699d80000,0x0000000699d80000)
  from space 20480K, 2% used [0x0000000699d80000,0x0000000699e10000,0x000000069b180000)
  to   space 19968K, 0% used [0x00000006a2c00000,0x00000006a2c00000,0x00000006a3f80000)
 ParOldGen       total 219136K, used 120034K [0x00000003c0000000, 0x00000003cd600000, 0x000000066ab00000)
  object space 219136K, 54% used [0x00000003c0000000,0x00000003c7538bd0,0x00000003cd600000)
 Metaspace       used 85241K, capacity 86090K, committed 86292K, reserved 1124352K
  class space    used 12051K, capacity 12253K, committed 12308K, reserved 1048576K
Event: 75.528 GC heap after
Heap after GC invocations=30 (full 4):
 PSYoungGen      total 905216K, used 416K [0x000000066ab00000, 0x00000006a3800000, 0x00000007c0000000)
  eden space 892928K, 0% used [0x000000066ab00000,0x000000066ab00000,0x00000006a1300000)
  from space 12288K, 3% used [0x00000006a2c00000,0x00000006a2c68000,0x00000006a3800000)
  to   space 18944K, 0% used [0x00000006a1300000,0x00000006a1300000,0x00000006a2580000)
 ParOldGen       total 219136K, used 120034K [0x00000003c0000000, 0x00000003cd600000, 0x000000066ab00000)
  object space 219136K, 54% used [0x00000003c0000000,0x00000003c7538bd0,0x00000003cd600000)
 Metaspace       used 85241K, capacity 86090K, committed 86292K, reserved 1124352K
  class space    used 12051K, capacity 12253K, committed 12308K, reserved 1048576K
}
Event: 76.283 GC heap before
{Heap before GC invocations=31 (full 4):
 PSYoungGen      total 905216K, used 893344K [0x000000066ab00000, 0x00000006a3800000, 0x00000007c0000000)
  eden space 892928K, 100% used [0x000000066ab00000,0x00000006a1300000,0x00000006a1300000)
  from space 12288K, 3% used [0x00000006a2c00000,0x00000006a2c68000,0x00000006a3800000)
  to   space 18944K, 0% used [0x00000006a1300000,0x00000006a1300000,0x00000006a2580000)
 ParOldGen       total 219136K, used 120034K [0x00000003c0000000, 0x00000003cd600000, 0x000000066ab00000)
  object space 219136K, 54% used [0x00000003c0000000,0x00000003c7538bd0,0x00000003cd600000)
 Metaspace       used 85241K, capacity 86090K, committed 86292K, reserved 1124352K
  class space    used 12051K, capacity 12253K, committed 12308K, reserved 1048576K
Event: 76.286 GC heap after
Heap after GC invocations=31 (full 4):
 PSYoungGen      total 911872K, used 66K [0x000000066ab00000, 0x00000006ab480000, 0x00000007c0000000)
  eden space 892928K, 0% used [0x000000066ab00000,0x000000066ab00000,0x00000006a1300000)
  from space 18944K, 0% used [0x00000006a1300000,0x00000006a13108c0,0x00000006a2580000)
  to   space 18432K, 0% used [0x00000006aa280000,0x00000006aa280000,0x00000006ab480000)
 ParOldGen       total 219136K, used 120034K [0x00000003c0000000, 0x00000003cd600000, 0x000000066ab00000)
  object space 219136K, 54% used [0x00000003c0000000,0x00000003c7538bd0,0x00000003cd600000)
 Metaspace       used 85241K, capacity 86090K, committed 86292K, reserved 1124352K
  class space    used 12051K, capacity 12253K, committed 12308K, reserved 1048576K
}
Event: 76.978 GC heap before
{Heap before GC invocations=32 (full 4):
 PSYoungGen      total 911872K, used 892994K [0x000000066ab00000, 0x00000006ab480000, 0x00000007c0000000)
  eden space 892928K, 100% used [0x000000066ab00000,0x00000006a1300000,0x00000006a1300000)
  from space 18944K, 0% used [0x00000006a1300000,0x00000006a13108c0,0x00000006a2580000)
  to   space 18432K, 0% used [0x00000006aa280000,0x00000006aa280000,0x00000006ab480000)
 ParOldGen       total 219136K, used 120034K [0x00000003c0000000, 0x00000003cd600000, 0x000000066ab00000)
  object space 219136K, 54% used [0x00000003c0000000,0x00000003c7538bd0,0x00000003cd600000)
 Metaspace       used 85241K, capacity 86090K, committed 86292K, reserved 1124352K
  class space    used 12051K, capacity 12253K, committed 12308K, reserved 1048576K
Event: 76.981 GC heap after
Heap after GC invocations=32 (full 4):
 PSYoungGen      total 1018368K, used 64K [0x000000066ab00000, 0x00000006aa900000, 0x00000007c0000000)
  eden space 1011712K, 0% used [0x000000066ab00000,0x000000066ab00000,0x00000006a8700000)
  from space 6656K, 0% used [0x00000006aa280000,0x00000006aa290000,0x00000006aa900000)
  to   space 17408K, 0% used [0x00000006a8700000,0x00000006a8700000,0x00000006a9800000)
 ParOldGen       total 219136K, used 120034K [0x00000003c0000000, 0x00000003cd600000, 0x000000066ab00000)
  object space 219136K, 54% used [0x00000003c0000000,0x00000003c7538bd0,0x00000003cd600000)
 Metaspace       used 85241K, capacity 86090K, committed 86292K, reserved 1124352K
  class space    used 12051K, capacity 12253K, committed 12308K, reserved 1048576K
}
Event: 77.856 GC heap before
{Heap before GC invocations=33 (full 4):
 PSYoungGen      total 1018368K, used 1011776K [0x000000066ab00000, 0x00000006aa900000, 0x00000007c0000000)
  eden space 1011712K, 100% used [0x000000066ab00000,0x00000006a8700000,0x00000006a8700000)
  from space 6656K, 0% used [0x00000006aa280000,0x00000006aa290000,0x00000006aa900000)
  to   space 17408K, 0% used [0x00000006a8700000,0x00000006a8700000,0x00000006a9800000)
 ParOldGen       total 219136K, used 120034K [0x00000003c0000000, 0x00000003cd600000, 0x000000066ab00000)
  object space 219136K, 54% used [0x00000003c0000000,0x00000003c7538bd0,0x00000003cd600000)
 Metaspace       used 85241K, capacity 86090K, committed 86292K, reserved 1124352K
  class space    used 12051K, capacity 12253K, committed 12308K, reserved 1048576K
Event: 77.859 GC heap after
Heap after GC invocations=33 (full 4):
 PSYoungGen      total 1029120K, used 960K [0x000000066ab00000, 0x00000006b2280000, 0x00000007c0000000)
  eden space 1011712K, 0% used [0x000000066ab00000,0x000000066ab00000,0x00000006a8700000)
  from space 17408K, 5% used [0x00000006a8700000,0x00000006a87f0000,0x00000006a9800000)
  to   space 16896K, 0% used [0x00000006b1200000,0x00000006b1200000,0x00000006b2280000)
 ParOldGen       total 219136K, used 120034K [0x00000003c0000000, 0x00000003cd600000, 0x000000066ab00000)
  object space 219136K, 54% used [0x00000003c0000000,0x00000003c7538bd0,0x00000003cd600000)
 Metaspace       used 85241K, capacity 86090K, committed 86292K, reserved 1124352K
  class space    used 12051K, capacity 12253K, committed 12308K, reserved 1048576K
}
Event: 78.639 GC heap before
{Heap before GC invocations=34 (full 4):
 PSYoungGen      total 1029120K, used 1012672K [0x000000066ab00000, 0x00000006b2280000, 0x00000007c0000000)
  eden space 1011712K, 100% used [0x000000066ab00000,0x00000006a8700000,0x00000006a8700000)
  from space 17408K, 5% used [0x00000006a8700000,0x00000006a87f0000,0x00000006a9800000)
  to   space 16896K, 0% used [0x00000006b1200000,0x00000006b1200000,0x00000006b2280000)
 ParOldGen       total 219136K, used 120034K [0x00000003c0000000, 0x00000003cd600000, 0x000000066ab00000)
  object space 219136K, 54% used [0x00000003c0000000,0x00000003c7538bd0,0x00000003cd600000)
 Metaspace       used 85263K, capacity 86154K, committed 86292K, reserved 1124352K
  class space    used 12057K, capacity 12253K, committed 12308K, reserved 1048576K
Event: 78.642 GC heap after
Heap after GC invocations=34 (full 4):
 PSYoungGen      total 1141760K, used 1024K [0x000000066ab00000, 0x00000006b1b80000, 0x00000007c0000000)
  eden space 1132032K, 0% used [0x000000066ab00000,0x000000066ab00000,0x00000006afc80000)
  from space 9728K, 10% used [0x00000006b1200000,0x00000006b1300000,0x00000006b1b80000)
  to   space 15872K, 0% used [0x00000006afc80000,0x00000006afc80000,0x00000006b0c00000)
 ParOldGen       total 219136K, used 120034K [0x00000003c0000000, 0x00000003cd600000, 0x000000066ab00000)
  object space 219136K, 54% used [0x00000003c0000000,0x00000003c7538bd0,0x00000003cd600000)
 Metaspace       used 85263K, capacity 86154K, committed 86292K, reserved 1124352K
  class space    used 12057K, capacity 12253K, committed 12308K, reserved 1048576K
}
Event: 79.595 GC heap before
{Heap before GC invocations=35 (full 4):
 PSYoungGen      total 1141760K, used 1133056K [0x000000066ab00000, 0x00000006b1b80000, 0x00000007c0000000)
  eden space 1132032K, 100% used [0x000000066ab00000,0x00000006afc80000,0x00000006afc80000)
  from space 9728K, 10% used [0x00000006b1200000,0x00000006b1300000,0x00000006b1b80000)
  to   space 15872K, 0% used [0x00000006afc80000,0x00000006afc80000,0x00000006b0c00000)
 ParOldGen       total 219136K, used 120034K [0x00000003c0000000, 0x00000003cd600000, 0x000000066ab00000)
  object space 219136K, 54% used [0x00000003c0000000,0x00000003c7538bd0,0x00000003cd600000)
 Metaspace       used 85263K, capacity 86154K, committed 86292K, reserved 1124352K
  class space    used 12057K, capacity 12253K, committed 12308K, reserved 1048576K
Event: 79.598 GC heap after
Heap after GC invocations=35 (full 4):
 PSYoungGen      total 1147904K, used 416K [0x000000066ab00000, 0x00000006b9200000, 0x00000007c0000000)
  eden space 1132032K, 0% used [0x000000066ab00000,0x000000066ab00000,0x00000006afc80000)
  from space 15872K, 2% used [0x00000006afc80000,0x00000006afce8000,0x00000006b0c00000)
  to   space 14848K, 0% used [0x00000006b8380000,0x00000006b8380000,0x00000006b9200000)
 ParOldGen       total 219136K, used 120034K [0x00000003c0000000, 0x00000003cd600000, 0x000000066ab00000)
  object space 219136K, 54% used [0x00000003c0000000,0x00000003c7538bd0,0x00000003cd600000)
 Metaspace       used 85263K, capacity 86154K, committed 86292K, reserved 1124352K
  class space    used 12057K, capacity 12253K, committed 12308K, reserved 1048576K
}
Event: 80.483 GC heap before
{Heap before GC invocations=36 (full 4):
 PSYoungGen      total 1147904K, used 1132448K [0x000000066ab00000, 0x00000006b9200000, 0x00000007c0000000)
  eden space 1132032K, 100% used [0x000000066ab00000,0x00000006afc80000,0x00000006afc80000)
  from space 15872K, 2% used [0x00000006afc80000,0x00000006afce8000,0x00000006b0c00000)
  to   space 14848K, 0% used [0x00000006b8380000,0x00000006b8380000,0x00000006b9200000)
 ParOldGen       total 219136K, used 120034K [0x00000003c0000000, 0x00000003cd600000, 0x000000066ab00000)
  object space 219136K, 54% used [0x00000003c0000000,0x00000003c7538bd0,0x00000003cd600000)
 Metaspace       used 85264K, capacity 86154K, committed 86292K, reserved 1124352K
  class space    used 12057K, capacity 12253K, committed 12308K, reserved 1048576K
Event: 80.486 GC heap after
Heap after GC invocations=36 (full 4):
 PSYoungGen      total 1252864K, used 384K [0x000000066ab00000, 0x00000006b8900000, 0x00000007c0000000)
  eden space 1247232K, 0% used [0x000000066ab00000,0x000000066ab00000,0x00000006b6d00000)
  from space 5632K, 6% used [0x00000006b8380000,0x00000006b83e0000,0x00000006b8900000)
  to   space 14336K, 0% used [0x00000006b6d00000,0x00000006b6d00000,0x00000006b7b00000)
 ParOldGen       total 219136K, used 120034K [0x00000003c0000000, 0x00000003cd600000, 0x000000066ab00000)
  object space 219136K, 54% used [0x00000003c0000000,0x00000003c7538bd0,0x00000003cd600000)
 Metaspace       used 85264K, capacity 86154K, committed 86292K, reserved 1124352K
  class space    used 12057K, capacity 12253K, committed 12308K, reserved 1048576K
}
Event: 81.510 GC heap before
{Heap before GC invocations=37 (full 4):
 PSYoungGen      total 1252864K, used 1247616K [0x000000066ab00000, 0x00000006b8900000, 0x00000007c0000000)
  eden space 1247232K, 100% used [0x000000066ab00000,0x00000006b6d00000,0x00000006b6d00000)
  from space 5632K, 6% used [0x00000006b8380000,0x00000006b83e0000,0x00000006b8900000)
  to   space 14336K, 0% used [0x00000006b6d00000,0x00000006b6d00000,0x00000006b7b00000)
 ParOldGen       total 219136K, used 120034K [0x00000003c0000000, 0x00000003cd600000, 0x000000066ab00000)
  object space 219136K, 54% used [0x00000003c0000000,0x00000003c7538bd0,0x00000003cd600000)
 Metaspace       used 85264K, capacity 86154K, committed 86292K, reserved 1124352K
  class space    used 12057K, capacity 12253K, committed 12308K, reserved 1048576K
Event: 81.512 GC heap after
Heap after GC invocations=37 (full 4):
 PSYoungGen      total 1261568K, used 416K [0x000000066ab00000, 0x00000006be680000, 0x00000007c0000000)
  eden space 1247232K, 0% used [0x000000066ab00000,0x000000066ab00000,0x00000006b6d00000)
  from space 14336K, 2% used [0x00000006b6d00000,0x00000006b6d68000,0x00000006b7b00000)
  to   space 13312K, 0% used [0x00000006bd980000,0x00000006bd980000,0x00000006be680000)
 ParOldGen       total 219136K, used 120034K [0x00000003c0000000, 0x00000003cd600000, 0x000000066ab00000)
  object space 219136K, 54% used [0x00000003c0000000,0x00000003c7538bd0,0x00000003cd600000)
 Metaspace       used 85264K, capacity 86154K, committed 86292K, reserved 1124352K
  class space    used 12057K, capacity 12253K, committed 12308K, reserved 1048576K
}
Event: 82.509 GC heap before
{Heap before GC invocations=38 (full 4):
 PSYoungGen      total 1261568K, used 1247648K [0x000000066ab00000, 0x00000006be680000, 0x00000007c0000000)
  eden space 1247232K, 100% used [0x000000066ab00000,0x00000006b6d00000,0x00000006b6d00000)
  from space 14336K, 2% used [0x00000006b6d00000,0x00000006b6d68000,0x00000006b7b00000)
  to   space 13312K, 0% used [0x00000006bd980000,0x00000006bd980000,0x00000006be680000)
 ParOldGen       total 219136K, used 120034K [0x00000003c0000000, 0x00000003cd600000, 0x000000066ab00000)
  object space 219136K, 54% used [0x00000003c0000000,0x00000003c7538bd0,0x00000003cd600000)
 Metaspace       used 85267K, capacity 86154K, committed 86292K, reserved 1124352K
  class space    used 12057K, capacity 12253K, committed 12308K, reserved 1048576K
Event: 82.512 GC heap after
Heap after GC invocations=38 (full 4):
 PSYoungGen      total 1346048K, used 193K [0x000000066ab00000, 0x00000006be000000, 0x00000007c0000000)
  eden space 1339392K, 0% used [0x000000066ab00000,0x000000066ab00000,0x00000006bc700000)
  from space 6656K, 2% used [0x00000006bd980000,0x00000006bd9b05e0,0x00000006be000000)
  to   space 12800K, 0% used [0x00000006bc700000,0x00000006bc700000,0x00000006bd380000)
 ParOldGen       total 219136K, used 120034K [0x00000003c0000000, 0x00000003cd600000, 0x000000066ab00000)
  object space 219136K, 54% used [0x00000003c0000000,0x00000003c7538bd0,0x00000003cd600000)
 Metaspace       used 85267K, capacity 86154K, committed 86292K, reserved 1124352K
  class space    used 12057K, capacity 12253K, committed 12308K, reserved 1048576K
}
Event: 83.607 GC heap before
{Heap before GC invocations=39 (full 4):
 PSYoungGen      total 1346048K, used 1339585K [0x000000066ab00000, 0x00000006be000000, 0x00000007c0000000)
  eden space 1339392K, 100% used [0x000000066ab00000,0x00000006bc700000,0x00000006bc700000)
  from space 6656K, 2% used [0x00000006bd980000,0x00000006bd9b05e0,0x00000006be000000)
  to   space 12800K, 0% used [0x00000006bc700000,0x00000006bc700000,0x00000006bd380000)
 ParOldGen       total 219136K, used 120034K [0x00000003c0000000, 0x00000003cd600000, 0x000000066ab00000)
  object space 219136K, 54% used [0x00000003c0000000,0x00000003c7538bd0,0x00000003cd600000)
 Metaspace       used 85267K, capacity 86154K, committed 86292K, reserved 1124352K
  class space    used 12057K, capacity 12253K, committed 12308K, reserved 1048576K
Event: 83.618 GC heap after
Heap after GC invocations=39 (full 4):
 PSYoungGen      total 1352192K, used 5705K [0x000000066ab00000, 0x00000006c5980000, 0x00000007c0000000)
  eden space 1339392K, 0% used [0x000000066ab00000,0x000000066ab00000,0x00000006bc700000)
  from space 12800K, 44% used [0x00000006bc700000,0x00000006bcc92690,0x00000006bd380000)
  to   space 12800K, 0% used [0x00000006c4d00000,0x00000006c4d00000,0x00000006c5980000)
 ParOldGen       total 219136K, used 120034K [0x00000003c0000000, 0x00000003cd600000, 0x000000066ab00000)
  object space 219136K, 54% used [0x00000003c0000000,0x00000003c7538bd0,0x00000003cd600000)
 Metaspace       used 85267K, capacity 86154K, committed 86292K, reserved 1124352K
  class space    used 12057K, capacity 12253K, committed 12308K, reserved 1048576K
}
Event: 84.642 GC heap before
{Heap before GC invocations=40 (full 4):
 PSYoungGen      total 1352192K, used 1345097K [0x000000066ab00000, 0x00000006c5980000, 0x00000007c0000000)
  eden space 1339392K, 100% used [0x000000066ab00000,0x00000006bc700000,0x00000006bc700000)
  from space 12800K, 44% used [0x00000006bc700000,0x00000006bcc92690,0x00000006bd380000)
  to   space 12800K, 0% used [0x00000006c4d00000,0x00000006c4d00000,0x00000006c5980000)
 ParOldGen       total 219136K, used 120034K [0x00000003c0000000, 0x00000003cd600000, 0x000000066ab00000)
  object space 219136K, 54% used [0x00000003c0000000,0x00000003c7538bd0,0x00000003cd600000)
 Metaspace       used 85267K, capacity 86154K, committed 86292K, reserved 1124352K
  class space    used 12057K, capacity 12253K, committed 12308K, reserved 1048576K
Event: 84.645 GC heap after
Heap after GC invocations=40 (full 4):
 PSYoungGen      total 1455104K, used 288K [0x000000066ab00000, 0x00000006c4e80000, 0x00000007c0000000)
  eden space 1453568K, 0% used [0x000000066ab00000,0x000000066ab00000,0x00000006c3680000)
  from space 1536K, 18% used [0x00000006c4d00000,0x00000006c4d48000,0x00000006c4e80000)
  to   space 12288K, 0% used [0x00000006c3680000,0x00000006c3680000,0x00000006c4280000)
 ParOldGen       total 219136K, used 120034K [0x00000003c0000000, 0x00000003cd600000, 0x000000066ab00000)
  object space 219136K, 54% used [0x00000003c0000000,0x00000003c7538bd0,0x00000003cd600000)
 Metaspace       used 85267K, capacity 86154K, committed 86292K, reserved 1124352K
  class space    used 12057K, capacity 12253K, committed 12308K, reserved 1048576K
}
Event: 85.815 GC heap before
{Heap before GC invocations=41 (full 4):
 PSYoungGen      total 1455104K, used 1453856K [0x000000066ab00000, 0x00000006c4e80000, 0x00000007c0000000)
  eden space 1453568K, 100% used [0x000000066ab00000,0x00000006c3680000,0x00000006c3680000)
  from space 1536K, 18% used [0x00000006c4d00000,0x00000006c4d48000,0x00000006c4e80000)
  to   space 12288K, 0% used [0x00000006c3680000,0x00000006c3680000,0x00000006c4280000)
 ParOldGen       total 219136K, used 120034K [0x00000003c0000000, 0x00000003cd600000, 0x000000066ab00000)
  object space 219136K, 54% used [0x00000003c0000000,0x00000003c7538bd0,0x00000003cd600000)
 Metaspace       used 85269K, capacity 86154K, committed 86292K, reserved 1124352K
  class space    used 12057K, capacity 12253K, committed 12308K, reserved 1048576K
Event: 85.818 GC heap after
Heap after GC invocations=41 (full 4):
 PSYoungGen      total 1465856K, used 416K [0x000000066ab00000, 0x00000006cbd00000, 0x00000007c0000000)
  eden space 1453568K, 0% used [0x000000066ab00000,0x000000066ab00000,0x00000006c3680000)
  from space 12288K, 3% used [0x00000006c3680000,0x00000006c36e8000,0x00000006c4280000)
  to   space 11776K, 0% used [0x00000006cb180000,0x00000006cb180000,0x00000006cbd00000)
 ParOldGen       total 219136K, used 120034K [0x00000003c0000000, 0x00000003cd600000, 0x000000066ab00000)
  object space 219136K, 54% used [0x00000003c0000000,0x00000003c7538bd0,0x00000003cd600000)
 Metaspace       used 85269K, capacity 86154K, committed 86292K, reserved 1124352K
  class space    used 12057K, capacity 12253K, committed 12308K, reserved 1048576K
}
Event: 86.914 GC heap before
{Heap before GC invocations=42 (full 4):
 PSYoungGen      total 1465856K, used 1453984K [0x000000066ab00000, 0x00000006cbd00000, 0x00000007c0000000)
  eden space 1453568K, 100% used [0x000000066ab00000,0x00000006c3680000,0x00000006c3680000)
  from space 12288K, 3% used [0x00000006c3680000,0x00000006c36e8000,0x00000006c4280000)
  to   space 11776K, 0% used [0x00000006cb180000,0x00000006cb180000,0x00000006cbd00000)
 ParOldGen       total 219136K, used 120034K [0x00000003c0000000, 0x00000003cd600000, 0x000000066ab00000)
  object space 219136K, 54% used [0x00000003c0000000,0x00000003c7538bd0,0x00000003cd600000)
 Metaspace       used 85269K, capacity 86154K, committed 86292K, reserved 1124352K
  class space    used 12057K, capacity 12253K, committed 12308K, reserved 1048576K
Event: 86.917 GC heap after
Heap after GC invocations=42 (full 4):
 PSYoungGen      total 1562112K, used 320K [0x000000066ab00000, 0x00000006cb400000, 0x00000007c0000000)
  eden space 1559552K, 0% used [0x000000066ab00000,0x000000066ab00000,0x00000006c9e00000)
  from space 2560K, 12% used [0x00000006cb180000,0x00000006cb1d0000,0x00000006cb400000)
  to   space 11264K, 0% used [0x00000006c9e00000,0x00000006c9e00000,0x00000006ca900000)
 ParOldGen       total 219136K, used 120034K [0x00000003c0000000, 0x00000003cd600000, 0x000000066ab00000)
  object space 219136K, 54% used [0x00000003c0000000,0x00000003c7538bd0,0x00000003cd600000)
 Metaspace       used 85269K, capacity 86154K, committed 86292K, reserved 1124352K
  class space    used 12057K, capacity 12253K, committed 12308K, reserved 1048576K
}
Event: 88.164 GC heap before
{Heap before GC invocations=43 (full 4):
 PSYoungGen      total 1562112K, used 1559872K [0x000000066ab00000, 0x00000006cb400000, 0x00000007c0000000)
  eden space 1559552K, 100% used [0x000000066ab00000,0x00000006c9e00000,0x00000006c9e00000)
  from space 2560K, 12% used [0x00000006cb180000,0x00000006cb1d0000,0x00000006cb400000)
  to   space 11264K, 0% used [0x00000006c9e00000,0x00000006c9e00000,0x00000006ca900000)
 ParOldGen       total 219136K, used 120034K [0x00000003c0000000, 0x00000003cd600000, 0x000000066ab00000)
  object space 219136K, 54% used [0x00000003c0000000,0x00000003c7538bd0,0x00000003cd600000)
 Metaspace       used 85271K, capacity 86154K, committed 86292K, reserved 1124352K
  class space    used 12057K, capacity 12253K, committed 12308K, reserved 1048576K
Event: 88.167 GC heap after
Heap after GC invocations=43 (full 4):
 PSYoungGen      total 1570816K, used 608K [0x000000066ab00000, 0x00000006d1b00000, 0x00000007c0000000)
  eden space 1559552K, 0% used [0x000000066ab00000,0x000000066ab00000,0x00000006c9e00000)
  from space 11264K, 5% used [0x00000006c9e00000,0x00000006c9e98000,0x00000006ca900000)
  to   space 10240K, 0% used [0x00000006d1100000,0x00000006d1100000,0x00000006d1b00000)
 ParOldGen       total 219136K, used 120034K [0x00000003c0000000, 0x00000003cd600000, 0x000000066ab00000)
  object space 219136K, 54% used [0x00000003c0000000,0x00000003c7538bd0,0x00000003cd600000)
 Metaspace       used 85271K, capacity 86154K, committed 86292K, reserved 1124352K
  class space    used 12057K, capacity 12253K, committed 12308K, reserved 1048576K
}
Event: 89.356 GC heap before
{Heap before GC invocations=44 (full 4):
 PSYoungGen      total 1570816K, used 1560160K [0x000000066ab00000, 0x00000006d1b00000, 0x00000007c0000000)
  eden space 1559552K, 100% used [0x000000066ab00000,0x00000006c9e00000,0x00000006c9e00000)
  from space 11264K, 5% used [0x00000006c9e00000,0x00000006c9e98000,0x00000006ca900000)
  to   space 10240K, 0% used [0x00000006d1100000,0x00000006d1100000,0x00000006d1b00000)
 ParOldGen       total 219136K, used 120034K [0x00000003c0000000, 0x00000003cd600000, 0x000000066ab00000)
  object space 219136K, 54% used [0x00000003c0000000,0x00000003c7538bd0,0x00000003cd600000)
 Metaspace       used 85271K, capacity 86154K, committed 86292K, reserved 1124352K
  class space    used 12057K, capacity 12253K, committed 12308K, reserved 1048576K
Event: 89.359 GC heap after
Heap after GC invocations=44 (full 4):
 PSYoungGen      total 1664000K, used 672K [0x000000066ab00000, 0x00000006d1400000, 0x00000007c0000000)
  eden space 1660928K, 0% used [0x000000066ab00000,0x000000066ab00000,0x00000006d0100000)
  from space 3072K, 21% used [0x00000006d1100000,0x00000006d11a8000,0x00000006d1400000)
  to   space 9728K, 0% used [0x00000006d0100000,0x00000006d0100000,0x00000006d0a80000)
 ParOldGen       total 219136K, used 120034K [0x00000003c0000000, 0x00000003cd600000, 0x000000066ab00000)
  object space 219136K, 54% used [0x00000003c0000000,0x00000003c7538bd0,0x00000003cd600000)
 Metaspace       used 85271K, capacity 86154K, committed 86292K, reserved 1124352K
  class space    used 12057K, capacity 12253K, committed 12308K, reserved 1048576K
}
Event: 90.682 GC heap before
{Heap before GC invocations=45 (full 4):
 PSYoungGen      total 1664000K, used 1661600K [0x000000066ab00000, 0x00000006d1400000, 0x00000007c0000000)
  eden space 1660928K, 100% used [0x000000066ab00000,0x00000006d0100000,0x00000006d0100000)
  from space 3072K, 21% used [0x00000006d1100000,0x00000006d11a8000,0x00000006d1400000)
  to   space 9728K, 0% used [0x00000006d0100000,0x00000006d0100000,0x00000006d0a80000)
 ParOldGen       total 219136K, used 120034K [0x00000003c0000000, 0x00000003cd600000, 0x000000066ab00000)
  object space 219136K, 54% used [0x00000003c0000000,0x00000003c7538bd0,0x00000003cd600000)
 Metaspace       used 85271K, capacity 86154K, committed 86292K, reserved 1124352K
  class space    used 12057K, capacity 12253K, committed 12308K, reserved 1048576K
Event: 90.695 GC heap after
Heap after GC invocations=45 (full 4):
 PSYoungGen      total 1670656K, used 6777K [0x000000066ab00000, 0x00000006d9100000, 0x00000007c0000000)
  eden space 1660928K, 0% used [0x000000066ab00000,0x000000066ab00000,0x00000006d0100000)
  from space 9728K, 69% used [0x00000006d0100000,0x00000006d079e640,0x00000006d0a80000)
  to   space 10752K, 0% used [0x00000006d8680000,0x00000006d8680000,0x00000006d9100000)
 ParOldGen       total 219136K, used 120034K [0x00000003c0000000, 0x00000003cd600000, 0x000000066ab00000)
  object space 219136K, 54% used [0x00000003c0000000,0x00000003c7538bd0,0x00000003cd600000)
 Metaspace       used 85271K, capacity 86154K, committed 86292K, reserved 1124352K
  class space    used 12057K, capacity 12253K, committed 12308K, reserved 1048576K
}
Event: 91.957 GC heap before
{Heap before GC invocations=46 (full 4):
 PSYoungGen      total 1670656K, used 1667705K [0x000000066ab00000, 0x00000006d9100000, 0x00000007c0000000)
  eden space 1660928K, 100% used [0x000000066ab00000,0x00000006d0100000,0x00000006d0100000)
  from space 9728K, 69% used [0x00000006d0100000,0x00000006d079e640,0x00000006d0a80000)
  to   space 10752K, 0% used [0x00000006d8680000,0x00000006d8680000,0x00000006d9100000)
 ParOldGen       total 219136K, used 120034K [0x00000003c0000000, 0x00000003cd600000, 0x000000066ab00000)
  object space 219136K, 54% used [0x00000003c0000000,0x00000003c7538bd0,0x00000003cd600000)
 Metaspace       used 85271K, capacity 86154K, committed 86292K, reserved 1124352K
  class space    used 12057K, capacity 12253K, committed 12308K, reserved 1048576K
Event: 91.960 GC heap after
Heap after GC invocations=46 (full 4):
 PSYoungGen      total 1775616K, used 96K [0x000000066ab00000, 0x00000006d8700000, 0x00000007c0000000)
  eden space 1775104K, 0% used [0x000000066ab00000,0x000000066ab00000,0x00000006d7080000)
  from space 512K, 18% used [0x00000006d8680000,0x00000006d8698000,0x00000006d8700000)
  to   space 10240K, 0% used [0x00000006d7300000,0x00000006d7300000,0x00000006d7d00000)
 ParOldGen       total 219136K, used 120034K [0x00000003c0000000, 0x00000003cd600000, 0x000000066ab00000)
  object space 219136K, 54% used [0x00000003c0000000,0x00000003c7538bd0,0x00000003cd600000)
 Metaspace       used 85271K, capacity 86154K, committed 86292K, reserved 1124352K
  class space    used 12057K, capacity 12253K, committed 12308K, reserved 1048576K
}
Event: 93.368 GC heap before
{Heap before GC invocations=47 (full 4):
 PSYoungGen      total 1775616K, used 1775200K [0x000000066ab00000, 0x00000006d8700000, 0x00000007c0000000)
  eden space 1775104K, 100% used [0x000000066ab00000,0x00000006d7080000,0x00000006d7080000)
  from space 512K, 18% used [0x00000006d8680000,0x00000006d8698000,0x00000006d8700000)
  to   space 10240K, 0% used [0x00000006d7300000,0x00000006d7300000,0x00000006d7d00000)
 ParOldGen       total 219136K, used 120034K [0x00000003c0000000, 0x00000003cd600000, 0x000000066ab00000)
  object space 219136K, 54% used [0x00000003c0000000,0x00000003c7538bd0,0x00000003cd600000)
 Metaspace       used 85271K, capacity 86154K, committed 86292K, reserved 1124352K
  class space    used 12057K, capacity 12253K, committed 12308K, reserved 1048576K
Event: 93.389 GC heap after
Heap after GC invocations=47 (full 4):
 PSYoungGen      total 1787904K, used 10217K [0x000000066ab00000, 0x00000006e2f00000, 0x00000007c0000000)
  eden space 1777664K, 0% used [0x000000066ab00000,0x000000066ab00000,0x00000006d7300000)
  from space 10240K, 99% used [0x00000006d7300000,0x00000006d7cfa528,0x00000006d7d00000)
  to   space 13312K, 0% used [0x00000006e2200000,0x00000006e2200000,0x00000006e2f00000)
 ParOldGen       total 219136K, used 121538K [0x00000003c0000000, 0x00000003cd600000, 0x000000066ab00000)
  object space 219136K, 55% used [0x00000003c0000000,0x00000003c76b0bd0,0x00000003cd600000)
 Metaspace       used 85271K, capacity 86154K, committed 86292K, reserved 1124352K
  class space    used 12057K, capacity 12253K, committed 12308K, reserved 1048576K
}
Event: 94.736 GC heap before
{Heap before GC invocations=48 (full 4):
 PSYoungGen      total 1787904K, used 1787881K [0x000000066ab00000, 0x00000006e2f00000, 0x00000007c0000000)
  eden space 1777664K, 100% used [0x000000066ab00000,0x00000006d7300000,0x00000006d7300000)
  from space 10240K, 99% used [0x00000006d7300000,0x00000006d7cfa528,0x00000006d7d00000)
  to   space 13312K, 0% used [0x00000006e2200000,0x00000006e2200000,0x00000006e2f00000)
 ParOldGen       total 219136K, used 121538K [0x00000003c0000000, 0x00000003cd600000, 0x000000066ab00000)
  object space 219136K, 55% used [0x00000003c0000000,0x00000003c76b0bd0,0x00000003cd600000)
 Metaspace       used 85271K, capacity 86154K, committed 86292K, reserved 1124352K
  class space    used 12057K, capacity 12253K, committed 12308K, reserved 1048576K
Event: 94.739 GC heap after
Heap after GC invocations=48 (full 4):
 PSYoungGen      total 1928704K, used 64K [0x000000066ab00000, 0x00000006e2280000, 0x00000007c0000000)
  eden space 1928192K, 0% used [0x000000066ab00000,0x000000066ab00000,0x00000006e0600000)
  from space 512K, 12% used [0x00000006e2200000,0x00000006e2210000,0x00000006e2280000)
  to   space 12800K, 0% used [0x00000006e0980000,0x00000006e0980000,0x00000006e1600000)
 ParOldGen       total 219136K, used 121546K [0x00000003c0000000, 0x00000003cd600000, 0x000000066ab00000)
  object space 219136K, 55% used [0x00000003c0000000,0x00000003c76b2bd0,0x00000003cd600000)
 Metaspace       used 85271K, capacity 86154K, committed 86292K, reserved 1124352K
  class space    used 12057K, capacity 12253K, committed 12308K, reserved 1048576K
}
Event: 96.298 GC heap before
{Heap before GC invocations=49 (full 4):
 PSYoungGen      total 1928704K, used 1928256K [0x000000066ab00000, 0x00000006e2280000, 0x00000007c0000000)
  eden space 1928192K, 100% used [0x000000066ab00000,0x00000006e0600000,0x00000006e0600000)
  from space 512K, 12% used [0x00000006e2200000,0x00000006e2210000,0x00000006e2280000)
  to   space 12800K, 0% used [0x00000006e0980000,0x00000006e0980000,0x00000006e1600000)
 ParOldGen       total 219136K, used 121546K [0x00000003c0000000, 0x00000003cd600000, 0x000000066ab00000)
  object space 219136K, 55% used [0x00000003c0000000,0x00000003c76b2bd0,0x00000003cd600000)
 Metaspace       used 85271K, capacity 86154K, committed 86292K, reserved 1124352K
  class space    used 12057K, capacity 12253K, committed 12308K, reserved 1048576K
Event: 96.301 GC heap after
Heap after GC invocations=49 (full 4):
 PSYoungGen      total 1944576K, used 384K [0x000000066ab00000, 0x00000006eac00000, 0x00000007c0000000)
  eden space 1931776K, 0% used [0x000000066ab00000,0x000000066ab00000,0x00000006e0980000)
  from space 12800K, 3% used [0x00000006e0980000,0x00000006e09e0000,0x00000006e1600000)
  to   space 12288K, 0% used [0x00000006ea000000,0x00000006ea000000,0x00000006eac00000)
 ParOldGen       total 219136K, used 121546K [0x00000003c0000000, 0x00000003cd600000, 0x000000066ab00000)
  object space 219136K, 55% used [0x00000003c0000000,0x00000003c76b2bd0,0x00000003cd600000)
 Metaspace       used 85271K, capacity 86154K, committed 86292K, reserved 1124352K
  class space    used 12057K, capacity 12253K, committed 12308K, reserved 1048576K
}
Event: 97.775 GC heap before
{Heap before GC invocations=50 (full 4):
 PSYoungGen      total 1944576K, used 1932160K [0x000000066ab00000, 0x00000006eac00000, 0x00000007c0000000)
  eden space 1931776K, 100% used [0x000000066ab00000,0x00000006e0980000,0x00000006e0980000)
  from space 12800K, 3% used [0x00000006e0980000,0x00000006e09e0000,0x00000006e1600000)
  to   space 12288K, 0% used [0x00000006ea000000,0x00000006ea000000,0x00000006eac00000)
 ParOldGen       total 219136K, used 121546K [0x00000003c0000000, 0x00000003cd600000, 0x000000066ab00000)
  object space 219136K, 55% used [0x00000003c0000000,0x00000003c76b2bd0,0x00000003cd600000)
 Metaspace       used 85272K, capacity 86154K, committed 86292K, reserved 1124352K
  class space    used 12057K, capacity 12253K, committed 12308K, reserved 1048576K
Event: 97.786 GC heap after
Heap after GC invocations=50 (full 4):
 PSYoungGen      total 2085888K, used 5964K [0x000000066ab00000, 0x00000006ebd00000, 0x00000007c0000000)
  eden space 2073600K, 0% used [0x000000066ab00000,0x000000066ab00000,0x00000006e9400000)
  from space 12288K, 48% used [0x00000006ea000000,0x00000006ea5d33d0,0x00000006eac00000)
  to   space 12288K, 0% used [0x00000006e9400000,0x00000006e9400000,0x00000006ea000000)
 ParOldGen       total 219136K, used 121546K [0x00000003c0000000, 0x00000003cd600000, 0x000000066ab00000)
  object space 219136K, 55% used [0x00000003c0000000,0x00000003c76b2bd0,0x00000003cd600000)
 Metaspace       used 85272K, capacity 86154K, committed 86292K, reserved 1124352K
  class space    used 12057K, capacity 12253K, committed 12308K, reserved 1048576K
}
Event: 99.428 GC heap before
{Heap before GC invocations=51 (full 4):
 PSYoungGen      total 2085888K, used 2079564K [0x000000066ab00000, 0x00000006ebd00000, 0x00000007c0000000)
  eden space 2073600K, 100% used [0x000000066ab00000,0x00000006e9400000,0x00000006e9400000)
  from space 12288K, 48% used [0x00000006ea000000,0x00000006ea5d33d0,0x00000006eac00000)
  to   space 12288K, 0% used [0x00000006e9400000,0x00000006e9400000,0x00000006ea000000)
 ParOldGen       total 219136K, used 121546K [0x00000003c0000000, 0x00000003cd600000, 0x000000066ab00000)
  object space 219136K, 55% used [0x00000003c0000000,0x00000003c76b2bd0,0x00000003cd600000)
 Metaspace       used 85274K, capacity 86154K, committed 86292K, reserved 1124352K
  class space    used 12057K, capacity 12253K, committed 12308K, reserved 1048576K
Event: 99.431 GC heap after
Heap after GC invocations=51 (full 4):
 PSYoungGen      total 2085888K, used 320K [0x000000066ab00000, 0x00000006f3e80000, 0x00000007c0000000)
  eden space 2073600K, 0% used [0x000000066ab00000,0x000000066ab00000,0x00000006e9400000)
  from space 12288K, 2% used [0x00000006e9400000,0x00000006e9450000,0x00000006ea000000)
  to   space 11776K, 0% used [0x00000006f3300000,0x00000006f3300000,0x00000006f3e80000)
 ParOldGen       total 219136K, used 121546K [0x00000003c0000000, 0x00000003cd600000, 0x000000066ab00000)
  object space 219136K, 55% used [0x00000003c0000000,0x00000003c76b2bd0,0x00000003cd600000)
 Metaspace       used 85274K, capacity 86154K, committed 86292K, reserved 1124352K
  class space    used 12057K, capacity 12253K, committed 12308K, reserved 1048576K
}
Event: 101.009 GC heap before
{Heap before GC invocations=52 (full 4):
 PSYoungGen      total 2085888K, used 2073920K [0x000000066ab00000, 0x00000006f3e80000, 0x00000007c0000000)
  eden space 2073600K, 100% used [0x000000066ab00000,0x00000006e9400000,0x00000006e9400000)
  from space 12288K, 2% used [0x00000006e9400000,0x00000006e9450000,0x00000006ea000000)
  to   space 11776K, 0% used [0x00000006f3300000,0x00000006f3300000,0x00000006f3e80000)
 ParOldGen       total 219136K, used 121546K [0x00000003c0000000, 0x00000003cd600000, 0x000000066ab00000)
  object space 219136K, 55% used [0x00000003c0000000,0x00000003c76b2bd0,0x00000003cd600000)
 Metaspace       used 85275K, capacity 86154K, committed 86292K, reserved 1124352K
  class space    used 12057K, capacity 12253K, committed 12308K, reserved 1048576K
Event: 101.012 GC heap after
Heap after GC invocations=52 (full 4):
 PSYoungGen      total 2208768K, used 512K [0x000000066ab00000, 0x00000006f3380000, 0x00000007c0000000)
  eden space 2208256K, 0% used [0x000000066ab00000,0x000000066ab00000,0x00000006f1780000)
  from space 512K, 100% used [0x00000006f3300000,0x00000006f3380000,0x00000006f3380000)
  to   space 11264K, 0% used [0x00000006f1d80000,0x00000006f1d80000,0x00000006f2880000)
 ParOldGen       total 219136K, used 121546K [0x00000003c0000000, 0x00000003cd600000, 0x000000066ab00000)
  object space 219136K, 55% used [0x00000003c0000000,0x00000003c76b2bd0,0x00000003cd600000)
 Metaspace       used 85275K, capacity 86154K, committed 86292K, reserved 1124352K
  class space    used 12057K, capacity 12253K, committed 12308K, reserved 1048576K
}
Event: 102.767 GC heap before
{Heap before GC invocations=53 (full 4):
 PSYoungGen      total 2208768K, used 2208768K [0x000000066ab00000, 0x00000006f3380000, 0x00000007c0000000)
  eden space 2208256K, 100% used [0x000000066ab00000,0x00000006f1780000,0x00000006f1780000)
  from space 512K, 100% used [0x00000006f3300000,0x00000006f3380000,0x00000006f3380000)
  to   space 11264K, 0% used [0x00000006f1d80000,0x00000006f1d80000,0x00000006f2880000)
 ParOldGen       total 219136K, used 121546K [0x00000003c0000000, 0x00000003cd600000, 0x000000066ab00000)
  object space 219136K, 55% used [0x00000003c0000000,0x00000003c76b2bd0,0x00000003cd600000)
 Metaspace       used 85276K, capacity 86154K, committed 86292K, reserved 1124352K
  class space    used 12057K, capacity 12253K, committed 12308K, reserved 1048576K
Event: 102.772 GC heap after
Heap after GC invocations=53 (full 4):
 PSYoungGen      total 2225664K, used 1920K [0x000000066ab00000, 0x00000006fac80000, 0x00000007c0000000)
  eden space 2214400K, 0% used [0x000000066ab00000,0x000000066ab00000,0x00000006f1d80000)
  from space 11264K, 17% used [0x00000006f1d80000,0x00000006f1f60000,0x00000006f2880000)
  to   space 10752K, 0% used [0x00000006fa200000,0x00000006fa200000,0x00000006fac80000)
 ParOldGen       total 219136K, used 121546K [0x00000003c0000000, 0x00000003cd600000, 0x000000066ab00000)
  object space 219136K, 55% used [0x00000003c0000000,0x00000003c76b2bd0,0x00000003cd600000)
 Metaspace       used 85276K, capacity 86154K, committed 86292K, reserved 1124352K
  class space    used 12057K, capacity 12253K, committed 12308K, reserved 1048576K
}
Event: 104.454 GC heap before
{Heap before GC invocations=54 (full 4):
 PSYoungGen      total 2225664K, used 2216320K [0x000000066ab00000, 0x00000006fac80000, 0x00000007c0000000)
  eden space 2214400K, 100% used [0x000000066ab00000,0x00000006f1d80000,0x00000006f1d80000)
  from space 11264K, 17% used [0x00000006f1d80000,0x00000006f1f60000,0x00000006f2880000)
  to   space 10752K, 0% used [0x00000006fa200000,0x00000006fa200000,0x00000006fac80000)
 ParOldGen       total 219136K, used 121546K [0x00000003c0000000, 0x00000003cd600000, 0x000000066ab00000)
  object space 219136K, 55% used [0x00000003c0000000,0x00000003c76b2bd0,0x00000003cd600000)
 Metaspace       used 85276K, capacity 86154K, committed 86292K, reserved 1124352K
  class space    used 12057K, capacity 12253K, committed 12308K, reserved 1048576K
Event: 104.459 GC heap after
Heap after GC invocations=54 (full 4):
 PSYoungGen      total 2351104K, used 2080K [0x000000066ab00000, 0x00000006fad80000, 0x00000007c0000000)
  eden space 2340352K, 0% used [0x000000066ab00000,0x000000066ab00000,0x00000006f9880000)
  from space 10752K, 19% used [0x00000006fa200000,0x00000006fa408000,0x00000006fac80000)
  to   space 9728K, 0% used [0x00000006f9880000,0x00000006f9880000,0x00000006fa200000)
 ParOldGen       total 219136K, used 121546K [0x00000003c0000000, 0x00000003cd600000, 0x000000066ab00000)
  object space 219136K, 55% used [0x00000003c0000000,0x00000003c76b2bd0,0x00000003cd600000)
 Metaspace       used 85276K, capacity 86154K, committed 86292K, reserved 1124352K
  class space    used 12057K, capacity 12253K, committed 12308K, reserved 1048576K
}
Event: 106.302 GC heap before
{Heap before GC invocations=55 (full 4):
 PSYoungGen      total 2351104K, used 2342432K [0x000000066ab00000, 0x00000006fad80000, 0x00000007c0000000)
  eden space 2340352K, 100% used [0x000000066ab00000,0x00000006f9880000,0x00000006f9880000)
  from space 10752K, 19% used [0x00000006fa200000,0x00000006fa408000,0x00000006fac80000)
  to   space 9728K, 0% used [0x00000006f9880000,0x00000006f9880000,0x00000006fa200000)
 ParOldGen       total 219136K, used 121546K [0x00000003c0000000, 0x00000003cd600000, 0x000000066ab00000)
  object space 219136K, 55% used [0x00000003c0000000,0x00000003c76b2bd0,0x00000003cd600000)
 Metaspace       used 85285K, capacity 86154K, committed 86292K, reserved 1124352K
  class space    used 12057K, capacity 12253K, committed 12308K, reserved 1048576K
Event: 106.308 GC heap after
Heap after GC invocations=55 (full 4):
 PSYoungGen      total 2350080K, used 2304K [0x000000066ab00000, 0x0000000702b80000, 0x00000007c0000000)
  eden space 2340352K, 0% used [0x000000066ab00000,0x000000066ab00000,0x00000006f9880000)
  from space 9728K, 23% used [0x00000006f9880000,0x00000006f9ac0000,0x00000006fa200000)
  to   space 9216K, 0% used [0x0000000702280000,0x0000000702280000,0x0000000702b80000)
 ParOldGen       total 219136K, used 121546K [0x00000003c0000000, 0x00000003cd600000, 0x000000066ab00000)
  object space 219136K, 55% used [0x00000003c0000000,0x00000003c76b2bd0,0x00000003cd600000)
 Metaspace       used 85285K, capacity 86154K, committed 86292K, reserved 1124352K
  class space    used 12057K, capacity 12253K, committed 12308K, reserved 1048576K
}
Event: 108.066 GC heap before
{Heap before GC invocations=56 (full 4):
 PSYoungGen      total 2350080K, used 2342656K [0x000000066ab00000, 0x0000000702b80000, 0x00000007c0000000)
  eden space 2340352K, 100% used [0x000000066ab00000,0x00000006f9880000,0x00000006f9880000)
  from space 9728K, 23% used [0x00000006f9880000,0x00000006f9ac0000,0x00000006fa200000)
  to   space 9216K, 0% used [0x0000000702280000,0x0000000702280000,0x0000000702b80000)
 ParOldGen       total 219136K, used 121546K [0x00000003c0000000, 0x00000003cd600000, 0x000000066ab00000)
  object space 219136K, 55% used [0x00000003c0000000,0x00000003c76b2bd0,0x00000003cd600000)
 Metaspace       used 85289K, capacity 86154K, committed 86292K, reserved 1124352K
  class space    used 12057K, capacity 12253K, committed 12308K, reserved 1048576K
Event: 108.071 GC heap after
Heap after GC invocations=56 (full 4):
 PSYoungGen      total 2474496K, used 1984K [0x000000066ab00000, 0x0000000702780000, 0x00000007c0000000)
  eden space 2469376K, 0% used [0x000000066ab00000,0x000000066ab00000,0x0000000701680000)
  from space 5120K, 38% used [0x0000000702280000,0x0000000702470000,0x0000000702780000)
  to   space 8704K, 0% used [0x0000000701680000,0x0000000701680000,0x0000000701f00000)
 ParOldGen       total 219136K, used 121546K [0x00000003c0000000, 0x00000003cd600000, 0x000000066ab00000)
  object space 219136K, 55% used [0x00000003c0000000,0x00000003c76b2bd0,0x00000003cd600000)
 Metaspace       used 85289K, capacity 86154K, committed 86292K, reserved 1124352K
  class space    used 12057K, capacity 12253K, committed 12308K, reserved 1048576K
}
Event: 109.974 GC heap before
{Heap before GC invocations=57 (full 4):
 PSYoungGen      total 2474496K, used 2471360K [0x000000066ab00000, 0x0000000702780000, 0x00000007c0000000)
  eden space 2469376K, 100% used [0x000000066ab00000,0x0000000701680000,0x0000000701680000)
  from space 5120K, 38% used [0x0000000702280000,0x0000000702470000,0x0000000702780000)
  to   space 8704K, 0% used [0x0000000701680000,0x0000000701680000,0x0000000701f00000)
 ParOldGen       total 219136K, used 121546K [0x00000003c0000000, 0x00000003cd600000, 0x000000066ab00000)
  object space 219136K, 55% used [0x00000003c0000000,0x00000003c76b2bd0,0x00000003cd600000)
 Metaspace       used 85289K, capacity 86154K, committed 86292K, reserved 1124352K
  class space    used 12057K, capacity 12253K, committed 12308K, reserved 1048576K
Event: 109.977 GC heap after
Heap after GC invocations=57 (full 4):
 PSYoungGen      total 2478080K, used 320K [0x000000066ab00000, 0x0000000709d80000, 0x00000007c0000000)
  eden space 2469376K, 0% used [0x000000066ab00000,0x000000066ab00000,0x0000000701680000)
  from space 8704K, 3% used [0x0000000701680000,0x00000007016d0000,0x0000000701f00000)
  to   space 8192K, 0% used [0x0000000709580000,0x0000000709580000,0x0000000709d80000)
 ParOldGen       total 219136K, used 121546K [0x00000003c0000000, 0x00000003cd600000, 0x000000066ab00000)
  object space 219136K, 55% used [0x00000003c0000000,0x00000003c76b2bd0,0x00000003cd600000)
 Metaspace       used 85289K, capacity 86154K, committed 86292K, reserved 1124352K
  class space    used 12057K, capacity 12253K, committed 12308K, reserved 1048576K
}
Event: 111.834 GC heap before
{Heap before GC invocations=58 (full 4):
 PSYoungGen      total 2478080K, used 2469696K [0x000000066ab00000, 0x0000000709d80000, 0x00000007c0000000)
  eden space 2469376K, 100% used [0x000000066ab00000,0x0000000701680000,0x0000000701680000)
  from space 8704K, 3% used [0x0000000701680000,0x00000007016d0000,0x0000000701f00000)
  to   space 8192K, 0% used [0x0000000709580000,0x0000000709580000,0x0000000709d80000)
 ParOldGen       total 219136K, used 121546K [0x00000003c0000000, 0x00000003cd600000, 0x000000066ab00000)
  object space 219136K, 55% used [0x00000003c0000000,0x00000003c76b2bd0,0x00000003cd600000)
 Metaspace       used 85289K, capacity 86154K, committed 86292K, reserved 1124352K
  class space    used 12057K, capacity 12253K, committed 12308K, reserved 1048576K
Event: 111.842 GC heap after
Heap after GC invocations=58 (full 4):
 PSYoungGen      total 2599424K, used 4273K [0x000000066ab00000, 0x000000070ad00000, 0x00000007c0000000)
  eden space 2591232K, 0% used [0x000000066ab00000,0x000000066ab00000,0x0000000708d80000)
  from space 8192K, 52% used [0x0000000709580000,0x00000007099ac7c0,0x0000000709d80000)
  to   space 8192K, 0% used [0x0000000708d80000,0x0000000708d80000,0x0000000709580000)
 ParOldGen       total 219136K, used 121554K [0x00000003c0000000, 0x00000003cd600000, 0x000000066ab00000)
  object space 219136K, 55% used [0x00000003c0000000,0x00000003c76b4bd0,0x00000003cd600000)
 Metaspace       used 85289K, capacity 86154K, committed 86292K, reserved 1124352K
  class space    used 12057K, capacity 12253K, committed 12308K, reserved 1048576K
}
Event: 113.845 GC heap before
{Heap before GC invocations=59 (full 4):
 PSYoungGen      total 2599424K, used 2595505K [0x000000066ab00000, 0x000000070ad00000, 0x00000007c0000000)
  eden space 2591232K, 100% used [0x000000066ab00000,0x0000000708d80000,0x0000000708d80000)
  from space 8192K, 52% used [0x0000000709580000,0x00000007099ac7c0,0x0000000709d80000)
  to   space 8192K, 0% used [0x0000000708d80000,0x0000000708d80000,0x0000000709580000)
 ParOldGen       total 219136K, used 121554K [0x00000003c0000000, 0x00000003cd600000, 0x000000066ab00000)
  object space 219136K, 55% used [0x00000003c0000000,0x00000003c76b4bd0,0x00000003cd600000)
 Metaspace       used 85289K, capacity 86154K, committed 86292K, reserved 1124352K
  class space    used 12057K, capacity 12253K, committed 12308K, reserved 1048576K
Event: 113.848 GC heap after
Heap after GC invocations=59 (full 4):
 PSYoungGen      total 2599424K, used 128K [0x000000066ab00000, 0x0000000711b00000, 0x00000007c0000000)
  eden space 2591232K, 0% used [0x000000066ab00000,0x000000066ab00000,0x0000000708d80000)
  from space 8192K, 1% used [0x0000000708d80000,0x0000000708da0000,0x0000000709580000)
  to   space 8192K, 0% used [0x0000000711300000,0x0000000711300000,0x0000000711b00000)
 ParOldGen       total 219136K, used 121554K [0x00000003c0000000, 0x00000003cd600000, 0x000000066ab00000)
  object space 219136K, 55% used [0x00000003c0000000,0x00000003c76b4bd0,0x00000003cd600000)
 Metaspace       used 85289K, capacity 86154K, committed 86292K, reserved 1124352K
  class space    used 12057K, capacity 12253K, committed 12308K, reserved 1048576K
}
Event: 115.787 GC heap before
{Heap before GC invocations=60 (full 4):
 PSYoungGen      total 2599424K, used 2591360K [0x000000066ab00000, 0x0000000711b00000, 0x00000007c0000000)
  eden space 2591232K, 100% used [0x000000066ab00000,0x0000000708d80000,0x0000000708d80000)
  from space 8192K, 1% used [0x0000000708d80000,0x0000000708da0000,0x0000000709580000)
  to   space 8192K, 0% used [0x0000000711300000,0x0000000711300000,0x0000000711b00000)
 ParOldGen       total 219136K, used 121554K [0x00000003c0000000, 0x00000003cd600000, 0x000000066ab00000)
  object space 219136K, 55% used [0x00000003c0000000,0x00000003c76b4bd0,0x00000003cd600000)
 Metaspace       used 85290K, capacity 86154K, committed 86292K, reserved 1124352K
  class space    used 12057K, capacity 12253K, committed 12308K, reserved 1048576K
Event: 115.790 GC heap after
Heap after GC invocations=60 (full 4):
 PSYoungGen      total 2711040K, used 896K [0x000000066ab00000, 0x0000000711400000, 0x00000007c0000000)
  eden space 2710016K, 0% used [0x000000066ab00000,0x000000066ab00000,0x0000000710180000)
  from space 1024K, 87% used [0x0000000711300000,0x00000007113e0000,0x0000000711400000)
  to   space 7680K, 0% used [0x0000000710500000,0x0000000710500000,0x0000000710c80000)
 ParOldGen       total 219136K, used 121554K [0x00000003c0000000, 0x00000003cd600000, 0x000000066ab00000)
  object space 219136K, 55% used [0x00000003c0000000,0x00000003c76b4bd0,0x00000003cd600000)
 Metaspace       used 85290K, capacity 86154K, committed 86292K, reserved 1124352K
  class space    used 12057K, capacity 12253K, committed 12308K, reserved 1048576K
}
Event: 117.887 GC heap before
{Heap before GC invocations=61 (full 4):
 PSYoungGen      total 2711040K, used 2710912K [0x000000066ab00000, 0x0000000711400000, 0x00000007c0000000)
  eden space 2710016K, 100% used [0x000000066ab00000,0x0000000710180000,0x0000000710180000)
  from space 1024K, 87% used [0x0000000711300000,0x00000007113e0000,0x0000000711400000)
  to   space 7680K, 0% used [0x0000000710500000,0x0000000710500000,0x0000000710c80000)
 ParOldGen       total 219136K, used 121554K [0x00000003c0000000, 0x00000003cd600000, 0x000000066ab00000)
  object space 219136K, 55% used [0x00000003c0000000,0x00000003c76b4bd0,0x00000003cd600000)
 Metaspace       used 85292K, capacity 86154K, committed 86292K, reserved 1124352K
  class space    used 12057K, capacity 12253K, committed 12308K, reserved 1048576K
Event: 117.894 GC heap after
Heap after GC invocations=61 (full 4):
 PSYoungGen      total 2721280K, used 2944K [0x000000066ab00000, 0x0000000718a80000, 0x00000007c0000000)
  eden space 2713600K, 0% used [0x000000066ab00000,0x000000066ab00000,0x0000000710500000)
  from space 7680K, 38% used [0x0000000710500000,0x00000007107e0000,0x0000000710c80000)
  to   space 7680K, 0% used [0x0000000718300000,0x0000000718300000,0x0000000718a80000)
 ParOldGen       total 219136K, used 121554K [0x00000003c0000000, 0x00000003cd600000, 0x000000066ab00000)
  object space 219136K, 55% used [0x00000003c0000000,0x00000003c76b4bd0,0x00000003cd600000)
 Metaspace       used 85292K, capacity 86154K, committed 86292K, reserved 1124352K
  class space    used 12057K, capacity 12253K, committed 12308K, reserved 1048576K
}
Event: 119.916 GC heap before
{Heap before GC invocations=62 (full 4):
 PSYoungGen      total 2721280K, used 2716544K [0x000000066ab00000, 0x0000000718a80000, 0x00000007c0000000)
  eden space 2713600K, 100% used [0x000000066ab00000,0x0000000710500000,0x0000000710500000)
  from space 7680K, 38% used [0x0000000710500000,0x00000007107e0000,0x0000000710c80000)
  to   space 7680K, 0% used [0x0000000718300000,0x0000000718300000,0x0000000718a80000)
 ParOldGen       total 219136K, used 121554K [0x00000003c0000000, 0x00000003cd600000, 0x000000066ab00000)
  object space 219136K, 55% used [0x00000003c0000000,0x00000003c76b4bd0,0x00000003cd600000)
 Metaspace       used 85294K, capacity 86154K, committed 86292K, reserved 1124352K
  class space    used 12057K, capacity 12253K, committed 12308K, reserved 1048576K
Event: 119.919 GC heap after
Heap after GC invocations=62 (full 4):
 PSYoungGen      total 2827264K, used 352K [0x000000066ab00000, 0x0000000718380000, 0x00000007c0000000)
  eden space 2826752K, 0% used [0x000000066ab00000,0x000000066ab00000,0x0000000717380000)
  from space 512K, 68% used [0x0000000718300000,0x0000000718358000,0x0000000718380000)
  to   space 7168K, 0% used [0x0000000717580000,0x0000000717580000,0x0000000717c80000)
 ParOldGen       total 219136K, used 121554K [0x00000003c0000000, 0x00000003cd600000, 0x000000066ab00000)
  object space 219136K, 55% used [0x00000003c0000000,0x00000003c76b4bd0,0x00000003cd600000)
 Metaspace       used 85294K, capacity 86154K, committed 86292K, reserved 1124352K
  class space    used 12057K, capacity 12253K, committed 12308K, reserved 1048576K
}
Event: 122.082 GC heap before
{Heap before GC invocations=63 (full 4):
 PSYoungGen      total 2827264K, used 2827104K [0x000000066ab00000, 0x0000000718380000, 0x00000007c0000000)
  eden space 2826752K, 100% used [0x000000066ab00000,0x0000000717380000,0x0000000717380000)
  from space 512K, 68% used [0x0000000718300000,0x0000000718358000,0x0000000718380000)
  to   space 7168K, 0% used [0x0000000717580000,0x0000000717580000,0x0000000717c80000)
 ParOldGen       total 219136K, used 121554K [0x00000003c0000000, 0x00000003cd600000, 0x000000066ab00000)
  object space 219136K, 55% used [0x00000003c0000000,0x00000003c76b4bd0,0x00000003cd600000)
 Metaspace       used 85294K, capacity 86154K, committed 86292K, reserved 1124352K
  class space    used 12057K, capacity 12253K, committed 12308K, reserved 1048576K
Event: 122.085 GC heap after
Heap after GC invocations=63 (full 4):
 PSYoungGen      total 2835968K, used 512K [0x000000066ab00000, 0x000000071eb00000, 0x00000007c0000000)
  eden space 2828800K, 0% used [0x000000066ab00000,0x000000066ab00000,0x0000000717580000)
  from space 7168K, 7% used [0x0000000717580000,0x0000000717600000,0x0000000717c80000)
  to   space 7168K, 0% used [0x000000071e400000,0x000000071e400000,0x000000071eb00000)
 ParOldGen       total 219136K, used 121562K [0x00000003c0000000, 0x00000003cd600000, 0x000000066ab00000)
  object space 219136K, 55% used [0x00000003c0000000,0x00000003c76b6bd0,0x00000003cd600000)
 Metaspace       used 85294K, capacity 86154K, committed 86292K, reserved 1124352K
  class space    used 12057K, capacity 12253K, committed 12308K, reserved 1048576K
}
Event: 124.189 GC heap before
{Heap before GC invocations=64 (full 4):
 PSYoungGen      total 2835968K, used 2829312K [0x000000066ab00000, 0x000000071eb00000, 0x00000007c0000000)
  eden space 2828800K, 100% used [0x000000066ab00000,0x0000000717580000,0x0000000717580000)
  from space 7168K, 7% used [0x0000000717580000,0x0000000717600000,0x0000000717c80000)
  to   space 7168K, 0% used [0x000000071e400000,0x000000071e400000,0x000000071eb00000)
 ParOldGen       total 219136K, used 121562K [0x00000003c0000000, 0x00000003cd600000, 0x000000066ab00000)
  object space 219136K, 55% used [0x00000003c0000000,0x00000003c76b6bd0,0x00000003cd600000)
 Metaspace       used 85294K, capacity 86154K, committed 86292K, reserved 1124352K
  class space    used 12057K, capacity 12253K, committed 12308K, reserved 1048576K
Event: 124.194 GC heap after
Heap after GC invocations=64 (full 4):
 PSYoungGen      total 2942464K, used 1760K [0x000000066ab00000, 0x000000071ed80000, 0x00000007c0000000)
  eden space 2935296K, 0% used [0x000000066ab00000,0x000000066ab00000,0x000000071dd80000)
  from space 7168K, 24% used [0x000000071e400000,0x000000071e5b8000,0x000000071eb00000)
  to   space 6656K, 0% used [0x000000071dd80000,0x000000071dd80000,0x000000071e400000)
 ParOldGen       total 219136K, used 121562K [0x00000003c0000000, 0x00000003cd600000, 0x000000066ab00000)
  object space 219136K, 55% used [0x00000003c0000000,0x00000003c76b6bd0,0x00000003cd600000)
 Metaspace       used 85294K, capacity 86154K, committed 86292K, reserved 1124352K
  class space    used 12057K, capacity 12253K, committed 12308K, reserved 1048576K
}
Event: 126.393 GC heap before
{Heap before GC invocations=65 (full 4):
 PSYoungGen      total 2942464K, used 2937056K [0x000000066ab00000, 0x000000071ed80000, 0x00000007c0000000)
  eden space 2935296K, 100% used [0x000000066ab00000,0x000000071dd80000,0x000000071dd80000)
  from space 7168K, 24% used [0x000000071e400000,0x000000071e5b8000,0x000000071eb00000)
  to   space 6656K, 0% used [0x000000071dd80000,0x000000071dd80000,0x000000071e400000)
 ParOldGen       total 219136K, used 121562K [0x00000003c0000000, 0x00000003cd600000, 0x000000066ab00000)
  object space 219136K, 55% used [0x00000003c0000000,0x00000003c76b6bd0,0x00000003cd600000)
 Metaspace       used 85294K, capacity 86154K, committed 86292K, reserved 1124352K
  class space    used 12057K, capacity 12253K, committed 12308K, reserved 1048576K

