# JRE version: OpenJDK Runtime Environment (8.0_252-b09) (build 1.8.0_252-b09)
# Java VM: OpenJDK 64-Bit Server VM (25.252-b09 mixed mode linux-amd64 compressed oops)
Heap:
 PSYoungGen      total 2817536K, used 3406K [0x000000066ab00000, 0x0000000717380000, 0x00000007c0000000)
  eden space 2811904K, 0% used [0x000000066ab00000,0x000000066ab00000,0x0000000716500000)
  from space 5632K, 60% used [0x0000000716500000,0x0000000716853a40,0x0000000716a80000)
  to   space 5632K, 0% used [0x0000000716a80000,0x0000000716a80000,0x0000000717000000)
 ParOldGen       total 228864K, used 133359K [0x00000003c0000000, 0x00000003cdf80000, 0x000000066ab00000)
  object space 228864K, 58% used [0x00000003c0000000,0x00000003c823bfd0,0x00000003cdf80000)
 Metaspace       used 87693K, capacity 88888K, committed 89176K, reserved 1126400K
  class space    used 12297K, capacity 12554K, committed 12632K, reserved 1048576K
GC Heap History (195 events):
Event: 0.521 GC heap before
{Heap before GC invocations=1 (full 0):
 PSYoungGen      total 18432K, used 15872K [0x000000066ab00000, 0x000000066bf80000, 0x00000007c0000000)
  eden space 15872K, 100% used [0x000000066ab00000,0x000000066ba80000,0x000000066ba80000)
  from space 2560K, 0% used [0x000000066bd00000,0x000000066bd00000,0x000000066bf80000)
  to   space 2560K, 0% used [0x000000066ba80000,0x000000066ba80000,0x000000066bd00000)
 ParOldGen       total 42496K, used 0K [0x00000003c0000000, 0x00000003c2980000, 0x000000066ab00000)
  object space 42496K, 0% used [0x00000003c0000000,0x00000003c0000000,0x00000003c2980000)
 Metaspace       used 4959K, capacity 5944K, committed 6016K, reserved 1056768K
  class space    used 542K, capacity 616K, committed 640K, reserved 1048576K
Event: 0.524 GC heap after
Heap after GC invocations=1 (full 0):
 PSYoungGen      total 18432K, used 2555K [0x000000066ab00000, 0x000000066bf80000, 0x00000007c0000000)
  eden space 15872K, 0% used [0x000000066ab00000,0x000000066ab00000,0x000000066ba80000)
  from space 2560K, 99% used [0x000000066ba80000,0x000000066bcfeca0,0x000000066bd00000)
  to   space 2560K, 0% used [0x000000066bd00000,0x000000066bd00000,0x000000066bf80000)
 ParOldGen       total 42496K, used 497K [0x00000003c0000000, 0x00000003c2980000, 0x000000066ab00000)
  object space 42496K, 1% used [0x00000003c0000000,0x00000003c007c450,0x00000003c2980000)
 Metaspace       used 4959K, capacity 5944K, committed 6016K, reserved 1056768K
  class space    used 542K, capacity 616K, committed 640K, reserved 1048576K
}
Event: 1.038 GC heap before
{Heap before GC invocations=2 (full 0):
 PSYoungGen      total 18432K, used 18427K [0x000000066ab00000, 0x000000066bf80000, 0x00000007c0000000)
  eden space 15872K, 100% used [0x000000066ab00000,0x000000066ba80000,0x000000066ba80000)
  from space 2560K, 99% used [0x000000066ba80000,0x000000066bcfeca0,0x000000066bd00000)
  to   space 2560K, 0% used [0x000000066bd00000,0x000000066bd00000,0x000000066bf80000)
 ParOldGen       total 42496K, used 497K [0x00000003c0000000, 0x00000003c2980000, 0x000000066ab00000)
  object space 42496K, 1% used [0x00000003c0000000,0x00000003c007c450,0x00000003c2980000)
 Metaspace       used 9284K, capacity 9328K, committed 9472K, reserved 1056768K
  class space    used 1221K, capacity 1232K, committed 1280K, reserved 1048576K
Event: 1.042 GC heap after
Heap after GC invocations=2 (full 0):
 PSYoungGen      total 18432K, used 2535K [0x000000066ab00000, 0x000000066bf80000, 0x00000007c0000000)
  eden space 15872K, 0% used [0x000000066ab00000,0x000000066ab00000,0x000000066ba80000)
  from space 2560K, 99% used [0x000000066bd00000,0x000000066bf79ee0,0x000000066bf80000)
  to   space 2560K, 0% used [0x000000066ba80000,0x000000066ba80000,0x000000066bd00000)
 ParOldGen       total 42496K, used 1643K [0x00000003c0000000, 0x00000003c2980000, 0x000000066ab00000)
  object space 42496K, 3% used [0x00000003c0000000,0x00000003c019aeb0,0x00000003c2980000)
 Metaspace       used 9284K, capacity 9328K, committed 9472K, reserved 1056768K
  class space    used 1221K, capacity 1232K, committed 1280K, reserved 1048576K
}
Event: 1.334 GC heap before
{Heap before GC invocations=3 (full 0):
 PSYoungGen      total 18432K, used 18407K [0x000000066ab00000, 0x000000066bf80000, 0x00000007c0000000)
  eden space 15872K, 100% used [0x000000066ab00000,0x000000066ba80000,0x000000066ba80000)
  from space 2560K, 99% used [0x000000066bd00000,0x000000066bf79ee0,0x000000066bf80000)
  to   space 2560K, 0% used [0x000000066ba80000,0x000000066ba80000,0x000000066bd00000)
 ParOldGen       total 42496K, used 1643K [0x00000003c0000000, 0x00000003c2980000, 0x000000066ab00000)
  object space 42496K, 3% used [0x00000003c0000000,0x00000003c019aeb0,0x00000003c2980000)
 Metaspace       used 11354K, capacity 11440K, committed 11648K, reserved 1058816K
  class space    used 1531K, capacity 1552K, committed 1664K, reserved 1048576K
Event: 1.338 GC heap after
Heap after GC invocations=3 (full 0):
 PSYoungGen      total 18432K, used 2547K [0x000000066ab00000, 0x000000066bf80000, 0x00000007c0000000)
  eden space 15872K, 0% used [0x000000066ab00000,0x000000066ab00000,0x000000066ba80000)
  from space 2560K, 99% used [0x000000066ba80000,0x000000066bcfcd90,0x000000066bd00000)
  to   space 2560K, 0% used [0x000000066bd00000,0x000000066bd00000,0x000000066bf80000)
 ParOldGen       total 42496K, used 2840K [0x00000003c0000000, 0x00000003c2980000, 0x000000066ab00000)
  object space 42496K, 6% used [0x00000003c0000000,0x00000003c02c6090,0x00000003c2980000)
 Metaspace       used 11354K, capacity 11440K, committed 11648K, reserved 1058816K
  class space    used 1531K, capacity 1552K, committed 1664K, reserved 1048576K
}
Event: 1.525 GC heap before
{Heap before GC invocations=4 (full 0):
 PSYoungGen      total 18432K, used 18419K [0x000000066ab00000, 0x000000066bf80000, 0x00000007c0000000)
  eden space 15872K, 100% used [0x000000066ab00000,0x000000066ba80000,0x000000066ba80000)
  from space 2560K, 99% used [0x000000066ba80000,0x000000066bcfcd90,0x000000066bd00000)
  to   space 2560K, 0% used [0x000000066bd00000,0x000000066bd00000,0x000000066bf80000)
 ParOldGen       total 42496K, used 2840K [0x00000003c0000000, 0x00000003c2980000, 0x000000066ab00000)
  object space 42496K, 6% used [0x00000003c0000000,0x00000003c02c6090,0x00000003c2980000)
 Metaspace       used 12932K, capacity 13072K, committed 13312K, reserved 1060864K
  class space    used 1728K, capacity 1776K, committed 1792K, reserved 1048576K
Event: 1.529 GC heap after
Heap after GC invocations=4 (full 0):
 PSYoungGen      total 18432K, used 2542K [0x000000066ab00000, 0x000000066cf00000, 0x00000007c0000000)
  eden space 15872K, 0% used [0x000000066ab00000,0x000000066ab00000,0x000000066ba80000)
  from space 2560K, 99% used [0x000000066bd00000,0x000000066bf7ba28,0x000000066bf80000)
  to   space 2560K, 0% used [0x000000066ba80000,0x000000066ba80000,0x000000066bd00000)
 ParOldGen       total 42496K, used 3875K [0x00000003c0000000, 0x00000003c2980000, 0x000000066ab00000)
  object space 42496K, 9% used [0x00000003c0000000,0x00000003c03c8c50,0x00000003c2980000)
 Metaspace       used 12932K, capacity 13072K, committed 13312K, reserved 1060864K
  class space    used 1728K, capacity 1776K, committed 1792K, reserved 1048576K
}
Event: 1.674 GC heap before
{Heap before GC invocations=5 (full 0):
 PSYoungGen      total 18432K, used 18414K [0x000000066ab00000, 0x000000066cf00000, 0x00000007c0000000)
  eden space 15872K, 100% used [0x000000066ab00000,0x000000066ba80000,0x000000066ba80000)
  from space 2560K, 99% used [0x000000066bd00000,0x000000066bf7ba28,0x000000066bf80000)
  to   space 2560K, 0% used [0x000000066ba80000,0x000000066ba80000,0x000000066bd00000)
 ParOldGen       total 42496K, used 3875K [0x00000003c0000000, 0x00000003c2980000, 0x000000066ab00000)
  object space 42496K, 9% used [0x00000003c0000000,0x00000003c03c8c50,0x00000003c2980000)
 Metaspace       used 14338K, capacity 14384K, committed 14592K, reserved 1062912K
  class space    used 1899K, capacity 1936K, committed 2048K, reserved 1048576K
Event: 1.678 GC heap after
Heap after GC invocations=5 (full 0):
 PSYoungGen      total 18432K, used 2558K [0x000000066ab00000, 0x000000066d300000, 0x00000007c0000000)
  eden space 15872K, 0% used [0x000000066ab00000,0x000000066ab00000,0x000000066ba80000)
  from space 2560K, 99% used [0x000000066ba80000,0x000000066bcffa58,0x000000066bd00000)
  to   space 4608K, 0% used [0x000000066ce80000,0x000000066ce80000,0x000000066d300000)
 ParOldGen       total 42496K, used 5231K [0x00000003c0000000, 0x00000003c2980000, 0x000000066ab00000)
  object space 42496K, 12% used [0x00000003c0000000,0x00000003c051bc28,0x00000003c2980000)
 Metaspace       used 14338K, capacity 14384K, committed 14592K, reserved 1062912K
  class space    used 1899K, capacity 1936K, committed 2048K, reserved 1048576K
}
Event: 2.052 GC heap before
{Heap before GC invocations=6 (full 0):
 PSYoungGen      total 18432K, used 18430K [0x000000066ab00000, 0x000000066d300000, 0x00000007c0000000)
  eden space 15872K, 100% used [0x000000066ab00000,0x000000066ba80000,0x000000066ba80000)
  from space 2560K, 99% used [0x000000066ba80000,0x000000066bcffa58,0x000000066bd00000)
  to   space 4608K, 0% used [0x000000066ce80000,0x000000066ce80000,0x000000066d300000)
 ParOldGen       total 42496K, used 5231K [0x00000003c0000000, 0x00000003c2980000, 0x000000066ab00000)
  object space 42496K, 12% used [0x00000003c0000000,0x00000003c051bc28,0x00000003c2980000)
 Metaspace       used 15355K, capacity 15414K, committed 15616K, reserved 1062912K
  class space    used 1979K, capacity 2001K, committed 2048K, reserved 1048576K
Event: 2.058 GC heap after
Heap after GC invocations=6 (full 0):
 PSYoungGen      total 35840K, used 3619K [0x000000066ab00000, 0x000000066d280000, 0x00000007c0000000)
  eden space 31744K, 0% used [0x000000066ab00000,0x000000066ab00000,0x000000066ca00000)
  from space 4096K, 88% used [0x000000066ce80000,0x000000066d208fb0,0x000000066d280000)
  to   space 4096K, 0% used [0x000000066ca80000,0x000000066ca80000,0x000000066ce80000)
 ParOldGen       total 42496K, used 5239K [0x00000003c0000000, 0x00000003c2980000, 0x000000066ab00000)
  object space 42496K, 12% used [0x00000003c0000000,0x00000003c051dc28,0x00000003c2980000)
 Metaspace       used 15355K, capacity 15414K, committed 15616K, reserved 1062912K
  class space    used 1979K, capacity 2001K, committed 2048K, reserved 1048576K
}
Event: 2.379 GC heap before
{Heap before GC invocations=7 (full 0):
 PSYoungGen      total 35840K, used 35363K [0x000000066ab00000, 0x000000066d280000, 0x00000007c0000000)
  eden space 31744K, 100% used [0x000000066ab00000,0x000000066ca00000,0x000000066ca00000)
  from space 4096K, 88% used [0x000000066ce80000,0x000000066d208fb0,0x000000066d280000)
  to   space 4096K, 0% used [0x000000066ca80000,0x000000066ca80000,0x000000066ce80000)
 ParOldGen       total 42496K, used 5239K [0x00000003c0000000, 0x00000003c2980000, 0x000000066ab00000)
  object space 42496K, 12% used [0x00000003c0000000,0x00000003c051dc28,0x00000003c2980000)
 Metaspace       used 15698K, capacity 15816K, committed 16128K, reserved 1062912K
  class space    used 1982K, capacity 2004K, committed 2048K, reserved 1048576K
Event: 2.385 GC heap after
Heap after GC invocations=7 (full 0):
 PSYoungGen      total 36352K, used 2816K [0x000000066ab00000, 0x000000066f200000, 0x00000007c0000000)
  eden space 32256K, 0% used [0x000000066ab00000,0x000000066ab00000,0x000000066ca80000)
  from space 4096K, 68% used [0x000000066ca80000,0x000000066cd40010,0x000000066ce80000)
  to   space 4608K, 0% used [0x000000066ed80000,0x000000066ed80000,0x000000066f200000)
 ParOldGen       total 42496K, used 6795K [0x00000003c0000000, 0x00000003c2980000, 0x000000066ab00000)
  object space 42496K, 15% used [0x00000003c0000000,0x00000003c06a2eb0,0x00000003c2980000)
 Metaspace       used 15698K, capacity 15816K, committed 16128K, reserved 1062912K
  class space    used 1982K, capacity 2004K, committed 2048K, reserved 1048576K
}
Event: 2.626 GC heap before
{Heap before GC invocations=8 (full 0):
 PSYoungGen      total 36352K, used 35072K [0x000000066ab00000, 0x000000066f200000, 0x00000007c0000000)
  eden space 32256K, 100% used [0x000000066ab00000,0x000000066ca80000,0x000000066ca80000)
  from space 4096K, 68% used [0x000000066ca80000,0x000000066cd40010,0x000000066ce80000)
  to   space 4608K, 0% used [0x000000066ed80000,0x000000066ed80000,0x000000066f200000)
 ParOldGen       total 42496K, used 6795K [0x00000003c0000000, 0x00000003c2980000, 0x000000066ab00000)
  object space 42496K, 15% used [0x00000003c0000000,0x00000003c06a2eb0,0x00000003c2980000)
 Metaspace       used 15887K, capacity 16008K, committed 16128K, reserved 1062912K
  class space    used 1983K, capacity 2004K, committed 2048K, reserved 1048576K
Event: 2.631 GC heap after
Heap after GC invocations=8 (full 0):
 PSYoungGen      total 68096K, used 2704K [0x000000066ab00000, 0x000000066f300000, 0x00000007c0000000)
  eden space 63488K, 0% used [0x000000066ab00000,0x000000066ab00000,0x000000066e900000)
  from space 4608K, 58% used [0x000000066ed80000,0x000000066f024010,0x000000066f200000)
  to   space 4608K, 0% used [0x000000066e900000,0x000000066e900000,0x000000066ed80000)
 ParOldGen       total 42496K, used 7441K [0x00000003c0000000, 0x00000003c2980000, 0x000000066ab00000)
  object space 42496K, 17% used [0x00000003c0000000,0x00000003c07444a0,0x00000003c2980000)
 Metaspace       used 15887K, capacity 16008K, committed 16128K, reserved 1062912K
  class space    used 1983K, capacity 2004K, committed 2048K, reserved 1048576K
}
Event: 3.421 GC heap before
{Heap before GC invocations=9 (full 0):
 PSYoungGen      total 68096K, used 66192K [0x000000066ab00000, 0x000000066f300000, 0x00000007c0000000)
  eden space 63488K, 100% used [0x000000066ab00000,0x000000066e900000,0x000000066e900000)
  from space 4608K, 58% used [0x000000066ed80000,0x000000066f024010,0x000000066f200000)
  to   space 4608K, 0% used [0x000000066e900000,0x000000066e900000,0x000000066ed80000)
 ParOldGen       total 42496K, used 7441K [0x00000003c0000000, 0x00000003c2980000, 0x000000066ab00000)
  object space 42496K, 17% used [0x00000003c0000000,0x00000003c07444a0,0x00000003c2980000)
 Metaspace       used 20375K, capacity 20616K, committed 20864K, reserved 1067008K
  class space    used 2591K, capacity 2664K, committed 2688K, reserved 1048576K
Event: 3.429 GC heap after
Heap after GC invocations=9 (full 0):
 PSYoungGen      total 68096K, used 4602K [0x000000066ab00000, 0x0000000671980000, 0x00000007c0000000)
  eden space 63488K, 0% used [0x000000066ab00000,0x000000066ab00000,0x000000066e900000)
  from space 4608K, 99% used [0x000000066e900000,0x000000066ed7eb98,0x000000066ed80000)
  to   space 5632K, 0% used [0x0000000671400000,0x0000000671400000,0x0000000671980000)
 ParOldGen       total 42496K, used 8795K [0x00000003c0000000, 0x00000003c2980000, 0x000000066ab00000)
  object space 42496K, 20% used [0x00000003c0000000,0x00000003c0896fc8,0x00000003c2980000)
 Metaspace       used 20375K, capacity 20616K, committed 20864K, reserved 1067008K
  class space    used 2591K, capacity 2664K, committed 2688K, reserved 1048576K
}
Event: 3.531 GC heap before
{Heap before GC invocations=10 (full 0):
 PSYoungGen      total 68096K, used 15346K [0x000000066ab00000, 0x0000000671980000, 0x00000007c0000000)
  eden space 63488K, 16% used [0x000000066ab00000,0x000000066b57dfc0,0x000000066e900000)
  from space 4608K, 99% used [0x000000066e900000,0x000000066ed7eb98,0x000000066ed80000)
  to   space 5632K, 0% used [0x0000000671400000,0x0000000671400000,0x0000000671980000)
 ParOldGen       total 42496K, used 8795K [0x00000003c0000000, 0x00000003c2980000, 0x000000066ab00000)
  object space 42496K, 20% used [0x00000003c0000000,0x00000003c0896fc8,0x00000003c2980000)
 Metaspace       used 20918K, capacity 21096K, committed 21248K, reserved 1067008K
  class space    used 2669K, capacity 2760K, committed 2816K, reserved 1048576K
Event: 3.535 GC heap after
Heap after GC invocations=10 (full 0):
 PSYoungGen      total 107520K, used 1811K [0x000000066ab00000, 0x0000000671980000, 0x00000007c0000000)
  eden space 101888K, 0% used [0x000000066ab00000,0x000000066ab00000,0x0000000670e80000)
  from space 5632K, 32% used [0x0000000671400000,0x00000006715c4d98,0x0000000671980000)
  to   space 5632K, 0% used [0x0000000670e80000,0x0000000670e80000,0x0000000671400000)
 ParOldGen       total 42496K, used 9421K [0x00000003c0000000, 0x00000003c2980000, 0x000000066ab00000)
  object space 42496K, 22% used [0x00000003c0000000,0x00000003c0933548,0x00000003c2980000)
 Metaspace       used 20918K, capacity 21096K, committed 21248K, reserved 1067008K
  class space    used 2669K, capacity 2760K, committed 2816K, reserved 1048576K
}
Event: 3.535 GC heap before
{Heap before GC invocations=11 (full 1):
 PSYoungGen      total 107520K, used 1811K [0x000000066ab00000, 0x0000000671980000, 0x00000007c0000000)
  eden space 101888K, 0% used [0x000000066ab00000,0x000000066ab00000,0x0000000670e80000)
  from space 5632K, 32% used [0x0000000671400000,0x00000006715c4d98,0x0000000671980000)
  to   space 5632K, 0% used [0x0000000670e80000,0x0000000670e80000,0x0000000671400000)
 ParOldGen       total 42496K, used 9421K [0x00000003c0000000, 0x00000003c2980000, 0x000000066ab00000)
  object space 42496K, 22% used [0x00000003c0000000,0x00000003c0933548,0x00000003c2980000)
 Metaspace       used 20918K, capacity 21096K, committed 21248K, reserved 1067008K
  class space    used 2669K, capacity 2760K, committed 2816K, reserved 1048576K
Event: 3.564 GC heap after
Heap after GC invocations=11 (full 1):
 PSYoungGen      total 107520K, used 0K [0x000000066ab00000, 0x0000000671980000, 0x00000007c0000000)
  eden space 101888K, 0% used [0x000000066ab00000,0x000000066ab00000,0x0000000670e80000)
  from space 5632K, 0% used [0x0000000671400000,0x0000000671400000,0x0000000671980000)
  to   space 5632K, 0% used [0x0000000670e80000,0x0000000670e80000,0x0000000671400000)
 ParOldGen       total 27648K, used 4421K [0x00000003c0000000, 0x00000003c1b00000, 0x000000066ab00000)
  object space 27648K, 15% used [0x00000003c0000000,0x00000003c0451440,0x00000003c1b00000)
 Metaspace       used 20918K, capacity 21096K, committed 21248K, reserved 1067008K
  class space    used 2669K, capacity 2760K, committed 2816K, reserved 1048576K
}
Event: 5.162 GC heap before
{Heap before GC invocations=12 (full 1):
 PSYoungGen      total 107520K, used 101888K [0x000000066ab00000, 0x0000000671980000, 0x00000007c0000000)
  eden space 101888K, 100% used [0x000000066ab00000,0x0000000670e80000,0x0000000670e80000)
  from space 5632K, 0% used [0x0000000671400000,0x0000000671400000,0x0000000671980000)
  to   space 5632K, 0% used [0x0000000670e80000,0x0000000670e80000,0x0000000671400000)
 ParOldGen       total 27648K, used 4421K [0x00000003c0000000, 0x00000003c1b00000, 0x000000066ab00000)
  object space 27648K, 15% used [0x00000003c0000000,0x00000003c0451440,0x00000003c1b00000)
 Metaspace       used 31110K, capacity 31322K, committed 31616K, reserved 1077248K
  class space    used 4061K, capacity 4139K, committed 4224K, reserved 1048576K
Event: 5.172 GC heap after
Heap after GC invocations=12 (full 1):
 PSYoungGen      total 107520K, used 5605K [0x000000066ab00000, 0x0000000674580000, 0x00000007c0000000)
  eden space 101888K, 0% used [0x000000066ab00000,0x000000066ab00000,0x0000000670e80000)
  from space 5632K, 99% used [0x0000000670e80000,0x00000006713f9478,0x0000000671400000)
  to   space 7680K, 0% used [0x0000000673e00000,0x0000000673e00000,0x0000000674580000)
 ParOldGen       total 27648K, used 8977K [0x00000003c0000000, 0x00000003c1b00000, 0x000000066ab00000)
  object space 27648K, 32% used [0x00000003c0000000,0x00000003c08c4638,0x00000003c1b00000)
 Metaspace       used 31110K, capacity 31322K, committed 31616K, reserved 1077248K
  class space    used 4061K, capacity 4139K, committed 4224K, reserved 1048576K
}
Event: 8.375 GC heap before
{Heap before GC invocations=13 (full 1):
 PSYoungGen      total 107520K, used 84507K [0x000000066ab00000, 0x0000000674580000, 0x00000007c0000000)
  eden space 101888K, 77% used [0x000000066ab00000,0x000000066f80d9e8,0x0000000670e80000)
  from space 5632K, 99% used [0x0000000670e80000,0x00000006713f9478,0x0000000671400000)
  to   space 7680K, 0% used [0x0000000673e00000,0x0000000673e00000,0x0000000674580000)
 ParOldGen       total 27648K, used 8977K [0x00000003c0000000, 0x00000003c1b00000, 0x000000066ab00000)
  object space 27648K, 32% used [0x00000003c0000000,0x00000003c08c4638,0x00000003c1b00000)
 Metaspace       used 34982K, capacity 35202K, committed 35416K, reserved 1079296K
  class space    used 4569K, capacity 4661K, committed 4696K, reserved 1048576K
Event: 8.386 GC heap after
Heap after GC invocations=13 (full 1):
 PSYoungGen      total 145408K, used 5020K [0x000000066ab00000, 0x0000000674300000, 0x00000007c0000000)
  eden space 140288K, 0% used [0x000000066ab00000,0x000000066ab00000,0x0000000673400000)
  from space 5120K, 98% used [0x0000000673e00000,0x00000006742e7068,0x0000000674300000)
  to   space 7680K, 0% used [0x0000000673400000,0x0000000673400000,0x0000000673b80000)
 ParOldGen       total 27648K, used 10806K [0x00000003c0000000, 0x00000003c1b00000, 0x000000066ab00000)
  object space 27648K, 39% used [0x00000003c0000000,0x00000003c0a8d9a8,0x00000003c1b00000)
 Metaspace       used 34982K, capacity 35202K, committed 35416K, reserved 1079296K
  class space    used 4569K, capacity 4661K, committed 4696K, reserved 1048576K
}
Event: 8.386 GC heap before
{Heap before GC invocations=14 (full 2):
 PSYoungGen      total 145408K, used 5020K [0x000000066ab00000, 0x0000000674300000, 0x00000007c0000000)
  eden space 140288K, 0% used [0x000000066ab00000,0x000000066ab00000,0x0000000673400000)
  from space 5120K, 98% used [0x0000000673e00000,0x00000006742e7068,0x0000000674300000)
  to   space 7680K, 0% used [0x0000000673400000,0x0000000673400000,0x0000000673b80000)
 ParOldGen       total 27648K, used 10806K [0x00000003c0000000, 0x00000003c1b00000, 0x000000066ab00000)
  object space 27648K, 39% used [0x00000003c0000000,0x00000003c0a8d9a8,0x00000003c1b00000)
 Metaspace       used 34982K, capacity 35202K, committed 35416K, reserved 1079296K
  class space    used 4569K, capacity 4661K, committed 4696K, reserved 1048576K
Event: 8.427 GC heap after
Heap after GC invocations=14 (full 2):
 PSYoungGen      total 145408K, used 0K [0x000000066ab00000, 0x0000000674300000, 0x00000007c0000000)
  eden space 140288K, 0% used [0x000000066ab00000,0x000000066ab00000,0x0000000673400000)
  from space 5120K, 0% used [0x0000000673e00000,0x0000000673e00000,0x0000000674300000)
  to   space 7680K, 0% used [0x0000000673400000,0x0000000673400000,0x0000000673b80000)
 ParOldGen       total 43008K, used 10449K [0x00000003c0000000, 0x00000003c2a00000, 0x000000066ab00000)
  object space 43008K, 24% used [0x00000003c0000000,0x00000003c0a34718,0x00000003c2a00000)
 Metaspace       used 34982K, capacity 35202K, committed 35416K, reserved 1079296K
  class space    used 4569K, capacity 4661K, committed 4696K, reserved 1048576K
}
Event: 10.104 GC heap before
{Heap before GC invocations=15 (full 2):
 PSYoungGen      total 145408K, used 140007K [0x000000066ab00000, 0x0000000674300000, 0x00000007c0000000)
  eden space 140288K, 99% used [0x000000066ab00000,0x00000006733b9ee0,0x0000000673400000)
  from space 5120K, 0% used [0x0000000673e00000,0x0000000673e00000,0x0000000674300000)
  to   space 7680K, 0% used [0x0000000673400000,0x0000000673400000,0x0000000673b80000)
 ParOldGen       total 43008K, used 10449K [0x00000003c0000000, 0x00000003c2a00000, 0x000000066ab00000)
  object space 43008K, 24% used [0x00000003c0000000,0x00000003c0a34718,0x00000003c2a00000)
 Metaspace       used 48640K, capacity 48894K, committed 49368K, reserved 1091584K
  class space    used 6671K, capacity 6757K, committed 6872K, reserved 1048576K
Event: 10.121 GC heap after
Heap after GC invocations=15 (full 2):
 PSYoungGen      total 147968K, used 7679K [0x000000066ab00000, 0x0000000677e80000, 0x00000007c0000000)
  eden space 140288K, 0% used [0x000000066ab00000,0x000000066ab00000,0x0000000673400000)
  from space 7680K, 99% used [0x0000000673400000,0x0000000673b7fd08,0x0000000673b80000)
  to   space 12800K, 0% used [0x0000000677200000,0x0000000677200000,0x0000000677e80000)
 ParOldGen       total 43008K, used 21076K [0x00000003c0000000, 0x00000003c2a00000, 0x000000066ab00000)
  object space 43008K, 49% used [0x00000003c0000000,0x00000003c1495100,0x00000003c2a00000)
 Metaspace       used 48640K, capacity 48894K, committed 49368K, reserved 1091584K
  class space    used 6671K, capacity 6757K, committed 6872K, reserved 1048576K
}
Event: 11.202 GC heap before
{Heap before GC invocations=16 (full 2):
 PSYoungGen      total 147968K, used 78625K [0x000000066ab00000, 0x0000000677e80000, 0x00000007c0000000)
  eden space 140288K, 50% used [0x000000066ab00000,0x000000066f0488d8,0x0000000673400000)
  from space 7680K, 99% used [0x0000000673400000,0x0000000673b7fd08,0x0000000673b80000)
  to   space 12800K, 0% used [0x0000000677200000,0x0000000677200000,0x0000000677e80000)
 ParOldGen       total 43008K, used 21076K [0x00000003c0000000, 0x00000003c2a00000, 0x000000066ab00000)
  object space 43008K, 49% used [0x00000003c0000000,0x00000003c1495100,0x00000003c2a00000)
 Metaspace       used 58381K, capacity 58664K, committed 59028K, reserved 1099776K
  class space    used 8215K, capacity 8328K, committed 8408K, reserved 1048576K
Event: 11.219 GC heap after
Heap after GC invocations=16 (full 2):
 PSYoungGen      total 202240K, used 12183K [0x000000066ab00000, 0x0000000678300000, 0x00000007c0000000)
  eden space 189440K, 0% used [0x000000066ab00000,0x000000066ab00000,0x0000000676400000)
  from space 12800K, 95% used [0x0000000677200000,0x0000000677de5d30,0x0000000677e80000)
  to   space 14336K, 0% used [0x0000000676400000,0x0000000676400000,0x0000000677200000)
 ParOldGen       total 43008K, used 25442K [0x00000003c0000000, 0x00000003c2a00000, 0x000000066ab00000)
  object space 43008K, 59% used [0x00000003c0000000,0x00000003c18d8ad8,0x00000003c2a00000)
 Metaspace       used 58381K, capacity 58664K, committed 59028K, reserved 1099776K
  class space    used 8215K, capacity 8328K, committed 8408K, reserved 1048576K
}
Event: 11.219 GC heap before
{Heap before GC invocations=17 (full 3):
 PSYoungGen      total 202240K, used 12183K [0x000000066ab00000, 0x0000000678300000, 0x00000007c0000000)
  eden space 189440K, 0% used [0x000000066ab00000,0x000000066ab00000,0x0000000676400000)
  from space 12800K, 95% used [0x0000000677200000,0x0000000677de5d30,0x0000000677e80000)
  to   space 14336K, 0% used [0x0000000676400000,0x0000000676400000,0x0000000677200000)
 ParOldGen       total 43008K, used 25442K [0x00000003c0000000, 0x00000003c2a00000, 0x000000066ab00000)
  object space 43008K, 59% used [0x00000003c0000000,0x00000003c18d8ad8,0x00000003c2a00000)
 Metaspace       used 58381K, capacity 58664K, committed 59028K, reserved 1099776K
  class space    used 8215K, capacity 8328K, committed 8408K, reserved 1048576K
Event: 11.310 GC heap after
Heap after GC invocations=17 (full 3):
 PSYoungGen      total 202240K, used 0K [0x000000066ab00000, 0x0000000678300000, 0x00000007c0000000)
  eden space 189440K, 0% used [0x000000066ab00000,0x000000066ab00000,0x0000000676400000)
  from space 12800K, 0% used [0x0000000677200000,0x0000000677200000,0x0000000677e80000)
  to   space 14336K, 0% used [0x0000000676400000,0x0000000676400000,0x0000000677200000)
 ParOldGen       total 69120K, used 22405K [0x00000003c0000000, 0x00000003c4380000, 0x000000066ab00000)
  object space 69120K, 32% used [0x00000003c0000000,0x00000003c15e1648,0x00000003c4380000)
 Metaspace       used 58381K, capacity 58664K, committed 59028K, reserved 1099776K
  class space    used 8215K, capacity 8328K, committed 8408K, reserved 1048576K
}
Event: 13.369 GC heap before
{Heap before GC invocations=18 (full 3):
 PSYoungGen      total 202240K, used 189440K [0x000000066ab00000, 0x0000000678300000, 0x00000007c0000000)
  eden space 189440K, 100% used [0x000000066ab00000,0x0000000676400000,0x0000000676400000)
  from space 12800K, 0% used [0x0000000677200000,0x0000000677200000,0x0000000677e80000)
  to   space 14336K, 0% used [0x0000000676400000,0x0000000676400000,0x0000000677200000)
 ParOldGen       total 69120K, used 22405K [0x00000003c0000000, 0x00000003c4380000, 0x000000066ab00000)
  object space 69120K, 32% used [0x00000003c0000000,0x00000003c15e1648,0x00000003c4380000)
 Metaspace       used 71141K, capacity 71704K, committed 71896K, reserved 1110016K
  class space    used 10183K, capacity 10335K, committed 10456K, reserved 1048576K
Event: 13.396 GC heap after
Heap after GC invocations=18 (full 3):
 PSYoungGen      total 203776K, used 13513K [0x000000066ab00000, 0x000000067b600000, 0x00000007c0000000)
  eden space 189440K, 0% used [0x000000066ab00000,0x000000066ab00000,0x0000000676400000)
  from space 14336K, 94% used [0x0000000676400000,0x0000000677132470,0x0000000677200000)
  to   space 16384K, 0% used [0x000000067a600000,0x000000067a600000,0x000000067b600000)
 ParOldGen       total 69120K, used 55173K [0x00000003c0000000, 0x00000003c4380000, 0x000000066ab00000)
  object space 69120K, 79% used [0x00000003c0000000,0x00000003c35e1668,0x00000003c4380000)
 Metaspace       used 71141K, capacity 71704K, committed 71896K, reserved 1110016K
  class space    used 10183K, capacity 10335K, committed 10456K, reserved 1048576K
}
Event: 13.396 GC heap before
{Heap before GC invocations=19 (full 4):
 PSYoungGen      total 203776K, used 13513K [0x000000066ab00000, 0x000000067b600000, 0x00000007c0000000)
  eden space 189440K, 0% used [0x000000066ab00000,0x000000066ab00000,0x0000000676400000)
  from space 14336K, 94% used [0x0000000676400000,0x0000000677132470,0x0000000677200000)
  to   space 16384K, 0% used [0x000000067a600000,0x000000067a600000,0x000000067b600000)
 ParOldGen       total 69120K, used 55173K [0x00000003c0000000, 0x00000003c4380000, 0x000000066ab00000)
  object space 69120K, 79% used [0x00000003c0000000,0x00000003c35e1668,0x00000003c4380000)
 Metaspace       used 71141K, capacity 71704K, committed 71896K, reserved 1110016K
  class space    used 10183K, capacity 10335K, committed 10456K, reserved 1048576K
Event: 13.468 GC heap after
Heap after GC invocations=19 (full 4):
 PSYoungGen      total 203776K, used 0K [0x000000066ab00000, 0x000000067b600000, 0x00000007c0000000)
  eden space 189440K, 0% used [0x000000066ab00000,0x000000066ab00000,0x0000000676400000)
  from space 14336K, 0% used [0x0000000676400000,0x0000000676400000,0x0000000677200000)
  to   space 16384K, 0% used [0x000000067a600000,0x000000067a600000,0x000000067b600000)
 ParOldGen       total 132608K, used 60385K [0x00000003c0000000, 0x00000003c8180000, 0x000000066ab00000)
  object space 132608K, 45% used [0x00000003c0000000,0x00000003c3af84c8,0x00000003c8180000)
 Metaspace       used 71137K, capacity 71698K, committed 71896K, reserved 1110016K
  class space    used 10182K, capacity 10334K, committed 10456K, reserved 1048576K
}
Event: 19.662 GC heap before
{Heap before GC invocations=20 (full 4):
 PSYoungGen      total 203776K, used 189391K [0x000000066ab00000, 0x000000067b600000, 0x00000007c0000000)
  eden space 189440K, 99% used [0x000000066ab00000,0x00000006763f3c38,0x0000000676400000)
  from space 14336K, 0% used [0x0000000676400000,0x0000000676400000,0x0000000677200000)
  to   space 16384K, 0% used [0x000000067a600000,0x000000067a600000,0x000000067b600000)
 ParOldGen       total 132608K, used 60385K [0x00000003c0000000, 0x00000003c8180000, 0x000000066ab00000)
  object space 132608K, 45% used [0x00000003c0000000,0x00000003c3af84c8,0x00000003c8180000)
 Metaspace       used 78738K, capacity 79432K, committed 79576K, reserved 1118208K
  class space    used 11286K, capacity 11477K, committed 11480K, reserved 1048576K
Event: 19.688 GC heap after
Heap after GC invocations=20 (full 4):
 PSYoungGen      total 239104K, used 10177K [0x000000066ab00000, 0x000000067b000000, 0x00000007c0000000)
  eden space 228864K, 0% used [0x000000066ab00000,0x000000066ab00000,0x0000000678a80000)
  from space 10240K, 99% used [0x000000067a600000,0x000000067aff05a0,0x000000067b000000)
  to   space 16384K, 0% used [0x0000000679000000,0x0000000679000000,0x000000067a000000)
 ParOldGen       total 132608K, used 60393K [0x00000003c0000000, 0x00000003c8180000, 0x000000066ab00000)
  object space 132608K, 45% used [0x00000003c0000000,0x00000003c3afa4c8,0x00000003c8180000)
 Metaspace       used 78738K, capacity 79432K, committed 79576K, reserved 1118208K
  class space    used 11286K, capacity 11477K, committed 11480K, reserved 1048576K
}
Event: 21.799 GC heap before
{Heap before GC invocations=21 (full 4):
 PSYoungGen      total 239104K, used 236601K [0x000000066ab00000, 0x000000067b000000, 0x00000007c0000000)
  eden space 228864K, 98% used [0x000000066ab00000,0x000000067881e230,0x0000000678a80000)
  from space 10240K, 99% used [0x000000067a600000,0x000000067aff05a0,0x000000067b000000)
  to   space 16384K, 0% used [0x0000000679000000,0x0000000679000000,0x000000067a000000)
 ParOldGen       total 132608K, used 60393K [0x00000003c0000000, 0x00000003c8180000, 0x000000066ab00000)
  object space 132608K, 45% used [0x00000003c0000000,0x00000003c3afa4c8,0x00000003c8180000)
 Metaspace       used 80265K, capacity 81012K, committed 81112K, reserved 1118208K
  class space    used 11462K, capacity 11651K, committed 11736K, reserved 1048576K
Event: 21.822 GC heap after
Heap after GC invocations=21 (full 4):
 PSYoungGen      total 250880K, used 5056K [0x000000066ab00000, 0x000000067c880000, 0x00000007c0000000)
  eden space 234496K, 0% used [0x000000066ab00000,0x000000066ab00000,0x0000000679000000)
  from space 16384K, 30% used [0x0000000679000000,0x00000006794f02b8,0x000000067a000000)
  to   space 15872K, 0% used [0x000000067b900000,0x000000067b900000,0x000000067c880000)
 ParOldGen       total 132608K, used 75103K [0x00000003c0000000, 0x00000003c8180000, 0x000000066ab00000)
  object space 132608K, 56% used [0x00000003c0000000,0x00000003c4957cf8,0x00000003c8180000)
 Metaspace       used 80265K, capacity 81012K, committed 81112K, reserved 1118208K
  class space    used 11462K, capacity 11651K, committed 11736K, reserved 1048576K
}
Event: 23.642 GC heap before
{Heap before GC invocations=22 (full 4):
 PSYoungGen      total 250880K, used 239552K [0x000000066ab00000, 0x000000067c880000, 0x00000007c0000000)
  eden space 234496K, 100% used [0x000000066ab00000,0x0000000679000000,0x0000000679000000)
  from space 16384K, 30% used [0x0000000679000000,0x00000006794f02b8,0x000000067a000000)
  to   space 15872K, 0% used [0x000000067b900000,0x000000067b900000,0x000000067c880000)
 ParOldGen       total 132608K, used 75103K [0x00000003c0000000, 0x00000003c8180000, 0x000000066ab00000)
  object space 132608K, 56% used [0x00000003c0000000,0x00000003c4957cf8,0x00000003c8180000)
 Metaspace       used 84529K, capacity 85284K, committed 85464K, reserved 1122304K
  class space    used 11983K, capacity 12163K, committed 12248K, reserved 1048576K
Event: 23.662 GC heap after
Heap after GC invocations=22 (full 4):
 PSYoungGen      total 275968K, used 9811K [0x000000066ab00000, 0x000000067d000000, 0x00000007c0000000)
  eden space 260096K, 0% used [0x000000066ab00000,0x000000066ab00000,0x000000067a900000)
  from space 15872K, 61% used [0x000000067b900000,0x000000067c294ed0,0x000000067c880000)
  to   space 16384K, 0% used [0x000000067a900000,0x000000067a900000,0x000000067b900000)
 ParOldGen       total 132608K, used 75111K [0x00000003c0000000, 0x00000003c8180000, 0x000000066ab00000)
  object space 132608K, 56% used [0x00000003c0000000,0x00000003c4959cf8,0x00000003c8180000)
 Metaspace       used 84529K, capacity 85284K, committed 85464K, reserved 1122304K
  class space    used 11983K, capacity 12163K, committed 12248K, reserved 1048576K
}
Event: 507.410 GC heap before
{Heap before GC invocations=23 (full 4):
 PSYoungGen      total 275968K, used 265853K [0x000000066ab00000, 0x000000067d000000, 0x00000007c0000000)
  eden space 260096K, 98% used [0x000000066ab00000,0x000000067a50a810,0x000000067a900000)
  from space 15872K, 61% used [0x000000067b900000,0x000000067c294ed0,0x000000067c880000)
  to   space 16384K, 0% used [0x000000067a900000,0x000000067a900000,0x000000067b900000)
 ParOldGen       total 132608K, used 75111K [0x00000003c0000000, 0x00000003c8180000, 0x000000066ab00000)
  object space 132608K, 56% used [0x00000003c0000000,0x00000003c4959cf8,0x00000003c8180000)
 Metaspace       used 85761K, capacity 86728K, committed 86872K, reserved 1124352K
  class space    used 12126K, capacity 12376K, committed 12376K, reserved 1048576K
Event: 507.426 GC heap after
Heap after GC invocations=23 (full 4):
 PSYoungGen      total 257536K, used 8143K [0x000000066ab00000, 0x000000067bd80000, 0x00000007c0000000)
  eden space 249344K, 0% used [0x000000066ab00000,0x000000066ab00000,0x0000000679e80000)
  from space 8192K, 99% used [0x000000067a900000,0x000000067b0f3cc8,0x000000067b100000)
  to   space 12800K, 0% used [0x000000067b100000,0x000000067b100000,0x000000067bd80000)
 ParOldGen       total 132608K, used 75111K [0x00000003c0000000, 0x00000003c8180000, 0x000000066ab00000)
  object space 132608K, 56% used [0x00000003c0000000,0x00000003c4959cf8,0x00000003c8180000)
 Metaspace       used 85761K, capacity 86728K, committed 86872K, reserved 1124352K
  class space    used 12126K, capacity 12376K, committed 12376K, reserved 1048576K
}
Event: 512.939 GC heap before
{Heap before GC invocations=24 (full 4):
 PSYoungGen      total 257536K, used 257330K [0x000000066ab00000, 0x000000067bd80000, 0x00000007c0000000)
  eden space 249344K, 99% used [0x000000066ab00000,0x0000000679e58df8,0x0000000679e80000)
  from space 8192K, 99% used [0x000000067a900000,0x000000067b0f3cc8,0x000000067b100000)
  to   space 12800K, 0% used [0x000000067b100000,0x000000067b100000,0x000000067bd80000)
 ParOldGen       total 132608K, used 75111K [0x00000003c0000000, 0x00000003c8180000, 0x000000066ab00000)
  object space 132608K, 56% used [0x00000003c0000000,0x00000003c4959cf8,0x00000003c8180000)
 Metaspace       used 86065K, capacity 87024K, committed 87256K, reserved 1124352K
  class space    used 12129K, capacity 12382K, committed 12504K, reserved 1048576K
Event: 512.952 GC heap after
Heap after GC invocations=24 (full 4):
 PSYoungGen      total 247808K, used 8177K [0x000000066ab00000, 0x000000067b900000, 0x00000007c0000000)
  eden space 239616K, 0% used [0x000000066ab00000,0x000000066ab00000,0x0000000679500000)
  from space 8192K, 99% used [0x000000067b100000,0x000000067b8fc5f8,0x000000067b900000)
  to   space 15360K, 0% used [0x0000000679b00000,0x0000000679b00000,0x000000067aa00000)
 ParOldGen       total 132608K, used 75119K [0x00000003c0000000, 0x00000003c8180000, 0x000000066ab00000)
  object space 132608K, 56% used [0x00000003c0000000,0x00000003c495bcf8,0x00000003c8180000)
 Metaspace       used 86065K, capacity 87024K, committed 87256K, reserved 1124352K
  class space    used 12129K, capacity 12382K, committed 12504K, reserved 1048576K
}
Event: 525.753 GC heap before
{Heap before GC invocations=25 (full 4):
 PSYoungGen      total 247808K, used 247793K [0x000000066ab00000, 0x000000067b900000, 0x00000007c0000000)
  eden space 239616K, 100% used [0x000000066ab00000,0x0000000679500000,0x0000000679500000)
  from space 8192K, 99% used [0x000000067b100000,0x000000067b8fc5f8,0x000000067b900000)
  to   space 15360K, 0% used [0x0000000679b00000,0x0000000679b00000,0x000000067aa00000)
 ParOldGen       total 132608K, used 75119K [0x00000003c0000000, 0x00000003c8180000, 0x000000066ab00000)
  object space 132608K, 56% used [0x00000003c0000000,0x00000003c495bcf8,0x00000003c8180000)
 Metaspace       used 86345K, capacity 87304K, committed 87512K, reserved 1124352K
  class space    used 12131K, capacity 12386K, committed 12504K, reserved 1048576K
Event: 525.765 GC heap after
Heap after GC invocations=25 (full 4):
 PSYoungGen      total 238592K, used 8335K [0x000000066ab00000, 0x000000067b180000, 0x00000007c0000000)
  eden space 229888K, 0% used [0x000000066ab00000,0x000000066ab00000,0x0000000678b80000)
  from space 8704K, 95% used [0x0000000679b00000,0x000000067a323df0,0x000000067a380000)
  to   space 14336K, 0% used [0x000000067a380000,0x000000067a380000,0x000000067b180000)
 ParOldGen       total 132608K, used 75127K [0x00000003c0000000, 0x00000003c8180000, 0x000000066ab00000)
  object space 132608K, 56% used [0x00000003c0000000,0x00000003c495dcf8,0x00000003c8180000)
 Metaspace       used 86345K, capacity 87304K, committed 87512K, reserved 1124352K
  class space    used 12131K, capacity 12386K, committed 12504K, reserved 1048576K
}
Event: 526.341 GC heap before
{Heap before GC invocations=26 (full 4):
 PSYoungGen      total 238592K, used 238223K [0x000000066ab00000, 0x000000067b180000, 0x00000007c0000000)
  eden space 229888K, 100% used [0x000000066ab00000,0x0000000678b80000,0x0000000678b80000)
  from space 8704K, 95% used [0x0000000679b00000,0x000000067a323df0,0x000000067a380000)
  to   space 14336K, 0% used [0x000000067a380000,0x000000067a380000,0x000000067b180000)
 ParOldGen       total 132608K, used 75127K [0x00000003c0000000, 0x00000003c8180000, 0x000000066ab00000)
  object space 132608K, 56% used [0x00000003c0000000,0x00000003c495dcf8,0x00000003c8180000)
 Metaspace       used 86519K, capacity 87550K, committed 87768K, reserved 1124352K
  class space    used 12136K, capacity 12395K, committed 12504K, reserved 1048576K
Event: 526.353 GC heap after
Heap after GC invocations=26 (full 4):
 PSYoungGen      total 254464K, used 8162K [0x000000066ab00000, 0x000000067c380000, 0x00000007c0000000)
  eden space 240128K, 0% used [0x000000066ab00000,0x000000066ab00000,0x0000000679580000)
  from space 14336K, 56% used [0x000000067a380000,0x000000067ab78828,0x000000067b180000)
  to   space 14336K, 0% used [0x0000000679580000,0x0000000679580000,0x000000067a380000)
 ParOldGen       total 132608K, used 75127K [0x00000003c0000000, 0x00000003c8180000, 0x000000066ab00000)
  object space 132608K, 56% used [0x00000003c0000000,0x00000003c495dcf8,0x00000003c8180000)
 Metaspace       used 86519K, capacity 87550K, committed 87768K, reserved 1124352K
  class space    used 12136K, capacity 12395K, committed 12504K, reserved 1048576K
}
Event: 549.888 GC heap before
{Heap before GC invocations=27 (full 4):
 PSYoungGen      total 254464K, used 248290K [0x000000066ab00000, 0x000000067c380000, 0x00000007c0000000)
  eden space 240128K, 100% used [0x000000066ab00000,0x0000000679580000,0x0000000679580000)
  from space 14336K, 56% used [0x000000067a380000,0x000000067ab78828,0x000000067b180000)
  to   space 14336K, 0% used [0x0000000679580000,0x0000000679580000,0x000000067a380000)
 ParOldGen       total 132608K, used 75127K [0x00000003c0000000, 0x00000003c8180000, 0x000000066ab00000)
  object space 132608K, 56% used [0x00000003c0000000,0x00000003c495dcf8,0x00000003c8180000)
 Metaspace       used 87574K, capacity 88670K, committed 88920K, reserved 1126400K
  class space    used 12298K, capacity 12561K, committed 12632K, reserved 1048576K
Event: 549.922 GC heap after
Heap after GC invocations=27 (full 4):
 PSYoungGen      total 241152K, used 10330K [0x000000066ab00000, 0x000000067a800000, 0x00000007c0000000)
  eden space 230400K, 0% used [0x000000066ab00000,0x000000066ab00000,0x0000000678c00000)
  from space 10752K, 96% used [0x0000000679580000,0x0000000679f96ba0,0x000000067a000000)
  to   space 8192K, 0% used [0x000000067a000000,0x000000067a000000,0x000000067a800000)
 ParOldGen       total 145920K, used 135967K [0x00000003c0000000, 0x00000003c8e80000, 0x000000066ab00000)
  object space 145920K, 93% used [0x00000003c0000000,0x00000003c84c7cb8,0x00000003c8e80000)
 Metaspace       used 87574K, capacity 88670K, committed 88920K, reserved 1126400K
  class space    used 12298K, capacity 12561K, committed 12632K, reserved 1048576K
}
Event: 549.922 GC heap before
{Heap before GC invocations=28 (full 5):
 PSYoungGen      total 241152K, used 10330K [0x000000066ab00000, 0x000000067a800000, 0x00000007c0000000)
  eden space 230400K, 0% used [0x000000066ab00000,0x000000066ab00000,0x0000000678c00000)
  from space 10752K, 96% used [0x0000000679580000,0x0000000679f96ba0,0x000000067a000000)
  to   space 8192K, 0% used [0x000000067a000000,0x000000067a000000,0x000000067a800000)
 ParOldGen       total 145920K, used 135967K [0x00000003c0000000, 0x00000003c8e80000, 0x000000066ab00000)
  object space 145920K, 93% used [0x00000003c0000000,0x00000003c84c7cb8,0x00000003c8e80000)
 Metaspace       used 87574K, capacity 88670K, committed 88920K, reserved 1126400K
  class space    used 12298K, capacity 12561K, committed 12632K, reserved 1048576K
Event: 550.043 GC heap after
Heap after GC invocations=28 (full 5):
 PSYoungGen      total 241152K, used 0K [0x000000066ab00000, 0x000000067a800000, 0x00000007c0000000)
  eden space 230400K, 0% used [0x000000066ab00000,0x000000066ab00000,0x0000000678c00000)
  from space 10752K, 0% used [0x0000000679580000,0x0000000679580000,0x000000067a000000)
  to   space 8192K, 0% used [0x000000067a000000,0x000000067a000000,0x000000067a800000)
 ParOldGen       total 228864K, used 121974K [0x00000003c0000000, 0x00000003cdf80000, 0x000000066ab00000)
  object space 228864K, 53% used [0x00000003c0000000,0x00000003c771db50,0x00000003cdf80000)
 Metaspace       used 87548K, capacity 88628K, committed 88920K, reserved 1126400K
  class space    used 12295K, capacity 12554K, committed 12632K, reserved 1048576K
}
Event: 550.391 GC heap before
{Heap before GC invocations=29 (full 5):
 PSYoungGen      total 241152K, used 230400K [0x000000066ab00000, 0x000000067a800000, 0x00000007c0000000)
  eden space 230400K, 100% used [0x000000066ab00000,0x0000000678c00000,0x0000000678c00000)
  from space 10752K, 0% used [0x0000000679580000,0x0000000679580000,0x000000067a000000)
  to   space 8192K, 0% used [0x000000067a000000,0x000000067a000000,0x000000067a800000)
 ParOldGen       total 228864K, used 121974K [0x00000003c0000000, 0x00000003cdf80000, 0x000000066ab00000)
  object space 228864K, 53% used [0x00000003c0000000,0x00000003c771db50,0x00000003cdf80000)
 Metaspace       used 87569K, capacity 88692K, committed 88920K, reserved 1126400K
  class space    used 12295K, capacity 12554K, committed 12632K, reserved 1048576K
Event: 550.396 GC heap after
Heap after GC invocations=29 (full 5):
 PSYoungGen      total 244224K, used 2080K [0x000000066ab00000, 0x000000067c800000, 0x00000007c0000000)
  eden space 236032K, 0% used [0x000000066ab00000,0x000000066ab00000,0x0000000679180000)
  from space 8192K, 25% used [0x000000067a000000,0x000000067a208000,0x000000067a800000)
  to   space 14848K, 0% used [0x0000000679180000,0x0000000679180000,0x000000067a000000)
 ParOldGen       total 228864K, used 121974K [0x00000003c0000000, 0x00000003cdf80000, 0x000000066ab00000)
  object space 228864K, 53% used [0x00000003c0000000,0x00000003c771db50,0x00000003cdf80000)
 Metaspace       used 87569K, capacity 88692K, committed 88920K, reserved 1126400K
  class space    used 12295K, capacity 12554K, committed 12632K, reserved 1048576K
}
Event: 550.679 GC heap before
{Heap before GC invocations=30 (full 5):
 PSYoungGen      total 244224K, used 238112K [0x000000066ab00000, 0x000000067c800000, 0x00000007c0000000)
  eden space 236032K, 100% used [0x000000066ab00000,0x0000000679180000,0x0000000679180000)
  from space 8192K, 25% used [0x000000067a000000,0x000000067a208000,0x000000067a800000)
  to   space 14848K, 0% used [0x0000000679180000,0x0000000679180000,0x000000067a000000)
 ParOldGen       total 228864K, used 121974K [0x00000003c0000000, 0x00000003cdf80000, 0x000000066ab00000)
  object space 228864K, 53% used [0x00000003c0000000,0x00000003c771db50,0x00000003cdf80000)
 Metaspace       used 87576K, capacity 88692K, committed 88920K, reserved 1126400K
  class space    used 12295K, capacity 12554K, committed 12632K, reserved 1048576K
Event: 550.682 GC heap after
Heap after GC invocations=30 (full 5):
 PSYoungGen      total 250880K, used 800K [0x000000066ab00000, 0x000000067c880000, 0x00000007c0000000)
  eden space 236032K, 0% used [0x000000066ab00000,0x000000066ab00000,0x0000000679180000)
  from space 14848K, 5% used [0x0000000679180000,0x0000000679248010,0x000000067a000000)
  to   space 15360K, 0% used [0x000000067b980000,0x000000067b980000,0x000000067c880000)
 ParOldGen       total 228864K, used 121974K [0x00000003c0000000, 0x00000003cdf80000, 0x000000066ab00000)
  object space 228864K, 53% used [0x00000003c0000000,0x00000003c771db50,0x00000003cdf80000)
 Metaspace       used 87576K, capacity 88692K, committed 88920K, reserved 1126400K
  class space    used 12295K, capacity 12554K, committed 12632K, reserved 1048576K
}
Event: 550.995 GC heap before
{Heap before GC invocations=31 (full 5):
 PSYoungGen      total 250880K, used 236832K [0x000000066ab00000, 0x000000067c880000, 0x00000007c0000000)
  eden space 236032K, 100% used [0x000000066ab00000,0x0000000679180000,0x0000000679180000)
  from space 14848K, 5% used [0x0000000679180000,0x0000000679248010,0x000000067a000000)
  to   space 15360K, 0% used [0x000000067b980000,0x000000067b980000,0x000000067c880000)
 ParOldGen       total 228864K, used 121974K [0x00000003c0000000, 0x00000003cdf80000, 0x000000066ab00000)
  object space 228864K, 53% used [0x00000003c0000000,0x00000003c771db50,0x00000003cdf80000)
 Metaspace       used 87577K, capacity 88692K, committed 88920K, reserved 1126400K
  class space    used 12295K, capacity 12554K, committed 12632K, reserved 1048576K
Event: 550.999 GC heap after
Heap after GC invocations=31 (full 5):
 PSYoungGen      total 276992K, used 1145K [0x000000066ab00000, 0x000000067c980000, 0x00000007c0000000)
  eden space 261632K, 0% used [0x000000066ab00000,0x000000066ab00000,0x000000067aa80000)
  from space 15360K, 7% used [0x000000067b980000,0x000000067ba9e750,0x000000067c880000)
  to   space 15360K, 0% used [0x000000067aa80000,0x000000067aa80000,0x000000067b980000)
 ParOldGen       total 228864K, used 121974K [0x00000003c0000000, 0x00000003cdf80000, 0x000000066ab00000)
  object space 228864K, 53% used [0x00000003c0000000,0x00000003c771db50,0x00000003cdf80000)
 Metaspace       used 87577K, capacity 88692K, committed 88920K, reserved 1126400K
  class space    used 12295K, capacity 12554K, committed 12632K, reserved 1048576K
}
Event: 551.299 GC heap before
{Heap before GC invocations=32 (full 5):
 PSYoungGen      total 276992K, used 262777K [0x000000066ab00000, 0x000000067c980000, 0x00000007c0000000)
  eden space 261632K, 100% used [0x000000066ab00000,0x000000067aa80000,0x000000067aa80000)
  from space 15360K, 7% used [0x000000067b980000,0x000000067ba9e750,0x000000067c880000)
  to   space 15360K, 0% used [0x000000067aa80000,0x000000067aa80000,0x000000067b980000)
 ParOldGen       total 228864K, used 121974K [0x00000003c0000000, 0x00000003cdf80000, 0x000000066ab00000)
  object space 228864K, 53% used [0x00000003c0000000,0x00000003c771db50,0x00000003cdf80000)
 Metaspace       used 87579K, capacity 88692K, committed 88920K, reserved 1126400K
  class space    used 12295K, capacity 12554K, committed 12632K, reserved 1048576K
Event: 551.302 GC heap after
Heap after GC invocations=32 (full 5):
 PSYoungGen      total 276992K, used 1113K [0x000000066ab00000, 0x000000067e680000, 0x00000007c0000000)
  eden space 261632K, 0% used [0x000000066ab00000,0x000000066ab00000,0x000000067aa80000)
  from space 15360K, 7% used [0x000000067aa80000,0x000000067ab96750,0x000000067b980000)
  to   space 15360K, 0% used [0x000000067d780000,0x000000067d780000,0x000000067e680000)
 ParOldGen       total 228864K, used 121974K [0x00000003c0000000, 0x00000003cdf80000, 0x000000066ab00000)
  object space 228864K, 53% used [0x00000003c0000000,0x00000003c771db50,0x00000003cdf80000)
 Metaspace       used 87579K, capacity 88692K, committed 88920K, reserved 1126400K
  class space    used 12295K, capacity 12554K, committed 12632K, reserved 1048576K
}
Event: 551.593 GC heap before
{Heap before GC invocations=33 (full 5):
 PSYoungGen      total 276992K, used 262745K [0x000000066ab00000, 0x000000067e680000, 0x00000007c0000000)
  eden space 261632K, 100% used [0x000000066ab00000,0x000000067aa80000,0x000000067aa80000)
  from space 15360K, 7% used [0x000000067aa80000,0x000000067ab96750,0x000000067b980000)
  to   space 15360K, 0% used [0x000000067d780000,0x000000067d780000,0x000000067e680000)
 ParOldGen       total 228864K, used 121974K [0x00000003c0000000, 0x00000003cdf80000, 0x000000066ab00000)
  object space 228864K, 53% used [0x00000003c0000000,0x00000003c771db50,0x00000003cdf80000)
 Metaspace       used 87581K, capacity 88692K, committed 88920K, reserved 1126400K
  class space    used 12295K, capacity 12554K, committed 12632K, reserved 1048576K
Event: 551.609 GC heap after
Heap after GC invocations=33 (full 5):
 PSYoungGen      total 308224K, used 4409K [0x000000066ab00000, 0x000000067f400000, 0x00000007c0000000)
  eden space 292864K, 0% used [0x000000066ab00000,0x000000066ab00000,0x000000067c900000)
  from space 15360K, 28% used [0x000000067d780000,0x000000067dbce750,0x000000067e680000)
  to   space 14848K, 0% used [0x000000067c900000,0x000000067c900000,0x000000067d780000)
 ParOldGen       total 228864K, used 121982K [0x00000003c0000000, 0x00000003cdf80000, 0x000000066ab00000)
  object space 228864K, 53% used [0x00000003c0000000,0x00000003c771fb50,0x00000003cdf80000)
 Metaspace       used 87581K, capacity 88692K, committed 88920K, reserved 1126400K
  class space    used 12295K, capacity 12554K, committed 12632K, reserved 1048576K
}
Event: 551.950 GC heap before
{Heap before GC invocations=34 (full 5):
 PSYoungGen      total 308224K, used 297273K [0x000000066ab00000, 0x000000067f400000, 0x00000007c0000000)
  eden space 292864K, 100% used [0x000000066ab00000,0x000000067c900000,0x000000067c900000)
  from space 15360K, 28% used [0x000000067d780000,0x000000067dbce750,0x000000067e680000)
  to   space 14848K, 0% used [0x000000067c900000,0x000000067c900000,0x000000067d780000)
 ParOldGen       total 228864K, used 121982K [0x00000003c0000000, 0x00000003cdf80000, 0x000000066ab00000)
  object space 228864K, 53% used [0x00000003c0000000,0x00000003c771fb50,0x00000003cdf80000)
 Metaspace       used 87585K, capacity 88692K, committed 88920K, reserved 1126400K
  class space    used 12295K, capacity 12554K, committed 12632K, reserved 1048576K
Event: 551.962 GC heap after
Heap after GC invocations=34 (full 5):
 PSYoungGen      total 307712K, used 2905K [0x000000066ab00000, 0x0000000681980000, 0x00000007c0000000)
  eden space 292864K, 0% used [0x000000066ab00000,0x000000066ab00000,0x000000067c900000)
  from space 14848K, 19% used [0x000000067c900000,0x000000067cbd6750,0x000000067d780000)
  to   space 14336K, 0% used [0x0000000680b80000,0x0000000680b80000,0x0000000681980000)
 ParOldGen       total 228864K, used 121982K [0x00000003c0000000, 0x00000003cdf80000, 0x000000066ab00000)
  object space 228864K, 53% used [0x00000003c0000000,0x00000003c771fb50,0x00000003cdf80000)
 Metaspace       used 87585K, capacity 88692K, committed 88920K, reserved 1126400K
  class space    used 12295K, capacity 12554K, committed 12632K, reserved 1048576K
}
Event: 552.289 GC heap before
{Heap before GC invocations=35 (full 5):
 PSYoungGen      total 307712K, used 295769K [0x000000066ab00000, 0x0000000681980000, 0x00000007c0000000)
  eden space 292864K, 100% used [0x000000066ab00000,0x000000067c900000,0x000000067c900000)
  from space 14848K, 19% used [0x000000067c900000,0x000000067cbd6750,0x000000067d780000)
  to   space 14336K, 0% used [0x0000000680b80000,0x0000000680b80000,0x0000000681980000)
 ParOldGen       total 228864K, used 121982K [0x00000003c0000000, 0x00000003cdf80000, 0x000000066ab00000)
  object space 228864K, 53% used [0x00000003c0000000,0x00000003c771fb50,0x00000003cdf80000)
 Metaspace       used 87601K, capacity 88760K, committed 88920K, reserved 1126400K
  class space    used 12295K, capacity 12554K, committed 12632K, reserved 1048576K
Event: 552.295 GC heap after
Heap after GC invocations=35 (full 5):
 PSYoungGen      total 356864K, used 1152K [0x000000066ab00000, 0x0000000681700000, 0x00000007c0000000)
  eden space 345088K, 0% used [0x000000066ab00000,0x000000066ab00000,0x000000067fc00000)
  from space 11776K, 9% used [0x0000000680b80000,0x0000000680ca0010,0x0000000681700000)
  to   space 13824K, 0% used [0x000000067fc00000,0x000000067fc00000,0x0000000680980000)
 ParOldGen       total 228864K, used 121982K [0x00000003c0000000, 0x00000003cdf80000, 0x000000066ab00000)
  object space 228864K, 53% used [0x00000003c0000000,0x00000003c771fb50,0x00000003cdf80000)
 Metaspace       used 87601K, capacity 88760K, committed 88920K, reserved 1126400K
  class space    used 12295K, capacity 12554K, committed 12632K, reserved 1048576K
}
Event: 552.643 GC heap before
{Heap before GC invocations=36 (full 5):
 PSYoungGen      total 356864K, used 346240K [0x000000066ab00000, 0x0000000681700000, 0x00000007c0000000)
  eden space 345088K, 100% used [0x000000066ab00000,0x000000067fc00000,0x000000067fc00000)
  from space 11776K, 9% used [0x0000000680b80000,0x0000000680ca0010,0x0000000681700000)
  to   space 13824K, 0% used [0x000000067fc00000,0x000000067fc00000,0x0000000680980000)
 ParOldGen       total 228864K, used 121982K [0x00000003c0000000, 0x00000003cdf80000, 0x000000066ab00000)
  object space 228864K, 53% used [0x00000003c0000000,0x00000003c771fb50,0x00000003cdf80000)
 Metaspace       used 87617K, capacity 88824K, committed 89176K, reserved 1126400K
  class space    used 12295K, capacity 12554K, committed 12632K, reserved 1048576K
Event: 552.647 GC heap after
Heap after GC invocations=36 (full 5):
 PSYoungGen      total 358912K, used 1241K [0x000000066ab00000, 0x0000000684f80000, 0x00000007c0000000)
  eden space 345088K, 0% used [0x000000066ab00000,0x000000066ab00000,0x000000067fc00000)
  from space 13824K, 8% used [0x000000067fc00000,0x000000067fd36750,0x0000000680980000)
  to   space 13824K, 0% used [0x0000000684200000,0x0000000684200000,0x0000000684f80000)
 ParOldGen       total 228864K, used 121982K [0x00000003c0000000, 0x00000003cdf80000, 0x000000066ab00000)
  object space 228864K, 53% used [0x00000003c0000000,0x00000003c771fb50,0x00000003cdf80000)
 Metaspace       used 87617K, capacity 88824K, committed 89176K, reserved 1126400K
  class space    used 12295K, capacity 12554K, committed 12632K, reserved 1048576K
}
Event: 552.936 GC heap before
{Heap before GC invocations=37 (full 5):
 PSYoungGen      total 358912K, used 346329K [0x000000066ab00000, 0x0000000684f80000, 0x00000007c0000000)
  eden space 345088K, 100% used [0x000000066ab00000,0x000000067fc00000,0x000000067fc00000)
  from space 13824K, 8% used [0x000000067fc00000,0x000000067fd36750,0x0000000680980000)
  to   space 13824K, 0% used [0x0000000684200000,0x0000000684200000,0x0000000684f80000)
 ParOldGen       total 228864K, used 121982K [0x00000003c0000000, 0x00000003cdf80000, 0x000000066ab00000)
  object space 228864K, 53% used [0x00000003c0000000,0x00000003c771fb50,0x00000003cdf80000)
 Metaspace       used 87620K, capacity 88824K, committed 89176K, reserved 1126400K
  class space    used 12295K, capacity 12554K, committed 12632K, reserved 1048576K
Event: 552.939 GC heap after
Heap after GC invocations=37 (full 5):
 PSYoungGen      total 411648K, used 1433K [0x000000066ab00000, 0x0000000684c80000, 0x00000007c0000000)
  eden space 400896K, 0% used [0x000000066ab00000,0x000000066ab00000,0x0000000683280000)
  from space 10752K, 13% used [0x0000000684200000,0x0000000684366750,0x0000000684c80000)
  to   space 13312K, 0% used [0x0000000683280000,0x0000000683280000,0x0000000683f80000)
 ParOldGen       total 228864K, used 121982K [0x00000003c0000000, 0x00000003cdf80000, 0x000000066ab00000)
  object space 228864K, 53% used [0x00000003c0000000,0x00000003c771fb50,0x00000003cdf80000)
 Metaspace       used 87620K, capacity 88824K, committed 89176K, reserved 1126400K
  class space    used 12295K, capacity 12554K, committed 12632K, reserved 1048576K
}
Event: 553.302 GC heap before
{Heap before GC invocations=38 (full 5):
 PSYoungGen      total 411648K, used 402329K [0x000000066ab00000, 0x0000000684c80000, 0x00000007c0000000)
  eden space 400896K, 100% used [0x000000066ab00000,0x0000000683280000,0x0000000683280000)
  from space 10752K, 13% used [0x0000000684200000,0x0000000684366750,0x0000000684c80000)
  to   space 13312K, 0% used [0x0000000683280000,0x0000000683280000,0x0000000683f80000)
 ParOldGen       total 228864K, used 121982K [0x00000003c0000000, 0x00000003cdf80000, 0x000000066ab00000)
  object space 228864K, 53% used [0x00000003c0000000,0x00000003c771fb50,0x00000003cdf80000)
 Metaspace       used 87634K, capacity 88824K, committed 89176K, reserved 1126400K
  class space    used 12295K, capacity 12554K, committed 12632K, reserved 1048576K
Event: 553.306 GC heap after
Heap after GC invocations=38 (full 5):
 PSYoungGen      total 414208K, used 985K [0x000000066ab00000, 0x0000000687d00000, 0x00000007c0000000)
  eden space 400896K, 0% used [0x000000066ab00000,0x000000066ab00000,0x0000000683280000)
  from space 13312K, 7% used [0x0000000683280000,0x0000000683376750,0x0000000683f80000)
  to   space 12800K, 0% used [0x0000000687080000,0x0000000687080000,0x0000000687d00000)
 ParOldGen       total 228864K, used 122358K [0x00000003c0000000, 0x00000003cdf80000, 0x000000066ab00000)
  object space 228864K, 53% used [0x00000003c0000000,0x00000003c777db50,0x00000003cdf80000)
 Metaspace       used 87634K, capacity 88824K, committed 89176K, reserved 1126400K
  class space    used 12295K, capacity 12554K, committed 12632K, reserved 1048576K
}
Event: 553.639 GC heap before
{Heap before GC invocations=39 (full 5):
 PSYoungGen      total 414208K, used 401881K [0x000000066ab00000, 0x0000000687d00000, 0x00000007c0000000)
  eden space 400896K, 100% used [0x000000066ab00000,0x0000000683280000,0x0000000683280000)
  from space 13312K, 7% used [0x0000000683280000,0x0000000683376750,0x0000000683f80000)
  to   space 12800K, 0% used [0x0000000687080000,0x0000000687080000,0x0000000687d00000)
 ParOldGen       total 228864K, used 122358K [0x00000003c0000000, 0x00000003cdf80000, 0x000000066ab00000)
  object space 228864K, 53% used [0x00000003c0000000,0x00000003c777db50,0x00000003cdf80000)
 Metaspace       used 87635K, capacity 88824K, committed 89176K, reserved 1126400K
  class space    used 12295K, capacity 12554K, committed 12632K, reserved 1048576K
Event: 553.643 GC heap after
Heap after GC invocations=39 (full 5):
 PSYoungGen      total 461312K, used 1632K [0x000000066ab00000, 0x0000000687b00000, 0x00000007c0000000)
  eden space 450560K, 0% used [0x000000066ab00000,0x000000066ab00000,0x0000000686300000)
  from space 10752K, 15% used [0x0000000687080000,0x0000000687218010,0x0000000687b00000)
  to   space 12288K, 0% used [0x0000000686300000,0x0000000686300000,0x0000000686f00000)
 ParOldGen       total 228864K, used 122438K [0x00000003c0000000, 0x00000003cdf80000, 0x000000066ab00000)
  object space 228864K, 53% used [0x00000003c0000000,0x00000003c7791b50,0x00000003cdf80000)
 Metaspace       used 87635K, capacity 88824K, committed 89176K, reserved 1126400K
  class space    used 12295K, capacity 12554K, committed 12632K, reserved 1048576K
}
Event: 554.036 GC heap before
{Heap before GC invocations=40 (full 5):
 PSYoungGen      total 461312K, used 452192K [0x000000066ab00000, 0x0000000687b00000, 0x00000007c0000000)
  eden space 450560K, 100% used [0x000000066ab00000,0x0000000686300000,0x0000000686300000)
  from space 10752K, 15% used [0x0000000687080000,0x0000000687218010,0x0000000687b00000)
  to   space 12288K, 0% used [0x0000000686300000,0x0000000686300000,0x0000000686f00000)
 ParOldGen       total 228864K, used 122438K [0x00000003c0000000, 0x00000003cdf80000, 0x000000066ab00000)
  object space 228864K, 53% used [0x00000003c0000000,0x00000003c7791b50,0x00000003cdf80000)
 Metaspace       used 87640K, capacity 88824K, committed 89176K, reserved 1126400K
  class space    used 12295K, capacity 12554K, committed 12632K, reserved 1048576K
Event: 554.039 GC heap after
Heap after GC invocations=40 (full 5):
 PSYoungGen      total 462848K, used 896K [0x000000066ab00000, 0x000000068ae00000, 0x00000007c0000000)
  eden space 450560K, 0% used [0x000000066ab00000,0x000000066ab00000,0x0000000686300000)
  from space 12288K, 7% used [0x0000000686300000,0x00000006863e0010,0x0000000686f00000)
  to   space 12288K, 0% used [0x000000068a200000,0x000000068a200000,0x000000068ae00000)
 ParOldGen       total 228864K, used 122584K [0x00000003c0000000, 0x00000003cdf80000, 0x000000066ab00000)
  object space 228864K, 53% used [0x00000003c0000000,0x00000003c77b6290,0x00000003cdf80000)
 Metaspace       used 87640K, capacity 88824K, committed 89176K, reserved 1126400K
  class space    used 12295K, capacity 12554K, committed 12632K, reserved 1048576K
}
Event: 554.408 GC heap before
{Heap before GC invocations=41 (full 5):
 PSYoungGen      total 462848K, used 451456K [0x000000066ab00000, 0x000000068ae00000, 0x00000007c0000000)
  eden space 450560K, 100% used [0x000000066ab00000,0x0000000686300000,0x0000000686300000)
  from space 12288K, 7% used [0x0000000686300000,0x00000006863e0010,0x0000000686f00000)
  to   space 12288K, 0% used [0x000000068a200000,0x000000068a200000,0x000000068ae00000)
 ParOldGen       total 228864K, used 122584K [0x00000003c0000000, 0x00000003cdf80000, 0x000000066ab00000)
  object space 228864K, 53% used [0x00000003c0000000,0x00000003c77b6290,0x00000003cdf80000)
 Metaspace       used 87643K, capacity 88824K, committed 89176K, reserved 1126400K
  class space    used 12295K, capacity 12554K, committed 12632K, reserved 1048576K
Event: 554.411 GC heap after
Heap after GC invocations=41 (full 5):
 PSYoungGen      total 508928K, used 992K [0x000000066ab00000, 0x000000068aa80000, 0x00000007c0000000)
  eden space 500224K, 0% used [0x000000066ab00000,0x000000066ab00000,0x0000000689380000)
  from space 8704K, 11% used [0x000000068a200000,0x000000068a2f8010,0x000000068aa80000)
  to   space 11776K, 0% used [0x0000000689380000,0x0000000689380000,0x0000000689f00000)
 ParOldGen       total 228864K, used 122584K [0x00000003c0000000, 0x00000003cdf80000, 0x000000066ab00000)
  object space 228864K, 53% used [0x00000003c0000000,0x00000003c77b6290,0x00000003cdf80000)
 Metaspace       used 87643K, capacity 88824K, committed 89176K, reserved 1126400K
  class space    used 12295K, capacity 12554K, committed 12632K, reserved 1048576K
}
Event: 554.850 GC heap before
{Heap before GC invocations=42 (full 5):
 PSYoungGen      total 508928K, used 501216K [0x000000066ab00000, 0x000000068aa80000, 0x00000007c0000000)
  eden space 500224K, 100% used [0x000000066ab00000,0x0000000689380000,0x0000000689380000)
  from space 8704K, 11% used [0x000000068a200000,0x000000068a2f8010,0x000000068aa80000)
  to   space 11776K, 0% used [0x0000000689380000,0x0000000689380000,0x0000000689f00000)
 ParOldGen       total 228864K, used 122584K [0x00000003c0000000, 0x00000003cdf80000, 0x000000066ab00000)
  object space 228864K, 53% used [0x00000003c0000000,0x00000003c77b6290,0x00000003cdf80000)
 Metaspace       used 87643K, capacity 88824K, committed 89176K, reserved 1126400K
  class space    used 12295K, capacity 12554K, committed 12632K, reserved 1048576K
Event: 554.854 GC heap after
Heap after GC invocations=42 (full 5):
 PSYoungGen      total 512000K, used 1152K [0x000000066ab00000, 0x000000068dd00000, 0x00000007c0000000)
  eden space 500224K, 0% used [0x000000066ab00000,0x000000066ab00000,0x0000000689380000)
  from space 11776K, 9% used [0x0000000689380000,0x00000006894a0010,0x0000000689f00000)
  to   space 11264K, 0% used [0x000000068d200000,0x000000068d200000,0x000000068dd00000)
 ParOldGen       total 228864K, used 122584K [0x00000003c0000000, 0x00000003cdf80000, 0x000000066ab00000)
  object space 228864K, 53% used [0x00000003c0000000,0x00000003c77b6290,0x00000003cdf80000)
 Metaspace       used 87643K, capacity 88824K, committed 89176K, reserved 1126400K
  class space    used 12295K, capacity 12554K, committed 12632K, reserved 1048576K
}
Event: 555.272 GC heap before
{Heap before GC invocations=43 (full 5):
 PSYoungGen      total 512000K, used 501376K [0x000000066ab00000, 0x000000068dd00000, 0x00000007c0000000)
  eden space 500224K, 100% used [0x000000066ab00000,0x0000000689380000,0x0000000689380000)
  from space 11776K, 9% used [0x0000000689380000,0x00000006894a0010,0x0000000689f00000)
  to   space 11264K, 0% used [0x000000068d200000,0x000000068d200000,0x000000068dd00000)
 ParOldGen       total 228864K, used 122584K [0x00000003c0000000, 0x00000003cdf80000, 0x000000066ab00000)
  object space 228864K, 53% used [0x00000003c0000000,0x00000003c77b6290,0x00000003cdf80000)
 Metaspace       used 87643K, capacity 88824K, committed 89176K, reserved 1126400K
  class space    used 12295K, capacity 12554K, committed 12632K, reserved 1048576K
Event: 555.277 GC heap after
Heap after GC invocations=43 (full 5):
 PSYoungGen      total 563200K, used 2016K [0x000000066ab00000, 0x000000068dc00000, 0x00000007c0000000)
  eden space 552960K, 0% used [0x000000066ab00000,0x000000066ab00000,0x000000068c700000)
  from space 10240K, 19% used [0x000000068d200000,0x000000068d3f8010,0x000000068dc00000)
  to   space 10752K, 0% used [0x000000068c700000,0x000000068c700000,0x000000068d180000)
 ParOldGen       total 228864K, used 122584K [0x00000003c0000000, 0x00000003cdf80000, 0x000000066ab00000)
  object space 228864K, 53% used [0x00000003c0000000,0x00000003c77b6290,0x00000003cdf80000)
 Metaspace       used 87643K, capacity 88824K, committed 89176K, reserved 1126400K
  class space    used 12295K, capacity 12554K, committed 12632K, reserved 1048576K
}
Event: 555.754 GC heap before
{Heap before GC invocations=44 (full 5):
 PSYoungGen      total 563200K, used 554976K [0x000000066ab00000, 0x000000068dc00000, 0x00000007c0000000)
  eden space 552960K, 100% used [0x000000066ab00000,0x000000068c700000,0x000000068c700000)
  from space 10240K, 19% used [0x000000068d200000,0x000000068d3f8010,0x000000068dc00000)
  to   space 10752K, 0% used [0x000000068c700000,0x000000068c700000,0x000000068d180000)
 ParOldGen       total 228864K, used 122584K [0x00000003c0000000, 0x00000003cdf80000, 0x000000066ab00000)
  object space 228864K, 53% used [0x00000003c0000000,0x00000003c77b6290,0x00000003cdf80000)
 Metaspace       used 87647K, capacity 88824K, committed 89176K, reserved 1126400K
  class space    used 12295K, capacity 12554K, committed 12632K, reserved 1048576K
Event: 555.758 GC heap after
Heap after GC invocations=44 (full 5):
 PSYoungGen      total 563712K, used 1632K [0x000000066ab00000, 0x0000000691100000, 0x00000007c0000000)
  eden space 552960K, 0% used [0x000000066ab00000,0x000000066ab00000,0x000000068c700000)
  from space 10752K, 15% used [0x000000068c700000,0x000000068c898010,0x000000068d180000)
  to   space 9728K, 0% used [0x0000000690780000,0x0000000690780000,0x0000000691100000)
 ParOldGen       total 228864K, used 122584K [0x00000003c0000000, 0x00000003cdf80000, 0x000000066ab00000)
  object space 228864K, 53% used [0x00000003c0000000,0x00000003c77b6290,0x00000003cdf80000)
 Metaspace       used 87647K, capacity 88824K, committed 89176K, reserved 1126400K
  class space    used 12295K, capacity 12554K, committed 12632K, reserved 1048576K
}
Event: 556.209 GC heap before
{Heap before GC invocations=45 (full 5):
 PSYoungGen      total 563712K, used 554592K [0x000000066ab00000, 0x0000000691100000, 0x00000007c0000000)
  eden space 552960K, 100% used [0x000000066ab00000,0x000000068c700000,0x000000068c700000)
  from space 10752K, 15% used [0x000000068c700000,0x000000068c898010,0x000000068d180000)
  to   space 9728K, 0% used [0x0000000690780000,0x0000000690780000,0x0000000691100000)
 ParOldGen       total 228864K, used 122584K [0x00000003c0000000, 0x00000003cdf80000, 0x000000066ab00000)
  object space 228864K, 53% used [0x00000003c0000000,0x00000003c77b6290,0x00000003cdf80000)
 Metaspace       used 87650K, capacity 88824K, committed 89176K, reserved 1126400K
  class space    used 12295K, capacity 12554K, committed 12632K, reserved 1048576K
Event: 556.213 GC heap after
Heap after GC invocations=45 (full 5):
 PSYoungGen      total 615936K, used 1472K [0x000000066ab00000, 0x0000000690f80000, 0x00000007c0000000)
  eden space 607744K, 0% used [0x000000066ab00000,0x000000066ab00000,0x000000068fc80000)
  from space 8192K, 17% used [0x0000000690780000,0x00000006908f0010,0x0000000690f80000)
  to   space 9728K, 0% used [0x000000068fc80000,0x000000068fc80000,0x0000000690600000)
 ParOldGen       total 228864K, used 122584K [0x00000003c0000000, 0x00000003cdf80000, 0x000000066ab00000)
  object space 228864K, 53% used [0x00000003c0000000,0x00000003c77b6290,0x00000003cdf80000)
 Metaspace       used 87650K, capacity 88824K, committed 89176K, reserved 1126400K
  class space    used 12295K, capacity 12554K, committed 12632K, reserved 1048576K
}
Event: 556.749 GC heap before
{Heap before GC invocations=46 (full 5):
 PSYoungGen      total 615936K, used 609216K [0x000000066ab00000, 0x0000000690f80000, 0x00000007c0000000)
  eden space 607744K, 100% used [0x000000066ab00000,0x000000068fc80000,0x000000068fc80000)
  from space 8192K, 17% used [0x0000000690780000,0x00000006908f0010,0x0000000690f80000)
  to   space 9728K, 0% used [0x000000068fc80000,0x000000068fc80000,0x0000000690600000)
 ParOldGen       total 228864K, used 122584K [0x00000003c0000000, 0x00000003cdf80000, 0x000000066ab00000)
  object space 228864K, 53% used [0x00000003c0000000,0x00000003c77b6290,0x00000003cdf80000)
 Metaspace       used 87650K, capacity 88824K, committed 89176K, reserved 1126400K
  class space    used 12295K, capacity 12554K, committed 12632K, reserved 1048576K
Event: 556.754 GC heap after
Heap after GC invocations=46 (full 5):
 PSYoungGen      total 617472K, used 1824K [0x000000066ab00000, 0x0000000693f80000, 0x00000007c0000000)
  eden space 607744K, 0% used [0x000000066ab00000,0x000000066ab00000,0x000000068fc80000)
  from space 9728K, 18% used [0x000000068fc80000,0x000000068fe48010,0x0000000690600000)
  to   space 8704K, 0% used [0x0000000693700000,0x0000000693700000,0x0000000693f80000)
 ParOldGen       total 228864K, used 122584K [0x00000003c0000000, 0x00000003cdf80000, 0x000000066ab00000)
  object space 228864K, 53% used [0x00000003c0000000,0x00000003c77b6290,0x00000003cdf80000)
 Metaspace       used 87650K, capacity 88824K, committed 89176K, reserved 1126400K
  class space    used 12295K, capacity 12554K, committed 12632K, reserved 1048576K
}
Event: 557.250 GC heap before
{Heap before GC invocations=47 (full 5):
 PSYoungGen      total 617472K, used 609568K [0x000000066ab00000, 0x0000000693f80000, 0x00000007c0000000)
  eden space 607744K, 100% used [0x000000066ab00000,0x000000068fc80000,0x000000068fc80000)
  from space 9728K, 18% used [0x000000068fc80000,0x000000068fe48010,0x0000000690600000)
  to   space 8704K, 0% used [0x0000000693700000,0x0000000693700000,0x0000000693f80000)
 ParOldGen       total 228864K, used 122584K [0x00000003c0000000, 0x00000003cdf80000, 0x000000066ab00000)
  object space 228864K, 53% used [0x00000003c0000000,0x00000003c77b6290,0x00000003cdf80000)
 Metaspace       used 87650K, capacity 88824K, committed 89176K, reserved 1126400K
  class space    used 12295K, capacity 12554K, committed 12632K, reserved 1048576K
Event: 557.255 GC heap after
Heap after GC invocations=47 (full 5):
 PSYoungGen      total 666624K, used 1715K [0x000000066ab00000, 0x0000000693f00000, 0x00000007c0000000)
  eden space 658432K, 0% used [0x000000066ab00000,0x000000066ab00000,0x0000000692e00000)
  from space 8192K, 20% used [0x0000000693700000,0x00000006938acea0,0x0000000693f00000)
  to   space 8704K, 0% used [0x0000000692e00000,0x0000000692e00000,0x0000000693680000)
 ParOldGen       total 228864K, used 122664K [0x00000003c0000000, 0x00000003cdf80000, 0x000000066ab00000)
  object space 228864K, 53% used [0x00000003c0000000,0x00000003c77ca290,0x00000003cdf80000)
 Metaspace       used 87650K, capacity 88824K, committed 89176K, reserved 1126400K
  class space    used 12295K, capacity 12554K, committed 12632K, reserved 1048576K
}
Event: 557.831 GC heap before
{Heap before GC invocations=48 (full 5):
 PSYoungGen      total 666624K, used 660147K [0x000000066ab00000, 0x0000000693f00000, 0x00000007c0000000)
  eden space 658432K, 100% used [0x000000066ab00000,0x0000000692e00000,0x0000000692e00000)
  from space 8192K, 20% used [0x0000000693700000,0x00000006938acea0,0x0000000693f00000)
  to   space 8704K, 0% used [0x0000000692e00000,0x0000000692e00000,0x0000000693680000)
 ParOldGen       total 228864K, used 122664K [0x00000003c0000000, 0x00000003cdf80000, 0x000000066ab00000)
  object space 228864K, 53% used [0x00000003c0000000,0x00000003c77ca290,0x00000003cdf80000)
 Metaspace       used 87652K, capacity 88824K, committed 89176K, reserved 1126400K
  class space    used 12295K, capacity 12554K, committed 12632K, reserved 1048576K
Event: 557.836 GC heap after
Heap after GC invocations=48 (full 5):
 PSYoungGen      total 667136K, used 2195K [0x000000066ab00000, 0x0000000697200000, 0x00000007c0000000)
  eden space 658432K, 0% used [0x000000066ab00000,0x000000066ab00000,0x0000000692e00000)
  from space 8704K, 25% used [0x0000000692e00000,0x0000000693024ea0,0x0000000693680000)
  to   space 7680K, 0% used [0x0000000696a80000,0x0000000696a80000,0x0000000697200000)
 ParOldGen       total 228864K, used 122728K [0x00000003c0000000, 0x00000003cdf80000, 0x000000066ab00000)
  object space 228864K, 53% used [0x00000003c0000000,0x00000003c77da290,0x00000003cdf80000)
 Metaspace       used 87652K, capacity 88824K, committed 89176K, reserved 1126400K
  class space    used 12295K, capacity 12554K, committed 12632K, reserved 1048576K
}
Event: 558.372 GC heap before
{Heap before GC invocations=49 (full 5):
 PSYoungGen      total 667136K, used 660627K [0x000000066ab00000, 0x0000000697200000, 0x00000007c0000000)
  eden space 658432K, 100% used [0x000000066ab00000,0x0000000692e00000,0x0000000692e00000)
  from space 8704K, 25% used [0x0000000692e00000,0x0000000693024ea0,0x0000000693680000)
  to   space 7680K, 0% used [0x0000000696a80000,0x0000000696a80000,0x0000000697200000)
 ParOldGen       total 228864K, used 122728K [0x00000003c0000000, 0x00000003cdf80000, 0x000000066ab00000)
  object space 228864K, 53% used [0x00000003c0000000,0x00000003c77da290,0x00000003cdf80000)
 Metaspace       used 87661K, capacity 88824K, committed 89176K, reserved 1126400K
  class space    used 12295K, capacity 12554K, committed 12632K, reserved 1048576K
Event: 558.379 GC heap after
Heap after GC invocations=49 (full 5):
 PSYoungGen      total 720384K, used 1843K [0x000000066ab00000, 0x0000000697600000, 0x00000007c0000000)
  eden space 712704K, 0% used [0x000000066ab00000,0x000000066ab00000,0x0000000696300000)
  from space 7680K, 24% used [0x0000000696a80000,0x0000000696c4cea0,0x0000000697200000)
  to   space 7680K, 0% used [0x0000000696300000,0x0000000696300000,0x0000000696a80000)
 ParOldGen       total 228864K, used 122800K [0x00000003c0000000, 0x00000003cdf80000, 0x000000066ab00000)
  object space 228864K, 53% used [0x00000003c0000000,0x00000003c77ec290,0x00000003cdf80000)
 Metaspace       used 87661K, capacity 88824K, committed 89176K, reserved 1126400K
  class space    used 12295K, capacity 12554K, committed 12632K, reserved 1048576K
}
Event: 559.023 GC heap before
{Heap before GC invocations=50 (full 5):
 PSYoungGen      total 720384K, used 714547K [0x000000066ab00000, 0x0000000697600000, 0x00000007c0000000)
  eden space 712704K, 100% used [0x000000066ab00000,0x0000000696300000,0x0000000696300000)
  from space 7680K, 24% used [0x0000000696a80000,0x0000000696c4cea0,0x0000000697200000)
  to   space 7680K, 0% used [0x0000000696300000,0x0000000696300000,0x0000000696a80000)
 ParOldGen       total 228864K, used 122800K [0x00000003c0000000, 0x00000003cdf80000, 0x000000066ab00000)
  object space 228864K, 53% used [0x00000003c0000000,0x00000003c77ec290,0x00000003cdf80000)
 Metaspace       used 87661K, capacity 88824K, committed 89176K, reserved 1126400K
  class space    used 12295K, capacity 12554K, committed 12632K, reserved 1048576K
Event: 559.038 GC heap after
Heap after GC invocations=50 (full 5):
 PSYoungGen      total 720384K, used 3953K [0x000000066ab00000, 0x000000069ba80000, 0x00000007c0000000)
  eden space 712704K, 0% used [0x000000066ab00000,0x000000066ab00000,0x0000000696300000)
  from space 7680K, 51% used [0x0000000696300000,0x00000006966dc560,0x0000000696a80000)
  to   space 7680K, 0% used [0x000000069b300000,0x000000069b300000,0x000000069ba80000)
 ParOldGen       total 228864K, used 122864K [0x00000003c0000000, 0x00000003cdf80000, 0x000000066ab00000)
  object space 228864K, 53% used [0x00000003c0000000,0x00000003c77fc290,0x00000003cdf80000)
 Metaspace       used 87661K, capacity 88824K, committed 89176K, reserved 1126400K
  class space    used 12295K, capacity 12554K, committed 12632K, reserved 1048576K
}
Event: 559.603 GC heap before
{Heap before GC invocations=51 (full 5):
 PSYoungGen      total 720384K, used 716657K [0x000000066ab00000, 0x000000069ba80000, 0x00000007c0000000)
  eden space 712704K, 100% used [0x000000066ab00000,0x0000000696300000,0x0000000696300000)
  from space 7680K, 51% used [0x0000000696300000,0x00000006966dc560,0x0000000696a80000)
  to   space 7680K, 0% used [0x000000069b300000,0x000000069b300000,0x000000069ba80000)
 ParOldGen       total 228864K, used 122864K [0x00000003c0000000, 0x00000003cdf80000, 0x000000066ab00000)
  object space 228864K, 53% used [0x00000003c0000000,0x00000003c77fc290,0x00000003cdf80000)
 Metaspace       used 87661K, capacity 88824K, committed 89176K, reserved 1126400K
  class space    used 12295K, capacity 12554K, committed 12632K, reserved 1048576K
Event: 559.610 GC heap after
Heap after GC invocations=51 (full 5):
 PSYoungGen      total 792576K, used 1895K [0x000000066ab00000, 0x000000069b900000, 0x00000007c0000000)
  eden space 786432K, 0% used [0x000000066ab00000,0x000000066ab00000,0x000000069ab00000)
  from space 6144K, 30% used [0x000000069b300000,0x000000069b4d9d30,0x000000069b900000)
  to   space 7168K, 0% used [0x000000069ab00000,0x000000069ab00000,0x000000069b200000)
 ParOldGen       total 228864K, used 122936K [0x00000003c0000000, 0x00000003cdf80000, 0x000000066ab00000)
  object space 228864K, 53% used [0x00000003c0000000,0x00000003c780e290,0x00000003cdf80000)
 Metaspace       used 87661K, capacity 88824K, committed 89176K, reserved 1126400K
  class space    used 12295K, capacity 12554K, committed 12632K, reserved 1048576K
}
Event: 560.296 GC heap before
{Heap before GC invocations=52 (full 5):
 PSYoungGen      total 792576K, used 788327K [0x000000066ab00000, 0x000000069b900000, 0x00000007c0000000)
  eden space 786432K, 100% used [0x000000066ab00000,0x000000069ab00000,0x000000069ab00000)
  from space 6144K, 30% used [0x000000069b300000,0x000000069b4d9d30,0x000000069b900000)
  to   space 7168K, 0% used [0x000000069ab00000,0x000000069ab00000,0x000000069b200000)
 ParOldGen       total 228864K, used 122936K [0x00000003c0000000, 0x00000003cdf80000, 0x000000066ab00000)
  object space 228864K, 53% used [0x00000003c0000000,0x00000003c780e290,0x00000003cdf80000)
 Metaspace       used 87661K, capacity 88824K, committed 89176K, reserved 1126400K
  class space    used 12295K, capacity 12554K, committed 12632K, reserved 1048576K
Event: 560.304 GC heap after
Heap after GC invocations=52 (full 5):
 PSYoungGen      total 793600K, used 1799K [0x000000066ab00000, 0x00000006a0480000, 0x00000007c0000000)
  eden space 786432K, 0% used [0x000000066ab00000,0x000000066ab00000,0x000000069ab00000)
  from space 7168K, 25% used [0x000000069ab00000,0x000000069acc1d30,0x000000069b200000)
  to   space 6656K, 0% used [0x000000069fe00000,0x000000069fe00000,0x00000006a0480000)
 ParOldGen       total 228864K, used 123000K [0x00000003c0000000, 0x00000003cdf80000, 0x000000066ab00000)
  object space 228864K, 53% used [0x00000003c0000000,0x00000003c781e290,0x00000003cdf80000)
 Metaspace       used 87661K, capacity 88824K, committed 89176K, reserved 1126400K
  class space    used 12295K, capacity 12554K, committed 12632K, reserved 1048576K
}
Event: 560.944 GC heap before
{Heap before GC invocations=53 (full 5):
 PSYoungGen      total 793600K, used 788231K [0x000000066ab00000, 0x00000006a0480000, 0x00000007c0000000)
  eden space 786432K, 100% used [0x000000066ab00000,0x000000069ab00000,0x000000069ab00000)
  from space 7168K, 25% used [0x000000069ab00000,0x000000069acc1d30,0x000000069b200000)
  to   space 6656K, 0% used [0x000000069fe00000,0x000000069fe00000,0x00000006a0480000)
 ParOldGen       total 228864K, used 123000K [0x00000003c0000000, 0x00000003cdf80000, 0x000000066ab00000)
  object space 228864K, 53% used [0x00000003c0000000,0x00000003c781e290,0x00000003cdf80000)
 Metaspace       used 87661K, capacity 88824K, committed 89176K, reserved 1126400K
  class space    used 12295K, capacity 12554K, committed 12632K, reserved 1048576K
Event: 560.949 GC heap after
Heap after GC invocations=53 (full 5):
 PSYoungGen      total 861696K, used 1863K [0x000000066ab00000, 0x00000006a0000000, 0x00000007c0000000)
  eden space 859648K, 0% used [0x000000066ab00000,0x000000066ab00000,0x000000069f280000)
  from space 2048K, 90% used [0x000000069fe00000,0x000000069ffd1d30,0x00000006a0000000)
  to   space 6656K, 0% used [0x000000069f300000,0x000000069f300000,0x000000069f980000)
 ParOldGen       total 228864K, used 123072K [0x00000003c0000000, 0x00000003cdf80000, 0x000000066ab00000)
  object space 228864K, 53% used [0x00000003c0000000,0x00000003c7830290,0x00000003cdf80000)
 Metaspace       used 87661K, capacity 88824K, committed 89176K, reserved 1126400K
  class space    used 12295K, capacity 12554K, committed 12632K, reserved 1048576K
}
Event: 561.682 GC heap before
{Heap before GC invocations=54 (full 5):
 PSYoungGen      total 861696K, used 861511K [0x000000066ab00000, 0x00000006a0000000, 0x00000007c0000000)
  eden space 859648K, 100% used [0x000000066ab00000,0x000000069f280000,0x000000069f280000)
  from space 2048K, 90% used [0x000000069fe00000,0x000000069ffd1d30,0x00000006a0000000)
  to   space 6656K, 0% used [0x000000069f300000,0x000000069f300000,0x000000069f980000)
 ParOldGen       total 228864K, used 123072K [0x00000003c0000000, 0x00000003cdf80000, 0x000000066ab00000)
  object space 228864K, 53% used [0x00000003c0000000,0x00000003c7830290,0x00000003cdf80000)
 Metaspace       used 87661K, capacity 88824K, committed 89176K, reserved 1126400K
  class space    used 12295K, capacity 12554K, committed 12632K, reserved 1048576K
Event: 561.687 GC heap after
Heap after GC invocations=54 (full 5):
 PSYoungGen      total 866816K, used 2055K [0x000000066ab00000, 0x00000006a4480000, 0x00000007c0000000)
  eden space 860160K, 0% used [0x000000066ab00000,0x000000066ab00000,0x000000069f300000)
  from space 6656K, 30% used [0x000000069f300000,0x000000069f501d30,0x000000069f980000)
  to   space 6144K, 0% used [0x00000006a3e80000,0x00000006a3e80000,0x00000006a4480000)
 ParOldGen       total 228864K, used 123144K [0x00000003c0000000, 0x00000003cdf80000, 0x000000066ab00000)
  object space 228864K, 53% used [0x00000003c0000000,0x00000003c7842290,0x00000003cdf80000)
 Metaspace       used 87661K, capacity 88824K, committed 89176K, reserved 1126400K
  class space    used 12295K, capacity 12554K, committed 12632K, reserved 1048576K
}
Event: 562.385 GC heap before
{Heap before GC invocations=55 (full 5):
 PSYoungGen      total 866816K, used 862215K [0x000000066ab00000, 0x00000006a4480000, 0x00000007c0000000)
  eden space 860160K, 100% used [0x000000066ab00000,0x000000069f300000,0x000000069f300000)
  from space 6656K, 30% used [0x000000069f300000,0x000000069f501d30,0x000000069f980000)
  to   space 6144K, 0% used [0x00000006a3e80000,0x00000006a3e80000,0x00000006a4480000)
 ParOldGen       total 228864K, used 123144K [0x00000003c0000000, 0x00000003cdf80000, 0x000000066ab00000)
  object space 228864K, 53% used [0x00000003c0000000,0x00000003c7842290,0x00000003cdf80000)
 Metaspace       used 87661K, capacity 88824K, committed 89176K, reserved 1126400K
  class space    used 12295K, capacity 12554K, committed 12632K, reserved 1048576K
Event: 562.389 GC heap after
Heap after GC invocations=55 (full 5):
 PSYoungGen      total 930304K, used 2055K [0x000000066ab00000, 0x00000006a4100000, 0x00000007c0000000)
  eden space 927744K, 0% used [0x000000066ab00000,0x000000066ab00000,0x00000006a3500000)
  from space 2560K, 80% used [0x00000006a3e80000,0x00000006a4081d30,0x00000006a4100000)
  to   space 5632K, 0% used [0x00000006a3600000,0x00000006a3600000,0x00000006a3b80000)
 ParOldGen       total 228864K, used 123224K [0x00000003c0000000, 0x00000003cdf80000, 0x000000066ab00000)
  object space 228864K, 53% used [0x00000003c0000000,0x00000003c7856290,0x00000003cdf80000)
 Metaspace       used 87661K, capacity 88824K, committed 89176K, reserved 1126400K
  class space    used 12295K, capacity 12554K, committed 12632K, reserved 1048576K
}
Event: 563.189 GC heap before
{Heap before GC invocations=56 (full 5):
 PSYoungGen      total 930304K, used 929799K [0x000000066ab00000, 0x00000006a4100000, 0x00000007c0000000)
  eden space 927744K, 100% used [0x000000066ab00000,0x00000006a3500000,0x00000006a3500000)
  from space 2560K, 80% used [0x00000006a3e80000,0x00000006a4081d30,0x00000006a4100000)
  to   space 5632K, 0% used [0x00000006a3600000,0x00000006a3600000,0x00000006a3b80000)
 ParOldGen       total 228864K, used 123224K [0x00000003c0000000, 0x00000003cdf80000, 0x000000066ab00000)
  object space 228864K, 53% used [0x00000003c0000000,0x00000003c7856290,0x00000003cdf80000)
 Metaspace       used 87661K, capacity 88824K, committed 89176K, reserved 1126400K
  class space    used 12295K, capacity 12554K, committed 12632K, reserved 1048576K
Event: 563.194 GC heap after
Heap after GC invocations=56 (full 5):
 PSYoungGen      total 934400K, used 1991K [0x000000066ab00000, 0x00000006a8300000, 0x00000007c0000000)
  eden space 928768K, 0% used [0x000000066ab00000,0x000000066ab00000,0x00000006a3600000)
  from space 5632K, 35% used [0x00000006a3600000,0x00000006a37f1d30,0x00000006a3b80000)
  to   space 5632K, 0% used [0x00000006a7d80000,0x00000006a7d80000,0x00000006a8300000)
 ParOldGen       total 228864K, used 123296K [0x00000003c0000000, 0x00000003cdf80000, 0x000000066ab00000)
  object space 228864K, 53% used [0x00000003c0000000,0x00000003c7868290,0x00000003cdf80000)
 Metaspace       used 87661K, capacity 88824K, committed 89176K, reserved 1126400K
  class space    used 12295K, capacity 12554K, committed 12632K, reserved 1048576K
}
Event: 563.931 GC heap before
{Heap before GC invocations=57 (full 5):
 PSYoungGen      total 934400K, used 930759K [0x000000066ab00000, 0x00000006a8300000, 0x00000007c0000000)
  eden space 928768K, 100% used [0x000000066ab00000,0x00000006a3600000,0x00000006a3600000)
  from space 5632K, 35% used [0x00000006a3600000,0x00000006a37f1d30,0x00000006a3b80000)
  to   space 5632K, 0% used [0x00000006a7d80000,0x00000006a7d80000,0x00000006a8300000)
 ParOldGen       total 228864K, used 123296K [0x00000003c0000000, 0x00000003cdf80000, 0x000000066ab00000)
  object space 228864K, 53% used [0x00000003c0000000,0x00000003c7868290,0x00000003cdf80000)
 Metaspace       used 87663K, capacity 88824K, committed 89176K, reserved 1126400K
  class space    used 12295K, capacity 12554K, committed 12632K, reserved 1048576K
Event: 563.936 GC heap after
Heap after GC invocations=57 (full 5):
 PSYoungGen      total 997888K, used 2119K [0x000000066ab00000, 0x00000006a8080000, 0x00000007c0000000)
  eden space 994816K, 0% used [0x000000066ab00000,0x000000066ab00000,0x00000006a7680000)
  from space 3072K, 68% used [0x00000006a7d80000,0x00000006a7f91d30,0x00000006a8080000)
  to   space 5120K, 0% used [0x00000006a7680000,0x00000006a7680000,0x00000006a7b80000)
 ParOldGen       total 228864K, used 123416K [0x00000003c0000000, 0x00000003cdf80000, 0x000000066ab00000)
  object space 228864K, 53% used [0x00000003c0000000,0x00000003c7886290,0x00000003cdf80000)
 Metaspace       used 87663K, capacity 88824K, committed 89176K, reserved 1126400K
  class space    used 12295K, capacity 12554K, committed 12632K, reserved 1048576K
}
Event: 564.767 GC heap before
{Heap before GC invocations=58 (full 5):
 PSYoungGen      total 997888K, used 996935K [0x000000066ab00000, 0x00000006a8080000, 0x00000007c0000000)
  eden space 994816K, 100% used [0x000000066ab00000,0x00000006a7680000,0x00000006a7680000)
  from space 3072K, 68% used [0x00000006a7d80000,0x00000006a7f91d30,0x00000006a8080000)
  to   space 5120K, 0% used [0x00000006a7680000,0x00000006a7680000,0x00000006a7b80000)
 ParOldGen       total 228864K, used 123416K [0x00000003c0000000, 0x00000003cdf80000, 0x000000066ab00000)
  object space 228864K, 53% used [0x00000003c0000000,0x00000003c7886290,0x00000003cdf80000)
 Metaspace       used 87663K, capacity 88824K, committed 89176K, reserved 1126400K
  class space    used 12295K, capacity 12554K, committed 12632K, reserved 1048576K
Event: 564.773 GC heap after
Heap after GC invocations=58 (full 5):
 PSYoungGen      total 999936K, used 2311K [0x000000066ab00000, 0x00000006ac380000, 0x00000007c0000000)
  eden space 994816K, 0% used [0x000000066ab00000,0x000000066ab00000,0x00000006a7680000)
  from space 5120K, 45% used [0x00000006a7680000,0x00000006a78c1d30,0x00000006a7b80000)
  to   space 5120K, 0% used [0x00000006abe80000,0x00000006abe80000,0x00000006ac380000)
 ParOldGen       total 228864K, used 123496K [0x00000003c0000000, 0x00000003cdf80000, 0x000000066ab00000)
  object space 228864K, 53% used [0x00000003c0000000,0x00000003c789a290,0x00000003cdf80000)
 Metaspace       used 87663K, capacity 88824K, committed 89176K, reserved 1126400K
  class space    used 12295K, capacity 12554K, committed 12632K, reserved 1048576K
}
Event: 565.571 GC heap before
{Heap before GC invocations=59 (full 5):
 PSYoungGen      total 999936K, used 997127K [0x000000066ab00000, 0x00000006ac380000, 0x00000007c0000000)
  eden space 994816K, 100% used [0x000000066ab00000,0x00000006a7680000,0x00000006a7680000)
  from space 5120K, 45% used [0x00000006a7680000,0x00000006a78c1d30,0x00000006a7b80000)
  to   space 5120K, 0% used [0x00000006abe80000,0x00000006abe80000,0x00000006ac380000)
 ParOldGen       total 228864K, used 123496K [0x00000003c0000000, 0x00000003cdf80000, 0x000000066ab00000)
  object space 228864K, 53% used [0x00000003c0000000,0x00000003c789a290,0x00000003cdf80000)
 Metaspace       used 87663K, capacity 88824K, committed 89176K, reserved 1126400K
  class space    used 12295K, capacity 12554K, committed 12632K, reserved 1048576K
Event: 565.576 GC heap after
Heap after GC invocations=59 (full 5):
 PSYoungGen      total 1063936K, used 2343K [0x000000066ab00000, 0x00000006ac100000, 0x00000007c0000000)
  eden space 1061376K, 0% used [0x000000066ab00000,0x000000066ab00000,0x00000006ab780000)
  from space 2560K, 91% used [0x00000006abe80000,0x00000006ac0c9d30,0x00000006ac100000)
  to   space 4608K, 0% used [0x00000006ab800000,0x00000006ab800000,0x00000006abc80000)
 ParOldGen       total 228864K, used 123552K [0x00000003c0000000, 0x00000003cdf80000, 0x000000066ab00000)
  object space 228864K, 53% used [0x00000003c0000000,0x00000003c78a8290,0x00000003cdf80000)
 Metaspace       used 87663K, capacity 88824K, committed 89176K, reserved 1126400K
  class space    used 12295K, capacity 12554K, committed 12632K, reserved 1048576K
}
Event: 566.461 GC heap before
{Heap before GC invocations=60 (full 5):
 PSYoungGen      total 1063936K, used 1063719K [0x000000066ab00000, 0x00000006ac100000, 0x00000007c0000000)
  eden space 1061376K, 100% used [0x000000066ab00000,0x00000006ab780000,0x00000006ab780000)
  from space 2560K, 91% used [0x00000006abe80000,0x00000006ac0c9d30,0x00000006ac100000)
  to   space 4608K, 0% used [0x00000006ab800000,0x00000006ab800000,0x00000006abc80000)
 ParOldGen       total 228864K, used 123552K [0x00000003c0000000, 0x00000003cdf80000, 0x000000066ab00000)
  object space 228864K, 53% used [0x00000003c0000000,0x00000003c78a8290,0x00000003cdf80000)
 Metaspace       used 87663K, capacity 88824K, committed 89176K, reserved 1126400K
  class space    used 12295K, capacity 12554K, committed 12632K, reserved 1048576K
Event: 566.467 GC heap after
Heap after GC invocations=60 (full 5):
 PSYoungGen      total 1066496K, used 2471K [0x000000066ab00000, 0x00000006b0400000, 0x00000007c0000000)
  eden space 1061888K, 0% used [0x000000066ab00000,0x000000066ab00000,0x00000006ab800000)
  from space 4608K, 53% used [0x00000006ab800000,0x00000006aba69d30,0x00000006abc80000)
  to   space 4608K, 0% used [0x00000006aff80000,0x00000006aff80000,0x00000006b0400000)
 ParOldGen       total 228864K, used 123624K [0x00000003c0000000, 0x00000003cdf80000, 0x000000066ab00000)
  object space 228864K, 54% used [0x00000003c0000000,0x00000003c78ba290,0x00000003cdf80000)
 Metaspace       used 87663K, capacity 88824K, committed 89176K, reserved 1126400K
  class space    used 12295K, capacity 12554K, committed 12632K, reserved 1048576K
}
Event: 567.315 GC heap before
{Heap before GC invocations=61 (full 5):
 PSYoungGen      total 1066496K, used 1064359K [0x000000066ab00000, 0x00000006b0400000, 0x00000007c0000000)
  eden space 1061888K, 100% used [0x000000066ab00000,0x00000006ab800000,0x00000006ab800000)
  from space 4608K, 53% used [0x00000006ab800000,0x00000006aba69d30,0x00000006abc80000)
  to   space 4608K, 0% used [0x00000006aff80000,0x00000006aff80000,0x00000006b0400000)
 ParOldGen       total 228864K, used 123624K [0x00000003c0000000, 0x00000003cdf80000, 0x000000066ab00000)
  object space 228864K, 54% used [0x00000003c0000000,0x00000003c78ba290,0x00000003cdf80000)
 Metaspace       used 87663K, capacity 88824K, committed 89176K, reserved 1126400K
  class space    used 12295K, capacity 12554K, committed 12632K, reserved 1048576K
Event: 567.322 GC heap after
Heap after GC invocations=61 (full 5):
 PSYoungGen      total 1134592K, used 3463K [0x000000066ab00000, 0x00000006b0700000, 0x00000007c0000000)
  eden space 1129984K, 0% used [0x000000066ab00000,0x000000066ab00000,0x00000006afa80000)
  from space 4608K, 75% used [0x00000006aff80000,0x00000006b02e1d30,0x00000006b0400000)
  to   space 5120K, 0% used [0x00000006afa80000,0x00000006afa80000,0x00000006aff80000)
 ParOldGen       total 228864K, used 123712K [0x00000003c0000000, 0x00000003cdf80000, 0x000000066ab00000)
  object space 228864K, 54% used [0x00000003c0000000,0x00000003c78d0290,0x00000003cdf80000)
 Metaspace       used 87663K, capacity 88824K, committed 89176K, reserved 1126400K
  class space    used 12295K, capacity 12554K, committed 12632K, reserved 1048576K
}
Event: 568.260 GC heap before
{Heap before GC invocations=62 (full 5):
 PSYoungGen      total 1134592K, used 1133447K [0x000000066ab00000, 0x00000006b0700000, 0x00000007c0000000)
  eden space 1129984K, 100% used [0x000000066ab00000,0x00000006afa80000,0x00000006afa80000)
  from space 4608K, 75% used [0x00000006aff80000,0x00000006b02e1d30,0x00000006b0400000)
  to   space 5120K, 0% used [0x00000006afa80000,0x00000006afa80000,0x00000006aff80000)
 ParOldGen       total 228864K, used 123712K [0x00000003c0000000, 0x00000003cdf80000, 0x000000066ab00000)
  object space 228864K, 54% used [0x00000003c0000000,0x00000003c78d0290,0x00000003cdf80000)
 Metaspace       used 87664K, capacity 88824K, committed 89176K, reserved 1126400K
  class space    used 12295K, capacity 12554K, committed 12632K, reserved 1048576K
Event: 568.274 GC heap after
Heap after GC invocations=62 (full 5):
 PSYoungGen      total 1135104K, used 5097K [0x000000066ab00000, 0x00000006b5900000, 0x00000007c0000000)
  eden space 1129984K, 0% used [0x000000066ab00000,0x000000066ab00000,0x00000006afa80000)
  from space 5120K, 99% used [0x00000006afa80000,0x00000006aff7a520,0x00000006aff80000)
  to   space 6656K, 0% used [0x00000006b5280000,0x00000006b5280000,0x00000006b5900000)
 ParOldGen       total 228864K, used 126112K [0x00000003c0000000, 0x00000003cdf80000, 0x000000066ab00000)
  object space 228864K, 55% used [0x00000003c0000000,0x00000003c7b28290,0x00000003cdf80000)
 Metaspace       used 87664K, capacity 88824K, committed 89176K, reserved 1126400K
  class space    used 12295K, capacity 12554K, committed 12632K, reserved 1048576K
}
Event: 569.197 GC heap before
{Heap before GC invocations=63 (full 5):
 PSYoungGen      total 1135104K, used 1135081K [0x000000066ab00000, 0x00000006b5900000, 0x00000007c0000000)
  eden space 1129984K, 100% used [0x000000066ab00000,0x00000006afa80000,0x00000006afa80000)
  from space 5120K, 99% used [0x00000006afa80000,0x00000006aff7a520,0x00000006aff80000)
  to   space 6656K, 0% used [0x00000006b5280000,0x00000006b5280000,0x00000006b5900000)
 ParOldGen       total 228864K, used 126112K [0x00000003c0000000, 0x00000003cdf80000, 0x000000066ab00000)
  object space 228864K, 55% used [0x00000003c0000000,0x00000003c7b28290,0x00000003cdf80000)
 Metaspace       used 87664K, capacity 88824K, committed 89176K, reserved 1126400K
  class space    used 12295K, capacity 12554K, committed 12632K, reserved 1048576K
Event: 569.203 GC heap after
Heap after GC invocations=63 (full 5):
 PSYoungGen      total 1211392K, used 2503K [0x000000066ab00000, 0x00000006b5500000, 0x00000007c0000000)
  eden space 1208832K, 0% used [0x000000066ab00000,0x000000066ab00000,0x00000006b4780000)
  from space 2560K, 97% used [0x00000006b5280000,0x00000006b54f1d30,0x00000006b5500000)
  to   space 6144K, 0% used [0x00000006b4900000,0x00000006b4900000,0x00000006b4f00000)
 ParOldGen       total 228864K, used 126288K [0x00000003c0000000, 0x00000003cdf80000, 0x000000066ab00000)
  object space 228864K, 55% used [0x00000003c0000000,0x00000003c7b54290,0x00000003cdf80000)
 Metaspace       used 87664K, capacity 88824K, committed 89176K, reserved 1126400K
  class space    used 12295K, capacity 12554K, committed 12632K, reserved 1048576K
}
Event: 570.200 GC heap before
{Heap before GC invocations=64 (full 5):
 PSYoungGen      total 1211392K, used 1211335K [0x000000066ab00000, 0x00000006b5500000, 0x00000007c0000000)
  eden space 1208832K, 100% used [0x000000066ab00000,0x00000006b4780000,0x00000006b4780000)
  from space 2560K, 97% used [0x00000006b5280000,0x00000006b54f1d30,0x00000006b5500000)
  to   space 6144K, 0% used [0x00000006b4900000,0x00000006b4900000,0x00000006b4f00000)
 ParOldGen       total 228864K, used 126288K [0x00000003c0000000, 0x00000003cdf80000, 0x000000066ab00000)
  object space 228864K, 55% used [0x00000003c0000000,0x00000003c7b54290,0x00000003cdf80000)
 Metaspace       used 87664K, capacity 88824K, committed 89176K, reserved 1126400K
  class space    used 12295K, capacity 12554K, committed 12632K, reserved 1048576K
Event: 570.206 GC heap after
Heap after GC invocations=64 (full 5):
 PSYoungGen      total 1216512K, used 2567K [0x000000066ab00000, 0x00000006ba100000, 0x00000007c0000000)
  eden space 1210368K, 0% used [0x000000066ab00000,0x000000066ab00000,0x00000006b4900000)
  from space 6144K, 41% used [0x00000006b4900000,0x00000006b4b81d30,0x00000006b4f00000)
  to   space 6144K, 0% used [0x00000006b9b00000,0x00000006b9b00000,0x00000006ba100000)
 ParOldGen       total 228864K, used 126288K [0x00000003c0000000, 0x00000003cdf80000, 0x000000066ab00000)
  object space 228864K, 55% used [0x00000003c0000000,0x00000003c7b54290,0x00000003cdf80000)
 Metaspace       used 87664K, capacity 88824K, committed 89176K, reserved 1126400K
  class space    used 12295K, capacity 12554K, committed 12632K, reserved 1048576K
}
Event: 571.180 GC heap before
{Heap before GC invocations=65 (full 5):
 PSYoungGen      total 1216512K, used 1212935K [0x000000066ab00000, 0x00000006ba100000, 0x00000007c0000000)
  eden space 1210368K, 100% used [0x000000066ab00000,0x00000006b4900000,0x00000006b4900000)
  from space 6144K, 41% used [0x00000006b4900000,0x00000006b4b81d30,0x00000006b4f00000)
  to   space 6144K, 0% used [0x00000006b9b00000,0x00000006b9b00000,0x00000006ba100000)
 ParOldGen       total 228864K, used 126288K [0x00000003c0000000, 0x00000003cdf80000, 0x000000066ab00000)
  object space 228864K, 55% used [0x00000003c0000000,0x00000003c7b54290,0x00000003cdf80000)
 Metaspace       used 87664K, capacity 88824K, committed 89176K, reserved 1126400K
  class space    used 12295K, capacity 12554K, committed 12632K, reserved 1048576K
Event: 571.185 GC heap after
Heap after GC invocations=65 (full 5):
 PSYoungGen      total 1290240K, used 2599K [0x000000066ab00000, 0x00000006b9e80000, 0x00000007c0000000)
  eden space 1286656K, 0% used [0x000000066ab00000,0x000000066ab00000,0x00000006b9380000)
  from space 3584K, 72% used [0x00000006b9b00000,0x00000006b9d89d30,0x00000006b9e80000)
  to   space 5632K, 0% used [0x00000006b9380000,0x00000006b9380000,0x00000006b9900000)
 ParOldGen       total 228864K, used 126368K [0x00000003c0000000, 0x00000003cdf80000, 0x000000066ab00000)
  object space 228864K, 55% used [0x00000003c0000000,0x00000003c7b68290,0x00000003cdf80000)
 Metaspace       used 87664K, capacity 88824K, committed 89176K, reserved 1126400K
  class space    used 12295K, capacity 12554K, committed 12632K, reserved 1048576K
}
Event: 572.250 GC heap before
{Heap before GC invocations=66 (full 5):
 PSYoungGen      total 1290240K, used 1289255K [0x000000066ab00000, 0x00000006b9e80000, 0x00000007c0000000)
  eden space 1286656K, 100% used [0x000000066ab00000,0x00000006b9380000,0x00000006b9380000)
  from space 3584K, 72% used [0x00000006b9b00000,0x00000006b9d89d30,0x00000006b9e80000)
  to   space 5632K, 0% used [0x00000006b9380000,0x00000006b9380000,0x00000006b9900000)
 ParOldGen       total 228864K, used 126368K [0x00000003c0000000, 0x00000003cdf80000, 0x000000066ab00000)
  object space 228864K, 55% used [0x00000003c0000000,0x00000003c7b68290,0x00000003cdf80000)
 Metaspace       used 87664K, capacity 88824K, committed 89176K, reserved 1126400K
  class space    used 12295K, capacity 12554K, committed 12632K, reserved 1048576K
Event: 572.255 GC heap after
Heap after GC invocations=66 (full 5):
 PSYoungGen      total 1292288K, used 2432K [0x000000066ab00000, 0x00000006be980000, 0x00000007c0000000)
  eden space 1286656K, 0% used [0x000000066ab00000,0x000000066ab00000,0x00000006b9380000)
  from space 5632K, 43% used [0x00000006b9380000,0x00000006b95e0010,0x00000006b9900000)
  to   space 5632K, 0% used [0x00000006be400000,0x00000006be400000,0x00000006be980000)
 ParOldGen       total 228864K, used 126543K [0x00000003c0000000, 0x00000003cdf80000, 0x000000066ab00000)
  object space 228864K, 55% used [0x00000003c0000000,0x00000003c7b93fb0,0x00000003cdf80000)
 Metaspace       used 87664K, capacity 88824K, committed 89176K, reserved 1126400K
  class space    used 12295K, capacity 12554K, committed 12632K, reserved 1048576K
}
Event: 573.284 GC heap before
{Heap before GC invocations=67 (full 5):
 PSYoungGen      total 1292288K, used 1289088K [0x000000066ab00000, 0x00000006be980000, 0x00000007c0000000)
  eden space 1286656K, 100% used [0x000000066ab00000,0x00000006b9380000,0x00000006b9380000)
  from space 5632K, 43% used [0x00000006b9380000,0x00000006b95e0010,0x00000006b9900000)
  to   space 5632K, 0% used [0x00000006be400000,0x00000006be400000,0x00000006be980000)
 ParOldGen       total 228864K, used 126543K [0x00000003c0000000, 0x00000003cdf80000, 0x000000066ab00000)
  object space 228864K, 55% used [0x00000003c0000000,0x00000003c7b93fb0,0x00000003cdf80000)
 Metaspace       used 87664K, capacity 88824K, committed 89176K, reserved 1126400K
  class space    used 12295K, capacity 12554K, committed 12632K, reserved 1048576K
Event: 573.289 GC heap after
Heap after GC invocations=67 (full 5):
 PSYoungGen      total 1363456K, used 2464K [0x000000066ab00000, 0x00000006be680000, 0x00000007c0000000)
  eden space 1360896K, 0% used [0x000000066ab00000,0x000000066ab00000,0x00000006bdc00000)
  from space 2560K, 96% used [0x00000006be400000,0x00000006be668010,0x00000006be680000)
  to   space 5120K, 0% used [0x00000006bdc80000,0x00000006bdc80000,0x00000006be180000)
 ParOldGen       total 228864K, used 126623K [0x00000003c0000000, 0x00000003cdf80000, 0x000000066ab00000)
  object space 228864K, 55% used [0x00000003c0000000,0x00000003c7ba7fb0,0x00000003cdf80000)
 Metaspace       used 87664K, capacity 88824K, committed 89176K, reserved 1126400K
  class space    used 12295K, capacity 12554K, committed 12632K, reserved 1048576K
}
Event: 574.413 GC heap before
{Heap before GC invocations=68 (full 5):
 PSYoungGen      total 1363456K, used 1363360K [0x000000066ab00000, 0x00000006be680000, 0x00000007c0000000)
  eden space 1360896K, 100% used [0x000000066ab00000,0x00000006bdc00000,0x00000006bdc00000)
  from space 2560K, 96% used [0x00000006be400000,0x00000006be668010,0x00000006be680000)
  to   space 5120K, 0% used [0x00000006bdc80000,0x00000006bdc80000,0x00000006be180000)
 ParOldGen       total 228864K, used 126623K [0x00000003c0000000, 0x00000003cdf80000, 0x000000066ab00000)
  object space 228864K, 55% used [0x00000003c0000000,0x00000003c7ba7fb0,0x00000003cdf80000)
 Metaspace       used 87672K, capacity 88888K, committed 89176K, reserved 1126400K
  class space    used 12295K, capacity 12554K, committed 12632K, reserved 1048576K
Event: 574.419 GC heap after
Heap after GC invocations=68 (full 5):
 PSYoungGen      total 1366528K, used 2688K [0x000000066ab00000, 0x00000006c3080000, 0x00000007c0000000)
  eden space 1361408K, 0% used [0x000000066ab00000,0x000000066ab00000,0x00000006bdc80000)
  from space 5120K, 52% used [0x00000006bdc80000,0x00000006bdf20010,0x00000006be180000)
  to   space 5120K, 0% used [0x00000006c2b80000,0x00000006c2b80000,0x00000006c3080000)
 ParOldGen       total 228864K, used 126719K [0x00000003c0000000, 0x00000003cdf80000, 0x000000066ab00000)
  object space 228864K, 55% used [0x00000003c0000000,0x00000003c7bbffb0,0x00000003cdf80000)
 Metaspace       used 87672K, capacity 88888K, committed 89176K, reserved 1126400K
  class space    used 12295K, capacity 12554K, committed 12632K, reserved 1048576K
}
Event: 575.514 GC heap before
{Heap before GC invocations=69 (full 5):
 PSYoungGen      total 1366528K, used 1364096K [0x000000066ab00000, 0x00000006c3080000, 0x00000007c0000000)
  eden space 1361408K, 100% used [0x000000066ab00000,0x00000006bdc80000,0x00000006bdc80000)
  from space 5120K, 52% used [0x00000006bdc80000,0x00000006bdf20010,0x00000006be180000)
  to   space 5120K, 0% used [0x00000006c2b80000,0x00000006c2b80000,0x00000006c3080000)
 ParOldGen       total 228864K, used 126719K [0x00000003c0000000, 0x00000003cdf80000, 0x000000066ab00000)
  object space 228864K, 55% used [0x00000003c0000000,0x00000003c7bbffb0,0x00000003cdf80000)
 Metaspace       used 87672K, capacity 88888K, committed 89176K, reserved 1126400K
  class space    used 12295K, capacity 12554K, committed 12632K, reserved 1048576K
Event: 575.521 GC heap after
Heap after GC invocations=69 (full 5):
 PSYoungGen      total 1442304K, used 3552K [0x000000066ab00000, 0x00000006c3180000, 0x00000007c0000000)
  eden space 1437184K, 0% used [0x000000066ab00000,0x000000066ab00000,0x00000006c2680000)
  from space 5120K, 69% used [0x00000006c2b80000,0x00000006c2ef8010,0x00000006c3080000)
  to   space 5120K, 0% used [0x00000006c2680000,0x00000006c2680000,0x00000006c2b80000)
 ParOldGen       total 228864K, used 126815K [0x00000003c0000000, 0x00000003cdf80000, 0x000000066ab00000)
  object space 228864K, 55% used [0x00000003c0000000,0x00000003c7bd7fb0,0x00000003cdf80000)
 Metaspace       used 87672K, capacity 88888K, committed 89176K, reserved 1126400K
  class space    used 12295K, capacity 12554K, committed 12632K, reserved 1048576K
}
Event: 576.716 GC heap before
{Heap before GC invocations=70 (full 5):
 PSYoungGen      total 1442304K, used 1440736K [0x000000066ab00000, 0x00000006c3180000, 0x00000007c0000000)
  eden space 1437184K, 100% used [0x000000066ab00000,0x00000006c2680000,0x00000006c2680000)
  from space 5120K, 69% used [0x00000006c2b80000,0x00000006c2ef8010,0x00000006c3080000)
  to   space 5120K, 0% used [0x00000006c2680000,0x00000006c2680000,0x00000006c2b80000)
 ParOldGen       total 228864K, used 126815K [0x00000003c0000000, 0x00000003cdf80000, 0x000000066ab00000)
  object space 228864K, 55% used [0x00000003c0000000,0x00000003c7bd7fb0,0x00000003cdf80000)
 Metaspace       used 87672K, capacity 88888K, committed 89176K, reserved 1126400K
  class space    used 12295K, capacity 12554K, committed 12632K, reserved 1048576K
Event: 576.722 GC heap after
Heap after GC invocations=70 (full 5):
 PSYoungGen      total 1442304K, used 2720K [0x000000066ab00000, 0x00000006c7d00000, 0x00000007c0000000)
  eden space 1437184K, 0% used [0x000000066ab00000,0x000000066ab00000,0x00000006c2680000)
  from space 5120K, 53% used [0x00000006c2680000,0x00000006c2928010,0x00000006c2b80000)
  to   space 5120K, 0% used [0x00000006c7800000,0x00000006c7800000,0x00000006c7d00000)
 ParOldGen       total 228864K, used 126919K [0x00000003c0000000, 0x00000003cdf80000, 0x000000066ab00000)
  object space 228864K, 55% used [0x00000003c0000000,0x00000003c7bf1fb0,0x00000003cdf80000)
 Metaspace       used 87672K, capacity 88888K, committed 89176K, reserved 1126400K
  class space    used 12295K, capacity 12554K, committed 12632K, reserved 1048576K
}
Event: 577.869 GC heap before
{Heap before GC invocations=71 (full 5):
 PSYoungGen      total 1442304K, used 1439904K [0x000000066ab00000, 0x00000006c7d00000, 0x00000007c0000000)
  eden space 1437184K, 100% used [0x000000066ab00000,0x00000006c2680000,0x00000006c2680000)
  from space 5120K, 53% used [0x00000006c2680000,0x00000006c2928010,0x00000006c2b80000)
  to   space 5120K, 0% used [0x00000006c7800000,0x00000006c7800000,0x00000006c7d00000)
 ParOldGen       total 228864K, used 126919K [0x00000003c0000000, 0x00000003cdf80000, 0x000000066ab00000)
  object space 228864K, 55% used [0x00000003c0000000,0x00000003c7bf1fb0,0x00000003cdf80000)
 Metaspace       used 87672K, capacity 88888K, committed 89176K, reserved 1126400K
  class space    used 12295K, capacity 12554K, committed 12632K, reserved 1048576K
Event: 577.875 GC heap after
Heap after GC invocations=71 (full 5):
 PSYoungGen      total 1518592K, used 3072K [0x000000066ab00000, 0x00000006c7c00000, 0x00000007c0000000)
  eden space 1514496K, 0% used [0x000000066ab00000,0x000000066ab00000,0x00000006c7200000)
  from space 4096K, 75% used [0x00000006c7800000,0x00000006c7b00010,0x00000006c7c00000)
  to   space 5120K, 0% used [0x00000006c7200000,0x00000006c7200000,0x00000006c7700000)
 ParOldGen       total 228864K, used 127079K [0x00000003c0000000, 0x00000003cdf80000, 0x000000066ab00000)
  object space 228864K, 55% used [0x00000003c0000000,0x00000003c7c19fb0,0x00000003cdf80000)
 Metaspace       used 87672K, capacity 88888K, committed 89176K, reserved 1126400K
  class space    used 12295K, capacity 12554K, committed 12632K, reserved 1048576K
}
Event: 579.127 GC heap before
{Heap before GC invocations=72 (full 5):
 PSYoungGen      total 1518592K, used 1517568K [0x000000066ab00000, 0x00000006c7c00000, 0x00000007c0000000)
  eden space 1514496K, 100% used [0x000000066ab00000,0x00000006c7200000,0x00000006c7200000)
  from space 4096K, 75% used [0x00000006c7800000,0x00000006c7b00010,0x00000006c7c00000)
  to   space 5120K, 0% used [0x00000006c7200000,0x00000006c7200000,0x00000006c7700000)
 ParOldGen       total 228864K, used 127079K [0x00000003c0000000, 0x00000003cdf80000, 0x000000066ab00000)
  object space 228864K, 55% used [0x00000003c0000000,0x00000003c7c19fb0,0x00000003cdf80000)
 Metaspace       used 87672K, capacity 88888K, committed 89176K, reserved 1126400K
  class space    used 12295K, capacity 12554K, committed 12632K, reserved 1048576K
Event: 579.133 GC heap after
Heap after GC invocations=72 (full 5):
 PSYoungGen      total 1519616K, used 2720K [0x000000066ab00000, 0x00000006cc800000, 0x00000007c0000000)
  eden space 1514496K, 0% used [0x000000066ab00000,0x000000066ab00000,0x00000006c7200000)
  from space 5120K, 53% used [0x00000006c7200000,0x00000006c74a8010,0x00000006c7700000)
  to   space 4608K, 0% used [0x00000006cc380000,0x00000006cc380000,0x00000006cc800000)
 ParOldGen       total 228864K, used 127175K [0x00000003c0000000, 0x00000003cdf80000, 0x000000066ab00000)
  object space 228864K, 55% used [0x00000003c0000000,0x00000003c7c31fb0,0x00000003cdf80000)
 Metaspace       used 87672K, capacity 88888K, committed 89176K, reserved 1126400K
  class space    used 12295K, capacity 12554K, committed 12632K, reserved 1048576K
}
Event: 580.358 GC heap before
{Heap before GC invocations=73 (full 5):
 PSYoungGen      total 1519616K, used 1517216K [0x000000066ab00000, 0x00000006cc800000, 0x00000007c0000000)
  eden space 1514496K, 100% used [0x000000066ab00000,0x00000006c7200000,0x00000006c7200000)
  from space 5120K, 53% used [0x00000006c7200000,0x00000006c74a8010,0x00000006c7700000)
  to   space 4608K, 0% used [0x00000006cc380000,0x00000006cc380000,0x00000006cc800000)
 ParOldGen       total 228864K, used 127175K [0x00000003c0000000, 0x00000003cdf80000, 0x000000066ab00000)
  object space 228864K, 55% used [0x00000003c0000000,0x00000003c7c31fb0,0x00000003cdf80000)
 Metaspace       used 87672K, capacity 88888K, committed 89176K, reserved 1126400K
  class space    used 12295K, capacity 12554K, committed 12632K, reserved 1048576K
Event: 580.365 GC heap after
Heap after GC invocations=73 (full 5):
 PSYoungGen      total 1595904K, used 2240K [0x000000066ab00000, 0x00000006cc700000, 0x00000007c0000000)
  eden space 1592320K, 0% used [0x000000066ab00000,0x000000066ab00000,0x00000006cbe00000)
  from space 3584K, 62% used [0x00000006cc380000,0x00000006cc5b0000,0x00000006cc700000)
  to   space 4608K, 0% used [0x00000006cbe00000,0x00000006cbe00000,0x00000006cc280000)
 ParOldGen       total 228864K, used 127823K [0x00000003c0000000, 0x00000003cdf80000, 0x000000066ab00000)
  object space 228864K, 55% used [0x00000003c0000000,0x00000003c7cd3fc0,0x00000003cdf80000)
 Metaspace       used 87672K, capacity 88888K, committed 89176K, reserved 1126400K
  class space    used 12295K, capacity 12554K, committed 12632K, reserved 1048576K
}
Event: 581.691 GC heap before
{Heap before GC invocations=74 (full 5):
 PSYoungGen      total 1595904K, used 1594560K [0x000000066ab00000, 0x00000006cc700000, 0x00000007c0000000)
  eden space 1592320K, 100% used [0x000000066ab00000,0x00000006cbe00000,0x00000006cbe00000)
  from space 3584K, 62% used [0x00000006cc380000,0x00000006cc5b0000,0x00000006cc700000)
  to   space 4608K, 0% used [0x00000006cbe00000,0x00000006cbe00000,0x00000006cc280000)
 ParOldGen       total 228864K, used 127823K [0x00000003c0000000, 0x00000003cdf80000, 0x000000066ab00000)
  object space 228864K, 55% used [0x00000003c0000000,0x00000003c7cd3fc0,0x00000003cdf80000)
 Metaspace       used 87683K, capacity 88888K, committed 89176K, reserved 1126400K
  class space    used 12297K, capacity 12554K, committed 12632K, reserved 1048576K
Event: 581.698 GC heap after
Heap after GC invocations=74 (full 5):
 PSYoungGen      total 1596928K, used 2784K [0x000000066ab00000, 0x00000006d1700000, 0x00000007c0000000)
  eden space 1592320K, 0% used [0x000000066ab00000,0x000000066ab00000,0x00000006cbe00000)
  from space 4608K, 60% used [0x00000006cbe00000,0x00000006cc0b8000,0x00000006cc280000)
  to   space 4608K, 0% used [0x00000006d1280000,0x00000006d1280000,0x00000006d1700000)
 ParOldGen       total 228864K, used 127927K [0x00000003c0000000, 0x00000003cdf80000, 0x000000066ab00000)
  object space 228864K, 55% used [0x00000003c0000000,0x00000003c7cedfc0,0x00000003cdf80000)
 Metaspace       used 87683K, capacity 88888K, committed 89176K, reserved 1126400K
  class space    used 12297K, capacity 12554K, committed 12632K, reserved 1048576K
}
Event: 582.956 GC heap before
{Heap before GC invocations=75 (full 5):
 PSYoungGen      total 1596928K, used 1595104K [0x000000066ab00000, 0x00000006d1700000, 0x00000007c0000000)
  eden space 1592320K, 100% used [0x000000066ab00000,0x00000006cbe00000,0x00000006cbe00000)
  from space 4608K, 60% used [0x00000006cbe00000,0x00000006cc0b8000,0x00000006cc280000)
  to   space 4608K, 0% used [0x00000006d1280000,0x00000006d1280000,0x00000006d1700000)
 ParOldGen       total 228864K, used 127927K [0x00000003c0000000, 0x00000003cdf80000, 0x000000066ab00000)
  object space 228864K, 55% used [0x00000003c0000000,0x00000003c7cedfc0,0x00000003cdf80000)
 Metaspace       used 87683K, capacity 88888K, committed 89176K, reserved 1126400K
  class space    used 12297K, capacity 12554K, committed 12632K, reserved 1048576K
Event: 582.963 GC heap after
Heap after GC invocations=75 (full 5):
 PSYoungGen      total 1678848K, used 2304K [0x000000066ab00000, 0x00000006d1800000, 0x00000007c0000000)
  eden space 1674240K, 0% used [0x000000066ab00000,0x000000066ab00000,0x00000006d0e00000)
  from space 4608K, 50% used [0x00000006d1280000,0x00000006d14c0000,0x00000006d1700000)
  to   space 4608K, 0% used [0x00000006d0e00000,0x00000006d0e00000,0x00000006d1280000)
 ParOldGen       total 228864K, used 128039K [0x00000003c0000000, 0x00000003cdf80000, 0x000000066ab00000)
  object space 228864K, 55% used [0x00000003c0000000,0x00000003c7d09fc0,0x00000003cdf80000)
 Metaspace       used 87683K, capacity 88888K, committed 89176K, reserved 1126400K
  class space    used 12297K, capacity 12554K, committed 12632K, reserved 1048576K
}
Event: 584.349 GC heap before
{Heap before GC invocations=76 (full 5):
 PSYoungGen      total 1678848K, used 1676544K [0x000000066ab00000, 0x00000006d1800000, 0x00000007c0000000)
  eden space 1674240K, 100% used [0x000000066ab00000,0x00000006d0e00000,0x00000006d0e00000)
  from space 4608K, 50% used [0x00000006d1280000,0x00000006d14c0000,0x00000006d1700000)
  to   space 4608K, 0% used [0x00000006d0e00000,0x00000006d0e00000,0x00000006d1280000)
 ParOldGen       total 228864K, used 128039K [0x00000003c0000000, 0x00000003cdf80000, 0x000000066ab00000)
  object space 228864K, 55% used [0x00000003c0000000,0x00000003c7d09fc0,0x00000003cdf80000)
 Metaspace       used 87684K, capacity 88888K, committed 89176K, reserved 1126400K
  class space    used 12297K, capacity 12554K, committed 12632K, reserved 1048576K
Event: 584.358 GC heap after
Heap after GC invocations=76 (full 5):
 PSYoungGen      total 1678848K, used 4607K [0x000000066ab00000, 0x00000006d7000000, 0x00000007c0000000)
  eden space 1674240K, 0% used [0x000000066ab00000,0x000000066ab00000,0x00000006d0e00000)
  from space 4608K, 99% used [0x00000006d0e00000,0x00000006d127fda0,0x00000006d1280000)
  to   space 5120K, 0% used [0x00000006d6b00000,0x00000006d6b00000,0x00000006d7000000)
 ParOldGen       total 228864K, used 128391K [0x00000003c0000000, 0x00000003cdf80000, 0x000000066ab00000)
  object space 228864K, 56% used [0x00000003c0000000,0x00000003c7d61fc0,0x00000003cdf80000)
 Metaspace       used 87684K, capacity 88888K, committed 89176K, reserved 1126400K
  class space    used 12297K, capacity 12554K, committed 12632K, reserved 1048576K
}
Event: 585.688 GC heap before
{Heap before GC invocations=77 (full 5):
 PSYoungGen      total 1678848K, used 1678847K [0x000000066ab00000, 0x00000006d7000000, 0x00000007c0000000)
  eden space 1674240K, 100% used [0x000000066ab00000,0x00000006d0e00000,0x00000006d0e00000)
  from space 4608K, 99% used [0x00000006d0e00000,0x00000006d127fda0,0x00000006d1280000)
  to   space 5120K, 0% used [0x00000006d6b00000,0x00000006d6b00000,0x00000006d7000000)
 ParOldGen       total 228864K, used 128391K [0x00000003c0000000, 0x00000003cdf80000, 0x000000066ab00000)
  object space 228864K, 56% used [0x00000003c0000000,0x00000003c7d61fc0,0x00000003cdf80000)
 Metaspace       used 87684K, capacity 88888K, committed 89176K, reserved 1126400K
  class space    used 12297K, capacity 12554K, committed 12632K, reserved 1048576K
Event: 585.695 GC heap after
Heap after GC invocations=77 (full 5):
 PSYoungGen      total 1767424K, used 2400K [0x000000066ab00000, 0x00000006d6f00000, 0x00000007c0000000)
  eden space 1763328K, 0% used [0x000000066ab00000,0x000000066ab00000,0x00000006d6500000)
  from space 4096K, 58% used [0x00000006d6b00000,0x00000006d6d58000,0x00000006d6f00000)
  to   space 5120K, 0% used [0x00000006d6500000,0x00000006d6500000,0x00000006d6a00000)
 ParOldGen       total 228864K, used 128639K [0x00000003c0000000, 0x00000003cdf80000, 0x000000066ab00000)
  object space 228864K, 56% used [0x00000003c0000000,0x00000003c7d9ffc0,0x00000003cdf80000)
 Metaspace       used 87684K, capacity 88888K, committed 89176K, reserved 1126400K
  class space    used 12297K, capacity 12554K, committed 12632K, reserved 1048576K
}
Event: 587.144 GC heap before
{Heap before GC invocations=78 (full 5):
 PSYoungGen      total 1767424K, used 1765728K [0x000000066ab00000, 0x00000006d6f00000, 0x00000007c0000000)
  eden space 1763328K, 100% used [0x000000066ab00000,0x00000006d6500000,0x00000006d6500000)
  from space 4096K, 58% used [0x00000006d6b00000,0x00000006d6d58000,0x00000006d6f00000)
  to   space 5120K, 0% used [0x00000006d6500000,0x00000006d6500000,0x00000006d6a00000)
 ParOldGen       total 228864K, used 128639K [0x00000003c0000000, 0x00000003cdf80000, 0x000000066ab00000)
  object space 228864K, 56% used [0x00000003c0000000,0x00000003c7d9ffc0,0x00000003cdf80000)
 Metaspace       used 87684K, capacity 88888K, committed 89176K, reserved 1126400K
  class space    used 12297K, capacity 12554K, committed 12632K, reserved 1048576K
Event: 587.151 GC heap after
Heap after GC invocations=78 (full 5):
 PSYoungGen      total 1768448K, used 2624K [0x000000066ab00000, 0x00000006dc900000, 0x00000007c0000000)
  eden space 1763328K, 0% used [0x000000066ab00000,0x000000066ab00000,0x00000006d6500000)
  from space 5120K, 51% used [0x00000006d6500000,0x00000006d6790000,0x00000006d6a00000)
  to   space 5120K, 0% used [0x00000006dc400000,0x00000006dc400000,0x00000006dc900000)
 ParOldGen       total 228864K, used 128639K [0x00000003c0000000, 0x00000003cdf80000, 0x000000066ab00000)
  object space 228864K, 56% used [0x00000003c0000000,0x00000003c7d9ffc0,0x00000003cdf80000)
 Metaspace       used 87684K, capacity 88888K, committed 89176K, reserved 1126400K
  class space    used 12297K, capacity 12554K, committed 12632K, reserved 1048576K
}
Event: 588.591 GC heap before
{Heap before GC invocations=79 (full 5):
 PSYoungGen      total 1768448K, used 1765952K [0x000000066ab00000, 0x00000006dc900000, 0x00000007c0000000)
  eden space 1763328K, 100% used [0x000000066ab00000,0x00000006d6500000,0x00000006d6500000)
  from space 5120K, 51% used [0x00000006d6500000,0x00000006d6790000,0x00000006d6a00000)
  to   space 5120K, 0% used [0x00000006dc400000,0x00000006dc400000,0x00000006dc900000)
 ParOldGen       total 228864K, used 128639K [0x00000003c0000000, 0x00000003cdf80000, 0x000000066ab00000)
  object space 228864K, 56% used [0x00000003c0000000,0x00000003c7d9ffc0,0x00000003cdf80000)
 Metaspace       used 87684K, capacity 88888K, committed 89176K, reserved 1126400K
  class space    used 12297K, capacity 12554K, committed 12632K, reserved 1048576K
Event: 588.599 GC heap after
Heap after GC invocations=79 (full 5):
 PSYoungGen      total 1858560K, used 3712K [0x000000066ab00000, 0x00000006dc800000, 0x00000007c0000000)
  eden space 1854464K, 0% used [0x000000066ab00000,0x000000066ab00000,0x00000006dbe00000)
  from space 4096K, 90% used [0x00000006dc400000,0x00000006dc7a0010,0x00000006dc800000)
  to   space 5120K, 0% used [0x00000006dbe00000,0x00000006dbe00000,0x00000006dc300000)
 ParOldGen       total 228864K, used 128743K [0x00000003c0000000, 0x00000003cdf80000, 0x000000066ab00000)
  object space 228864K, 56% used [0x00000003c0000000,0x00000003c7db9fc0,0x00000003cdf80000)
 Metaspace       used 87684K, capacity 88888K, committed 89176K, reserved 1126400K
  class space    used 12297K, capacity 12554K, committed 12632K, reserved 1048576K
}
Event: 590.156 GC heap before
{Heap before GC invocations=80 (full 5):
 PSYoungGen      total 1858560K, used 1858176K [0x000000066ab00000, 0x00000006dc800000, 0x00000007c0000000)
  eden space 1854464K, 100% used [0x000000066ab00000,0x00000006dbe00000,0x00000006dbe00000)
  from space 4096K, 90% used [0x00000006dc400000,0x00000006dc7a0010,0x00000006dc800000)
  to   space 5120K, 0% used [0x00000006dbe00000,0x00000006dbe00000,0x00000006dc300000)
 ParOldGen       total 228864K, used 128743K [0x00000003c0000000, 0x00000003cdf80000, 0x000000066ab00000)
  object space 228864K, 56% used [0x00000003c0000000,0x00000003c7db9fc0,0x00000003cdf80000)
 Metaspace       used 87684K, capacity 88888K, committed 89176K, reserved 1126400K
  class space    used 12297K, capacity 12554K, committed 12632K, reserved 1048576K
Event: 590.163 GC heap after
Heap after GC invocations=80 (full 5):
 PSYoungGen      total 1859584K, used 3712K [0x000000066ab00000, 0x00000006e2300000, 0x00000007c0000000)
  eden space 1854464K, 0% used [0x000000066ab00000,0x000000066ab00000,0x00000006dbe00000)
  from space 5120K, 72% used [0x00000006dbe00000,0x00000006dc1a0010,0x00000006dc300000)
  to   space 5120K, 0% used [0x00000006e1e00000,0x00000006e1e00000,0x00000006e2300000)
 ParOldGen       total 228864K, used 128847K [0x00000003c0000000, 0x00000003cdf80000, 0x000000066ab00000)
  object space 228864K, 56% used [0x00000003c0000000,0x00000003c7dd3fc0,0x00000003cdf80000)
 Metaspace       used 87684K, capacity 88888K, committed 89176K, reserved 1126400K
  class space    used 12297K, capacity 12554K, committed 12632K, reserved 1048576K
}
Event: 591.643 GC heap before
{Heap before GC invocations=81 (full 5):
 PSYoungGen      total 1859584K, used 1858176K [0x000000066ab00000, 0x00000006e2300000, 0x00000007c0000000)
  eden space 1854464K, 100% used [0x000000066ab00000,0x00000006dbe00000,0x00000006dbe00000)
  from space 5120K, 72% used [0x00000006dbe00000,0x00000006dc1a0010,0x00000006dc300000)
  to   space 5120K, 0% used [0x00000006e1e00000,0x00000006e1e00000,0x00000006e2300000)
 ParOldGen       total 228864K, used 128847K [0x00000003c0000000, 0x00000003cdf80000, 0x000000066ab00000)
  object space 228864K, 56% used [0x00000003c0000000,0x00000003c7dd3fc0,0x00000003cdf80000)
 Metaspace       used 87684K, capacity 88888K, committed 89176K, reserved 1126400K
  class space    used 12297K, capacity 12554K, committed 12632K, reserved 1048576K
Event: 591.650 GC heap after
Heap after GC invocations=81 (full 5):
 PSYoungGen      total 1950208K, used 4032K [0x000000066ab00000, 0x00000006e2200000, 0x00000007c0000000)
  eden space 1946112K, 0% used [0x000000066ab00000,0x000000066ab00000,0x00000006e1780000)
  from space 4096K, 98% used [0x00000006e1e00000,0x00000006e21f0010,0x00000006e2200000)
  to   space 5120K, 0% used [0x00000006e1800000,0x00000006e1800000,0x00000006e1d00000)
 ParOldGen       total 228864K, used 128967K [0x00000003c0000000, 0x00000003cdf80000, 0x000000066ab00000)
  object space 228864K, 56% used [0x00000003c0000000,0x00000003c7df1fc0,0x00000003cdf80000)
 Metaspace       used 87684K, capacity 88888K, committed 89176K, reserved 1126400K
  class space    used 12297K, capacity 12554K, committed 12632K, reserved 1048576K
}
Event: 593.243 GC heap before
{Heap before GC invocations=82 (full 5):
 PSYoungGen      total 1950208K, used 1950144K [0x000000066ab00000, 0x00000006e2200000, 0x00000007c0000000)
  eden space 1946112K, 100% used [0x000000066ab00000,0x00000006e1780000,0x00000006e1780000)
  from space 4096K, 98% used [0x00000006e1e00000,0x00000006e21f0010,0x00000006e2200000)
  to   space 5120K, 0% used [0x00000006e1800000,0x00000006e1800000,0x00000006e1d00000)
 ParOldGen       total 228864K, used 128967K [0x00000003c0000000, 0x00000003cdf80000, 0x000000066ab00000)
  object space 228864K, 56% used [0x00000003c0000000,0x00000003c7df1fc0,0x00000003cdf80000)
 Metaspace       used 87685K, capacity 88888K, committed 89176K, reserved 1126400K
  class space    used 12297K, capacity 12554K, committed 12632K, reserved 1048576K
Event: 593.252 GC heap after
Heap after GC invocations=82 (full 5):
 PSYoungGen      total 1951744K, used 3968K [0x000000066ab00000, 0x00000006e8400000, 0x00000007c0000000)
  eden space 1946624K, 0% used [0x000000066ab00000,0x000000066ab00000,0x00000006e1800000)
  from space 5120K, 77% used [0x00000006e1800000,0x00000006e1be0010,0x00000006e1d00000)
  to   space 5632K, 0% used [0x00000006e7e80000,0x00000006e7e80000,0x00000006e8400000)
 ParOldGen       total 228864K, used 129087K [0x00000003c0000000, 0x00000003cdf80000, 0x000000066ab00000)
  object space 228864K, 56% used [0x00000003c0000000,0x00000003c7e0ffc0,0x00000003cdf80000)
 Metaspace       used 87685K, capacity 88888K, committed 89176K, reserved 1126400K
  class space    used 12297K, capacity 12554K, committed 12632K, reserved 1048576K
}
Event: 594.775 GC heap before
{Heap before GC invocations=83 (full 5):
 PSYoungGen      total 1951744K, used 1950592K [0x000000066ab00000, 0x00000006e8400000, 0x00000007c0000000)
  eden space 1946624K, 100% used [0x000000066ab00000,0x00000006e1800000,0x00000006e1800000)
  from space 5120K, 77% used [0x00000006e1800000,0x00000006e1be0010,0x00000006e1d00000)
  to   space 5632K, 0% used [0x00000006e7e80000,0x00000006e7e80000,0x00000006e8400000)
 ParOldGen       total 228864K, used 129087K [0x00000003c0000000, 0x00000003cdf80000, 0x000000066ab00000)
  object space 228864K, 56% used [0x00000003c0000000,0x00000003c7e0ffc0,0x00000003cdf80000)
 Metaspace       used 87688K, capacity 88888K, committed 89176K, reserved 1126400K
  class space    used 12297K, capacity 12554K, committed 12632K, reserved 1048576K
Event: 594.783 GC heap after
Heap after GC invocations=83 (full 5):
 PSYoungGen      total 2048512K, used 3904K [0x000000066ab00000, 0x00000006e8280000, 0x00000007c0000000)
  eden space 2044416K, 0% used [0x000000066ab00000,0x000000066ab00000,0x00000006e7780000)
  from space 4096K, 95% used [0x00000006e7e80000,0x00000006e8250010,0x00000006e8280000)
  to   space 5632K, 0% used [0x00000006e7780000,0x00000006e7780000,0x00000006e7d00000)
 ParOldGen       total 228864K, used 129375K [0x00000003c0000000, 0x00000003cdf80000, 0x000000066ab00000)
  object space 228864K, 56% used [0x00000003c0000000,0x00000003c7e57fc0,0x00000003cdf80000)
 Metaspace       used 87688K, capacity 88888K, committed 89176K, reserved 1126400K
  class space    used 12297K, capacity 12554K, committed 12632K, reserved 1048576K
}
Event: 596.470 GC heap before
{Heap before GC invocations=84 (full 5):
 PSYoungGen      total 2048512K, used 2048320K [0x000000066ab00000, 0x00000006e8280000, 0x00000007c0000000)
  eden space 2044416K, 100% used [0x000000066ab00000,0x00000006e7780000,0x00000006e7780000)
  from space 4096K, 95% used [0x00000006e7e80000,0x00000006e8250010,0x00000006e8280000)
  to   space 5632K, 0% used [0x00000006e7780000,0x00000006e7780000,0x00000006e7d00000)
 ParOldGen       total 228864K, used 129375K [0x00000003c0000000, 0x00000003cdf80000, 0x000000066ab00000)
  object space 228864K, 56% used [0x00000003c0000000,0x00000003c7e57fc0,0x00000003cdf80000)
 Metaspace       used 87688K, capacity 88888K, committed 89176K, reserved 1126400K
  class space    used 12297K, capacity 12554K, committed 12632K, reserved 1048576K
Event: 596.477 GC heap after
Heap after GC invocations=84 (full 5):
 PSYoungGen      total 2050048K, used 3968K [0x000000066ab00000, 0x00000006ee400000, 0x00000007c0000000)
  eden space 2044416K, 0% used [0x000000066ab00000,0x000000066ab00000,0x00000006e7780000)
  from space 5632K, 70% used [0x00000006e7780000,0x00000006e7b60010,0x00000006e7d00000)
  to   space 5632K, 0% used [0x00000006ede80000,0x00000006ede80000,0x00000006ee400000)
 ParOldGen       total 228864K, used 129471K [0x00000003c0000000, 0x00000003cdf80000, 0x000000066ab00000)
  object space 228864K, 56% used [0x00000003c0000000,0x00000003c7e6ffc0,0x00000003cdf80000)
 Metaspace       used 87688K, capacity 88888K, committed 89176K, reserved 1126400K
  class space    used 12297K, capacity 12554K, committed 12632K, reserved 1048576K
}
Event: 598.126 GC heap before
{Heap before GC invocations=85 (full 5):
 PSYoungGen      total 2050048K, used 2048384K [0x000000066ab00000, 0x00000006ee400000, 0x00000007c0000000)
  eden space 2044416K, 100% used [0x000000066ab00000,0x00000006e7780000,0x00000006e7780000)
  from space 5632K, 70% used [0x00000006e7780000,0x00000006e7b60010,0x00000006e7d00000)
  to   space 5632K, 0% used [0x00000006ede80000,0x00000006ede80000,0x00000006ee400000)
 ParOldGen       total 228864K, used 129471K [0x00000003c0000000, 0x00000003cdf80000, 0x000000066ab00000)
  object space 228864K, 56% used [0x00000003c0000000,0x00000003c7e6ffc0,0x00000003cdf80000)
 Metaspace       used 87688K, capacity 88888K, committed 89176K, reserved 1126400K
  class space    used 12297K, capacity 12554K, committed 12632K, reserved 1048576K
Event: 598.136 GC heap after
Heap after GC invocations=85 (full 5):
 PSYoungGen      total 2149376K, used 5344K [0x000000066ab00000, 0x00000006ee900000, 0x00000007c0000000)
  eden space 2143744K, 0% used [0x000000066ab00000,0x000000066ab00000,0x00000006ed880000)
  from space 5632K, 94% used [0x00000006ede80000,0x00000006ee3b8010,0x00000006ee400000)
  to   space 6144K, 0% used [0x00000006ed880000,0x00000006ed880000,0x00000006ede80000)
 ParOldGen       total 228864K, used 129559K [0x00000003c0000000, 0x00000003cdf80000, 0x000000066ab00000)
  object space 228864K, 56% used [0x00000003c0000000,0x00000003c7e85fc0,0x00000003cdf80000)
 Metaspace       used 87688K, capacity 88888K, committed 89176K, reserved 1126400K
  class space    used 12297K, capacity 12554K, committed 12632K, reserved 1048576K
}
Event: 599.878 GC heap before
{Heap before GC invocations=86 (full 5):
 PSYoungGen      total 2149376K, used 2149088K [0x000000066ab00000, 0x00000006ee900000, 0x00000007c0000000)
  eden space 2143744K, 100% used [0x000000066ab00000,0x00000006ed880000,0x00000006ed880000)
  from space 5632K, 94% used [0x00000006ede80000,0x00000006ee3b8010,0x00000006ee400000)
  to   space 6144K, 0% used [0x00000006ed880000,0x00000006ed880000,0x00000006ede80000)
 ParOldGen       total 228864K, used 129559K [0x00000003c0000000, 0x00000003cdf80000, 0x000000066ab00000)
  object space 228864K, 56% used [0x00000003c0000000,0x00000003c7e85fc0,0x00000003cdf80000)
 Metaspace       used 87688K, capacity 88888K, committed 89176K, reserved 1126400K
  class space    used 12297K, capacity 12554K, committed 12632K, reserved 1048576K
Event: 599.891 GC heap after
Heap after GC invocations=86 (full 5):
 PSYoungGen      total 2149888K, used 6140K [0x000000066ab00000, 0x00000006f5980000, 0x00000007c0000000)
  eden space 2143744K, 0% used [0x000000066ab00000,0x000000066ab00000,0x00000006ed880000)
  from space 6144K, 99% used [0x00000006ed880000,0x00000006ede7f298,0x00000006ede80000)
  to   space 7168K, 0% used [0x00000006f5280000,0x00000006f5280000,0x00000006f5980000)
 ParOldGen       total 228864K, used 130359K [0x00000003c0000000, 0x00000003cdf80000, 0x000000066ab00000)
  object space 228864K, 56% used [0x00000003c0000000,0x00000003c7f4dfc0,0x00000003cdf80000)
 Metaspace       used 87688K, capacity 88888K, committed 89176K, reserved 1126400K
  class space    used 12297K, capacity 12554K, committed 12632K, reserved 1048576K
}
Event: 601.577 GC heap before
{Heap before GC invocations=87 (full 5):
 PSYoungGen      total 2149888K, used 2149884K [0x000000066ab00000, 0x00000006f5980000, 0x00000007c0000000)
  eden space 2143744K, 100% used [0x000000066ab00000,0x00000006ed880000,0x00000006ed880000)
  from space 6144K, 99% used [0x00000006ed880000,0x00000006ede7f298,0x00000006ede80000)
  to   space 7168K, 0% used [0x00000006f5280000,0x00000006f5280000,0x00000006f5980000)
 ParOldGen       total 228864K, used 130359K [0x00000003c0000000, 0x00000003cdf80000, 0x000000066ab00000)
  object space 228864K, 56% used [0x00000003c0000000,0x00000003c7f4dfc0,0x00000003cdf80000)
 Metaspace       used 87689K, capacity 88888K, committed 89176K, reserved 1126400K
  class space    used 12297K, capacity 12554K, committed 12632K, reserved 1048576K
Event: 601.585 GC heap after
Heap after GC invocations=87 (full 5):
 PSYoungGen      total 2260480K, used 3616K [0x000000066ab00000, 0x00000006f5680000, 0x00000007c0000000)
  eden space 2256384K, 0% used [0x000000066ab00000,0x000000066ab00000,0x00000006f4680000)
  from space 4096K, 88% used [0x00000006f5280000,0x00000006f5608010,0x00000006f5680000)
  to   space 6656K, 0% used [0x00000006f4980000,0x00000006f4980000,0x00000006f5000000)
 ParOldGen       total 228864K, used 130703K [0x00000003c0000000, 0x00000003cdf80000, 0x000000066ab00000)
  object space 228864K, 57% used [0x00000003c0000000,0x00000003c7fa3fc0,0x00000003cdf80000)
 Metaspace       used 87689K, capacity 88888K, committed 89176K, reserved 1126400K
  class space    used 12297K, capacity 12554K, committed 12632K, reserved 1048576K
}
Event: 603.398 GC heap before
{Heap before GC invocations=88 (full 5):
 PSYoungGen      total 2260480K, used 2260000K [0x000000066ab00000, 0x00000006f5680000, 0x00000007c0000000)
  eden space 2256384K, 100% used [0x000000066ab00000,0x00000006f4680000,0x00000006f4680000)
  from space 4096K, 88% used [0x00000006f5280000,0x00000006f5608010,0x00000006f5680000)
  to   space 6656K, 0% used [0x00000006f4980000,0x00000006f4980000,0x00000006f5000000)
 ParOldGen       total 228864K, used 130703K [0x00000003c0000000, 0x00000003cdf80000, 0x000000066ab00000)
  object space 228864K, 57% used [0x00000003c0000000,0x00000003c7fa3fc0,0x00000003cdf80000)
 Metaspace       used 87689K, capacity 88888K, committed 89176K, reserved 1126400K
  class space    used 12297K, capacity 12554K, committed 12632K, reserved 1048576K
Event: 603.406 GC heap after
Heap after GC invocations=88 (full 5):
 PSYoungGen      total 2266112K, used 3859K [0x000000066ab00000, 0x00000006fc200000, 0x00000007c0000000)
  eden space 2259456K, 0% used [0x000000066ab00000,0x000000066ab00000,0x00000006f4980000)
  from space 6656K, 57% used [0x00000006f4980000,0x00000006f4d44f88,0x00000006f5000000)
  to   space 6656K, 0% used [0x00000006fbb80000,0x00000006fbb80000,0x00000006fc200000)
 ParOldGen       total 228864K, used 130703K [0x00000003c0000000, 0x00000003cdf80000, 0x000000066ab00000)
  object space 228864K, 57% used [0x00000003c0000000,0x00000003c7fa3fc0,0x00000003cdf80000)
 Metaspace       used 87689K, capacity 88888K, committed 89176K, reserved 1126400K
  class space    used 12297K, capacity 12554K, committed 12632K, reserved 1048576K
}
Event: 605.170 GC heap before
{Heap before GC invocations=89 (full 5):
 PSYoungGen      total 2266112K, used 2263315K [0x000000066ab00000, 0x00000006fc200000, 0x00000007c0000000)
  eden space 2259456K, 100% used [0x000000066ab00000,0x00000006f4980000,0x00000006f4980000)
  from space 6656K, 57% used [0x00000006f4980000,0x00000006f4d44f88,0x00000006f5000000)
  to   space 6656K, 0% used [0x00000006fbb80000,0x00000006fbb80000,0x00000006fc200000)
 ParOldGen       total 228864K, used 130703K [0x00000003c0000000, 0x00000003cdf80000, 0x000000066ab00000)
  object space 228864K, 57% used [0x00000003c0000000,0x00000003c7fa3fc0,0x00000003cdf80000)
 Metaspace       used 87689K, capacity 88888K, committed 89176K, reserved 1126400K
  class space    used 12297K, capacity 12554K, committed 12632K, reserved 1048576K
Event: 605.178 GC heap after
Heap after GC invocations=89 (full 5):
 PSYoungGen      total 2375168K, used 4014K [0x000000066ab00000, 0x00000006fc180000, 0x00000007c0000000)
  eden space 2369024K, 0% used [0x000000066ab00000,0x000000066ab00000,0x00000006fb480000)
  from space 6144K, 65% used [0x00000006fbb80000,0x00000006fbf6ba50,0x00000006fc180000)
  to   space 6656K, 0% used [0x00000006fb480000,0x00000006fb480000,0x00000006fbb00000)
 ParOldGen       total 228864K, used 130895K [0x00000003c0000000, 0x00000003cdf80000, 0x000000066ab00000)
  object space 228864K, 57% used [0x00000003c0000000,0x00000003c7fd3fc0,0x00000003cdf80000)
 Metaspace       used 87689K, capacity 88888K, committed 89176K, reserved 1126400K
  class space    used 12297K, capacity 12554K, committed 12632K, reserved 1048576K
}
Event: 607.081 GC heap before
{Heap before GC invocations=90 (full 5):
 PSYoungGen      total 2375168K, used 2373038K [0x000000066ab00000, 0x00000006fc180000, 0x00000007c0000000)
  eden space 2369024K, 100% used [0x000000066ab00000,0x00000006fb480000,0x00000006fb480000)
  from space 6144K, 65% used [0x00000006fbb80000,0x00000006fbf6ba50,0x00000006fc180000)
  to   space 6656K, 0% used [0x00000006fb480000,0x00000006fb480000,0x00000006fbb00000)
 ParOldGen       total 228864K, used 130895K [0x00000003c0000000, 0x00000003cdf80000, 0x000000066ab00000)
  object space 228864K, 57% used [0x00000003c0000000,0x00000003c7fd3fc0,0x00000003cdf80000)
 Metaspace       used 87689K, capacity 88888K, committed 89176K, reserved 1126400K
  class space    used 12297K, capacity 12554K, committed 12632K, reserved 1048576K
Event: 607.089 GC heap after
Heap after GC invocations=90 (full 5):
 PSYoungGen      total 2375680K, used 4142K [0x000000066ab00000, 0x0000000702d00000, 0x00000007c0000000)
  eden space 2369024K, 0% used [0x000000066ab00000,0x000000066ab00000,0x00000006fb480000)
  from space 6656K, 62% used [0x00000006fb480000,0x00000006fb88ba50,0x00000006fbb00000)
  to   space 6144K, 0% used [0x0000000702700000,0x0000000702700000,0x0000000702d00000)
 ParOldGen       total 228864K, used 131031K [0x00000003c0000000, 0x00000003cdf80000, 0x000000066ab00000)
  object space 228864K, 57% used [0x00000003c0000000,0x00000003c7ff5fc0,0x00000003cdf80000)
 Metaspace       used 87689K, capacity 88888K, committed 89176K, reserved 1126400K
  class space    used 12297K, capacity 12554K, committed 12632K, reserved 1048576K
}
Event: 608.941 GC heap before
{Heap before GC invocations=91 (full 5):
 PSYoungGen      total 2375680K, used 2373166K [0x000000066ab00000, 0x0000000702d00000, 0x00000007c0000000)
  eden space 2369024K, 100% used [0x000000066ab00000,0x00000006fb480000,0x00000006fb480000)
  from space 6656K, 62% used [0x00000006fb480000,0x00000006fb88ba50,0x00000006fbb00000)
  to   space 6144K, 0% used [0x0000000702700000,0x0000000702700000,0x0000000702d00000)
 ParOldGen       total 228864K, used 131031K [0x00000003c0000000, 0x00000003cdf80000, 0x000000066ab00000)
  object space 228864K, 57% used [0x00000003c0000000,0x00000003c7ff5fc0,0x00000003cdf80000)
 Metaspace       used 87689K, capacity 88888K, committed 89176K, reserved 1126400K
  class space    used 12297K, capacity 12554K, committed 12632K, reserved 1048576K
Event: 608.949 GC heap after
Heap after GC invocations=91 (full 5):
 PSYoungGen      total 2483200K, used 4206K [0x000000066ab00000, 0x0000000702b80000, 0x00000007c0000000)
  eden space 2478592K, 0% used [0x000000066ab00000,0x000000066ab00000,0x0000000701f80000)
  from space 4608K, 91% used [0x0000000702700000,0x0000000702b1ba50,0x0000000702b80000)
  to   space 6144K, 0% used [0x0000000701f80000,0x0000000701f80000,0x0000000702580000)
 ParOldGen       total 228864K, used 131199K [0x00000003c0000000, 0x00000003cdf80000, 0x000000066ab00000)
  object space 228864K, 57% used [0x00000003c0000000,0x00000003c801ffc0,0x00000003cdf80000)
 Metaspace       used 87689K, capacity 88888K, committed 89176K, reserved 1126400K
  class space    used 12297K, capacity 12554K, committed 12632K, reserved 1048576K
}
Event: 610.978 GC heap before
{Heap before GC invocations=92 (full 5):
 PSYoungGen      total 2483200K, used 2482798K [0x000000066ab00000, 0x0000000702b80000, 0x00000007c0000000)
  eden space 2478592K, 100% used [0x000000066ab00000,0x0000000701f80000,0x0000000701f80000)
  from space 4608K, 91% used [0x0000000702700000,0x0000000702b1ba50,0x0000000702b80000)
  to   space 6144K, 0% used [0x0000000701f80000,0x0000000701f80000,0x0000000702580000)
 ParOldGen       total 228864K, used 131199K [0x00000003c0000000, 0x00000003cdf80000, 0x000000066ab00000)
  object space 228864K, 57% used [0x00000003c0000000,0x00000003c801ffc0,0x00000003cdf80000)
 Metaspace       used 87689K, capacity 88888K, committed 89176K, reserved 1126400K
  class space    used 12297K, capacity 12554K, committed 12632K, reserved 1048576K
Event: 610.986 GC heap after
Heap after GC invocations=92 (full 5):
 PSYoungGen      total 2484736K, used 4206K [0x000000066ab00000, 0x0000000709800000, 0x00000007c0000000)
  eden space 2478592K, 0% used [0x000000066ab00000,0x000000066ab00000,0x0000000701f80000)
  from space 6144K, 68% used [0x0000000701f80000,0x000000070239ba50,0x0000000702580000)
  to   space 6144K, 0% used [0x0000000709200000,0x0000000709200000,0x0000000709800000)
 ParOldGen       total 228864K, used 131407K [0x00000003c0000000, 0x00000003cdf80000, 0x000000066ab00000)
  object space 228864K, 57% used [0x00000003c0000000,0x00000003c8053fc0,0x00000003cdf80000)
 Metaspace       used 87689K, capacity 88888K, committed 89176K, reserved 1126400K
  class space    used 12297K, capacity 12554K, committed 12632K, reserved 1048576K
}
Event: 612.911 GC heap before
{Heap before GC invocations=93 (full 5):
 PSYoungGen      total 2484736K, used 2482798K [0x000000066ab00000, 0x0000000709800000, 0x00000007c0000000)
  eden space 2478592K, 100% used [0x000000066ab00000,0x0000000701f80000,0x0000000701f80000)
  from space 6144K, 68% used [0x0000000701f80000,0x000000070239ba50,0x0000000702580000)
  to   space 6144K, 0% used [0x0000000709200000,0x0000000709200000,0x0000000709800000)
 ParOldGen       total 228864K, used 131407K [0x00000003c0000000, 0x00000003cdf80000, 0x000000066ab00000)
  object space 228864K, 57% used [0x00000003c0000000,0x00000003c8053fc0,0x00000003cdf80000)
 Metaspace       used 87689K, capacity 88888K, committed 89176K, reserved 1126400K
  class space    used 12297K, capacity 12554K, committed 12632K, reserved 1048576K
Event: 612.918 GC heap after
Heap after GC invocations=93 (full 5):
 PSYoungGen      total 2591232K, used 4046K [0x000000066ab00000, 0x0000000709600000, 0x00000007c0000000)
  eden space 2587136K, 0% used [0x000000066ab00000,0x000000066ab00000,0x0000000708980000)
  from space 4096K, 98% used [0x0000000709200000,0x00000007095f3a50,0x0000000709600000)
  to   space 6144K, 0% used [0x0000000708a00000,0x0000000708a00000,0x0000000709000000)
 ParOldGen       total 228864K, used 131719K [0x00000003c0000000, 0x00000003cdf80000, 0x000000066ab00000)
  object space 228864K, 57% used [0x00000003c0000000,0x00000003c80a1fc0,0x00000003cdf80000)
 Metaspace       used 87689K, capacity 88888K, committed 89176K, reserved 1126400K
  class space    used 12297K, capacity 12554K, committed 12632K, reserved 1048576K
}
Event: 615.014 GC heap before
{Heap before GC invocations=94 (full 5):
 PSYoungGen      total 2591232K, used 2591182K [0x000000066ab00000, 0x0000000709600000, 0x00000007c0000000)
  eden space 2587136K, 100% used [0x000000066ab00000,0x0000000708980000,0x0000000708980000)
  from space 4096K, 98% used [0x0000000709200000,0x00000007095f3a50,0x0000000709600000)
  to   space 6144K, 0% used [0x0000000708a00000,0x0000000708a00000,0x0000000709000000)
 ParOldGen       total 228864K, used 131719K [0x00000003c0000000, 0x00000003cdf80000, 0x000000066ab00000)
  object space 228864K, 57% used [0x00000003c0000000,0x00000003c80a1fc0,0x00000003cdf80000)
 Metaspace       used 87689K, capacity 88888K, committed 89176K, reserved 1126400K
  class space    used 12297K, capacity 12554K, committed 12632K, reserved 1048576K
Event: 615.022 GC heap after
Heap after GC invocations=94 (full 5):
 PSYoungGen      total 2593792K, used 3054K [0x000000066ab00000, 0x0000000710080000, 0x00000007c0000000)
  eden space 2587648K, 0% used [0x000000066ab00000,0x000000066ab00000,0x0000000708a00000)
  from space 6144K, 49% used [0x0000000708a00000,0x0000000708cfba40,0x0000000709000000)
  to   space 6144K, 0% used [0x000000070fa80000,0x000000070fa80000,0x0000000710080000)
 ParOldGen       total 228864K, used 132959K [0x00000003c0000000, 0x00000003cdf80000, 0x000000066ab00000)
  object space 228864K, 58% used [0x00000003c0000000,0x00000003c81d7fd0,0x00000003cdf80000)
 Metaspace       used 87689K, capacity 88888K, committed 89176K, reserved 1126400K
  class space    used 12297K, capacity 12554K, committed 12632K, reserved 1048576K
}
Event: 617.065 GC heap before
{Heap before GC invocations=95 (full 5):
 PSYoungGen      total 2593792K, used 2590702K [0x000000066ab00000, 0x0000000710080000, 0x00000007c0000000)
  eden space 2587648K, 100% used [0x000000066ab00000,0x0000000708a00000,0x0000000708a00000)
  from space 6144K, 49% used [0x0000000708a00000,0x0000000708cfba40,0x0000000709000000)
  to   space 6144K, 0% used [0x000000070fa80000,0x000000070fa80000,0x0000000710080000)
 ParOldGen       total 228864K, used 132959K [0x00000003c0000000, 0x00000003cdf80000, 0x000000066ab00000)
  object space 228864K, 58% used [0x00000003c0000000,0x00000003c81d7fd0,0x00000003cdf80000)
 Metaspace       used 87689K, capacity 88888K, committed 89176K, reserved 1126400K
  class space    used 12297K, capacity 12554K, committed 12632K, reserved 1048576K
Event: 617.073 GC heap after
Heap after GC invocations=95 (full 5):
 PSYoungGen      total 2703360K, used 3342K [0x000000066ab00000, 0x0000000710080000, 0x00000007c0000000)
  eden space 2697216K, 0% used [0x000000066ab00000,0x000000066ab00000,0x000000070f500000)
  from space 6144K, 54% used [0x000000070fa80000,0x000000070fdc3a40,0x0000000710080000)
  to   space 5632K, 0% used [0x000000070f500000,0x000000070f500000,0x000000070fa80000)
 ParOldGen       total 228864K, used 133039K [0x00000003c0000000, 0x00000003cdf80000, 0x000000066ab00000)
  object space 228864K, 58% used [0x00000003c0000000,0x00000003c81ebfd0,0x00000003cdf80000)
 Metaspace       used 87689K, capacity 88888K, committed 89176K, reserved 1126400K
  class space    used 12297K, capacity 12554K, committed 12632K, reserved 1048576K
}
Event: 619.243 GC heap before
{Heap before GC invocations=96 (full 5):
 PSYoungGen      total 2703360K, used 2700558K [0x000000066ab00000, 0x0000000710080000, 0x00000007c0000000)
  eden space 2697216K, 100% used [0x000000066ab00000,0x000000070f500000,0x000000070f500000)
  from space 6144K, 54% used [0x000000070fa80000,0x000000070fdc3a40,0x0000000710080000)
  to   space 5632K, 0% used [0x000000070f500000,0x000000070f500000,0x000000070fa80000)
 ParOldGen       total 228864K, used 133039K [0x00000003c0000000, 0x00000003cdf80000, 0x000000066ab00000)
  object space 228864K, 58% used [0x00000003c0000000,0x00000003c81ebfd0,0x00000003cdf80000)
 Metaspace       used 87690K, capacity 88888K, committed 89176K, reserved 1126400K
  class space    used 12297K, capacity 12554K, committed 12632K, reserved 1048576K
Event: 619.253 GC heap after
Heap after GC invocations=96 (full 5):
 PSYoungGen      total 2702848K, used 3662K [0x000000066ab00000, 0x0000000717000000, 0x00000007c0000000)
  eden space 2697216K, 0% used [0x000000066ab00000,0x000000066ab00000,0x000000070f500000)
  from space 5632K, 65% used [0x000000070f500000,0x000000070f893a40,0x000000070fa80000)
  to   space 5632K, 0% used [0x0000000716a80000,0x0000000716a80000,0x0000000717000000)
 ParOldGen       total 228864K, used 133119K [0x00000003c0000000, 0x00000003cdf80000, 0x000000066ab00000)
  object space 228864K, 58% used [0x00000003c0000000,0x00000003c81fffd0,0x00000003cdf80000)
 Metaspace       used 87690K, capacity 88888K, committed 89176K, reserved 1126400K
  class space    used 12297K, capacity 12554K, committed 12632K, reserved 1048576K
}
Event: 621.342 GC heap before
{Heap before GC invocations=97 (full 5):
 PSYoungGen      total 2702848K, used 2700878K [0x000000066ab00000, 0x0000000717000000, 0x00000007c0000000)
  eden space 2697216K, 100% used [0x000000066ab00000,0x000000070f500000,0x000000070f500000)
  from space 5632K, 65% used [0x000000070f500000,0x000000070f893a40,0x000000070fa80000)
  to   space 5632K, 0% used [0x0000000716a80000,0x0000000716a80000,0x0000000717000000)
 ParOldGen       total 228864K, used 133119K [0x00000003c0000000, 0x00000003cdf80000, 0x000000066ab00000)
  object space 228864K, 58% used [0x00000003c0000000,0x00000003c81fffd0,0x00000003cdf80000)
 Metaspace       used 87693K, capacity 88888K, committed 89176K, reserved 1126400K
  class space    used 12297K, capacity 12554K, committed 12632K, reserved 1048576K
Event: 621.352 GC heap after
Heap after GC invocations=97 (full 5):
 PSYoungGen      total 2817536K, used 3246K [0x000000066ab00000, 0x0000000717380000, 0x00000007c0000000)
  eden space 2811904K, 0% used [0x000000066ab00000,0x000000066ab00000,0x0000000716500000)
  from space 5632K, 57% used [0x0000000716a80000,0x0000000716daba40,0x0000000717000000)
  to   space 5632K, 0% used [0x0000000716500000,0x0000000716500000,0x0000000716a80000)
 ParOldGen       total 228864K, used 133271K [0x00000003c0000000, 0x00000003cdf80000, 0x000000066ab00000)
  object space 228864K, 58% used [0x00000003c0000000,0x00000003c8225fd0,0x00000003cdf80000)
 Metaspace       used 87693K, capacity 88888K, committed 89176K, reserved 1126400K
  class space    used 12297K, capacity 12554K, committed 12632K, reserved 1048576K
}
Event: 623.612 GC heap before
{Heap before GC invocations=98 (full 5):
 PSYoungGen      total 2817536K, used 2815150K [0x000000066ab00000, 0x0000000717380000, 0x00000007c0000000)
  eden space 2811904K, 100% used [0x000000066ab00000,0x0000000716500000,0x0000000716500000)
  from space 5632K, 57% used [0x0000000716a80000,0x0000000716daba40,0x0000000717000000)
  to   space 5632K, 0% used [0x0000000716500000,0x0000000716500000,0x0000000716a80000)
 ParOldGen       total 228864K, used 133271K [0x00000003c0000000, 0x00000003cdf80000, 0x000000066ab00000)
  object space 228864K, 58% used [0x00000003c0000000,0x00000003c8225fd0,0x00000003cdf80000)
 Metaspace       used 87693K, capacity 88888K, committed 89176K, reserved 1126400K
  class space    used 12297K, capacity 12554K, committed 12632K, reserved 1048576K

