# JRE version: OpenJDK Runtime Environment (8.0_252-b09) (build 1.8.0_252-b09)
# Java VM: OpenJDK 64-Bit Server VM (25.252-b09 mixed mode linux-amd64 compressed oops)
Heap:
 PSYoungGen      total 2607616K, used 5054K [0x000000066ab00000, 0x000000070a700000, 0x00000007c0000000)
  eden space 2601472K, 0% used [0x000000066ab00000,0x000000066ab00000,0x0000000709780000)
  from space 6144K, 82% used [0x0000000709780000,0x0000000709c6fbd8,0x0000000709d80000)
  to   space 5632K, 0% used [0x0000000709d80000,0x0000000709d80000,0x000000070a300000)
 ParOldGen       total 392192K, used 314098K [0x00000003c0000000, 0x00000003d7f00000, 0x000000066ab00000)
  object space 392192K, 80% used [0x00000003c0000000,0x00000003d32bcbf0,0x00000003d7f00000)
 Metaspace       used 86676K, capacity 87746K, committed 87896K, reserved 1124352K
  class space    used 12252K, capacity 12514K, committed 12632K, reserved 1048576K
GC Heap History (175 events):
Event: 0.320 GC heap before
{Heap before GC invocations=1 (full 0):
 PSYoungGen      total 18432K, used 15872K [0x000000066ab00000, 0x000000066bf80000, 0x00000007c0000000)
  eden space 15872K, 100% used [0x000000066ab00000,0x000000066ba80000,0x000000066ba80000)
  from space 2560K, 0% used [0x000000066bd00000,0x000000066bd00000,0x000000066bf80000)
  to   space 2560K, 0% used [0x000000066ba80000,0x000000066ba80000,0x000000066bd00000)
 ParOldGen       total 42496K, used 0K [0x00000003c0000000, 0x00000003c2980000, 0x000000066ab00000)
  object space 42496K, 0% used [0x00000003c0000000,0x00000003c0000000,0x00000003c2980000)
 Metaspace       used 4969K, capacity 5944K, committed 6016K, reserved 1056768K
  class space    used 542K, capacity 616K, committed 640K, reserved 1048576K
Event: 0.324 GC heap after
Heap after GC invocations=1 (full 0):
 PSYoungGen      total 18432K, used 2555K [0x000000066ab00000, 0x000000066bf80000, 0x00000007c0000000)
  eden space 15872K, 0% used [0x000000066ab00000,0x000000066ab00000,0x000000066ba80000)
  from space 2560K, 99% used [0x000000066ba80000,0x000000066bcfeca0,0x000000066bd00000)
  to   space 2560K, 0% used [0x000000066bd00000,0x000000066bd00000,0x000000066bf80000)
 ParOldGen       total 42496K, used 474K [0x00000003c0000000, 0x00000003c2980000, 0x000000066ab00000)
  object space 42496K, 1% used [0x00000003c0000000,0x00000003c0076a60,0x00000003c2980000)
 Metaspace       used 4969K, capacity 5944K, committed 6016K, reserved 1056768K
  class space    used 542K, capacity 616K, committed 640K, reserved 1048576K
}
Event: 0.609 GC heap before
{Heap before GC invocations=2 (full 0):
 PSYoungGen      total 18432K, used 18427K [0x000000066ab00000, 0x000000066bf80000, 0x00000007c0000000)
  eden space 15872K, 100% used [0x000000066ab00000,0x000000066ba80000,0x000000066ba80000)
  from space 2560K, 99% used [0x000000066ba80000,0x000000066bcfeca0,0x000000066bd00000)
  to   space 2560K, 0% used [0x000000066bd00000,0x000000066bd00000,0x000000066bf80000)
 ParOldGen       total 42496K, used 474K [0x00000003c0000000, 0x00000003c2980000, 0x000000066ab00000)
  object space 42496K, 1% used [0x00000003c0000000,0x00000003c0076a60,0x00000003c2980000)
 Metaspace       used 9302K, capacity 9376K, committed 9472K, reserved 1056768K
  class space    used 1220K, capacity 1232K, committed 1280K, reserved 1048576K
Event: 0.613 GC heap after
Heap after GC invocations=2 (full 0):
 PSYoungGen      total 18432K, used 2540K [0x000000066ab00000, 0x000000066cf00000, 0x00000007c0000000)
  eden space 15872K, 0% used [0x000000066ab00000,0x000000066ab00000,0x000000066ba80000)
  from space 2560K, 99% used [0x000000066bd00000,0x000000066bf7b300,0x000000066bf80000)
  to   space 2560K, 0% used [0x000000066ba80000,0x000000066ba80000,0x000000066bd00000)
 ParOldGen       total 42496K, used 1620K [0x00000003c0000000, 0x00000003c2980000, 0x000000066ab00000)
  object space 42496K, 3% used [0x00000003c0000000,0x00000003c0195020,0x00000003c2980000)
 Metaspace       used 9302K, capacity 9376K, committed 9472K, reserved 1056768K
  class space    used 1220K, capacity 1232K, committed 1280K, reserved 1048576K
}
Event: 0.822 GC heap before
{Heap before GC invocations=3 (full 0):
 PSYoungGen      total 18432K, used 18412K [0x000000066ab00000, 0x000000066cf00000, 0x00000007c0000000)
  eden space 15872K, 100% used [0x000000066ab00000,0x000000066ba80000,0x000000066ba80000)
  from space 2560K, 99% used [0x000000066bd00000,0x000000066bf7b300,0x000000066bf80000)
  to   space 2560K, 0% used [0x000000066ba80000,0x000000066ba80000,0x000000066bd00000)
 ParOldGen       total 42496K, used 1620K [0x00000003c0000000, 0x00000003c2980000, 0x000000066ab00000)
  object space 42496K, 3% used [0x00000003c0000000,0x00000003c0195020,0x00000003c2980000)
 Metaspace       used 11377K, capacity 11424K, committed 11648K, reserved 1058816K
  class space    used 1531K, capacity 1552K, committed 1664K, reserved 1048576K
Event: 0.826 GC heap after
Heap after GC invocations=3 (full 0):
 PSYoungGen      total 18432K, used 2547K [0x000000066ab00000, 0x000000066cf00000, 0x00000007c0000000)
  eden space 15872K, 0% used [0x000000066ab00000,0x000000066ab00000,0x000000066ba80000)
  from space 2560K, 99% used [0x000000066ba80000,0x000000066bcfcd90,0x000000066bd00000)
  to   space 2560K, 0% used [0x000000066cc80000,0x000000066cc80000,0x000000066cf00000)
 ParOldGen       total 42496K, used 2799K [0x00000003c0000000, 0x00000003c2980000, 0x000000066ab00000)
  object space 42496K, 6% used [0x00000003c0000000,0x00000003c02bbd28,0x00000003c2980000)
 Metaspace       used 11377K, capacity 11424K, committed 11648K, reserved 1058816K
  class space    used 1531K, capacity 1552K, committed 1664K, reserved 1048576K
}
Event: 0.976 GC heap before
{Heap before GC invocations=4 (full 0):
 PSYoungGen      total 18432K, used 18419K [0x000000066ab00000, 0x000000066cf00000, 0x00000007c0000000)
  eden space 15872K, 100% used [0x000000066ab00000,0x000000066ba80000,0x000000066ba80000)
  from space 2560K, 99% used [0x000000066ba80000,0x000000066bcfcd90,0x000000066bd00000)
  to   space 2560K, 0% used [0x000000066cc80000,0x000000066cc80000,0x000000066cf00000)
 ParOldGen       total 42496K, used 2799K [0x00000003c0000000, 0x00000003c2980000, 0x000000066ab00000)
  object space 42496K, 6% used [0x00000003c0000000,0x00000003c02bbd28,0x00000003c2980000)
 Metaspace       used 12953K, capacity 13056K, committed 13312K, reserved 1060864K
  class space    used 1728K, capacity 1776K, committed 1792K, reserved 1048576K
Event: 0.980 GC heap after
Heap after GC invocations=4 (full 0):
 PSYoungGen      total 34304K, used 2542K [0x000000066ab00000, 0x000000066cf00000, 0x00000007c0000000)
  eden space 31744K, 0% used [0x000000066ab00000,0x000000066ab00000,0x000000066ca00000)
  from space 2560K, 99% used [0x000000066cc80000,0x000000066cefba28,0x000000066cf00000)
  to   space 2560K, 0% used [0x000000066ca00000,0x000000066ca00000,0x000000066cc80000)
 ParOldGen       total 42496K, used 3838K [0x00000003c0000000, 0x00000003c2980000, 0x000000066ab00000)
  object space 42496K, 9% used [0x00000003c0000000,0x00000003c03bfa00,0x00000003c2980000)
 Metaspace       used 12953K, capacity 13056K, committed 13312K, reserved 1060864K
  class space    used 1728K, capacity 1776K, committed 1792K, reserved 1048576K
}
Event: 1.462 GC heap before
{Heap before GC invocations=5 (full 0):
 PSYoungGen      total 34304K, used 34286K [0x000000066ab00000, 0x000000066cf00000, 0x00000007c0000000)
  eden space 31744K, 100% used [0x000000066ab00000,0x000000066ca00000,0x000000066ca00000)
  from space 2560K, 99% used [0x000000066cc80000,0x000000066cefba28,0x000000066cf00000)
  to   space 2560K, 0% used [0x000000066ca00000,0x000000066ca00000,0x000000066cc80000)
 ParOldGen       total 42496K, used 3838K [0x00000003c0000000, 0x00000003c2980000, 0x000000066ab00000)
  object space 42496K, 9% used [0x00000003c0000000,0x00000003c03bfa00,0x00000003c2980000)
 Metaspace       used 15316K, capacity 15398K, committed 15616K, reserved 1062912K
  class space    used 1979K, capacity 2001K, committed 2048K, reserved 1048576K
Event: 1.468 GC heap after
Heap after GC invocations=5 (full 0):
 PSYoungGen      total 34304K, used 2558K [0x000000066ab00000, 0x000000066f300000, 0x00000007c0000000)
  eden space 31744K, 0% used [0x000000066ab00000,0x000000066ab00000,0x000000066ca00000)
  from space 2560K, 99% used [0x000000066ca00000,0x000000066cc7fa18,0x000000066cc80000)
  to   space 5120K, 0% used [0x000000066ee00000,0x000000066ee00000,0x000000066f300000)
 ParOldGen       total 42496K, used 6206K [0x00000003c0000000, 0x00000003c2980000, 0x000000066ab00000)
  object space 42496K, 14% used [0x00000003c0000000,0x00000003c060f990,0x00000003c2980000)
 Metaspace       used 15316K, capacity 15398K, committed 15616K, reserved 1062912K
  class space    used 1979K, capacity 2001K, committed 2048K, reserved 1048576K
}
Event: 1.807 GC heap before
{Heap before GC invocations=6 (full 0):
 PSYoungGen      total 34304K, used 34302K [0x000000066ab00000, 0x000000066f300000, 0x00000007c0000000)
  eden space 31744K, 100% used [0x000000066ab00000,0x000000066ca00000,0x000000066ca00000)
  from space 2560K, 99% used [0x000000066ca00000,0x000000066cc7fa18,0x000000066cc80000)
  to   space 5120K, 0% used [0x000000066ee00000,0x000000066ee00000,0x000000066f300000)
 ParOldGen       total 42496K, used 6206K [0x00000003c0000000, 0x00000003c2980000, 0x000000066ab00000)
  object space 42496K, 14% used [0x00000003c0000000,0x00000003c060f990,0x00000003c2980000)
 Metaspace       used 15660K, capacity 15800K, committed 16128K, reserved 1062912K
  class space    used 1981K, capacity 2004K, committed 2048K, reserved 1048576K
Event: 1.813 GC heap after
Heap after GC invocations=6 (full 0):
 PSYoungGen      total 68608K, used 3678K [0x000000066ab00000, 0x000000066f300000, 0x00000007c0000000)
  eden space 63488K, 0% used [0x000000066ab00000,0x000000066ab00000,0x000000066e900000)
  from space 5120K, 71% used [0x000000066ee00000,0x000000066f197a28,0x000000066f300000)
  to   space 5120K, 0% used [0x000000066e900000,0x000000066e900000,0x000000066ee00000)
 ParOldGen       total 42496K, used 6206K [0x00000003c0000000, 0x00000003c2980000, 0x000000066ab00000)
  object space 42496K, 14% used [0x00000003c0000000,0x00000003c060f990,0x00000003c2980000)
 Metaspace       used 15660K, capacity 15800K, committed 16128K, reserved 1062912K
  class space    used 1981K, capacity 2004K, committed 2048K, reserved 1048576K
}
Event: 2.380 GC heap before
{Heap before GC invocations=7 (full 0):
 PSYoungGen      total 68608K, used 67166K [0x000000066ab00000, 0x000000066f300000, 0x00000007c0000000)
  eden space 63488K, 100% used [0x000000066ab00000,0x000000066e900000,0x000000066e900000)
  from space 5120K, 71% used [0x000000066ee00000,0x000000066f197a28,0x000000066f300000)
  to   space 5120K, 0% used [0x000000066e900000,0x000000066e900000,0x000000066ee00000)
 ParOldGen       total 42496K, used 6206K [0x00000003c0000000, 0x00000003c2980000, 0x000000066ab00000)
  object space 42496K, 14% used [0x00000003c0000000,0x00000003c060f990,0x00000003c2980000)
 Metaspace       used 17070K, capacity 17176K, committed 17408K, reserved 1064960K
  class space    used 2191K, capacity 2228K, committed 2304K, reserved 1048576K
Event: 2.392 GC heap after
Heap after GC invocations=7 (full 0):
 PSYoungGen      total 68608K, used 4517K [0x000000066ab00000, 0x0000000673100000, 0x00000007c0000000)
  eden space 63488K, 0% used [0x000000066ab00000,0x000000066ab00000,0x000000066e900000)
  from space 5120K, 88% used [0x000000066e900000,0x000000066ed69468,0x000000066ee00000)
  to   space 5120K, 0% used [0x0000000672c00000,0x0000000672c00000,0x0000000673100000)
 ParOldGen       total 42496K, used 7315K [0x00000003c0000000, 0x00000003c2980000, 0x000000066ab00000)
  object space 42496K, 17% used [0x00000003c0000000,0x00000003c0724c18,0x00000003c2980000)
 Metaspace       used 17070K, capacity 17176K, committed 17408K, reserved 1064960K
  class space    used 2191K, capacity 2228K, committed 2304K, reserved 1048576K
}
Event: 2.841 GC heap before
{Heap before GC invocations=8 (full 0):
 PSYoungGen      total 68608K, used 46415K [0x000000066ab00000, 0x0000000673100000, 0x00000007c0000000)
  eden space 63488K, 65% used [0x000000066ab00000,0x000000066d3eab28,0x000000066e900000)
  from space 5120K, 88% used [0x000000066e900000,0x000000066ed69468,0x000000066ee00000)
  to   space 5120K, 0% used [0x0000000672c00000,0x0000000672c00000,0x0000000673100000)
 ParOldGen       total 42496K, used 7315K [0x00000003c0000000, 0x00000003c2980000, 0x000000066ab00000)
  object space 42496K, 17% used [0x00000003c0000000,0x00000003c0724c18,0x00000003c2980000)
 Metaspace       used 20907K, capacity 21080K, committed 21248K, reserved 1067008K
  class space    used 2665K, capacity 2760K, committed 2816K, reserved 1048576K
Event: 2.850 GC heap after
Heap after GC invocations=8 (full 0):
 PSYoungGen      total 131072K, used 5108K [0x000000066ab00000, 0x0000000673300000, 0x00000007c0000000)
  eden space 125952K, 0% used [0x000000066ab00000,0x000000066ab00000,0x0000000672600000)
  from space 5120K, 99% used [0x0000000672c00000,0x00000006730fd118,0x0000000673100000)
  to   space 6144K, 0% used [0x0000000672600000,0x0000000672600000,0x0000000672c00000)
 ParOldGen       total 42496K, used 8390K [0x00000003c0000000, 0x00000003c2980000, 0x000000066ab00000)
  object space 42496K, 19% used [0x00000003c0000000,0x00000003c0831820,0x00000003c2980000)
 Metaspace       used 20907K, capacity 21080K, committed 21248K, reserved 1067008K
  class space    used 2665K, capacity 2760K, committed 2816K, reserved 1048576K
}
Event: 2.850 GC heap before
{Heap before GC invocations=9 (full 1):
 PSYoungGen      total 131072K, used 5108K [0x000000066ab00000, 0x0000000673300000, 0x00000007c0000000)
  eden space 125952K, 0% used [0x000000066ab00000,0x000000066ab00000,0x0000000672600000)
  from space 5120K, 99% used [0x0000000672c00000,0x00000006730fd118,0x0000000673100000)
  to   space 6144K, 0% used [0x0000000672600000,0x0000000672600000,0x0000000672c00000)
 ParOldGen       total 42496K, used 8390K [0x00000003c0000000, 0x00000003c2980000, 0x000000066ab00000)
  object space 42496K, 19% used [0x00000003c0000000,0x00000003c0831820,0x00000003c2980000)
 Metaspace       used 20907K, capacity 21080K, committed 21248K, reserved 1067008K
  class space    used 2665K, capacity 2760K, committed 2816K, reserved 1048576K
Event: 2.879 GC heap after
Heap after GC invocations=9 (full 1):
 PSYoungGen      total 131072K, used 0K [0x000000066ab00000, 0x0000000673300000, 0x00000007c0000000)
  eden space 125952K, 0% used [0x000000066ab00000,0x000000066ab00000,0x0000000672600000)
  from space 5120K, 0% used [0x0000000672c00000,0x0000000672c00000,0x0000000673100000)
  to   space 6144K, 0% used [0x0000000672600000,0x0000000672600000,0x0000000672c00000)
 ParOldGen       total 31744K, used 7644K [0x00000003c0000000, 0x00000003c1f00000, 0x000000066ab00000)
  object space 31744K, 24% used [0x00000003c0000000,0x00000003c0777390,0x00000003c1f00000)
 Metaspace       used 20907K, capacity 21080K, committed 21248K, reserved 1067008K
  class space    used 2665K, capacity 2760K, committed 2816K, reserved 1048576K
}
Event: 4.189 GC heap before
{Heap before GC invocations=10 (full 1):
 PSYoungGen      total 131072K, used 125952K [0x000000066ab00000, 0x0000000673300000, 0x00000007c0000000)
  eden space 125952K, 100% used [0x000000066ab00000,0x0000000672600000,0x0000000672600000)
  from space 5120K, 0% used [0x0000000672c00000,0x0000000672c00000,0x0000000673100000)
  to   space 6144K, 0% used [0x0000000672600000,0x0000000672600000,0x0000000672c00000)
 ParOldGen       total 31744K, used 7644K [0x00000003c0000000, 0x00000003c1f00000, 0x000000066ab00000)
  object space 31744K, 24% used [0x00000003c0000000,0x00000003c0777390,0x00000003c1f00000)
 Metaspace       used 32413K, capacity 32658K, committed 33024K, reserved 1077248K
  class space    used 4223K, capacity 4309K, committed 4352K, reserved 1048576K
Event: 4.202 GC heap after
Heap after GC invocations=10 (full 1):
 PSYoungGen      total 132096K, used 6131K [0x000000066ab00000, 0x0000000676500000, 0x00000007c0000000)
  eden space 125952K, 0% used [0x000000066ab00000,0x000000066ab00000,0x0000000672600000)
  from space 6144K, 99% used [0x0000000672600000,0x0000000672bfcc78,0x0000000672c00000)
  to   space 9216K, 0% used [0x0000000675c00000,0x0000000675c00000,0x0000000676500000)
 ParOldGen       total 31744K, used 13781K [0x00000003c0000000, 0x00000003c1f00000, 0x000000066ab00000)
  object space 31744K, 43% used [0x00000003c0000000,0x00000003c0d75710,0x00000003c1f00000)
 Metaspace       used 32413K, capacity 32658K, committed 33024K, reserved 1077248K
  class space    used 4223K, capacity 4309K, committed 4352K, reserved 1048576K
}
Event: 4.905 GC heap before
{Heap before GC invocations=11 (full 1):
 PSYoungGen      total 132096K, used 65766K [0x000000066ab00000, 0x0000000676500000, 0x00000007c0000000)
  eden space 125952K, 47% used [0x000000066ab00000,0x000000066e53cca8,0x0000000672600000)
  from space 6144K, 99% used [0x0000000672600000,0x0000000672bfcc78,0x0000000672c00000)
  to   space 9216K, 0% used [0x0000000675c00000,0x0000000675c00000,0x0000000676500000)
 ParOldGen       total 31744K, used 13781K [0x00000003c0000000, 0x00000003c1f00000, 0x000000066ab00000)
  object space 31744K, 43% used [0x00000003c0000000,0x00000003c0d75710,0x00000003c1f00000)
 Metaspace       used 34970K, capacity 35154K, committed 35416K, reserved 1079296K
  class space    used 4565K, capacity 4629K, committed 4696K, reserved 1048576K
Event: 4.912 GC heap after
Heap after GC invocations=11 (full 1):
 PSYoungGen      total 178176K, used 5891K [0x000000066ab00000, 0x0000000676380000, 0x00000007c0000000)
  eden space 170496K, 0% used [0x000000066ab00000,0x000000066ab00000,0x0000000675180000)
  from space 7680K, 76% used [0x0000000675c00000,0x00000006761c0c38,0x0000000676380000)
  to   space 9216K, 0% used [0x0000000675180000,0x0000000675180000,0x0000000675a80000)
 ParOldGen       total 31744K, used 13789K [0x00000003c0000000, 0x00000003c1f00000, 0x000000066ab00000)
  object space 31744K, 43% used [0x00000003c0000000,0x00000003c0d77710,0x00000003c1f00000)
 Metaspace       used 34970K, capacity 35154K, committed 35416K, reserved 1079296K
  class space    used 4565K, capacity 4629K, committed 4696K, reserved 1048576K
}
Event: 4.912 GC heap before
{Heap before GC invocations=12 (full 2):
 PSYoungGen      total 178176K, used 5891K [0x000000066ab00000, 0x0000000676380000, 0x00000007c0000000)
  eden space 170496K, 0% used [0x000000066ab00000,0x000000066ab00000,0x0000000675180000)
  from space 7680K, 76% used [0x0000000675c00000,0x00000006761c0c38,0x0000000676380000)
  to   space 9216K, 0% used [0x0000000675180000,0x0000000675180000,0x0000000675a80000)
 ParOldGen       total 31744K, used 13789K [0x00000003c0000000, 0x00000003c1f00000, 0x000000066ab00000)
  object space 31744K, 43% used [0x00000003c0000000,0x00000003c0d77710,0x00000003c1f00000)
 Metaspace       used 34970K, capacity 35154K, committed 35416K, reserved 1079296K
  class space    used 4565K, capacity 4629K, committed 4696K, reserved 1048576K
Event: 4.959 GC heap after
Heap after GC invocations=12 (full 2):
 PSYoungGen      total 178176K, used 0K [0x000000066ab00000, 0x0000000676380000, 0x00000007c0000000)
  eden space 170496K, 0% used [0x000000066ab00000,0x000000066ab00000,0x0000000675180000)
  from space 7680K, 0% used [0x0000000675c00000,0x0000000675c00000,0x0000000676380000)
  to   space 9216K, 0% used [0x0000000675180000,0x0000000675180000,0x0000000675a80000)
 ParOldGen       total 47104K, used 9294K [0x00000003c0000000, 0x00000003c2e00000, 0x000000066ab00000)
  object space 47104K, 19% used [0x00000003c0000000,0x00000003c0913880,0x00000003c2e00000)
 Metaspace       used 34970K, capacity 35154K, committed 35416K, reserved 1079296K
  class space    used 4565K, capacity 4629K, committed 4696K, reserved 1048576K
}
Event: 10.910 GC heap before
{Heap before GC invocations=13 (full 2):
 PSYoungGen      total 178176K, used 170496K [0x000000066ab00000, 0x0000000676380000, 0x00000007c0000000)
  eden space 170496K, 100% used [0x000000066ab00000,0x0000000675180000,0x0000000675180000)
  from space 7680K, 0% used [0x0000000675c00000,0x0000000675c00000,0x0000000676380000)
  to   space 9216K, 0% used [0x0000000675180000,0x0000000675180000,0x0000000675a80000)
 ParOldGen       total 47104K, used 9294K [0x00000003c0000000, 0x00000003c2e00000, 0x000000066ab00000)
  object space 47104K, 19% used [0x00000003c0000000,0x00000003c0913880,0x00000003c2e00000)
 Metaspace       used 54427K, capacity 54670K, committed 55128K, reserved 1097728K
  class space    used 7619K, capacity 7685K, committed 7768K, reserved 1048576K
Event: 10.937 GC heap after
Heap after GC invocations=13 (full 2):
 PSYoungGen      total 179712K, used 9191K [0x000000066ab00000, 0x0000000679a00000, 0x00000007c0000000)
  eden space 170496K, 0% used [0x000000066ab00000,0x000000066ab00000,0x0000000675180000)
  from space 9216K, 99% used [0x0000000675180000,0x0000000675a79cd0,0x0000000675a80000)
  to   space 15360K, 0% used [0x0000000678b00000,0x0000000678b00000,0x0000000679a00000)
 ParOldGen       total 47104K, used 23466K [0x00000003c0000000, 0x00000003c2e00000, 0x000000066ab00000)
  object space 47104K, 49% used [0x00000003c0000000,0x00000003c16eaab8,0x00000003c2e00000)
 Metaspace       used 54427K, capacity 54670K, committed 55128K, reserved 1097728K
  class space    used 7619K, capacity 7685K, committed 7768K, reserved 1048576K
}
Event: 11.567 GC heap before
{Heap before GC invocations=14 (full 2):
 PSYoungGen      total 179712K, used 50114K [0x000000066ab00000, 0x0000000679a00000, 0x00000007c0000000)
  eden space 170496K, 24% used [0x000000066ab00000,0x000000066d2f6e40,0x0000000675180000)
  from space 9216K, 99% used [0x0000000675180000,0x0000000675a79cd0,0x0000000675a80000)
  to   space 15360K, 0% used [0x0000000678b00000,0x0000000678b00000,0x0000000679a00000)
 ParOldGen       total 47104K, used 23466K [0x00000003c0000000, 0x00000003c2e00000, 0x000000066ab00000)
  object space 47104K, 49% used [0x00000003c0000000,0x00000003c16eaab8,0x00000003c2e00000)
 Metaspace       used 58381K, capacity 58648K, committed 59028K, reserved 1099776K
  class space    used 8223K, capacity 8328K, committed 8408K, reserved 1048576K
Event: 11.581 GC heap after
Heap after GC invocations=14 (full 2):
 PSYoungGen      total 229888K, used 6653K [0x000000066ab00000, 0x0000000679d80000, 0x00000007c0000000)
  eden space 214528K, 0% used [0x000000066ab00000,0x000000066ab00000,0x0000000677c80000)
  from space 15360K, 43% used [0x0000000678b00000,0x000000067917f508,0x0000000679a00000)
  to   space 14848K, 0% used [0x0000000677c80000,0x0000000677c80000,0x0000000678b00000)
 ParOldGen       total 47104K, used 28860K [0x00000003c0000000, 0x00000003c2e00000, 0x000000066ab00000)
  object space 47104K, 61% used [0x00000003c0000000,0x00000003c1c2f260,0x00000003c2e00000)
 Metaspace       used 58381K, capacity 58648K, committed 59028K, reserved 1099776K
  class space    used 8223K, capacity 8328K, committed 8408K, reserved 1048576K
}
Event: 11.581 GC heap before
{Heap before GC invocations=15 (full 3):
 PSYoungGen      total 229888K, used 6653K [0x000000066ab00000, 0x0000000679d80000, 0x00000007c0000000)
  eden space 214528K, 0% used [0x000000066ab00000,0x000000066ab00000,0x0000000677c80000)
  from space 15360K, 43% used [0x0000000678b00000,0x000000067917f508,0x0000000679a00000)
  to   space 14848K, 0% used [0x0000000677c80000,0x0000000677c80000,0x0000000678b00000)
 ParOldGen       total 47104K, used 28860K [0x00000003c0000000, 0x00000003c2e00000, 0x000000066ab00000)
  object space 47104K, 61% used [0x00000003c0000000,0x00000003c1c2f260,0x00000003c2e00000)
 Metaspace       used 58381K, capacity 58648K, committed 59028K, reserved 1099776K
  class space    used 8223K, capacity 8328K, committed 8408K, reserved 1048576K
Event: 11.669 GC heap after
Heap after GC invocations=15 (full 3):
 PSYoungGen      total 229888K, used 0K [0x000000066ab00000, 0x0000000679d80000, 0x00000007c0000000)
  eden space 214528K, 0% used [0x000000066ab00000,0x000000066ab00000,0x0000000677c80000)
  from space 15360K, 0% used [0x0000000678b00000,0x0000000678b00000,0x0000000679a00000)
  to   space 14848K, 0% used [0x0000000677c80000,0x0000000677c80000,0x0000000678b00000)
 ParOldGen       total 71680K, used 18120K [0x00000003c0000000, 0x00000003c4600000, 0x000000066ab00000)
  object space 71680K, 25% used [0x00000003c0000000,0x00000003c11b2208,0x00000003c4600000)
 Metaspace       used 58381K, capacity 58648K, committed 59028K, reserved 1099776K
  class space    used 8223K, capacity 8328K, committed 8408K, reserved 1048576K
}
Event: 14.073 GC heap before
{Heap before GC invocations=16 (full 3):
 PSYoungGen      total 229888K, used 214528K [0x000000066ab00000, 0x0000000679d80000, 0x00000007c0000000)
  eden space 214528K, 100% used [0x000000066ab00000,0x0000000677c80000,0x0000000677c80000)
  from space 15360K, 0% used [0x0000000678b00000,0x0000000678b00000,0x0000000679a00000)
  to   space 14848K, 0% used [0x0000000677c80000,0x0000000677c80000,0x0000000678b00000)
 ParOldGen       total 71680K, used 18120K [0x00000003c0000000, 0x00000003c4600000, 0x000000066ab00000)
  object space 71680K, 25% used [0x00000003c0000000,0x00000003c11b2208,0x00000003c4600000)
 Metaspace       used 71319K, capacity 71880K, committed 72152K, reserved 1112064K
  class space    used 10183K, capacity 10335K, committed 10456K, reserved 1048576K
Event: 14.099 GC heap after
Heap after GC invocations=16 (full 3):
 PSYoungGen      total 229376K, used 13498K [0x000000066ab00000, 0x000000067d780000, 0x00000007c0000000)
  eden space 214528K, 0% used [0x000000066ab00000,0x000000066ab00000,0x0000000677c80000)
  from space 14848K, 90% used [0x0000000677c80000,0x00000006789aebe8,0x0000000678b00000)
  to   space 16384K, 0% used [0x000000067c780000,0x000000067c780000,0x000000067d780000)
 ParOldGen       total 71680K, used 50896K [0x00000003c0000000, 0x00000003c4600000, 0x000000066ab00000)
  object space 71680K, 71% used [0x00000003c0000000,0x00000003c31b4228,0x00000003c4600000)
 Metaspace       used 71319K, capacity 71880K, committed 72152K, reserved 1112064K
  class space    used 10183K, capacity 10335K, committed 10456K, reserved 1048576K
}
Event: 22.850 GC heap before
{Heap before GC invocations=17 (full 3):
 PSYoungGen      total 229376K, used 216165K [0x000000066ab00000, 0x000000067d780000, 0x00000007c0000000)
  eden space 214528K, 94% used [0x000000066ab00000,0x00000006770eab48,0x0000000677c80000)
  from space 14848K, 90% used [0x0000000677c80000,0x00000006789aebe8,0x0000000678b00000)
  to   space 16384K, 0% used [0x000000067c780000,0x000000067c780000,0x000000067d780000)
 ParOldGen       total 71680K, used 50896K [0x00000003c0000000, 0x00000003c4600000, 0x000000066ab00000)
  object space 71680K, 71% used [0x00000003c0000000,0x00000003c31b4228,0x00000003c4600000)
 Metaspace       used 79141K, capacity 79806K, committed 79960K, reserved 1118208K
  class space    used 11353K, capacity 11542K, committed 11608K, reserved 1048576K
Event: 22.875 GC heap after
Heap after GC invocations=17 (full 3):
 PSYoungGen      total 282624K, used 13991K [0x000000066ab00000, 0x000000067d580000, 0x00000007c0000000)
  eden space 268288K, 0% used [0x000000066ab00000,0x000000066ab00000,0x000000067b100000)
  from space 14336K, 97% used [0x000000067c780000,0x000000067d529dc8,0x000000067d580000)
  to   space 17920K, 0% used [0x000000067b280000,0x000000067b280000,0x000000067c400000)
 ParOldGen       total 71680K, used 65598K [0x00000003c0000000, 0x00000003c4600000, 0x000000066ab00000)
  object space 71680K, 91% used [0x00000003c0000000,0x00000003c400fa70,0x00000003c4600000)
 Metaspace       used 79141K, capacity 79806K, committed 79960K, reserved 1118208K
  class space    used 11353K, capacity 11542K, committed 11608K, reserved 1048576K
}
Event: 22.875 GC heap before
{Heap before GC invocations=18 (full 4):
 PSYoungGen      total 282624K, used 13991K [0x000000066ab00000, 0x000000067d580000, 0x00000007c0000000)
  eden space 268288K, 0% used [0x000000066ab00000,0x000000066ab00000,0x000000067b100000)
  from space 14336K, 97% used [0x000000067c780000,0x000000067d529dc8,0x000000067d580000)
  to   space 17920K, 0% used [0x000000067b280000,0x000000067b280000,0x000000067c400000)
 ParOldGen       total 71680K, used 65598K [0x00000003c0000000, 0x00000003c4600000, 0x000000066ab00000)
  object space 71680K, 91% used [0x00000003c0000000,0x00000003c400fa70,0x00000003c4600000)
 Metaspace       used 79141K, capacity 79806K, committed 79960K, reserved 1118208K
  class space    used 11353K, capacity 11542K, committed 11608K, reserved 1048576K
Event: 23.032 GC heap after
Heap after GC invocations=18 (full 4):
 PSYoungGen      total 282624K, used 4074K [0x000000066ab00000, 0x000000067d580000, 0x00000007c0000000)
  eden space 268288K, 0% used [0x000000066ab00000,0x000000066ab00000,0x000000067b100000)
  from space 14336K, 28% used [0x000000067c780000,0x000000067cb7ab08,0x000000067d580000)
  to   space 17920K, 0% used [0x000000067b280000,0x000000067b280000,0x000000067c400000)
 ParOldGen       total 153600K, used 71639K [0x00000003c0000000, 0x00000003c9600000, 0x000000066ab00000)
  object space 153600K, 46% used [0x00000003c0000000,0x00000003c45f5d68,0x00000003c9600000)
 Metaspace       used 79130K, capacity 79788K, committed 79960K, reserved 1118208K
  class space    used 11352K, capacity 11539K, committed 11608K, reserved 1048576K
}
Event: 24.593 GC heap before
{Heap before GC invocations=19 (full 4):
 PSYoungGen      total 282624K, used 271251K [0x000000066ab00000, 0x000000067d580000, 0x00000007c0000000)
  eden space 268288K, 99% used [0x000000066ab00000,0x000000067afea450,0x000000067b100000)
  from space 14336K, 28% used [0x000000067c780000,0x000000067cb7ab08,0x000000067d580000)
  to   space 17920K, 0% used [0x000000067b280000,0x000000067b280000,0x000000067c400000)
 ParOldGen       total 153600K, used 71639K [0x00000003c0000000, 0x00000003c9600000, 0x000000066ab00000)
  object space 153600K, 46% used [0x00000003c0000000,0x00000003c45f5d68,0x00000003c9600000)
 Metaspace       used 80212K, capacity 80952K, committed 81112K, reserved 1118208K
  class space    used 11481K, capacity 11681K, committed 11736K, reserved 1048576K
Event: 24.665 GC heap after
Heap after GC invocations=19 (full 4):
 PSYoungGen      total 287744K, used 16602K [0x000000066ab00000, 0x0000000682e80000, 0x00000007c0000000)
  eden space 269824K, 0% used [0x000000066ab00000,0x000000066ab00000,0x000000067b280000)
  from space 17920K, 92% used [0x000000067b280000,0x000000067c2b6bd0,0x000000067c400000)
  to   space 19968K, 0% used [0x0000000681b00000,0x0000000681b00000,0x0000000682e80000)
 ParOldGen       total 239104K, used 226703K [0x00000003c0000000, 0x00000003ce980000, 0x000000066ab00000)
  object space 239104K, 94% used [0x00000003c0000000,0x00000003cdd63d98,0x00000003ce980000)
 Metaspace       used 80212K, capacity 80952K, committed 81112K, reserved 1118208K
  class space    used 11481K, capacity 11681K, committed 11736K, reserved 1048576K
}
Event: 24.665 GC heap before
{Heap before GC invocations=20 (full 5):
 PSYoungGen      total 287744K, used 16602K [0x000000066ab00000, 0x0000000682e80000, 0x00000007c0000000)
  eden space 269824K, 0% used [0x000000066ab00000,0x000000066ab00000,0x000000067b280000)
  from space 17920K, 92% used [0x000000067b280000,0x000000067c2b6bd0,0x000000067c400000)
  to   space 19968K, 0% used [0x0000000681b00000,0x0000000681b00000,0x0000000682e80000)
 ParOldGen       total 239104K, used 226703K [0x00000003c0000000, 0x00000003ce980000, 0x000000066ab00000)
  object space 239104K, 94% used [0x00000003c0000000,0x00000003cdd63d98,0x00000003ce980000)
 Metaspace       used 80212K, capacity 80952K, committed 81112K, reserved 1118208K
  class space    used 11481K, capacity 11681K, committed 11736K, reserved 1048576K
Event: 24.752 GC heap after
Heap after GC invocations=20 (full 5):
 PSYoungGen      total 287744K, used 0K [0x000000066ab00000, 0x0000000682e80000, 0x00000007c0000000)
  eden space 269824K, 0% used [0x000000066ab00000,0x000000066ab00000,0x000000067b280000)
  from space 17920K, 0% used [0x000000067b280000,0x000000067b280000,0x000000067c400000)
  to   space 19968K, 0% used [0x0000000681b00000,0x0000000681b00000,0x0000000682e80000)
 ParOldGen       total 252928K, used 103318K [0x00000003c0000000, 0x00000003cf700000, 0x000000066ab00000)
  object space 252928K, 40% used [0x00000003c0000000,0x00000003c64e5890,0x00000003cf700000)
 Metaspace       used 80209K, capacity 80946K, committed 81112K, reserved 1118208K
  class space    used 11480K, capacity 11680K, committed 11736K, reserved 1048576K
}
Event: 29.583 GC heap before
{Heap before GC invocations=21 (full 5):
 PSYoungGen      total 287744K, used 269738K [0x000000066ab00000, 0x0000000682e80000, 0x00000007c0000000)
  eden space 269824K, 99% used [0x000000066ab00000,0x000000067b26a9d8,0x000000067b280000)
  from space 17920K, 0% used [0x000000067b280000,0x000000067b280000,0x000000067c400000)
  to   space 19968K, 0% used [0x0000000681b00000,0x0000000681b00000,0x0000000682e80000)
 ParOldGen       total 252928K, used 103318K [0x00000003c0000000, 0x00000003cf700000, 0x000000066ab00000)
  object space 252928K, 40% used [0x00000003c0000000,0x00000003c64e5890,0x00000003cf700000)
 Metaspace       used 84601K, capacity 85536K, committed 85720K, reserved 1122304K
  class space    used 12013K, capacity 12244K, committed 12248K, reserved 1048576K
Event: 29.604 GC heap after
Heap after GC invocations=21 (full 5):
 PSYoungGen      total 343552K, used 11556K [0x000000066ab00000, 0x0000000682680000, 0x00000007c0000000)
  eden space 331776K, 0% used [0x000000066ab00000,0x000000066ab00000,0x000000067ef00000)
  from space 11776K, 98% used [0x0000000681b00000,0x0000000682649238,0x0000000682680000)
  to   space 19968K, 0% used [0x000000067ff80000,0x000000067ff80000,0x0000000681300000)
 ParOldGen       total 252928K, used 173495K [0x00000003c0000000, 0x00000003cf700000, 0x000000066ab00000)
  object space 252928K, 68% used [0x00000003c0000000,0x00000003ca96dc90,0x00000003cf700000)
 Metaspace       used 84601K, capacity 85536K, committed 85720K, reserved 1122304K
  class space    used 12013K, capacity 12244K, committed 12248K, reserved 1048576K
}
Event: 29.604 GC heap before
{Heap before GC invocations=22 (full 6):
 PSYoungGen      total 343552K, used 11556K [0x000000066ab00000, 0x0000000682680000, 0x00000007c0000000)
  eden space 331776K, 0% used [0x000000066ab00000,0x000000066ab00000,0x000000067ef00000)
  from space 11776K, 98% used [0x0000000681b00000,0x0000000682649238,0x0000000682680000)
  to   space 19968K, 0% used [0x000000067ff80000,0x000000067ff80000,0x0000000681300000)
 ParOldGen       total 252928K, used 173495K [0x00000003c0000000, 0x00000003cf700000, 0x000000066ab00000)
  object space 252928K, 68% used [0x00000003c0000000,0x00000003ca96dc90,0x00000003cf700000)
 Metaspace       used 84601K, capacity 85536K, committed 85720K, reserved 1122304K
  class space    used 12013K, capacity 12244K, committed 12248K, reserved 1048576K
Event: 29.701 GC heap after
Heap after GC invocations=22 (full 6):
 PSYoungGen      total 343552K, used 0K [0x000000066ab00000, 0x0000000682680000, 0x00000007c0000000)
  eden space 331776K, 0% used [0x000000066ab00000,0x000000066ab00000,0x000000067ef00000)
  from space 11776K, 0% used [0x0000000681b00000,0x0000000681b00000,0x0000000682680000)
  to   space 19968K, 0% used [0x000000067ff80000,0x000000067ff80000,0x0000000681300000)
 ParOldGen       total 280064K, used 99201K [0x00000003c0000000, 0x00000003d1180000, 0x000000066ab00000)
  object space 280064K, 35% used [0x00000003c0000000,0x00000003c60e0448,0x00000003d1180000)
 Metaspace       used 84598K, capacity 85530K, committed 85720K, reserved 1122304K
  class space    used 12012K, capacity 12243K, committed 12248K, reserved 1048576K
}
Event: 51.162 GC heap before
{Heap before GC invocations=23 (full 6):
 PSYoungGen      total 343552K, used 295263K [0x000000066ab00000, 0x0000000682680000, 0x00000007c0000000)
  eden space 331776K, 88% used [0x000000066ab00000,0x000000067cb57f80,0x000000067ef00000)
  from space 11776K, 0% used [0x0000000681b00000,0x0000000681b00000,0x0000000682680000)
  to   space 19968K, 0% used [0x000000067ff80000,0x000000067ff80000,0x0000000681300000)
 ParOldGen       total 280064K, used 99201K [0x00000003c0000000, 0x00000003d1180000, 0x000000066ab00000)
  object space 280064K, 35% used [0x00000003c0000000,0x00000003c60e0448,0x00000003d1180000)
 Metaspace       used 86096K, capacity 87098K, committed 87256K, reserved 1124352K
  class space    used 12241K, capacity 12500K, committed 12504K, reserved 1048576K
Event: 51.179 GC heap after
Heap after GC invocations=23 (full 6):
 PSYoungGen      total 368640K, used 17434K [0x000000066ab00000, 0x0000000684500000, 0x00000007c0000000)
  eden space 348672K, 0% used [0x000000066ab00000,0x000000066ab00000,0x000000067ff80000)
  from space 19968K, 87% used [0x000000067ff80000,0x0000000681086ac0,0x0000000681300000)
  to   space 22016K, 0% used [0x0000000682f80000,0x0000000682f80000,0x0000000684500000)
 ParOldGen       total 280064K, used 147169K [0x00000003c0000000, 0x00000003d1180000, 0x000000066ab00000)
  object space 280064K, 52% used [0x00000003c0000000,0x00000003c8fb8528,0x00000003d1180000)
 Metaspace       used 86096K, capacity 87098K, committed 87256K, reserved 1124352K
  class space    used 12241K, capacity 12500K, committed 12504K, reserved 1048576K
}
Event: 51.651 GC heap before
{Heap before GC invocations=24 (full 6):
 PSYoungGen      total 368640K, used 366106K [0x000000066ab00000, 0x0000000684500000, 0x00000007c0000000)
  eden space 348672K, 100% used [0x000000066ab00000,0x000000067ff80000,0x000000067ff80000)
  from space 19968K, 87% used [0x000000067ff80000,0x0000000681086ac0,0x0000000681300000)
  to   space 22016K, 0% used [0x0000000682f80000,0x0000000682f80000,0x0000000684500000)
 ParOldGen       total 280064K, used 147169K [0x00000003c0000000, 0x00000003d1180000, 0x000000066ab00000)
  object space 280064K, 52% used [0x00000003c0000000,0x00000003c8fb8528,0x00000003d1180000)
 Metaspace       used 86127K, capacity 87162K, committed 87256K, reserved 1124352K
  class space    used 12244K, capacity 12500K, committed 12504K, reserved 1048576K
Event: 51.666 GC heap after
Heap after GC invocations=24 (full 6):
 PSYoungGen      total 396800K, used 16156K [0x000000066ab00000, 0x0000000686500000, 0x00000007c0000000)
  eden space 374784K, 0% used [0x000000066ab00000,0x000000066ab00000,0x0000000681900000)
  from space 22016K, 73% used [0x0000000682f80000,0x0000000683f47140,0x0000000684500000)
  to   space 23040K, 0% used [0x0000000681900000,0x0000000681900000,0x0000000682f80000)
 ParOldGen       total 280064K, used 212713K [0x00000003c0000000, 0x00000003d1180000, 0x000000066ab00000)
  object space 280064K, 75% used [0x00000003c0000000,0x00000003ccfba538,0x00000003d1180000)
 Metaspace       used 86127K, capacity 87162K, committed 87256K, reserved 1124352K
  class space    used 12244K, capacity 12500K, committed 12504K, reserved 1048576K
}
Event: 51.666 GC heap before
{Heap before GC invocations=25 (full 7):
 PSYoungGen      total 396800K, used 16156K [0x000000066ab00000, 0x0000000686500000, 0x00000007c0000000)
  eden space 374784K, 0% used [0x000000066ab00000,0x000000066ab00000,0x0000000681900000)
  from space 22016K, 73% used [0x0000000682f80000,0x0000000683f47140,0x0000000684500000)
  to   space 23040K, 0% used [0x0000000681900000,0x0000000681900000,0x0000000682f80000)
 ParOldGen       total 280064K, used 212713K [0x00000003c0000000, 0x00000003d1180000, 0x000000066ab00000)
  object space 280064K, 75% used [0x00000003c0000000,0x00000003ccfba538,0x00000003d1180000)
 Metaspace       used 86127K, capacity 87162K, committed 87256K, reserved 1124352K
  class space    used 12244K, capacity 12500K, committed 12504K, reserved 1048576K
Event: 51.768 GC heap after
Heap after GC invocations=25 (full 7):
 PSYoungGen      total 396800K, used 0K [0x000000066ab00000, 0x0000000686500000, 0x00000007c0000000)
  eden space 374784K, 0% used [0x000000066ab00000,0x000000066ab00000,0x0000000681900000)
  from space 22016K, 0% used [0x0000000682f80000,0x0000000682f80000,0x0000000684500000)
  to   space 23040K, 0% used [0x0000000681900000,0x0000000681900000,0x0000000682f80000)
 ParOldGen       total 392192K, used 186760K [0x00000003c0000000, 0x00000003d7f00000, 0x000000066ab00000)
  object space 392192K, 47% used [0x00000003c0000000,0x00000003cb6620b0,0x00000003d7f00000)
 Metaspace       used 86127K, capacity 87162K, committed 87256K, reserved 1124352K
  class space    used 12244K, capacity 12500K, committed 12504K, reserved 1048576K
}
Event: 52.204 GC heap before
{Heap before GC invocations=26 (full 7):
 PSYoungGen      total 396800K, used 374784K [0x000000066ab00000, 0x0000000686500000, 0x00000007c0000000)
  eden space 374784K, 100% used [0x000000066ab00000,0x0000000681900000,0x0000000681900000)
  from space 22016K, 0% used [0x0000000682f80000,0x0000000682f80000,0x0000000684500000)
  to   space 23040K, 0% used [0x0000000681900000,0x0000000681900000,0x0000000682f80000)
 ParOldGen       total 392192K, used 186760K [0x00000003c0000000, 0x00000003d7f00000, 0x000000066ab00000)
  object space 392192K, 47% used [0x00000003c0000000,0x00000003cb6620b0,0x00000003d7f00000)
 Metaspace       used 86135K, capacity 87162K, committed 87256K, reserved 1124352K
  class space    used 12244K, capacity 12500K, committed 12504K, reserved 1048576K
Event: 52.208 GC heap after
Heap after GC invocations=26 (full 7):
 PSYoungGen      total 397824K, used 1311K [0x000000066ab00000, 0x0000000688680000, 0x00000007c0000000)
  eden space 374784K, 0% used [0x000000066ab00000,0x000000066ab00000,0x0000000681900000)
  from space 23040K, 5% used [0x0000000681900000,0x0000000681a47cd0,0x0000000682f80000)
  to   space 23552K, 0% used [0x0000000686f80000,0x0000000686f80000,0x0000000688680000)
 ParOldGen       total 392192K, used 186760K [0x00000003c0000000, 0x00000003d7f00000, 0x000000066ab00000)
  object space 392192K, 47% used [0x00000003c0000000,0x00000003cb6620b0,0x00000003d7f00000)
 Metaspace       used 86135K, capacity 87162K, committed 87256K, reserved 1124352K
  class space    used 12244K, capacity 12500K, committed 12504K, reserved 1048576K
}
Event: 52.586 GC heap before
{Heap before GC invocations=27 (full 7):
 PSYoungGen      total 397824K, used 376095K [0x000000066ab00000, 0x0000000688680000, 0x00000007c0000000)
  eden space 374784K, 100% used [0x000000066ab00000,0x0000000681900000,0x0000000681900000)
  from space 23040K, 5% used [0x0000000681900000,0x0000000681a47cd0,0x0000000682f80000)
  to   space 23552K, 0% used [0x0000000686f80000,0x0000000686f80000,0x0000000688680000)
 ParOldGen       total 392192K, used 186760K [0x00000003c0000000, 0x00000003d7f00000, 0x000000066ab00000)
  object space 392192K, 47% used [0x00000003c0000000,0x00000003cb6620b0,0x00000003d7f00000)
 Metaspace       used 86174K, capacity 87162K, committed 87256K, reserved 1124352K
  class space    used 12244K, capacity 12500K, committed 12504K, reserved 1048576K
Event: 52.593 GC heap after
Heap after GC invocations=27 (full 7):
 PSYoungGen      total 463360K, used 1631K [0x000000066ab00000, 0x0000000688800000, 0x00000007c0000000)
  eden space 439808K, 0% used [0x000000066ab00000,0x000000066ab00000,0x0000000685880000)
  from space 23552K, 6% used [0x0000000686f80000,0x0000000687117ce0,0x0000000688680000)
  to   space 23552K, 0% used [0x0000000685880000,0x0000000685880000,0x0000000686f80000)
 ParOldGen       total 392192K, used 186768K [0x00000003c0000000, 0x00000003d7f00000, 0x000000066ab00000)
  object space 392192K, 47% used [0x00000003c0000000,0x00000003cb6640b0,0x00000003d7f00000)
 Metaspace       used 86174K, capacity 87162K, committed 87256K, reserved 1124352K
  class space    used 12244K, capacity 12500K, committed 12504K, reserved 1048576K
}
Event: 53.041 GC heap before
{Heap before GC invocations=28 (full 7):
 PSYoungGen      total 463360K, used 441439K [0x000000066ab00000, 0x0000000688800000, 0x00000007c0000000)
  eden space 439808K, 100% used [0x000000066ab00000,0x0000000685880000,0x0000000685880000)
  from space 23552K, 6% used [0x0000000686f80000,0x0000000687117ce0,0x0000000688680000)
  to   space 23552K, 0% used [0x0000000685880000,0x0000000685880000,0x0000000686f80000)
 ParOldGen       total 392192K, used 186768K [0x00000003c0000000, 0x00000003d7f00000, 0x000000066ab00000)
  object space 392192K, 47% used [0x00000003c0000000,0x00000003cb6640b0,0x00000003d7f00000)
 Metaspace       used 86178K, capacity 87162K, committed 87256K, reserved 1124352K
  class space    used 12244K, capacity 12500K, committed 12504K, reserved 1048576K
Event: 53.050 GC heap after
Heap after GC invocations=28 (full 7):
 PSYoungGen      total 463360K, used 2143K [0x000000066ab00000, 0x000000068d480000, 0x00000007c0000000)
  eden space 439808K, 0% used [0x000000066ab00000,0x000000066ab00000,0x0000000685880000)
  from space 23552K, 9% used [0x0000000685880000,0x0000000685a97ce0,0x0000000686f80000)
  to   space 23040K, 0% used [0x000000068be00000,0x000000068be00000,0x000000068d480000)
 ParOldGen       total 392192K, used 186768K [0x00000003c0000000, 0x00000003d7f00000, 0x000000066ab00000)
  object space 392192K, 47% used [0x00000003c0000000,0x00000003cb6640b0,0x00000003d7f00000)
 Metaspace       used 86178K, capacity 87162K, committed 87256K, reserved 1124352K
  class space    used 12244K, capacity 12500K, committed 12504K, reserved 1048576K
}
Event: 53.469 GC heap before
{Heap before GC invocations=29 (full 7):
 PSYoungGen      total 463360K, used 441951K [0x000000066ab00000, 0x000000068d480000, 0x00000007c0000000)
  eden space 439808K, 100% used [0x000000066ab00000,0x0000000685880000,0x0000000685880000)
  from space 23552K, 9% used [0x0000000685880000,0x0000000685a97ce0,0x0000000686f80000)
  to   space 23040K, 0% used [0x000000068be00000,0x000000068be00000,0x000000068d480000)
 ParOldGen       total 392192K, used 186768K [0x00000003c0000000, 0x00000003d7f00000, 0x000000066ab00000)
  object space 392192K, 47% used [0x00000003c0000000,0x00000003cb6640b0,0x00000003d7f00000)
 Metaspace       used 86198K, capacity 87290K, committed 87512K, reserved 1124352K
  class space    used 12244K, capacity 12500K, committed 12504K, reserved 1048576K
Event: 53.478 GC heap after
Heap after GC invocations=29 (full 7):
 PSYoungGen      total 544256K, used 2495K [0x000000066ab00000, 0x000000068d700000, 0x00000007c0000000)
  eden space 521216K, 0% used [0x000000066ab00000,0x000000066ab00000,0x000000068a800000)
  from space 23040K, 10% used [0x000000068be00000,0x000000068c06fce0,0x000000068d480000)
  to   space 22528K, 0% used [0x000000068a800000,0x000000068a800000,0x000000068be00000)
 ParOldGen       total 392192K, used 186776K [0x00000003c0000000, 0x00000003d7f00000, 0x000000066ab00000)
  object space 392192K, 47% used [0x00000003c0000000,0x00000003cb6660b0,0x00000003d7f00000)
 Metaspace       used 86198K, capacity 87290K, committed 87512K, reserved 1124352K
  class space    used 12244K, capacity 12500K, committed 12504K, reserved 1048576K
}
Event: 54.019 GC heap before
{Heap before GC invocations=30 (full 7):
 PSYoungGen      total 544256K, used 523711K [0x000000066ab00000, 0x000000068d700000, 0x00000007c0000000)
  eden space 521216K, 100% used [0x000000066ab00000,0x000000068a800000,0x000000068a800000)
  from space 23040K, 10% used [0x000000068be00000,0x000000068c06fce0,0x000000068d480000)
  to   space 22528K, 0% used [0x000000068a800000,0x000000068a800000,0x000000068be00000)
 ParOldGen       total 392192K, used 186776K [0x00000003c0000000, 0x00000003d7f00000, 0x000000066ab00000)
  object space 392192K, 47% used [0x00000003c0000000,0x00000003cb6660b0,0x00000003d7f00000)
 Metaspace       used 86198K, capacity 87290K, committed 87512K, reserved 1124352K
  class space    used 12244K, capacity 12500K, committed 12504K, reserved 1048576K
Event: 54.024 GC heap after
Heap after GC invocations=30 (full 7):
 PSYoungGen      total 543744K, used 2271K [0x000000066ab00000, 0x0000000692e00000, 0x00000007c0000000)
  eden space 521216K, 0% used [0x000000066ab00000,0x000000066ab00000,0x000000068a800000)
  from space 22528K, 10% used [0x000000068a800000,0x000000068aa37ce0,0x000000068be00000)
  to   space 22016K, 0% used [0x0000000691880000,0x0000000691880000,0x0000000692e00000)
 ParOldGen       total 392192K, used 186784K [0x00000003c0000000, 0x00000003d7f00000, 0x000000066ab00000)
  object space 392192K, 47% used [0x00000003c0000000,0x00000003cb6680b0,0x00000003d7f00000)
 Metaspace       used 86198K, capacity 87290K, committed 87512K, reserved 1124352K
  class space    used 12244K, capacity 12500K, committed 12504K, reserved 1048576K
}
Event: 54.448 GC heap before
{Heap before GC invocations=31 (full 7):
 PSYoungGen      total 543744K, used 523487K [0x000000066ab00000, 0x0000000692e00000, 0x00000007c0000000)
  eden space 521216K, 100% used [0x000000066ab00000,0x000000068a800000,0x000000068a800000)
  from space 22528K, 10% used [0x000000068a800000,0x000000068aa37ce0,0x000000068be00000)
  to   space 22016K, 0% used [0x0000000691880000,0x0000000691880000,0x0000000692e00000)
 ParOldGen       total 392192K, used 186784K [0x00000003c0000000, 0x00000003d7f00000, 0x000000066ab00000)
  object space 392192K, 47% used [0x00000003c0000000,0x00000003cb6680b0,0x00000003d7f00000)
 Metaspace       used 86213K, capacity 87290K, committed 87512K, reserved 1124352K
  class space    used 12244K, capacity 12500K, committed 12504K, reserved 1048576K
Event: 54.454 GC heap after
Heap after GC invocations=31 (full 7):
 PSYoungGen      total 633344K, used 2207K [0x000000066ab00000, 0x0000000692c00000, 0x00000007c0000000)
  eden space 613376K, 0% used [0x000000066ab00000,0x000000066ab00000,0x0000000690200000)
  from space 19968K, 11% used [0x0000000691880000,0x0000000691aa7ce0,0x0000000692c00000)
  to   space 21504K, 0% used [0x0000000690200000,0x0000000690200000,0x0000000691700000)
 ParOldGen       total 392192K, used 186792K [0x00000003c0000000, 0x00000003d7f00000, 0x000000066ab00000)
  object space 392192K, 47% used [0x00000003c0000000,0x00000003cb66a0b0,0x00000003d7f00000)
 Metaspace       used 86213K, capacity 87290K, committed 87512K, reserved 1124352K
  class space    used 12244K, capacity 12500K, committed 12504K, reserved 1048576K
}
Event: 54.969 GC heap before
{Heap before GC invocations=32 (full 7):
 PSYoungGen      total 633344K, used 615583K [0x000000066ab00000, 0x0000000692c00000, 0x00000007c0000000)
  eden space 613376K, 100% used [0x000000066ab00000,0x0000000690200000,0x0000000690200000)
  from space 19968K, 11% used [0x0000000691880000,0x0000000691aa7ce0,0x0000000692c00000)
  to   space 21504K, 0% used [0x0000000690200000,0x0000000690200000,0x0000000691700000)
 ParOldGen       total 392192K, used 186792K [0x00000003c0000000, 0x00000003d7f00000, 0x000000066ab00000)
  object space 392192K, 47% used [0x00000003c0000000,0x00000003cb66a0b0,0x00000003d7f00000)
 Metaspace       used 86214K, capacity 87290K, committed 87512K, reserved 1124352K
  class space    used 12244K, capacity 12500K, committed 12504K, reserved 1048576K
Event: 54.974 GC heap after
Heap after GC invocations=32 (full 7):
 PSYoungGen      total 634880K, used 2943K [0x000000066ab00000, 0x0000000697600000, 0x00000007c0000000)
  eden space 613376K, 0% used [0x000000066ab00000,0x000000066ab00000,0x0000000690200000)
  from space 21504K, 13% used [0x0000000690200000,0x00000006904dfce0,0x0000000691700000)
  to   space 20480K, 0% used [0x0000000696200000,0x0000000696200000,0x0000000697600000)
 ParOldGen       total 392192K, used 186792K [0x00000003c0000000, 0x00000003d7f00000, 0x000000066ab00000)
  object space 392192K, 47% used [0x00000003c0000000,0x00000003cb66a0b0,0x00000003d7f00000)
 Metaspace       used 86214K, capacity 87290K, committed 87512K, reserved 1124352K
  class space    used 12244K, capacity 12500K, committed 12504K, reserved 1048576K
}
Event: 55.448 GC heap before
{Heap before GC invocations=33 (full 7):
 PSYoungGen      total 634880K, used 616319K [0x000000066ab00000, 0x0000000697600000, 0x00000007c0000000)
  eden space 613376K, 100% used [0x000000066ab00000,0x0000000690200000,0x0000000690200000)
  from space 21504K, 13% used [0x0000000690200000,0x00000006904dfce0,0x0000000691700000)
  to   space 20480K, 0% used [0x0000000696200000,0x0000000696200000,0x0000000697600000)
 ParOldGen       total 392192K, used 186792K [0x00000003c0000000, 0x00000003d7f00000, 0x000000066ab00000)
  object space 392192K, 47% used [0x00000003c0000000,0x00000003cb66a0b0,0x00000003d7f00000)
 Metaspace       used 86232K, capacity 87294K, committed 87512K, reserved 1124352K
  class space    used 12244K, capacity 12500K, committed 12504K, reserved 1048576K
Event: 55.453 GC heap after
Heap after GC invocations=33 (full 7):
 PSYoungGen      total 705536K, used 2818K [0x000000066ab00000, 0x0000000697280000, 0x00000007c0000000)
  eden space 688640K, 0% used [0x000000066ab00000,0x000000066ab00000,0x0000000694b80000)
  from space 16896K, 16% used [0x0000000696200000,0x00000006964c0b80,0x0000000697280000)
  to   space 19968K, 0% used [0x0000000694b80000,0x0000000694b80000,0x0000000695f00000)
 ParOldGen       total 392192K, used 186792K [0x00000003c0000000, 0x00000003d7f00000, 0x000000066ab00000)
  object space 392192K, 47% used [0x00000003c0000000,0x00000003cb66a0b0,0x00000003d7f00000)
 Metaspace       used 86232K, capacity 87294K, committed 87512K, reserved 1124352K
  class space    used 12244K, capacity 12500K, committed 12504K, reserved 1048576K
}
Event: 56.014 GC heap before
{Heap before GC invocations=34 (full 7):
 PSYoungGen      total 705536K, used 691458K [0x000000066ab00000, 0x0000000697280000, 0x00000007c0000000)
  eden space 688640K, 100% used [0x000000066ab00000,0x0000000694b80000,0x0000000694b80000)
  from space 16896K, 16% used [0x0000000696200000,0x00000006964c0b80,0x0000000697280000)
  to   space 19968K, 0% used [0x0000000694b80000,0x0000000694b80000,0x0000000695f00000)
 ParOldGen       total 392192K, used 186792K [0x00000003c0000000, 0x00000003d7f00000, 0x000000066ab00000)
  object space 392192K, 47% used [0x00000003c0000000,0x00000003cb66a0b0,0x00000003d7f00000)
 Metaspace       used 86233K, capacity 87294K, committed 87512K, reserved 1124352K
  class space    used 12244K, capacity 12500K, committed 12504K, reserved 1048576K
Event: 56.019 GC heap after
Heap after GC invocations=34 (full 7):
 PSYoungGen      total 708608K, used 2658K [0x000000066ab00000, 0x000000069bf00000, 0x00000007c0000000)
  eden space 688640K, 0% used [0x000000066ab00000,0x000000066ab00000,0x0000000694b80000)
  from space 19968K, 13% used [0x0000000694b80000,0x0000000694e18b80,0x0000000695f00000)
  to   space 18944K, 0% used [0x000000069ac80000,0x000000069ac80000,0x000000069bf00000)
 ParOldGen       total 392192K, used 186792K [0x00000003c0000000, 0x00000003d7f00000, 0x000000066ab00000)
  object space 392192K, 47% used [0x00000003c0000000,0x00000003cb66a0b0,0x00000003d7f00000)
 Metaspace       used 86233K, capacity 87294K, committed 87512K, reserved 1124352K
  class space    used 12244K, capacity 12500K, committed 12504K, reserved 1048576K
}
Event: 56.543 GC heap before
{Heap before GC invocations=35 (full 7):
 PSYoungGen      total 708608K, used 691298K [0x000000066ab00000, 0x000000069bf00000, 0x00000007c0000000)
  eden space 688640K, 100% used [0x000000066ab00000,0x0000000694b80000,0x0000000694b80000)
  from space 19968K, 13% used [0x0000000694b80000,0x0000000694e18b80,0x0000000695f00000)
  to   space 18944K, 0% used [0x000000069ac80000,0x000000069ac80000,0x000000069bf00000)
 ParOldGen       total 392192K, used 186792K [0x00000003c0000000, 0x00000003d7f00000, 0x000000066ab00000)
  object space 392192K, 47% used [0x00000003c0000000,0x00000003cb66a0b0,0x00000003d7f00000)
 Metaspace       used 86233K, capacity 87294K, committed 87512K, reserved 1124352K
  class space    used 12244K, capacity 12500K, committed 12504K, reserved 1048576K
Event: 56.549 GC heap after
Heap after GC invocations=35 (full 7):
 PSYoungGen      total 783872K, used 3362K [0x000000066ab00000, 0x000000069bc00000, 0x00000007c0000000)
  eden space 768000K, 0% used [0x000000066ab00000,0x000000066ab00000,0x0000000699900000)
  from space 15872K, 21% used [0x000000069ac80000,0x000000069afc8b80,0x000000069bc00000)
  to   space 17920K, 0% used [0x0000000699900000,0x0000000699900000,0x000000069aa80000)
 ParOldGen       total 392192K, used 186792K [0x00000003c0000000, 0x00000003d7f00000, 0x000000066ab00000)
  object space 392192K, 47% used [0x00000003c0000000,0x00000003cb66a0b0,0x00000003d7f00000)
 Metaspace       used 86233K, capacity 87294K, committed 87512K, reserved 1124352K
  class space    used 12244K, capacity 12500K, committed 12504K, reserved 1048576K
}
Event: 57.174 GC heap before
{Heap before GC invocations=36 (full 7):
 PSYoungGen      total 783872K, used 771362K [0x000000066ab00000, 0x000000069bc00000, 0x00000007c0000000)
  eden space 768000K, 100% used [0x000000066ab00000,0x0000000699900000,0x0000000699900000)
  from space 15872K, 21% used [0x000000069ac80000,0x000000069afc8b80,0x000000069bc00000)
  to   space 17920K, 0% used [0x0000000699900000,0x0000000699900000,0x000000069aa80000)
 ParOldGen       total 392192K, used 186792K [0x00000003c0000000, 0x00000003d7f00000, 0x000000066ab00000)
  object space 392192K, 47% used [0x00000003c0000000,0x00000003cb66a0b0,0x00000003d7f00000)
 Metaspace       used 86233K, capacity 87294K, committed 87512K, reserved 1124352K
  class space    used 12244K, capacity 12500K, committed 12504K, reserved 1048576K
Event: 57.179 GC heap after
Heap after GC invocations=36 (full 7):
 PSYoungGen      total 785920K, used 3298K [0x000000066ab00000, 0x00000006a0e80000, 0x00000007c0000000)
  eden space 768000K, 0% used [0x000000066ab00000,0x000000066ab00000,0x0000000699900000)
  from space 17920K, 18% used [0x0000000699900000,0x0000000699c38b80,0x000000069aa80000)
  to   space 17408K, 0% used [0x000000069fd80000,0x000000069fd80000,0x00000006a0e80000)
 ParOldGen       total 392192K, used 186792K [0x00000003c0000000, 0x00000003d7f00000, 0x000000066ab00000)
  object space 392192K, 47% used [0x00000003c0000000,0x00000003cb66a0b0,0x00000003d7f00000)
 Metaspace       used 86233K, capacity 87294K, committed 87512K, reserved 1124352K
  class space    used 12244K, capacity 12500K, committed 12504K, reserved 1048576K
}
Event: 57.760 GC heap before
{Heap before GC invocations=37 (full 7):
 PSYoungGen      total 785920K, used 771298K [0x000000066ab00000, 0x00000006a0e80000, 0x00000007c0000000)
  eden space 768000K, 100% used [0x000000066ab00000,0x0000000699900000,0x0000000699900000)
  from space 17920K, 18% used [0x0000000699900000,0x0000000699c38b80,0x000000069aa80000)
  to   space 17408K, 0% used [0x000000069fd80000,0x000000069fd80000,0x00000006a0e80000)
 ParOldGen       total 392192K, used 186792K [0x00000003c0000000, 0x00000003d7f00000, 0x000000066ab00000)
  object space 392192K, 47% used [0x00000003c0000000,0x00000003cb66a0b0,0x00000003d7f00000)
 Metaspace       used 86233K, capacity 87294K, committed 87512K, reserved 1124352K
  class space    used 12244K, capacity 12500K, committed 12504K, reserved 1048576K
Event: 57.765 GC heap after
Heap after GC invocations=37 (full 7):
 PSYoungGen      total 863744K, used 2914K [0x000000066ab00000, 0x00000006a0a00000, 0x00000007c0000000)
  eden space 850944K, 0% used [0x000000066ab00000,0x000000066ab00000,0x000000069ea00000)
  from space 12800K, 22% used [0x000000069fd80000,0x00000006a0058b80,0x00000006a0a00000)
  to   space 16384K, 0% used [0x000000069ea00000,0x000000069ea00000,0x000000069fa00000)
 ParOldGen       total 392192K, used 186792K [0x00000003c0000000, 0x00000003d7f00000, 0x000000066ab00000)
  object space 392192K, 47% used [0x00000003c0000000,0x00000003cb66a0b0,0x00000003d7f00000)
 Metaspace       used 86233K, capacity 87294K, committed 87512K, reserved 1124352K
  class space    used 12244K, capacity 12500K, committed 12504K, reserved 1048576K
}
Event: 58.452 GC heap before
{Heap before GC invocations=38 (full 7):
 PSYoungGen      total 863744K, used 853858K [0x000000066ab00000, 0x00000006a0a00000, 0x00000007c0000000)
  eden space 850944K, 100% used [0x000000066ab00000,0x000000069ea00000,0x000000069ea00000)
  from space 12800K, 22% used [0x000000069fd80000,0x00000006a0058b80,0x00000006a0a00000)
  to   space 16384K, 0% used [0x000000069ea00000,0x000000069ea00000,0x000000069fa00000)
 ParOldGen       total 392192K, used 186792K [0x00000003c0000000, 0x00000003d7f00000, 0x000000066ab00000)
  object space 392192K, 47% used [0x00000003c0000000,0x00000003cb66a0b0,0x00000003d7f00000)
 Metaspace       used 86233K, capacity 87294K, committed 87512K, reserved 1124352K
  class space    used 12244K, capacity 12500K, committed 12504K, reserved 1048576K
Event: 58.456 GC heap after
Heap after GC invocations=38 (full 7):
 PSYoungGen      total 867328K, used 2146K [0x000000066ab00000, 0x00000006a5d00000, 0x00000007c0000000)
  eden space 850944K, 0% used [0x000000066ab00000,0x000000066ab00000,0x000000069ea00000)
  from space 16384K, 13% used [0x000000069ea00000,0x000000069ec18b80,0x000000069fa00000)
  to   space 15872K, 0% used [0x00000006a4d80000,0x00000006a4d80000,0x00000006a5d00000)
 ParOldGen       total 392192K, used 186792K [0x00000003c0000000, 0x00000003d7f00000, 0x000000066ab00000)
  object space 392192K, 47% used [0x00000003c0000000,0x00000003cb66a0b0,0x00000003d7f00000)
 Metaspace       used 86233K, capacity 87294K, committed 87512K, reserved 1124352K
  class space    used 12244K, capacity 12500K, committed 12504K, reserved 1048576K
}
Event: 59.096 GC heap before
{Heap before GC invocations=39 (full 7):
 PSYoungGen      total 867328K, used 853090K [0x000000066ab00000, 0x00000006a5d00000, 0x00000007c0000000)
  eden space 850944K, 100% used [0x000000066ab00000,0x000000069ea00000,0x000000069ea00000)
  from space 16384K, 13% used [0x000000069ea00000,0x000000069ec18b80,0x000000069fa00000)
  to   space 15872K, 0% used [0x00000006a4d80000,0x00000006a4d80000,0x00000006a5d00000)
 ParOldGen       total 392192K, used 186792K [0x00000003c0000000, 0x00000003d7f00000, 0x000000066ab00000)
  object space 392192K, 47% used [0x00000003c0000000,0x00000003cb66a0b0,0x00000003d7f00000)
 Metaspace       used 86233K, capacity 87294K, committed 87512K, reserved 1124352K
  class space    used 12244K, capacity 12500K, committed 12504K, reserved 1048576K
Event: 59.101 GC heap after
Heap after GC invocations=39 (full 7):
 PSYoungGen      total 943616K, used 2274K [0x000000066ab00000, 0x00000006a5800000, 0x00000007c0000000)
  eden space 932864K, 0% used [0x000000066ab00000,0x000000066ab00000,0x00000006a3a00000)
  from space 10752K, 21% used [0x00000006a4d80000,0x00000006a4fb8b80,0x00000006a5800000)
  to   space 15360K, 0% used [0x00000006a3a00000,0x00000006a3a00000,0x00000006a4900000)
 ParOldGen       total 392192K, used 186792K [0x00000003c0000000, 0x00000003d7f00000, 0x000000066ab00000)
  object space 392192K, 47% used [0x00000003c0000000,0x00000003cb66a0b0,0x00000003d7f00000)
 Metaspace       used 86233K, capacity 87294K, committed 87512K, reserved 1124352K
  class space    used 12244K, capacity 12500K, committed 12504K, reserved 1048576K
}
Event: 59.840 GC heap before
{Heap before GC invocations=40 (full 7):
 PSYoungGen      total 943616K, used 935138K [0x000000066ab00000, 0x00000006a5800000, 0x00000007c0000000)
  eden space 932864K, 100% used [0x000000066ab00000,0x00000006a3a00000,0x00000006a3a00000)
  from space 10752K, 21% used [0x00000006a4d80000,0x00000006a4fb8b80,0x00000006a5800000)
  to   space 15360K, 0% used [0x00000006a3a00000,0x00000006a3a00000,0x00000006a4900000)
 ParOldGen       total 392192K, used 186792K [0x00000003c0000000, 0x00000003d7f00000, 0x000000066ab00000)
  object space 392192K, 47% used [0x00000003c0000000,0x00000003cb66a0b0,0x00000003d7f00000)
 Metaspace       used 86237K, capacity 87294K, committed 87512K, reserved 1124352K
  class space    used 12244K, capacity 12500K, committed 12504K, reserved 1048576K
Event: 59.845 GC heap after
Heap after GC invocations=40 (full 7):
 PSYoungGen      total 948224K, used 2498K [0x000000066ab00000, 0x00000006a9b80000, 0x00000007c0000000)
  eden space 932864K, 0% used [0x000000066ab00000,0x000000066ab00000,0x00000006a3a00000)
  from space 15360K, 16% used [0x00000006a3a00000,0x00000006a3c70b80,0x00000006a4900000)
  to   space 14336K, 0% used [0x00000006a8d80000,0x00000006a8d80000,0x00000006a9b80000)
 ParOldGen       total 392192K, used 186792K [0x00000003c0000000, 0x00000003d7f00000, 0x000000066ab00000)
  object space 392192K, 47% used [0x00000003c0000000,0x00000003cb66a0b0,0x00000003d7f00000)
 Metaspace       used 86237K, capacity 87294K, committed 87512K, reserved 1124352K
  class space    used 12244K, capacity 12500K, committed 12504K, reserved 1048576K
}
Event: 60.566 GC heap before
{Heap before GC invocations=41 (full 7):
 PSYoungGen      total 948224K, used 935362K [0x000000066ab00000, 0x00000006a9b80000, 0x00000007c0000000)
  eden space 932864K, 100% used [0x000000066ab00000,0x00000006a3a00000,0x00000006a3a00000)
  from space 15360K, 16% used [0x00000006a3a00000,0x00000006a3c70b80,0x00000006a4900000)
  to   space 14336K, 0% used [0x00000006a8d80000,0x00000006a8d80000,0x00000006a9b80000)
 ParOldGen       total 392192K, used 186792K [0x00000003c0000000, 0x00000003d7f00000, 0x000000066ab00000)
  object space 392192K, 47% used [0x00000003c0000000,0x00000003cb66a0b0,0x00000003d7f00000)
 Metaspace       used 86237K, capacity 87294K, committed 87512K, reserved 1124352K
  class space    used 12244K, capacity 12500K, committed 12504K, reserved 1048576K
Event: 60.575 GC heap after
Heap after GC invocations=41 (full 7):
 PSYoungGen      total 1018880K, used 4771K [0x000000066ab00000, 0x00000006aa000000, 0x00000007c0000000)
  eden space 1004544K, 0% used [0x000000066ab00000,0x000000066ab00000,0x00000006a8000000)
  from space 14336K, 33% used [0x00000006a8d80000,0x00000006a9228f88,0x00000006a9b80000)
  to   space 13824K, 0% used [0x00000006a8000000,0x00000006a8000000,0x00000006a8d80000)
 ParOldGen       total 392192K, used 187384K [0x00000003c0000000, 0x00000003d7f00000, 0x000000066ab00000)
  object space 392192K, 47% used [0x00000003c0000000,0x00000003cb6fe0b0,0x00000003d7f00000)
 Metaspace       used 86237K, capacity 87294K, committed 87512K, reserved 1124352K
  class space    used 12244K, capacity 12500K, committed 12504K, reserved 1048576K
}
Event: 61.363 GC heap before
{Heap before GC invocations=42 (full 7):
 PSYoungGen      total 1018880K, used 1009315K [0x000000066ab00000, 0x00000006aa000000, 0x00000007c0000000)
  eden space 1004544K, 100% used [0x000000066ab00000,0x00000006a8000000,0x00000006a8000000)
  from space 14336K, 33% used [0x00000006a8d80000,0x00000006a9228f88,0x00000006a9b80000)
  to   space 13824K, 0% used [0x00000006a8000000,0x00000006a8000000,0x00000006a8d80000)
 ParOldGen       total 392192K, used 187384K [0x00000003c0000000, 0x00000003d7f00000, 0x000000066ab00000)
  object space 392192K, 47% used [0x00000003c0000000,0x00000003cb6fe0b0,0x00000003d7f00000)
 Metaspace       used 86246K, capacity 87294K, committed 87512K, reserved 1124352K
  class space    used 12244K, capacity 12500K, committed 12504K, reserved 1048576K
Event: 61.367 GC heap after
Heap after GC invocations=42 (full 7):
 PSYoungGen      total 1018368K, used 2294K [0x000000066ab00000, 0x00000006ae480000, 0x00000007c0000000)
  eden space 1004544K, 0% used [0x000000066ab00000,0x000000066ab00000,0x00000006a8000000)
  from space 13824K, 16% used [0x00000006a8000000,0x00000006a823db98,0x00000006a8d80000)
  to   space 12800K, 0% used [0x00000006ad800000,0x00000006ad800000,0x00000006ae480000)
 ParOldGen       total 392192K, used 187528K [0x00000003c0000000, 0x00000003d7f00000, 0x000000066ab00000)
  object space 392192K, 47% used [0x00000003c0000000,0x00000003cb7220b0,0x00000003d7f00000)
 Metaspace       used 86246K, capacity 87294K, committed 87512K, reserved 1124352K
  class space    used 12244K, capacity 12500K, committed 12504K, reserved 1048576K
}
Event: 62.118 GC heap before
{Heap before GC invocations=43 (full 7):
 PSYoungGen      total 1018368K, used 1006838K [0x000000066ab00000, 0x00000006ae480000, 0x00000007c0000000)
  eden space 1004544K, 100% used [0x000000066ab00000,0x00000006a8000000,0x00000006a8000000)
  from space 13824K, 16% used [0x00000006a8000000,0x00000006a823db98,0x00000006a8d80000)
  to   space 12800K, 0% used [0x00000006ad800000,0x00000006ad800000,0x00000006ae480000)
 ParOldGen       total 392192K, used 187528K [0x00000003c0000000, 0x00000003d7f00000, 0x000000066ab00000)
  object space 392192K, 47% used [0x00000003c0000000,0x00000003cb7220b0,0x00000003d7f00000)
 Metaspace       used 86246K, capacity 87294K, committed 87512K, reserved 1124352K
  class space    used 12244K, capacity 12500K, committed 12504K, reserved 1048576K
Event: 62.121 GC heap after
Heap after GC invocations=43 (full 7):
 PSYoungGen      total 1081344K, used 1250K [0x000000066ab00000, 0x00000006ade00000, 0x00000007c0000000)
  eden space 1075200K, 0% used [0x000000066ab00000,0x000000066ab00000,0x00000006ac500000)
  from space 6144K, 20% used [0x00000006ad800000,0x00000006ad938b80,0x00000006ade00000)
  to   space 12800K, 0% used [0x00000006ac500000,0x00000006ac500000,0x00000006ad180000)
 ParOldGen       total 392192K, used 187536K [0x00000003c0000000, 0x00000003d7f00000, 0x000000066ab00000)
  object space 392192K, 47% used [0x00000003c0000000,0x00000003cb7240b0,0x00000003d7f00000)
 Metaspace       used 86246K, capacity 87294K, committed 87512K, reserved 1124352K
  class space    used 12244K, capacity 12500K, committed 12504K, reserved 1048576K
}
Event: 62.979 GC heap before
{Heap before GC invocations=44 (full 7):
 PSYoungGen      total 1081344K, used 1076450K [0x000000066ab00000, 0x00000006ade00000, 0x00000007c0000000)
  eden space 1075200K, 100% used [0x000000066ab00000,0x00000006ac500000,0x00000006ac500000)
  from space 6144K, 20% used [0x00000006ad800000,0x00000006ad938b80,0x00000006ade00000)
  to   space 12800K, 0% used [0x00000006ac500000,0x00000006ac500000,0x00000006ad180000)
 ParOldGen       total 392192K, used 187536K [0x00000003c0000000, 0x00000003d7f00000, 0x000000066ab00000)
  object space 392192K, 47% used [0x00000003c0000000,0x00000003cb7240b0,0x00000003d7f00000)
 Metaspace       used 86246K, capacity 87294K, committed 87512K, reserved 1124352K
  class space    used 12244K, capacity 12500K, committed 12504K, reserved 1048576K
Event: 62.983 GC heap after
Heap after GC invocations=44 (full 7):
 PSYoungGen      total 1088000K, used 1826K [0x000000066ab00000, 0x00000006b2200000, 0x00000007c0000000)
  eden space 1075200K, 0% used [0x000000066ab00000,0x000000066ab00000,0x00000006ac500000)
  from space 12800K, 14% used [0x00000006ac500000,0x00000006ac6c8b80,0x00000006ad180000)
  to   space 12288K, 0% used [0x00000006b1600000,0x00000006b1600000,0x00000006b2200000)
 ParOldGen       total 392192K, used 187544K [0x00000003c0000000, 0x00000003d7f00000, 0x000000066ab00000)
  object space 392192K, 47% used [0x00000003c0000000,0x00000003cb7260b0,0x00000003d7f00000)
 Metaspace       used 86246K, capacity 87294K, committed 87512K, reserved 1124352K
  class space    used 12244K, capacity 12500K, committed 12504K, reserved 1048576K
}
Event: 63.784 GC heap before
{Heap before GC invocations=45 (full 7):
 PSYoungGen      total 1088000K, used 1077026K [0x000000066ab00000, 0x00000006b2200000, 0x00000007c0000000)
  eden space 1075200K, 100% used [0x000000066ab00000,0x00000006ac500000,0x00000006ac500000)
  from space 12800K, 14% used [0x00000006ac500000,0x00000006ac6c8b80,0x00000006ad180000)
  to   space 12288K, 0% used [0x00000006b1600000,0x00000006b1600000,0x00000006b2200000)
 ParOldGen       total 392192K, used 187544K [0x00000003c0000000, 0x00000003d7f00000, 0x000000066ab00000)
  object space 392192K, 47% used [0x00000003c0000000,0x00000003cb7260b0,0x00000003d7f00000)
 Metaspace       used 86246K, capacity 87294K, committed 87512K, reserved 1124352K
  class space    used 12244K, capacity 12500K, committed 12504K, reserved 1048576K
Event: 63.789 GC heap after
Heap after GC invocations=45 (full 7):
 PSYoungGen      total 1153024K, used 2274K [0x000000066ab00000, 0x00000006b1f00000, 0x00000007c0000000)
  eden space 1143808K, 0% used [0x000000066ab00000,0x000000066ab00000,0x00000006b0800000)
  from space 9216K, 24% used [0x00000006b1600000,0x00000006b1838b80,0x00000006b1f00000)
  to   space 11776K, 0% used [0x00000006b0800000,0x00000006b0800000,0x00000006b1380000)
 ParOldGen       total 392192K, used 187544K [0x00000003c0000000, 0x00000003d7f00000, 0x000000066ab00000)
  object space 392192K, 47% used [0x00000003c0000000,0x00000003cb7260b0,0x00000003d7f00000)
 Metaspace       used 86246K, capacity 87294K, committed 87512K, reserved 1124352K
  class space    used 12244K, capacity 12500K, committed 12504K, reserved 1048576K
}
Event: 64.664 GC heap before
{Heap before GC invocations=46 (full 7):
 PSYoungGen      total 1153024K, used 1146082K [0x000000066ab00000, 0x00000006b1f00000, 0x00000007c0000000)
  eden space 1143808K, 100% used [0x000000066ab00000,0x00000006b0800000,0x00000006b0800000)
  from space 9216K, 24% used [0x00000006b1600000,0x00000006b1838b80,0x00000006b1f00000)
  to   space 11776K, 0% used [0x00000006b0800000,0x00000006b0800000,0x00000006b1380000)
 ParOldGen       total 392192K, used 187544K [0x00000003c0000000, 0x00000003d7f00000, 0x000000066ab00000)
  object space 392192K, 47% used [0x00000003c0000000,0x00000003cb7260b0,0x00000003d7f00000)
 Metaspace       used 86246K, capacity 87294K, committed 87512K, reserved 1124352K
  class space    used 12244K, capacity 12500K, committed 12504K, reserved 1048576K
Event: 64.669 GC heap after
Heap after GC invocations=46 (full 7):
 PSYoungGen      total 1155584K, used 2585K [0x000000066ab00000, 0x00000006b6300000, 0x00000007c0000000)
  eden space 1143808K, 0% used [0x000000066ab00000,0x000000066ab00000,0x00000006b0800000)
  from space 11776K, 21% used [0x00000006b0800000,0x00000006b0a86430,0x00000006b1380000)
  to   space 10752K, 0% used [0x00000006b5880000,0x00000006b5880000,0x00000006b6300000)
 ParOldGen       total 392192K, used 187552K [0x00000003c0000000, 0x00000003d7f00000, 0x000000066ab00000)
  object space 392192K, 47% used [0x00000003c0000000,0x00000003cb7280b0,0x00000003d7f00000)
 Metaspace       used 86246K, capacity 87294K, committed 87512K, reserved 1124352K
  class space    used 12244K, capacity 12500K, committed 12504K, reserved 1048576K
}
Event: 65.532 GC heap before
{Heap before GC invocations=47 (full 7):
 PSYoungGen      total 1155584K, used 1146393K [0x000000066ab00000, 0x00000006b6300000, 0x00000007c0000000)
  eden space 1143808K, 100% used [0x000000066ab00000,0x00000006b0800000,0x00000006b0800000)
  from space 11776K, 21% used [0x00000006b0800000,0x00000006b0a86430,0x00000006b1380000)
  to   space 10752K, 0% used [0x00000006b5880000,0x00000006b5880000,0x00000006b6300000)
 ParOldGen       total 392192K, used 187552K [0x00000003c0000000, 0x00000003d7f00000, 0x000000066ab00000)
  object space 392192K, 47% used [0x00000003c0000000,0x00000003cb7280b0,0x00000003d7f00000)
 Metaspace       used 86246K, capacity 87294K, committed 87512K, reserved 1124352K
  class space    used 12244K, capacity 12500K, committed 12504K, reserved 1048576K
Event: 65.536 GC heap after
Heap after GC invocations=47 (full 7):
 PSYoungGen      total 1218048K, used 1634K [0x000000066ab00000, 0x00000006b5e80000, 0x00000007c0000000)
  eden space 1211904K, 0% used [0x000000066ab00000,0x000000066ab00000,0x00000006b4a80000)
  from space 6144K, 26% used [0x00000006b5880000,0x00000006b5a18b80,0x00000006b5e80000)
  to   space 10240K, 0% used [0x00000006b4a80000,0x00000006b4a80000,0x00000006b5480000)
 ParOldGen       total 392192K, used 187552K [0x00000003c0000000, 0x00000003d7f00000, 0x000000066ab00000)
  object space 392192K, 47% used [0x00000003c0000000,0x00000003cb7280b0,0x00000003d7f00000)
 Metaspace       used 86246K, capacity 87294K, committed 87512K, reserved 1124352K
  class space    used 12244K, capacity 12500K, committed 12504K, reserved 1048576K
}
Event: 66.477 GC heap before
{Heap before GC invocations=48 (full 7):
 PSYoungGen      total 1218048K, used 1213538K [0x000000066ab00000, 0x00000006b5e80000, 0x00000007c0000000)
  eden space 1211904K, 100% used [0x000000066ab00000,0x00000006b4a80000,0x00000006b4a80000)
  from space 6144K, 26% used [0x00000006b5880000,0x00000006b5a18b80,0x00000006b5e80000)
  to   space 10240K, 0% used [0x00000006b4a80000,0x00000006b4a80000,0x00000006b5480000)
 ParOldGen       total 392192K, used 187552K [0x00000003c0000000, 0x00000003d7f00000, 0x000000066ab00000)
  object space 392192K, 47% used [0x00000003c0000000,0x00000003cb7280b0,0x00000003d7f00000)
 Metaspace       used 86246K, capacity 87294K, committed 87512K, reserved 1124352K
  class space    used 12244K, capacity 12500K, committed 12504K, reserved 1048576K
Event: 66.483 GC heap after
Heap after GC invocations=48 (full 7):
 PSYoungGen      total 1222144K, used 3312K [0x000000066ab00000, 0x00000006b9d80000, 0x00000007c0000000)
  eden space 1211904K, 0% used [0x000000066ab00000,0x000000066ab00000,0x00000006b4a80000)
  from space 10240K, 32% used [0x00000006b4a80000,0x00000006b4dbc1d8,0x00000006b5480000)
  to   space 9728K, 0% used [0x00000006b9400000,0x00000006b9400000,0x00000006b9d80000)
 ParOldGen       total 392192K, used 187619K [0x00000003c0000000, 0x00000003d7f00000, 0x000000066ab00000)
  object space 392192K, 47% used [0x00000003c0000000,0x00000003cb738c20,0x00000003d7f00000)
 Metaspace       used 86246K, capacity 87294K, committed 87512K, reserved 1124352K
  class space    used 12244K, capacity 12500K, committed 12504K, reserved 1048576K
}
Event: 67.388 GC heap before
{Heap before GC invocations=49 (full 7):
 PSYoungGen      total 1222144K, used 1215216K [0x000000066ab00000, 0x00000006b9d80000, 0x00000007c0000000)
  eden space 1211904K, 100% used [0x000000066ab00000,0x00000006b4a80000,0x00000006b4a80000)
  from space 10240K, 32% used [0x00000006b4a80000,0x00000006b4dbc1d8,0x00000006b5480000)
  to   space 9728K, 0% used [0x00000006b9400000,0x00000006b9400000,0x00000006b9d80000)
 ParOldGen       total 392192K, used 187619K [0x00000003c0000000, 0x00000003d7f00000, 0x000000066ab00000)
  object space 392192K, 47% used [0x00000003c0000000,0x00000003cb738c20,0x00000003d7f00000)
 Metaspace       used 86246K, capacity 87294K, committed 87512K, reserved 1124352K
  class space    used 12244K, capacity 12500K, committed 12504K, reserved 1048576K
Event: 67.392 GC heap after
Heap after GC invocations=49 (full 7):
 PSYoungGen      total 1283072K, used 2432K [0x000000066ab00000, 0x00000006b9b00000, 0x00000007c0000000)
  eden space 1275904K, 0% used [0x000000066ab00000,0x000000066ab00000,0x00000006b8900000)
  from space 7168K, 33% used [0x00000006b9400000,0x00000006b9660010,0x00000006b9b00000)
  to   space 9216K, 0% used [0x00000006b8900000,0x00000006b8900000,0x00000006b9200000)
 ParOldGen       total 392192K, used 187619K [0x00000003c0000000, 0x00000003d7f00000, 0x000000066ab00000)
  object space 392192K, 47% used [0x00000003c0000000,0x00000003cb738c20,0x00000003d7f00000)
 Metaspace       used 86246K, capacity 87294K, committed 87512K, reserved 1124352K
  class space    used 12244K, capacity 12500K, committed 12504K, reserved 1048576K
}
Event: 68.379 GC heap before
{Heap before GC invocations=50 (full 7):
 PSYoungGen      total 1283072K, used 1278336K [0x000000066ab00000, 0x00000006b9b00000, 0x00000007c0000000)
  eden space 1275904K, 100% used [0x000000066ab00000,0x00000006b8900000,0x00000006b8900000)
  from space 7168K, 33% used [0x00000006b9400000,0x00000006b9660010,0x00000006b9b00000)
  to   space 9216K, 0% used [0x00000006b8900000,0x00000006b8900000,0x00000006b9200000)
 ParOldGen       total 392192K, used 187619K [0x00000003c0000000, 0x00000003d7f00000, 0x000000066ab00000)
  object space 392192K, 47% used [0x00000003c0000000,0x00000003cb738c20,0x00000003d7f00000)
 Metaspace       used 86246K, capacity 87294K, committed 87512K, reserved 1124352K
  class space    used 12244K, capacity 12500K, committed 12504K, reserved 1048576K
Event: 68.388 GC heap after
Heap after GC invocations=50 (full 7):
 PSYoungGen      total 1285120K, used 4319K [0x000000066ab00000, 0x00000006be280000, 0x00000007c0000000)
  eden space 1275904K, 0% used [0x000000066ab00000,0x000000066ab00000,0x00000006b8900000)
  from space 9216K, 46% used [0x00000006b8900000,0x00000006b8d37db0,0x00000006b9200000)
  to   space 9216K, 0% used [0x00000006bd980000,0x00000006bd980000,0x00000006be280000)
 ParOldGen       total 392192K, used 187619K [0x00000003c0000000, 0x00000003d7f00000, 0x000000066ab00000)
  object space 392192K, 47% used [0x00000003c0000000,0x00000003cb738c20,0x00000003d7f00000)
 Metaspace       used 86246K, capacity 87294K, committed 87512K, reserved 1124352K
  class space    used 12244K, capacity 12500K, committed 12504K, reserved 1048576K
}
Event: 69.350 GC heap before
{Heap before GC invocations=51 (full 7):
 PSYoungGen      total 1285120K, used 1280223K [0x000000066ab00000, 0x00000006be280000, 0x00000007c0000000)
  eden space 1275904K, 100% used [0x000000066ab00000,0x00000006b8900000,0x00000006b8900000)
  from space 9216K, 46% used [0x00000006b8900000,0x00000006b8d37db0,0x00000006b9200000)
  to   space 9216K, 0% used [0x00000006bd980000,0x00000006bd980000,0x00000006be280000)
 ParOldGen       total 392192K, used 187619K [0x00000003c0000000, 0x00000003d7f00000, 0x000000066ab00000)
  object space 392192K, 47% used [0x00000003c0000000,0x00000003cb738c20,0x00000003d7f00000)
 Metaspace       used 86247K, capacity 87294K, committed 87512K, reserved 1124352K
  class space    used 12244K, capacity 12500K, committed 12504K, reserved 1048576K
Event: 69.356 GC heap after
Heap after GC invocations=51 (full 7):
 PSYoungGen      total 1353216K, used 2901K [0x000000066ab00000, 0x00000006bdf80000, 0x00000007c0000000)
  eden space 1347072K, 0% used [0x000000066ab00000,0x000000066ab00000,0x00000006bce80000)
  from space 6144K, 47% used [0x00000006bd980000,0x00000006bdc55728,0x00000006bdf80000)
  to   space 8704K, 0% used [0x00000006bce80000,0x00000006bce80000,0x00000006bd700000)
 ParOldGen       total 392192K, used 187619K [0x00000003c0000000, 0x00000003d7f00000, 0x000000066ab00000)
  object space 392192K, 47% used [0x00000003c0000000,0x00000003cb738c20,0x00000003d7f00000)
 Metaspace       used 86247K, capacity 87294K, committed 87512K, reserved 1124352K
  class space    used 12244K, capacity 12500K, committed 12504K, reserved 1048576K
}
Event: 70.405 GC heap before
{Heap before GC invocations=52 (full 7):
 PSYoungGen      total 1353216K, used 1349973K [0x000000066ab00000, 0x00000006bdf80000, 0x00000007c0000000)
  eden space 1347072K, 100% used [0x000000066ab00000,0x00000006bce80000,0x00000006bce80000)
  from space 6144K, 47% used [0x00000006bd980000,0x00000006bdc55728,0x00000006bdf80000)
  to   space 8704K, 0% used [0x00000006bce80000,0x00000006bce80000,0x00000006bd700000)
 ParOldGen       total 392192K, used 187619K [0x00000003c0000000, 0x00000003d7f00000, 0x000000066ab00000)
  object space 392192K, 47% used [0x00000003c0000000,0x00000003cb738c20,0x00000003d7f00000)
 Metaspace       used 86247K, capacity 87294K, committed 87512K, reserved 1124352K
  class space    used 12244K, capacity 12500K, committed 12504K, reserved 1048576K
Event: 70.409 GC heap after
Heap after GC invocations=52 (full 7):
 PSYoungGen      total 1355776K, used 1910K [0x000000066ab00000, 0x00000006c2280000, 0x00000007c0000000)
  eden space 1347072K, 0% used [0x000000066ab00000,0x000000066ab00000,0x00000006bce80000)
  from space 8704K, 21% used [0x00000006bce80000,0x00000006bd05d900,0x00000006bd700000)
  to   space 8192K, 0% used [0x00000006c1a80000,0x00000006c1a80000,0x00000006c2280000)
 ParOldGen       total 392192K, used 187619K [0x00000003c0000000, 0x00000003d7f00000, 0x000000066ab00000)
  object space 392192K, 47% used [0x00000003c0000000,0x00000003cb738c20,0x00000003d7f00000)
 Metaspace       used 86247K, capacity 87294K, committed 87512K, reserved 1124352K
  class space    used 12244K, capacity 12500K, committed 12504K, reserved 1048576K
}
Event: 71.421 GC heap before
{Heap before GC invocations=53 (full 7):
 PSYoungGen      total 1355776K, used 1348982K [0x000000066ab00000, 0x00000006c2280000, 0x00000007c0000000)
  eden space 1347072K, 100% used [0x000000066ab00000,0x00000006bce80000,0x00000006bce80000)
  from space 8704K, 21% used [0x00000006bce80000,0x00000006bd05d900,0x00000006bd700000)
  to   space 8192K, 0% used [0x00000006c1a80000,0x00000006c1a80000,0x00000006c2280000)
 ParOldGen       total 392192K, used 187619K [0x00000003c0000000, 0x00000003d7f00000, 0x000000066ab00000)
  object space 392192K, 47% used [0x00000003c0000000,0x00000003cb738c20,0x00000003d7f00000)
 Metaspace       used 86249K, capacity 87294K, committed 87512K, reserved 1124352K
  class space    used 12244K, capacity 12500K, committed 12504K, reserved 1048576K
Event: 71.428 GC heap after
Heap after GC invocations=53 (full 7):
 PSYoungGen      total 1424896K, used 4146K [0x000000066ab00000, 0x00000006c2680000, 0x00000007c0000000)
  eden space 1416704K, 0% used [0x000000066ab00000,0x000000066ab00000,0x00000006c1280000)
  from space 8192K, 50% used [0x00000006c1a80000,0x00000006c1e8c8b0,0x00000006c2280000)
  to   space 8192K, 0% used [0x00000006c1280000,0x00000006c1280000,0x00000006c1a80000)
 ParOldGen       total 392192K, used 187619K [0x00000003c0000000, 0x00000003d7f00000, 0x000000066ab00000)
  object space 392192K, 47% used [0x00000003c0000000,0x00000003cb738c20,0x00000003d7f00000)
 Metaspace       used 86249K, capacity 87294K, committed 87512K, reserved 1124352K
  class space    used 12244K, capacity 12500K, committed 12504K, reserved 1048576K
}
Event: 72.534 GC heap before
{Heap before GC invocations=54 (full 7):
 PSYoungGen      total 1424896K, used 1420850K [0x000000066ab00000, 0x00000006c2680000, 0x00000007c0000000)
  eden space 1416704K, 100% used [0x000000066ab00000,0x00000006c1280000,0x00000006c1280000)
  from space 8192K, 50% used [0x00000006c1a80000,0x00000006c1e8c8b0,0x00000006c2280000)
  to   space 8192K, 0% used [0x00000006c1280000,0x00000006c1280000,0x00000006c1a80000)
 ParOldGen       total 392192K, used 187619K [0x00000003c0000000, 0x00000003d7f00000, 0x000000066ab00000)
  object space 392192K, 47% used [0x00000003c0000000,0x00000003cb738c20,0x00000003d7f00000)
 Metaspace       used 86249K, capacity 87294K, committed 87512K, reserved 1124352K
  class space    used 12244K, capacity 12500K, committed 12504K, reserved 1048576K
Event: 72.539 GC heap after
Heap after GC invocations=54 (full 7):
 PSYoungGen      total 1424896K, used 2240K [0x000000066ab00000, 0x00000006c6880000, 0x00000007c0000000)
  eden space 1416704K, 0% used [0x000000066ab00000,0x000000066ab00000,0x00000006c1280000)
  from space 8192K, 27% used [0x00000006c1280000,0x00000006c14b0010,0x00000006c1a80000)
  to   space 7680K, 0% used [0x00000006c6100000,0x00000006c6100000,0x00000006c6880000)
 ParOldGen       total 392192K, used 187619K [0x00000003c0000000, 0x00000003d7f00000, 0x000000066ab00000)
  object space 392192K, 47% used [0x00000003c0000000,0x00000003cb738c20,0x00000003d7f00000)
 Metaspace       used 86249K, capacity 87294K, committed 87512K, reserved 1124352K
  class space    used 12244K, capacity 12500K, committed 12504K, reserved 1048576K
}
Event: 73.612 GC heap before
{Heap before GC invocations=55 (full 7):
 PSYoungGen      total 1424896K, used 1418944K [0x000000066ab00000, 0x00000006c6880000, 0x00000007c0000000)
  eden space 1416704K, 100% used [0x000000066ab00000,0x00000006c1280000,0x00000006c1280000)
  from space 8192K, 27% used [0x00000006c1280000,0x00000006c14b0010,0x00000006c1a80000)
  to   space 7680K, 0% used [0x00000006c6100000,0x00000006c6100000,0x00000006c6880000)
 ParOldGen       total 392192K, used 187619K [0x00000003c0000000, 0x00000003d7f00000, 0x000000066ab00000)
  object space 392192K, 47% used [0x00000003c0000000,0x00000003cb738c20,0x00000003d7f00000)
 Metaspace       used 86252K, capacity 87294K, committed 87512K, reserved 1124352K
  class space    used 12244K, capacity 12500K, committed 12504K, reserved 1048576K
Event: 73.619 GC heap after
Heap after GC invocations=55 (full 7):
 PSYoungGen      total 1497088K, used 3968K [0x000000066ab00000, 0x00000006c6b80000, 0x00000007c0000000)
  eden space 1489408K, 0% used [0x000000066ab00000,0x000000066ab00000,0x00000006c5980000)
  from space 7680K, 51% used [0x00000006c6100000,0x00000006c64e0020,0x00000006c6880000)
  to   space 7680K, 0% used [0x00000006c5980000,0x00000006c5980000,0x00000006c6100000)
 ParOldGen       total 392192K, used 187619K [0x00000003c0000000, 0x00000003d7f00000, 0x000000066ab00000)
  object space 392192K, 47% used [0x00000003c0000000,0x00000003cb738c20,0x00000003d7f00000)
 Metaspace       used 86252K, capacity 87294K, committed 87512K, reserved 1124352K
  class space    used 12244K, capacity 12500K, committed 12504K, reserved 1048576K
}
Event: 74.771 GC heap before
{Heap before GC invocations=56 (full 7):
 PSYoungGen      total 1497088K, used 1493376K [0x000000066ab00000, 0x00000006c6b80000, 0x00000007c0000000)
  eden space 1489408K, 100% used [0x000000066ab00000,0x00000006c5980000,0x00000006c5980000)
  from space 7680K, 51% used [0x00000006c6100000,0x00000006c64e0020,0x00000006c6880000)
  to   space 7680K, 0% used [0x00000006c5980000,0x00000006c5980000,0x00000006c6100000)
 ParOldGen       total 392192K, used 187619K [0x00000003c0000000, 0x00000003d7f00000, 0x000000066ab00000)
  object space 392192K, 47% used [0x00000003c0000000,0x00000003cb738c20,0x00000003d7f00000)
 Metaspace       used 86252K, capacity 87294K, committed 87512K, reserved 1124352K
  class space    used 12244K, capacity 12500K, committed 12504K, reserved 1048576K
Event: 74.775 GC heap after
Heap after GC invocations=56 (full 7):
 PSYoungGen      total 1497088K, used 2185K [0x000000066ab00000, 0x00000006cad00000, 0x00000007c0000000)
  eden space 1489408K, 0% used [0x000000066ab00000,0x000000066ab00000,0x00000006c5980000)
  from space 7680K, 28% used [0x00000006c5980000,0x00000006c5ba2498,0x00000006c6100000)
  to   space 7680K, 0% used [0x00000006ca580000,0x00000006ca580000,0x00000006cad00000)
 ParOldGen       total 392192K, used 187619K [0x00000003c0000000, 0x00000003d7f00000, 0x000000066ab00000)
  object space 392192K, 47% used [0x00000003c0000000,0x00000003cb738c20,0x00000003d7f00000)
 Metaspace       used 86252K, capacity 87294K, committed 87512K, reserved 1124352K
  class space    used 12244K, capacity 12500K, committed 12504K, reserved 1048576K
}
Event: 75.894 GC heap before
{Heap before GC invocations=57 (full 7):
 PSYoungGen      total 1497088K, used 1491593K [0x000000066ab00000, 0x00000006cad00000, 0x00000007c0000000)
  eden space 1489408K, 100% used [0x000000066ab00000,0x00000006c5980000,0x00000006c5980000)
  from space 7680K, 28% used [0x00000006c5980000,0x00000006c5ba2498,0x00000006c6100000)
  to   space 7680K, 0% used [0x00000006ca580000,0x00000006ca580000,0x00000006cad00000)
 ParOldGen       total 392192K, used 187619K [0x00000003c0000000, 0x00000003d7f00000, 0x000000066ab00000)
  object space 392192K, 47% used [0x00000003c0000000,0x00000003cb738c20,0x00000003d7f00000)
 Metaspace       used 86252K, capacity 87294K, committed 87512K, reserved 1124352K
  class space    used 12244K, capacity 12500K, committed 12504K, reserved 1048576K
Event: 75.898 GC heap after
Heap after GC invocations=57 (full 7):
 PSYoungGen      total 1560064K, used 2227K [0x000000066ab00000, 0x00000006ca900000, 0x00000007c0000000)
  eden space 1556480K, 0% used [0x000000066ab00000,0x000000066ab00000,0x00000006c9b00000)
  from space 3584K, 62% used [0x00000006ca580000,0x00000006ca7acf00,0x00000006ca900000)
  to   space 7168K, 0% used [0x00000006c9b00000,0x00000006c9b00000,0x00000006ca200000)
 ParOldGen       total 392192K, used 187627K [0x00000003c0000000, 0x00000003d7f00000, 0x000000066ab00000)
  object space 392192K, 47% used [0x00000003c0000000,0x00000003cb73ac20,0x00000003d7f00000)
 Metaspace       used 86252K, capacity 87294K, committed 87512K, reserved 1124352K
  class space    used 12244K, capacity 12500K, committed 12504K, reserved 1048576K
}
Event: 77.087 GC heap before
{Heap before GC invocations=58 (full 7):
 PSYoungGen      total 1560064K, used 1558707K [0x000000066ab00000, 0x00000006ca900000, 0x00000007c0000000)
  eden space 1556480K, 100% used [0x000000066ab00000,0x00000006c9b00000,0x00000006c9b00000)
  from space 3584K, 62% used [0x00000006ca580000,0x00000006ca7acf00,0x00000006ca900000)
  to   space 7168K, 0% used [0x00000006c9b00000,0x00000006c9b00000,0x00000006ca200000)
 ParOldGen       total 392192K, used 187627K [0x00000003c0000000, 0x00000003d7f00000, 0x000000066ab00000)
  object space 392192K, 47% used [0x00000003c0000000,0x00000003cb73ac20,0x00000003d7f00000)
 Metaspace       used 86252K, capacity 87294K, committed 87512K, reserved 1124352K
  class space    used 12244K, capacity 12500K, committed 12504K, reserved 1048576K
Event: 77.091 GC heap after
Heap after GC invocations=58 (full 7):
 PSYoungGen      total 1563648K, used 1344K [0x000000066ab00000, 0x00000006ce800000, 0x00000007c0000000)
  eden space 1556480K, 0% used [0x000000066ab00000,0x000000066ab00000,0x00000006c9b00000)
  from space 7168K, 18% used [0x00000006c9b00000,0x00000006c9c50010,0x00000006ca200000)
  to   space 7168K, 0% used [0x00000006ce100000,0x00000006ce100000,0x00000006ce800000)
 ParOldGen       total 392192K, used 187627K [0x00000003c0000000, 0x00000003d7f00000, 0x000000066ab00000)
  object space 392192K, 47% used [0x00000003c0000000,0x00000003cb73ac20,0x00000003d7f00000)
 Metaspace       used 86252K, capacity 87294K, committed 87512K, reserved 1124352K
  class space    used 12244K, capacity 12500K, committed 12504K, reserved 1048576K
}
Event: 78.247 GC heap before
{Heap before GC invocations=59 (full 7):
 PSYoungGen      total 1563648K, used 1557824K [0x000000066ab00000, 0x00000006ce800000, 0x00000007c0000000)
  eden space 1556480K, 100% used [0x000000066ab00000,0x00000006c9b00000,0x00000006c9b00000)
  from space 7168K, 18% used [0x00000006c9b00000,0x00000006c9c50010,0x00000006ca200000)
  to   space 7168K, 0% used [0x00000006ce100000,0x00000006ce100000,0x00000006ce800000)
 ParOldGen       total 392192K, used 187627K [0x00000003c0000000, 0x00000003d7f00000, 0x000000066ab00000)
  object space 392192K, 47% used [0x00000003c0000000,0x00000003cb73ac20,0x00000003d7f00000)
 Metaspace       used 86252K, capacity 87294K, committed 87512K, reserved 1124352K
  class space    used 12244K, capacity 12500K, committed 12504K, reserved 1048576K
Event: 78.252 GC heap after
Heap after GC invocations=59 (full 7):
 PSYoungGen      total 1624064K, used 2298K [0x000000066ab00000, 0x00000006ce580000, 0x00000007c0000000)
  eden space 1619456K, 0% used [0x000000066ab00000,0x000000066ab00000,0x00000006cd880000)
  from space 4608K, 49% used [0x00000006ce100000,0x00000006ce33eb80,0x00000006ce580000)
  to   space 6656K, 0% used [0x00000006cd880000,0x00000006cd880000,0x00000006cdf00000)
 ParOldGen       total 392192K, used 187627K [0x00000003c0000000, 0x00000003d7f00000, 0x000000066ab00000)
  object space 392192K, 47% used [0x00000003c0000000,0x00000003cb73ac20,0x00000003d7f00000)
 Metaspace       used 86252K, capacity 87294K, committed 87512K, reserved 1124352K
  class space    used 12244K, capacity 12500K, committed 12504K, reserved 1048576K
}
Event: 79.486 GC heap before
{Heap before GC invocations=60 (full 7):
 PSYoungGen      total 1624064K, used 1621754K [0x000000066ab00000, 0x00000006ce580000, 0x00000007c0000000)
  eden space 1619456K, 100% used [0x000000066ab00000,0x00000006cd880000,0x00000006cd880000)
  from space 4608K, 49% used [0x00000006ce100000,0x00000006ce33eb80,0x00000006ce580000)
  to   space 6656K, 0% used [0x00000006cd880000,0x00000006cd880000,0x00000006cdf00000)
 ParOldGen       total 392192K, used 187627K [0x00000003c0000000, 0x00000003d7f00000, 0x000000066ab00000)
  object space 392192K, 47% used [0x00000003c0000000,0x00000003cb73ac20,0x00000003d7f00000)
 Metaspace       used 86252K, capacity 87294K, committed 87512K, reserved 1124352K
  class space    used 12244K, capacity 12500K, committed 12504K, reserved 1048576K
Event: 79.491 GC heap after
Heap after GC invocations=60 (full 7):
 PSYoungGen      total 1626112K, used 1984K [0x000000066ab00000, 0x00000006d2280000, 0x00000007c0000000)
  eden space 1619456K, 0% used [0x000000066ab00000,0x000000066ab00000,0x00000006cd880000)
  from space 6656K, 29% used [0x00000006cd880000,0x00000006cda70010,0x00000006cdf00000)
  to   space 6656K, 0% used [0x00000006d1c00000,0x00000006d1c00000,0x00000006d2280000)
 ParOldGen       total 392192K, used 187635K [0x00000003c0000000, 0x00000003d7f00000, 0x000000066ab00000)
  object space 392192K, 47% used [0x00000003c0000000,0x00000003cb73cc20,0x00000003d7f00000)
 Metaspace       used 86252K, capacity 87294K, committed 87512K, reserved 1124352K
  class space    used 12244K, capacity 12500K, committed 12504K, reserved 1048576K
}
Event: 80.700 GC heap before
{Heap before GC invocations=61 (full 7):
 PSYoungGen      total 1626112K, used 1621440K [0x000000066ab00000, 0x00000006d2280000, 0x00000007c0000000)
  eden space 1619456K, 100% used [0x000000066ab00000,0x00000006cd880000,0x00000006cd880000)
  from space 6656K, 29% used [0x00000006cd880000,0x00000006cda70010,0x00000006cdf00000)
  to   space 6656K, 0% used [0x00000006d1c00000,0x00000006d1c00000,0x00000006d2280000)
 ParOldGen       total 392192K, used 187635K [0x00000003c0000000, 0x00000003d7f00000, 0x000000066ab00000)
  object space 392192K, 47% used [0x00000003c0000000,0x00000003cb73cc20,0x00000003d7f00000)
 Metaspace       used 86252K, capacity 87294K, committed 87512K, reserved 1124352K
  class space    used 12244K, capacity 12500K, committed 12504K, reserved 1048576K
Event: 80.706 GC heap after
Heap after GC invocations=61 (full 7):
 PSYoungGen      total 1689088K, used 3168K [0x000000066ab00000, 0x00000006d2280000, 0x00000007c0000000)
  eden space 1682432K, 0% used [0x000000066ab00000,0x000000066ab00000,0x00000006d1600000)
  from space 6656K, 47% used [0x00000006d1c00000,0x00000006d1f18010,0x00000006d2280000)
  to   space 6144K, 0% used [0x00000006d1600000,0x00000006d1600000,0x00000006d1c00000)
 ParOldGen       total 392192K, used 187643K [0x00000003c0000000, 0x00000003d7f00000, 0x000000066ab00000)
  object space 392192K, 47% used [0x00000003c0000000,0x00000003cb73ec20,0x00000003d7f00000)
 Metaspace       used 86252K, capacity 87294K, committed 87512K, reserved 1124352K
  class space    used 12244K, capacity 12500K, committed 12504K, reserved 1048576K
}
Event: 81.998 GC heap before
{Heap before GC invocations=62 (full 7):
 PSYoungGen      total 1689088K, used 1685600K [0x000000066ab00000, 0x00000006d2280000, 0x00000007c0000000)
  eden space 1682432K, 100% used [0x000000066ab00000,0x00000006d1600000,0x00000006d1600000)
  from space 6656K, 47% used [0x00000006d1c00000,0x00000006d1f18010,0x00000006d2280000)
  to   space 6144K, 0% used [0x00000006d1600000,0x00000006d1600000,0x00000006d1c00000)
 ParOldGen       total 392192K, used 187643K [0x00000003c0000000, 0x00000003d7f00000, 0x000000066ab00000)
  object space 392192K, 47% used [0x00000003c0000000,0x00000003cb73ec20,0x00000003d7f00000)
 Metaspace       used 86266K, capacity 87294K, committed 87512K, reserved 1124352K
  class space    used 12244K, capacity 12500K, committed 12504K, reserved 1048576K
Event: 82.002 GC heap after
Heap after GC invocations=62 (full 7):
 PSYoungGen      total 1688576K, used 1216K [0x000000066ab00000, 0x00000006d5d80000, 0x00000007c0000000)
  eden space 1682432K, 0% used [0x000000066ab00000,0x000000066ab00000,0x00000006d1600000)
  from space 6144K, 19% used [0x00000006d1600000,0x00000006d1730010,0x00000006d1c00000)
  to   space 6144K, 0% used [0x00000006d5780000,0x00000006d5780000,0x00000006d5d80000)
 ParOldGen       total 392192K, used 187651K [0x00000003c0000000, 0x00000003d7f00000, 0x000000066ab00000)
  object space 392192K, 47% used [0x00000003c0000000,0x00000003cb740c20,0x00000003d7f00000)
 Metaspace       used 86266K, capacity 87294K, committed 87512K, reserved 1124352K
  class space    used 12244K, capacity 12500K, committed 12504K, reserved 1048576K
}
Event: 83.287 GC heap before
{Heap before GC invocations=63 (full 7):
 PSYoungGen      total 1688576K, used 1683648K [0x000000066ab00000, 0x00000006d5d80000, 0x00000007c0000000)
  eden space 1682432K, 100% used [0x000000066ab00000,0x00000006d1600000,0x00000006d1600000)
  from space 6144K, 19% used [0x00000006d1600000,0x00000006d1730010,0x00000006d1c00000)
  to   space 6144K, 0% used [0x00000006d5780000,0x00000006d5780000,0x00000006d5d80000)
 ParOldGen       total 392192K, used 187651K [0x00000003c0000000, 0x00000003d7f00000, 0x000000066ab00000)
  object space 392192K, 47% used [0x00000003c0000000,0x00000003cb740c20,0x00000003d7f00000)
 Metaspace       used 86266K, capacity 87294K, committed 87512K, reserved 1124352K
  class space    used 12244K, capacity 12500K, committed 12504K, reserved 1048576K
Event: 83.296 GC heap after
Heap after GC invocations=63 (full 7):
 PSYoungGen      total 1748480K, used 5408K [0x000000066ab00000, 0x00000006d6a80000, 0x00000007c0000000)
  eden space 1742336K, 0% used [0x000000066ab00000,0x000000066ab00000,0x00000006d5080000)
  from space 6144K, 88% used [0x00000006d5780000,0x00000006d5cc8318,0x00000006d5d80000)
  to   space 7168K, 0% used [0x00000006d5080000,0x00000006d5080000,0x00000006d5780000)
 ParOldGen       total 392192K, used 187659K [0x00000003c0000000, 0x00000003d7f00000, 0x000000066ab00000)
  object space 392192K, 47% used [0x00000003c0000000,0x00000003cb742c20,0x00000003d7f00000)
 Metaspace       used 86266K, capacity 87294K, committed 87512K, reserved 1124352K
  class space    used 12244K, capacity 12500K, committed 12504K, reserved 1048576K
}
Event: 84.591 GC heap before
{Heap before GC invocations=64 (full 7):
 PSYoungGen      total 1748480K, used 1747744K [0x000000066ab00000, 0x00000006d6a80000, 0x00000007c0000000)
  eden space 1742336K, 100% used [0x000000066ab00000,0x00000006d5080000,0x00000006d5080000)
  from space 6144K, 88% used [0x00000006d5780000,0x00000006d5cc8318,0x00000006d5d80000)
  to   space 7168K, 0% used [0x00000006d5080000,0x00000006d5080000,0x00000006d5780000)
 ParOldGen       total 392192K, used 187659K [0x00000003c0000000, 0x00000003d7f00000, 0x000000066ab00000)
  object space 392192K, 47% used [0x00000003c0000000,0x00000003cb742c20,0x00000003d7f00000)
 Metaspace       used 86266K, capacity 87294K, committed 87512K, reserved 1124352K
  class space    used 12244K, capacity 12500K, committed 12504K, reserved 1048576K
Event: 84.595 GC heap after
Heap after GC invocations=64 (full 7):
 PSYoungGen      total 1749504K, used 2208K [0x000000066ab00000, 0x00000006d9f00000, 0x00000007c0000000)
  eden space 1742336K, 0% used [0x000000066ab00000,0x000000066ab00000,0x00000006d5080000)
  from space 7168K, 30% used [0x00000006d5080000,0x00000006d52a8010,0x00000006d5780000)
  to   space 6656K, 0% used [0x00000006d9880000,0x00000006d9880000,0x00000006d9f00000)
 ParOldGen       total 392192K, used 187667K [0x00000003c0000000, 0x00000003d7f00000, 0x000000066ab00000)
  object space 392192K, 47% used [0x00000003c0000000,0x00000003cb744c20,0x00000003d7f00000)
 Metaspace       used 86266K, capacity 87294K, committed 87512K, reserved 1124352K
  class space    used 12244K, capacity 12500K, committed 12504K, reserved 1048576K
}
Event: 85.886 GC heap before
{Heap before GC invocations=65 (full 7):
 PSYoungGen      total 1749504K, used 1744544K [0x000000066ab00000, 0x00000006d9f00000, 0x00000007c0000000)
  eden space 1742336K, 100% used [0x000000066ab00000,0x00000006d5080000,0x00000006d5080000)
  from space 7168K, 30% used [0x00000006d5080000,0x00000006d52a8010,0x00000006d5780000)
  to   space 6656K, 0% used [0x00000006d9880000,0x00000006d9880000,0x00000006d9f00000)
 ParOldGen       total 392192K, used 187667K [0x00000003c0000000, 0x00000003d7f00000, 0x000000066ab00000)
  object space 392192K, 47% used [0x00000003c0000000,0x00000003cb744c20,0x00000003d7f00000)
 Metaspace       used 86267K, capacity 87294K, committed 87512K, reserved 1124352K
  class space    used 12244K, capacity 12500K, committed 12504K, reserved 1048576K
Event: 85.891 GC heap after
Heap after GC invocations=65 (full 7):
 PSYoungGen      total 1811968K, used 2336K [0x000000066ab00000, 0x00000006d9d00000, 0x00000007c0000000)
  eden space 1807360K, 0% used [0x000000066ab00000,0x000000066ab00000,0x00000006d9000000)
  from space 4608K, 50% used [0x00000006d9880000,0x00000006d9ac8010,0x00000006d9d00000)
  to   space 6656K, 0% used [0x00000006d9000000,0x00000006d9000000,0x00000006d9680000)
 ParOldGen       total 392192K, used 187667K [0x00000003c0000000, 0x00000003d7f00000, 0x000000066ab00000)
  object space 392192K, 47% used [0x00000003c0000000,0x00000003cb744c20,0x00000003d7f00000)
 Metaspace       used 86267K, capacity 87294K, committed 87512K, reserved 1124352K
  class space    used 12244K, capacity 12500K, committed 12504K, reserved 1048576K
}
Event: 87.274 GC heap before
{Heap before GC invocations=66 (full 7):
 PSYoungGen      total 1811968K, used 1809696K [0x000000066ab00000, 0x00000006d9d00000, 0x00000007c0000000)
  eden space 1807360K, 100% used [0x000000066ab00000,0x00000006d9000000,0x00000006d9000000)
  from space 4608K, 50% used [0x00000006d9880000,0x00000006d9ac8010,0x00000006d9d00000)
  to   space 6656K, 0% used [0x00000006d9000000,0x00000006d9000000,0x00000006d9680000)
 ParOldGen       total 392192K, used 187667K [0x00000003c0000000, 0x00000003d7f00000, 0x000000066ab00000)
  object space 392192K, 47% used [0x00000003c0000000,0x00000003cb744c20,0x00000003d7f00000)
 Metaspace       used 86268K, capacity 87294K, committed 87512K, reserved 1124352K
  class space    used 12244K, capacity 12500K, committed 12504K, reserved 1048576K
Event: 87.278 GC heap after
Heap after GC invocations=66 (full 7):
 PSYoungGen      total 1814016K, used 2099K [0x000000066ab00000, 0x00000006ddb00000, 0x00000007c0000000)
  eden space 1807360K, 0% used [0x000000066ab00000,0x000000066ab00000,0x00000006d9000000)
  from space 6656K, 31% used [0x00000006d9000000,0x00000006d920cc30,0x00000006d9680000)
  to   space 6144K, 0% used [0x00000006dd500000,0x00000006dd500000,0x00000006ddb00000)
 ParOldGen       total 392192K, used 187667K [0x00000003c0000000, 0x00000003d7f00000, 0x000000066ab00000)
  object space 392192K, 47% used [0x00000003c0000000,0x00000003cb744c20,0x00000003d7f00000)
 Metaspace       used 86268K, capacity 87294K, committed 87512K, reserved 1124352K
  class space    used 12244K, capacity 12500K, committed 12504K, reserved 1048576K
}
Event: 88.617 GC heap before
{Heap before GC invocations=67 (full 7):
 PSYoungGen      total 1814016K, used 1809459K [0x000000066ab00000, 0x00000006ddb00000, 0x00000007c0000000)
  eden space 1807360K, 100% used [0x000000066ab00000,0x00000006d9000000,0x00000006d9000000)
  from space 6656K, 31% used [0x00000006d9000000,0x00000006d920cc30,0x00000006d9680000)
  to   space 6144K, 0% used [0x00000006dd500000,0x00000006dd500000,0x00000006ddb00000)
 ParOldGen       total 392192K, used 187667K [0x00000003c0000000, 0x00000003d7f00000, 0x000000066ab00000)
  object space 392192K, 47% used [0x00000003c0000000,0x00000003cb744c20,0x00000003d7f00000)
 Metaspace       used 86268K, capacity 87294K, committed 87512K, reserved 1124352K
  class space    used 12244K, capacity 12500K, committed 12504K, reserved 1048576K
Event: 88.622 GC heap after
Heap after GC invocations=67 (full 7):
 PSYoungGen      total 1871872K, used 1984K [0x000000066ab00000, 0x00000006dd800000, 0x00000007c0000000)
  eden space 1868800K, 0% used [0x000000066ab00000,0x000000066ab00000,0x00000006dcc00000)
  from space 3072K, 64% used [0x00000006dd500000,0x00000006dd6f0010,0x00000006dd800000)
  to   space 6144K, 0% used [0x00000006dcc00000,0x00000006dcc00000,0x00000006dd200000)
 ParOldGen       total 392192K, used 187667K [0x00000003c0000000, 0x00000003d7f00000, 0x000000066ab00000)
  object space 392192K, 47% used [0x00000003c0000000,0x00000003cb744c20,0x00000003d7f00000)
 Metaspace       used 86268K, capacity 87294K, committed 87512K, reserved 1124352K
  class space    used 12244K, capacity 12500K, committed 12504K, reserved 1048576K
}
Event: 90.018 GC heap before
{Heap before GC invocations=68 (full 7):
 PSYoungGen      total 1871872K, used 1870784K [0x000000066ab00000, 0x00000006dd800000, 0x00000007c0000000)
  eden space 1868800K, 100% used [0x000000066ab00000,0x00000006dcc00000,0x00000006dcc00000)
  from space 3072K, 64% used [0x00000006dd500000,0x00000006dd6f0010,0x00000006dd800000)
  to   space 6144K, 0% used [0x00000006dcc00000,0x00000006dcc00000,0x00000006dd200000)
 ParOldGen       total 392192K, used 187667K [0x00000003c0000000, 0x00000003d7f00000, 0x000000066ab00000)
  object space 392192K, 47% used [0x00000003c0000000,0x00000003cb744c20,0x00000003d7f00000)
 Metaspace       used 86268K, capacity 87294K, committed 87512K, reserved 1124352K
  class space    used 12244K, capacity 12500K, committed 12504K, reserved 1048576K
Event: 90.022 GC heap after
Heap after GC invocations=68 (full 7):
 PSYoungGen      total 1874944K, used 1909K [0x000000066ab00000, 0x00000006e1200000, 0x00000007c0000000)
  eden space 1868800K, 0% used [0x000000066ab00000,0x000000066ab00000,0x00000006dcc00000)
  from space 6144K, 31% used [0x00000006dcc00000,0x00000006dcddd728,0x00000006dd200000)
  to   space 5632K, 0% used [0x00000006e0c80000,0x00000006e0c80000,0x00000006e1200000)
 ParOldGen       total 392192K, used 187675K [0x00000003c0000000, 0x00000003d7f00000, 0x000000066ab00000)
  object space 392192K, 47% used [0x00000003c0000000,0x00000003cb746c20,0x00000003d7f00000)
 Metaspace       used 86268K, capacity 87294K, committed 87512K, reserved 1124352K
  class space    used 12244K, capacity 12500K, committed 12504K, reserved 1048576K
}
Event: 91.414 GC heap before
{Heap before GC invocations=69 (full 7):
 PSYoungGen      total 1874944K, used 1870709K [0x000000066ab00000, 0x00000006e1200000, 0x00000007c0000000)
  eden space 1868800K, 100% used [0x000000066ab00000,0x00000006dcc00000,0x00000006dcc00000)
  from space 6144K, 31% used [0x00000006dcc00000,0x00000006dcddd728,0x00000006dd200000)
  to   space 5632K, 0% used [0x00000006e0c80000,0x00000006e0c80000,0x00000006e1200000)
 ParOldGen       total 392192K, used 187675K [0x00000003c0000000, 0x00000003d7f00000, 0x000000066ab00000)
  object space 392192K, 47% used [0x00000003c0000000,0x00000003cb746c20,0x00000003d7f00000)
 Metaspace       used 86271K, capacity 87294K, committed 87512K, reserved 1124352K
  class space    used 12244K, capacity 12500K, committed 12504K, reserved 1048576K
Event: 91.424 GC heap after
Heap after GC invocations=69 (full 7):
 PSYoungGen      total 1933824K, used 5429K [0x000000066ab00000, 0x00000006e1f00000, 0x00000007c0000000)
  eden space 1928192K, 0% used [0x000000066ab00000,0x000000066ab00000,0x00000006e0600000)
  from space 5632K, 96% used [0x00000006e0c80000,0x00000006e11cd490,0x00000006e1200000)
  to   space 6656K, 0% used [0x00000006e0600000,0x00000006e0600000,0x00000006e0c80000)
 ParOldGen       total 392192K, used 187675K [0x00000003c0000000, 0x00000003d7f00000, 0x000000066ab00000)
  object space 392192K, 47% used [0x00000003c0000000,0x00000003cb746c20,0x00000003d7f00000)
 Metaspace       used 86271K, capacity 87294K, committed 87512K, reserved 1124352K
  class space    used 12244K, capacity 12500K, committed 12504K, reserved 1048576K
}
Event: 92.863 GC heap before
{Heap before GC invocations=70 (full 7):
 PSYoungGen      total 1933824K, used 1933621K [0x000000066ab00000, 0x00000006e1f00000, 0x00000007c0000000)
  eden space 1928192K, 100% used [0x000000066ab00000,0x00000006e0600000,0x00000006e0600000)
  from space 5632K, 96% used [0x00000006e0c80000,0x00000006e11cd490,0x00000006e1200000)
  to   space 6656K, 0% used [0x00000006e0600000,0x00000006e0600000,0x00000006e0c80000)
 ParOldGen       total 392192K, used 187675K [0x00000003c0000000, 0x00000003d7f00000, 0x000000066ab00000)
  object space 392192K, 47% used [0x00000003c0000000,0x00000003cb746c20,0x00000003d7f00000)
 Metaspace       used 86271K, capacity 87294K, committed 87512K, reserved 1124352K
  class space    used 12244K, capacity 12500K, committed 12504K, reserved 1048576K
Event: 92.872 GC heap after
Heap after GC invocations=70 (full 7):
 PSYoungGen      total 1934848K, used 2752K [0x000000066ab00000, 0x00000006e5f80000, 0x00000007c0000000)
  eden space 1928192K, 0% used [0x000000066ab00000,0x000000066ab00000,0x00000006e0600000)
  from space 6656K, 41% used [0x00000006e0600000,0x00000006e08b0010,0x00000006e0c80000)
  to   space 6144K, 0% used [0x00000006e5980000,0x00000006e5980000,0x00000006e5f80000)
 ParOldGen       total 392192K, used 187675K [0x00000003c0000000, 0x00000003d7f00000, 0x000000066ab00000)
  object space 392192K, 47% used [0x00000003c0000000,0x00000003cb746c20,0x00000003d7f00000)
 Metaspace       used 86271K, capacity 87294K, committed 87512K, reserved 1124352K
  class space    used 12244K, capacity 12500K, committed 12504K, reserved 1048576K
}
Event: 94.291 GC heap before
{Heap before GC invocations=71 (full 7):
 PSYoungGen      total 1934848K, used 1930944K [0x000000066ab00000, 0x00000006e5f80000, 0x00000007c0000000)
  eden space 1928192K, 100% used [0x000000066ab00000,0x00000006e0600000,0x00000006e0600000)
  from space 6656K, 41% used [0x00000006e0600000,0x00000006e08b0010,0x00000006e0c80000)
  to   space 6144K, 0% used [0x00000006e5980000,0x00000006e5980000,0x00000006e5f80000)
 ParOldGen       total 392192K, used 187675K [0x00000003c0000000, 0x00000003d7f00000, 0x000000066ab00000)
  object space 392192K, 47% used [0x00000003c0000000,0x00000003cb746c20,0x00000003d7f00000)
 Metaspace       used 86272K, capacity 87294K, committed 87512K, reserved 1124352K
  class space    used 12244K, capacity 12500K, committed 12504K, reserved 1048576K
Event: 94.298 GC heap after
Heap after GC invocations=71 (full 7):
 PSYoungGen      total 2013696K, used 3936K [0x000000066ab00000, 0x00000006e6200000, 0x00000007c0000000)
  eden space 2007552K, 0% used [0x000000066ab00000,0x000000066ab00000,0x00000006e5380000)
  from space 6144K, 64% used [0x00000006e5980000,0x00000006e5d58148,0x00000006e5f80000)
  to   space 6144K, 0% used [0x00000006e5380000,0x00000006e5380000,0x00000006e5980000)
 ParOldGen       total 392192K, used 187675K [0x00000003c0000000, 0x00000003d7f00000, 0x000000066ab00000)
  object space 392192K, 47% used [0x00000003c0000000,0x00000003cb746c20,0x00000003d7f00000)
 Metaspace       used 86272K, capacity 87294K, committed 87512K, reserved 1124352K
  class space    used 12244K, capacity 12500K, committed 12504K, reserved 1048576K
}
Event: 95.829 GC heap before
{Heap before GC invocations=72 (full 7):
 PSYoungGen      total 2013696K, used 2011488K [0x000000066ab00000, 0x00000006e6200000, 0x00000007c0000000)
  eden space 2007552K, 100% used [0x000000066ab00000,0x00000006e5380000,0x00000006e5380000)
  from space 6144K, 64% used [0x00000006e5980000,0x00000006e5d58148,0x00000006e5f80000)
  to   space 6144K, 0% used [0x00000006e5380000,0x00000006e5380000,0x00000006e5980000)
 ParOldGen       total 392192K, used 187675K [0x00000003c0000000, 0x00000003d7f00000, 0x000000066ab00000)
  object space 392192K, 47% used [0x00000003c0000000,0x00000003cb746c20,0x00000003d7f00000)
 Metaspace       used 86274K, capacity 87294K, committed 87512K, reserved 1124352K
  class space    used 12244K, capacity 12500K, committed 12504K, reserved 1048576K
Event: 95.839 GC heap after
Heap after GC invocations=72 (full 7):
 PSYoungGen      total 2013696K, used 5406K [0x000000066ab00000, 0x00000006eb900000, 0x00000007c0000000)
  eden space 2007552K, 0% used [0x000000066ab00000,0x000000066ab00000,0x00000006e5380000)
  from space 6144K, 87% used [0x00000006e5380000,0x00000006e58c79c8,0x00000006e5980000)
  to   space 7168K, 0% used [0x00000006eb200000,0x00000006eb200000,0x00000006eb900000)
 ParOldGen       total 392192K, used 187675K [0x00000003c0000000, 0x00000003d7f00000, 0x000000066ab00000)
  object space 392192K, 47% used [0x00000003c0000000,0x00000003cb746c20,0x00000003d7f00000)
 Metaspace       used 86274K, capacity 87294K, committed 87512K, reserved 1124352K
  class space    used 12244K, capacity 12500K, committed 12504K, reserved 1048576K
}
Event: 97.298 GC heap before
{Heap before GC invocations=73 (full 7):
 PSYoungGen      total 2013696K, used 2012958K [0x000000066ab00000, 0x00000006eb900000, 0x00000007c0000000)
  eden space 2007552K, 100% used [0x000000066ab00000,0x00000006e5380000,0x00000006e5380000)
  from space 6144K, 87% used [0x00000006e5380000,0x00000006e58c79c8,0x00000006e5980000)
  to   space 7168K, 0% used [0x00000006eb200000,0x00000006eb200000,0x00000006eb900000)
 ParOldGen       total 392192K, used 187675K [0x00000003c0000000, 0x00000003d7f00000, 0x000000066ab00000)
  object space 392192K, 47% used [0x00000003c0000000,0x00000003cb746c20,0x00000003d7f00000)
 Metaspace       used 86274K, capacity 87294K, committed 87512K, reserved 1124352K
  class space    used 12244K, capacity 12500K, committed 12504K, reserved 1048576K
Event: 97.303 GC heap after
Heap after GC invocations=73 (full 7):
 PSYoungGen      total 2091520K, used 2048K [0x000000066ab00000, 0x00000006eb480000, 0x00000007c0000000)
  eden space 2088960K, 0% used [0x000000066ab00000,0x000000066ab00000,0x00000006ea300000)
  from space 2560K, 80% used [0x00000006eb200000,0x00000006eb400010,0x00000006eb480000)
  to   space 6656K, 0% used [0x00000006ea780000,0x00000006ea780000,0x00000006eae00000)
 ParOldGen       total 392192K, used 187675K [0x00000003c0000000, 0x00000003d7f00000, 0x000000066ab00000)
  object space 392192K, 47% used [0x00000003c0000000,0x00000003cb746c20,0x00000003d7f00000)
 Metaspace       used 86274K, capacity 87294K, committed 87512K, reserved 1124352K
  class space    used 12244K, capacity 12500K, committed 12504K, reserved 1048576K
}
Event: 98.859 GC heap before
{Heap before GC invocations=74 (full 7):
 PSYoungGen      total 2091520K, used 2091008K [0x000000066ab00000, 0x00000006eb480000, 0x00000007c0000000)
  eden space 2088960K, 100% used [0x000000066ab00000,0x00000006ea300000,0x00000006ea300000)
  from space 2560K, 80% used [0x00000006eb200000,0x00000006eb400010,0x00000006eb480000)
  to   space 6656K, 0% used [0x00000006ea780000,0x00000006ea780000,0x00000006eae00000)
 ParOldGen       total 392192K, used 187675K [0x00000003c0000000, 0x00000003d7f00000, 0x000000066ab00000)
  object space 392192K, 47% used [0x00000003c0000000,0x00000003cb746c20,0x00000003d7f00000)
 Metaspace       used 86274K, capacity 87294K, committed 87512K, reserved 1124352K
  class space    used 12244K, capacity 12500K, committed 12504K, reserved 1048576K
Event: 98.863 GC heap after
Heap after GC invocations=74 (full 7):
 PSYoungGen      total 2100224K, used 1408K [0x000000066ab00000, 0x00000006efa00000, 0x00000007c0000000)
  eden space 2093568K, 0% used [0x000000066ab00000,0x000000066ab00000,0x00000006ea780000)
  from space 6656K, 21% used [0x00000006ea780000,0x00000006ea8e0010,0x00000006eae00000)
  to   space 6656K, 0% used [0x00000006ef380000,0x00000006ef380000,0x00000006efa00000)
 ParOldGen       total 392192K, used 187675K [0x00000003c0000000, 0x00000003d7f00000, 0x000000066ab00000)
  object space 392192K, 47% used [0x00000003c0000000,0x00000003cb746c20,0x00000003d7f00000)
 Metaspace       used 86274K, capacity 87294K, committed 87512K, reserved 1124352K
  class space    used 12244K, capacity 12500K, committed 12504K, reserved 1048576K
}
Event: 100.383 GC heap before
{Heap before GC invocations=75 (full 7):
 PSYoungGen      total 2100224K, used 2094976K [0x000000066ab00000, 0x00000006efa00000, 0x00000007c0000000)
  eden space 2093568K, 100% used [0x000000066ab00000,0x00000006ea780000,0x00000006ea780000)
  from space 6656K, 21% used [0x00000006ea780000,0x00000006ea8e0010,0x00000006eae00000)
  to   space 6656K, 0% used [0x00000006ef380000,0x00000006ef380000,0x00000006efa00000)
 ParOldGen       total 392192K, used 187675K [0x00000003c0000000, 0x00000003d7f00000, 0x000000066ab00000)
  object space 392192K, 47% used [0x00000003c0000000,0x00000003cb746c20,0x00000003d7f00000)
 Metaspace       used 86274K, capacity 87294K, committed 87512K, reserved 1124352K
  class space    used 12244K, capacity 12500K, committed 12504K, reserved 1048576K
Event: 100.388 GC heap after
Heap after GC invocations=75 (full 7):
 PSYoungGen      total 2171392K, used 1888K [0x000000066ab00000, 0x00000006efa80000, 0x00000007c0000000)
  eden space 2164736K, 0% used [0x000000066ab00000,0x000000066ab00000,0x00000006eed00000)
  from space 6656K, 28% used [0x00000006ef380000,0x00000006ef558010,0x00000006efa00000)
  to   space 6656K, 0% used [0x00000006eed00000,0x00000006eed00000,0x00000006ef380000)
 ParOldGen       total 392192K, used 187683K [0x00000003c0000000, 0x00000003d7f00000, 0x000000066ab00000)
  object space 392192K, 47% used [0x00000003c0000000,0x00000003cb748c20,0x00000003d7f00000)
 Metaspace       used 86274K, capacity 87294K, committed 87512K, reserved 1124352K
  class space    used 12244K, capacity 12500K, committed 12504K, reserved 1048576K
}
Event: 101.994 GC heap before
{Heap before GC invocations=76 (full 7):
 PSYoungGen      total 2171392K, used 2166624K [0x000000066ab00000, 0x00000006efa80000, 0x00000007c0000000)
  eden space 2164736K, 100% used [0x000000066ab00000,0x00000006eed00000,0x00000006eed00000)
  from space 6656K, 28% used [0x00000006ef380000,0x00000006ef558010,0x00000006efa00000)
  to   space 6656K, 0% used [0x00000006eed00000,0x00000006eed00000,0x00000006ef380000)
 ParOldGen       total 392192K, used 187683K [0x00000003c0000000, 0x00000003d7f00000, 0x000000066ab00000)
  object space 392192K, 47% used [0x00000003c0000000,0x00000003cb748c20,0x00000003d7f00000)
 Metaspace       used 86278K, capacity 87294K, committed 87512K, reserved 1124352K
  class space    used 12244K, capacity 12500K, committed 12504K, reserved 1048576K
Event: 101.999 GC heap after
Heap after GC invocations=76 (full 7):
 PSYoungGen      total 2171392K, used 2400K [0x000000066ab00000, 0x00000006f3e80000, 0x00000007c0000000)
  eden space 2164736K, 0% used [0x000000066ab00000,0x000000066ab00000,0x00000006eed00000)
  from space 6656K, 36% used [0x00000006eed00000,0x00000006eef58010,0x00000006ef380000)
  to   space 6144K, 0% used [0x00000006f3880000,0x00000006f3880000,0x00000006f3e80000)
 ParOldGen       total 392192K, used 187683K [0x00000003c0000000, 0x00000003d7f00000, 0x000000066ab00000)
  object space 392192K, 47% used [0x00000003c0000000,0x00000003cb748c20,0x00000003d7f00000)
 Metaspace       used 86278K, capacity 87294K, committed 87512K, reserved 1124352K
  class space    used 12244K, capacity 12500K, committed 12504K, reserved 1048576K
}
Event: 103.586 GC heap before
{Heap before GC invocations=77 (full 7):
 PSYoungGen      total 2171392K, used 2167136K [0x000000066ab00000, 0x00000006f3e80000, 0x00000007c0000000)
  eden space 2164736K, 100% used [0x000000066ab00000,0x00000006eed00000,0x00000006eed00000)
  from space 6656K, 36% used [0x00000006eed00000,0x00000006eef58010,0x00000006ef380000)
  to   space 6144K, 0% used [0x00000006f3880000,0x00000006f3880000,0x00000006f3e80000)
 ParOldGen       total 392192K, used 187683K [0x00000003c0000000, 0x00000003d7f00000, 0x000000066ab00000)
  object space 392192K, 47% used [0x00000003c0000000,0x00000003cb748c20,0x00000003d7f00000)
 Metaspace       used 86278K, capacity 87294K, committed 87512K, reserved 1124352K
  class space    used 12244K, capacity 12500K, committed 12504K, reserved 1048576K
Event: 103.591 GC heap after
Heap after GC invocations=77 (full 7):
 PSYoungGen      total 2236928K, used 2144K [0x000000066ab00000, 0x00000006f3c00000, 0x00000007c0000000)
  eden space 2233344K, 0% used [0x000000066ab00000,0x000000066ab00000,0x00000006f3000000)
  from space 3584K, 59% used [0x00000006f3880000,0x00000006f3a98010,0x00000006f3c00000)
  to   space 6144K, 0% used [0x00000006f3000000,0x00000006f3000000,0x00000006f3600000)
 ParOldGen       total 392192K, used 187699K [0x00000003c0000000, 0x00000003d7f00000, 0x000000066ab00000)
  object space 392192K, 47% used [0x00000003c0000000,0x00000003cb74cc20,0x00000003d7f00000)
 Metaspace       used 86278K, capacity 87294K, committed 87512K, reserved 1124352K
  class space    used 12244K, capacity 12500K, committed 12504K, reserved 1048576K
}
Event: 105.286 GC heap before
{Heap before GC invocations=78 (full 7):
 PSYoungGen      total 2236928K, used 2235488K [0x000000066ab00000, 0x00000006f3c00000, 0x00000007c0000000)
  eden space 2233344K, 100% used [0x000000066ab00000,0x00000006f3000000,0x00000006f3000000)
  from space 3584K, 59% used [0x00000006f3880000,0x00000006f3a98010,0x00000006f3c00000)
  to   space 6144K, 0% used [0x00000006f3000000,0x00000006f3000000,0x00000006f3600000)
 ParOldGen       total 392192K, used 187699K [0x00000003c0000000, 0x00000003d7f00000, 0x000000066ab00000)
  object space 392192K, 47% used [0x00000003c0000000,0x00000003cb74cc20,0x00000003d7f00000)
 Metaspace       used 86279K, capacity 87294K, committed 87512K, reserved 1124352K
  class space    used 12244K, capacity 12500K, committed 12504K, reserved 1048576K
Event: 105.297 GC heap after
Heap after GC invocations=78 (full 7):
 PSYoungGen      total 2239488K, used 5630K [0x000000066ab00000, 0x00000006f8d00000, 0x00000007c0000000)
  eden space 2233344K, 0% used [0x000000066ab00000,0x000000066ab00000,0x00000006f3000000)
  from space 6144K, 91% used [0x00000006f3000000,0x00000006f357fbc0,0x00000006f3600000)
  to   space 6656K, 0% used [0x00000006f8680000,0x00000006f8680000,0x00000006f8d00000)
 ParOldGen       total 392192K, used 187699K [0x00000003c0000000, 0x00000003d7f00000, 0x000000066ab00000)
  object space 392192K, 47% used [0x00000003c0000000,0x00000003cb74cc20,0x00000003d7f00000)
 Metaspace       used 86279K, capacity 87294K, committed 87512K, reserved 1124352K
  class space    used 12244K, capacity 12500K, committed 12504K, reserved 1048576K
}
Event: 106.883 GC heap before
{Heap before GC invocations=79 (full 7):
 PSYoungGen      total 2239488K, used 2238974K [0x000000066ab00000, 0x00000006f8d00000, 0x00000007c0000000)
  eden space 2233344K, 100% used [0x000000066ab00000,0x00000006f3000000,0x00000006f3000000)
  from space 6144K, 91% used [0x00000006f3000000,0x00000006f357fbc0,0x00000006f3600000)
  to   space 6656K, 0% used [0x00000006f8680000,0x00000006f8680000,0x00000006f8d00000)
 ParOldGen       total 392192K, used 187699K [0x00000003c0000000, 0x00000003d7f00000, 0x000000066ab00000)
  object space 392192K, 47% used [0x00000003c0000000,0x00000003cb74cc20,0x00000003d7f00000)
 Metaspace       used 86285K, capacity 87294K, committed 87512K, reserved 1124352K
  class space    used 12244K, capacity 12500K, committed 12504K, reserved 1048576K
Event: 106.887 GC heap after
Heap after GC invocations=79 (full 7):
 PSYoungGen      total 2311168K, used 1792K [0x000000066ab00000, 0x00000006f8880000, 0x00000007c0000000)
  eden space 2309120K, 0% used [0x000000066ab00000,0x000000066ab00000,0x00000006f7a00000)
  from space 2048K, 87% used [0x00000006f8680000,0x00000006f8840010,0x00000006f8880000)
  to   space 6656K, 0% used [0x00000006f7b80000,0x00000006f7b80000,0x00000006f8200000)
 ParOldGen       total 392192K, used 187699K [0x00000003c0000000, 0x00000003d7f00000, 0x000000066ab00000)
  object space 392192K, 47% used [0x00000003c0000000,0x00000003cb74cc20,0x00000003d7f00000)
 Metaspace       used 86285K, capacity 87294K, committed 87512K, reserved 1124352K
  class space    used 12244K, capacity 12500K, committed 12504K, reserved 1048576K
}
Event: 108.606 GC heap before
{Heap before GC invocations=80 (full 7):
 PSYoungGen      total 2311168K, used 2310912K [0x000000066ab00000, 0x00000006f8880000, 0x00000007c0000000)
  eden space 2309120K, 100% used [0x000000066ab00000,0x00000006f7a00000,0x00000006f7a00000)
  from space 2048K, 87% used [0x00000006f8680000,0x00000006f8840010,0x00000006f8880000)
  to   space 6656K, 0% used [0x00000006f7b80000,0x00000006f7b80000,0x00000006f8200000)
 ParOldGen       total 392192K, used 187699K [0x00000003c0000000, 0x00000003d7f00000, 0x000000066ab00000)
  object space 392192K, 47% used [0x00000003c0000000,0x00000003cb74cc20,0x00000003d7f00000)
 Metaspace       used 86285K, capacity 87294K, committed 87512K, reserved 1124352K
  class space    used 12244K, capacity 12500K, committed 12504K, reserved 1048576K
Event: 108.609 GC heap after
Heap after GC invocations=80 (full 7):
 PSYoungGen      total 2317312K, used 1600K [0x000000066ab00000, 0x00000006fcc80000, 0x00000007c0000000)
  eden space 2310656K, 0% used [0x000000066ab00000,0x000000066ab00000,0x00000006f7b80000)
  from space 6656K, 24% used [0x00000006f7b80000,0x00000006f7d10010,0x00000006f8200000)
  to   space 6656K, 0% used [0x00000006fc600000,0x00000006fc600000,0x00000006fcc80000)
 ParOldGen       total 392192K, used 187699K [0x00000003c0000000, 0x00000003d7f00000, 0x000000066ab00000)
  object space 392192K, 47% used [0x00000003c0000000,0x00000003cb74cc20,0x00000003d7f00000)
 Metaspace       used 86285K, capacity 87294K, committed 87512K, reserved 1124352K
  class space    used 12244K, capacity 12500K, committed 12504K, reserved 1048576K
}
Event: 110.280 GC heap before
{Heap before GC invocations=81 (full 7):
 PSYoungGen      total 2317312K, used 2312256K [0x000000066ab00000, 0x00000006fcc80000, 0x00000007c0000000)
  eden space 2310656K, 100% used [0x000000066ab00000,0x00000006f7b80000,0x00000006f7b80000)
  from space 6656K, 24% used [0x00000006f7b80000,0x00000006f7d10010,0x00000006f8200000)
  to   space 6656K, 0% used [0x00000006fc600000,0x00000006fc600000,0x00000006fcc80000)
 ParOldGen       total 392192K, used 187699K [0x00000003c0000000, 0x00000003d7f00000, 0x000000066ab00000)
  object space 392192K, 47% used [0x00000003c0000000,0x00000003cb74cc20,0x00000003d7f00000)
 Metaspace       used 86285K, capacity 87294K, committed 87512K, reserved 1124352K
  class space    used 12244K, capacity 12500K, committed 12504K, reserved 1048576K
Event: 110.285 GC heap after
Heap after GC invocations=81 (full 7):
 PSYoungGen      total 2384896K, used 2323K [0x000000066ab00000, 0x00000006fcb00000, 0x00000007c0000000)
  eden space 2379776K, 0% used [0x000000066ab00000,0x000000066ab00000,0x00000006fbf00000)
  from space 5120K, 45% used [0x00000006fc600000,0x00000006fc844c00,0x00000006fcb00000)
  to   space 6144K, 0% used [0x00000006fbf00000,0x00000006fbf00000,0x00000006fc500000)
 ParOldGen       total 392192K, used 187699K [0x00000003c0000000, 0x00000003d7f00000, 0x000000066ab00000)
  object space 392192K, 47% used [0x00000003c0000000,0x00000003cb74cc20,0x00000003d7f00000)
 Metaspace       used 86285K, capacity 87294K, committed 87512K, reserved 1124352K
  class space    used 12244K, capacity 12500K, committed 12504K, reserved 1048576K
}
Event: 111.987 GC heap before
{Heap before GC invocations=82 (full 7):
 PSYoungGen      total 2384896K, used 2382099K [0x000000066ab00000, 0x00000006fcb00000, 0x00000007c0000000)
  eden space 2379776K, 100% used [0x000000066ab00000,0x00000006fbf00000,0x00000006fbf00000)
  from space 5120K, 45% used [0x00000006fc600000,0x00000006fc844c00,0x00000006fcb00000)
  to   space 6144K, 0% used [0x00000006fbf00000,0x00000006fbf00000,0x00000006fc500000)
 ParOldGen       total 392192K, used 187699K [0x00000003c0000000, 0x00000003d7f00000, 0x000000066ab00000)
  object space 392192K, 47% used [0x00000003c0000000,0x00000003cb74cc20,0x00000003d7f00000)
 Metaspace       used 86288K, capacity 87294K, committed 87512K, reserved 1124352K
  class space    used 12244K, capacity 12500K, committed 12504K, reserved 1048576K
Event: 111.992 GC heap after
Heap after GC invocations=82 (full 7):
 PSYoungGen      total 2385920K, used 2144K [0x000000066ab00000, 0x0000000700e80000, 0x00000007c0000000)
  eden space 2379776K, 0% used [0x000000066ab00000,0x000000066ab00000,0x00000006fbf00000)
  from space 6144K, 34% used [0x00000006fbf00000,0x00000006fc118010,0x00000006fc500000)
  to   space 6144K, 0% used [0x0000000700880000,0x0000000700880000,0x0000000700e80000)
 ParOldGen       total 392192K, used 187699K [0x00000003c0000000, 0x00000003d7f00000, 0x000000066ab00000)
  object space 392192K, 47% used [0x00000003c0000000,0x00000003cb74cc20,0x00000003d7f00000)
 Metaspace       used 86288K, capacity 87294K, committed 87512K, reserved 1124352K
  class space    used 12244K, capacity 12500K, committed 12504K, reserved 1048576K
}
Event: 113.730 GC heap before
{Heap before GC invocations=83 (full 7):
 PSYoungGen      total 2385920K, used 2381920K [0x000000066ab00000, 0x0000000700e80000, 0x00000007c0000000)
  eden space 2379776K, 100% used [0x000000066ab00000,0x00000006fbf00000,0x00000006fbf00000)
  from space 6144K, 34% used [0x00000006fbf00000,0x00000006fc118010,0x00000006fc500000)
  to   space 6144K, 0% used [0x0000000700880000,0x0000000700880000,0x0000000700e80000)
 ParOldGen       total 392192K, used 187699K [0x00000003c0000000, 0x00000003d7f00000, 0x000000066ab00000)
  object space 392192K, 47% used [0x00000003c0000000,0x00000003cb74cc20,0x00000003d7f00000)
 Metaspace       used 86288K, capacity 87294K, committed 87512K, reserved 1124352K
  class space    used 12244K, capacity 12500K, committed 12504K, reserved 1048576K
Event: 113.735 GC heap after
Heap after GC invocations=83 (full 7):
 PSYoungGen      total 2448384K, used 2112K [0x000000066ab00000, 0x0000000700b00000, 0x00000007c0000000)
  eden space 2445824K, 0% used [0x000000066ab00000,0x000000066ab00000,0x00000006fff80000)
  from space 2560K, 82% used [0x0000000700880000,0x0000000700a90010,0x0000000700b00000)
  to   space 5632K, 0% used [0x0000000700000000,0x0000000700000000,0x0000000700580000)
 ParOldGen       total 392192K, used 187707K [0x00000003c0000000, 0x00000003d7f00000, 0x000000066ab00000)
  object space 392192K, 47% used [0x00000003c0000000,0x00000003cb74ec20,0x00000003d7f00000)
 Metaspace       used 86288K, capacity 87294K, committed 87512K, reserved 1124352K
  class space    used 12244K, capacity 12500K, committed 12504K, reserved 1048576K
}
Event: 115.558 GC heap before
{Heap before GC invocations=84 (full 7):
 PSYoungGen      total 2448384K, used 2447936K [0x000000066ab00000, 0x0000000700b00000, 0x00000007c0000000)
  eden space 2445824K, 100% used [0x000000066ab00000,0x00000006fff80000,0x00000006fff80000)
  from space 2560K, 82% used [0x0000000700880000,0x0000000700a90010,0x0000000700b00000)
  to   space 5632K, 0% used [0x0000000700000000,0x0000000700000000,0x0000000700580000)
 ParOldGen       total 392192K, used 187707K [0x00000003c0000000, 0x00000003d7f00000, 0x000000066ab00000)
  object space 392192K, 47% used [0x00000003c0000000,0x00000003cb74ec20,0x00000003d7f00000)
 Metaspace       used 86288K, capacity 87294K, committed 87512K, reserved 1124352K
  class space    used 12244K, capacity 12500K, committed 12504K, reserved 1048576K
Event: 115.568 GC heap after
Heap after GC invocations=84 (full 7):
 PSYoungGen      total 2451968K, used 4096K [0x000000066ab00000, 0x0000000705800000, 0x00000007c0000000)
  eden space 2446336K, 0% used [0x000000066ab00000,0x000000066ab00000,0x0000000700000000)
  from space 5632K, 72% used [0x0000000700000000,0x0000000700400020,0x0000000700580000)
  to   space 6144K, 0% used [0x0000000705200000,0x0000000705200000,0x0000000705800000)
 ParOldGen       total 392192K, used 187715K [0x00000003c0000000, 0x00000003d7f00000, 0x000000066ab00000)
  object space 392192K, 47% used [0x00000003c0000000,0x00000003cb750c20,0x00000003d7f00000)
 Metaspace       used 86288K, capacity 87294K, committed 87512K, reserved 1124352K
  class space    used 12244K, capacity 12500K, committed 12504K, reserved 1048576K
}
Event: 117.351 GC heap before
{Heap before GC invocations=85 (full 7):
 PSYoungGen      total 2451968K, used 2450432K [0x000000066ab00000, 0x0000000705800000, 0x00000007c0000000)
  eden space 2446336K, 100% used [0x000000066ab00000,0x0000000700000000,0x0000000700000000)
  from space 5632K, 72% used [0x0000000700000000,0x0000000700400020,0x0000000700580000)
  to   space 6144K, 0% used [0x0000000705200000,0x0000000705200000,0x0000000705800000)
 ParOldGen       total 392192K, used 187715K [0x00000003c0000000, 0x00000003d7f00000, 0x000000066ab00000)
  object space 392192K, 47% used [0x00000003c0000000,0x00000003cb750c20,0x00000003d7f00000)
 Metaspace       used 86288K, capacity 87294K, committed 87512K, reserved 1124352K
  class space    used 12244K, capacity 12500K, committed 12504K, reserved 1048576K
Event: 117.355 GC heap after
Heap after GC invocations=85 (full 7):
 PSYoungGen      total 2521088K, used 1888K [0x000000066ab00000, 0x0000000705400000, 0x00000007c0000000)
  eden space 2519040K, 0% used [0x000000066ab00000,0x000000066ab00000,0x0000000704700000)
  from space 2048K, 92% used [0x0000000705200000,0x00000007053d8010,0x0000000705400000)
  to   space 6144K, 0% used [0x0000000704800000,0x0000000704800000,0x0000000704e00000)
 ParOldGen       total 392192K, used 187715K [0x00000003c0000000, 0x00000003d7f00000, 0x000000066ab00000)
  object space 392192K, 47% used [0x00000003c0000000,0x00000003cb750c20,0x00000003d7f00000)
 Metaspace       used 86288K, capacity 87294K, committed 87512K, reserved 1124352K
  class space    used 12244K, capacity 12500K, committed 12504K, reserved 1048576K
}
Event: 119.251 GC heap before
{Heap before GC invocations=86 (full 7):
 PSYoungGen      total 2521088K, used 2520928K [0x000000066ab00000, 0x0000000705400000, 0x00000007c0000000)
  eden space 2519040K, 100% used [0x000000066ab00000,0x0000000704700000,0x0000000704700000)
  from space 2048K, 92% used [0x0000000705200000,0x00000007053d8010,0x0000000705400000)
  to   space 6144K, 0% used [0x0000000704800000,0x0000000704800000,0x0000000704e00000)
 ParOldGen       total 392192K, used 187715K [0x00000003c0000000, 0x00000003d7f00000, 0x000000066ab00000)
  object space 392192K, 47% used [0x00000003c0000000,0x00000003cb750c20,0x00000003d7f00000)
 Metaspace       used 86289K, capacity 87294K, committed 87512K, reserved 1124352K
  class space    used 12244K, capacity 12500K, committed 12504K, reserved 1048576K
Event: 119.260 GC heap after
Heap after GC invocations=86 (full 7):
 PSYoungGen      total 2526208K, used 2592K [0x000000066ab00000, 0x000000070a300000, 0x00000007c0000000)
  eden space 2520064K, 0% used [0x000000066ab00000,0x000000066ab00000,0x0000000704800000)
  from space 6144K, 42% used [0x0000000704800000,0x0000000704a88010,0x0000000704e00000)
  to   space 5632K, 0% used [0x0000000709d80000,0x0000000709d80000,0x000000070a300000)
 ParOldGen       total 392192K, used 187723K [0x00000003c0000000, 0x00000003d7f00000, 0x000000066ab00000)
  object space 392192K, 47% used [0x00000003c0000000,0x00000003cb752c20,0x00000003d7f00000)
 Metaspace       used 86289K, capacity 87294K, committed 87512K, reserved 1124352K
  class space    used 12244K, capacity 12500K, committed 12504K, reserved 1048576K
}
Event: 121.179 GC heap before
{Heap before GC invocations=87 (full 7):
 PSYoungGen      total 2526208K, used 2522656K [0x000000066ab00000, 0x000000070a300000, 0x00000007c0000000)
  eden space 2520064K, 100% used [0x000000066ab00000,0x0000000704800000,0x0000000704800000)
  from space 6144K, 42% used [0x0000000704800000,0x0000000704a88010,0x0000000704e00000)
  to   space 5632K, 0% used [0x0000000709d80000,0x0000000709d80000,0x000000070a300000)
 ParOldGen       total 392192K, used 187723K [0x00000003c0000000, 0x00000003d7f00000, 0x000000066ab00000)
  object space 392192K, 47% used [0x00000003c0000000,0x00000003cb752c20,0x00000003d7f00000)
 Metaspace       used 86295K, capacity 87358K, committed 87512K, reserved 1124352K
  class space    used 12245K, capacity 12500K, committed 12504K, reserved 1048576K
Event: 121.187 GC heap after
Heap after GC invocations=87 (full 7):
 PSYoungGen      total 2607104K, used 4651K [0x000000066ab00000, 0x000000070a700000, 0x00000007c0000000)
  eden space 2601472K, 0% used [0x000000066ab00000,0x000000066ab00000,0x0000000709780000)
  from space 5632K, 82% used [0x0000000709d80000,0x000000070a20add8,0x000000070a300000)
  to   space 6144K, 0% used [0x0000000709780000,0x0000000709780000,0x0000000709d80000)
 ParOldGen       total 392192K, used 187723K [0x00000003c0000000, 0x00000003d7f00000, 0x000000066ab00000)
  object space 392192K, 47% used [0x00000003c0000000,0x00000003cb752c20,0x00000003d7f00000)
 Metaspace       used 86295K, capacity 87358K, committed 87512K, reserved 1124352K
  class space    used 12245K, capacity 12500K, committed 12504K, reserved 1048576K
}
Event: 123.093 GC heap before
{Heap before GC invocations=88 (full 7):
 PSYoungGen      total 2607104K, used 2606123K [0x000000066ab00000, 0x000000070a700000, 0x00000007c0000000)
  eden space 2601472K, 100% used [0x000000066ab00000,0x0000000709780000,0x0000000709780000)
  from space 5632K, 82% used [0x0000000709d80000,0x000000070a20add8,0x000000070a300000)
  to   space 6144K, 0% used [0x0000000709780000,0x0000000709780000,0x0000000709d80000)
 ParOldGen       total 392192K, used 187723K [0x00000003c0000000, 0x00000003d7f00000, 0x000000066ab00000)
  object space 392192K, 47% used [0x00000003c0000000,0x00000003cb752c20,0x00000003d7f00000)
 Metaspace       used 86676K, capacity 87746K, committed 87896K, reserved 1124352K
  class space    used 12252K, capacity 12514K, committed 12632K, reserved 1048576K

