# JRE version: OpenJDK Runtime Environment (8.0_252-b09) (build 1.8.0_252-b09)
# Java VM: OpenJDK 64-Bit Server VM (25.252-b09 mixed mode linux-amd64 compressed oops)
Heap:
 PSYoungGen      total 2659328K, used 3552K [0x000000066ab00000, 0x000000070d700000, 0x00000007c0000000)
  eden space 2653184K, 0% used [0x000000066ab00000,0x000000066ab00000,0x000000070ca00000)
  from space 6144K, 57% used [0x000000070cb00000,0x000000070ce78000,0x000000070d100000)
  to   space 2560K, 0% used [0x000000070d480000,0x000000070d480000,0x000000070d700000)
 ParOldGen       total 248320K, used 146567K [0x00000003c0000000, 0x00000003cf280000, 0x000000066ab00000)
  object space 248320K, 59% used [0x00000003c0000000,0x00000003c8f21f10,0x00000003cf280000)
 Metaspace       used 106614K, capacity 108193K, committed 108436K, reserved 1142784K
  class space    used 13807K, capacity 14139K, committed 14268K, reserved 1048576K
GC Heap History (235 events):
Event: 1.582 GC heap before
{Heap before GC invocations=1 (full 0):
 PSYoungGen      total 18432K, used 15872K [0x000000066ab00000, 0x000000066bf80000, 0x00000007c0000000)
  eden space 15872K, 100% used [0x000000066ab00000,0x000000066ba80000,0x000000066ba80000)
  from space 2560K, 0% used [0x000000066bd00000,0x000000066bd00000,0x000000066bf80000)
  to   space 2560K, 0% used [0x000000066ba80000,0x000000066ba80000,0x000000066bd00000)
 ParOldGen       total 42496K, used 0K [0x00000003c0000000, 0x00000003c2980000, 0x000000066ab00000)
  object space 42496K, 0% used [0x00000003c0000000,0x00000003c0000000,0x00000003c2980000)
 Metaspace       used 4970K, capacity 5944K, committed 6016K, reserved 1056768K
  class space    used 542K, capacity 616K, committed 640K, reserved 1048576K
Event: 1.585 GC heap after
Heap after GC invocations=1 (full 0):
 PSYoungGen      total 18432K, used 2555K [0x000000066ab00000, 0x000000066bf80000, 0x00000007c0000000)
  eden space 15872K, 0% used [0x000000066ab00000,0x000000066ab00000,0x000000066ba80000)
  from space 2560K, 99% used [0x000000066ba80000,0x000000066bcfeca0,0x000000066bd00000)
  to   space 2560K, 0% used [0x000000066bd00000,0x000000066bd00000,0x000000066bf80000)
 ParOldGen       total 42496K, used 474K [0x00000003c0000000, 0x00000003c2980000, 0x000000066ab00000)
  object space 42496K, 1% used [0x00000003c0000000,0x00000003c0076a60,0x00000003c2980000)
 Metaspace       used 4970K, capacity 5944K, committed 6016K, reserved 1056768K
  class space    used 542K, capacity 616K, committed 640K, reserved 1048576K
}
Event: 2.279 GC heap before
{Heap before GC invocations=2 (full 0):
 PSYoungGen      total 18432K, used 18427K [0x000000066ab00000, 0x000000066bf80000, 0x00000007c0000000)
  eden space 15872K, 100% used [0x000000066ab00000,0x000000066ba80000,0x000000066ba80000)
  from space 2560K, 99% used [0x000000066ba80000,0x000000066bcfeca0,0x000000066bd00000)
  to   space 2560K, 0% used [0x000000066bd00000,0x000000066bd00000,0x000000066bf80000)
 ParOldGen       total 42496K, used 474K [0x00000003c0000000, 0x00000003c2980000, 0x000000066ab00000)
  object space 42496K, 1% used [0x00000003c0000000,0x00000003c0076a60,0x00000003c2980000)
 Metaspace       used 9281K, capacity 9376K, committed 9472K, reserved 1056768K
  class space    used 1220K, capacity 1232K, committed 1280K, reserved 1048576K
Event: 2.283 GC heap after
Heap after GC invocations=2 (full 0):
 PSYoungGen      total 18432K, used 2535K [0x000000066ab00000, 0x000000066bf80000, 0x00000007c0000000)
  eden space 15872K, 0% used [0x000000066ab00000,0x000000066ab00000,0x000000066ba80000)
  from space 2560K, 99% used [0x000000066bd00000,0x000000066bf79ee0,0x000000066bf80000)
  to   space 2560K, 0% used [0x000000066ba80000,0x000000066ba80000,0x000000066bd00000)
 ParOldGen       total 42496K, used 1621K [0x00000003c0000000, 0x00000003c2980000, 0x000000066ab00000)
  object space 42496K, 3% used [0x00000003c0000000,0x00000003c01954c0,0x00000003c2980000)
 Metaspace       used 9281K, capacity 9376K, committed 9472K, reserved 1056768K
  class space    used 1220K, capacity 1232K, committed 1280K, reserved 1048576K
}
Event: 2.880 GC heap before
{Heap before GC invocations=3 (full 0):
 PSYoungGen      total 18432K, used 18407K [0x000000066ab00000, 0x000000066bf80000, 0x00000007c0000000)
  eden space 15872K, 100% used [0x000000066ab00000,0x000000066ba80000,0x000000066ba80000)
  from space 2560K, 99% used [0x000000066bd00000,0x000000066bf79ee0,0x000000066bf80000)
  to   space 2560K, 0% used [0x000000066ba80000,0x000000066ba80000,0x000000066bd00000)
 ParOldGen       total 42496K, used 1621K [0x00000003c0000000, 0x00000003c2980000, 0x000000066ab00000)
  object space 42496K, 3% used [0x00000003c0000000,0x00000003c01954c0,0x00000003c2980000)
 Metaspace       used 11352K, capacity 11424K, committed 11648K, reserved 1058816K
  class space    used 1531K, capacity 1552K, committed 1664K, reserved 1048576K
Event: 2.883 GC heap after
Heap after GC invocations=3 (full 0):
 PSYoungGen      total 18432K, used 2532K [0x000000066ab00000, 0x000000066bf80000, 0x00000007c0000000)
  eden space 15872K, 0% used [0x000000066ab00000,0x000000066ab00000,0x000000066ba80000)
  from space 2560K, 98% used [0x000000066ba80000,0x000000066bcf9278,0x000000066bd00000)
  to   space 2560K, 0% used [0x000000066bd00000,0x000000066bd00000,0x000000066bf80000)
 ParOldGen       total 42496K, used 2848K [0x00000003c0000000, 0x00000003c2980000, 0x000000066ab00000)
  object space 42496K, 6% used [0x00000003c0000000,0x00000003c02c81c8,0x00000003c2980000)
 Metaspace       used 11352K, capacity 11424K, committed 11648K, reserved 1058816K
  class space    used 1531K, capacity 1552K, committed 1664K, reserved 1048576K
}
Event: 3.069 GC heap before
{Heap before GC invocations=4 (full 0):
 PSYoungGen      total 18432K, used 18404K [0x000000066ab00000, 0x000000066bf80000, 0x00000007c0000000)
  eden space 15872K, 100% used [0x000000066ab00000,0x000000066ba80000,0x000000066ba80000)
  from space 2560K, 98% used [0x000000066ba80000,0x000000066bcf9278,0x000000066bd00000)
  to   space 2560K, 0% used [0x000000066bd00000,0x000000066bd00000,0x000000066bf80000)
 ParOldGen       total 42496K, used 2848K [0x00000003c0000000, 0x00000003c2980000, 0x000000066ab00000)
  object space 42496K, 6% used [0x00000003c0000000,0x00000003c02c81c8,0x00000003c2980000)
 Metaspace       used 12927K, capacity 13056K, committed 13312K, reserved 1060864K
  class space    used 1728K, capacity 1776K, committed 1792K, reserved 1048576K
Event: 3.074 GC heap after
Heap after GC invocations=4 (full 0):
 PSYoungGen      total 18432K, used 2542K [0x000000066ab00000, 0x000000066bf80000, 0x00000007c0000000)
  eden space 15872K, 0% used [0x000000066ab00000,0x000000066ab00000,0x000000066ba80000)
  from space 2560K, 99% used [0x000000066bd00000,0x000000066bf7ba28,0x000000066bf80000)
  to   space 2560K, 0% used [0x000000066ba80000,0x000000066ba80000,0x000000066bd00000)
 ParOldGen       total 42496K, used 3868K [0x00000003c0000000, 0x00000003c2980000, 0x000000066ab00000)
  object space 42496K, 9% used [0x00000003c0000000,0x00000003c03c7108,0x00000003c2980000)
 Metaspace       used 12927K, capacity 13056K, committed 13312K, reserved 1060864K
  class space    used 1728K, capacity 1776K, committed 1792K, reserved 1048576K
}
Event: 3.427 GC heap before
{Heap before GC invocations=5 (full 0):
 PSYoungGen      total 18432K, used 18414K [0x000000066ab00000, 0x000000066bf80000, 0x00000007c0000000)
  eden space 15872K, 100% used [0x000000066ab00000,0x000000066ba80000,0x000000066ba80000)
  from space 2560K, 99% used [0x000000066bd00000,0x000000066bf7ba28,0x000000066bf80000)
  to   space 2560K, 0% used [0x000000066ba80000,0x000000066ba80000,0x000000066bd00000)
 ParOldGen       total 42496K, used 3868K [0x00000003c0000000, 0x00000003c2980000, 0x000000066ab00000)
  object space 42496K, 9% used [0x00000003c0000000,0x00000003c03c7108,0x00000003c2980000)
 Metaspace       used 17373K, capacity 17672K, committed 17920K, reserved 1064960K
  class space    used 2167K, capacity 2282K, committed 2304K, reserved 1048576K
Event: 3.438 GC heap after
Heap after GC invocations=5 (full 0):
 PSYoungGen      total 18432K, used 2558K [0x000000066ab00000, 0x000000066d500000, 0x00000007c0000000)
  eden space 15872K, 0% used [0x000000066ab00000,0x000000066ab00000,0x000000066ba80000)
  from space 2560K, 99% used [0x000000066ba80000,0x000000066bcffa38,0x000000066bd00000)
  to   space 5632K, 0% used [0x000000066cf80000,0x000000066cf80000,0x000000066d500000)
 ParOldGen       total 42496K, used 6731K [0x00000003c0000000, 0x00000003c2980000, 0x000000066ab00000)
  object space 42496K, 15% used [0x00000003c0000000,0x00000003c0692fc8,0x00000003c2980000)
 Metaspace       used 17373K, capacity 17672K, committed 17920K, reserved 1064960K
  class space    used 2167K, capacity 2282K, committed 2304K, reserved 1048576K
}
Event: 3.771 GC heap before
{Heap before GC invocations=6 (full 0):
 PSYoungGen      total 18432K, used 18430K [0x000000066ab00000, 0x000000066d500000, 0x00000007c0000000)
  eden space 15872K, 100% used [0x000000066ab00000,0x000000066ba80000,0x000000066ba80000)
  from space 2560K, 99% used [0x000000066ba80000,0x000000066bcffa38,0x000000066bd00000)
  to   space 5632K, 0% used [0x000000066cf80000,0x000000066cf80000,0x000000066d500000)
 ParOldGen       total 42496K, used 6731K [0x00000003c0000000, 0x00000003c2980000, 0x000000066ab00000)
  object space 42496K, 15% used [0x00000003c0000000,0x00000003c0692fc8,0x00000003c2980000)
 Metaspace       used 19305K, capacity 19542K, committed 19712K, reserved 1067008K
  class space    used 2390K, capacity 2479K, committed 2560K, reserved 1048576K
Event: 3.778 GC heap after
Heap after GC invocations=6 (full 0):
 PSYoungGen      total 37376K, used 4393K [0x000000066ab00000, 0x000000066d500000, 0x00000007c0000000)
  eden space 31744K, 0% used [0x000000066ab00000,0x000000066ab00000,0x000000066ca00000)
  from space 5632K, 78% used [0x000000066cf80000,0x000000066d3ca720,0x000000066d500000)
  to   space 5632K, 0% used [0x000000066ca00000,0x000000066ca00000,0x000000066cf80000)
 ParOldGen       total 42496K, used 6739K [0x00000003c0000000, 0x00000003c2980000, 0x000000066ab00000)
  object space 42496K, 15% used [0x00000003c0000000,0x00000003c0694fc8,0x00000003c2980000)
 Metaspace       used 19305K, capacity 19542K, committed 19712K, reserved 1067008K
  class space    used 2390K, capacity 2479K, committed 2560K, reserved 1048576K
}
Event: 4.957 GC heap before
{Heap before GC invocations=7 (full 0):
 PSYoungGen      total 37376K, used 36137K [0x000000066ab00000, 0x000000066d500000, 0x00000007c0000000)
  eden space 31744K, 100% used [0x000000066ab00000,0x000000066ca00000,0x000000066ca00000)
  from space 5632K, 78% used [0x000000066cf80000,0x000000066d3ca720,0x000000066d500000)
  to   space 5632K, 0% used [0x000000066ca00000,0x000000066ca00000,0x000000066cf80000)
 ParOldGen       total 42496K, used 6739K [0x00000003c0000000, 0x00000003c2980000, 0x000000066ab00000)
  object space 42496K, 15% used [0x00000003c0000000,0x00000003c0694fc8,0x00000003c2980000)
 Metaspace       used 19818K, capacity 20078K, committed 20480K, reserved 1067008K
  class space    used 2399K, capacity 2483K, committed 2560K, reserved 1048576K
Event: 4.973 GC heap after
Heap after GC invocations=7 (full 0):
 PSYoungGen      total 37376K, used 4817K [0x000000066ab00000, 0x000000066f400000, 0x00000007c0000000)
  eden space 31744K, 0% used [0x000000066ab00000,0x000000066ab00000,0x000000066ca00000)
  from space 5632K, 85% used [0x000000066ca00000,0x000000066ceb44a0,0x000000066cf80000)
  to   space 5632K, 0% used [0x000000066ee80000,0x000000066ee80000,0x000000066f400000)
 ParOldGen       total 42496K, used 8164K [0x00000003c0000000, 0x00000003c2980000, 0x000000066ab00000)
  object space 42496K, 19% used [0x00000003c0000000,0x00000003c07f9260,0x00000003c2980000)
 Metaspace       used 19818K, capacity 20078K, committed 20480K, reserved 1067008K
  class space    used 2399K, capacity 2483K, committed 2560K, reserved 1048576K
}
Event: 5.790 GC heap before
{Heap before GC invocations=8 (full 0):
 PSYoungGen      total 37376K, used 36561K [0x000000066ab00000, 0x000000066f400000, 0x00000007c0000000)
  eden space 31744K, 100% used [0x000000066ab00000,0x000000066ca00000,0x000000066ca00000)
  from space 5632K, 85% used [0x000000066ca00000,0x000000066ceb44a0,0x000000066cf80000)
  to   space 5632K, 0% used [0x000000066ee80000,0x000000066ee80000,0x000000066f400000)
 ParOldGen       total 42496K, used 8164K [0x00000003c0000000, 0x00000003c2980000, 0x000000066ab00000)
  object space 42496K, 19% used [0x00000003c0000000,0x00000003c07f9260,0x00000003c2980000)
 Metaspace       used 20080K, capacity 20346K, committed 20736K, reserved 1067008K
  class space    used 2401K, capacity 2485K, committed 2560K, reserved 1048576K
Event: 5.798 GC heap after
Heap after GC invocations=8 (full 0):
 PSYoungGen      total 68608K, used 5377K [0x000000066ab00000, 0x000000066f500000, 0x00000007c0000000)
  eden space 62976K, 0% used [0x000000066ab00000,0x000000066ab00000,0x000000066e880000)
  from space 5632K, 95% used [0x000000066ee80000,0x000000066f3c04a0,0x000000066f400000)
  to   space 6144K, 0% used [0x000000066e880000,0x000000066e880000,0x000000066ee80000)
 ParOldGen       total 42496K, used 8791K [0x00000003c0000000, 0x00000003c2980000, 0x000000066ab00000)
  object space 42496K, 20% used [0x00000003c0000000,0x00000003c0895fd0,0x00000003c2980000)
 Metaspace       used 20080K, capacity 20346K, committed 20736K, reserved 1067008K
  class space    used 2401K, capacity 2485K, committed 2560K, reserved 1048576K
}
Event: 7.355 GC heap before
{Heap before GC invocations=9 (full 0):
 PSYoungGen      total 68608K, used 68353K [0x000000066ab00000, 0x000000066f500000, 0x00000007c0000000)
  eden space 62976K, 100% used [0x000000066ab00000,0x000000066e880000,0x000000066e880000)
  from space 5632K, 95% used [0x000000066ee80000,0x000000066f3c04a0,0x000000066f400000)
  to   space 6144K, 0% used [0x000000066e880000,0x000000066e880000,0x000000066ee80000)
 ParOldGen       total 42496K, used 8791K [0x00000003c0000000, 0x00000003c2980000, 0x000000066ab00000)
  object space 42496K, 20% used [0x00000003c0000000,0x00000003c0895fd0,0x00000003c2980000)
 Metaspace       used 20343K, capacity 20602K, committed 20992K, reserved 1067008K
  class space    used 2401K, capacity 2485K, committed 2560K, reserved 1048576K
Event: 7.374 GC heap after
Heap after GC invocations=9 (full 0):
 PSYoungGen      total 69120K, used 6064K [0x000000066ab00000, 0x0000000671a80000, 0x00000007c0000000)
  eden space 62976K, 0% used [0x000000066ab00000,0x000000066ab00000,0x000000066e880000)
  from space 6144K, 98% used [0x000000066e880000,0x000000066ee6c230,0x000000066ee80000)
  to   space 6656K, 0% used [0x0000000671400000,0x0000000671400000,0x0000000671a80000)
 ParOldGen       total 42496K, used 10316K [0x00000003c0000000, 0x00000003c2980000, 0x000000066ab00000)
  object space 42496K, 24% used [0x00000003c0000000,0x00000003c0a13270,0x00000003c2980000)
 Metaspace       used 20343K, capacity 20602K, committed 20992K, reserved 1067008K
  class space    used 2401K, capacity 2485K, committed 2560K, reserved 1048576K
}
Event: 8.874 GC heap before
{Heap before GC invocations=10 (full 0):
 PSYoungGen      total 69120K, used 69040K [0x000000066ab00000, 0x0000000671a80000, 0x00000007c0000000)
  eden space 62976K, 100% used [0x000000066ab00000,0x000000066e880000,0x000000066e880000)
  from space 6144K, 98% used [0x000000066e880000,0x000000066ee6c230,0x000000066ee80000)
  to   space 6656K, 0% used [0x0000000671400000,0x0000000671400000,0x0000000671a80000)
 ParOldGen       total 42496K, used 10316K [0x00000003c0000000, 0x00000003c2980000, 0x000000066ab00000)
  object space 42496K, 24% used [0x00000003c0000000,0x00000003c0a13270,0x00000003c2980000)
 Metaspace       used 20535K, capacity 20794K, committed 20992K, reserved 1067008K
  class space    used 2409K, capacity 2485K, committed 2560K, reserved 1048576K
Event: 8.882 GC heap after
Heap after GC invocations=10 (full 0):
 PSYoungGen      total 107520K, used 4160K [0x000000066ab00000, 0x0000000671a80000, 0x00000007c0000000)
  eden space 100864K, 0% used [0x000000066ab00000,0x000000066ab00000,0x0000000670d80000)
  from space 6656K, 62% used [0x0000000671400000,0x0000000671810040,0x0000000671a80000)
  to   space 6656K, 0% used [0x0000000670d80000,0x0000000670d80000,0x0000000671400000)
 ParOldGen       total 42496K, used 13543K [0x00000003c0000000, 0x00000003c2980000, 0x000000066ab00000)
  object space 42496K, 31% used [0x00000003c0000000,0x00000003c0d39e70,0x00000003c2980000)
 Metaspace       used 20535K, capacity 20794K, committed 20992K, reserved 1067008K
  class space    used 2409K, capacity 2485K, committed 2560K, reserved 1048576K
}
Event: 9.396 GC heap before
{Heap before GC invocations=11 (full 0):
 PSYoungGen      total 107520K, used 105024K [0x000000066ab00000, 0x0000000671a80000, 0x00000007c0000000)
  eden space 100864K, 100% used [0x000000066ab00000,0x0000000670d80000,0x0000000670d80000)
  from space 6656K, 62% used [0x0000000671400000,0x0000000671810040,0x0000000671a80000)
  to   space 6656K, 0% used [0x0000000670d80000,0x0000000670d80000,0x0000000671400000)
 ParOldGen       total 42496K, used 13543K [0x00000003c0000000, 0x00000003c2980000, 0x000000066ab00000)
  object space 42496K, 31% used [0x00000003c0000000,0x00000003c0d39e70,0x00000003c2980000)
 Metaspace       used 20536K, capacity 20794K, committed 20992K, reserved 1067008K
  class space    used 2409K, capacity 2485K, committed 2560K, reserved 1048576K
Event: 9.401 GC heap after
Heap after GC invocations=11 (full 0):
 PSYoungGen      total 107520K, used 96K [0x000000066ab00000, 0x0000000675700000, 0x00000007c0000000)
  eden space 100864K, 0% used [0x000000066ab00000,0x000000066ab00000,0x0000000670d80000)
  from space 6656K, 1% used [0x0000000670d80000,0x0000000670d98030,0x0000000671400000)
  to   space 7168K, 0% used [0x0000000675000000,0x0000000675000000,0x0000000675700000)
 ParOldGen       total 42496K, used 16819K [0x00000003c0000000, 0x00000003c2980000, 0x000000066ab00000)
  object space 42496K, 39% used [0x00000003c0000000,0x00000003c106cdd0,0x00000003c2980000)
 Metaspace       used 20536K, capacity 20794K, committed 20992K, reserved 1067008K
  class space    used 2409K, capacity 2485K, committed 2560K, reserved 1048576K
}
Event: 9.900 GC heap before
{Heap before GC invocations=12 (full 0):
 PSYoungGen      total 107520K, used 100960K [0x000000066ab00000, 0x0000000675700000, 0x00000007c0000000)
  eden space 100864K, 100% used [0x000000066ab00000,0x0000000670d80000,0x0000000670d80000)
  from space 6656K, 1% used [0x0000000670d80000,0x0000000670d98030,0x0000000671400000)
  to   space 7168K, 0% used [0x0000000675000000,0x0000000675000000,0x0000000675700000)
 ParOldGen       total 42496K, used 16819K [0x00000003c0000000, 0x00000003c2980000, 0x000000066ab00000)
  object space 42496K, 39% used [0x00000003c0000000,0x00000003c106cdd0,0x00000003c2980000)
 Metaspace       used 20537K, capacity 20794K, committed 20992K, reserved 1067008K
  class space    used 2409K, capacity 2485K, committed 2560K, reserved 1048576K
Event: 9.901 GC heap after
Heap after GC invocations=12 (full 0):
 PSYoungGen      total 97280K, used 176K [0x000000066ab00000, 0x0000000675080000, 0x00000007c0000000)
  eden space 96768K, 0% used [0x000000066ab00000,0x000000066ab00000,0x0000000670980000)
  from space 512K, 34% used [0x0000000675000000,0x000000067502c030,0x0000000675080000)
  to   space 7680K, 0% used [0x0000000674180000,0x0000000674180000,0x0000000674900000)
 ParOldGen       total 42496K, used 16835K [0x00000003c0000000, 0x00000003c2980000, 0x000000066ab00000)
  object space 42496K, 39% used [0x00000003c0000000,0x00000003c1070dd0,0x00000003c2980000)
 Metaspace       used 20537K, capacity 20794K, committed 20992K, reserved 1067008K
  class space    used 2409K, capacity 2485K, committed 2560K, reserved 1048576K
}
Event: 10.438 GC heap before
{Heap before GC invocations=13 (full 0):
 PSYoungGen      total 97280K, used 96944K [0x000000066ab00000, 0x0000000675080000, 0x00000007c0000000)
  eden space 96768K, 100% used [0x000000066ab00000,0x0000000670980000,0x0000000670980000)
  from space 512K, 34% used [0x0000000675000000,0x000000067502c030,0x0000000675080000)
  to   space 7680K, 0% used [0x0000000674180000,0x0000000674180000,0x0000000674900000)
 ParOldGen       total 42496K, used 16835K [0x00000003c0000000, 0x00000003c2980000, 0x000000066ab00000)
  object space 42496K, 39% used [0x00000003c0000000,0x00000003c1070dd0,0x00000003c2980000)
 Metaspace       used 20540K, capacity 20794K, committed 20992K, reserved 1067008K
  class space    used 2409K, capacity 2485K, committed 2560K, reserved 1048576K
Event: 10.440 GC heap after
Heap after GC invocations=13 (full 0):
 PSYoungGen      total 100352K, used 272K [0x000000066ab00000, 0x0000000675080000, 0x00000007c0000000)
  eden space 92672K, 0% used [0x000000066ab00000,0x000000066ab00000,0x0000000670580000)
  from space 7680K, 3% used [0x0000000674180000,0x00000006741c4020,0x0000000674900000)
  to   space 7680K, 0% used [0x0000000674900000,0x0000000674900000,0x0000000675080000)
 ParOldGen       total 42496K, used 16859K [0x00000003c0000000, 0x00000003c2980000, 0x000000066ab00000)
  object space 42496K, 39% used [0x00000003c0000000,0x00000003c1076dd0,0x00000003c2980000)
 Metaspace       used 20540K, capacity 20794K, committed 20992K, reserved 1067008K
  class space    used 2409K, capacity 2485K, committed 2560K, reserved 1048576K
}
Event: 10.882 GC heap before
{Heap before GC invocations=14 (full 0):
 PSYoungGen      total 100352K, used 92944K [0x000000066ab00000, 0x0000000675080000, 0x00000007c0000000)
  eden space 92672K, 100% used [0x000000066ab00000,0x0000000670580000,0x0000000670580000)
  from space 7680K, 3% used [0x0000000674180000,0x00000006741c4020,0x0000000674900000)
  to   space 7680K, 0% used [0x0000000674900000,0x0000000674900000,0x0000000675080000)
 ParOldGen       total 42496K, used 16859K [0x00000003c0000000, 0x00000003c2980000, 0x000000066ab00000)
  object space 42496K, 39% used [0x00000003c0000000,0x00000003c1076dd0,0x00000003c2980000)
 Metaspace       used 20547K, capacity 20794K, committed 20992K, reserved 1067008K
  class space    used 2409K, capacity 2485K, committed 2560K, reserved 1048576K
Event: 10.883 GC heap after
Heap after GC invocations=14 (full 0):
 PSYoungGen      total 89600K, used 208K [0x000000066ab00000, 0x0000000674980000, 0x00000007c0000000)
  eden space 89088K, 0% used [0x000000066ab00000,0x000000066ab00000,0x0000000670200000)
  from space 512K, 40% used [0x0000000674900000,0x0000000674934020,0x0000000674980000)
  to   space 7680K, 0% used [0x0000000673a80000,0x0000000673a80000,0x0000000674200000)
 ParOldGen       total 42496K, used 16875K [0x00000003c0000000, 0x00000003c2980000, 0x000000066ab00000)
  object space 42496K, 39% used [0x00000003c0000000,0x00000003c107add0,0x00000003c2980000)
 Metaspace       used 20547K, capacity 20794K, committed 20992K, reserved 1067008K
  class space    used 2409K, capacity 2485K, committed 2560K, reserved 1048576K
}
Event: 11.329 GC heap before
{Heap before GC invocations=15 (full 0):
 PSYoungGen      total 89600K, used 89296K [0x000000066ab00000, 0x0000000674980000, 0x00000007c0000000)
  eden space 89088K, 100% used [0x000000066ab00000,0x0000000670200000,0x0000000670200000)
  from space 512K, 40% used [0x0000000674900000,0x0000000674934020,0x0000000674980000)
  to   space 7680K, 0% used [0x0000000673a80000,0x0000000673a80000,0x0000000674200000)
 ParOldGen       total 42496K, used 16875K [0x00000003c0000000, 0x00000003c2980000, 0x000000066ab00000)
  object space 42496K, 39% used [0x00000003c0000000,0x00000003c107add0,0x00000003c2980000)
 Metaspace       used 20558K, capacity 20794K, committed 20992K, reserved 1067008K
  class space    used 2409K, capacity 2485K, committed 2560K, reserved 1048576K
Event: 11.329 GC heap after
Heap after GC invocations=15 (full 0):
 PSYoungGen      total 93184K, used 176K [0x000000066ab00000, 0x0000000674980000, 0x00000007c0000000)
  eden space 85504K, 0% used [0x000000066ab00000,0x000000066ab00000,0x000000066fe80000)
  from space 7680K, 2% used [0x0000000673a80000,0x0000000673aac030,0x0000000674200000)
  to   space 7680K, 0% used [0x0000000674200000,0x0000000674200000,0x0000000674980000)
 ParOldGen       total 42496K, used 16891K [0x00000003c0000000, 0x00000003c2980000, 0x000000066ab00000)
  object space 42496K, 39% used [0x00000003c0000000,0x00000003c107edd0,0x00000003c2980000)
 Metaspace       used 20558K, capacity 20794K, committed 20992K, reserved 1067008K
  class space    used 2409K, capacity 2485K, committed 2560K, reserved 1048576K
}
Event: 11.729 GC heap before
{Heap before GC invocations=16 (full 0):
 PSYoungGen      total 93184K, used 85680K [0x000000066ab00000, 0x0000000674980000, 0x00000007c0000000)
  eden space 85504K, 100% used [0x000000066ab00000,0x000000066fe80000,0x000000066fe80000)
  from space 7680K, 2% used [0x0000000673a80000,0x0000000673aac030,0x0000000674200000)
  to   space 7680K, 0% used [0x0000000674200000,0x0000000674200000,0x0000000674980000)
 ParOldGen       total 42496K, used 16891K [0x00000003c0000000, 0x00000003c2980000, 0x000000066ab00000)
  object space 42496K, 39% used [0x00000003c0000000,0x00000003c107edd0,0x00000003c2980000)
 Metaspace       used 20558K, capacity 20794K, committed 20992K, reserved 1067008K
  class space    used 2409K, capacity 2485K, committed 2560K, reserved 1048576K
Event: 11.730 GC heap after
Heap after GC invocations=16 (full 0):
 PSYoungGen      total 82432K, used 32K [0x000000066ab00000, 0x0000000674280000, 0x00000007c0000000)
  eden space 81920K, 0% used [0x000000066ab00000,0x000000066ab00000,0x000000066fb00000)
  from space 512K, 6% used [0x0000000674200000,0x0000000674208000,0x0000000674280000)
  to   space 7680K, 0% used [0x0000000673380000,0x0000000673380000,0x0000000673b00000)
 ParOldGen       total 42496K, used 16979K [0x00000003c0000000, 0x00000003c2980000, 0x000000066ab00000)
  object space 42496K, 39% used [0x00000003c0000000,0x00000003c1094df0,0x00000003c2980000)
 Metaspace       used 20558K, capacity 20794K, committed 20992K, reserved 1067008K
  class space    used 2409K, capacity 2485K, committed 2560K, reserved 1048576K
}
Event: 12.110 GC heap before
{Heap before GC invocations=17 (full 0):
 PSYoungGen      total 82432K, used 81952K [0x000000066ab00000, 0x0000000674280000, 0x00000007c0000000)
  eden space 81920K, 100% used [0x000000066ab00000,0x000000066fb00000,0x000000066fb00000)
  from space 512K, 6% used [0x0000000674200000,0x0000000674208000,0x0000000674280000)
  to   space 7680K, 0% used [0x0000000673380000,0x0000000673380000,0x0000000673b00000)
 ParOldGen       total 42496K, used 16979K [0x00000003c0000000, 0x00000003c2980000, 0x000000066ab00000)
  object space 42496K, 39% used [0x00000003c0000000,0x00000003c1094df0,0x00000003c2980000)
 Metaspace       used 20558K, capacity 20794K, committed 20992K, reserved 1067008K
  class space    used 2409K, capacity 2485K, committed 2560K, reserved 1048576K
Event: 12.111 GC heap after
Heap after GC invocations=17 (full 0):
 PSYoungGen      total 86528K, used 48K [0x000000066ab00000, 0x0000000674280000, 0x00000007c0000000)
  eden space 78848K, 0% used [0x000000066ab00000,0x000000066ab00000,0x000000066f800000)
  from space 7680K, 0% used [0x0000000673380000,0x000000067338c020,0x0000000673b00000)
  to   space 7680K, 0% used [0x0000000673b00000,0x0000000673b00000,0x0000000674280000)
 ParOldGen       total 42496K, used 16979K [0x00000003c0000000, 0x00000003c2980000, 0x000000066ab00000)
  object space 42496K, 39% used [0x00000003c0000000,0x00000003c1094df0,0x00000003c2980000)
 Metaspace       used 20558K, capacity 20794K, committed 20992K, reserved 1067008K
  class space    used 2409K, capacity 2485K, committed 2560K, reserved 1048576K
}
Event: 12.464 GC heap before
{Heap before GC invocations=18 (full 0):
 PSYoungGen      total 86528K, used 78896K [0x000000066ab00000, 0x0000000674280000, 0x00000007c0000000)
  eden space 78848K, 100% used [0x000000066ab00000,0x000000066f800000,0x000000066f800000)
  from space 7680K, 0% used [0x0000000673380000,0x000000067338c020,0x0000000673b00000)
  to   space 7680K, 0% used [0x0000000673b00000,0x0000000673b00000,0x0000000674280000)
 ParOldGen       total 42496K, used 16979K [0x00000003c0000000, 0x00000003c2980000, 0x000000066ab00000)
  object space 42496K, 39% used [0x00000003c0000000,0x00000003c1094df0,0x00000003c2980000)
 Metaspace       used 20558K, capacity 20794K, committed 20992K, reserved 1067008K
  class space    used 2409K, capacity 2485K, committed 2560K, reserved 1048576K
Event: 12.465 GC heap after
Heap after GC invocations=18 (full 0):
 PSYoungGen      total 76288K, used 48K [0x000000066ab00000, 0x0000000673b80000, 0x00000007c0000000)
  eden space 75776K, 0% used [0x000000066ab00000,0x000000066ab00000,0x000000066f500000)
  from space 512K, 9% used [0x0000000673b00000,0x0000000673b0c010,0x0000000673b80000)
  to   space 7680K, 0% used [0x0000000672c80000,0x0000000672c80000,0x0000000673400000)
 ParOldGen       total 42496K, used 16979K [0x00000003c0000000, 0x00000003c2980000, 0x000000066ab00000)
  object space 42496K, 39% used [0x00000003c0000000,0x00000003c1094df0,0x00000003c2980000)
 Metaspace       used 20558K, capacity 20794K, committed 20992K, reserved 1067008K
  class space    used 2409K, capacity 2485K, committed 2560K, reserved 1048576K
}
Event: 12.844 GC heap before
{Heap before GC invocations=19 (full 0):
 PSYoungGen      total 76288K, used 75824K [0x000000066ab00000, 0x0000000673b80000, 0x00000007c0000000)
  eden space 75776K, 100% used [0x000000066ab00000,0x000000066f500000,0x000000066f500000)
  from space 512K, 9% used [0x0000000673b00000,0x0000000673b0c010,0x0000000673b80000)
  to   space 7680K, 0% used [0x0000000672c80000,0x0000000672c80000,0x0000000673400000)
 ParOldGen       total 42496K, used 16979K [0x00000003c0000000, 0x00000003c2980000, 0x000000066ab00000)
  object space 42496K, 39% used [0x00000003c0000000,0x00000003c1094df0,0x00000003c2980000)
 Metaspace       used 20558K, capacity 20794K, committed 20992K, reserved 1067008K
  class space    used 2409K, capacity 2485K, committed 2560K, reserved 1048576K
Event: 12.845 GC heap after
Heap after GC invocations=19 (full 0):
 PSYoungGen      total 80384K, used 32K [0x000000066ab00000, 0x0000000673b80000, 0x00000007c0000000)
  eden space 72704K, 0% used [0x000000066ab00000,0x000000066ab00000,0x000000066f200000)
  from space 7680K, 0% used [0x0000000672c80000,0x0000000672c88000,0x0000000673400000)
  to   space 7168K, 0% used [0x0000000673480000,0x0000000673480000,0x0000000673b80000)
 ParOldGen       total 42496K, used 16979K [0x00000003c0000000, 0x00000003c2980000, 0x000000066ab00000)
  object space 42496K, 39% used [0x00000003c0000000,0x00000003c1094df0,0x00000003c2980000)
 Metaspace       used 20558K, capacity 20794K, committed 20992K, reserved 1067008K
  class space    used 2409K, capacity 2485K, committed 2560K, reserved 1048576K
}
Event: 13.205 GC heap before
{Heap before GC invocations=20 (full 0):
 PSYoungGen      total 80384K, used 72736K [0x000000066ab00000, 0x0000000673b80000, 0x00000007c0000000)
  eden space 72704K, 100% used [0x000000066ab00000,0x000000066f200000,0x000000066f200000)
  from space 7680K, 0% used [0x0000000672c80000,0x0000000672c88000,0x0000000673400000)
  to   space 7168K, 0% used [0x0000000673480000,0x0000000673480000,0x0000000673b80000)
 ParOldGen       total 42496K, used 16979K [0x00000003c0000000, 0x00000003c2980000, 0x000000066ab00000)
  object space 42496K, 39% used [0x00000003c0000000,0x00000003c1094df0,0x00000003c2980000)
 Metaspace       used 20558K, capacity 20794K, committed 20992K, reserved 1067008K
  class space    used 2409K, capacity 2485K, committed 2560K, reserved 1048576K
Event: 13.206 GC heap after
Heap after GC invocations=20 (full 0):
 PSYoungGen      total 70656K, used 48K [0x000000066ab00000, 0x0000000673500000, 0x00000007c0000000)
  eden space 70144K, 0% used [0x000000066ab00000,0x000000066ab00000,0x000000066ef80000)
  from space 512K, 9% used [0x0000000673480000,0x000000067348c010,0x0000000673500000)
  to   space 7168K, 0% used [0x0000000672700000,0x0000000672700000,0x0000000672e00000)
 ParOldGen       total 42496K, used 16979K [0x00000003c0000000, 0x00000003c2980000, 0x000000066ab00000)
  object space 42496K, 39% used [0x00000003c0000000,0x00000003c1094df0,0x00000003c2980000)
 Metaspace       used 20558K, capacity 20794K, committed 20992K, reserved 1067008K
  class space    used 2409K, capacity 2485K, committed 2560K, reserved 1048576K
}
Event: 13.535 GC heap before
{Heap before GC invocations=21 (full 0):
 PSYoungGen      total 70656K, used 70192K [0x000000066ab00000, 0x0000000673500000, 0x00000007c0000000)
  eden space 70144K, 100% used [0x000000066ab00000,0x000000066ef80000,0x000000066ef80000)
  from space 512K, 9% used [0x0000000673480000,0x000000067348c010,0x0000000673500000)
  to   space 7168K, 0% used [0x0000000672700000,0x0000000672700000,0x0000000672e00000)
 ParOldGen       total 42496K, used 16979K [0x00000003c0000000, 0x00000003c2980000, 0x000000066ab00000)
  object space 42496K, 39% used [0x00000003c0000000,0x00000003c1094df0,0x00000003c2980000)
 Metaspace       used 20558K, capacity 20794K, committed 20992K, reserved 1067008K
  class space    used 2409K, capacity 2485K, committed 2560K, reserved 1048576K
Event: 13.536 GC heap after
Heap after GC invocations=21 (full 0):
 PSYoungGen      total 74752K, used 48K [0x000000066ab00000, 0x0000000673500000, 0x00000007c0000000)
  eden space 67584K, 0% used [0x000000066ab00000,0x000000066ab00000,0x000000066ed00000)
  from space 7168K, 0% used [0x0000000672700000,0x000000067270c020,0x0000000672e00000)
  to   space 6656K, 0% used [0x0000000672e80000,0x0000000672e80000,0x0000000673500000)
 ParOldGen       total 42496K, used 16979K [0x00000003c0000000, 0x00000003c2980000, 0x000000066ab00000)
  object space 42496K, 39% used [0x00000003c0000000,0x00000003c1094df0,0x00000003c2980000)
 Metaspace       used 20558K, capacity 20794K, committed 20992K, reserved 1067008K
  class space    used 2409K, capacity 2485K, committed 2560K, reserved 1048576K
}
Event: 16.779 GC heap before
{Heap before GC invocations=22 (full 0):
 PSYoungGen      total 74752K, used 40912K [0x000000066ab00000, 0x0000000673500000, 0x00000007c0000000)
  eden space 67584K, 60% used [0x000000066ab00000,0x000000066d2e83b0,0x000000066ed00000)
  from space 7168K, 0% used [0x0000000672700000,0x000000067270c020,0x0000000672e00000)
  to   space 6656K, 0% used [0x0000000672e80000,0x0000000672e80000,0x0000000673500000)
 ParOldGen       total 42496K, used 16979K [0x00000003c0000000, 0x00000003c2980000, 0x000000066ab00000)
  object space 42496K, 39% used [0x00000003c0000000,0x00000003c1094df0,0x00000003c2980000)
 Metaspace       used 20858K, capacity 21114K, committed 21248K, reserved 1069056K
  class space    used 2450K, capacity 2549K, committed 2560K, reserved 1048576K
Event: 16.783 GC heap after
Heap after GC invocations=22 (full 0):
 PSYoungGen      total 65536K, used 415K [0x000000066ab00000, 0x0000000672f00000, 0x00000007c0000000)
  eden space 65024K, 0% used [0x000000066ab00000,0x000000066ab00000,0x000000066ea80000)
  from space 512K, 81% used [0x0000000672e80000,0x0000000672ee7dd8,0x0000000672f00000)
  to   space 6656K, 0% used [0x0000000672200000,0x0000000672200000,0x0000000672880000)
 ParOldGen       total 42496K, used 16987K [0x00000003c0000000, 0x00000003c2980000, 0x000000066ab00000)
  object space 42496K, 39% used [0x00000003c0000000,0x00000003c1096df0,0x00000003c2980000)
 Metaspace       used 20858K, capacity 21114K, committed 21248K, reserved 1069056K
  class space    used 2450K, capacity 2549K, committed 2560K, reserved 1048576K
}
Event: 16.783 GC heap before
{Heap before GC invocations=23 (full 1):
 PSYoungGen      total 65536K, used 415K [0x000000066ab00000, 0x0000000672f00000, 0x00000007c0000000)
  eden space 65024K, 0% used [0x000000066ab00000,0x000000066ab00000,0x000000066ea80000)
  from space 512K, 81% used [0x0000000672e80000,0x0000000672ee7dd8,0x0000000672f00000)
  to   space 6656K, 0% used [0x0000000672200000,0x0000000672200000,0x0000000672880000)
 ParOldGen       total 42496K, used 16987K [0x00000003c0000000, 0x00000003c2980000, 0x000000066ab00000)
  object space 42496K, 39% used [0x00000003c0000000,0x00000003c1096df0,0x00000003c2980000)
 Metaspace       used 20858K, capacity 21114K, committed 21248K, reserved 1069056K
  class space    used 2450K, capacity 2549K, committed 2560K, reserved 1048576K
Event: 16.817 GC heap after
Heap after GC invocations=23 (full 1):
 PSYoungGen      total 65536K, used 0K [0x000000066ab00000, 0x0000000672f00000, 0x00000007c0000000)
  eden space 65024K, 0% used [0x000000066ab00000,0x000000066ab00000,0x000000066ea80000)
  from space 512K, 0% used [0x0000000672e80000,0x0000000672e80000,0x0000000672f00000)
  to   space 6656K, 0% used [0x0000000672200000,0x0000000672200000,0x0000000672880000)
 ParOldGen       total 25088K, used 5863K [0x00000003c0000000, 0x00000003c1880000, 0x000000066ab00000)
  object space 25088K, 23% used [0x00000003c0000000,0x00000003c05b9c60,0x00000003c1880000)
 Metaspace       used 20858K, capacity 21114K, committed 21248K, reserved 1069056K
  class space    used 2450K, capacity 2549K, committed 2560K, reserved 1048576K
}
Event: 17.719 GC heap before
{Heap before GC invocations=24 (full 1):
 PSYoungGen      total 65536K, used 65024K [0x000000066ab00000, 0x0000000672f00000, 0x00000007c0000000)
  eden space 65024K, 100% used [0x000000066ab00000,0x000000066ea80000,0x000000066ea80000)
  from space 512K, 0% used [0x0000000672e80000,0x0000000672e80000,0x0000000672f00000)
  to   space 6656K, 0% used [0x0000000672200000,0x0000000672200000,0x0000000672880000)
 ParOldGen       total 25088K, used 5863K [0x00000003c0000000, 0x00000003c1880000, 0x000000066ab00000)
  object space 25088K, 23% used [0x00000003c0000000,0x00000003c05b9c60,0x00000003c1880000)
 Metaspace       used 25517K, capacity 25802K, committed 26240K, reserved 1073152K
  class space    used 3076K, capacity 3169K, committed 3200K, reserved 1048576K
Event: 17.730 GC heap after
Heap after GC invocations=24 (full 1):
 PSYoungGen      total 67584K, used 4940K [0x000000066ab00000, 0x0000000672f00000, 0x00000007c0000000)
  eden space 62464K, 0% used [0x000000066ab00000,0x000000066ab00000,0x000000066e800000)
  from space 5120K, 96% used [0x0000000672200000,0x00000006726d30a8,0x0000000672700000)
  to   space 7168K, 0% used [0x0000000672800000,0x0000000672800000,0x0000000672f00000)
 ParOldGen       total 25088K, used 5871K [0x00000003c0000000, 0x00000003c1880000, 0x000000066ab00000)
  object space 25088K, 23% used [0x00000003c0000000,0x00000003c05bbc60,0x00000003c1880000)
 Metaspace       used 25517K, capacity 25802K, committed 26240K, reserved 1073152K
  class space    used 3076K, capacity 3169K, committed 3200K, reserved 1048576K
}
Event: 18.598 GC heap before
{Heap before GC invocations=25 (full 1):
 PSYoungGen      total 67584K, used 67404K [0x000000066ab00000, 0x0000000672f00000, 0x00000007c0000000)
  eden space 62464K, 100% used [0x000000066ab00000,0x000000066e800000,0x000000066e800000)
  from space 5120K, 96% used [0x0000000672200000,0x00000006726d30a8,0x0000000672700000)
  to   space 7168K, 0% used [0x0000000672800000,0x0000000672800000,0x0000000672f00000)
 ParOldGen       total 25088K, used 5871K [0x00000003c0000000, 0x00000003c1880000, 0x000000066ab00000)
  object space 25088K, 23% used [0x00000003c0000000,0x00000003c05bbc60,0x00000003c1880000)
 Metaspace       used 32064K, capacity 32374K, committed 32896K, reserved 1077248K
  class space    used 3987K, capacity 4099K, committed 4224K, reserved 1048576K
Event: 18.608 GC heap after
Heap after GC invocations=25 (full 1):
 PSYoungGen      total 67584K, used 6722K [0x000000066ab00000, 0x0000000672f00000, 0x00000007c0000000)
  eden space 60416K, 0% used [0x000000066ab00000,0x000000066ab00000,0x000000066e600000)
  from space 7168K, 93% used [0x0000000672800000,0x0000000672e90868,0x0000000672f00000)
  to   space 8704K, 0% used [0x0000000671e00000,0x0000000671e00000,0x0000000672680000)
 ParOldGen       total 25088K, used 6747K [0x00000003c0000000, 0x00000003c1880000, 0x000000066ab00000)
  object space 25088K, 26% used [0x00000003c0000000,0x00000003c0696ed8,0x00000003c1880000)
 Metaspace       used 32064K, capacity 32374K, committed 32896K, reserved 1077248K
  class space    used 3987K, capacity 4099K, committed 4224K, reserved 1048576K
}
Event: 19.056 GC heap before
{Heap before GC invocations=26 (full 1):
 PSYoungGen      total 67584K, used 31684K [0x000000066ab00000, 0x0000000672f00000, 0x00000007c0000000)
  eden space 60416K, 41% used [0x000000066ab00000,0x000000066c3608a8,0x000000066e600000)
  from space 7168K, 93% used [0x0000000672800000,0x0000000672e90868,0x0000000672f00000)
  to   space 8704K, 0% used [0x0000000671e00000,0x0000000671e00000,0x0000000672680000)
 ParOldGen       total 25088K, used 6747K [0x00000003c0000000, 0x00000003c1880000, 0x000000066ab00000)
  object space 25088K, 26% used [0x00000003c0000000,0x00000003c0696ed8,0x00000003c1880000)
 Metaspace       used 34867K, capacity 35094K, committed 35416K, reserved 1081344K
  class space    used 4391K, capacity 4451K, committed 4480K, reserved 1048576K
Event: 19.062 GC heap after
Heap after GC invocations=26 (full 1):
 PSYoungGen      total 78848K, used 3177K [0x000000066ab00000, 0x0000000672880000, 0x00000007c0000000)
  eden space 75264K, 0% used [0x000000066ab00000,0x000000066ab00000,0x000000066f480000)
  from space 3584K, 88% used [0x0000000671e00000,0x000000067211a510,0x0000000672180000)
  to   space 7168K, 0% used [0x0000000672180000,0x0000000672180000,0x0000000672880000)
 ParOldGen       total 25088K, used 8179K [0x00000003c0000000, 0x00000003c1880000, 0x000000066ab00000)
  object space 25088K, 32% used [0x00000003c0000000,0x00000003c07fcfc8,0x00000003c1880000)
 Metaspace       used 34867K, capacity 35094K, committed 35416K, reserved 1081344K
  class space    used 4391K, capacity 4451K, committed 4480K, reserved 1048576K
}
Event: 19.062 GC heap before
{Heap before GC invocations=27 (full 2):
 PSYoungGen      total 78848K, used 3177K [0x000000066ab00000, 0x0000000672880000, 0x00000007c0000000)
  eden space 75264K, 0% used [0x000000066ab00000,0x000000066ab00000,0x000000066f480000)
  from space 3584K, 88% used [0x0000000671e00000,0x000000067211a510,0x0000000672180000)
  to   space 7168K, 0% used [0x0000000672180000,0x0000000672180000,0x0000000672880000)
 ParOldGen       total 25088K, used 8179K [0x00000003c0000000, 0x00000003c1880000, 0x000000066ab00000)
  object space 25088K, 32% used [0x00000003c0000000,0x00000003c07fcfc8,0x00000003c1880000)
 Metaspace       used 34867K, capacity 35094K, committed 35416K, reserved 1081344K
  class space    used 4391K, capacity 4451K, committed 4480K, reserved 1048576K
Event: 19.129 GC heap after
Heap after GC invocations=27 (full 2):
 PSYoungGen      total 78848K, used 0K [0x000000066ab00000, 0x0000000672880000, 0x00000007c0000000)
  eden space 75264K, 0% used [0x000000066ab00000,0x000000066ab00000,0x000000066f480000)
  from space 3584K, 0% used [0x0000000671e00000,0x0000000671e00000,0x0000000672180000)
  to   space 7168K, 0% used [0x0000000672180000,0x0000000672180000,0x0000000672880000)
 ParOldGen       total 40448K, used 10654K [0x00000003c0000000, 0x00000003c2780000, 0x000000066ab00000)
  object space 40448K, 26% used [0x00000003c0000000,0x00000003c0a67ac0,0x00000003c2780000)
 Metaspace       used 34867K, capacity 35094K, committed 35416K, reserved 1081344K
  class space    used 4391K, capacity 4451K, committed 4480K, reserved 1048576K
}
Event: 22.266 GC heap before
{Heap before GC invocations=28 (full 2):
 PSYoungGen      total 78848K, used 75264K [0x000000066ab00000, 0x0000000672880000, 0x00000007c0000000)
  eden space 75264K, 100% used [0x000000066ab00000,0x000000066f480000,0x000000066f480000)
  from space 3584K, 0% used [0x0000000671e00000,0x0000000671e00000,0x0000000672180000)
  to   space 7168K, 0% used [0x0000000672180000,0x0000000672180000,0x0000000672880000)
 ParOldGen       total 40448K, used 10654K [0x00000003c0000000, 0x00000003c2780000, 0x000000066ab00000)
  object space 40448K, 26% used [0x00000003c0000000,0x00000003c0a67ac0,0x00000003c2780000)
 Metaspace       used 39122K, capacity 39454K, committed 39896K, reserved 1083392K
  class space    used 4964K, capacity 5069K, committed 5120K, reserved 1048576K
Event: 22.275 GC heap after
Heap after GC invocations=28 (full 2):
 PSYoungGen      total 88064K, used 5415K [0x000000066ab00000, 0x0000000672700000, 0x00000007c0000000)
  eden space 82432K, 0% used [0x000000066ab00000,0x000000066ab00000,0x000000066fb80000)
  from space 5632K, 96% used [0x0000000672180000,0x00000006726c9ea8,0x0000000672700000)
  to   space 8704K, 0% used [0x0000000671600000,0x0000000671600000,0x0000000671e80000)
 ParOldGen       total 40448K, used 10662K [0x00000003c0000000, 0x00000003c2780000, 0x000000066ab00000)
  object space 40448K, 26% used [0x00000003c0000000,0x00000003c0a69ac0,0x00000003c2780000)
 Metaspace       used 39122K, capacity 39454K, committed 39896K, reserved 1083392K
  class space    used 4964K, capacity 5069K, committed 5120K, reserved 1048576K
}
Event: 28.863 GC heap before
{Heap before GC invocations=29 (full 2):
 PSYoungGen      total 88064K, used 87847K [0x000000066ab00000, 0x0000000672700000, 0x00000007c0000000)
  eden space 82432K, 100% used [0x000000066ab00000,0x000000066fb80000,0x000000066fb80000)
  from space 5632K, 96% used [0x0000000672180000,0x00000006726c9ea8,0x0000000672700000)
  to   space 8704K, 0% used [0x0000000671600000,0x0000000671600000,0x0000000671e80000)
 ParOldGen       total 40448K, used 10662K [0x00000003c0000000, 0x00000003c2780000, 0x000000066ab00000)
  object space 40448K, 26% used [0x00000003c0000000,0x00000003c0a69ac0,0x00000003c2780000)
 Metaspace       used 46512K, capacity 46872K, committed 47192K, reserved 1089536K
  class space    used 6132K, capacity 6258K, committed 6272K, reserved 1048576K
Event: 28.875 GC heap after
Heap after GC invocations=29 (full 2):
 PSYoungGen      total 97792K, used 8702K [0x000000066ab00000, 0x0000000672200000, 0x00000007c0000000)
  eden space 89088K, 0% used [0x000000066ab00000,0x000000066ab00000,0x0000000670200000)
  from space 8704K, 99% used [0x0000000671600000,0x0000000671e7fb98,0x0000000671e80000)
  to   space 3584K, 0% used [0x0000000671e80000,0x0000000671e80000,0x0000000672200000)
 ParOldGen       total 40448K, used 13604K [0x00000003c0000000, 0x00000003c2780000, 0x000000066ab00000)
  object space 40448K, 33% used [0x00000003c0000000,0x00000003c0d49238,0x00000003c2780000)
 Metaspace       used 46512K, capacity 46872K, committed 47192K, reserved 1089536K
  class space    used 6132K, capacity 6258K, committed 6272K, reserved 1048576K
}
Event: 30.226 GC heap before
{Heap before GC invocations=30 (full 2):
 PSYoungGen      total 97792K, used 93130K [0x000000066ab00000, 0x0000000672200000, 0x00000007c0000000)
  eden space 89088K, 94% used [0x000000066ab00000,0x000000066fd72f70,0x0000000670200000)
  from space 8704K, 99% used [0x0000000671600000,0x0000000671e7fb98,0x0000000671e80000)
  to   space 3584K, 0% used [0x0000000671e80000,0x0000000671e80000,0x0000000672200000)
 ParOldGen       total 40448K, used 13604K [0x00000003c0000000, 0x00000003c2780000, 0x000000066ab00000)
  object space 40448K, 33% used [0x00000003c0000000,0x00000003c0d49238,0x00000003c2780000)
 Metaspace       used 58432K, capacity 58746K, committed 59028K, reserved 1099776K
  class space    used 8020K, capacity 8093K, committed 8124K, reserved 1048576K
Event: 30.242 GC heap after
Heap after GC invocations=30 (full 2):
 PSYoungGen      total 101376K, used 3575K [0x000000066ab00000, 0x0000000672980000, 0x00000007c0000000)
  eden space 97792K, 0% used [0x000000066ab00000,0x000000066ab00000,0x0000000670a80000)
  from space 3584K, 99% used [0x0000000671e80000,0x00000006721fdff8,0x0000000672200000)
  to   space 15872K, 0% used [0x0000000670a80000,0x0000000670a80000,0x0000000671a00000)
 ParOldGen       total 40448K, used 27019K [0x00000003c0000000, 0x00000003c2780000, 0x000000066ab00000)
  object space 40448K, 66% used [0x00000003c0000000,0x00000003c1a62ee0,0x00000003c2780000)
 Metaspace       used 58432K, capacity 58746K, committed 59028K, reserved 1099776K
  class space    used 8020K, capacity 8093K, committed 8124K, reserved 1048576K
}
Event: 30.242 GC heap before
{Heap before GC invocations=31 (full 3):
 PSYoungGen      total 101376K, used 3575K [0x000000066ab00000, 0x0000000672980000, 0x00000007c0000000)
  eden space 97792K, 0% used [0x000000066ab00000,0x000000066ab00000,0x0000000670a80000)
  from space 3584K, 99% used [0x0000000671e80000,0x00000006721fdff8,0x0000000672200000)
  to   space 15872K, 0% used [0x0000000670a80000,0x0000000670a80000,0x0000000671a00000)
 ParOldGen       total 40448K, used 27019K [0x00000003c0000000, 0x00000003c2780000, 0x000000066ab00000)
  object space 40448K, 66% used [0x00000003c0000000,0x00000003c1a62ee0,0x00000003c2780000)
 Metaspace       used 58432K, capacity 58746K, committed 59028K, reserved 1099776K
  class space    used 8020K, capacity 8093K, committed 8124K, reserved 1048576K
Event: 30.338 GC heap after
Heap after GC invocations=31 (full 3):
 PSYoungGen      total 101376K, used 0K [0x000000066ab00000, 0x0000000672980000, 0x00000007c0000000)
  eden space 97792K, 0% used [0x000000066ab00000,0x000000066ab00000,0x0000000670a80000)
  from space 3584K, 0% used [0x0000000671e80000,0x0000000671e80000,0x0000000672200000)
  to   space 15872K, 0% used [0x0000000670a80000,0x0000000670a80000,0x0000000671a00000)
 ParOldGen       total 70144K, used 24428K [0x00000003c0000000, 0x00000003c4480000, 0x000000066ab00000)
  object space 70144K, 34% used [0x00000003c0000000,0x00000003c17db0d0,0x00000003c4480000)
 Metaspace       used 58432K, capacity 58746K, committed 59028K, reserved 1099776K
  class space    used 8020K, capacity 8093K, committed 8124K, reserved 1048576K
}
Event: 31.637 GC heap before
{Heap before GC invocations=32 (full 3):
 PSYoungGen      total 101376K, used 97792K [0x000000066ab00000, 0x0000000672980000, 0x00000007c0000000)
  eden space 97792K, 100% used [0x000000066ab00000,0x0000000670a80000,0x0000000670a80000)
  from space 3584K, 0% used [0x0000000671e80000,0x0000000671e80000,0x0000000672200000)
  to   space 15872K, 0% used [0x0000000670a80000,0x0000000670a80000,0x0000000671a00000)
 ParOldGen       total 70144K, used 24428K [0x00000003c0000000, 0x00000003c4480000, 0x000000066ab00000)
  object space 70144K, 34% used [0x00000003c0000000,0x00000003c17db0d0,0x00000003c4480000)
 Metaspace       used 67139K, capacity 67662K, committed 67988K, reserved 1107968K
  class space    used 9416K, capacity 9551K, committed 9660K, reserved 1048576K
Event: 31.653 GC heap after
Heap after GC invocations=32 (full 3):
 PSYoungGen      total 113664K, used 12495K [0x000000066ab00000, 0x0000000673800000, 0x00000007c0000000)
  eden space 97792K, 0% used [0x000000066ab00000,0x000000066ab00000,0x0000000670a80000)
  from space 15872K, 78% used [0x0000000670a80000,0x00000006716b3f88,0x0000000671a00000)
  to   space 17408K, 0% used [0x0000000672700000,0x0000000672700000,0x0000000673800000)
 ParOldGen       total 70144K, used 24436K [0x00000003c0000000, 0x00000003c4480000, 0x000000066ab00000)
  object space 70144K, 34% used [0x00000003c0000000,0x00000003c17dd0d0,0x00000003c4480000)
 Metaspace       used 67139K, capacity 67662K, committed 67988K, reserved 1107968K
  class space    used 9416K, capacity 9551K, committed 9660K, reserved 1048576K
}
Event: 33.443 GC heap before
{Heap before GC invocations=33 (full 3):
 PSYoungGen      total 113664K, used 103275K [0x000000066ab00000, 0x0000000673800000, 0x00000007c0000000)
  eden space 97792K, 92% used [0x000000066ab00000,0x00000006703a6dd0,0x0000000670a80000)
  from space 15872K, 78% used [0x0000000670a80000,0x00000006716b3f88,0x0000000671a00000)
  to   space 17408K, 0% used [0x0000000672700000,0x0000000672700000,0x0000000673800000)
 ParOldGen       total 70144K, used 24436K [0x00000003c0000000, 0x00000003c4480000, 0x000000066ab00000)
  object space 70144K, 34% used [0x00000003c0000000,0x00000003c17dd0d0,0x00000003c4480000)
 Metaspace       used 73263K, capacity 73916K, committed 74004K, reserved 1112064K
  class space    used 10353K, capacity 10513K, committed 10556K, reserved 1048576K
Event: 33.466 GC heap after
Heap after GC invocations=33 (full 3):
 PSYoungGen      total 126464K, used 10121K [0x000000066ab00000, 0x0000000673a00000, 0x00000007c0000000)
  eden space 109056K, 0% used [0x000000066ab00000,0x000000066ab00000,0x0000000671580000)
  from space 17408K, 58% used [0x0000000672700000,0x00000006730e27a0,0x0000000673800000)
  to   space 17920K, 0% used [0x0000000671580000,0x0000000671580000,0x0000000672700000)
 ParOldGen       total 70144K, used 40828K [0x00000003c0000000, 0x00000003c4480000, 0x000000066ab00000)
  object space 70144K, 58% used [0x00000003c0000000,0x00000003c27df0e0,0x00000003c4480000)
 Metaspace       used 73263K, capacity 73916K, committed 74004K, reserved 1112064K
  class space    used 10353K, capacity 10513K, committed 10556K, reserved 1048576K
}
Event: 40.526 GC heap before
{Heap before GC invocations=34 (full 3):
 PSYoungGen      total 126464K, used 119177K [0x000000066ab00000, 0x0000000673a00000, 0x00000007c0000000)
  eden space 109056K, 100% used [0x000000066ab00000,0x0000000671580000,0x0000000671580000)
  from space 17408K, 58% used [0x0000000672700000,0x00000006730e27a0,0x0000000673800000)
  to   space 17920K, 0% used [0x0000000671580000,0x0000000671580000,0x0000000672700000)
 ParOldGen       total 70144K, used 40828K [0x00000003c0000000, 0x00000003c4480000, 0x000000066ab00000)
  object space 70144K, 58% used [0x00000003c0000000,0x00000003c27df0e0,0x00000003c4480000)
 Metaspace       used 76411K, capacity 77110K, committed 77332K, reserved 1116160K
  class space    used 10864K, capacity 11033K, committed 11068K, reserved 1048576K
Event: 40.544 GC heap after
Heap after GC invocations=34 (full 3):
 PSYoungGen      total 126976K, used 17888K [0x000000066ab00000, 0x0000000675180000, 0x00000007c0000000)
  eden space 109056K, 0% used [0x000000066ab00000,0x000000066ab00000,0x0000000671580000)
  from space 17920K, 99% used [0x0000000671580000,0x00000006726f8010,0x0000000672700000)
  to   space 24576K, 0% used [0x0000000673980000,0x0000000673980000,0x0000000675180000)
 ParOldGen       total 70144K, used 49243K [0x00000003c0000000, 0x00000003c4480000, 0x000000066ab00000)
  object space 70144K, 70% used [0x00000003c0000000,0x00000003c3016fc0,0x00000003c4480000)
 Metaspace       used 76411K, capacity 77110K, committed 77332K, reserved 1116160K
  class space    used 10864K, capacity 11033K, committed 11068K, reserved 1048576K
}
Event: 46.168 GC heap before
{Heap before GC invocations=35 (full 3):
 PSYoungGen      total 126976K, used 126365K [0x000000066ab00000, 0x0000000675180000, 0x00000007c0000000)
  eden space 109056K, 99% used [0x000000066ab00000,0x00000006714ef558,0x0000000671580000)
  from space 17920K, 99% used [0x0000000671580000,0x00000006726f8010,0x0000000672700000)
  to   space 24576K, 0% used [0x0000000673980000,0x0000000673980000,0x0000000675180000)
 ParOldGen       total 70144K, used 49243K [0x00000003c0000000, 0x00000003c4480000, 0x000000066ab00000)
  object space 70144K, 70% used [0x00000003c0000000,0x00000003c3016fc0,0x00000003c4480000)
 Metaspace       used 79854K, capacity 80694K, committed 80916K, reserved 1118208K
  class space    used 11310K, capacity 11537K, committed 11580K, reserved 1048576K
Event: 46.186 GC heap after
Heap after GC invocations=35 (full 3):
 PSYoungGen      total 142336K, used 22490K [0x000000066ab00000, 0x0000000675780000, 0x00000007c0000000)
  eden space 117760K, 0% used [0x000000066ab00000,0x000000066ab00000,0x0000000671e00000)
  from space 24576K, 91% used [0x0000000673980000,0x0000000674f76a40,0x0000000675180000)
  to   space 28160K, 0% used [0x0000000671e00000,0x0000000671e00000,0x0000000673980000)
 ParOldGen       total 70144K, used 50565K [0x00000003c0000000, 0x00000003c4480000, 0x000000066ab00000)
  object space 70144K, 72% used [0x00000003c0000000,0x00000003c31614a8,0x00000003c4480000)
 Metaspace       used 79854K, capacity 80694K, committed 80916K, reserved 1118208K
  class space    used 11310K, capacity 11537K, committed 11580K, reserved 1048576K
}
Event: 55.289 GC heap before
{Heap before GC invocations=36 (full 3):
 PSYoungGen      total 142336K, used 140250K [0x000000066ab00000, 0x0000000675780000, 0x00000007c0000000)
  eden space 117760K, 100% used [0x000000066ab00000,0x0000000671e00000,0x0000000671e00000)
  from space 24576K, 91% used [0x0000000673980000,0x0000000674f76a40,0x0000000675180000)
  to   space 28160K, 0% used [0x0000000671e00000,0x0000000671e00000,0x0000000673980000)
 ParOldGen       total 70144K, used 50565K [0x00000003c0000000, 0x00000003c4480000, 0x000000066ab00000)
  object space 70144K, 72% used [0x00000003c0000000,0x00000003c31614a8,0x00000003c4480000)
 Metaspace       used 81789K, capacity 82790K, committed 82964K, reserved 1120256K
  class space    used 11546K, capacity 11776K, committed 11836K, reserved 1048576K
Event: 55.309 GC heap after
Heap after GC invocations=36 (full 3):
 PSYoungGen      total 145920K, used 22194K [0x000000066ab00000, 0x0000000676380000, 0x00000007c0000000)
  eden space 117760K, 0% used [0x000000066ab00000,0x000000066ab00000,0x0000000671e00000)
  from space 28160K, 78% used [0x0000000671e00000,0x00000006733acb10,0x0000000673980000)
  to   space 31232K, 0% used [0x0000000674500000,0x0000000674500000,0x0000000676380000)
 ParOldGen       total 70144K, used 50565K [0x00000003c0000000, 0x00000003c4480000, 0x000000066ab00000)
  object space 70144K, 72% used [0x00000003c0000000,0x00000003c31614a8,0x00000003c4480000)
 Metaspace       used 81789K, capacity 82790K, committed 82964K, reserved 1120256K
  class space    used 11546K, capacity 11776K, committed 11836K, reserved 1048576K
}
Event: 56.800 GC heap before
{Heap before GC invocations=37 (full 3):
 PSYoungGen      total 145920K, used 139954K [0x000000066ab00000, 0x0000000676380000, 0x00000007c0000000)
  eden space 117760K, 100% used [0x000000066ab00000,0x0000000671e00000,0x0000000671e00000)
  from space 28160K, 78% used [0x0000000671e00000,0x00000006733acb10,0x0000000673980000)
  to   space 31232K, 0% used [0x0000000674500000,0x0000000674500000,0x0000000676380000)
 ParOldGen       total 70144K, used 50565K [0x00000003c0000000, 0x00000003c4480000, 0x000000066ab00000)
  object space 70144K, 72% used [0x00000003c0000000,0x00000003c31614a8,0x00000003c4480000)
 Metaspace       used 87499K, capacity 88684K, committed 88980K, reserved 1126400K
  class space    used 12103K, capacity 12377K, committed 12476K, reserved 1048576K
Event: 56.820 GC heap after
Heap after GC invocations=37 (full 3):
 PSYoungGen      total 153600K, used 28209K [0x000000066ab00000, 0x0000000676d80000, 0x00000007c0000000)
  eden space 122368K, 0% used [0x000000066ab00000,0x000000066ab00000,0x0000000672280000)
  from space 31232K, 90% used [0x0000000674500000,0x000000067608c6b8,0x0000000676380000)
  to   space 35328K, 0% used [0x0000000672280000,0x0000000672280000,0x0000000674500000)
 ParOldGen       total 70144K, used 50565K [0x00000003c0000000, 0x00000003c4480000, 0x000000066ab00000)
  object space 70144K, 72% used [0x00000003c0000000,0x00000003c31614a8,0x00000003c4480000)
 Metaspace       used 87499K, capacity 88684K, committed 88980K, reserved 1126400K
  class space    used 12103K, capacity 12377K, committed 12476K, reserved 1048576K
}
Event: 182.224 GC heap before
{Heap before GC invocations=38 (full 3):
 PSYoungGen      total 153600K, used 150577K [0x000000066ab00000, 0x0000000676d80000, 0x00000007c0000000)
  eden space 122368K, 100% used [0x000000066ab00000,0x0000000672280000,0x0000000672280000)
  from space 31232K, 90% used [0x0000000674500000,0x000000067608c6b8,0x0000000676380000)
  to   space 35328K, 0% used [0x0000000672280000,0x0000000672280000,0x0000000674500000)
 ParOldGen       total 70144K, used 50565K [0x00000003c0000000, 0x00000003c4480000, 0x000000066ab00000)
  object space 70144K, 72% used [0x00000003c0000000,0x00000003c31614a8,0x00000003c4480000)
 Metaspace       used 90635K, capacity 91910K, committed 92052K, reserved 1128448K
  class space    used 12359K, capacity 12647K, committed 12732K, reserved 1048576K
Event: 182.238 GC heap after
Heap after GC invocations=38 (full 3):
 PSYoungGen      total 157696K, used 25522K [0x000000066ab00000, 0x0000000677580000, 0x00000007c0000000)
  eden space 122368K, 0% used [0x000000066ab00000,0x000000066ab00000,0x0000000672280000)
  from space 35328K, 72% used [0x0000000672280000,0x0000000673b6c980,0x0000000674500000)
  to   space 37888K, 0% used [0x0000000675080000,0x0000000675080000,0x0000000677580000)
 ParOldGen       total 70144K, used 50565K [0x00000003c0000000, 0x00000003c4480000, 0x000000066ab00000)
  object space 70144K, 72% used [0x00000003c0000000,0x00000003c31614a8,0x00000003c4480000)
 Metaspace       used 90635K, capacity 91910K, committed 92052K, reserved 1128448K
  class space    used 12359K, capacity 12647K, committed 12732K, reserved 1048576K
}
Event: 212.996 GC heap before
{Heap before GC invocations=39 (full 3):
 PSYoungGen      total 157696K, used 147890K [0x000000066ab00000, 0x0000000677580000, 0x00000007c0000000)
  eden space 122368K, 100% used [0x000000066ab00000,0x0000000672280000,0x0000000672280000)
  from space 35328K, 72% used [0x0000000672280000,0x0000000673b6c980,0x0000000674500000)
  to   space 37888K, 0% used [0x0000000675080000,0x0000000675080000,0x0000000677580000)
 ParOldGen       total 70144K, used 50565K [0x00000003c0000000, 0x00000003c4480000, 0x000000066ab00000)
  object space 70144K, 72% used [0x00000003c0000000,0x00000003c31614a8,0x00000003c4480000)
 Metaspace       used 91141K, capacity 92386K, committed 92564K, reserved 1128448K
  class space    used 12400K, capacity 12689K, committed 12732K, reserved 1048576K
Event: 213.020 GC heap after
Heap after GC invocations=39 (full 3):
 PSYoungGen      total 167936K, used 24602K [0x000000066ab00000, 0x0000000677700000, 0x00000007c0000000)
  eden space 130048K, 0% used [0x000000066ab00000,0x000000066ab00000,0x0000000672a00000)
  from space 37888K, 64% used [0x0000000675080000,0x0000000676886810,0x0000000677580000)
  to   space 39424K, 0% used [0x0000000672a00000,0x0000000672a00000,0x0000000675080000)
 ParOldGen       total 70144K, used 50565K [0x00000003c0000000, 0x00000003c4480000, 0x000000066ab00000)
  object space 70144K, 72% used [0x00000003c0000000,0x00000003c31614a8,0x00000003c4480000)
 Metaspace       used 91141K, capacity 92386K, committed 92564K, reserved 1128448K
  class space    used 12400K, capacity 12689K, committed 12732K, reserved 1048576K
}
Event: 360.620 GC heap before
{Heap before GC invocations=40 (full 3):
 PSYoungGen      total 167936K, used 154650K [0x000000066ab00000, 0x0000000677700000, 0x00000007c0000000)
  eden space 130048K, 100% used [0x000000066ab00000,0x0000000672a00000,0x0000000672a00000)
  from space 37888K, 64% used [0x0000000675080000,0x0000000676886810,0x0000000677580000)
  to   space 39424K, 0% used [0x0000000672a00000,0x0000000672a00000,0x0000000675080000)
 ParOldGen       total 70144K, used 50565K [0x00000003c0000000, 0x00000003c4480000, 0x000000066ab00000)
  object space 70144K, 72% used [0x00000003c0000000,0x00000003c31614a8,0x00000003c4480000)
 Metaspace       used 91503K, capacity 92854K, committed 93076K, reserved 1130496K
  class space    used 12409K, capacity 12704K, committed 12732K, reserved 1048576K
Event: 360.633 GC heap after
Heap after GC invocations=40 (full 3):
 PSYoungGen      total 151040K, used 25345K [0x000000066ab00000, 0x0000000677580000, 0x00000007c0000000)
  eden space 125440K, 0% used [0x000000066ab00000,0x000000066ab00000,0x0000000672580000)
  from space 25600K, 99% used [0x0000000672a00000,0x00000006742c0468,0x0000000674300000)
  to   space 40960K, 0% used [0x0000000674d80000,0x0000000674d80000,0x0000000677580000)
 ParOldGen       total 70144K, used 50565K [0x00000003c0000000, 0x00000003c4480000, 0x000000066ab00000)
  object space 70144K, 72% used [0x00000003c0000000,0x00000003c31614a8,0x00000003c4480000)
 Metaspace       used 91503K, capacity 92854K, committed 93076K, reserved 1130496K
  class space    used 12409K, capacity 12704K, committed 12732K, reserved 1048576K
}
Event: 361.572 GC heap before
{Heap before GC invocations=41 (full 3):
 PSYoungGen      total 151040K, used 150785K [0x000000066ab00000, 0x0000000677580000, 0x00000007c0000000)
  eden space 125440K, 100% used [0x000000066ab00000,0x0000000672580000,0x0000000672580000)
  from space 25600K, 99% used [0x0000000672a00000,0x00000006742c0468,0x0000000674300000)
  to   space 40960K, 0% used [0x0000000674d80000,0x0000000674d80000,0x0000000677580000)
 ParOldGen       total 70144K, used 50565K [0x00000003c0000000, 0x00000003c4480000, 0x000000066ab00000)
  object space 70144K, 72% used [0x00000003c0000000,0x00000003c31614a8,0x00000003c4480000)
 Metaspace       used 91756K, capacity 93088K, committed 93332K, reserved 1130496K
  class space    used 12412K, capacity 12711K, committed 12732K, reserved 1048576K
Event: 361.590 GC heap after
Heap after GC invocations=41 (full 3):
 PSYoungGen      total 165376K, used 25444K [0x000000066ab00000, 0x0000000678280000, 0x00000007c0000000)
  eden space 124416K, 0% used [0x000000066ab00000,0x000000066ab00000,0x0000000672480000)
  from space 40960K, 62% used [0x0000000674d80000,0x0000000676659238,0x0000000677580000)
  to   space 41984K, 0% used [0x0000000672480000,0x0000000672480000,0x0000000674d80000)
 ParOldGen       total 70144K, used 50565K [0x00000003c0000000, 0x00000003c4480000, 0x000000066ab00000)
  object space 70144K, 72% used [0x00000003c0000000,0x00000003c31614a8,0x00000003c4480000)
 Metaspace       used 91756K, capacity 93088K, committed 93332K, reserved 1130496K
  class space    used 12412K, capacity 12711K, committed 12732K, reserved 1048576K
}
Event: 374.850 GC heap before
{Heap before GC invocations=42 (full 3):
 PSYoungGen      total 165376K, used 149860K [0x000000066ab00000, 0x0000000678280000, 0x00000007c0000000)
  eden space 124416K, 100% used [0x000000066ab00000,0x0000000672480000,0x0000000672480000)
  from space 40960K, 62% used [0x0000000674d80000,0x0000000676659238,0x0000000677580000)
  to   space 41984K, 0% used [0x0000000672480000,0x0000000672480000,0x0000000674d80000)
 ParOldGen       total 70144K, used 50565K [0x00000003c0000000, 0x00000003c4480000, 0x000000066ab00000)
  object space 70144K, 72% used [0x00000003c0000000,0x00000003c31614a8,0x00000003c4480000)
 Metaspace       used 92029K, capacity 93390K, committed 93588K, reserved 1130496K
  class space    used 12417K, capacity 12719K, committed 12732K, reserved 1048576K
Event: 374.863 GC heap after
Heap after GC invocations=42 (full 3):
 PSYoungGen      total 145920K, used 25620K [0x000000066ab00000, 0x0000000677400000, 0x00000007c0000000)
  eden space 119808K, 0% used [0x000000066ab00000,0x000000066ab00000,0x0000000672000000)
  from space 26112K, 98% used [0x0000000672480000,0x0000000673d85200,0x0000000673e00000)
  to   space 43008K, 0% used [0x0000000674a00000,0x0000000674a00000,0x0000000677400000)
 ParOldGen       total 70144K, used 50565K [0x00000003c0000000, 0x00000003c4480000, 0x000000066ab00000)
  object space 70144K, 72% used [0x00000003c0000000,0x00000003c31614a8,0x00000003c4480000)
 Metaspace       used 92029K, capacity 93390K, committed 93588K, reserved 1130496K
  class space    used 12417K, capacity 12719K, committed 12732K, reserved 1048576K
}
Event: 493.806 GC heap before
{Heap before GC invocations=43 (full 3):
 PSYoungGen      total 145920K, used 145428K [0x000000066ab00000, 0x0000000677400000, 0x00000007c0000000)
  eden space 119808K, 100% used [0x000000066ab00000,0x0000000672000000,0x0000000672000000)
  from space 26112K, 98% used [0x0000000672480000,0x0000000673d85200,0x0000000673e00000)
  to   space 43008K, 0% used [0x0000000674a00000,0x0000000674a00000,0x0000000677400000)
 ParOldGen       total 70144K, used 50565K [0x00000003c0000000, 0x00000003c4480000, 0x000000066ab00000)
  object space 70144K, 72% used [0x00000003c0000000,0x00000003c31614a8,0x00000003c4480000)
 Metaspace       used 92223K, capacity 93548K, committed 93588K, reserved 1130496K
  class space    used 12421K, capacity 12724K, committed 12732K, reserved 1048576K
Event: 493.828 GC heap after
Heap after GC invocations=43 (full 3):
 PSYoungGen      total 155648K, used 25916K [0x000000066ab00000, 0x0000000677100000, 0x00000007c0000000)
  eden space 115712K, 0% used [0x000000066ab00000,0x000000066ab00000,0x0000000671c00000)
  from space 39936K, 64% used [0x0000000674a00000,0x000000067634f378,0x0000000677100000)
  to   space 43520K, 0% used [0x0000000671c00000,0x0000000671c00000,0x0000000674680000)
 ParOldGen       total 70144K, used 50565K [0x00000003c0000000, 0x00000003c4480000, 0x000000066ab00000)
  object space 70144K, 72% used [0x00000003c0000000,0x00000003c31614a8,0x00000003c4480000)
 Metaspace       used 92223K, capacity 93548K, committed 93588K, reserved 1130496K
  class space    used 12421K, capacity 12724K, committed 12732K, reserved 1048576K
}
Event: 495.242 GC heap before
{Heap before GC invocations=44 (full 3):
 PSYoungGen      total 155648K, used 141628K [0x000000066ab00000, 0x0000000677100000, 0x00000007c0000000)
  eden space 115712K, 100% used [0x000000066ab00000,0x0000000671c00000,0x0000000671c00000)
  from space 39936K, 64% used [0x0000000674a00000,0x000000067634f378,0x0000000677100000)
  to   space 43520K, 0% used [0x0000000671c00000,0x0000000671c00000,0x0000000674680000)
 ParOldGen       total 70144K, used 50565K [0x00000003c0000000, 0x00000003c4480000, 0x000000066ab00000)
  object space 70144K, 72% used [0x00000003c0000000,0x00000003c31614a8,0x00000003c4480000)
 Metaspace       used 92517K, capacity 93898K, committed 94100K, reserved 1130496K
  class space    used 12424K, capacity 12729K, committed 12732K, reserved 1048576K
Event: 495.256 GC heap after
Heap after GC invocations=44 (full 3):
 PSYoungGen      total 137728K, used 25934K [0x000000066ab00000, 0x0000000676d00000, 0x00000007c0000000)
  eden space 111616K, 0% used [0x000000066ab00000,0x000000066ab00000,0x0000000671800000)
  from space 26112K, 99% used [0x0000000671c00000,0x0000000673553b90,0x0000000673580000)
  to   space 43520K, 0% used [0x0000000674280000,0x0000000674280000,0x0000000676d00000)
 ParOldGen       total 70144K, used 50565K [0x00000003c0000000, 0x00000003c4480000, 0x000000066ab00000)
  object space 70144K, 72% used [0x00000003c0000000,0x00000003c31614a8,0x00000003c4480000)
 Metaspace       used 92517K, capacity 93898K, committed 94100K, reserved 1130496K
  class space    used 12424K, capacity 12729K, committed 12732K, reserved 1048576K
}
Event: 496.681 GC heap before
{Heap before GC invocations=45 (full 3):
 PSYoungGen      total 137728K, used 134343K [0x000000066ab00000, 0x0000000676d00000, 0x00000007c0000000)
  eden space 111616K, 97% used [0x000000066ab00000,0x00000006714de190,0x0000000671800000)
  from space 26112K, 99% used [0x0000000671c00000,0x0000000673553b90,0x0000000673580000)
  to   space 43520K, 0% used [0x0000000674280000,0x0000000674280000,0x0000000676d00000)
 ParOldGen       total 70144K, used 50565K [0x00000003c0000000, 0x00000003c4480000, 0x000000066ab00000)
  object space 70144K, 72% used [0x00000003c0000000,0x00000003c31614a8,0x00000003c4480000)
 Metaspace       used 92660K, capacity 94044K, committed 94228K, reserved 1130496K
  class space    used 12427K, capacity 12733K, committed 12860K, reserved 1048576K
Event: 496.695 GC heap after
Heap after GC invocations=45 (full 3):
 PSYoungGen      total 147968K, used 26581K [0x000000066ab00000, 0x0000000676a00000, 0x00000007c0000000)
  eden space 107520K, 0% used [0x000000066ab00000,0x000000066ab00000,0x0000000671400000)
  from space 40448K, 65% used [0x0000000674280000,0x0000000675c754d0,0x0000000676a00000)
  to   space 44032K, 0% used [0x0000000671400000,0x0000000671400000,0x0000000673f00000)
 ParOldGen       total 70144K, used 50565K [0x00000003c0000000, 0x00000003c4480000, 0x000000066ab00000)
  object space 70144K, 72% used [0x00000003c0000000,0x00000003c31614a8,0x00000003c4480000)
 Metaspace       used 92660K, capacity 94044K, committed 94228K, reserved 1130496K
  class space    used 12427K, capacity 12733K, committed 12860K, reserved 1048576K
}
Event: 528.948 GC heap before
{Heap before GC invocations=46 (full 3):
 PSYoungGen      total 147968K, used 134101K [0x000000066ab00000, 0x0000000676a00000, 0x00000007c0000000)
  eden space 107520K, 100% used [0x000000066ab00000,0x0000000671400000,0x0000000671400000)
  from space 40448K, 65% used [0x0000000674280000,0x0000000675c754d0,0x0000000676a00000)
  to   space 44032K, 0% used [0x0000000671400000,0x0000000671400000,0x0000000673f00000)
 ParOldGen       total 70144K, used 50565K [0x00000003c0000000, 0x00000003c4480000, 0x000000066ab00000)
  object space 70144K, 72% used [0x00000003c0000000,0x00000003c31614a8,0x00000003c4480000)
 Metaspace       used 92827K, capacity 94172K, committed 94484K, reserved 1130496K
  class space    used 12427K, capacity 12733K, committed 12860K, reserved 1048576K
Event: 528.961 GC heap after
Heap after GC invocations=46 (full 3):
 PSYoungGen      total 130560K, used 26153K [0x000000066ab00000, 0x0000000676580000, 0x00000007c0000000)
  eden space 103936K, 0% used [0x000000066ab00000,0x000000066ab00000,0x0000000671080000)
  from space 26624K, 98% used [0x0000000671400000,0x0000000672d8a520,0x0000000672e00000)
  to   space 43520K, 0% used [0x0000000673b00000,0x0000000673b00000,0x0000000676580000)
 ParOldGen       total 70144K, used 50565K [0x00000003c0000000, 0x00000003c4480000, 0x000000066ab00000)
  object space 70144K, 72% used [0x00000003c0000000,0x00000003c31614a8,0x00000003c4480000)
 Metaspace       used 92827K, capacity 94172K, committed 94484K, reserved 1130496K
  class space    used 12427K, capacity 12733K, committed 12860K, reserved 1048576K
}
Event: 560.955 GC heap before
{Heap before GC invocations=47 (full 3):
 PSYoungGen      total 130560K, used 130089K [0x000000066ab00000, 0x0000000676580000, 0x00000007c0000000)
  eden space 103936K, 100% used [0x000000066ab00000,0x0000000671080000,0x0000000671080000)
  from space 26624K, 98% used [0x0000000671400000,0x0000000672d8a520,0x0000000672e00000)
  to   space 43520K, 0% used [0x0000000673b00000,0x0000000673b00000,0x0000000676580000)
 ParOldGen       total 70144K, used 50565K [0x00000003c0000000, 0x00000003c4480000, 0x000000066ab00000)
  object space 70144K, 72% used [0x00000003c0000000,0x00000003c31614a8,0x00000003c4480000)
 Metaspace       used 93054K, capacity 94394K, committed 94740K, reserved 1130496K
  class space    used 12429K, capacity 12738K, committed 12860K, reserved 1048576K
Event: 560.969 GC heap after
Heap after GC invocations=47 (full 3):
 PSYoungGen      total 140288K, used 26621K [0x000000066ab00000, 0x0000000676200000, 0x00000007c0000000)
  eden space 100352K, 0% used [0x000000066ab00000,0x000000066ab00000,0x0000000670d00000)
  from space 39936K, 66% used [0x0000000673b00000,0x00000006754ff650,0x0000000676200000)
  to   space 43520K, 0% used [0x0000000670d00000,0x0000000670d00000,0x0000000673780000)
 ParOldGen       total 70144K, used 50565K [0x00000003c0000000, 0x00000003c4480000, 0x000000066ab00000)
  object space 70144K, 72% used [0x00000003c0000000,0x00000003c31614a8,0x00000003c4480000)
 Metaspace       used 93054K, capacity 94394K, committed 94740K, reserved 1130496K
  class space    used 12429K, capacity 12738K, committed 12860K, reserved 1048576K
}
Event: 564.729 GC heap before
{Heap before GC invocations=48 (full 3):
 PSYoungGen      total 140288K, used 126033K [0x000000066ab00000, 0x0000000676200000, 0x00000007c0000000)
  eden space 100352K, 99% used [0x000000066ab00000,0x0000000670c15060,0x0000000670d00000)
  from space 39936K, 66% used [0x0000000673b00000,0x00000006754ff650,0x0000000676200000)
  to   space 43520K, 0% used [0x0000000670d00000,0x0000000670d00000,0x0000000673780000)
 ParOldGen       total 70144K, used 50565K [0x00000003c0000000, 0x00000003c4480000, 0x000000066ab00000)
  object space 70144K, 72% used [0x00000003c0000000,0x00000003c31614a8,0x00000003c4480000)
 Metaspace       used 93209K, capacity 94552K, committed 94740K, reserved 1130496K
  class space    used 12433K, capacity 12744K, committed 12860K, reserved 1048576K
Event: 564.743 GC heap after
Heap after GC invocations=48 (full 3):
 PSYoungGen      total 123392K, used 26398K [0x000000066ab00000, 0x0000000675e80000, 0x00000007c0000000)
  eden space 96768K, 0% used [0x000000066ab00000,0x000000066ab00000,0x0000000670980000)
  from space 26624K, 99% used [0x0000000670d00000,0x00000006726c79a0,0x0000000672700000)
  to   space 43520K, 0% used [0x0000000673400000,0x0000000673400000,0x0000000675e80000)
 ParOldGen       total 70144K, used 50565K [0x00000003c0000000, 0x00000003c4480000, 0x000000066ab00000)
  object space 70144K, 72% used [0x00000003c0000000,0x00000003c31614a8,0x00000003c4480000)
 Metaspace       used 93209K, capacity 94552K, committed 94740K, reserved 1130496K
  class space    used 12433K, capacity 12744K, committed 12860K, reserved 1048576K
}
Event: 688.585 GC heap before
{Heap before GC invocations=49 (full 3):
 PSYoungGen      total 123392K, used 123166K [0x000000066ab00000, 0x0000000675e80000, 0x00000007c0000000)
  eden space 96768K, 100% used [0x000000066ab00000,0x0000000670980000,0x0000000670980000)
  from space 26624K, 99% used [0x0000000670d00000,0x00000006726c79a0,0x0000000672700000)
  to   space 43520K, 0% used [0x0000000673400000,0x0000000673400000,0x0000000675e80000)
 ParOldGen       total 70144K, used 50565K [0x00000003c0000000, 0x00000003c4480000, 0x000000066ab00000)
  object space 70144K, 72% used [0x00000003c0000000,0x00000003c31614a8,0x00000003c4480000)
 Metaspace       used 93452K, capacity 94910K, committed 95252K, reserved 1132544K
  class space    used 12452K, capacity 12777K, committed 12860K, reserved 1048576K
Event: 688.605 GC heap after
Heap after GC invocations=49 (full 3):
 PSYoungGen      total 134144K, used 9684K [0x000000066ab00000, 0x0000000675b80000, 0x00000007c0000000)
  eden space 93696K, 0% used [0x000000066ab00000,0x000000066ab00000,0x0000000670680000)
  from space 40448K, 23% used [0x0000000673400000,0x0000000673d75170,0x0000000675b80000)
  to   space 43520K, 0% used [0x0000000670680000,0x0000000670680000,0x0000000673100000)
 ParOldGen       total 70144K, used 67093K [0x00000003c0000000, 0x00000003c4480000, 0x000000066ab00000)
  object space 70144K, 95% used [0x00000003c0000000,0x00000003c41854e8,0x00000003c4480000)
 Metaspace       used 93452K, capacity 94910K, committed 95252K, reserved 1132544K
  class space    used 12452K, capacity 12777K, committed 12860K, reserved 1048576K
}
Event: 688.605 GC heap before
{Heap before GC invocations=50 (full 4):
 PSYoungGen      total 134144K, used 9684K [0x000000066ab00000, 0x0000000675b80000, 0x00000007c0000000)
  eden space 93696K, 0% used [0x000000066ab00000,0x000000066ab00000,0x0000000670680000)
  from space 40448K, 23% used [0x0000000673400000,0x0000000673d75170,0x0000000675b80000)
  to   space 43520K, 0% used [0x0000000670680000,0x0000000670680000,0x0000000673100000)
 ParOldGen       total 70144K, used 67093K [0x00000003c0000000, 0x00000003c4480000, 0x000000066ab00000)
  object space 70144K, 95% used [0x00000003c0000000,0x00000003c41854e8,0x00000003c4480000)
 Metaspace       used 93452K, capacity 94910K, committed 95252K, reserved 1132544K
  class space    used 12452K, capacity 12777K, committed 12860K, reserved 1048576K
Event: 688.751 GC heap after
Heap after GC invocations=50 (full 4):
 PSYoungGen      total 134144K, used 0K [0x000000066ab00000, 0x0000000675b80000, 0x00000007c0000000)
  eden space 93696K, 0% used [0x000000066ab00000,0x000000066ab00000,0x0000000670680000)
  from space 40448K, 0% used [0x0000000673400000,0x0000000673400000,0x0000000675b80000)
  to   space 43520K, 0% used [0x0000000670680000,0x0000000670680000,0x0000000673100000)
 ParOldGen       total 133632K, used 62906K [0x00000003c0000000, 0x00000003c8280000, 0x000000066ab00000)
  object space 133632K, 47% used [0x00000003c0000000,0x00000003c3d6e878,0x00000003c8280000)
 Metaspace       used 93374K, capacity 94784K, committed 95252K, reserved 1132544K
  class space    used 12441K, capacity 12756K, committed 12860K, reserved 1048576K
}
Event: 689.575 GC heap before
{Heap before GC invocations=51 (full 4):
 PSYoungGen      total 134144K, used 93696K [0x000000066ab00000, 0x0000000675b80000, 0x00000007c0000000)
  eden space 93696K, 100% used [0x000000066ab00000,0x0000000670680000,0x0000000670680000)
  from space 40448K, 0% used [0x0000000673400000,0x0000000673400000,0x0000000675b80000)
  to   space 43520K, 0% used [0x0000000670680000,0x0000000670680000,0x0000000673100000)
 ParOldGen       total 133632K, used 62906K [0x00000003c0000000, 0x00000003c8280000, 0x000000066ab00000)
  object space 133632K, 47% used [0x00000003c0000000,0x00000003c3d6e878,0x00000003c8280000)
 Metaspace       used 98874K, capacity 100287K, committed 100500K, reserved 1136640K
  class space    used 12850K, capacity 13165K, committed 13244K, reserved 1048576K
Event: 689.580 GC heap after
Heap after GC invocations=51 (full 4):
 PSYoungGen      total 137216K, used 6514K [0x000000066ab00000, 0x0000000676100000, 0x00000007c0000000)
  eden space 93696K, 0% used [0x000000066ab00000,0x000000066ab00000,0x0000000670680000)
  from space 43520K, 14% used [0x0000000670680000,0x0000000670cdca20,0x0000000673100000)
  to   space 43520K, 0% used [0x0000000673680000,0x0000000673680000,0x0000000676100000)
 ParOldGen       total 133632K, used 62914K [0x00000003c0000000, 0x00000003c8280000, 0x000000066ab00000)
  object space 133632K, 47% used [0x00000003c0000000,0x00000003c3d70878,0x00000003c8280000)
 Metaspace       used 98874K, capacity 100287K, committed 100500K, reserved 1136640K
  class space    used 12850K, capacity 13165K, committed 13244K, reserved 1048576K
}
Event: 690.333 GC heap before
{Heap before GC invocations=52 (full 4):
 PSYoungGen      total 137216K, used 96313K [0x000000066ab00000, 0x0000000676100000, 0x00000007c0000000)
  eden space 93696K, 95% used [0x000000066ab00000,0x00000006702b19e8,0x0000000670680000)
  from space 43520K, 14% used [0x0000000670680000,0x0000000670cdca20,0x0000000673100000)
  to   space 43520K, 0% used [0x0000000673680000,0x0000000673680000,0x0000000676100000)
 ParOldGen       total 133632K, used 62914K [0x00000003c0000000, 0x00000003c8280000, 0x000000066ab00000)
  object space 133632K, 47% used [0x00000003c0000000,0x00000003c3d70878,0x00000003c8280000)
 Metaspace       used 100386K, capacity 101769K, committed 101908K, reserved 1138688K
  class space    used 13001K, capacity 13316K, committed 13372K, reserved 1048576K
Event: 690.339 GC heap after
Heap after GC invocations=52 (full 4):
 PSYoungGen      total 142848K, used 4972K [0x000000066ab00000, 0x0000000676200000, 0x00000007c0000000)
  eden space 99328K, 0% used [0x000000066ab00000,0x000000066ab00000,0x0000000670c00000)
  from space 43520K, 11% used [0x0000000673680000,0x0000000673b5b100,0x0000000676100000)
  to   space 43520K, 0% used [0x0000000670c00000,0x0000000670c00000,0x0000000673680000)
 ParOldGen       total 133632K, used 62914K [0x00000003c0000000, 0x00000003c8280000, 0x000000066ab00000)
  object space 133632K, 47% used [0x00000003c0000000,0x00000003c3d70878,0x00000003c8280000)
 Metaspace       used 100386K, capacity 101769K, committed 101908K, reserved 1138688K
  class space    used 13001K, capacity 13316K, committed 13372K, reserved 1048576K
}
Event: 691.012 GC heap before
{Heap before GC invocations=53 (full 4):
 PSYoungGen      total 142848K, used 100954K [0x000000066ab00000, 0x0000000676200000, 0x00000007c0000000)
  eden space 99328K, 96% used [0x000000066ab00000,0x00000006708bb820,0x0000000670c00000)
  from space 43520K, 11% used [0x0000000673680000,0x0000000673b5b100,0x0000000676100000)
  to   space 43520K, 0% used [0x0000000670c00000,0x0000000670c00000,0x0000000673680000)
 ParOldGen       total 133632K, used 62914K [0x00000003c0000000, 0x00000003c8280000, 0x000000066ab00000)
  object space 133632K, 47% used [0x00000003c0000000,0x00000003c3d70878,0x00000003c8280000)
 Metaspace       used 100555K, capacity 102027K, committed 102164K, reserved 1138688K
  class space    used 13007K, capacity 13327K, committed 13372K, reserved 1048576K
Event: 691.018 GC heap after
Heap after GC invocations=53 (full 4):
 PSYoungGen      total 142848K, used 4566K [0x000000066ab00000, 0x0000000676780000, 0x00000007c0000000)
  eden space 99328K, 0% used [0x000000066ab00000,0x000000066ab00000,0x0000000670c00000)
  from space 43520K, 10% used [0x0000000670c00000,0x0000000671075a20,0x0000000673680000)
  to   space 43008K, 0% used [0x0000000673d80000,0x0000000673d80000,0x0000000676780000)
 ParOldGen       total 133632K, used 62914K [0x00000003c0000000, 0x00000003c8280000, 0x000000066ab00000)
  object space 133632K, 47% used [0x00000003c0000000,0x00000003c3d70878,0x00000003c8280000)
 Metaspace       used 100555K, capacity 102027K, committed 102164K, reserved 1138688K
  class space    used 13007K, capacity 13327K, committed 13372K, reserved 1048576K
}
Event: 1330.414 GC heap before
{Heap before GC invocations=54 (full 5):
 PSYoungGen      total 142848K, used 103874K [0x000000066ab00000, 0x0000000676780000, 0x00000007c0000000)
  eden space 99328K, 99% used [0x000000066ab00000,0x0000000670bfae30,0x0000000670c00000)
  from space 43520K, 10% used [0x0000000670c00000,0x0000000671075a20,0x0000000673680000)
  to   space 43008K, 0% used [0x0000000673d80000,0x0000000673d80000,0x0000000676780000)
 ParOldGen       total 133632K, used 128450K [0x00000003c0000000, 0x00000003c8280000, 0x000000066ab00000)
  object space 133632K, 96% used [0x00000003c0000000,0x00000003c7d70888,0x00000003c8280000)
 Metaspace       used 101357K, capacity 102897K, committed 103060K, reserved 1138688K
  class space    used 13137K, capacity 13488K, committed 13500K, reserved 1048576K
Event: 1330.531 GC heap after
Heap after GC invocations=54 (full 5):
 PSYoungGen      total 142848K, used 0K [0x000000066ab00000, 0x0000000676780000, 0x00000007c0000000)
  eden space 99328K, 0% used [0x000000066ab00000,0x000000066ab00000,0x0000000670c00000)
  from space 43520K, 0% used [0x0000000670c00000,0x0000000670c00000,0x0000000673680000)
  to   space 43008K, 0% used [0x0000000673d80000,0x0000000673d80000,0x0000000676780000)
 ParOldGen       total 149504K, used 66922K [0x00000003c0000000, 0x00000003c9200000, 0x000000066ab00000)
  object space 149504K, 44% used [0x00000003c0000000,0x00000003c415ab40,0x00000003c9200000)
 Metaspace       used 101282K, capacity 102777K, committed 103060K, reserved 1138688K
  class space    used 13127K, capacity 13468K, committed 13500K, reserved 1048576K
}
Event: 1331.341 GC heap before
{Heap before GC invocations=55 (full 5):
 PSYoungGen      total 142848K, used 99328K [0x000000066ab00000, 0x0000000676780000, 0x00000007c0000000)
  eden space 99328K, 100% used [0x000000066ab00000,0x0000000670c00000,0x0000000670c00000)
  from space 43520K, 0% used [0x0000000670c00000,0x0000000670c00000,0x0000000673680000)
  to   space 43008K, 0% used [0x0000000673d80000,0x0000000673d80000,0x0000000676780000)
 ParOldGen       total 149504K, used 66922K [0x00000003c0000000, 0x00000003c9200000, 0x000000066ab00000)
  object space 149504K, 44% used [0x00000003c0000000,0x00000003c415ab40,0x00000003c9200000)
 Metaspace       used 105051K, capacity 106513K, committed 106644K, reserved 1142784K
  class space    used 13665K, capacity 13996K, committed 14012K, reserved 1048576K
Event: 1331.349 GC heap after
Heap after GC invocations=55 (full 5):
 PSYoungGen      total 148992K, used 5703K [0x000000066ab00000, 0x0000000676680000, 0x00000007c0000000)
  eden space 107008K, 0% used [0x000000066ab00000,0x000000066ab00000,0x0000000671380000)
  from space 41984K, 13% used [0x0000000673d80000,0x0000000674311e00,0x0000000676680000)
  to   space 42496K, 0% used [0x0000000671380000,0x0000000671380000,0x0000000673d00000)
 ParOldGen       total 149504K, used 66930K [0x00000003c0000000, 0x00000003c9200000, 0x000000066ab00000)
  object space 149504K, 44% used [0x00000003c0000000,0x00000003c415cb40,0x00000003c9200000)
 Metaspace       used 105051K, capacity 106513K, committed 106644K, reserved 1142784K
  class space    used 13665K, capacity 13996K, committed 14012K, reserved 1048576K
}
Event: 1331.830 GC heap before
{Heap before GC invocations=56 (full 5):
 PSYoungGen      total 148992K, used 108541K [0x000000066ab00000, 0x0000000676680000, 0x00000007c0000000)
  eden space 107008K, 96% used [0x000000066ab00000,0x0000000670f6d760,0x0000000671380000)
  from space 41984K, 13% used [0x0000000673d80000,0x0000000674311e00,0x0000000676680000)
  to   space 42496K, 0% used [0x0000000671380000,0x0000000671380000,0x0000000673d00000)
 ParOldGen       total 149504K, used 66930K [0x00000003c0000000, 0x00000003c9200000, 0x000000066ab00000)
  object space 149504K, 44% used [0x00000003c0000000,0x00000003c415cb40,0x00000003c9200000)
 Metaspace       used 106141K, capacity 107605K, committed 107796K, reserved 1142784K
  class space    used 13783K, capacity 14124K, committed 14140K, reserved 1048576K
Event: 1331.843 GC heap after
Heap after GC invocations=56 (full 5):
 PSYoungGen      total 149504K, used 41090K [0x000000066ab00000, 0x0000000678000000, 0x00000007c0000000)
  eden space 107008K, 0% used [0x000000066ab00000,0x000000066ab00000,0x0000000671380000)
  from space 42496K, 96% used [0x0000000671380000,0x0000000673ba0858,0x0000000673d00000)
  to   space 49152K, 0% used [0x0000000675000000,0x0000000675000000,0x0000000678000000)
 ParOldGen       total 149504K, used 105227K [0x00000003c0000000, 0x00000003c9200000, 0x000000066ab00000)
  object space 149504K, 70% used [0x00000003c0000000,0x00000003c66c2db8,0x00000003c9200000)
 Metaspace       used 106141K, capacity 107605K, committed 107796K, reserved 1142784K
  class space    used 13783K, capacity 14124K, committed 14140K, reserved 1048576K
}
Event: 1353.241 GC heap before
{Heap before GC invocations=57 (full 5):
 PSYoungGen      total 149504K, used 144659K [0x000000066ab00000, 0x0000000678000000, 0x00000007c0000000)
  eden space 107008K, 96% used [0x000000066ab00000,0x00000006710243c8,0x0000000671380000)
  from space 42496K, 96% used [0x0000000671380000,0x0000000673ba0858,0x0000000673d00000)
  to   space 49152K, 0% used [0x0000000675000000,0x0000000675000000,0x0000000678000000)
 ParOldGen       total 149504K, used 105227K [0x00000003c0000000, 0x00000003c9200000, 0x000000066ab00000)
  object space 149504K, 70% used [0x00000003c0000000,0x00000003c66c2db8,0x00000003c9200000)
 Metaspace       used 106244K, capacity 107755K, committed 107796K, reserved 1142784K
  class space    used 13799K, capacity 14128K, committed 14140K, reserved 1048576K
Event: 1353.256 GC heap after
Heap after GC invocations=57 (full 5):
 PSYoungGen      total 159744K, used 17298K [0x000000066ab00000, 0x0000000677880000, 0x00000007c0000000)
  eden space 118272K, 0% used [0x000000066ab00000,0x000000066ab00000,0x0000000671e80000)
  from space 41472K, 41% used [0x0000000675000000,0x00000006760e48f0,0x0000000677880000)
  to   space 46080K, 0% used [0x0000000671e80000,0x0000000671e80000,0x0000000674b80000)
 ParOldGen       total 149504K, used 105235K [0x00000003c0000000, 0x00000003c9200000, 0x000000066ab00000)
  object space 149504K, 70% used [0x00000003c0000000,0x00000003c66c4db8,0x00000003c9200000)
 Metaspace       used 106244K, capacity 107755K, committed 107796K, reserved 1142784K
  class space    used 13799K, capacity 14128K, committed 14140K, reserved 1048576K
}
Event: 1371.680 GC heap before
{Heap before GC invocations=58 (full 5):
 PSYoungGen      total 159744K, used 135113K [0x000000066ab00000, 0x0000000677880000, 0x00000007c0000000)
  eden space 118272K, 99% used [0x000000066ab00000,0x0000000671e0de08,0x0000000671e80000)
  from space 41472K, 41% used [0x0000000675000000,0x00000006760e48f0,0x0000000677880000)
  to   space 46080K, 0% used [0x0000000671e80000,0x0000000671e80000,0x0000000674b80000)
 ParOldGen       total 149504K, used 105235K [0x00000003c0000000, 0x00000003c9200000, 0x000000066ab00000)
  object space 149504K, 70% used [0x00000003c0000000,0x00000003c66c4db8,0x00000003c9200000)
 Metaspace       used 106256K, capacity 107761K, committed 107796K, reserved 1142784K
  class space    used 13799K, capacity 14129K, committed 14140K, reserved 1048576K
Event: 1371.685 GC heap after
Heap after GC invocations=58 (full 5):
 PSYoungGen      total 164352K, used 1887K [0x000000066ab00000, 0x0000000678300000, 0x00000007c0000000)
  eden space 118272K, 0% used [0x000000066ab00000,0x000000066ab00000,0x0000000671e80000)
  from space 46080K, 4% used [0x0000000671e80000,0x0000000672057e18,0x0000000674b80000)
  to   space 46080K, 0% used [0x0000000675600000,0x0000000675600000,0x0000000678300000)
 ParOldGen       total 149504K, used 105243K [0x00000003c0000000, 0x00000003c9200000, 0x000000066ab00000)
  object space 149504K, 70% used [0x00000003c0000000,0x00000003c66c6db8,0x00000003c9200000)
 Metaspace       used 106256K, capacity 107761K, committed 107796K, reserved 1142784K
  class space    used 13799K, capacity 14129K, committed 14140K, reserved 1048576K
}
Event: 1371.981 GC heap before
{Heap before GC invocations=59 (full 5):
 PSYoungGen      total 164352K, used 119386K [0x000000066ab00000, 0x0000000678300000, 0x00000007c0000000)
  eden space 118272K, 99% used [0x000000066ab00000,0x0000000671dbeae0,0x0000000671e80000)
  from space 46080K, 4% used [0x0000000671e80000,0x0000000672057e18,0x0000000674b80000)
  to   space 46080K, 0% used [0x0000000675600000,0x0000000675600000,0x0000000678300000)
 ParOldGen       total 149504K, used 105243K [0x00000003c0000000, 0x00000003c9200000, 0x000000066ab00000)
  object space 149504K, 70% used [0x00000003c0000000,0x00000003c66c6db8,0x00000003c9200000)
 Metaspace       used 106288K, capacity 107771K, committed 107796K, reserved 1142784K
  class space    used 13800K, capacity 14131K, committed 14140K, reserved 1048576K
Event: 1372.029 GC heap after
Heap after GC invocations=59 (full 5):
 PSYoungGen      total 153600K, used 46065K [0x000000066ab00000, 0x000000067b700000, 0x00000007c0000000)
  eden space 107520K, 0% used [0x000000066ab00000,0x000000066ab00000,0x0000000671400000)
  from space 46080K, 99% used [0x0000000675600000,0x00000006782fc608,0x0000000678300000)
  to   space 67584K, 0% used [0x0000000671400000,0x0000000671400000,0x0000000675600000)
 ParOldGen       total 149504K, used 141259K [0x00000003c0000000, 0x00000003c9200000, 0x000000066ab00000)
  object space 149504K, 94% used [0x00000003c0000000,0x00000003c89f2e90,0x00000003c9200000)
 Metaspace       used 106288K, capacity 107771K, committed 107796K, reserved 1142784K
  class space    used 13800K, capacity 14131K, committed 14140K, reserved 1048576K
}
Event: 1372.029 GC heap before
{Heap before GC invocations=60 (full 6):
 PSYoungGen      total 153600K, used 46065K [0x000000066ab00000, 0x000000067b700000, 0x00000007c0000000)
  eden space 107520K, 0% used [0x000000066ab00000,0x000000066ab00000,0x0000000671400000)
  from space 46080K, 99% used [0x0000000675600000,0x00000006782fc608,0x0000000678300000)
  to   space 67584K, 0% used [0x0000000671400000,0x0000000671400000,0x0000000675600000)
 ParOldGen       total 149504K, used 141259K [0x00000003c0000000, 0x00000003c9200000, 0x000000066ab00000)
  object space 149504K, 94% used [0x00000003c0000000,0x00000003c89f2e90,0x00000003c9200000)
 Metaspace       used 106288K, capacity 107771K, committed 107796K, reserved 1142784K
  class space    used 13800K, capacity 14131K, committed 14140K, reserved 1048576K
Event: 1372.166 GC heap after
Heap after GC invocations=60 (full 6):
 PSYoungGen      total 153600K, used 0K [0x000000066ab00000, 0x000000067b700000, 0x00000007c0000000)
  eden space 107520K, 0% used [0x000000066ab00000,0x000000066ab00000,0x0000000671400000)
  from space 46080K, 0% used [0x0000000675600000,0x0000000675600000,0x0000000678300000)
  to   space 67584K, 0% used [0x0000000671400000,0x0000000671400000,0x0000000675600000)
 ParOldGen       total 222208K, used 111180K [0x00000003c0000000, 0x00000003cd900000, 0x000000066ab00000)
  object space 222208K, 50% used [0x00000003c0000000,0x00000003c6c931f0,0x00000003cd900000)
 Metaspace       used 106273K, capacity 107747K, committed 107796K, reserved 1142784K
  class space    used 13798K, capacity 14127K, committed 14140K, reserved 1048576K
}
Event: 1400.779 GC heap before
{Heap before GC invocations=61 (full 6):
 PSYoungGen      total 153600K, used 107520K [0x000000066ab00000, 0x000000067b700000, 0x00000007c0000000)
  eden space 107520K, 100% used [0x000000066ab00000,0x0000000671400000,0x0000000671400000)
  from space 46080K, 0% used [0x0000000675600000,0x0000000675600000,0x0000000678300000)
  to   space 67584K, 0% used [0x0000000671400000,0x0000000671400000,0x0000000675600000)
 ParOldGen       total 222208K, used 111180K [0x00000003c0000000, 0x00000003cd900000, 0x000000066ab00000)
  object space 222208K, 50% used [0x00000003c0000000,0x00000003c6c931f0,0x00000003cd900000)
 Metaspace       used 106332K, capacity 107817K, committed 108052K, reserved 1142784K
  class space    used 13799K, capacity 14128K, committed 14140K, reserved 1048576K
Event: 1400.784 GC heap after
Heap after GC invocations=61 (full 6):
 PSYoungGen      total 175104K, used 1544K [0x000000066ab00000, 0x000000067a880000, 0x00000007c0000000)
  eden space 107520K, 0% used [0x000000066ab00000,0x000000066ab00000,0x0000000671400000)
  from space 67584K, 2% used [0x0000000671400000,0x00000006715822f0,0x0000000675600000)
  to   space 66560K, 0% used [0x0000000676780000,0x0000000676780000,0x000000067a880000)
 ParOldGen       total 222208K, used 111188K [0x00000003c0000000, 0x00000003cd900000, 0x000000066ab00000)
  object space 222208K, 50% used [0x00000003c0000000,0x00000003c6c951f0,0x00000003cd900000)
 Metaspace       used 106332K, capacity 107817K, committed 108052K, reserved 1142784K
  class space    used 13799K, capacity 14128K, committed 14140K, reserved 1048576K
}
Event: 1401.155 GC heap before
{Heap before GC invocations=62 (full 6):
 PSYoungGen      total 175104K, used 107814K [0x000000066ab00000, 0x000000067a880000, 0x00000007c0000000)
  eden space 107520K, 98% used [0x000000066ab00000,0x00000006712c7738,0x0000000671400000)
  from space 67584K, 2% used [0x0000000671400000,0x00000006715822f0,0x0000000675600000)
  to   space 66560K, 0% used [0x0000000676780000,0x0000000676780000,0x000000067a880000)
 ParOldGen       total 222208K, used 111188K [0x00000003c0000000, 0x00000003cd900000, 0x000000066ab00000)
  object space 222208K, 50% used [0x00000003c0000000,0x00000003c6c951f0,0x00000003cd900000)
 Metaspace       used 106419K, capacity 107907K, committed 108180K, reserved 1142784K
  class space    used 13802K, capacity 14134K, committed 14268K, reserved 1048576K
Event: 1401.179 GC heap after
Heap after GC invocations=62 (full 6):
 PSYoungGen      total 190464K, used 39700K [0x000000066ab00000, 0x000000067ae80000, 0x00000007c0000000)
  eden space 123904K, 0% used [0x000000066ab00000,0x000000066ab00000,0x0000000672400000)
  from space 66560K, 59% used [0x0000000676780000,0x0000000678e45260,0x000000067a880000)
  to   space 69120K, 0% used [0x0000000672400000,0x0000000672400000,0x0000000676780000)
 ParOldGen       total 222208K, used 146276K [0x00000003c0000000, 0x00000003cd900000, 0x000000066ab00000)
  object space 222208K, 65% used [0x00000003c0000000,0x00000003c8ed93f0,0x00000003cd900000)
 Metaspace       used 106419K, capacity 107907K, committed 108180K, reserved 1142784K
  class space    used 13802K, capacity 14134K, committed 14268K, reserved 1048576K
}
Event: 1434.957 GC heap before
{Heap before GC invocations=63 (full 6):
 PSYoungGen      total 190464K, used 160293K [0x000000066ab00000, 0x000000067ae80000, 0x00000007c0000000)
  eden space 123904K, 97% used [0x000000066ab00000,0x00000006720c4450,0x0000000672400000)
  from space 66560K, 59% used [0x0000000676780000,0x0000000678e45260,0x000000067a880000)
  to   space 69120K, 0% used [0x0000000672400000,0x0000000672400000,0x0000000676780000)
 ParOldGen       total 222208K, used 146276K [0x00000003c0000000, 0x00000003cd900000, 0x000000066ab00000)
  object space 222208K, 65% used [0x00000003c0000000,0x00000003c8ed93f0,0x00000003cd900000)
 Metaspace       used 106467K, capacity 107929K, committed 108180K, reserved 1142784K
  class space    used 13805K, capacity 14138K, committed 14268K, reserved 1048576K
Event: 1434.961 GC heap after
Heap after GC invocations=63 (full 6):
 PSYoungGen      total 193024K, used 2253K [0x000000066ab00000, 0x000000067bd00000, 0x00000007c0000000)
  eden space 123904K, 0% used [0x000000066ab00000,0x000000066ab00000,0x0000000672400000)
  from space 69120K, 3% used [0x0000000672400000,0x00000006726335d8,0x0000000676780000)
  to   space 68096K, 0% used [0x0000000677a80000,0x0000000677a80000,0x000000067bd00000)
 ParOldGen       total 222208K, used 146276K [0x00000003c0000000, 0x00000003cd900000, 0x000000066ab00000)
  object space 222208K, 65% used [0x00000003c0000000,0x00000003c8ed93f0,0x00000003cd900000)
 Metaspace       used 106467K, capacity 107929K, committed 108180K, reserved 1142784K
  class space    used 13805K, capacity 14138K, committed 14268K, reserved 1048576K
}
Event: 1435.217 GC heap before
{Heap before GC invocations=64 (full 6):
 PSYoungGen      total 193024K, used 115946K [0x000000066ab00000, 0x000000067bd00000, 0x00000007c0000000)
  eden space 123904K, 91% used [0x000000066ab00000,0x0000000671a072f0,0x0000000672400000)
  from space 69120K, 3% used [0x0000000672400000,0x00000006726335d8,0x0000000676780000)
  to   space 68096K, 0% used [0x0000000677a80000,0x0000000677a80000,0x000000067bd00000)
 ParOldGen       total 222208K, used 146276K [0x00000003c0000000, 0x00000003cd900000, 0x000000066ab00000)
  object space 222208K, 65% used [0x00000003c0000000,0x00000003c8ed93f0,0x00000003cd900000)
 Metaspace       used 106484K, capacity 107939K, committed 108180K, reserved 1142784K
  class space    used 13807K, capacity 14140K, committed 14268K, reserved 1048576K
Event: 1435.250 GC heap after
Heap after GC invocations=64 (full 6):
 PSYoungGen      total 203776K, used 56537K [0x000000066ab00000, 0x000000067d000000, 0x00000007c0000000)
  eden space 135680K, 0% used [0x000000066ab00000,0x000000066ab00000,0x0000000672f80000)
  from space 68096K, 83% used [0x0000000677a80000,0x000000067b1b6538,0x000000067bd00000)
  to   space 76800K, 0% used [0x0000000672f80000,0x0000000672f80000,0x0000000677a80000)
 ParOldGen       total 222208K, used 181365K [0x00000003c0000000, 0x00000003cd900000, 0x000000066ab00000)
  object space 222208K, 81% used [0x00000003c0000000,0x00000003cb11d5f0,0x00000003cd900000)
 Metaspace       used 106484K, capacity 107939K, committed 108180K, reserved 1142784K
  class space    used 13807K, capacity 14140K, committed 14268K, reserved 1048576K
}
Event: 1435.250 GC heap before
{Heap before GC invocations=65 (full 7):
 PSYoungGen      total 203776K, used 56537K [0x000000066ab00000, 0x000000067d000000, 0x00000007c0000000)
  eden space 135680K, 0% used [0x000000066ab00000,0x000000066ab00000,0x0000000672f80000)
  from space 68096K, 83% used [0x0000000677a80000,0x000000067b1b6538,0x000000067bd00000)
  to   space 76800K, 0% used [0x0000000672f80000,0x0000000672f80000,0x0000000677a80000)
 ParOldGen       total 222208K, used 181365K [0x00000003c0000000, 0x00000003cd900000, 0x000000066ab00000)
  object space 222208K, 81% used [0x00000003c0000000,0x00000003cb11d5f0,0x00000003cd900000)
 Metaspace       used 106484K, capacity 107939K, committed 108180K, reserved 1142784K
  class space    used 13807K, capacity 14140K, committed 14268K, reserved 1048576K
Event: 1435.371 GC heap after
Heap after GC invocations=65 (full 7):
 PSYoungGen      total 203776K, used 0K [0x000000066ab00000, 0x000000067d000000, 0x00000007c0000000)
  eden space 135680K, 0% used [0x000000066ab00000,0x000000066ab00000,0x0000000672f80000)
  from space 68096K, 0% used [0x0000000677a80000,0x0000000677a80000,0x000000067bd00000)
  to   space 76800K, 0% used [0x0000000672f80000,0x0000000672f80000,0x0000000677a80000)
 ParOldGen       total 248320K, used 121484K [0x00000003c0000000, 0x00000003cf280000, 0x000000066ab00000)
  object space 248320K, 48% used [0x00000003c0000000,0x00000003c76a32c0,0x00000003cf280000)
 Metaspace       used 106481K, capacity 107933K, committed 108180K, reserved 1142784K
  class space    used 13806K, capacity 14139K, committed 14268K, reserved 1048576K
}
Event: 1435.632 GC heap before
{Heap before GC invocations=66 (full 7):
 PSYoungGen      total 203776K, used 135680K [0x000000066ab00000, 0x000000067d000000, 0x00000007c0000000)
  eden space 135680K, 100% used [0x000000066ab00000,0x0000000672f80000,0x0000000672f80000)
  from space 68096K, 0% used [0x0000000677a80000,0x0000000677a80000,0x000000067bd00000)
  to   space 76800K, 0% used [0x0000000672f80000,0x0000000672f80000,0x0000000677a80000)
 ParOldGen       total 248320K, used 121484K [0x00000003c0000000, 0x00000003cf280000, 0x000000066ab00000)
  object space 248320K, 48% used [0x00000003c0000000,0x00000003c76a32c0,0x00000003cf280000)
 Metaspace       used 106529K, capacity 107997K, committed 108180K, reserved 1142784K
  class space    used 13807K, capacity 14139K, committed 14268K, reserved 1048576K
Event: 1435.640 GC heap after
Heap after GC invocations=66 (full 7):
 PSYoungGen      total 212480K, used 13319K [0x000000066ab00000, 0x000000067d680000, 0x00000007c0000000)
  eden space 135680K, 0% used [0x000000066ab00000,0x000000066ab00000,0x0000000672f80000)
  from space 76800K, 17% used [0x0000000672f80000,0x0000000673c81ee0,0x0000000677a80000)
  to   space 73216K, 0% used [0x0000000678f00000,0x0000000678f00000,0x000000067d680000)
 ParOldGen       total 248320K, used 121484K [0x00000003c0000000, 0x00000003cf280000, 0x000000066ab00000)
  object space 248320K, 48% used [0x00000003c0000000,0x00000003c76a32c0,0x00000003cf280000)
 Metaspace       used 106529K, capacity 107997K, committed 108180K, reserved 1142784K
  class space    used 13807K, capacity 14139K, committed 14268K, reserved 1048576K
}
Event: 1435.842 GC heap before
{Heap before GC invocations=67 (full 7):
 PSYoungGen      total 212480K, used 148999K [0x000000066ab00000, 0x000000067d680000, 0x00000007c0000000)
  eden space 135680K, 100% used [0x000000066ab00000,0x0000000672f80000,0x0000000672f80000)
  from space 76800K, 17% used [0x0000000672f80000,0x0000000673c81ee0,0x0000000677a80000)
  to   space 73216K, 0% used [0x0000000678f00000,0x0000000678f00000,0x000000067d680000)
 ParOldGen       total 248320K, used 121484K [0x00000003c0000000, 0x00000003cf280000, 0x000000066ab00000)
  object space 248320K, 48% used [0x00000003c0000000,0x00000003c76a32c0,0x00000003cf280000)
 Metaspace       used 106533K, capacity 107997K, committed 108180K, reserved 1142784K
  class space    used 13807K, capacity 14139K, committed 14268K, reserved 1048576K
Event: 1435.851 GC heap after
Heap after GC invocations=67 (full 7):
 PSYoungGen      total 225280K, used 14215K [0x000000066ab00000, 0x000000067cf00000, 0x00000007c0000000)
  eden space 159744K, 0% used [0x000000066ab00000,0x000000066ab00000,0x0000000674700000)
  from space 65536K, 21% used [0x0000000678f00000,0x0000000679ce1ef0,0x000000067cf00000)
  to   space 69632K, 0% used [0x0000000674700000,0x0000000674700000,0x0000000678b00000)
 ParOldGen       total 248320K, used 121484K [0x00000003c0000000, 0x00000003cf280000, 0x000000066ab00000)
  object space 248320K, 48% used [0x00000003c0000000,0x00000003c76a32c0,0x00000003cf280000)
 Metaspace       used 106533K, capacity 107997K, committed 108180K, reserved 1142784K
  class space    used 13807K, capacity 14139K, committed 14268K, reserved 1048576K
}
Event: 1436.068 GC heap before
{Heap before GC invocations=68 (full 7):
 PSYoungGen      total 225280K, used 173959K [0x000000066ab00000, 0x000000067cf00000, 0x00000007c0000000)
  eden space 159744K, 100% used [0x000000066ab00000,0x0000000674700000,0x0000000674700000)
  from space 65536K, 21% used [0x0000000678f00000,0x0000000679ce1ef0,0x000000067cf00000)
  to   space 69632K, 0% used [0x0000000674700000,0x0000000674700000,0x0000000678b00000)
 ParOldGen       total 248320K, used 121484K [0x00000003c0000000, 0x00000003cf280000, 0x000000066ab00000)
  object space 248320K, 48% used [0x00000003c0000000,0x00000003c76a32c0,0x00000003cf280000)
 Metaspace       used 106534K, capacity 107997K, committed 108180K, reserved 1142784K
  class space    used 13807K, capacity 14139K, committed 14268K, reserved 1048576K
Event: 1436.075 GC heap after
Heap after GC invocations=68 (full 7):
 PSYoungGen      total 229376K, used 14119K [0x000000066ab00000, 0x000000067e500000, 0x00000007c0000000)
  eden space 159744K, 0% used [0x000000066ab00000,0x000000066ab00000,0x0000000674700000)
  from space 69632K, 20% used [0x0000000674700000,0x00000006754c9ef0,0x0000000678b00000)
  to   space 66560K, 0% used [0x000000067a400000,0x000000067a400000,0x000000067e500000)
 ParOldGen       total 248320K, used 121484K [0x00000003c0000000, 0x00000003cf280000, 0x000000066ab00000)
  object space 248320K, 48% used [0x00000003c0000000,0x00000003c76a32c0,0x00000003cf280000)
 Metaspace       used 106534K, capacity 107997K, committed 108180K, reserved 1142784K
  class space    used 13807K, capacity 14139K, committed 14268K, reserved 1048576K
}
Event: 1436.282 GC heap before
{Heap before GC invocations=69 (full 7):
 PSYoungGen      total 229376K, used 173863K [0x000000066ab00000, 0x000000067e500000, 0x00000007c0000000)
  eden space 159744K, 100% used [0x000000066ab00000,0x0000000674700000,0x0000000674700000)
  from space 69632K, 20% used [0x0000000674700000,0x00000006754c9ef0,0x0000000678b00000)
  to   space 66560K, 0% used [0x000000067a400000,0x000000067a400000,0x000000067e500000)
 ParOldGen       total 248320K, used 121484K [0x00000003c0000000, 0x00000003cf280000, 0x000000066ab00000)
  object space 248320K, 48% used [0x00000003c0000000,0x00000003c76a32c0,0x00000003cf280000)
 Metaspace       used 106562K, capacity 108061K, committed 108436K, reserved 1142784K
  class space    used 13807K, capacity 14139K, committed 14268K, reserved 1048576K
Event: 1436.295 GC heap after
Heap after GC invocations=69 (full 7):
 PSYoungGen      total 248832K, used 14081K [0x000000066ab00000, 0x000000067de80000, 0x00000007c0000000)
  eden space 188928K, 0% used [0x000000066ab00000,0x000000066ab00000,0x0000000676380000)
  from space 59904K, 23% used [0x000000067a400000,0x000000067b1c0630,0x000000067de80000)
  to   space 62976K, 0% used [0x0000000676380000,0x0000000676380000,0x000000067a100000)
 ParOldGen       total 248320K, used 121492K [0x00000003c0000000, 0x00000003cf280000, 0x000000066ab00000)
  object space 248320K, 48% used [0x00000003c0000000,0x00000003c76a52c0,0x00000003cf280000)
 Metaspace       used 106562K, capacity 108061K, committed 108436K, reserved 1142784K
  class space    used 13807K, capacity 14139K, committed 14268K, reserved 1048576K
}
Event: 1436.514 GC heap before
{Heap before GC invocations=70 (full 7):
 PSYoungGen      total 248832K, used 203009K [0x000000066ab00000, 0x000000067de80000, 0x00000007c0000000)
  eden space 188928K, 100% used [0x000000066ab00000,0x0000000676380000,0x0000000676380000)
  from space 59904K, 23% used [0x000000067a400000,0x000000067b1c0630,0x000000067de80000)
  to   space 62976K, 0% used [0x0000000676380000,0x0000000676380000,0x000000067a100000)
 ParOldGen       total 248320K, used 121492K [0x00000003c0000000, 0x00000003cf280000, 0x000000066ab00000)
  object space 248320K, 48% used [0x00000003c0000000,0x00000003c76a52c0,0x00000003cf280000)
 Metaspace       used 106565K, capacity 108061K, committed 108436K, reserved 1142784K
  class space    used 13807K, capacity 14139K, committed 14268K, reserved 1048576K
Event: 1436.519 GC heap after
Heap after GC invocations=70 (full 7):
 PSYoungGen      total 251904K, used 13895K [0x000000066ab00000, 0x000000067f900000, 0x00000007c0000000)
  eden space 188928K, 0% used [0x000000066ab00000,0x000000066ab00000,0x0000000676380000)
  from space 62976K, 22% used [0x0000000676380000,0x0000000677111ef0,0x000000067a100000)
  to   space 59904K, 0% used [0x000000067be80000,0x000000067be80000,0x000000067f900000)
 ParOldGen       total 248320K, used 121492K [0x00000003c0000000, 0x00000003cf280000, 0x000000066ab00000)
  object space 248320K, 48% used [0x00000003c0000000,0x00000003c76a52c0,0x00000003cf280000)
 Metaspace       used 106565K, capacity 108061K, committed 108436K, reserved 1142784K
  class space    used 13807K, capacity 14139K, committed 14268K, reserved 1048576K
}
Event: 1436.727 GC heap before
{Heap before GC invocations=71 (full 7):
 PSYoungGen      total 251904K, used 202823K [0x000000066ab00000, 0x000000067f900000, 0x00000007c0000000)
  eden space 188928K, 100% used [0x000000066ab00000,0x0000000676380000,0x0000000676380000)
  from space 62976K, 22% used [0x0000000676380000,0x0000000677111ef0,0x000000067a100000)
  to   space 59904K, 0% used [0x000000067be80000,0x000000067be80000,0x000000067f900000)
 ParOldGen       total 248320K, used 121492K [0x00000003c0000000, 0x00000003cf280000, 0x000000066ab00000)
  object space 248320K, 48% used [0x00000003c0000000,0x00000003c76a52c0,0x00000003cf280000)
 Metaspace       used 106579K, capacity 108129K, committed 108436K, reserved 1142784K
  class space    used 13807K, capacity 14139K, committed 14268K, reserved 1048576K
Event: 1436.744 GC heap after
Heap after GC invocations=71 (full 7):
 PSYoungGen      total 282624K, used 1113K [0x000000066ab00000, 0x000000067f900000, 0x00000007c0000000)
  eden space 222720K, 0% used [0x000000066ab00000,0x000000066ab00000,0x0000000678480000)
  from space 59904K, 1% used [0x000000067be80000,0x000000067bf96750,0x000000067f900000)
  to   space 59392K, 0% used [0x0000000678480000,0x0000000678480000,0x000000067be80000)
 ParOldGen       total 248320K, used 134484K [0x00000003c0000000, 0x00000003cf280000, 0x000000066ab00000)
  object space 248320K, 54% used [0x00000003c0000000,0x00000003c83551a0,0x00000003cf280000)
 Metaspace       used 106579K, capacity 108129K, committed 108436K, reserved 1142784K
  class space    used 13807K, capacity 14139K, committed 14268K, reserved 1048576K
}
Event: 1436.993 GC heap before
{Heap before GC invocations=72 (full 7):
 PSYoungGen      total 282624K, used 223833K [0x000000066ab00000, 0x000000067f900000, 0x00000007c0000000)
  eden space 222720K, 100% used [0x000000066ab00000,0x0000000678480000,0x0000000678480000)
  from space 59904K, 1% used [0x000000067be80000,0x000000067bf96750,0x000000067f900000)
  to   space 59392K, 0% used [0x0000000678480000,0x0000000678480000,0x000000067be80000)
 ParOldGen       total 248320K, used 134484K [0x00000003c0000000, 0x00000003cf280000, 0x000000066ab00000)
  object space 248320K, 54% used [0x00000003c0000000,0x00000003c83551a0,0x00000003cf280000)
 Metaspace       used 106582K, capacity 108129K, committed 108436K, reserved 1142784K
  class space    used 13807K, capacity 14139K, committed 14268K, reserved 1048576K
Event: 1436.999 GC heap after
Heap after GC invocations=72 (full 7):
 PSYoungGen      total 282112K, used 672K [0x000000066ab00000, 0x0000000681d00000, 0x00000007c0000000)
  eden space 222720K, 0% used [0x000000066ab00000,0x000000066ab00000,0x0000000678480000)
  from space 59392K, 1% used [0x0000000678480000,0x0000000678528010,0x000000067be80000)
  to   space 58368K, 0% used [0x000000067e400000,0x000000067e400000,0x0000000681d00000)
 ParOldGen       total 248320K, used 134750K [0x00000003c0000000, 0x00000003cf280000, 0x000000066ab00000)
  object space 248320K, 54% used [0x00000003c0000000,0x00000003c83978e0,0x00000003cf280000)
 Metaspace       used 106582K, capacity 108129K, committed 108436K, reserved 1142784K
  class space    used 13807K, capacity 14139K, committed 14268K, reserved 1048576K
}
Event: 1437.240 GC heap before
{Heap before GC invocations=73 (full 7):
 PSYoungGen      total 282112K, used 223392K [0x000000066ab00000, 0x0000000681d00000, 0x00000007c0000000)
  eden space 222720K, 100% used [0x000000066ab00000,0x0000000678480000,0x0000000678480000)
  from space 59392K, 1% used [0x0000000678480000,0x0000000678528010,0x000000067be80000)
  to   space 58368K, 0% used [0x000000067e400000,0x000000067e400000,0x0000000681d00000)
 ParOldGen       total 248320K, used 134750K [0x00000003c0000000, 0x00000003cf280000, 0x000000066ab00000)
  object space 248320K, 54% used [0x00000003c0000000,0x00000003c83978e0,0x00000003cf280000)
 Metaspace       used 106588K, capacity 108193K, committed 108436K, reserved 1142784K
  class space    used 13807K, capacity 14139K, committed 14268K, reserved 1048576K
Event: 1437.246 GC heap after
Heap after GC invocations=73 (full 7):
 PSYoungGen      total 316416K, used 704K [0x000000066ab00000, 0x0000000681980000, 0x00000007c0000000)
  eden space 261632K, 0% used [0x000000066ab00000,0x000000066ab00000,0x000000067aa80000)
  from space 54784K, 1% used [0x000000067e400000,0x000000067e4b0010,0x0000000681980000)
  to   space 56832K, 0% used [0x000000067aa80000,0x000000067aa80000,0x000000067e200000)
 ParOldGen       total 248320K, used 134942K [0x00000003c0000000, 0x00000003cf280000, 0x000000066ab00000)
  object space 248320K, 54% used [0x00000003c0000000,0x00000003c83c78e0,0x00000003cf280000)
 Metaspace       used 106588K, capacity 108193K, committed 108436K, reserved 1142784K
  class space    used 13807K, capacity 14139K, committed 14268K, reserved 1048576K
}
Event: 1437.525 GC heap before
{Heap before GC invocations=74 (full 7):
 PSYoungGen      total 316416K, used 262336K [0x000000066ab00000, 0x0000000681980000, 0x00000007c0000000)
  eden space 261632K, 100% used [0x000000066ab00000,0x000000067aa80000,0x000000067aa80000)
  from space 54784K, 1% used [0x000000067e400000,0x000000067e4b0010,0x0000000681980000)
  to   space 56832K, 0% used [0x000000067aa80000,0x000000067aa80000,0x000000067e200000)
 ParOldGen       total 248320K, used 134942K [0x00000003c0000000, 0x00000003cf280000, 0x000000066ab00000)
  object space 248320K, 54% used [0x00000003c0000000,0x00000003c83c78e0,0x00000003cf280000)
 Metaspace       used 106590K, capacity 108193K, committed 108436K, reserved 1142784K
  class space    used 13807K, capacity 14139K, committed 14268K, reserved 1048576K
Event: 1437.531 GC heap after
Heap after GC invocations=74 (full 7):
 PSYoungGen      total 318464K, used 352K [0x000000066ab00000, 0x0000000684200000, 0x00000007c0000000)
  eden space 261632K, 0% used [0x000000066ab00000,0x000000066ab00000,0x000000067aa80000)
  from space 56832K, 0% used [0x000000067aa80000,0x000000067aad8000,0x000000067e200000)
  to   space 54784K, 0% used [0x0000000680c80000,0x0000000680c80000,0x0000000684200000)
 ParOldGen       total 248320K, used 135262K [0x00000003c0000000, 0x00000003cf280000, 0x000000066ab00000)
  object space 248320K, 54% used [0x00000003c0000000,0x00000003c84178f0,0x00000003cf280000)
 Metaspace       used 106590K, capacity 108193K, committed 108436K, reserved 1142784K
  class space    used 13807K, capacity 14139K, committed 14268K, reserved 1048576K
}
Event: 1437.787 GC heap before
{Heap before GC invocations=75 (full 7):
 PSYoungGen      total 318464K, used 261984K [0x000000066ab00000, 0x0000000684200000, 0x00000007c0000000)
  eden space 261632K, 100% used [0x000000066ab00000,0x000000067aa80000,0x000000067aa80000)
  from space 56832K, 0% used [0x000000067aa80000,0x000000067aad8000,0x000000067e200000)
  to   space 54784K, 0% used [0x0000000680c80000,0x0000000680c80000,0x0000000684200000)
 ParOldGen       total 248320K, used 135262K [0x00000003c0000000, 0x00000003cf280000, 0x000000066ab00000)
  object space 248320K, 54% used [0x00000003c0000000,0x00000003c84178f0,0x00000003cf280000)
 Metaspace       used 106595K, capacity 108193K, committed 108436K, reserved 1142784K
  class space    used 13807K, capacity 14139K, committed 14268K, reserved 1048576K
Event: 1437.792 GC heap after
Heap after GC invocations=75 (full 7):
 PSYoungGen      total 356864K, used 224K [0x000000066ab00000, 0x0000000683e00000, 0x00000007c0000000)
  eden space 306176K, 0% used [0x000000066ab00000,0x000000066ab00000,0x000000067d600000)
  from space 50688K, 0% used [0x0000000680c80000,0x0000000680cb8000,0x0000000683e00000)
  to   space 53248K, 0% used [0x000000067d600000,0x000000067d600000,0x0000000680a00000)
 ParOldGen       total 248320K, used 135462K [0x00000003c0000000, 0x00000003cf280000, 0x000000066ab00000)
  object space 248320K, 54% used [0x00000003c0000000,0x00000003c84498f0,0x00000003cf280000)
 Metaspace       used 106595K, capacity 108193K, committed 108436K, reserved 1142784K
  class space    used 13807K, capacity 14139K, committed 14268K, reserved 1048576K
}
Event: 1438.091 GC heap before
{Heap before GC invocations=76 (full 7):
 PSYoungGen      total 356864K, used 306400K [0x000000066ab00000, 0x0000000683e00000, 0x00000007c0000000)
  eden space 306176K, 100% used [0x000000066ab00000,0x000000067d600000,0x000000067d600000)
  from space 50688K, 0% used [0x0000000680c80000,0x0000000680cb8000,0x0000000683e00000)
  to   space 53248K, 0% used [0x000000067d600000,0x000000067d600000,0x0000000680a00000)
 ParOldGen       total 248320K, used 135462K [0x00000003c0000000, 0x00000003cf280000, 0x000000066ab00000)
  object space 248320K, 54% used [0x00000003c0000000,0x00000003c84498f0,0x00000003cf280000)
 Metaspace       used 106595K, capacity 108193K, committed 108436K, reserved 1142784K
  class space    used 13807K, capacity 14139K, committed 14268K, reserved 1048576K
Event: 1438.095 GC heap after
Heap after GC invocations=76 (full 7):
 PSYoungGen      total 359424K, used 640K [0x000000066ab00000, 0x0000000686a80000, 0x00000007c0000000)
  eden space 306176K, 0% used [0x000000066ab00000,0x000000066ab00000,0x000000067d600000)
  from space 53248K, 1% used [0x000000067d600000,0x000000067d6a0000,0x0000000680a00000)
  to   space 50688K, 0% used [0x0000000683900000,0x0000000683900000,0x0000000686a80000)
 ParOldGen       total 248320K, used 135566K [0x00000003c0000000, 0x00000003cf280000, 0x000000066ab00000)
  object space 248320K, 54% used [0x00000003c0000000,0x00000003c84638f0,0x00000003cf280000)
 Metaspace       used 106595K, capacity 108193K, committed 108436K, reserved 1142784K
  class space    used 13807K, capacity 14139K, committed 14268K, reserved 1048576K
}
Event: 1438.355 GC heap before
{Heap before GC invocations=77 (full 7):
 PSYoungGen      total 359424K, used 306816K [0x000000066ab00000, 0x0000000686a80000, 0x00000007c0000000)
  eden space 306176K, 100% used [0x000000066ab00000,0x000000067d600000,0x000000067d600000)
  from space 53248K, 1% used [0x000000067d600000,0x000000067d6a0000,0x0000000680a00000)
  to   space 50688K, 0% used [0x0000000683900000,0x0000000683900000,0x0000000686a80000)
 ParOldGen       total 248320K, used 135566K [0x00000003c0000000, 0x00000003cf280000, 0x000000066ab00000)
  object space 248320K, 54% used [0x00000003c0000000,0x00000003c84638f0,0x00000003cf280000)
 Metaspace       used 106595K, capacity 108193K, committed 108436K, reserved 1142784K
  class space    used 13807K, capacity 14139K, committed 14268K, reserved 1048576K
Event: 1438.358 GC heap after
Heap after GC invocations=77 (full 7):
 PSYoungGen      total 400384K, used 288K [0x000000066ab00000, 0x0000000686500000, 0x00000007c0000000)
  eden space 355328K, 0% used [0x000000066ab00000,0x000000066ab00000,0x0000000680600000)
  from space 45056K, 0% used [0x0000000683900000,0x0000000683948000,0x0000000686500000)
  to   space 48640K, 0% used [0x0000000680600000,0x0000000680600000,0x0000000683580000)
 ParOldGen       total 248320K, used 135686K [0x00000003c0000000, 0x00000003cf280000, 0x000000066ab00000)
  object space 248320K, 54% used [0x00000003c0000000,0x00000003c84818f0,0x00000003cf280000)
 Metaspace       used 106595K, capacity 108193K, committed 108436K, reserved 1142784K
  class space    used 13807K, capacity 14139K, committed 14268K, reserved 1048576K
}
Event: 1438.683 GC heap before
{Heap before GC invocations=78 (full 7):
 PSYoungGen      total 400384K, used 355616K [0x000000066ab00000, 0x0000000686500000, 0x00000007c0000000)
  eden space 355328K, 100% used [0x000000066ab00000,0x0000000680600000,0x0000000680600000)
  from space 45056K, 0% used [0x0000000683900000,0x0000000683948000,0x0000000686500000)
  to   space 48640K, 0% used [0x0000000680600000,0x0000000680600000,0x0000000683580000)
 ParOldGen       total 248320K, used 135686K [0x00000003c0000000, 0x00000003cf280000, 0x000000066ab00000)
  object space 248320K, 54% used [0x00000003c0000000,0x00000003c84818f0,0x00000003cf280000)
 Metaspace       used 106602K, capacity 108193K, committed 108436K, reserved 1142784K
  class space    used 13807K, capacity 14139K, committed 14268K, reserved 1048576K
Event: 1438.687 GC heap after
Heap after GC invocations=78 (full 7):
 PSYoungGen      total 403968K, used 1248K [0x000000066ab00000, 0x0000000689680000, 0x00000007c0000000)
  eden space 355328K, 0% used [0x000000066ab00000,0x000000066ab00000,0x0000000680600000)
  from space 48640K, 2% used [0x0000000680600000,0x0000000680738010,0x0000000683580000)
  to   space 46080K, 0% used [0x0000000686980000,0x0000000686980000,0x0000000689680000)
 ParOldGen       total 248320K, used 135870K [0x00000003c0000000, 0x00000003cf280000, 0x000000066ab00000)
  object space 248320K, 54% used [0x00000003c0000000,0x00000003c84af8f0,0x00000003cf280000)
 Metaspace       used 106602K, capacity 108193K, committed 108436K, reserved 1142784K
  class space    used 13807K, capacity 14139K, committed 14268K, reserved 1048576K
}
Event: 1438.991 GC heap before
{Heap before GC invocations=79 (full 7):
 PSYoungGen      total 403968K, used 356576K [0x000000066ab00000, 0x0000000689680000, 0x00000007c0000000)
  eden space 355328K, 100% used [0x000000066ab00000,0x0000000680600000,0x0000000680600000)
  from space 48640K, 2% used [0x0000000680600000,0x0000000680738010,0x0000000683580000)
  to   space 46080K, 0% used [0x0000000686980000,0x0000000686980000,0x0000000689680000)
 ParOldGen       total 248320K, used 135870K [0x00000003c0000000, 0x00000003cf280000, 0x000000066ab00000)
  object space 248320K, 54% used [0x00000003c0000000,0x00000003c84af8f0,0x00000003cf280000)
 Metaspace       used 106602K, capacity 108193K, committed 108436K, reserved 1142784K
  class space    used 13807K, capacity 14139K, committed 14268K, reserved 1048576K
Event: 1438.994 GC heap after
Heap after GC invocations=79 (full 7):
 PSYoungGen      total 450048K, used 192K [0x000000066ab00000, 0x0000000689100000, 0x00000007c0000000)
  eden space 409600K, 0% used [0x000000066ab00000,0x000000066ab00000,0x0000000683b00000)
  from space 40448K, 0% used [0x0000000686980000,0x00000006869b0000,0x0000000689100000)
  to   space 44032K, 0% used [0x0000000683b00000,0x0000000683b00000,0x0000000686600000)
 ParOldGen       total 248320K, used 136262K [0x00000003c0000000, 0x00000003cf280000, 0x000000066ab00000)
  object space 248320K, 54% used [0x00000003c0000000,0x00000003c8511900,0x00000003cf280000)
 Metaspace       used 106602K, capacity 108193K, committed 108436K, reserved 1142784K
  class space    used 13807K, capacity 14139K, committed 14268K, reserved 1048576K
}
Event: 1439.362 GC heap before
{Heap before GC invocations=80 (full 7):
 PSYoungGen      total 450048K, used 409792K [0x000000066ab00000, 0x0000000689100000, 0x00000007c0000000)
  eden space 409600K, 100% used [0x000000066ab00000,0x0000000683b00000,0x0000000683b00000)
  from space 40448K, 0% used [0x0000000686980000,0x00000006869b0000,0x0000000689100000)
  to   space 44032K, 0% used [0x0000000683b00000,0x0000000683b00000,0x0000000686600000)
 ParOldGen       total 248320K, used 136262K [0x00000003c0000000, 0x00000003cf280000, 0x000000066ab00000)
  object space 248320K, 54% used [0x00000003c0000000,0x00000003c8511900,0x00000003cf280000)
 Metaspace       used 106603K, capacity 108193K, committed 108436K, reserved 1142784K
  class space    used 13807K, capacity 14139K, committed 14268K, reserved 1048576K
Event: 1439.365 GC heap after
Heap after GC invocations=80 (full 7):
 PSYoungGen      total 453632K, used 467K [0x000000066ab00000, 0x000000068c800000, 0x00000007c0000000)
  eden space 409600K, 0% used [0x000000066ab00000,0x000000066ab00000,0x0000000683b00000)
  from space 44032K, 1% used [0x0000000683b00000,0x0000000683b74e90,0x0000000686600000)
  to   space 41984K, 0% used [0x0000000689f00000,0x0000000689f00000,0x000000068c800000)
 ParOldGen       total 248320K, used 136382K [0x00000003c0000000, 0x00000003cf280000, 0x000000066ab00000)
  object space 248320K, 54% used [0x00000003c0000000,0x00000003c852f900,0x00000003cf280000)
 Metaspace       used 106603K, capacity 108193K, committed 108436K, reserved 1142784K
  class space    used 13807K, capacity 14139K, committed 14268K, reserved 1048576K
}
Event: 1439.701 GC heap before
{Heap before GC invocations=81 (full 7):
 PSYoungGen      total 453632K, used 410067K [0x000000066ab00000, 0x000000068c800000, 0x00000007c0000000)
  eden space 409600K, 100% used [0x000000066ab00000,0x0000000683b00000,0x0000000683b00000)
  from space 44032K, 1% used [0x0000000683b00000,0x0000000683b74e90,0x0000000686600000)
  to   space 41984K, 0% used [0x0000000689f00000,0x0000000689f00000,0x000000068c800000)
 ParOldGen       total 248320K, used 136382K [0x00000003c0000000, 0x00000003cf280000, 0x000000066ab00000)
  object space 248320K, 54% used [0x00000003c0000000,0x00000003c852f900,0x00000003cf280000)
 Metaspace       used 106603K, capacity 108193K, committed 108436K, reserved 1142784K
  class space    used 13807K, capacity 14139K, committed 14268K, reserved 1048576K
Event: 1439.704 GC heap after
Heap after GC invocations=81 (full 7):
 PSYoungGen      total 503808K, used 288K [0x000000066ab00000, 0x000000068c180000, 0x00000007c0000000)
  eden space 468480K, 0% used [0x000000066ab00000,0x000000066ab00000,0x0000000687480000)
  from space 35328K, 0% used [0x0000000689f00000,0x0000000689f48000,0x000000068c180000)
  to   space 39424K, 0% used [0x0000000687480000,0x0000000687480000,0x0000000689b00000)
 ParOldGen       total 248320K, used 136657K [0x00000003c0000000, 0x00000003cf280000, 0x000000066ab00000)
  object space 248320K, 55% used [0x00000003c0000000,0x00000003c8574790,0x00000003cf280000)
 Metaspace       used 106603K, capacity 108193K, committed 108436K, reserved 1142784K
  class space    used 13807K, capacity 14139K, committed 14268K, reserved 1048576K
}
Event: 1440.127 GC heap before
{Heap before GC invocations=82 (full 7):
 PSYoungGen      total 503808K, used 468768K [0x000000066ab00000, 0x000000068c180000, 0x00000007c0000000)
  eden space 468480K, 100% used [0x000000066ab00000,0x0000000687480000,0x0000000687480000)
  from space 35328K, 0% used [0x0000000689f00000,0x0000000689f48000,0x000000068c180000)
  to   space 39424K, 0% used [0x0000000687480000,0x0000000687480000,0x0000000689b00000)
 ParOldGen       total 248320K, used 136657K [0x00000003c0000000, 0x00000003cf280000, 0x000000066ab00000)
  object space 248320K, 55% used [0x00000003c0000000,0x00000003c8574790,0x00000003cf280000)
 Metaspace       used 106606K, capacity 108193K, committed 108436K, reserved 1142784K
  class space    used 13807K, capacity 14139K, committed 14268K, reserved 1048576K
Event: 1440.133 GC heap after
Heap after GC invocations=82 (full 7):
 PSYoungGen      total 507904K, used 288K [0x000000066ab00000, 0x000000068ff00000, 0x00000007c0000000)
  eden space 468480K, 0% used [0x000000066ab00000,0x000000066ab00000,0x0000000687480000)
  from space 39424K, 0% used [0x0000000687480000,0x00000006874c8000,0x0000000689b00000)
  to   space 37376K, 0% used [0x000000068da80000,0x000000068da80000,0x000000068ff00000)
 ParOldGen       total 248320K, used 136793K [0x00000003c0000000, 0x00000003cf280000, 0x000000066ab00000)
  object space 248320K, 55% used [0x00000003c0000000,0x00000003c8596790,0x00000003cf280000)
 Metaspace       used 106606K, capacity 108193K, committed 108436K, reserved 1142784K
  class space    used 13807K, capacity 14139K, committed 14268K, reserved 1048576K
}
Event: 1440.557 GC heap before
{Heap before GC invocations=83 (full 7):
 PSYoungGen      total 507904K, used 468768K [0x000000066ab00000, 0x000000068ff00000, 0x00000007c0000000)
  eden space 468480K, 100% used [0x000000066ab00000,0x0000000687480000,0x0000000687480000)
  from space 39424K, 0% used [0x0000000687480000,0x00000006874c8000,0x0000000689b00000)
  to   space 37376K, 0% used [0x000000068da80000,0x000000068da80000,0x000000068ff00000)
 ParOldGen       total 248320K, used 136793K [0x00000003c0000000, 0x00000003cf280000, 0x000000066ab00000)
  object space 248320K, 55% used [0x00000003c0000000,0x00000003c8596790,0x00000003cf280000)
 Metaspace       used 106606K, capacity 108193K, committed 108436K, reserved 1142784K
  class space    used 13807K, capacity 14139K, committed 14268K, reserved 1048576K
Event: 1440.564 GC heap after
Heap after GC invocations=83 (full 7):
 PSYoungGen      total 568832K, used 2461K [0x000000066ab00000, 0x000000068fa80000, 0x00000007c0000000)
  eden space 536064K, 0% used [0x000000066ab00000,0x000000066ab00000,0x000000068b680000)
  from space 32768K, 7% used [0x000000068da80000,0x000000068dce76c0,0x000000068fa80000)
  to   space 34816K, 0% used [0x000000068b680000,0x000000068b680000,0x000000068d880000)
 ParOldGen       total 248320K, used 136961K [0x00000003c0000000, 0x00000003cf280000, 0x000000066ab00000)
  object space 248320K, 55% used [0x00000003c0000000,0x00000003c85c0790,0x00000003cf280000)
 Metaspace       used 106606K, capacity 108193K, committed 108436K, reserved 1142784K
  class space    used 13807K, capacity 14139K, committed 14268K, reserved 1048576K
}
Event: 1441.030 GC heap before
{Heap before GC invocations=84 (full 7):
 PSYoungGen      total 568832K, used 538525K [0x000000066ab00000, 0x000000068fa80000, 0x00000007c0000000)
  eden space 536064K, 100% used [0x000000066ab00000,0x000000068b680000,0x000000068b680000)
  from space 32768K, 7% used [0x000000068da80000,0x000000068dce76c0,0x000000068fa80000)
  to   space 34816K, 0% used [0x000000068b680000,0x000000068b680000,0x000000068d880000)
 ParOldGen       total 248320K, used 136961K [0x00000003c0000000, 0x00000003cf280000, 0x000000066ab00000)
  object space 248320K, 55% used [0x00000003c0000000,0x00000003c85c0790,0x00000003cf280000)
 Metaspace       used 106606K, capacity 108193K, committed 108436K, reserved 1142784K
  class space    used 13807K, capacity 14139K, committed 14268K, reserved 1048576K
Event: 1441.033 GC heap after
Heap after GC invocations=84 (full 7):
 PSYoungGen      total 570880K, used 583K [0x000000066ab00000, 0x0000000693f80000, 0x00000007c0000000)
  eden space 536064K, 0% used [0x000000066ab00000,0x000000066ab00000,0x000000068b680000)
  from space 34816K, 1% used [0x000000068b680000,0x000000068b711d20,0x000000068d880000)
  to   space 32768K, 0% used [0x0000000691f80000,0x0000000691f80000,0x0000000693f80000)
 ParOldGen       total 248320K, used 137073K [0x00000003c0000000, 0x00000003cf280000, 0x000000066ab00000)
  object space 248320K, 55% used [0x00000003c0000000,0x00000003c85dc790,0x00000003cf280000)
 Metaspace       used 106606K, capacity 108193K, committed 108436K, reserved 1142784K
  class space    used 13807K, capacity 14139K, committed 14268K, reserved 1048576K
}
Event: 1441.465 GC heap before
{Heap before GC invocations=85 (full 7):
 PSYoungGen      total 570880K, used 536647K [0x000000066ab00000, 0x0000000693f80000, 0x00000007c0000000)
  eden space 536064K, 100% used [0x000000066ab00000,0x000000068b680000,0x000000068b680000)
  from space 34816K, 1% used [0x000000068b680000,0x000000068b711d20,0x000000068d880000)
  to   space 32768K, 0% used [0x0000000691f80000,0x0000000691f80000,0x0000000693f80000)
 ParOldGen       total 248320K, used 137073K [0x00000003c0000000, 0x00000003cf280000, 0x000000066ab00000)
  object space 248320K, 55% used [0x00000003c0000000,0x00000003c85dc790,0x00000003cf280000)
 Metaspace       used 106606K, capacity 108193K, committed 108436K, reserved 1142784K
  class space    used 13807K, capacity 14139K, committed 14268K, reserved 1048576K
Event: 1441.469 GC heap after
Heap after GC invocations=85 (full 7):
 PSYoungGen      total 636416K, used 960K [0x000000066ab00000, 0x0000000693a00000, 0x00000007c0000000)
  eden space 609280K, 0% used [0x000000066ab00000,0x000000066ab00000,0x000000068fe00000)
  from space 27136K, 3% used [0x0000000691f80000,0x0000000692070000,0x0000000693a00000)
  to   space 30720K, 0% used [0x000000068fe00000,0x000000068fe00000,0x0000000691c00000)
 ParOldGen       total 248320K, used 137329K [0x00000003c0000000, 0x00000003cf280000, 0x000000066ab00000)
  object space 248320K, 55% used [0x00000003c0000000,0x00000003c861c4b0,0x00000003cf280000)
 Metaspace       used 106606K, capacity 108193K, committed 108436K, reserved 1142784K
  class space    used 13807K, capacity 14139K, committed 14268K, reserved 1048576K
}
Event: 1442.004 GC heap before
{Heap before GC invocations=86 (full 7):
 PSYoungGen      total 636416K, used 610240K [0x000000066ab00000, 0x0000000693a00000, 0x00000007c0000000)
  eden space 609280K, 100% used [0x000000066ab00000,0x000000068fe00000,0x000000068fe00000)
  from space 27136K, 3% used [0x0000000691f80000,0x0000000692070000,0x0000000693a00000)
  to   space 30720K, 0% used [0x000000068fe00000,0x000000068fe00000,0x0000000691c00000)
 ParOldGen       total 248320K, used 137329K [0x00000003c0000000, 0x00000003cf280000, 0x000000066ab00000)
  object space 248320K, 55% used [0x00000003c0000000,0x00000003c861c4b0,0x00000003cf280000)
 Metaspace       used 106606K, capacity 108193K, committed 108436K, reserved 1142784K
  class space    used 13807K, capacity 14139K, committed 14268K, reserved 1048576K
Event: 1442.007 GC heap after
Heap after GC invocations=86 (full 7):
 PSYoungGen      total 640000K, used 352K [0x000000066ab00000, 0x0000000698500000, 0x00000007c0000000)
  eden space 609280K, 0% used [0x000000066ab00000,0x000000066ab00000,0x000000068fe00000)
  from space 30720K, 1% used [0x000000068fe00000,0x000000068fe58000,0x0000000691c00000)
  to   space 29184K, 0% used [0x0000000696880000,0x0000000696880000,0x0000000698500000)
 ParOldGen       total 248320K, used 137481K [0x00000003c0000000, 0x00000003cf280000, 0x000000066ab00000)
  object space 248320K, 55% used [0x00000003c0000000,0x00000003c86424b0,0x00000003cf280000)
 Metaspace       used 106606K, capacity 108193K, committed 108436K, reserved 1142784K
  class space    used 13807K, capacity 14139K, committed 14268K, reserved 1048576K
}
Event: 1442.501 GC heap before
{Heap before GC invocations=87 (full 7):
 PSYoungGen      total 640000K, used 609632K [0x000000066ab00000, 0x0000000698500000, 0x00000007c0000000)
  eden space 609280K, 100% used [0x000000066ab00000,0x000000068fe00000,0x000000068fe00000)
  from space 30720K, 1% used [0x000000068fe00000,0x000000068fe58000,0x0000000691c00000)
  to   space 29184K, 0% used [0x0000000696880000,0x0000000696880000,0x0000000698500000)
 ParOldGen       total 248320K, used 137481K [0x00000003c0000000, 0x00000003cf280000, 0x000000066ab00000)
  object space 248320K, 55% used [0x00000003c0000000,0x00000003c86424b0,0x00000003cf280000)
 Metaspace       used 106606K, capacity 108193K, committed 108436K, reserved 1142784K
  class space    used 13807K, capacity 14139K, committed 14268K, reserved 1048576K
Event: 1442.505 GC heap after
Heap after GC invocations=87 (full 7):
 PSYoungGen      total 711168K, used 640K [0x000000066ab00000, 0x0000000697f80000, 0x00000007c0000000)
  eden space 687616K, 0% used [0x000000066ab00000,0x000000066ab00000,0x0000000694a80000)
  from space 23552K, 2% used [0x0000000696880000,0x0000000696920000,0x0000000697f80000)
  to   space 27136K, 0% used [0x0000000694a80000,0x0000000694a80000,0x0000000696500000)
 ParOldGen       total 248320K, used 137665K [0x00000003c0000000, 0x00000003cf280000, 0x000000066ab00000)
  object space 248320K, 55% used [0x00000003c0000000,0x00000003c86704b0,0x00000003cf280000)
 Metaspace       used 106606K, capacity 108193K, committed 108436K, reserved 1142784K
  class space    used 13807K, capacity 14139K, committed 14268K, reserved 1048576K
}
Event: 1443.117 GC heap before
{Heap before GC invocations=88 (full 7):
 PSYoungGen      total 711168K, used 688256K [0x000000066ab00000, 0x0000000697f80000, 0x00000007c0000000)
  eden space 687616K, 100% used [0x000000066ab00000,0x0000000694a80000,0x0000000694a80000)
  from space 23552K, 2% used [0x0000000696880000,0x0000000696920000,0x0000000697f80000)
  to   space 27136K, 0% used [0x0000000694a80000,0x0000000694a80000,0x0000000696500000)
 ParOldGen       total 248320K, used 137665K [0x00000003c0000000, 0x00000003cf280000, 0x000000066ab00000)
  object space 248320K, 55% used [0x00000003c0000000,0x00000003c86704b0,0x00000003cf280000)
 Metaspace       used 106606K, capacity 108193K, committed 108436K, reserved 1142784K
  class space    used 13807K, capacity 14139K, committed 14268K, reserved 1048576K
Event: 1443.121 GC heap after
Heap after GC invocations=88 (full 7):
 PSYoungGen      total 714752K, used 832K [0x000000066ab00000, 0x000000069d080000, 0x00000007c0000000)
  eden space 687616K, 0% used [0x000000066ab00000,0x000000066ab00000,0x0000000694a80000)
  from space 27136K, 3% used [0x0000000694a80000,0x0000000694b50010,0x0000000696500000)
  to   space 25600K, 0% used [0x000000069b780000,0x000000069b780000,0x000000069d080000)
 ParOldGen       total 248320K, used 137905K [0x00000003c0000000, 0x00000003cf280000, 0x000000066ab00000)
  object space 248320K, 55% used [0x00000003c0000000,0x00000003c86ac4b0,0x00000003cf280000)
 Metaspace       used 106606K, capacity 108193K, committed 108436K, reserved 1142784K
  class space    used 13807K, capacity 14139K, committed 14268K, reserved 1048576K
}
Event: 1443.681 GC heap before
{Heap before GC invocations=89 (full 7):
 PSYoungGen      total 714752K, used 688448K [0x000000066ab00000, 0x000000069d080000, 0x00000007c0000000)
  eden space 687616K, 100% used [0x000000066ab00000,0x0000000694a80000,0x0000000694a80000)
  from space 27136K, 3% used [0x0000000694a80000,0x0000000694b50010,0x0000000696500000)
  to   space 25600K, 0% used [0x000000069b780000,0x000000069b780000,0x000000069d080000)
 ParOldGen       total 248320K, used 137905K [0x00000003c0000000, 0x00000003cf280000, 0x000000066ab00000)
  object space 248320K, 55% used [0x00000003c0000000,0x00000003c86ac4b0,0x00000003cf280000)
 Metaspace       used 106606K, capacity 108193K, committed 108436K, reserved 1142784K
  class space    used 13807K, capacity 14139K, committed 14268K, reserved 1048576K
Event: 1443.685 GC heap after
Heap after GC invocations=89 (full 7):
 PSYoungGen      total 790016K, used 320K [0x000000066ab00000, 0x000000069ca00000, 0x00000007c0000000)
  eden space 771072K, 0% used [0x000000066ab00000,0x000000066ab00000,0x0000000699c00000)
  from space 18944K, 1% used [0x000000069b780000,0x000000069b7d0000,0x000000069ca00000)
  to   space 23552K, 0% used [0x0000000699c00000,0x0000000699c00000,0x000000069b300000)
 ParOldGen       total 248320K, used 138665K [0x00000003c0000000, 0x00000003cf280000, 0x000000066ab00000)
  object space 248320K, 55% used [0x00000003c0000000,0x00000003c876a4c0,0x00000003cf280000)
 Metaspace       used 106606K, capacity 108193K, committed 108436K, reserved 1142784K
  class space    used 13807K, capacity 14139K, committed 14268K, reserved 1048576K
}
Event: 1444.356 GC heap before
{Heap before GC invocations=90 (full 7):
 PSYoungGen      total 790016K, used 771392K [0x000000066ab00000, 0x000000069ca00000, 0x00000007c0000000)
  eden space 771072K, 100% used [0x000000066ab00000,0x0000000699c00000,0x0000000699c00000)
  from space 18944K, 1% used [0x000000069b780000,0x000000069b7d0000,0x000000069ca00000)
  to   space 23552K, 0% used [0x0000000699c00000,0x0000000699c00000,0x000000069b300000)
 ParOldGen       total 248320K, used 138665K [0x00000003c0000000, 0x00000003cf280000, 0x000000066ab00000)
  object space 248320K, 55% used [0x00000003c0000000,0x00000003c876a4c0,0x00000003cf280000)
 Metaspace       used 106606K, capacity 108193K, committed 108436K, reserved 1142784K
  class space    used 13807K, capacity 14139K, committed 14268K, reserved 1048576K
Event: 1444.360 GC heap after
Heap after GC invocations=90 (full 7):
 PSYoungGen      total 794624K, used 352K [0x000000066ab00000, 0x00000006a1f00000, 0x00000007c0000000)
  eden space 771072K, 0% used [0x000000066ab00000,0x000000066ab00000,0x0000000699c00000)
  from space 23552K, 1% used [0x0000000699c00000,0x0000000699c58000,0x000000069b300000)
  to   space 22016K, 0% used [0x00000006a0980000,0x00000006a0980000,0x00000006a1f00000)
 ParOldGen       total 248320K, used 138889K [0x00000003c0000000, 0x00000003cf280000, 0x000000066ab00000)
  object space 248320K, 55% used [0x00000003c0000000,0x00000003c87a24c0,0x00000003cf280000)
 Metaspace       used 106606K, capacity 108193K, committed 108436K, reserved 1142784K
  class space    used 13807K, capacity 14139K, committed 14268K, reserved 1048576K
}
Event: 1444.978 GC heap before
{Heap before GC invocations=91 (full 7):
 PSYoungGen      total 794624K, used 771424K [0x000000066ab00000, 0x00000006a1f00000, 0x00000007c0000000)
  eden space 771072K, 100% used [0x000000066ab00000,0x0000000699c00000,0x0000000699c00000)
  from space 23552K, 1% used [0x0000000699c00000,0x0000000699c58000,0x000000069b300000)
  to   space 22016K, 0% used [0x00000006a0980000,0x00000006a0980000,0x00000006a1f00000)
 ParOldGen       total 248320K, used 138889K [0x00000003c0000000, 0x00000003cf280000, 0x000000066ab00000)
  object space 248320K, 55% used [0x00000003c0000000,0x00000003c87a24c0,0x00000003cf280000)
 Metaspace       used 106606K, capacity 108193K, committed 108436K, reserved 1142784K
  class space    used 13807K, capacity 14139K, committed 14268K, reserved 1048576K
Event: 1444.982 GC heap after
Heap after GC invocations=91 (full 7):
 PSYoungGen      total 877056K, used 544K [0x000000066ab00000, 0x00000006a1b00000, 0x00000007c0000000)
  eden space 859136K, 0% used [0x000000066ab00000,0x000000066ab00000,0x000000069f200000)
  from space 17920K, 3% used [0x00000006a0980000,0x00000006a0a08000,0x00000006a1b00000)
  to   space 20992K, 0% used [0x000000069f200000,0x000000069f200000,0x00000006a0680000)
 ParOldGen       total 248320K, used 139105K [0x00000003c0000000, 0x00000003cf280000, 0x000000066ab00000)
  object space 248320K, 56% used [0x00000003c0000000,0x00000003c87d84c0,0x00000003cf280000)
 Metaspace       used 106606K, capacity 108193K, committed 108436K, reserved 1142784K
  class space    used 13807K, capacity 14139K, committed 14268K, reserved 1048576K
}
Event: 1445.725 GC heap before
{Heap before GC invocations=92 (full 7):
 PSYoungGen      total 877056K, used 859680K [0x000000066ab00000, 0x00000006a1b00000, 0x00000007c0000000)
  eden space 859136K, 100% used [0x000000066ab00000,0x000000069f200000,0x000000069f200000)
  from space 17920K, 3% used [0x00000006a0980000,0x00000006a0a08000,0x00000006a1b00000)
  to   space 20992K, 0% used [0x000000069f200000,0x000000069f200000,0x00000006a0680000)
 ParOldGen       total 248320K, used 139105K [0x00000003c0000000, 0x00000003cf280000, 0x000000066ab00000)
  object space 248320K, 56% used [0x00000003c0000000,0x00000003c87d84c0,0x00000003cf280000)
 Metaspace       used 106606K, capacity 108193K, committed 108436K, reserved 1142784K
  class space    used 13807K, capacity 14139K, committed 14268K, reserved 1048576K
Event: 1445.729 GC heap after
Heap after GC invocations=92 (full 7):
 PSYoungGen      total 880128K, used 320K [0x000000066ab00000, 0x00000006a7480000, 0x00000007c0000000)
  eden space 859136K, 0% used [0x000000066ab00000,0x000000066ab00000,0x000000069f200000)
  from space 20992K, 1% used [0x000000069f200000,0x000000069f250000,0x00000006a0680000)
  to   space 19456K, 0% used [0x00000006a6180000,0x00000006a6180000,0x00000006a7480000)
 ParOldGen       total 248320K, used 139353K [0x00000003c0000000, 0x00000003cf280000, 0x000000066ab00000)
  object space 248320K, 56% used [0x00000003c0000000,0x00000003c88164c0,0x00000003cf280000)
 Metaspace       used 106606K, capacity 108193K, committed 108436K, reserved 1142784K
  class space    used 13807K, capacity 14139K, committed 14268K, reserved 1048576K
}
Event: 1446.410 GC heap before
{Heap before GC invocations=93 (full 7):
 PSYoungGen      total 880128K, used 859456K [0x000000066ab00000, 0x00000006a7480000, 0x00000007c0000000)
  eden space 859136K, 100% used [0x000000066ab00000,0x000000069f200000,0x000000069f200000)
  from space 20992K, 1% used [0x000000069f200000,0x000000069f250000,0x00000006a0680000)
  to   space 19456K, 0% used [0x00000006a6180000,0x00000006a6180000,0x00000006a7480000)
 ParOldGen       total 248320K, used 139353K [0x00000003c0000000, 0x00000003cf280000, 0x000000066ab00000)
  object space 248320K, 56% used [0x00000003c0000000,0x00000003c88164c0,0x00000003cf280000)
 Metaspace       used 106606K, capacity 108193K, committed 108436K, reserved 1142784K
  class space    used 13807K, capacity 14139K, committed 14268K, reserved 1048576K
Event: 1446.413 GC heap after
Heap after GC invocations=93 (full 7):
 PSYoungGen      total 965120K, used 352K [0x000000066ab00000, 0x00000006a6f00000, 0x00000007c0000000)
  eden space 951296K, 0% used [0x000000066ab00000,0x000000066ab00000,0x00000006a4c00000)
  from space 13824K, 2% used [0x00000006a6180000,0x00000006a61d8000,0x00000006a6f00000)
  to   space 17920K, 0% used [0x00000006a4c00000,0x00000006a4c00000,0x00000006a5d80000)
 ParOldGen       total 248320K, used 139537K [0x00000003c0000000, 0x00000003cf280000, 0x000000066ab00000)
  object space 248320K, 56% used [0x00000003c0000000,0x00000003c88444c0,0x00000003cf280000)
 Metaspace       used 106606K, capacity 108193K, committed 108436K, reserved 1142784K
  class space    used 13807K, capacity 14139K, committed 14268K, reserved 1048576K
}
Event: 1447.222 GC heap before
{Heap before GC invocations=94 (full 7):
 PSYoungGen      total 965120K, used 951648K [0x000000066ab00000, 0x00000006a6f00000, 0x00000007c0000000)
  eden space 951296K, 100% used [0x000000066ab00000,0x00000006a4c00000,0x00000006a4c00000)
  from space 13824K, 2% used [0x00000006a6180000,0x00000006a61d8000,0x00000006a6f00000)
  to   space 17920K, 0% used [0x00000006a4c00000,0x00000006a4c00000,0x00000006a5d80000)
 ParOldGen       total 248320K, used 139537K [0x00000003c0000000, 0x00000003cf280000, 0x000000066ab00000)
  object space 248320K, 56% used [0x00000003c0000000,0x00000003c88444c0,0x00000003cf280000)
 Metaspace       used 106606K, capacity 108193K, committed 108436K, reserved 1142784K
  class space    used 13807K, capacity 14139K, committed 14268K, reserved 1048576K
Event: 1447.226 GC heap after
Heap after GC invocations=94 (full 7):
 PSYoungGen      total 969216K, used 480K [0x000000066ab00000, 0x00000006acd80000, 0x00000007c0000000)
  eden space 951296K, 0% used [0x000000066ab00000,0x000000066ab00000,0x00000006a4c00000)
  from space 17920K, 2% used [0x00000006a4c00000,0x00000006a4c78000,0x00000006a5d80000)
  to   space 16896K, 0% used [0x00000006abd00000,0x00000006abd00000,0x00000006acd80000)
 ParOldGen       total 248320K, used 139745K [0x00000003c0000000, 0x00000003cf280000, 0x000000066ab00000)
  object space 248320K, 56% used [0x00000003c0000000,0x00000003c88784c0,0x00000003cf280000)
 Metaspace       used 106606K, capacity 108193K, committed 108436K, reserved 1142784K
  class space    used 13807K, capacity 14139K, committed 14268K, reserved 1048576K
}
Event: 1447.985 GC heap before
{Heap before GC invocations=95 (full 7):
 PSYoungGen      total 969216K, used 951776K [0x000000066ab00000, 0x00000006acd80000, 0x00000007c0000000)
  eden space 951296K, 100% used [0x000000066ab00000,0x00000006a4c00000,0x00000006a4c00000)
  from space 17920K, 2% used [0x00000006a4c00000,0x00000006a4c78000,0x00000006a5d80000)
  to   space 16896K, 0% used [0x00000006abd00000,0x00000006abd00000,0x00000006acd80000)
 ParOldGen       total 248320K, used 139745K [0x00000003c0000000, 0x00000003cf280000, 0x000000066ab00000)
  object space 248320K, 56% used [0x00000003c0000000,0x00000003c88784c0,0x00000003cf280000)
 Metaspace       used 106606K, capacity 108193K, committed 108436K, reserved 1142784K
  class space    used 13807K, capacity 14139K, committed 14268K, reserved 1048576K
Event: 1447.988 GC heap after
Heap after GC invocations=95 (full 7):
 PSYoungGen      total 1059840K, used 352K [0x000000066ab00000, 0x00000006ac900000, 0x00000007c0000000)
  eden space 1047552K, 0% used [0x000000066ab00000,0x000000066ab00000,0x00000006aaa00000)
  from space 12288K, 2% used [0x00000006abd00000,0x00000006abd58000,0x00000006ac900000)
  to   space 15872K, 0% used [0x00000006aaa00000,0x00000006aaa00000,0x00000006ab980000)
 ParOldGen       total 248320K, used 139961K [0x00000003c0000000, 0x00000003cf280000, 0x000000066ab00000)
  object space 248320K, 56% used [0x00000003c0000000,0x00000003c88ae4c0,0x00000003cf280000)
 Metaspace       used 106606K, capacity 108193K, committed 108436K, reserved 1142784K
  class space    used 13807K, capacity 14139K, committed 14268K, reserved 1048576K
}
Event: 1448.888 GC heap before
{Heap before GC invocations=96 (full 7):
 PSYoungGen      total 1059840K, used 1047904K [0x000000066ab00000, 0x00000006ac900000, 0x00000007c0000000)
  eden space 1047552K, 100% used [0x000000066ab00000,0x00000006aaa00000,0x00000006aaa00000)
  from space 12288K, 2% used [0x00000006abd00000,0x00000006abd58000,0x00000006ac900000)
  to   space 15872K, 0% used [0x00000006aaa00000,0x00000006aaa00000,0x00000006ab980000)
 ParOldGen       total 248320K, used 139961K [0x00000003c0000000, 0x00000003cf280000, 0x000000066ab00000)
  object space 248320K, 56% used [0x00000003c0000000,0x00000003c88ae4c0,0x00000003cf280000)
 Metaspace       used 106606K, capacity 108193K, committed 108436K, reserved 1142784K
  class space    used 13807K, capacity 14139K, committed 14268K, reserved 1048576K
Event: 1448.893 GC heap after
Heap after GC invocations=96 (full 7):
 PSYoungGen      total 1063424K, used 640K [0x000000066ab00000, 0x00000006b2c00000, 0x00000007c0000000)
  eden space 1047552K, 0% used [0x000000066ab00000,0x000000066ab00000,0x00000006aaa00000)
  from space 15872K, 4% used [0x00000006aaa00000,0x00000006aaaa0000,0x00000006ab980000)
  to   space 14336K, 0% used [0x00000006b1e00000,0x00000006b1e00000,0x00000006b2c00000)
 ParOldGen       total 248320K, used 140201K [0x00000003c0000000, 0x00000003cf280000, 0x000000066ab00000)
  object space 248320K, 56% used [0x00000003c0000000,0x00000003c88ea4c0,0x00000003cf280000)
 Metaspace       used 106606K, capacity 108193K, committed 108436K, reserved 1142784K
  class space    used 13807K, capacity 14139K, committed 14268K, reserved 1048576K
}
Event: 1449.736 GC heap before
{Heap before GC invocations=97 (full 7):
 PSYoungGen      total 1063424K, used 1048192K [0x000000066ab00000, 0x00000006b2c00000, 0x00000007c0000000)
  eden space 1047552K, 100% used [0x000000066ab00000,0x00000006aaa00000,0x00000006aaa00000)
  from space 15872K, 4% used [0x00000006aaa00000,0x00000006aaaa0000,0x00000006ab980000)
  to   space 14336K, 0% used [0x00000006b1e00000,0x00000006b1e00000,0x00000006b2c00000)
 ParOldGen       total 248320K, used 140201K [0x00000003c0000000, 0x00000003cf280000, 0x000000066ab00000)
  object space 248320K, 56% used [0x00000003c0000000,0x00000003c88ea4c0,0x00000003cf280000)
 Metaspace       used 106606K, capacity 108193K, committed 108436K, reserved 1142784K
  class space    used 13807K, capacity 14139K, committed 14268K, reserved 1048576K
Event: 1449.740 GC heap after
Heap after GC invocations=97 (full 7):
 PSYoungGen      total 1160192K, used 384K [0x000000066ab00000, 0x00000006b2800000, 0x00000007c0000000)
  eden space 1149952K, 0% used [0x000000066ab00000,0x000000066ab00000,0x00000006b0e00000)
  from space 10240K, 3% used [0x00000006b1e00000,0x00000006b1e60000,0x00000006b2800000)
  to   space 13312K, 0% used [0x00000006b0e00000,0x00000006b0e00000,0x00000006b1b00000)
 ParOldGen       total 248320K, used 140585K [0x00000003c0000000, 0x00000003cf280000, 0x000000066ab00000)
  object space 248320K, 56% used [0x00000003c0000000,0x00000003c894a4c0,0x00000003cf280000)
 Metaspace       used 106606K, capacity 108193K, committed 108436K, reserved 1142784K
  class space    used 13807K, capacity 14139K, committed 14268K, reserved 1048576K
}
Event: 1450.725 GC heap before
{Heap before GC invocations=98 (full 7):
 PSYoungGen      total 1160192K, used 1150336K [0x000000066ab00000, 0x00000006b2800000, 0x00000007c0000000)
  eden space 1149952K, 100% used [0x000000066ab00000,0x00000006b0e00000,0x00000006b0e00000)
  from space 10240K, 3% used [0x00000006b1e00000,0x00000006b1e60000,0x00000006b2800000)
  to   space 13312K, 0% used [0x00000006b0e00000,0x00000006b0e00000,0x00000006b1b00000)
 ParOldGen       total 248320K, used 140585K [0x00000003c0000000, 0x00000003cf280000, 0x000000066ab00000)
  object space 248320K, 56% used [0x00000003c0000000,0x00000003c894a4c0,0x00000003cf280000)
 Metaspace       used 106607K, capacity 108193K, committed 108436K, reserved 1142784K
  class space    used 13807K, capacity 14139K, committed 14268K, reserved 1048576K
Event: 1450.729 GC heap after
Heap after GC invocations=98 (full 7):
 PSYoungGen      total 1163264K, used 448K [0x000000066ab00000, 0x00000006b9180000, 0x00000007c0000000)
  eden space 1149952K, 0% used [0x000000066ab00000,0x000000066ab00000,0x00000006b0e00000)
  from space 13312K, 3% used [0x00000006b0e00000,0x00000006b0e70000,0x00000006b1b00000)
  to   space 12800K, 0% used [0x00000006b8500000,0x00000006b8500000,0x00000006b9180000)
 ParOldGen       total 248320K, used 140769K [0x00000003c0000000, 0x00000003cf280000, 0x000000066ab00000)
  object space 248320K, 56% used [0x00000003c0000000,0x00000003c89784c0,0x00000003cf280000)
 Metaspace       used 106607K, capacity 108193K, committed 108436K, reserved 1142784K
  class space    used 13807K, capacity 14139K, committed 14268K, reserved 1048576K
}
Event: 1451.665 GC heap before
{Heap before GC invocations=99 (full 7):
 PSYoungGen      total 1163264K, used 1150400K [0x000000066ab00000, 0x00000006b9180000, 0x00000007c0000000)
  eden space 1149952K, 100% used [0x000000066ab00000,0x00000006b0e00000,0x00000006b0e00000)
  from space 13312K, 3% used [0x00000006b0e00000,0x00000006b0e70000,0x00000006b1b00000)
  to   space 12800K, 0% used [0x00000006b8500000,0x00000006b8500000,0x00000006b9180000)
 ParOldGen       total 248320K, used 140769K [0x00000003c0000000, 0x00000003cf280000, 0x000000066ab00000)
  object space 248320K, 56% used [0x00000003c0000000,0x00000003c89784c0,0x00000003cf280000)
 Metaspace       used 106607K, capacity 108193K, committed 108436K, reserved 1142784K
  class space    used 13807K, capacity 14139K, committed 14268K, reserved 1048576K
Event: 1451.673 GC heap after
Heap after GC invocations=99 (full 7):
 PSYoungGen      total 1272320K, used 2994K [0x000000066ab00000, 0x00000006b9900000, 0x00000007c0000000)
  eden space 1259520K, 0% used [0x000000066ab00000,0x000000066ab00000,0x00000006b7900000)
  from space 12800K, 23% used [0x00000006b8500000,0x00000006b87ecaa8,0x00000006b9180000)
  to   space 12288K, 0% used [0x00000006b7900000,0x00000006b7900000,0x00000006b8500000)
 ParOldGen       total 248320K, used 140769K [0x00000003c0000000, 0x00000003cf280000, 0x000000066ab00000)
  object space 248320K, 56% used [0x00000003c0000000,0x00000003c89784c0,0x00000003cf280000)
 Metaspace       used 106607K, capacity 108193K, committed 108436K, reserved 1142784K
  class space    used 13807K, capacity 14139K, committed 14268K, reserved 1048576K
}
Event: 1452.731 GC heap before
{Heap before GC invocations=100 (full 7):
 PSYoungGen      total 1272320K, used 1262514K [0x000000066ab00000, 0x00000006b9900000, 0x00000007c0000000)
  eden space 1259520K, 100% used [0x000000066ab00000,0x00000006b7900000,0x00000006b7900000)
  from space 12800K, 23% used [0x00000006b8500000,0x00000006b87ecaa8,0x00000006b9180000)
  to   space 12288K, 0% used [0x00000006b7900000,0x00000006b7900000,0x00000006b8500000)
 ParOldGen       total 248320K, used 140769K [0x00000003c0000000, 0x00000003cf280000, 0x000000066ab00000)
  object space 248320K, 56% used [0x00000003c0000000,0x00000003c89784c0,0x00000003cf280000)
 Metaspace       used 106607K, capacity 108193K, committed 108436K, reserved 1142784K
  class space    used 13807K, capacity 14139K, committed 14268K, reserved 1048576K
Event: 1452.736 GC heap after
Heap after GC invocations=100 (full 7):
 PSYoungGen      total 1271808K, used 736K [0x000000066ab00000, 0x00000006c0900000, 0x00000007c0000000)
  eden space 1259520K, 0% used [0x000000066ab00000,0x000000066ab00000,0x00000006b7900000)
  from space 12288K, 5% used [0x00000006b7900000,0x00000006b79b8000,0x00000006b8500000)
  to   space 11264K, 0% used [0x00000006bfe00000,0x00000006bfe00000,0x00000006c0900000)
 ParOldGen       total 248320K, used 141065K [0x00000003c0000000, 0x00000003cf280000, 0x000000066ab00000)
  object space 248320K, 56% used [0x00000003c0000000,0x00000003c89c24c0,0x00000003cf280000)
 Metaspace       used 106607K, capacity 108193K, committed 108436K, reserved 1142784K
  class space    used 13807K, capacity 14139K, committed 14268K, reserved 1048576K
}
Event: 1453.757 GC heap before
{Heap before GC invocations=101 (full 7):
 PSYoungGen      total 1271808K, used 1260256K [0x000000066ab00000, 0x00000006c0900000, 0x00000007c0000000)
  eden space 1259520K, 100% used [0x000000066ab00000,0x00000006b7900000,0x00000006b7900000)
  from space 12288K, 5% used [0x00000006b7900000,0x00000006b79b8000,0x00000006b8500000)
  to   space 11264K, 0% used [0x00000006bfe00000,0x00000006bfe00000,0x00000006c0900000)
 ParOldGen       total 248320K, used 141065K [0x00000003c0000000, 0x00000003cf280000, 0x000000066ab00000)
  object space 248320K, 56% used [0x00000003c0000000,0x00000003c89c24c0,0x00000003cf280000)
 Metaspace       used 106607K, capacity 108193K, committed 108436K, reserved 1142784K
  class space    used 13807K, capacity 14139K, committed 14268K, reserved 1048576K
Event: 1453.765 GC heap after
Heap after GC invocations=101 (full 7):
 PSYoungGen      total 1396224K, used 3263K [0x000000066ab00000, 0x00000006c0e80000, 0x00000007c0000000)
  eden space 1384960K, 0% used [0x000000066ab00000,0x000000066ab00000,0x00000006bf380000)
  from space 11264K, 28% used [0x00000006bfe00000,0x00000006c012fda0,0x00000006c0900000)
  to   space 10752K, 0% used [0x00000006bf380000,0x00000006bf380000,0x00000006bfe00000)
 ParOldGen       total 248320K, used 141321K [0x00000003c0000000, 0x00000003cf280000, 0x000000066ab00000)
  object space 248320K, 56% used [0x00000003c0000000,0x00000003c8a024c0,0x00000003cf280000)
 Metaspace       used 106607K, capacity 108193K, committed 108436K, reserved 1142784K
  class space    used 13807K, capacity 14139K, committed 14268K, reserved 1048576K
}
Event: 1454.946 GC heap before
{Heap before GC invocations=102 (full 7):
 PSYoungGen      total 1396224K, used 1388223K [0x000000066ab00000, 0x00000006c0e80000, 0x00000007c0000000)
  eden space 1384960K, 100% used [0x000000066ab00000,0x00000006bf380000,0x00000006bf380000)
  from space 11264K, 28% used [0x00000006bfe00000,0x00000006c012fda0,0x00000006c0900000)
  to   space 10752K, 0% used [0x00000006bf380000,0x00000006bf380000,0x00000006bfe00000)
 ParOldGen       total 248320K, used 141321K [0x00000003c0000000, 0x00000003cf280000, 0x000000066ab00000)
  object space 248320K, 56% used [0x00000003c0000000,0x00000003c8a024c0,0x00000003cf280000)
 Metaspace       used 106607K, capacity 108193K, committed 108436K, reserved 1142784K
  class space    used 13807K, capacity 14139K, committed 14268K, reserved 1048576K
Event: 1454.952 GC heap after
Heap after GC invocations=102 (full 7):
 PSYoungGen      total 1395712K, used 1888K [0x000000066ab00000, 0x00000006c9200000, 0x00000007c0000000)
  eden space 1384960K, 0% used [0x000000066ab00000,0x000000066ab00000,0x00000006bf380000)
  from space 10752K, 17% used [0x00000006bf380000,0x00000006bf558010,0x00000006bfe00000)
  to   space 10240K, 0% used [0x00000006c8800000,0x00000006c8800000,0x00000006c9200000)
 ParOldGen       total 248320K, used 141601K [0x00000003c0000000, 0x00000003cf280000, 0x000000066ab00000)
  object space 248320K, 57% used [0x00000003c0000000,0x00000003c8a484c0,0x00000003cf280000)
 Metaspace       used 106607K, capacity 108193K, committed 108436K, reserved 1142784K
  class space    used 13807K, capacity 14139K, committed 14268K, reserved 1048576K
}
Event: 1456.087 GC heap before
{Heap before GC invocations=103 (full 7):
 PSYoungGen      total 1395712K, used 1386848K [0x000000066ab00000, 0x00000006c9200000, 0x00000007c0000000)
  eden space 1384960K, 100% used [0x000000066ab00000,0x00000006bf380000,0x00000006bf380000)
  from space 10752K, 17% used [0x00000006bf380000,0x00000006bf558010,0x00000006bfe00000)
  to   space 10240K, 0% used [0x00000006c8800000,0x00000006c8800000,0x00000006c9200000)
 ParOldGen       total 248320K, used 141601K [0x00000003c0000000, 0x00000003cf280000, 0x000000066ab00000)
  object space 248320K, 57% used [0x00000003c0000000,0x00000003c8a484c0,0x00000003cf280000)
 Metaspace       used 106607K, capacity 108193K, committed 108436K, reserved 1142784K
  class space    used 13807K, capacity 14139K, committed 14268K, reserved 1048576K
Event: 1456.096 GC heap after
Heap after GC invocations=103 (full 7):
 PSYoungGen      total 1536512K, used 5255K [0x000000066ab00000, 0x00000006c9b80000, 0x00000007c0000000)
  eden space 1526272K, 0% used [0x000000066ab00000,0x000000066ab00000,0x00000006c7d80000)
  from space 10240K, 51% used [0x00000006c8800000,0x00000006c8d21da0,0x00000006c9200000)
  to   space 10752K, 0% used [0x00000006c7d80000,0x00000006c7d80000,0x00000006c8800000)
 ParOldGen       total 248320K, used 141833K [0x00000003c0000000, 0x00000003cf280000, 0x000000066ab00000)
  object space 248320K, 57% used [0x00000003c0000000,0x00000003c8a824c0,0x00000003cf280000)
 Metaspace       used 106607K, capacity 108193K, committed 108436K, reserved 1142784K
  class space    used 13807K, capacity 14139K, committed 14268K, reserved 1048576K
}
Event: 1457.381 GC heap before
{Heap before GC invocations=104 (full 7):
 PSYoungGen      total 1536512K, used 1531527K [0x000000066ab00000, 0x00000006c9b80000, 0x00000007c0000000)
  eden space 1526272K, 100% used [0x000000066ab00000,0x00000006c7d80000,0x00000006c7d80000)
  from space 10240K, 51% used [0x00000006c8800000,0x00000006c8d21da0,0x00000006c9200000)
  to   space 10752K, 0% used [0x00000006c7d80000,0x00000006c7d80000,0x00000006c8800000)
 ParOldGen       total 248320K, used 141833K [0x00000003c0000000, 0x00000003cf280000, 0x000000066ab00000)
  object space 248320K, 57% used [0x00000003c0000000,0x00000003c8a824c0,0x00000003cf280000)
 Metaspace       used 106607K, capacity 108193K, committed 108436K, reserved 1142784K
  class space    used 13807K, capacity 14139K, committed 14268K, reserved 1048576K
Event: 1457.387 GC heap after
Heap after GC invocations=104 (full 7):
 PSYoungGen      total 1537024K, used 608K [0x000000066ab00000, 0x00000006d2b00000, 0x00000007c0000000)
  eden space 1526272K, 0% used [0x000000066ab00000,0x000000066ab00000,0x00000006c7d80000)
  from space 10752K, 5% used [0x00000006c7d80000,0x00000006c7e18000,0x00000006c8800000)
  to   space 9728K, 0% used [0x00000006d2180000,0x00000006d2180000,0x00000006d2b00000)
 ParOldGen       total 248320K, used 143633K [0x00000003c0000000, 0x00000003cf280000, 0x000000066ab00000)
  object space 248320K, 57% used [0x00000003c0000000,0x00000003c8c444d0,0x00000003cf280000)
 Metaspace       used 106607K, capacity 108193K, committed 108436K, reserved 1142784K
  class space    used 13807K, capacity 14139K, committed 14268K, reserved 1048576K
}
Event: 1458.602 GC heap before
{Heap before GC invocations=105 (full 7):
 PSYoungGen      total 1537024K, used 1526880K [0x000000066ab00000, 0x00000006d2b00000, 0x00000007c0000000)
  eden space 1526272K, 100% used [0x000000066ab00000,0x00000006c7d80000,0x00000006c7d80000)
  from space 10752K, 5% used [0x00000006c7d80000,0x00000006c7e18000,0x00000006c8800000)
  to   space 9728K, 0% used [0x00000006d2180000,0x00000006d2180000,0x00000006d2b00000)
 ParOldGen       total 248320K, used 143633K [0x00000003c0000000, 0x00000003cf280000, 0x000000066ab00000)
  object space 248320K, 57% used [0x00000003c0000000,0x00000003c8c444d0,0x00000003cf280000)
 Metaspace       used 106607K, capacity 108193K, committed 108436K, reserved 1142784K
  class space    used 13807K, capacity 14139K, committed 14268K, reserved 1048576K
Event: 1458.607 GC heap after
Heap after GC invocations=105 (full 7):
 PSYoungGen      total 1679872K, used 672K [0x000000066ab00000, 0x00000006d2380000, 0x00000007c0000000)
  eden space 1677824K, 0% used [0x000000066ab00000,0x000000066ab00000,0x00000006d1180000)
  from space 2048K, 32% used [0x00000006d2180000,0x00000006d2228000,0x00000006d2380000)
  to   space 9216K, 0% used [0x00000006d1180000,0x00000006d1180000,0x00000006d1a80000)
 ParOldGen       total 248320K, used 143905K [0x00000003c0000000, 0x00000003cf280000, 0x000000066ab00000)
  object space 248320K, 57% used [0x00000003c0000000,0x00000003c8c884d0,0x00000003cf280000)
 Metaspace       used 106607K, capacity 108193K, committed 108436K, reserved 1142784K
  class space    used 13807K, capacity 14139K, committed 14268K, reserved 1048576K
}
Event: 1460.016 GC heap before
{Heap before GC invocations=106 (full 7):
 PSYoungGen      total 1679872K, used 1678496K [0x000000066ab00000, 0x00000006d2380000, 0x00000007c0000000)
  eden space 1677824K, 100% used [0x000000066ab00000,0x00000006d1180000,0x00000006d1180000)
  from space 2048K, 32% used [0x00000006d2180000,0x00000006d2228000,0x00000006d2380000)
  to   space 9216K, 0% used [0x00000006d1180000,0x00000006d1180000,0x00000006d1a80000)
 ParOldGen       total 248320K, used 143905K [0x00000003c0000000, 0x00000003cf280000, 0x000000066ab00000)
  object space 248320K, 57% used [0x00000003c0000000,0x00000003c8c884d0,0x00000003cf280000)
 Metaspace       used 106607K, capacity 108193K, committed 108436K, reserved 1142784K
  class space    used 13807K, capacity 14139K, committed 14268K, reserved 1048576K
Event: 1460.021 GC heap after
Heap after GC invocations=106 (full 7):
 PSYoungGen      total 1687040K, used 480K [0x000000066ab00000, 0x00000006dbd00000, 0x00000007c0000000)
  eden space 1677824K, 0% used [0x000000066ab00000,0x000000066ab00000,0x00000006d1180000)
  from space 9216K, 5% used [0x00000006d1180000,0x00000006d11f8000,0x00000006d1a80000)
  to   space 8704K, 0% used [0x00000006db480000,0x00000006db480000,0x00000006dbd00000)
 ParOldGen       total 248320K, used 144313K [0x00000003c0000000, 0x00000003cf280000, 0x000000066ab00000)
  object space 248320K, 58% used [0x00000003c0000000,0x00000003c8cee4d0,0x00000003cf280000)
 Metaspace       used 106607K, capacity 108193K, committed 108436K, reserved 1142784K
  class space    used 13807K, capacity 14139K, committed 14268K, reserved 1048576K
}
Event: 1461.392 GC heap before
{Heap before GC invocations=107 (full 7):
 PSYoungGen      total 1687040K, used 1678304K [0x000000066ab00000, 0x00000006dbd00000, 0x00000007c0000000)
  eden space 1677824K, 100% used [0x000000066ab00000,0x00000006d1180000,0x00000006d1180000)
  from space 9216K, 5% used [0x00000006d1180000,0x00000006d11f8000,0x00000006d1a80000)
  to   space 8704K, 0% used [0x00000006db480000,0x00000006db480000,0x00000006dbd00000)
 ParOldGen       total 248320K, used 144313K [0x00000003c0000000, 0x00000003cf280000, 0x000000066ab00000)
  object space 248320K, 58% used [0x00000003c0000000,0x00000003c8cee4d0,0x00000003cf280000)
 Metaspace       used 106607K, capacity 108193K, committed 108436K, reserved 1142784K
  class space    used 13807K, capacity 14139K, committed 14268K, reserved 1048576K
Event: 1461.400 GC heap after
Heap after GC invocations=107 (full 7):
 PSYoungGen      total 1845248K, used 1856K [0x000000066ab00000, 0x00000006dc080000, 0x00000007c0000000)
  eden space 1836544K, 0% used [0x000000066ab00000,0x000000066ab00000,0x00000006dac80000)
  from space 8704K, 21% used [0x00000006db480000,0x00000006db650000,0x00000006dbd00000)
  to   space 8192K, 0% used [0x00000006dac80000,0x00000006dac80000,0x00000006db480000)
 ParOldGen       total 248320K, used 144313K [0x00000003c0000000, 0x00000003cf280000, 0x000000066ab00000)
  object space 248320K, 58% used [0x00000003c0000000,0x00000003c8cee4d0,0x00000003cf280000)
 Metaspace       used 106607K, capacity 108193K, committed 108436K, reserved 1142784K
  class space    used 13807K, capacity 14139K, committed 14268K, reserved 1048576K
}
Event: 1462.981 GC heap before
{Heap before GC invocations=108 (full 7):
 PSYoungGen      total 1845248K, used 1838400K [0x000000066ab00000, 0x00000006dc080000, 0x00000007c0000000)
  eden space 1836544K, 100% used [0x000000066ab00000,0x00000006dac80000,0x00000006dac80000)
  from space 8704K, 21% used [0x00000006db480000,0x00000006db650000,0x00000006dbd00000)
  to   space 8192K, 0% used [0x00000006dac80000,0x00000006dac80000,0x00000006db480000)
 ParOldGen       total 248320K, used 144313K [0x00000003c0000000, 0x00000003cf280000, 0x000000066ab00000)
  object space 248320K, 58% used [0x00000003c0000000,0x00000003c8cee4d0,0x00000003cf280000)
 Metaspace       used 106607K, capacity 108193K, committed 108436K, reserved 1142784K
  class space    used 13807K, capacity 14139K, committed 14268K, reserved 1048576K
Event: 1462.987 GC heap after
Heap after GC invocations=108 (full 7):
 PSYoungGen      total 1844736K, used 1216K [0x000000066ab00000, 0x00000006e6480000, 0x00000007c0000000)
  eden space 1836544K, 0% used [0x000000066ab00000,0x000000066ab00000,0x00000006dac80000)
  from space 8192K, 14% used [0x00000006dac80000,0x00000006dadb0000,0x00000006db480000)
  to   space 7680K, 0% used [0x00000006e5d00000,0x00000006e5d00000,0x00000006e6480000)
 ParOldGen       total 248320K, used 144561K [0x00000003c0000000, 0x00000003cf280000, 0x000000066ab00000)
  object space 248320K, 58% used [0x00000003c0000000,0x00000003c8d2c4d0,0x00000003cf280000)
 Metaspace       used 106607K, capacity 108193K, committed 108436K, reserved 1142784K
  class space    used 13807K, capacity 14139K, committed 14268K, reserved 1048576K
}
Event: 1464.463 GC heap before
{Heap before GC invocations=109 (full 7):
 PSYoungGen      total 1844736K, used 1837760K [0x000000066ab00000, 0x00000006e6480000, 0x00000007c0000000)
  eden space 1836544K, 100% used [0x000000066ab00000,0x00000006dac80000,0x00000006dac80000)
  from space 8192K, 14% used [0x00000006dac80000,0x00000006dadb0000,0x00000006db480000)
  to   space 7680K, 0% used [0x00000006e5d00000,0x00000006e5d00000,0x00000006e6480000)
 ParOldGen       total 248320K, used 144561K [0x00000003c0000000, 0x00000003cf280000, 0x000000066ab00000)
  object space 248320K, 58% used [0x00000003c0000000,0x00000003c8d2c4d0,0x00000003cf280000)
 Metaspace       used 106607K, capacity 108193K, committed 108436K, reserved 1142784K
  class space    used 13807K, capacity 14139K, committed 14268K, reserved 1048576K
Event: 1464.469 GC heap after
Heap after GC invocations=109 (full 7):
 PSYoungGen      total 1750528K, used 1742K [0x000000066ab00000, 0x00000006e5f00000, 0x00000007c0000000)
  eden space 1748480K, 0% used [0x000000066ab00000,0x000000066ab00000,0x00000006d5680000)
  from space 2048K, 85% used [0x00000006e5d00000,0x00000006e5eb3a40,0x00000006e5f00000)
  to   space 7168K, 0% used [0x00000006e5100000,0x00000006e5100000,0x00000006e5800000)
 ParOldGen       total 248320K, used 144561K [0x00000003c0000000, 0x00000003cf280000, 0x000000066ab00000)
  object space 248320K, 58% used [0x00000003c0000000,0x00000003c8d2c4d0,0x00000003cf280000)
 Metaspace       used 106607K, capacity 108193K, committed 108436K, reserved 1142784K
  class space    used 13807K, capacity 14139K, committed 14268K, reserved 1048576K
}
Event: 1465.887 GC heap before
{Heap before GC invocations=110 (full 7):
 PSYoungGen      total 1750528K, used 1750222K [0x000000066ab00000, 0x00000006e5f00000, 0x00000007c0000000)
  eden space 1748480K, 100% used [0x000000066ab00000,0x00000006d5680000,0x00000006d5680000)
  from space 2048K, 85% used [0x00000006e5d00000,0x00000006e5eb3a40,0x00000006e5f00000)
  to   space 7168K, 0% used [0x00000006e5100000,0x00000006e5100000,0x00000006e5800000)
 ParOldGen       total 248320K, used 144561K [0x00000003c0000000, 0x00000003cf280000, 0x000000066ab00000)
  object space 248320K, 58% used [0x00000003c0000000,0x00000003c8d2c4d0,0x00000003cf280000)
 Metaspace       used 106607K, capacity 108193K, committed 108436K, reserved 1142784K
  class space    used 13807K, capacity 14139K, committed 14268K, reserved 1048576K
Event: 1465.894 GC heap after
Heap after GC invocations=110 (full 7):
 PSYoungGen      total 1914880K, used 2286K [0x000000066ab00000, 0x00000006e5d80000, 0x00000007c0000000)
  eden space 1912320K, 0% used [0x000000066ab00000,0x000000066ab00000,0x00000006df680000)
  from space 2560K, 89% used [0x00000006e5100000,0x00000006e533ba40,0x00000006e5380000)
  to   space 6656K, 0% used [0x00000006e5700000,0x00000006e5700000,0x00000006e5d80000)
 ParOldGen       total 248320K, used 144561K [0x00000003c0000000, 0x00000003cf280000, 0x000000066ab00000)
  object space 248320K, 58% used [0x00000003c0000000,0x00000003c8d2c4d0,0x00000003cf280000)
 Metaspace       used 106607K, capacity 108193K, committed 108436K, reserved 1142784K
  class space    used 13807K, capacity 14139K, committed 14268K, reserved 1048576K
}
Event: 1467.464 GC heap before
{Heap before GC invocations=111 (full 7):
 PSYoungGen      total 1914880K, used 1914606K [0x000000066ab00000, 0x00000006e5d80000, 0x00000007c0000000)
  eden space 1912320K, 100% used [0x000000066ab00000,0x00000006df680000,0x00000006df680000)
  from space 2560K, 89% used [0x00000006e5100000,0x00000006e533ba40,0x00000006e5380000)
  to   space 6656K, 0% used [0x00000006e5700000,0x00000006e5700000,0x00000006e5d80000)
 ParOldGen       total 248320K, used 144561K [0x00000003c0000000, 0x00000003cf280000, 0x000000066ab00000)
  object space 248320K, 58% used [0x00000003c0000000,0x00000003c8d2c4d0,0x00000003cf280000)
 Metaspace       used 106607K, capacity 108193K, committed 108436K, reserved 1142784K
  class space    used 13807K, capacity 14139K, committed 14268K, reserved 1048576K
Event: 1467.472 GC heap after
Heap after GC invocations=111 (full 7):
 PSYoungGen      total 2011136K, used 2638K [0x000000066ab00000, 0x00000006eb380000, 0x00000007c0000000)
  eden space 2004480K, 0% used [0x000000066ab00000,0x000000066ab00000,0x00000006e5080000)
  from space 6656K, 39% used [0x00000006e5700000,0x00000006e5993a40,0x00000006e5d80000)
  to   space 6656K, 0% used [0x00000006e5080000,0x00000006e5080000,0x00000006e5700000)
 ParOldGen       total 248320K, used 144561K [0x00000003c0000000, 0x00000003cf280000, 0x000000066ab00000)
  object space 248320K, 58% used [0x00000003c0000000,0x00000003c8d2c4d0,0x00000003cf280000)
 Metaspace       used 106607K, capacity 108193K, committed 108436K, reserved 1142784K
  class space    used 13807K, capacity 14139K, committed 14268K, reserved 1048576K
}
Event: 1469.124 GC heap before
{Heap before GC invocations=112 (full 7):
 PSYoungGen      total 2011136K, used 2007118K [0x000000066ab00000, 0x00000006eb380000, 0x00000007c0000000)
  eden space 2004480K, 100% used [0x000000066ab00000,0x00000006e5080000,0x00000006e5080000)
  from space 6656K, 39% used [0x00000006e5700000,0x00000006e5993a40,0x00000006e5d80000)
  to   space 6656K, 0% used [0x00000006e5080000,0x00000006e5080000,0x00000006e5700000)
 ParOldGen       total 248320K, used 144561K [0x00000003c0000000, 0x00000003cf280000, 0x000000066ab00000)
  object space 248320K, 58% used [0x00000003c0000000,0x00000003c8d2c4d0,0x00000003cf280000)
 Metaspace       used 106607K, capacity 108193K, committed 108436K, reserved 1142784K
  class space    used 13807K, capacity 14139K, committed 14268K, reserved 1048576K
Event: 1469.133 GC heap after
Heap after GC invocations=112 (full 7):
 PSYoungGen      total 2011136K, used 2798K [0x000000066ab00000, 0x00000006f1680000, 0x00000007c0000000)
  eden space 2004480K, 0% used [0x000000066ab00000,0x000000066ab00000,0x00000006e5080000)
  from space 6656K, 42% used [0x00000006e5080000,0x00000006e533ba40,0x00000006e5700000)
  to   space 6656K, 0% used [0x00000006f1000000,0x00000006f1000000,0x00000006f1680000)
 ParOldGen       total 248320K, used 144561K [0x00000003c0000000, 0x00000003cf280000, 0x000000066ab00000)
  object space 248320K, 58% used [0x00000003c0000000,0x00000003c8d2c4d0,0x00000003cf280000)
 Metaspace       used 106607K, capacity 108193K, committed 108436K, reserved 1142784K
  class space    used 13807K, capacity 14139K, committed 14268K, reserved 1048576K
}
Event: 1470.753 GC heap before
{Heap before GC invocations=113 (full 7):
 PSYoungGen      total 2011136K, used 2007278K [0x000000066ab00000, 0x00000006f1680000, 0x00000007c0000000)
  eden space 2004480K, 100% used [0x000000066ab00000,0x00000006e5080000,0x00000006e5080000)
  from space 6656K, 42% used [0x00000006e5080000,0x00000006e533ba40,0x00000006e5700000)
  to   space 6656K, 0% used [0x00000006f1000000,0x00000006f1000000,0x00000006f1680000)
 ParOldGen       total 248320K, used 144561K [0x00000003c0000000, 0x00000003cf280000, 0x000000066ab00000)
  object space 248320K, 58% used [0x00000003c0000000,0x00000003c8d2c4d0,0x00000003cf280000)
 Metaspace       used 106607K, capacity 108193K, committed 108436K, reserved 1142784K
  class space    used 13807K, capacity 14139K, committed 14268K, reserved 1048576K
Event: 1470.763 GC heap after
Heap after GC invocations=113 (full 7):
 PSYoungGen      total 2200064K, used 4610K [0x000000066ab00000, 0x00000006f1d00000, 0x00000007c0000000)
  eden space 2193408K, 0% used [0x000000066ab00000,0x000000066ab00000,0x00000006f0900000)
  from space 6656K, 69% used [0x00000006f1000000,0x00000006f1480b80,0x00000006f1680000)
  to   space 7168K, 0% used [0x00000006f0900000,0x00000006f0900000,0x00000006f1000000)
 ParOldGen       total 248320K, used 144561K [0x00000003c0000000, 0x00000003cf280000, 0x000000066ab00000)
  object space 248320K, 58% used [0x00000003c0000000,0x00000003c8d2c4d0,0x00000003cf280000)
 Metaspace       used 106607K, capacity 108193K, committed 108436K, reserved 1142784K
  class space    used 13807K, capacity 14139K, committed 14268K, reserved 1048576K
}
Event: 1472.609 GC heap before
{Heap before GC invocations=114 (full 7):
 PSYoungGen      total 2200064K, used 2198018K [0x000000066ab00000, 0x00000006f1d00000, 0x00000007c0000000)
  eden space 2193408K, 100% used [0x000000066ab00000,0x00000006f0900000,0x00000006f0900000)
  from space 6656K, 69% used [0x00000006f1000000,0x00000006f1480b80,0x00000006f1680000)
  to   space 7168K, 0% used [0x00000006f0900000,0x00000006f0900000,0x00000006f1000000)
 ParOldGen       total 248320K, used 144561K [0x00000003c0000000, 0x00000003cf280000, 0x000000066ab00000)
  object space 248320K, 58% used [0x00000003c0000000,0x00000003c8d2c4d0,0x00000003cf280000)
 Metaspace       used 106607K, capacity 108193K, committed 108436K, reserved 1142784K
  class space    used 13807K, capacity 14139K, committed 14268K, reserved 1048576K
Event: 1472.622 GC heap after
Heap after GC invocations=114 (full 7):
 PSYoungGen      total 2200576K, used 2798K [0x000000066ab00000, 0x00000006ff180000, 0x00000007c0000000)
  eden space 2193408K, 0% used [0x000000066ab00000,0x000000066ab00000,0x00000006f0900000)
  from space 7168K, 39% used [0x00000006f0900000,0x00000006f0bbba40,0x00000006f1000000)
  to   space 7168K, 0% used [0x00000006fea80000,0x00000006fea80000,0x00000006ff180000)
 ParOldGen       total 248320K, used 145113K [0x00000003c0000000, 0x00000003cf280000, 0x000000066ab00000)
  object space 248320K, 58% used [0x00000003c0000000,0x00000003c8db64d0,0x00000003cf280000)
 Metaspace       used 106607K, capacity 108193K, committed 108436K, reserved 1142784K
  class space    used 13807K, capacity 14139K, committed 14268K, reserved 1048576K
}
Event: 1474.382 GC heap before
{Heap before GC invocations=115 (full 7):
 PSYoungGen      total 2200576K, used 2196206K [0x000000066ab00000, 0x00000006ff180000, 0x00000007c0000000)
  eden space 2193408K, 100% used [0x000000066ab00000,0x00000006f0900000,0x00000006f0900000)
  from space 7168K, 39% used [0x00000006f0900000,0x00000006f0bbba40,0x00000006f1000000)
  to   space 7168K, 0% used [0x00000006fea80000,0x00000006fea80000,0x00000006ff180000)
 ParOldGen       total 248320K, used 145113K [0x00000003c0000000, 0x00000003cf280000, 0x000000066ab00000)
  object space 248320K, 58% used [0x00000003c0000000,0x00000003c8db64d0,0x00000003cf280000)
 Metaspace       used 106612K, capacity 108193K, committed 108436K, reserved 1142784K
  class space    used 13807K, capacity 14139K, committed 14268K, reserved 1048576K
Event: 1474.391 GC heap after
Heap after GC invocations=115 (full 7):
 PSYoungGen      total 2422272K, used 3150K [0x000000066ab00000, 0x00000006ff000000, 0x00000007c0000000)
  eden space 2416640K, 0% used [0x000000066ab00000,0x000000066ab00000,0x00000006fe300000)
  from space 5632K, 55% used [0x00000006fea80000,0x00000006fed93a40,0x00000006ff000000)
  to   space 6656K, 0% used [0x00000006fe300000,0x00000006fe300000,0x00000006fe980000)
 ParOldGen       total 248320K, used 145425K [0x00000003c0000000, 0x00000003cf280000, 0x000000066ab00000)
  object space 248320K, 58% used [0x00000003c0000000,0x00000003c8e044d0,0x00000003cf280000)
 Metaspace       used 106612K, capacity 108193K, committed 108436K, reserved 1142784K
  class space    used 13807K, capacity 14139K, committed 14268K, reserved 1048576K
}
Event: 1476.476 GC heap before
{Heap before GC invocations=116 (full 7):
 PSYoungGen      total 2422272K, used 2419790K [0x000000066ab00000, 0x00000006ff000000, 0x00000007c0000000)
  eden space 2416640K, 100% used [0x000000066ab00000,0x00000006fe300000,0x00000006fe300000)
  from space 5632K, 55% used [0x00000006fea80000,0x00000006fed93a40,0x00000006ff000000)
  to   space 6656K, 0% used [0x00000006fe300000,0x00000006fe300000,0x00000006fe980000)
 ParOldGen       total 248320K, used 145425K [0x00000003c0000000, 0x00000003cf280000, 0x000000066ab00000)
  object space 248320K, 58% used [0x00000003c0000000,0x00000003c8e044d0,0x00000003cf280000)
 Metaspace       used 106612K, capacity 108193K, committed 108436K, reserved 1142784K
  class space    used 13807K, capacity 14139K, committed 14268K, reserved 1048576K
Event: 1476.486 GC heap after
Heap after GC invocations=116 (full 7):
 PSYoungGen      total 2423296K, used 2592K [0x000000066ab00000, 0x000000070db00000, 0x00000007c0000000)
  eden space 2416640K, 0% used [0x000000066ab00000,0x000000066ab00000,0x00000006fe300000)
  from space 6656K, 38% used [0x00000006fe300000,0x00000006fe588000,0x00000006fe980000)
  to   space 6656K, 0% used [0x000000070d480000,0x000000070d480000,0x000000070db00000)
 ParOldGen       total 248320K, used 145887K [0x00000003c0000000, 0x00000003cf280000, 0x000000066ab00000)
  object space 248320K, 58% used [0x00000003c0000000,0x00000003c8e77f10,0x00000003cf280000)
 Metaspace       used 106612K, capacity 108193K, committed 108436K, reserved 1142784K
  class space    used 13807K, capacity 14139K, committed 14268K, reserved 1048576K
}
Event: 1478.441 GC heap before
{Heap before GC invocations=117 (full 7):
 PSYoungGen      total 2423296K, used 2419232K [0x000000066ab00000, 0x000000070db00000, 0x00000007c0000000)
  eden space 2416640K, 100% used [0x000000066ab00000,0x00000006fe300000,0x00000006fe300000)
  from space 6656K, 38% used [0x00000006fe300000,0x00000006fe588000,0x00000006fe980000)
  to   space 6656K, 0% used [0x000000070d480000,0x000000070d480000,0x000000070db00000)
 ParOldGen       total 248320K, used 145887K [0x00000003c0000000, 0x00000003cf280000, 0x000000066ab00000)
  object space 248320K, 58% used [0x00000003c0000000,0x00000003c8e77f10,0x00000003cf280000)
 Metaspace       used 106614K, capacity 108193K, committed 108436K, reserved 1142784K
  class space    used 13807K, capacity 14139K, committed 14268K, reserved 1048576K
Event: 1478.450 GC heap after
Heap after GC invocations=117 (full 7):
 PSYoungGen      total 2655744K, used 2560K [0x000000066ab00000, 0x000000070d700000, 0x00000007c0000000)
  eden space 2653184K, 0% used [0x000000066ab00000,0x000000066ab00000,0x000000070ca00000)
  from space 2560K, 100% used [0x000000070d480000,0x000000070d700000,0x000000070d700000)
  to   space 6144K, 0% used [0x000000070cb00000,0x000000070cb00000,0x000000070d100000)
 ParOldGen       total 248320K, used 146175K [0x00000003c0000000, 0x00000003cf280000, 0x000000066ab00000)
  object space 248320K, 58% used [0x00000003c0000000,0x00000003c8ebff10,0x00000003cf280000)
 Metaspace       used 106614K, capacity 108193K, committed 108436K, reserved 1142784K
  class space    used 13807K, capacity 14139K, committed 14268K, reserved 1048576K
}
Event: 1480.749 GC heap before
{Heap before GC invocations=118 (full 7):
 PSYoungGen      total 2655744K, used 2655744K [0x000000066ab00000, 0x000000070d700000, 0x00000007c0000000)
  eden space 2653184K, 100% used [0x000000066ab00000,0x000000070ca00000,0x000000070ca00000)
  from space 2560K, 100% used [0x000000070d480000,0x000000070d700000,0x000000070d700000)
  to   space 6144K, 0% used [0x000000070cb00000,0x000000070cb00000,0x000000070d100000)
 ParOldGen       total 248320K, used 146175K [0x00000003c0000000, 0x00000003cf280000, 0x000000066ab00000)
  object space 248320K, 58% used [0x00000003c0000000,0x00000003c8ebff10,0x00000003cf280000)
 Metaspace       used 106614K, capacity 108193K, committed 108436K, reserved 1142784K
  class space    used 13807K, capacity 14139K, committed 14268K, reserved 1048576K

